2021-06-09 17:39:17.414 | INFO     | slp.util.log:configure_logging:84 - Log file will be saved in logs/m3-rnn-hard-0.2-before.20210609-173917.log
2021-06-09 17:39:18.229 | INFO     | slp.plbind.dm:setup:159 - Using provided validation set
2021-06-09 17:39:18.229 | INFO     | slp.plbind.dm:setup:162 - Using provided test set
2021-06-09 17:39:18.229 | INFO     | slp.plbind.dm:setup:212 - Using 16327 samples for training
2021-06-09 17:39:18.229 | INFO     | slp.plbind.dm:setup:213 - Using 1871 samples for validation
2021-06-09 17:39:18.230 | INFO     | slp.plbind.dm:setup:216 - Using 4662 samples for testing
2021-06-09 17:39:18.249 | INFO     | slp.plbind.trainer:make_trainer:428 - Logs will be saved in rnn-m3-0.2/m3-rnn-hard-0.2-before
2021-06-09 17:39:18.250 | INFO     | slp.plbind.trainer:make_trainer:429 - Logs will be saved in rnn-m3-0.2/m3-rnn-hard-0.2-before/20210609-173918/checkpoints
2021-06-09 17:39:18.284 | INFO     | slp.plbind.trainer:make_trainer:461 - Configured wandb and CSV loggers.
2021-06-09 17:39:18.285 | INFO     | slp.plbind.trainer:make_trainer:462 - Wandb configured to run m3-rnn-hard-0.2-before/20210609-173918 in project m3-rnn-hard-0.2-before
2021-06-09 17:39:18.285 | INFO     | slp.plbind.trainer:make_trainer:467 - Results will be stored online.
2021-06-09 17:39:18.286 | INFO     | slp.plbind.trainer:make_trainer:475 - Experiment verbose description:
MOSEI RNN-baseline with M3

Tags:['mosei', 'rnn-baseline', 'm3', 'regularization']
2021-06-09 17:39:18.288 | INFO     | slp.plbind.trainer:make_trainer:496 - Configured Early stopping and Model checkpointing to track val_loss
2021-06-09 17:39:18.326 | INFO     | pytorch_lightning.utilities.distributed:_info:54 - GPU available: True, used: True
2021-06-09 17:39:18.327 | INFO     | pytorch_lightning.utilities.distributed:_info:54 - TPU available: None, using: 0 TPU cores
2021-06-09 17:39:19.188 | INFO     | slp.plbind.trainer:watch_model:613 - Tracking model weights & gradients in wandb.
2021-06-09 17:39:19.191 | INFO     | pytorch_lightning.accelerators.gpu:set_nvidia_flags:40 - LOCAL_RANK: 0 - CUDA_VISIBLE_DEVICES: [3]
2021-06-09 17:39:21.338 | INFO     | pytorch_lightning.core.lightning:summarize:1457 - 
  | Name          | Type                            | Params
------------------------------------------------------------------
0 | model         | AudioVisualTextMaskedClassifier | 1.6 M 
1 | criterion     | L1Loss                          | 0     
2 | train_metrics | ModuleDict                      | 0     
3 | val_metrics   | ModuleDict                      | 0     
4 | test_metrics  | ModuleDict                      | 0     
------------------------------------------------------------------
1.6 M     Trainable params
0         Non-trainable params
1.6 M     Total params
6.535     Total estimated model params size (MB)
2021-06-09 17:39:21.604 | INFO     | slp.plbind.module:log_to_console:478 - Epoch 1 Validation results
2021-06-09 17:39:21.605 | INFO     | slp.util.system:print_separator:81 - --------------------------------------------------
2021-06-09 17:39:21.607 | INFO     | slp.plbind.module:log_to_console:484 - val_acc2        0.5359848737716675
2021-06-09 17:39:21.608 | INFO     | slp.plbind.module:log_to_console:484 - val_acc2_zero   0.46875        
2021-06-09 17:39:21.610 | INFO     | slp.plbind.module:log_to_console:484 - val_acc5        0.21875        
2021-06-09 17:39:21.611 | INFO     | slp.plbind.module:log_to_console:484 - val_acc7        0.1875         
2021-06-09 17:39:21.612 | INFO     | slp.plbind.module:log_to_console:484 - val_f1          0.4889147877693176
2021-06-09 17:39:21.614 | INFO     | slp.plbind.module:log_to_console:484 - val_f1_zero     0.43539535999298096
2021-06-09 17:39:21.615 | INFO     | slp.plbind.module:log_to_console:484 - val_mae         1.8688523769378662
2021-06-09 17:39:21.616 | INFO     | slp.plbind.module:log_to_console:484 - val_loss        1.8688523769378662
2021-06-09 17:39:21.617 | INFO     | slp.plbind.module:log_to_console:484 - best_score      inf            
2021-06-09 17:39:21.618 | INFO     | slp.util.system:print_separator:81 - %%%%%%%%%%%%%%%%%%%%%%%%%%%%%%%%%%%%%%%%%%%%%%%%%%
