2021-06-09 17:35:07.194 | INFO     | slp.util.log:configure_logging:84 - Log file will be saved in logs/m3-rnn-hard-0.2-before.20210609-173507.log
2021-06-09 17:35:08.021 | INFO     | slp.plbind.dm:setup:159 - Using provided validation set
2021-06-09 17:35:08.022 | INFO     | slp.plbind.dm:setup:162 - Using provided test set
2021-06-09 17:35:08.022 | INFO     | slp.plbind.dm:setup:212 - Using 16327 samples for training
2021-06-09 17:35:08.022 | INFO     | slp.plbind.dm:setup:213 - Using 1871 samples for validation
2021-06-09 17:35:08.022 | INFO     | slp.plbind.dm:setup:216 - Using 4662 samples for testing
2021-06-09 17:35:08.042 | INFO     | slp.plbind.trainer:make_trainer:428 - Logs will be saved in rnn-m3-0.2/m3-rnn-hard-0.2-before
2021-06-09 17:35:08.042 | INFO     | slp.plbind.trainer:make_trainer:429 - Logs will be saved in rnn-m3-0.2/m3-rnn-hard-0.2-before/20210609-173508/checkpoints
2021-06-09 17:35:08.077 | INFO     | slp.plbind.trainer:make_trainer:461 - Configured wandb and CSV loggers.
2021-06-09 17:35:08.078 | INFO     | slp.plbind.trainer:make_trainer:462 - Wandb configured to run m3-rnn-hard-0.2-before/20210609-173508 in project m3-rnn-hard-0.2-before
2021-06-09 17:35:08.079 | INFO     | slp.plbind.trainer:make_trainer:467 - Results will be stored online.
2021-06-09 17:35:08.080 | INFO     | slp.plbind.trainer:make_trainer:475 - Experiment verbose description:
MOSEI RNN-baseline with M3

Tags:['mosei', 'rnn-baseline', 'm3', 'regularization']
2021-06-09 17:35:08.082 | INFO     | slp.plbind.trainer:make_trainer:496 - Configured Early stopping and Model checkpointing to track val_loss
2021-06-09 17:35:08.127 | INFO     | pytorch_lightning.utilities.distributed:_info:54 - GPU available: True, used: True
2021-06-09 17:35:08.128 | INFO     | pytorch_lightning.utilities.distributed:_info:54 - TPU available: None, using: 0 TPU cores
2021-06-09 17:35:08.926 | INFO     | slp.plbind.trainer:watch_model:613 - Tracking model weights & gradients in wandb.
2021-06-09 17:35:08.927 | INFO     | pytorch_lightning.accelerators.gpu:set_nvidia_flags:40 - LOCAL_RANK: 0 - CUDA_VISIBLE_DEVICES: [3]
2021-06-09 17:35:11.075 | INFO     | pytorch_lightning.core.lightning:summarize:1457 - 
  | Name          | Type                            | Params
------------------------------------------------------------------
0 | model         | AudioVisualTextMaskedClassifier | 1.6 M 
1 | criterion     | L1Loss                          | 0     
2 | train_metrics | ModuleDict                      | 0     
3 | val_metrics   | ModuleDict                      | 0     
4 | test_metrics  | ModuleDict                      | 0     
------------------------------------------------------------------
1.6 M     Trainable params
0         Non-trainable params
1.6 M     Total params
6.535     Total estimated model params size (MB)
2021-06-09 17:35:11.286 | INFO     | slp.plbind.module:log_to_console:478 - Epoch 1 Validation results
2021-06-09 17:35:11.287 | INFO     | slp.util.system:print_separator:81 - --------------------------------------------------
2021-06-09 17:35:11.288 | INFO     | slp.plbind.module:log_to_console:484 - val_acc2        0.4696969985961914
2021-06-09 17:35:11.288 | INFO     | slp.plbind.module:log_to_console:484 - val_acc2_zero   0.34375        
2021-06-09 17:35:11.289 | INFO     | slp.plbind.module:log_to_console:484 - val_acc5        0.046875       
2021-06-09 17:35:11.289 | INFO     | slp.plbind.module:log_to_console:484 - val_acc7        0.03125        
2021-06-09 17:35:11.290 | INFO     | slp.plbind.module:log_to_console:484 - val_f1          0.36721348762512207
2021-06-09 17:35:11.291 | INFO     | slp.plbind.module:log_to_console:484 - val_f1_zero     0.2288806140422821
2021-06-09 17:35:11.291 | INFO     | slp.plbind.module:log_to_console:484 - val_mae         3.7535998821258545
2021-06-09 17:35:11.291 | INFO     | slp.plbind.module:log_to_console:484 - val_loss        3.7535998821258545
2021-06-09 17:35:11.292 | INFO     | slp.plbind.module:log_to_console:484 - best_score      inf            
2021-06-09 17:35:11.292 | INFO     | slp.util.system:print_separator:81 - %%%%%%%%%%%%%%%%%%%%%%%%%%%%%%%%%%%%%%%%%%%%%%%%%%
