2021-06-09 17:34:15.921 | INFO     | slp.util.log:configure_logging:84 - Log file will be saved in logs/m3-rnn-hard-0.2-before.20210609-173415.log
2021-06-09 17:34:16.768 | INFO     | slp.plbind.dm:setup:159 - Using provided validation set
2021-06-09 17:34:16.769 | INFO     | slp.plbind.dm:setup:162 - Using provided test set
2021-06-09 17:34:16.769 | INFO     | slp.plbind.dm:setup:212 - Using 16327 samples for training
2021-06-09 17:34:16.769 | INFO     | slp.plbind.dm:setup:213 - Using 1871 samples for validation
2021-06-09 17:34:16.769 | INFO     | slp.plbind.dm:setup:216 - Using 4662 samples for testing
2021-06-09 17:34:16.789 | INFO     | slp.plbind.trainer:make_trainer:428 - Logs will be saved in rnn-m3-0.2/m3-rnn-hard-0.2-before
2021-06-09 17:34:16.789 | INFO     | slp.plbind.trainer:make_trainer:429 - Logs will be saved in rnn-m3-0.2/m3-rnn-hard-0.2-before/20210609-173416/checkpoints
2021-06-09 17:34:16.825 | INFO     | slp.plbind.trainer:make_trainer:461 - Configured wandb and CSV loggers.
2021-06-09 17:34:16.826 | INFO     | slp.plbind.trainer:make_trainer:462 - Wandb configured to run m3-rnn-hard-0.2-before/20210609-173416 in project m3-rnn-hard-0.2-before
2021-06-09 17:34:16.827 | INFO     | slp.plbind.trainer:make_trainer:467 - Results will be stored online.
2021-06-09 17:34:16.827 | INFO     | slp.plbind.trainer:make_trainer:475 - Experiment verbose description:
MOSEI RNN-baseline with M3

Tags:['mosei', 'rnn-baseline', 'm3', 'regularization']
2021-06-09 17:34:16.830 | INFO     | slp.plbind.trainer:make_trainer:496 - Configured Early stopping and Model checkpointing to track val_loss
2021-06-09 17:34:16.896 | INFO     | pytorch_lightning.utilities.distributed:_info:54 - GPU available: True, used: True
2021-06-09 17:34:16.896 | INFO     | pytorch_lightning.utilities.distributed:_info:54 - TPU available: None, using: 0 TPU cores
2021-06-09 17:34:17.664 | INFO     | slp.plbind.trainer:watch_model:613 - Tracking model weights & gradients in wandb.
2021-06-09 17:34:17.666 | INFO     | pytorch_lightning.accelerators.gpu:set_nvidia_flags:40 - LOCAL_RANK: 0 - CUDA_VISIBLE_DEVICES: [0,1,2,3]
2021-06-09 17:34:19.837 | INFO     | pytorch_lightning.core.lightning:summarize:1457 - 
  | Name          | Type                            | Params
------------------------------------------------------------------
0 | model         | AudioVisualTextMaskedClassifier | 1.6 M 
1 | criterion     | L1Loss                          | 0     
2 | train_metrics | ModuleDict                      | 0     
3 | val_metrics   | ModuleDict                      | 0     
4 | test_metrics  | ModuleDict                      | 0     
------------------------------------------------------------------
1.6 M     Trainable params
0         Non-trainable params
1.6 M     Total params
6.535     Total estimated model params size (MB)
2021-06-09 17:34:20.111 | INFO     | slp.plbind.module:log_to_console:478 - Epoch 1 Validation results
2021-06-09 17:34:20.112 | INFO     | slp.util.system:print_separator:81 - --------------------------------------------------
2021-06-09 17:34:20.113 | INFO     | slp.plbind.module:log_to_console:484 - val_acc2        0.4640151262283325
2021-06-09 17:34:20.113 | INFO     | slp.plbind.module:log_to_console:484 - val_acc2_zero   0.609375       
2021-06-09 17:34:20.114 | INFO     | slp.plbind.module:log_to_console:484 - val_acc5        0.0625         
2021-06-09 17:34:20.114 | INFO     | slp.plbind.module:log_to_console:484 - val_acc7        0.015625       
2021-06-09 17:34:20.115 | INFO     | slp.plbind.module:log_to_console:484 - val_f1          0.3712078034877777
2021-06-09 17:34:20.115 | INFO     | slp.plbind.module:log_to_console:484 - val_f1_zero     0.5144158601760864
2021-06-09 17:34:20.116 | INFO     | slp.plbind.module:log_to_console:484 - val_mae         3.5993733406066895
2021-06-09 17:34:20.116 | INFO     | slp.plbind.module:log_to_console:484 - val_loss        3.5993733406066895
2021-06-09 17:34:20.117 | INFO     | slp.plbind.module:log_to_console:484 - best_score      inf            
2021-06-09 17:34:20.117 | INFO     | slp.util.system:print_separator:81 - %%%%%%%%%%%%%%%%%%%%%%%%%%%%%%%%%%%%%%%%%%%%%%%%%%
