2021-06-09 20:55:03.043 | INFO     | slp.util.log:configure_logging:84 - Log file will be saved in logs/mosei-rnn-m3-0.25-text-0.6.20210609-205503.log
2021-06-09 20:55:03.878 | INFO     | slp.plbind.dm:setup:159 - Using provided validation set
2021-06-09 20:55:03.878 | INFO     | slp.plbind.dm:setup:162 - Using provided test set
2021-06-09 20:55:03.879 | INFO     | slp.plbind.dm:setup:212 - Using 16327 samples for training
2021-06-09 20:55:03.879 | INFO     | slp.plbind.dm:setup:213 - Using 1871 samples for validation
2021-06-09 20:55:03.879 | INFO     | slp.plbind.dm:setup:216 - Using 4662 samples for testing
2021-06-09 20:55:03.899 | INFO     | slp.plbind.trainer:make_trainer:428 - Logs will be saved in rnn-m3-0.25-text-0.6/mosei-rnn-m3-0.25-text-0.6
2021-06-09 20:55:03.899 | INFO     | slp.plbind.trainer:make_trainer:429 - Logs will be saved in rnn-m3-0.25-text-0.6/mosei-rnn-m3-0.25-text-0.6/20210609-205503/checkpoints
2021-06-09 20:55:03.934 | INFO     | slp.plbind.trainer:make_trainer:461 - Configured wandb and CSV loggers.
2021-06-09 20:55:03.935 | INFO     | slp.plbind.trainer:make_trainer:462 - Wandb configured to run mosei-rnn-m3-0.25-text-0.6/20210609-205503 in project mosei-rnn-m3-0.25-text-0.6
2021-06-09 20:55:03.936 | INFO     | slp.plbind.trainer:make_trainer:467 - Results will be stored online.
2021-06-09 20:55:03.936 | INFO     | slp.plbind.trainer:make_trainer:475 - Experiment verbose description:
MOSEI RNN-baseline with M3 and higher text drop probability

Tags:['mosei', 'rnn-baseline', 'm3', 'regularization']
2021-06-09 20:55:03.939 | INFO     | slp.plbind.trainer:make_trainer:496 - Configured Early stopping and Model checkpointing to track val_loss
2021-06-09 20:55:03.977 | INFO     | pytorch_lightning.utilities.distributed:_info:54 - GPU available: True, used: True
2021-06-09 20:55:03.978 | INFO     | pytorch_lightning.utilities.distributed:_info:54 - TPU available: None, using: 0 TPU cores
2021-06-09 20:55:04.881 | INFO     | slp.plbind.trainer:watch_model:613 - Tracking model weights & gradients in wandb.
2021-06-09 20:55:04.883 | INFO     | pytorch_lightning.accelerators.gpu:set_nvidia_flags:40 - LOCAL_RANK: 0 - CUDA_VISIBLE_DEVICES: [3]
2021-06-09 20:55:07.058 | INFO     | pytorch_lightning.core.lightning:summarize:1457 - 
  | Name          | Type                            | Params
------------------------------------------------------------------
0 | model         | AudioVisualTextMaskedClassifier | 1.6 M 
1 | criterion     | L1Loss                          | 0     
2 | train_metrics | ModuleDict                      | 0     
3 | val_metrics   | ModuleDict                      | 0     
4 | test_metrics  | ModuleDict                      | 0     
------------------------------------------------------------------
1.6 M     Trainable params
0         Non-trainable params
1.6 M     Total params
6.535     Total estimated model params size (MB)
2021-06-09 20:55:07.349 | INFO     | slp.plbind.module:log_to_console:478 - Epoch 1 Validation results
2021-06-09 20:55:07.351 | INFO     | slp.util.system:print_separator:81 - --------------------------------------------------
2021-06-09 20:55:07.352 | INFO     | slp.plbind.module:log_to_console:484 - val_acc2        0.4905303120613098
2021-06-09 20:55:07.354 | INFO     | slp.plbind.module:log_to_console:484 - val_acc2_zero   0.359375       
2021-06-09 20:55:07.355 | INFO     | slp.plbind.module:log_to_console:484 - val_acc5        0.078125       
2021-06-09 20:55:07.356 | INFO     | slp.plbind.module:log_to_console:484 - val_acc7        0.0            
2021-06-09 20:55:07.357 | INFO     | slp.plbind.module:log_to_console:484 - val_f1          0.35214078426361084
2021-06-09 20:55:07.358 | INFO     | slp.plbind.module:log_to_console:484 - val_f1_zero     0.21391648054122925
2021-06-09 20:55:07.359 | INFO     | slp.plbind.module:log_to_console:484 - val_mae         7.555723667144775
2021-06-09 20:55:07.361 | INFO     | slp.plbind.module:log_to_console:484 - val_loss        7.555723667144775
2021-06-09 20:55:07.362 | INFO     | slp.plbind.module:log_to_console:484 - best_score      inf            
2021-06-09 20:55:07.363 | INFO     | slp.util.system:print_separator:81 - %%%%%%%%%%%%%%%%%%%%%%%%%%%%%%%%%%%%%%%%%%%%%%%%%%
2021-06-09 20:55:40.195 | INFO     | slp.plbind.module:log_to_console:478 - Epoch 1 Training results
2021-06-09 20:55:40.196 | INFO     | slp.util.system:print_separator:81 - --------------------------------------------------
2021-06-09 20:55:40.196 | INFO     | slp.plbind.module:log_to_console:484 - train_acc2      0.6750678420066833
2021-06-09 20:55:40.197 | INFO     | slp.plbind.module:log_to_console:484 - train_acc2_zero 0.6596659421920776
2021-06-09 20:55:40.197 | INFO     | slp.plbind.module:log_to_console:484 - train_acc5      0.3820590078830719
2021-06-09 20:55:40.198 | INFO     | slp.plbind.module:log_to_console:484 - train_acc7      0.375454306602478
2021-06-09 20:55:40.199 | INFO     | slp.plbind.module:log_to_console:484 - train_f1        0.6542236804962158
2021-06-09 20:55:40.200 | INFO     | slp.plbind.module:log_to_console:484 - train_f1_zero   0.6492772698402405
2021-06-09 20:55:40.201 | INFO     | slp.plbind.module:log_to_console:484 - train_mae       1.0676876306533813
2021-06-09 20:55:40.202 | INFO     | slp.plbind.module:log_to_console:484 - train_loss      1.0676876306533813
2021-06-09 20:55:40.204 | INFO     | slp.util.system:print_separator:81 - %%%%%%%%%%%%%%%%%%%%%%%%%%%%%%%%%%%%%%%%%%%%%%%%%%
2021-06-09 20:55:42.026 | INFO     | slp.plbind.module:log_to_console:478 - Epoch 1 Validation results
2021-06-09 20:55:42.027 | INFO     | slp.util.system:print_separator:81 - --------------------------------------------------
2021-06-09 20:55:42.028 | INFO     | slp.plbind.module:log_to_console:484 - val_acc2        0.7440966963768005
2021-06-09 20:55:42.029 | INFO     | slp.plbind.module:log_to_console:484 - val_acc2_zero   0.7013770937919617
2021-06-09 20:55:42.030 | INFO     | slp.plbind.module:log_to_console:484 - val_acc5        0.4714336097240448
2021-06-09 20:55:42.031 | INFO     | slp.plbind.module:log_to_console:484 - val_acc7        0.4682556390762329
2021-06-09 20:55:42.032 | INFO     | slp.plbind.module:log_to_console:484 - val_f1          0.7494527697563171
2021-06-09 20:55:42.032 | INFO     | slp.plbind.module:log_to_console:484 - val_f1_zero     0.7145031690597534
2021-06-09 20:55:42.033 | INFO     | slp.plbind.module:log_to_console:484 - val_mae         0.6691938638687134
2021-06-09 20:55:42.034 | INFO     | slp.plbind.module:log_to_console:484 - val_loss        0.6691938638687134
2021-06-09 20:55:42.035 | INFO     | slp.plbind.module:log_to_console:484 - best_score      inf            
2021-06-09 20:55:42.035 | INFO     | slp.util.system:print_separator:81 - %%%%%%%%%%%%%%%%%%%%%%%%%%%%%%%%%%%%%%%%%%%%%%%%%%
2021-06-09 20:55:42.038 | INFO     | slp.plbind.helpers:_run_early_stopping_check:25 - Epoch 1 Early Stopping
2021-06-09 20:55:42.038 | INFO     | slp.util.system:print_separator:81 - --------------------------------------------------
2021-06-09 20:55:42.039 | INFO     | slp.plbind.helpers:_run_early_stopping_check:27 - best score      0.6691938638687134
2021-06-09 20:55:42.040 | INFO     | slp.plbind.helpers:_run_early_stopping_check:28 - patience left   10             
2021-06-09 20:55:42.040 | INFO     | slp.util.system:print_separator:81 - ##################################################
2021-06-09 20:56:15.446 | INFO     | slp.plbind.module:log_to_console:478 - Epoch 2 Training results
2021-06-09 20:56:15.447 | INFO     | slp.util.system:print_separator:81 - --------------------------------------------------
2021-06-09 20:56:15.447 | INFO     | slp.plbind.module:log_to_console:484 - train_acc2      0.7678395509719849
2021-06-09 20:56:15.448 | INFO     | slp.plbind.module:log_to_console:484 - train_acc2_zero 0.7449765801429749
2021-06-09 20:56:15.449 | INFO     | slp.plbind.module:log_to_console:484 - train_acc5      0.45145195722579956
2021-06-09 20:56:15.449 | INFO     | slp.plbind.module:log_to_console:484 - train_acc7      0.44313493371009827
2021-06-09 20:56:15.450 | INFO     | slp.plbind.module:log_to_console:484 - train_f1        0.7599143385887146
2021-06-09 20:56:15.450 | INFO     | slp.plbind.module:log_to_console:484 - train_f1_zero   0.7448260188102722
2021-06-09 20:56:15.451 | INFO     | slp.plbind.module:log_to_console:484 - train_mae       0.7103978395462036
2021-06-09 20:56:15.451 | INFO     | slp.plbind.module:log_to_console:484 - train_loss      0.7103978395462036
2021-06-09 20:56:15.452 | INFO     | slp.util.system:print_separator:81 - %%%%%%%%%%%%%%%%%%%%%%%%%%%%%%%%%%%%%%%%%%%%%%%%%%
2021-06-09 20:56:17.504 | INFO     | slp.plbind.module:log_to_console:478 - Epoch 2 Validation results
2021-06-09 20:56:17.505 | INFO     | slp.util.system:print_separator:81 - --------------------------------------------------
2021-06-09 20:56:17.507 | INFO     | slp.plbind.module:log_to_console:484 - val_acc2        0.7479904890060425
2021-06-09 20:56:17.508 | INFO     | slp.plbind.module:log_to_console:484 - val_acc2_zero   0.6861581802368164
2021-06-09 20:56:17.510 | INFO     | slp.plbind.module:log_to_console:484 - val_acc5        0.4964689612388611
2021-06-09 20:56:17.512 | INFO     | slp.plbind.module:log_to_console:484 - val_acc7        0.48534607887268066
2021-06-09 20:56:17.513 | INFO     | slp.plbind.module:log_to_console:484 - val_f1          0.7492628693580627
2021-06-09 20:56:17.515 | INFO     | slp.plbind.module:log_to_console:484 - val_f1_zero     0.6988439559936523
2021-06-09 20:56:17.517 | INFO     | slp.plbind.module:log_to_console:484 - val_mae         0.6740849018096924
2021-06-09 20:56:17.518 | INFO     | slp.plbind.module:log_to_console:484 - val_loss        0.6740849018096924
2021-06-09 20:56:17.519 | INFO     | slp.plbind.module:log_to_console:484 - best_score      0.6691938638687134
2021-06-09 20:56:17.520 | INFO     | slp.util.system:print_separator:81 - %%%%%%%%%%%%%%%%%%%%%%%%%%%%%%%%%%%%%%%%%%%%%%%%%%
2021-06-09 20:56:17.524 | INFO     | slp.plbind.helpers:_run_early_stopping_check:25 - Epoch 2 Early Stopping
2021-06-09 20:56:17.525 | INFO     | slp.util.system:print_separator:81 - --------------------------------------------------
2021-06-09 20:56:17.527 | INFO     | slp.plbind.helpers:_run_early_stopping_check:27 - best score      0.6691938638687134
2021-06-09 20:56:17.528 | INFO     | slp.plbind.helpers:_run_early_stopping_check:28 - patience left   9              
2021-06-09 20:56:17.528 | INFO     | slp.util.system:print_separator:81 - ##################################################
2021-06-09 20:56:51.255 | INFO     | slp.plbind.module:log_to_console:478 - Epoch 3 Training results
2021-06-09 20:56:51.256 | INFO     | slp.util.system:print_separator:81 - --------------------------------------------------
2021-06-09 20:56:51.257 | INFO     | slp.plbind.module:log_to_console:484 - train_acc2      0.800617516040802
2021-06-09 20:56:51.257 | INFO     | slp.plbind.module:log_to_console:484 - train_acc2_zero 0.7756761908531189
2021-06-09 20:56:51.258 | INFO     | slp.plbind.module:log_to_console:484 - train_acc5      0.4801684319972992
2021-06-09 20:56:51.258 | INFO     | slp.plbind.module:log_to_console:484 - train_acc7      0.46771907806396484
2021-06-09 20:56:51.259 | INFO     | slp.plbind.module:log_to_console:484 - train_f1        0.7957779765129089
2021-06-09 20:56:51.259 | INFO     | slp.plbind.module:log_to_console:484 - train_f1_zero   0.7777982354164124
2021-06-09 20:56:51.259 | INFO     | slp.plbind.module:log_to_console:484 - train_mae       0.6587814688682556
2021-06-09 20:56:51.260 | INFO     | slp.plbind.module:log_to_console:484 - train_loss      0.6587814688682556
2021-06-09 20:56:51.260 | INFO     | slp.util.system:print_separator:81 - %%%%%%%%%%%%%%%%%%%%%%%%%%%%%%%%%%%%%%%%%%%%%%%%%%
2021-06-09 20:56:53.138 | INFO     | slp.plbind.module:log_to_console:478 - Epoch 3 Validation results
2021-06-09 20:56:53.140 | INFO     | slp.util.system:print_separator:81 - --------------------------------------------------
2021-06-09 20:56:53.142 | INFO     | slp.plbind.module:log_to_console:484 - val_acc2        0.7950910925865173
2021-06-09 20:56:53.143 | INFO     | slp.plbind.module:log_to_console:484 - val_acc2_zero   0.7895833849906921
2021-06-09 20:56:53.145 | INFO     | slp.plbind.module:log_to_console:484 - val_acc5        0.5001059174537659
2021-06-09 20:56:53.146 | INFO     | slp.plbind.module:log_to_console:484 - val_acc7        0.4868644177913666
2021-06-09 20:56:53.147 | INFO     | slp.plbind.module:log_to_console:484 - val_f1          0.7828238010406494
2021-06-09 20:56:53.148 | INFO     | slp.plbind.module:log_to_console:484 - val_f1_zero     0.784773588180542
2021-06-09 20:56:53.149 | INFO     | slp.plbind.module:log_to_console:484 - val_mae         0.6256375908851624
2021-06-09 20:56:53.150 | INFO     | slp.plbind.module:log_to_console:484 - val_loss        0.6256375908851624
2021-06-09 20:56:53.151 | INFO     | slp.plbind.module:log_to_console:484 - best_score      0.6691938638687134
2021-06-09 20:56:53.153 | INFO     | slp.util.system:print_separator:81 - %%%%%%%%%%%%%%%%%%%%%%%%%%%%%%%%%%%%%%%%%%%%%%%%%%
2021-06-09 20:56:53.156 | INFO     | slp.plbind.helpers:_run_early_stopping_check:25 - Epoch 3 Early Stopping
2021-06-09 20:56:53.157 | INFO     | slp.util.system:print_separator:81 - --------------------------------------------------
2021-06-09 20:56:53.158 | INFO     | slp.plbind.helpers:_run_early_stopping_check:27 - best score      0.6256375908851624
2021-06-09 20:56:53.158 | INFO     | slp.plbind.helpers:_run_early_stopping_check:28 - patience left   10             
2021-06-09 20:56:53.159 | INFO     | slp.util.system:print_separator:81 - ##################################################
2021-06-09 20:57:26.642 | INFO     | slp.plbind.module:log_to_console:478 - Epoch 4 Training results
2021-06-09 20:57:26.642 | INFO     | slp.util.system:print_separator:81 - --------------------------------------------------
2021-06-09 20:57:26.643 | INFO     | slp.plbind.module:log_to_console:484 - train_acc2      0.8074120879173279
2021-06-09 20:57:26.643 | INFO     | slp.plbind.module:log_to_console:484 - train_acc2_zero 0.7817305326461792
2021-06-09 20:57:26.644 | INFO     | slp.plbind.module:log_to_console:484 - train_acc5      0.49398937821388245
2021-06-09 20:57:26.645 | INFO     | slp.plbind.module:log_to_console:484 - train_acc7      0.481146901845932
2021-06-09 20:57:26.645 | INFO     | slp.plbind.module:log_to_console:484 - train_f1        0.8007733821868896
2021-06-09 20:57:26.646 | INFO     | slp.plbind.module:log_to_console:484 - train_f1_zero   0.7813186645507812
2021-06-09 20:57:26.646 | INFO     | slp.plbind.module:log_to_console:484 - train_mae       0.6421924233436584
2021-06-09 20:57:26.647 | INFO     | slp.plbind.module:log_to_console:484 - train_loss      0.6421924233436584
2021-06-09 20:57:26.647 | INFO     | slp.util.system:print_separator:81 - %%%%%%%%%%%%%%%%%%%%%%%%%%%%%%%%%%%%%%%%%%%%%%%%%%
2021-06-09 20:57:28.747 | INFO     | slp.plbind.module:log_to_console:478 - Epoch 4 Validation results
2021-06-09 20:57:28.748 | INFO     | slp.util.system:print_separator:81 - --------------------------------------------------
2021-06-09 20:57:28.749 | INFO     | slp.plbind.module:log_to_console:484 - val_acc2        0.7836723923683167
2021-06-09 20:57:28.749 | INFO     | slp.plbind.module:log_to_console:484 - val_acc2_zero   0.7480579614639282
2021-06-09 20:57:28.750 | INFO     | slp.plbind.module:log_to_console:484 - val_acc5        0.5218926668167114
2021-06-09 20:57:28.751 | INFO     | slp.plbind.module:log_to_console:484 - val_acc7        0.5128884315490723
2021-06-09 20:57:28.751 | INFO     | slp.plbind.module:log_to_console:484 - val_f1          0.7867587208747864
2021-06-09 20:57:28.752 | INFO     | slp.plbind.module:log_to_console:484 - val_f1_zero     0.7607689499855042
2021-06-09 20:57:28.752 | INFO     | slp.plbind.module:log_to_console:484 - val_mae         0.5968600511550903
2021-06-09 20:57:28.753 | INFO     | slp.plbind.module:log_to_console:484 - val_loss        0.5968600511550903
2021-06-09 20:57:28.754 | INFO     | slp.plbind.module:log_to_console:484 - best_score      0.6256376504898071
2021-06-09 20:57:28.755 | INFO     | slp.util.system:print_separator:81 - %%%%%%%%%%%%%%%%%%%%%%%%%%%%%%%%%%%%%%%%%%%%%%%%%%
2021-06-09 20:57:28.757 | INFO     | slp.plbind.helpers:_run_early_stopping_check:25 - Epoch 4 Early Stopping
2021-06-09 20:57:28.757 | INFO     | slp.util.system:print_separator:81 - --------------------------------------------------
2021-06-09 20:57:28.758 | INFO     | slp.plbind.helpers:_run_early_stopping_check:27 - best score      0.5968600511550903
2021-06-09 20:57:28.759 | INFO     | slp.plbind.helpers:_run_early_stopping_check:28 - patience left   10             
2021-06-09 20:57:28.759 | INFO     | slp.util.system:print_separator:81 - ##################################################
2021-06-09 20:58:02.639 | INFO     | slp.plbind.module:log_to_console:478 - Epoch 5 Training results
2021-06-09 20:58:02.640 | INFO     | slp.util.system:print_separator:81 - --------------------------------------------------
2021-06-09 20:58:02.640 | INFO     | slp.plbind.module:log_to_console:484 - train_acc2      0.8184512257575989
2021-06-09 20:58:02.641 | INFO     | slp.plbind.module:log_to_console:484 - train_acc2_zero 0.7885885238647461
2021-06-09 20:58:02.641 | INFO     | slp.plbind.module:log_to_console:484 - train_acc5      0.5187045931816101
2021-06-09 20:58:02.642 | INFO     | slp.plbind.module:log_to_console:484 - train_acc7      0.5030490159988403
2021-06-09 20:58:02.642 | INFO     | slp.plbind.module:log_to_console:484 - train_f1        0.815052330493927
2021-06-09 20:58:02.643 | INFO     | slp.plbind.module:log_to_console:484 - train_f1_zero   0.7916705012321472
2021-06-09 20:58:02.644 | INFO     | slp.plbind.module:log_to_console:484 - train_mae       0.6134679913520813
2021-06-09 20:58:02.644 | INFO     | slp.plbind.module:log_to_console:484 - train_loss      0.6134679913520813
2021-06-09 20:58:02.644 | INFO     | slp.util.system:print_separator:81 - %%%%%%%%%%%%%%%%%%%%%%%%%%%%%%%%%%%%%%%%%%%%%%%%%%
2021-06-09 20:58:04.539 | INFO     | slp.plbind.module:log_to_console:478 - Epoch 5 Validation results
2021-06-09 20:58:04.542 | INFO     | slp.util.system:print_separator:81 - --------------------------------------------------
2021-06-09 20:58:04.544 | INFO     | slp.plbind.module:log_to_console:484 - val_acc2        0.7956194281578064
2021-06-09 20:58:04.546 | INFO     | slp.plbind.module:log_to_console:484 - val_acc2_zero   0.7671963572502136
2021-06-09 20:58:04.548 | INFO     | slp.plbind.module:log_to_console:484 - val_acc5        0.5249293446540833
2021-06-09 20:58:04.550 | INFO     | slp.plbind.module:log_to_console:484 - val_acc7        0.5053319334983826
2021-06-09 20:58:04.551 | INFO     | slp.plbind.module:log_to_console:484 - val_f1          0.7921116352081299
2021-06-09 20:58:04.553 | INFO     | slp.plbind.module:log_to_console:484 - val_f1_zero     0.7727080583572388
2021-06-09 20:58:04.555 | INFO     | slp.plbind.module:log_to_console:484 - val_mae         0.6126826405525208
2021-06-09 20:58:04.556 | INFO     | slp.plbind.module:log_to_console:484 - val_loss        0.6126826405525208
2021-06-09 20:58:04.557 | INFO     | slp.plbind.module:log_to_console:484 - best_score      0.5968599915504456
2021-06-09 20:58:04.559 | INFO     | slp.util.system:print_separator:81 - %%%%%%%%%%%%%%%%%%%%%%%%%%%%%%%%%%%%%%%%%%%%%%%%%%
2021-06-09 20:58:04.562 | INFO     | slp.plbind.helpers:_run_early_stopping_check:25 - Epoch 5 Early Stopping
2021-06-09 20:58:04.563 | INFO     | slp.util.system:print_separator:81 - --------------------------------------------------
2021-06-09 20:58:04.565 | INFO     | slp.plbind.helpers:_run_early_stopping_check:27 - best score      0.5968600511550903
2021-06-09 20:58:04.566 | INFO     | slp.plbind.helpers:_run_early_stopping_check:28 - patience left   9              
2021-06-09 20:58:04.567 | INFO     | slp.util.system:print_separator:81 - ##################################################
2021-06-09 20:58:39.490 | INFO     | slp.plbind.module:log_to_console:478 - Epoch 6 Training results
2021-06-09 20:58:39.491 | INFO     | slp.util.system:print_separator:81 - --------------------------------------------------
2021-06-09 20:58:39.492 | INFO     | slp.plbind.module:log_to_console:484 - train_acc2      0.817510187625885
2021-06-09 20:58:39.492 | INFO     | slp.plbind.module:log_to_console:484 - train_acc2_zero 0.7898378372192383
2021-06-09 20:58:39.493 | INFO     | slp.plbind.module:log_to_console:484 - train_acc5      0.5148431062698364
2021-06-09 20:58:39.493 | INFO     | slp.plbind.module:log_to_console:484 - train_acc7      0.49808672070503235
2021-06-09 20:58:39.494 | INFO     | slp.plbind.module:log_to_console:484 - train_f1        0.8131654262542725
2021-06-09 20:58:39.494 | INFO     | slp.plbind.module:log_to_console:484 - train_f1_zero   0.7917784452438354
2021-06-09 20:58:39.495 | INFO     | slp.plbind.module:log_to_console:484 - train_mae       0.6134926676750183
2021-06-09 20:58:39.495 | INFO     | slp.plbind.module:log_to_console:484 - train_loss      0.6134926676750183
2021-06-09 20:58:39.496 | INFO     | slp.util.system:print_separator:81 - %%%%%%%%%%%%%%%%%%%%%%%%%%%%%%%%%%%%%%%%%%%%%%%%%%
2021-06-09 20:58:41.384 | INFO     | slp.plbind.module:log_to_console:478 - Epoch 6 Validation results
2021-06-09 20:58:41.386 | INFO     | slp.util.system:print_separator:81 - --------------------------------------------------
2021-06-09 20:58:41.387 | INFO     | slp.plbind.module:log_to_console:484 - val_acc2        0.7953354120254517
2021-06-09 20:58:41.388 | INFO     | slp.plbind.module:log_to_console:484 - val_acc2_zero   0.7767302393913269
2021-06-09 20:58:41.389 | INFO     | slp.plbind.module:log_to_console:484 - val_acc5        0.5308969020843506
2021-06-09 20:58:41.390 | INFO     | slp.plbind.module:log_to_console:484 - val_acc7        0.5234816670417786
2021-06-09 20:58:41.390 | INFO     | slp.plbind.module:log_to_console:484 - val_f1          0.7928506731987
2021-06-09 20:58:41.391 | INFO     | slp.plbind.module:log_to_console:484 - val_f1_zero     0.7822850346565247
2021-06-09 20:58:41.392 | INFO     | slp.plbind.module:log_to_console:484 - val_mae         0.5870522260665894
2021-06-09 20:58:41.392 | INFO     | slp.plbind.module:log_to_console:484 - val_loss        0.5870522260665894
2021-06-09 20:58:41.393 | INFO     | slp.plbind.module:log_to_console:484 - best_score      0.5968599915504456
2021-06-09 20:58:41.394 | INFO     | slp.util.system:print_separator:81 - %%%%%%%%%%%%%%%%%%%%%%%%%%%%%%%%%%%%%%%%%%%%%%%%%%
2021-06-09 20:58:41.396 | INFO     | slp.plbind.helpers:_run_early_stopping_check:25 - Epoch 6 Early Stopping
2021-06-09 20:58:41.397 | INFO     | slp.util.system:print_separator:81 - --------------------------------------------------
2021-06-09 20:58:41.397 | INFO     | slp.plbind.helpers:_run_early_stopping_check:27 - best score      0.5870522260665894
2021-06-09 20:58:41.398 | INFO     | slp.plbind.helpers:_run_early_stopping_check:28 - patience left   10             
2021-06-09 20:58:41.399 | INFO     | slp.util.system:print_separator:81 - ##################################################
2021-06-09 20:59:16.086 | INFO     | slp.plbind.module:log_to_console:478 - Epoch 7 Training results
2021-06-09 20:59:16.087 | INFO     | slp.util.system:print_separator:81 - --------------------------------------------------
2021-06-09 20:59:16.087 | INFO     | slp.plbind.module:log_to_console:484 - train_acc2      0.8292612433433533
2021-06-09 20:59:16.088 | INFO     | slp.plbind.module:log_to_console:484 - train_acc2_zero 0.7968968749046326
2021-06-09 20:59:16.089 | INFO     | slp.plbind.module:log_to_console:484 - train_acc5      0.5280000567436218
2021-06-09 20:59:16.089 | INFO     | slp.plbind.module:log_to_console:484 - train_acc7      0.5114883184432983
2021-06-09 20:59:16.090 | INFO     | slp.plbind.module:log_to_console:484 - train_f1        0.8261755704879761
2021-06-09 20:59:16.090 | INFO     | slp.plbind.module:log_to_console:484 - train_f1_zero   0.8000827431678772
2021-06-09 20:59:16.091 | INFO     | slp.plbind.module:log_to_console:484 - train_mae       0.5904107689857483
2021-06-09 20:59:16.091 | INFO     | slp.plbind.module:log_to_console:484 - train_loss      0.5904107689857483
2021-06-09 20:59:16.092 | INFO     | slp.util.system:print_separator:81 - %%%%%%%%%%%%%%%%%%%%%%%%%%%%%%%%%%%%%%%%%%%%%%%%%%
2021-06-09 20:59:18.008 | INFO     | slp.plbind.module:log_to_console:478 - Epoch 7 Validation results
2021-06-09 20:59:18.011 | INFO     | slp.util.system:print_separator:81 - --------------------------------------------------
2021-06-09 20:59:18.013 | INFO     | slp.plbind.module:log_to_console:484 - val_acc2        0.7950559258460999
2021-06-09 20:59:18.015 | INFO     | slp.plbind.module:log_to_console:484 - val_acc2_zero   0.760769784450531
2021-06-09 20:59:18.017 | INFO     | slp.plbind.module:log_to_console:484 - val_acc5        0.5461863875389099
2021-06-09 20:59:18.019 | INFO     | slp.plbind.module:log_to_console:484 - val_acc7        0.5302966237068176
2021-06-09 20:59:18.020 | INFO     | slp.plbind.module:log_to_console:484 - val_f1          0.7996367812156677
2021-06-09 20:59:18.022 | INFO     | slp.plbind.module:log_to_console:484 - val_f1_zero     0.7740203142166138
2021-06-09 20:59:18.023 | INFO     | slp.plbind.module:log_to_console:484 - val_mae         0.5872593522071838
2021-06-09 20:59:18.025 | INFO     | slp.plbind.module:log_to_console:484 - val_loss        0.5872593522071838
2021-06-09 20:59:18.027 | INFO     | slp.plbind.module:log_to_console:484 - best_score      0.5870522260665894
2021-06-09 20:59:18.028 | INFO     | slp.util.system:print_separator:81 - %%%%%%%%%%%%%%%%%%%%%%%%%%%%%%%%%%%%%%%%%%%%%%%%%%
2021-06-09 20:59:18.032 | INFO     | slp.plbind.helpers:_run_early_stopping_check:25 - Epoch 7 Early Stopping
2021-06-09 20:59:18.033 | INFO     | slp.util.system:print_separator:81 - --------------------------------------------------
2021-06-09 20:59:18.034 | INFO     | slp.plbind.helpers:_run_early_stopping_check:27 - best score      0.5870522260665894
2021-06-09 20:59:18.036 | INFO     | slp.plbind.helpers:_run_early_stopping_check:28 - patience left   9              
2021-06-09 20:59:18.037 | INFO     | slp.util.system:print_separator:81 - ##################################################
2021-06-09 20:59:52.574 | INFO     | slp.plbind.module:log_to_console:478 - Epoch 8 Training results
2021-06-09 20:59:52.575 | INFO     | slp.util.system:print_separator:81 - --------------------------------------------------
2021-06-09 20:59:52.575 | INFO     | slp.plbind.module:log_to_console:484 - train_acc2      0.8367322683334351
2021-06-09 20:59:52.576 | INFO     | slp.plbind.module:log_to_console:484 - train_acc2_zero 0.8050828576087952
2021-06-09 20:59:52.577 | INFO     | slp.plbind.module:log_to_console:484 - train_acc5      0.5363084077835083
2021-06-09 20:59:52.577 | INFO     | slp.plbind.module:log_to_console:484 - train_acc7      0.5187570452690125
2021-06-09 20:59:52.578 | INFO     | slp.plbind.module:log_to_console:484 - train_f1        0.8340896964073181
2021-06-09 20:59:52.578 | INFO     | slp.plbind.module:log_to_console:484 - train_f1_zero   0.8084700107574463
2021-06-09 20:59:52.579 | INFO     | slp.plbind.module:log_to_console:484 - train_mae       0.5742925405502319
2021-06-09 20:59:52.579 | INFO     | slp.plbind.module:log_to_console:484 - train_loss      0.5742925405502319
2021-06-09 20:59:52.580 | INFO     | slp.util.system:print_separator:81 - %%%%%%%%%%%%%%%%%%%%%%%%%%%%%%%%%%%%%%%%%%%%%%%%%%
2021-06-09 20:59:54.481 | INFO     | slp.plbind.module:log_to_console:478 - Epoch 8 Validation results
2021-06-09 20:59:54.483 | INFO     | slp.util.system:print_separator:81 - --------------------------------------------------
2021-06-09 20:59:54.486 | INFO     | slp.plbind.module:log_to_console:484 - val_acc2        0.8003822565078735
2021-06-09 20:59:54.488 | INFO     | slp.plbind.module:log_to_console:484 - val_acc2_zero   0.8122175335884094
2021-06-09 20:59:54.490 | INFO     | slp.plbind.module:log_to_console:484 - val_acc5        0.5260593295097351
2021-06-09 20:59:54.491 | INFO     | slp.plbind.module:log_to_console:484 - val_acc7        0.5186440944671631
2021-06-09 20:59:54.493 | INFO     | slp.plbind.module:log_to_console:484 - val_f1          0.7914551496505737
2021-06-09 20:59:54.494 | INFO     | slp.plbind.module:log_to_console:484 - val_f1_zero     0.8087583780288696
2021-06-09 20:59:54.496 | INFO     | slp.plbind.module:log_to_console:484 - val_mae         0.592127799987793
2021-06-09 20:59:54.497 | INFO     | slp.plbind.module:log_to_console:484 - val_loss        0.592127799987793
2021-06-09 20:59:54.499 | INFO     | slp.plbind.module:log_to_console:484 - best_score      0.5870522260665894
2021-06-09 20:59:54.500 | INFO     | slp.util.system:print_separator:81 - %%%%%%%%%%%%%%%%%%%%%%%%%%%%%%%%%%%%%%%%%%%%%%%%%%
2021-06-09 20:59:54.503 | INFO     | slp.plbind.helpers:_run_early_stopping_check:25 - Epoch 8 Early Stopping
2021-06-09 20:59:54.505 | INFO     | slp.util.system:print_separator:81 - --------------------------------------------------
2021-06-09 20:59:54.508 | INFO     | slp.plbind.helpers:_run_early_stopping_check:27 - best score      0.5870522260665894
2021-06-09 20:59:54.509 | INFO     | slp.plbind.helpers:_run_early_stopping_check:28 - patience left   8              
2021-06-09 20:59:54.511 | INFO     | slp.util.system:print_separator:81 - ##################################################
2021-06-09 21:00:28.814 | INFO     | slp.plbind.module:log_to_console:478 - Epoch 9 Training results
2021-06-09 21:00:28.815 | INFO     | slp.util.system:print_separator:81 - --------------------------------------------------
2021-06-09 21:00:28.815 | INFO     | slp.plbind.module:log_to_console:484 - train_acc2      0.8408519625663757
2021-06-09 21:00:28.816 | INFO     | slp.plbind.module:log_to_console:484 - train_acc2_zero 0.8073891997337341
2021-06-09 21:00:28.816 | INFO     | slp.plbind.module:log_to_console:484 - train_acc5      0.5438565611839294
2021-06-09 21:00:28.817 | INFO     | slp.plbind.module:log_to_console:484 - train_acc7      0.5246540307998657
2021-06-09 21:00:28.818 | INFO     | slp.plbind.module:log_to_console:484 - train_f1        0.8377297520637512
2021-06-09 21:00:28.818 | INFO     | slp.plbind.module:log_to_console:484 - train_f1_zero   0.8101471066474915
2021-06-09 21:00:28.818 | INFO     | slp.plbind.module:log_to_console:484 - train_mae       0.5710781216621399
2021-06-09 21:00:28.819 | INFO     | slp.plbind.module:log_to_console:484 - train_loss      0.5710781216621399
2021-06-09 21:00:28.819 | INFO     | slp.util.system:print_separator:81 - %%%%%%%%%%%%%%%%%%%%%%%%%%%%%%%%%%%%%%%%%%%%%%%%%%
2021-06-09 21:00:30.843 | INFO     | slp.plbind.module:log_to_console:478 - Epoch 9 Validation results
2021-06-09 21:00:30.844 | INFO     | slp.util.system:print_separator:81 - --------------------------------------------------
2021-06-09 21:00:30.845 | INFO     | slp.plbind.module:log_to_console:484 - val_acc2        0.8042626976966858
2021-06-09 21:00:30.846 | INFO     | slp.plbind.module:log_to_console:484 - val_acc2_zero   0.7883121967315674
2021-06-09 21:00:30.847 | INFO     | slp.plbind.module:log_to_console:484 - val_acc5        0.5291666388511658
2021-06-09 21:00:30.847 | INFO     | slp.plbind.module:log_to_console:484 - val_acc7        0.5085098743438721
2021-06-09 21:00:30.848 | INFO     | slp.plbind.module:log_to_console:484 - val_f1          0.7960218191146851
2021-06-09 21:00:30.849 | INFO     | slp.plbind.module:log_to_console:484 - val_f1_zero     0.7889629602432251
2021-06-09 21:00:30.849 | INFO     | slp.plbind.module:log_to_console:484 - val_mae         0.5975655317306519
2021-06-09 21:00:30.850 | INFO     | slp.plbind.module:log_to_console:484 - val_loss        0.5975655317306519
2021-06-09 21:00:30.851 | INFO     | slp.plbind.module:log_to_console:484 - best_score      0.5870522260665894
2021-06-09 21:00:30.851 | INFO     | slp.util.system:print_separator:81 - %%%%%%%%%%%%%%%%%%%%%%%%%%%%%%%%%%%%%%%%%%%%%%%%%%
2021-06-09 21:00:30.854 | INFO     | slp.plbind.helpers:_run_early_stopping_check:25 - Epoch 9 Early Stopping
2021-06-09 21:00:30.854 | INFO     | slp.util.system:print_separator:81 - --------------------------------------------------
2021-06-09 21:00:30.855 | INFO     | slp.plbind.helpers:_run_early_stopping_check:27 - best score      0.5870522260665894
2021-06-09 21:00:30.856 | INFO     | slp.plbind.helpers:_run_early_stopping_check:28 - patience left   7              
2021-06-09 21:00:30.857 | INFO     | slp.util.system:print_separator:81 - ##################################################
2021-06-09 21:01:06.103 | INFO     | slp.plbind.module:log_to_console:478 - Epoch 10 Training results
2021-06-09 21:01:06.104 | INFO     | slp.util.system:print_separator:81 - --------------------------------------------------
2021-06-09 21:01:06.104 | INFO     | slp.plbind.module:log_to_console:484 - train_acc2      0.8542448282241821
2021-06-09 21:01:06.105 | INFO     | slp.plbind.module:log_to_console:484 - train_acc2_zero 0.8165361881256104
2021-06-09 21:01:06.105 | INFO     | slp.plbind.module:log_to_console:484 - train_acc5      0.5748969316482544
2021-06-09 21:01:06.106 | INFO     | slp.plbind.module:log_to_console:484 - train_acc7      0.553737461566925
2021-06-09 21:01:06.106 | INFO     | slp.plbind.module:log_to_console:484 - train_f1        0.8526721000671387
2021-06-09 21:01:06.107 | INFO     | slp.plbind.module:log_to_console:484 - train_f1_zero   0.8210027813911438
2021-06-09 21:01:06.107 | INFO     | slp.plbind.module:log_to_console:484 - train_mae       0.5320739150047302
2021-06-09 21:01:06.108 | INFO     | slp.plbind.module:log_to_console:484 - train_loss      0.5320739150047302
2021-06-09 21:01:06.108 | INFO     | slp.util.system:print_separator:81 - %%%%%%%%%%%%%%%%%%%%%%%%%%%%%%%%%%%%%%%%%%%%%%%%%%
2021-06-09 21:01:08.058 | INFO     | slp.plbind.module:log_to_console:478 - Epoch 10 Validation results
2021-06-09 21:01:08.060 | INFO     | slp.util.system:print_separator:81 - --------------------------------------------------
2021-06-09 21:01:08.062 | INFO     | slp.plbind.module:log_to_console:484 - val_acc2        0.8106210231781006
2021-06-09 21:01:08.064 | INFO     | slp.plbind.module:log_to_console:484 - val_acc2_zero   0.7936087846755981
2021-06-09 21:01:08.066 | INFO     | slp.plbind.module:log_to_console:484 - val_acc5        0.527189314365387
2021-06-09 21:01:08.068 | INFO     | slp.plbind.module:log_to_console:484 - val_acc7        0.519244372844696
2021-06-09 21:01:08.069 | INFO     | slp.plbind.module:log_to_console:484 - val_f1          0.8101454973220825
2021-06-09 21:01:08.071 | INFO     | slp.plbind.module:log_to_console:484 - val_f1_zero     0.8009389042854309
2021-06-09 21:01:08.072 | INFO     | slp.plbind.module:log_to_console:484 - val_mae         0.5873898863792419
2021-06-09 21:01:08.074 | INFO     | slp.plbind.module:log_to_console:484 - val_loss        0.5873898863792419
2021-06-09 21:01:08.075 | INFO     | slp.plbind.module:log_to_console:484 - best_score      0.5870522260665894
2021-06-09 21:01:08.077 | INFO     | slp.util.system:print_separator:81 - %%%%%%%%%%%%%%%%%%%%%%%%%%%%%%%%%%%%%%%%%%%%%%%%%%
2021-06-09 21:01:08.080 | INFO     | slp.plbind.helpers:_run_early_stopping_check:25 - Epoch 10 Early Stopping
2021-06-09 21:01:08.081 | INFO     | slp.util.system:print_separator:81 - --------------------------------------------------
2021-06-09 21:01:08.082 | INFO     | slp.plbind.helpers:_run_early_stopping_check:27 - best score      0.5870522260665894
2021-06-09 21:01:08.083 | INFO     | slp.plbind.helpers:_run_early_stopping_check:28 - patience left   6              
2021-06-09 21:01:08.084 | INFO     | slp.util.system:print_separator:81 - ##################################################
2021-06-09 21:01:43.305 | INFO     | slp.plbind.module:log_to_console:478 - Epoch 11 Training results
2021-06-09 21:01:43.305 | INFO     | slp.util.system:print_separator:81 - --------------------------------------------------
2021-06-09 21:01:43.306 | INFO     | slp.plbind.module:log_to_console:484 - train_acc2      0.8594995737075806
2021-06-09 21:01:43.306 | INFO     | slp.plbind.module:log_to_console:484 - train_acc2_zero 0.8193055987358093
2021-06-09 21:01:43.307 | INFO     | slp.plbind.module:log_to_console:484 - train_acc5      0.5798853635787964
2021-06-09 21:01:43.307 | INFO     | slp.plbind.module:log_to_console:484 - train_acc7      0.5592762231826782
2021-06-09 21:01:43.308 | INFO     | slp.plbind.module:log_to_console:484 - train_f1        0.8577672839164734
2021-06-09 21:01:43.308 | INFO     | slp.plbind.module:log_to_console:484 - train_f1_zero   0.8233963847160339
2021-06-09 21:01:43.309 | INFO     | slp.plbind.module:log_to_console:484 - train_mae       0.5195901393890381
2021-06-09 21:01:43.309 | INFO     | slp.plbind.module:log_to_console:484 - train_loss      0.5195901393890381
2021-06-09 21:01:43.310 | INFO     | slp.util.system:print_separator:81 - %%%%%%%%%%%%%%%%%%%%%%%%%%%%%%%%%%%%%%%%%%%%%%%%%%
2021-06-09 21:01:45.151 | INFO     | slp.plbind.module:log_to_console:478 - Epoch 11 Validation results
2021-06-09 21:01:45.153 | INFO     | slp.util.system:print_separator:81 - --------------------------------------------------
2021-06-09 21:01:45.155 | INFO     | slp.plbind.module:log_to_console:484 - val_acc2        0.7927814722061157
2021-06-09 21:01:45.157 | INFO     | slp.plbind.module:log_to_console:484 - val_acc2_zero   0.7496469020843506
2021-06-09 21:01:45.159 | INFO     | slp.plbind.module:log_to_console:484 - val_acc5        0.541419506072998
2021-06-09 21:01:45.161 | INFO     | slp.plbind.module:log_to_console:484 - val_acc7        0.5313559174537659
2021-06-09 21:01:45.163 | INFO     | slp.plbind.module:log_to_console:484 - val_f1          0.7973107695579529
2021-06-09 21:01:45.164 | INFO     | slp.plbind.module:log_to_console:484 - val_f1_zero     0.7627884745597839
2021-06-09 21:01:45.166 | INFO     | slp.plbind.module:log_to_console:484 - val_mae         0.5780642628669739
2021-06-09 21:01:45.167 | INFO     | slp.plbind.module:log_to_console:484 - val_loss        0.5780642628669739
2021-06-09 21:01:45.169 | INFO     | slp.plbind.module:log_to_console:484 - best_score      0.5870522260665894
2021-06-09 21:01:45.170 | INFO     | slp.util.system:print_separator:81 - %%%%%%%%%%%%%%%%%%%%%%%%%%%%%%%%%%%%%%%%%%%%%%%%%%
2021-06-09 21:01:45.174 | INFO     | slp.plbind.helpers:_run_early_stopping_check:25 - Epoch 11 Early Stopping
2021-06-09 21:01:45.175 | INFO     | slp.util.system:print_separator:81 - --------------------------------------------------
2021-06-09 21:01:45.176 | INFO     | slp.plbind.helpers:_run_early_stopping_check:27 - best score      0.5780642628669739
2021-06-09 21:01:45.177 | INFO     | slp.plbind.helpers:_run_early_stopping_check:28 - patience left   10             
2021-06-09 21:01:45.178 | INFO     | slp.util.system:print_separator:81 - ##################################################
2021-06-09 21:02:19.651 | INFO     | slp.plbind.module:log_to_console:478 - Epoch 12 Training results
2021-06-09 21:02:19.652 | INFO     | slp.util.system:print_separator:81 - --------------------------------------------------
2021-06-09 21:02:19.653 | INFO     | slp.plbind.module:log_to_console:484 - train_acc2      0.8632649779319763
2021-06-09 21:02:19.654 | INFO     | slp.plbind.module:log_to_console:484 - train_acc2_zero 0.8225905299186707
2021-06-09 21:02:19.654 | INFO     | slp.plbind.module:log_to_console:484 - train_acc5      0.5842536091804504
2021-06-09 21:02:19.655 | INFO     | slp.plbind.module:log_to_console:484 - train_acc7      0.5636444687843323
2021-06-09 21:02:19.655 | INFO     | slp.plbind.module:log_to_console:484 - train_f1        0.8618835806846619
2021-06-09 21:02:19.656 | INFO     | slp.plbind.module:log_to_console:484 - train_f1_zero   0.8269568681716919
2021-06-09 21:02:19.656 | INFO     | slp.plbind.module:log_to_console:484 - train_mae       0.5102210640907288
2021-06-09 21:02:19.657 | INFO     | slp.plbind.module:log_to_console:484 - train_loss      0.5102210640907288
2021-06-09 21:02:19.657 | INFO     | slp.util.system:print_separator:81 - %%%%%%%%%%%%%%%%%%%%%%%%%%%%%%%%%%%%%%%%%%%%%%%%%%
2021-06-09 21:02:21.562 | INFO     | slp.plbind.module:log_to_console:478 - Epoch 12 Validation results
2021-06-09 21:02:21.564 | INFO     | slp.util.system:print_separator:81 - --------------------------------------------------
2021-06-09 21:02:21.566 | INFO     | slp.plbind.module:log_to_console:484 - val_acc2        0.8029755353927612
2021-06-09 21:02:21.568 | INFO     | slp.plbind.module:log_to_console:484 - val_acc2_zero   0.8037429451942444
2021-06-09 21:02:21.570 | INFO     | slp.plbind.module:log_to_console:484 - val_acc5        0.5383121967315674
2021-06-09 21:02:21.572 | INFO     | slp.plbind.module:log_to_console:484 - val_acc7        0.5218926668167114
2021-06-09 21:02:21.574 | INFO     | slp.plbind.module:log_to_console:484 - val_f1          0.796288788318634
2021-06-09 21:02:21.576 | INFO     | slp.plbind.module:log_to_console:484 - val_f1_zero     0.8031309843063354
2021-06-09 21:02:21.578 | INFO     | slp.plbind.module:log_to_console:484 - val_mae         0.5863913297653198
2021-06-09 21:02:21.579 | INFO     | slp.plbind.module:log_to_console:484 - val_loss        0.5863913297653198
2021-06-09 21:02:21.581 | INFO     | slp.plbind.module:log_to_console:484 - best_score      0.5780642032623291
2021-06-09 21:02:21.582 | INFO     | slp.util.system:print_separator:81 - %%%%%%%%%%%%%%%%%%%%%%%%%%%%%%%%%%%%%%%%%%%%%%%%%%
2021-06-09 21:02:21.586 | INFO     | slp.plbind.helpers:_run_early_stopping_check:25 - Epoch 12 Early Stopping
2021-06-09 21:02:21.587 | INFO     | slp.util.system:print_separator:81 - --------------------------------------------------
2021-06-09 21:02:21.588 | INFO     | slp.plbind.helpers:_run_early_stopping_check:27 - best score      0.5780642628669739
2021-06-09 21:02:21.589 | INFO     | slp.plbind.helpers:_run_early_stopping_check:28 - patience left   9              
2021-06-09 21:02:21.590 | INFO     | slp.util.system:print_separator:81 - ##################################################
2021-06-09 21:02:56.864 | INFO     | slp.plbind.module:log_to_console:478 - Epoch 13 Training results
2021-06-09 21:02:56.865 | INFO     | slp.util.system:print_separator:81 - --------------------------------------------------
2021-06-09 21:02:56.865 | INFO     | slp.plbind.module:log_to_console:484 - train_acc2      0.8669893145561218
2021-06-09 21:02:56.866 | INFO     | slp.plbind.module:log_to_console:484 - train_acc2_zero 0.8247920870780945
2021-06-09 21:02:56.867 | INFO     | slp.plbind.module:log_to_console:484 - train_acc5      0.5894254446029663
2021-06-09 21:02:56.867 | INFO     | slp.plbind.module:log_to_console:484 - train_acc7      0.5660032629966736
2021-06-09 21:02:56.868 | INFO     | slp.plbind.module:log_to_console:484 - train_f1        0.8656564950942993
2021-06-09 21:02:56.868 | INFO     | slp.plbind.module:log_to_console:484 - train_f1_zero   0.8289411664009094
2021-06-09 21:02:56.869 | INFO     | slp.plbind.module:log_to_console:484 - train_mae       0.5029969215393066
2021-06-09 21:02:56.869 | INFO     | slp.plbind.module:log_to_console:484 - train_loss      0.5029969215393066
2021-06-09 21:02:56.870 | INFO     | slp.util.system:print_separator:81 - %%%%%%%%%%%%%%%%%%%%%%%%%%%%%%%%%%%%%%%%%%%%%%%%%%
2021-06-09 21:02:58.923 | INFO     | slp.plbind.module:log_to_console:478 - Epoch 13 Validation results
2021-06-09 21:02:58.925 | INFO     | slp.util.system:print_separator:81 - --------------------------------------------------
2021-06-09 21:02:58.927 | INFO     | slp.plbind.module:log_to_console:484 - val_acc2        0.7888727784156799
2021-06-09 21:02:58.929 | INFO     | slp.plbind.module:log_to_console:484 - val_acc2_zero   0.7602401375770569
2021-06-09 21:02:58.931 | INFO     | slp.plbind.module:log_to_console:484 - val_acc5        0.5216807723045349
2021-06-09 21:02:58.932 | INFO     | slp.plbind.module:log_to_console:484 - val_acc7        0.5026130080223083
2021-06-09 21:02:58.932 | INFO     | slp.plbind.module:log_to_console:484 - val_f1          0.7934341430664062
2021-06-09 21:02:58.933 | INFO     | slp.plbind.module:log_to_console:484 - val_f1_zero     0.771870493888855
2021-06-09 21:02:58.934 | INFO     | slp.plbind.module:log_to_console:484 - val_mae         0.6044741868972778
2021-06-09 21:02:58.935 | INFO     | slp.plbind.module:log_to_console:484 - val_loss        0.6044741868972778
2021-06-09 21:02:58.935 | INFO     | slp.plbind.module:log_to_console:484 - best_score      0.5780642032623291
2021-06-09 21:02:58.936 | INFO     | slp.util.system:print_separator:81 - %%%%%%%%%%%%%%%%%%%%%%%%%%%%%%%%%%%%%%%%%%%%%%%%%%
2021-06-09 21:02:58.938 | INFO     | slp.plbind.helpers:_run_early_stopping_check:25 - Epoch 13 Early Stopping
2021-06-09 21:02:58.939 | INFO     | slp.util.system:print_separator:81 - --------------------------------------------------
2021-06-09 21:02:58.940 | INFO     | slp.plbind.helpers:_run_early_stopping_check:27 - best score      0.5780642628669739
2021-06-09 21:02:58.940 | INFO     | slp.plbind.helpers:_run_early_stopping_check:28 - patience left   8              
2021-06-09 21:02:58.941 | INFO     | slp.util.system:print_separator:81 - ##################################################
2021-06-09 21:03:33.906 | INFO     | slp.plbind.module:log_to_console:478 - Epoch 14 Training results
2021-06-09 21:03:33.907 | INFO     | slp.util.system:print_separator:81 - --------------------------------------------------
2021-06-09 21:03:33.907 | INFO     | slp.plbind.module:log_to_console:484 - train_acc2      0.8696180582046509
2021-06-09 21:03:33.908 | INFO     | slp.plbind.module:log_to_console:484 - train_acc2_zero 0.8278672099113464
2021-06-09 21:03:33.908 | INFO     | slp.plbind.module:log_to_console:484 - train_acc5      0.6001275181770325
2021-06-09 21:03:33.909 | INFO     | slp.plbind.module:log_to_console:484 - train_acc7      0.5768275856971741
2021-06-09 21:03:33.909 | INFO     | slp.plbind.module:log_to_console:484 - train_f1        0.8679704666137695
2021-06-09 21:03:33.910 | INFO     | slp.plbind.module:log_to_console:484 - train_f1_zero   0.831695020198822
2021-06-09 21:03:33.910 | INFO     | slp.plbind.module:log_to_console:484 - train_mae       0.4897981286048889
2021-06-09 21:03:33.911 | INFO     | slp.plbind.module:log_to_console:484 - train_loss      0.4897981286048889
2021-06-09 21:03:33.911 | INFO     | slp.util.system:print_separator:81 - %%%%%%%%%%%%%%%%%%%%%%%%%%%%%%%%%%%%%%%%%%%%%%%%%%
2021-06-09 21:03:35.709 | INFO     | slp.plbind.module:log_to_console:478 - Epoch 14 Validation results
2021-06-09 21:03:35.712 | INFO     | slp.util.system:print_separator:81 - --------------------------------------------------
2021-06-09 21:03:35.714 | INFO     | slp.plbind.module:log_to_console:484 - val_acc2        0.8040329217910767
2021-06-09 21:03:35.716 | INFO     | slp.plbind.module:log_to_console:484 - val_acc2_zero   0.7841454744338989
2021-06-09 21:03:35.718 | INFO     | slp.plbind.module:log_to_console:484 - val_acc5        0.5344632863998413
2021-06-09 21:03:35.719 | INFO     | slp.plbind.module:log_to_console:484 - val_acc7        0.5201624035835266
2021-06-09 21:03:35.720 | INFO     | slp.plbind.module:log_to_console:484 - val_f1          0.8039911389350891
2021-06-09 21:03:35.721 | INFO     | slp.plbind.module:log_to_console:484 - val_f1_zero     0.7912627458572388
2021-06-09 21:03:35.722 | INFO     | slp.plbind.module:log_to_console:484 - val_mae         0.587687075138092
2021-06-09 21:03:35.723 | INFO     | slp.plbind.module:log_to_console:484 - val_loss        0.587687075138092
2021-06-09 21:03:35.724 | INFO     | slp.plbind.module:log_to_console:484 - best_score      0.5780642032623291
2021-06-09 21:03:35.725 | INFO     | slp.util.system:print_separator:81 - %%%%%%%%%%%%%%%%%%%%%%%%%%%%%%%%%%%%%%%%%%%%%%%%%%
2021-06-09 21:03:35.728 | INFO     | slp.plbind.helpers:_run_early_stopping_check:25 - Epoch 14 Early Stopping
2021-06-09 21:03:35.729 | INFO     | slp.util.system:print_separator:81 - --------------------------------------------------
2021-06-09 21:03:35.731 | INFO     | slp.plbind.helpers:_run_early_stopping_check:27 - best score      0.5780642628669739
2021-06-09 21:03:35.732 | INFO     | slp.plbind.helpers:_run_early_stopping_check:28 - patience left   7              
2021-06-09 21:03:35.733 | INFO     | slp.util.system:print_separator:81 - ##################################################
2021-06-09 21:04:09.986 | INFO     | slp.plbind.module:log_to_console:478 - Epoch 15 Training results
2021-06-09 21:04:09.987 | INFO     | slp.util.system:print_separator:81 - --------------------------------------------------
2021-06-09 21:04:09.987 | INFO     | slp.plbind.module:log_to_console:484 - train_acc2      0.8761782050132751
2021-06-09 21:04:09.988 | INFO     | slp.plbind.module:log_to_console:484 - train_acc2_zero 0.8309949040412903
2021-06-09 21:04:09.988 | INFO     | slp.plbind.module:log_to_console:484 - train_acc5      0.615328848361969
2021-06-09 21:04:09.989 | INFO     | slp.plbind.module:log_to_console:484 - train_acc7      0.59276282787323
2021-06-09 21:04:09.989 | INFO     | slp.plbind.module:log_to_console:484 - train_f1        0.8750745058059692
2021-06-09 21:04:09.989 | INFO     | slp.plbind.module:log_to_console:484 - train_f1_zero   0.8355109691619873
2021-06-09 21:04:09.990 | INFO     | slp.plbind.module:log_to_console:484 - train_mae       0.4688915014266968
2021-06-09 21:04:09.990 | INFO     | slp.plbind.module:log_to_console:484 - train_loss      0.4688915014266968
2021-06-09 21:04:09.991 | INFO     | slp.util.system:print_separator:81 - %%%%%%%%%%%%%%%%%%%%%%%%%%%%%%%%%%%%%%%%%%%%%%%%%%
2021-06-09 21:04:11.971 | INFO     | slp.plbind.module:log_to_console:478 - Epoch 15 Validation results
2021-06-09 21:04:11.972 | INFO     | slp.util.system:print_separator:81 - --------------------------------------------------
2021-06-09 21:04:11.973 | INFO     | slp.plbind.module:log_to_console:484 - val_acc2        0.807898223400116
2021-06-09 21:04:11.974 | INFO     | slp.plbind.module:log_to_console:484 - val_acc2_zero   0.7936087846755981
2021-06-09 21:04:11.974 | INFO     | slp.plbind.module:log_to_console:484 - val_acc5        0.5377118587493896
2021-06-09 21:04:11.975 | INFO     | slp.plbind.module:log_to_console:484 - val_acc7        0.525529682636261
2021-06-09 21:04:11.976 | INFO     | slp.plbind.module:log_to_console:484 - val_f1          0.8055090308189392
2021-06-09 21:04:11.976 | INFO     | slp.plbind.module:log_to_console:484 - val_f1_zero     0.7979298233985901
2021-06-09 21:04:11.977 | INFO     | slp.plbind.module:log_to_console:484 - val_mae         0.5757424235343933
2021-06-09 21:04:11.978 | INFO     | slp.plbind.module:log_to_console:484 - val_loss        0.5757424235343933
2021-06-09 21:04:11.978 | INFO     | slp.plbind.module:log_to_console:484 - best_score      0.5780642032623291
2021-06-09 21:04:11.979 | INFO     | slp.util.system:print_separator:81 - %%%%%%%%%%%%%%%%%%%%%%%%%%%%%%%%%%%%%%%%%%%%%%%%%%
2021-06-09 21:04:11.981 | INFO     | slp.plbind.helpers:_run_early_stopping_check:25 - Epoch 15 Early Stopping
2021-06-09 21:04:11.982 | INFO     | slp.util.system:print_separator:81 - --------------------------------------------------
2021-06-09 21:04:11.983 | INFO     | slp.plbind.helpers:_run_early_stopping_check:27 - best score      0.5757424235343933
2021-06-09 21:04:11.983 | INFO     | slp.plbind.helpers:_run_early_stopping_check:28 - patience left   10             
2021-06-09 21:04:11.984 | INFO     | slp.util.system:print_separator:81 - ##################################################
2021-06-09 21:04:46.140 | INFO     | slp.plbind.module:log_to_console:478 - Epoch 16 Training results
2021-06-09 21:04:46.140 | INFO     | slp.util.system:print_separator:81 - --------------------------------------------------
2021-06-09 21:04:46.141 | INFO     | slp.plbind.module:log_to_console:484 - train_acc2      0.8803515434265137
2021-06-09 21:04:46.142 | INFO     | slp.plbind.module:log_to_console:484 - train_acc2_zero 0.8357911705970764
2021-06-09 21:04:46.142 | INFO     | slp.plbind.module:log_to_console:484 - train_acc5      0.6245632171630859
2021-06-09 21:04:46.142 | INFO     | slp.plbind.module:log_to_console:484 - train_acc7      0.6015340685844421
2021-06-09 21:04:46.143 | INFO     | slp.plbind.module:log_to_console:484 - train_f1        0.8792493343353271
2021-06-09 21:04:46.144 | INFO     | slp.plbind.module:log_to_console:484 - train_f1_zero   0.8399609327316284
2021-06-09 21:04:46.144 | INFO     | slp.plbind.module:log_to_console:484 - train_mae       0.45929157733917236
2021-06-09 21:04:46.145 | INFO     | slp.plbind.module:log_to_console:484 - train_loss      0.45929157733917236
2021-06-09 21:04:46.145 | INFO     | slp.util.system:print_separator:81 - %%%%%%%%%%%%%%%%%%%%%%%%%%%%%%%%%%%%%%%%%%%%%%%%%%
2021-06-09 21:04:48.103 | INFO     | slp.plbind.module:log_to_console:478 - Epoch 16 Validation results
2021-06-09 21:04:48.105 | INFO     | slp.util.system:print_separator:81 - --------------------------------------------------
2021-06-09 21:04:48.106 | INFO     | slp.plbind.module:log_to_console:484 - val_acc2        0.7926719784736633
2021-06-09 21:04:48.107 | INFO     | slp.plbind.module:log_to_console:484 - val_acc2_zero   0.758050799369812
2021-06-09 21:04:48.108 | INFO     | slp.plbind.module:log_to_console:484 - val_acc5        0.5355932116508484
2021-06-09 21:04:48.109 | INFO     | slp.plbind.module:log_to_console:484 - val_acc7        0.5207627415657043
2021-06-09 21:04:48.111 | INFO     | slp.plbind.module:log_to_console:484 - val_f1          0.7967376708984375
2021-06-09 21:04:48.112 | INFO     | slp.plbind.module:log_to_console:484 - val_f1_zero     0.7704401016235352
2021-06-09 21:04:48.113 | INFO     | slp.plbind.module:log_to_console:484 - val_mae         0.5933170914649963
2021-06-09 21:04:48.114 | INFO     | slp.plbind.module:log_to_console:484 - val_loss        0.5933170914649963
2021-06-09 21:04:48.115 | INFO     | slp.plbind.module:log_to_console:484 - best_score      0.5757424235343933
2021-06-09 21:04:48.117 | INFO     | slp.util.system:print_separator:81 - %%%%%%%%%%%%%%%%%%%%%%%%%%%%%%%%%%%%%%%%%%%%%%%%%%
2021-06-09 21:04:48.120 | INFO     | slp.plbind.helpers:_run_early_stopping_check:25 - Epoch 16 Early Stopping
2021-06-09 21:04:48.121 | INFO     | slp.util.system:print_separator:81 - --------------------------------------------------
2021-06-09 21:04:48.122 | INFO     | slp.plbind.helpers:_run_early_stopping_check:27 - best score      0.5757424235343933
2021-06-09 21:04:48.123 | INFO     | slp.plbind.helpers:_run_early_stopping_check:28 - patience left   9              
2021-06-09 21:04:48.124 | INFO     | slp.util.system:print_separator:81 - ##################################################
2021-06-09 21:05:21.707 | INFO     | slp.plbind.module:log_to_console:478 - Epoch 17 Training results
2021-06-09 21:05:21.708 | INFO     | slp.util.system:print_separator:81 - --------------------------------------------------
2021-06-09 21:05:21.708 | INFO     | slp.plbind.module:log_to_console:484 - train_acc2      0.8823835849761963
2021-06-09 21:05:21.709 | INFO     | slp.plbind.module:log_to_console:484 - train_acc2_zero 0.8340526223182678
2021-06-09 21:05:21.710 | INFO     | slp.plbind.module:log_to_console:484 - train_acc5      0.6319628953933716
2021-06-09 21:05:21.710 | INFO     | slp.plbind.module:log_to_console:484 - train_acc7      0.6078068614006042
2021-06-09 21:05:21.711 | INFO     | slp.plbind.module:log_to_console:484 - train_f1        0.8815299272537231
2021-06-09 21:05:21.711 | INFO     | slp.plbind.module:log_to_console:484 - train_f1_zero   0.8385242819786072
2021-06-09 21:05:21.712 | INFO     | slp.plbind.module:log_to_console:484 - train_mae       0.44905492663383484
2021-06-09 21:05:21.712 | INFO     | slp.plbind.module:log_to_console:484 - train_loss      0.44905492663383484
2021-06-09 21:05:21.713 | INFO     | slp.util.system:print_separator:81 - %%%%%%%%%%%%%%%%%%%%%%%%%%%%%%%%%%%%%%%%%%%%%%%%%%
2021-06-09 21:05:23.678 | INFO     | slp.plbind.module:log_to_console:478 - Epoch 17 Validation results
2021-06-09 21:05:23.679 | INFO     | slp.util.system:print_separator:81 - --------------------------------------------------
2021-06-09 21:05:23.680 | INFO     | slp.plbind.module:log_to_console:484 - val_acc2        0.7918022274971008
2021-06-09 21:05:23.681 | INFO     | slp.plbind.module:log_to_console:484 - val_acc2_zero   0.7730225920677185
2021-06-09 21:05:23.682 | INFO     | slp.plbind.module:log_to_console:484 - val_acc5        0.5355225801467896
2021-06-09 21:05:23.683 | INFO     | slp.plbind.module:log_to_console:484 - val_acc7        0.5185734629631042
2021-06-09 21:05:23.683 | INFO     | slp.plbind.module:log_to_console:484 - val_f1          0.7920767664909363
2021-06-09 21:05:23.684 | INFO     | slp.plbind.module:log_to_console:484 - val_f1_zero     0.7803589701652527
2021-06-09 21:05:23.685 | INFO     | slp.plbind.module:log_to_console:484 - val_mae         0.589713454246521
2021-06-09 21:05:23.685 | INFO     | slp.plbind.module:log_to_console:484 - val_loss        0.589713454246521
2021-06-09 21:05:23.686 | INFO     | slp.plbind.module:log_to_console:484 - best_score      0.5757424235343933
2021-06-09 21:05:23.687 | INFO     | slp.util.system:print_separator:81 - %%%%%%%%%%%%%%%%%%%%%%%%%%%%%%%%%%%%%%%%%%%%%%%%%%
2021-06-09 21:05:23.693 | INFO     | slp.plbind.helpers:_run_early_stopping_check:25 - Epoch 17 Early Stopping
2021-06-09 21:05:23.693 | INFO     | slp.util.system:print_separator:81 - --------------------------------------------------
2021-06-09 21:05:23.694 | INFO     | slp.plbind.helpers:_run_early_stopping_check:27 - best score      0.5757424235343933
2021-06-09 21:05:23.695 | INFO     | slp.plbind.helpers:_run_early_stopping_check:28 - patience left   8              
2021-06-09 21:05:23.695 | INFO     | slp.util.system:print_separator:81 - ##################################################
2021-06-09 21:05:57.633 | INFO     | slp.plbind.module:log_to_console:478 - Epoch 18 Training results
2021-06-09 21:05:57.634 | INFO     | slp.util.system:print_separator:81 - --------------------------------------------------
2021-06-09 21:05:57.634 | INFO     | slp.plbind.module:log_to_console:484 - train_acc2      0.8823676705360413
2021-06-09 21:05:57.635 | INFO     | slp.plbind.module:log_to_console:484 - train_acc2_zero 0.8339303135871887
2021-06-09 21:05:57.635 | INFO     | slp.plbind.module:log_to_console:484 - train_acc5      0.6349244713783264
2021-06-09 21:05:57.636 | INFO     | slp.plbind.module:log_to_console:484 - train_acc7      0.6115634441375732
2021-06-09 21:05:57.636 | INFO     | slp.plbind.module:log_to_console:484 - train_f1        0.8814610838890076
2021-06-09 21:05:57.637 | INFO     | slp.plbind.module:log_to_console:484 - train_f1_zero   0.838505208492279
2021-06-09 21:05:57.637 | INFO     | slp.plbind.module:log_to_console:484 - train_mae       0.44623321294784546
2021-06-09 21:05:57.638 | INFO     | slp.plbind.module:log_to_console:484 - train_loss      0.44623321294784546
2021-06-09 21:05:57.638 | INFO     | slp.util.system:print_separator:81 - %%%%%%%%%%%%%%%%%%%%%%%%%%%%%%%%%%%%%%%%%%%%%%%%%%
2021-06-09 21:05:59.510 | INFO     | slp.plbind.module:log_to_console:478 - Epoch 18 Validation results
2021-06-09 21:05:59.512 | INFO     | slp.util.system:print_separator:81 - --------------------------------------------------
2021-06-09 21:05:59.513 | INFO     | slp.plbind.module:log_to_console:484 - val_acc2        0.8013883829116821
2021-06-09 21:05:59.514 | INFO     | slp.plbind.module:log_to_console:484 - val_acc2_zero   0.7888418436050415
2021-06-09 21:05:59.515 | INFO     | slp.plbind.module:log_to_console:484 - val_acc5        0.5313559174537659
2021-06-09 21:05:59.516 | INFO     | slp.plbind.module:log_to_console:484 - val_acc7        0.5175847411155701
2021-06-09 21:05:59.517 | INFO     | slp.plbind.module:log_to_console:484 - val_f1          0.8020856380462646
2021-06-09 21:05:59.518 | INFO     | slp.plbind.module:log_to_console:484 - val_f1_zero     0.7960168719291687
2021-06-09 21:05:59.519 | INFO     | slp.plbind.module:log_to_console:484 - val_mae         0.5861117243766785
2021-06-09 21:05:59.521 | INFO     | slp.plbind.module:log_to_console:484 - val_loss        0.5861117243766785
2021-06-09 21:05:59.522 | INFO     | slp.plbind.module:log_to_console:484 - best_score      0.5757424235343933
2021-06-09 21:05:59.523 | INFO     | slp.util.system:print_separator:81 - %%%%%%%%%%%%%%%%%%%%%%%%%%%%%%%%%%%%%%%%%%%%%%%%%%
2021-06-09 21:05:59.525 | INFO     | slp.plbind.helpers:_run_early_stopping_check:25 - Epoch 18 Early Stopping
2021-06-09 21:05:59.527 | INFO     | slp.util.system:print_separator:81 - --------------------------------------------------
2021-06-09 21:05:59.528 | INFO     | slp.plbind.helpers:_run_early_stopping_check:27 - best score      0.5757424235343933
2021-06-09 21:05:59.528 | INFO     | slp.plbind.helpers:_run_early_stopping_check:28 - patience left   7              
2021-06-09 21:05:59.529 | INFO     | slp.util.system:print_separator:81 - ##################################################
2021-06-09 21:06:34.045 | INFO     | slp.plbind.module:log_to_console:478 - Epoch 19 Training results
2021-06-09 21:06:34.046 | INFO     | slp.util.system:print_separator:81 - --------------------------------------------------
2021-06-09 21:06:34.046 | INFO     | slp.plbind.module:log_to_console:484 - train_acc2      0.8865734338760376
2021-06-09 21:06:34.047 | INFO     | slp.plbind.module:log_to_console:484 - train_acc2_zero 0.839984655380249
2021-06-09 21:06:34.047 | INFO     | slp.plbind.module:log_to_console:484 - train_acc5      0.6404895186424255
2021-06-09 21:06:34.048 | INFO     | slp.plbind.module:log_to_console:484 - train_acc7      0.6163946390151978
2021-06-09 21:06:34.048 | INFO     | slp.plbind.module:log_to_console:484 - train_f1        0.8853069543838501
2021-06-09 21:06:34.049 | INFO     | slp.plbind.module:log_to_console:484 - train_f1_zero   0.8438819646835327
2021-06-09 21:06:34.049 | INFO     | slp.plbind.module:log_to_console:484 - train_mae       0.43873509764671326
2021-06-09 21:06:34.050 | INFO     | slp.plbind.module:log_to_console:484 - train_loss      0.43873509764671326
2021-06-09 21:06:34.050 | INFO     | slp.util.system:print_separator:81 - %%%%%%%%%%%%%%%%%%%%%%%%%%%%%%%%%%%%%%%%%%%%%%%%%%
2021-06-09 21:06:35.966 | INFO     | slp.plbind.module:log_to_console:478 - Epoch 19 Validation results
2021-06-09 21:06:35.968 | INFO     | slp.util.system:print_separator:81 - --------------------------------------------------
2021-06-09 21:06:35.970 | INFO     | slp.plbind.module:log_to_console:484 - val_acc2        0.7612278461456299
2021-06-09 21:06:35.972 | INFO     | slp.plbind.module:log_to_console:484 - val_acc2_zero   0.7215042114257812
2021-06-09 21:06:35.974 | INFO     | slp.plbind.module:log_to_console:484 - val_acc5        0.5302259922027588
2021-06-09 21:06:35.976 | INFO     | slp.plbind.module:log_to_console:484 - val_acc7        0.5159251093864441
2021-06-09 21:06:35.978 | INFO     | slp.plbind.module:log_to_console:484 - val_f1          0.7701978087425232
2021-06-09 21:06:35.980 | INFO     | slp.plbind.module:log_to_console:484 - val_f1_zero     0.7385466694831848
2021-06-09 21:06:35.981 | INFO     | slp.plbind.module:log_to_console:484 - val_mae         0.609873354434967
2021-06-09 21:06:35.983 | INFO     | slp.plbind.module:log_to_console:484 - val_loss        0.609873354434967
2021-06-09 21:06:35.984 | INFO     | slp.plbind.module:log_to_console:484 - best_score      0.5757424235343933
2021-06-09 21:06:35.985 | INFO     | slp.util.system:print_separator:81 - %%%%%%%%%%%%%%%%%%%%%%%%%%%%%%%%%%%%%%%%%%%%%%%%%%
2021-06-09 21:06:35.989 | INFO     | slp.plbind.helpers:_run_early_stopping_check:25 - Epoch 19 Early Stopping
2021-06-09 21:06:35.991 | INFO     | slp.util.system:print_separator:81 - --------------------------------------------------
2021-06-09 21:06:35.992 | INFO     | slp.plbind.helpers:_run_early_stopping_check:27 - best score      0.5757424235343933
2021-06-09 21:06:35.993 | INFO     | slp.plbind.helpers:_run_early_stopping_check:28 - patience left   6              
2021-06-09 21:06:35.994 | INFO     | slp.util.system:print_separator:81 - ##################################################
2021-06-09 21:07:10.463 | INFO     | slp.plbind.module:log_to_console:478 - Epoch 20 Training results
2021-06-09 21:07:10.463 | INFO     | slp.util.system:print_separator:81 - --------------------------------------------------
2021-06-09 21:07:10.464 | INFO     | slp.plbind.module:log_to_console:484 - train_acc2      0.8869349956512451
2021-06-09 21:07:10.465 | INFO     | slp.plbind.module:log_to_console:484 - train_acc2_zero 0.8353106379508972
2021-06-09 21:07:10.465 | INFO     | slp.plbind.module:log_to_console:484 - train_acc5      0.6496627330780029
2021-06-09 21:07:10.466 | INFO     | slp.plbind.module:log_to_console:484 - train_acc7      0.6257513165473938
2021-06-09 21:07:10.466 | INFO     | slp.plbind.module:log_to_console:484 - train_f1        0.8860214352607727
2021-06-09 21:07:10.467 | INFO     | slp.plbind.module:log_to_console:484 - train_f1_zero   0.8400371670722961
2021-06-09 21:07:10.467 | INFO     | slp.plbind.module:log_to_console:484 - train_mae       0.4235134720802307
2021-06-09 21:07:10.468 | INFO     | slp.plbind.module:log_to_console:484 - train_loss      0.4235134720802307
2021-06-09 21:07:10.468 | INFO     | slp.util.system:print_separator:81 - %%%%%%%%%%%%%%%%%%%%%%%%%%%%%%%%%%%%%%%%%%%%%%%%%%
2021-06-09 21:07:12.440 | INFO     | slp.plbind.module:log_to_console:478 - Epoch 20 Validation results
2021-06-09 21:07:12.441 | INFO     | slp.util.system:print_separator:81 - --------------------------------------------------
2021-06-09 21:07:12.442 | INFO     | slp.plbind.module:log_to_console:484 - val_acc2        0.7855889797210693
2021-06-09 21:07:12.443 | INFO     | slp.plbind.module:log_to_console:484 - val_acc2_zero   0.7597104907035828
2021-06-09 21:07:12.444 | INFO     | slp.plbind.module:log_to_console:484 - val_acc5        0.5308262705802917
2021-06-09 21:07:12.445 | INFO     | slp.plbind.module:log_to_console:484 - val_acc7        0.5159957408905029
2021-06-09 21:07:12.446 | INFO     | slp.plbind.module:log_to_console:484 - val_f1          0.7869943380355835
2021-06-09 21:07:12.447 | INFO     | slp.plbind.module:log_to_console:484 - val_f1_zero     0.7690644264221191
2021-06-09 21:07:12.448 | INFO     | slp.plbind.module:log_to_console:484 - val_mae         0.6041444540023804
2021-06-09 21:07:12.449 | INFO     | slp.plbind.module:log_to_console:484 - val_loss        0.6041444540023804
2021-06-09 21:07:12.450 | INFO     | slp.plbind.module:log_to_console:484 - best_score      0.5757424235343933
2021-06-09 21:07:12.451 | INFO     | slp.util.system:print_separator:81 - %%%%%%%%%%%%%%%%%%%%%%%%%%%%%%%%%%%%%%%%%%%%%%%%%%
2021-06-09 21:07:12.454 | INFO     | slp.plbind.helpers:_run_early_stopping_check:25 - Epoch 20 Early Stopping
2021-06-09 21:07:12.455 | INFO     | slp.util.system:print_separator:81 - --------------------------------------------------
2021-06-09 21:07:12.456 | INFO     | slp.plbind.helpers:_run_early_stopping_check:27 - best score      0.5757424235343933
2021-06-09 21:07:12.457 | INFO     | slp.plbind.helpers:_run_early_stopping_check:28 - patience left   5              
2021-06-09 21:07:12.458 | INFO     | slp.util.system:print_separator:81 - ##################################################
2021-06-09 21:07:46.425 | INFO     | slp.plbind.module:log_to_console:478 - Epoch 21 Training results
2021-06-09 21:07:46.426 | INFO     | slp.util.system:print_separator:81 - --------------------------------------------------
2021-06-09 21:07:46.427 | INFO     | slp.plbind.module:log_to_console:484 - train_acc2      0.8908474445343018
2021-06-09 21:07:46.428 | INFO     | slp.plbind.module:log_to_console:484 - train_acc2_zero 0.8398623466491699
2021-06-09 21:07:46.429 | INFO     | slp.plbind.module:log_to_console:484 - train_acc5      0.6586874723434448
2021-06-09 21:07:46.431 | INFO     | slp.plbind.module:log_to_console:484 - train_acc7      0.6348371505737305
2021-06-09 21:07:46.432 | INFO     | slp.plbind.module:log_to_console:484 - train_f1        0.8898349404335022
2021-06-09 21:07:46.433 | INFO     | slp.plbind.module:log_to_console:484 - train_f1_zero   0.8443771004676819
2021-06-09 21:07:46.435 | INFO     | slp.plbind.module:log_to_console:484 - train_mae       0.4176182448863983
2021-06-09 21:07:46.436 | INFO     | slp.plbind.module:log_to_console:484 - train_loss      0.4176182448863983
2021-06-09 21:07:46.437 | INFO     | slp.util.system:print_separator:81 - %%%%%%%%%%%%%%%%%%%%%%%%%%%%%%%%%%%%%%%%%%%%%%%%%%
2021-06-09 21:07:48.414 | INFO     | slp.plbind.module:log_to_console:478 - Epoch 21 Validation results
2021-06-09 21:07:48.415 | INFO     | slp.util.system:print_separator:81 - --------------------------------------------------
2021-06-09 21:07:48.416 | INFO     | slp.plbind.module:log_to_console:484 - val_acc2        0.7994174361228943
2021-06-09 21:07:48.417 | INFO     | slp.plbind.module:log_to_console:484 - val_acc2_zero   0.777189314365387
2021-06-09 21:07:48.418 | INFO     | slp.plbind.module:log_to_console:484 - val_acc5        0.5211511254310608
2021-06-09 21:07:48.418 | INFO     | slp.plbind.module:log_to_console:484 - val_acc7        0.5052613019943237
2021-06-09 21:07:48.419 | INFO     | slp.plbind.module:log_to_console:484 - val_f1          0.798456609249115
2021-06-09 21:07:48.420 | INFO     | slp.plbind.module:log_to_console:484 - val_f1_zero     0.7842902541160583
2021-06-09 21:07:48.420 | INFO     | slp.plbind.module:log_to_console:484 - val_mae         0.600199818611145
2021-06-09 21:07:48.421 | INFO     | slp.plbind.module:log_to_console:484 - val_loss        0.600199818611145
2021-06-09 21:07:48.422 | INFO     | slp.plbind.module:log_to_console:484 - best_score      0.5757424235343933
2021-06-09 21:07:48.422 | INFO     | slp.util.system:print_separator:81 - %%%%%%%%%%%%%%%%%%%%%%%%%%%%%%%%%%%%%%%%%%%%%%%%%%
2021-06-09 21:07:48.424 | INFO     | slp.plbind.helpers:_run_early_stopping_check:25 - Epoch 21 Early Stopping
2021-06-09 21:07:48.425 | INFO     | slp.util.system:print_separator:81 - --------------------------------------------------
2021-06-09 21:07:48.426 | INFO     | slp.plbind.helpers:_run_early_stopping_check:27 - best score      0.5757424235343933
2021-06-09 21:07:48.426 | INFO     | slp.plbind.helpers:_run_early_stopping_check:28 - patience left   4              
2021-06-09 21:07:48.427 | INFO     | slp.util.system:print_separator:81 - ##################################################
2021-06-09 21:08:21.985 | INFO     | slp.plbind.module:log_to_console:478 - Epoch 22 Training results
2021-06-09 21:08:21.986 | INFO     | slp.util.system:print_separator:81 - --------------------------------------------------
2021-06-09 21:08:21.986 | INFO     | slp.plbind.module:log_to_console:484 - train_acc2      0.8925004005432129
2021-06-09 21:08:21.987 | INFO     | slp.plbind.module:log_to_console:484 - train_acc2_zero 0.8393730521202087
2021-06-09 21:08:21.987 | INFO     | slp.plbind.module:log_to_console:484 - train_acc5      0.6655979156494141
2021-06-09 21:08:21.988 | INFO     | slp.plbind.module:log_to_console:484 - train_acc7      0.6407691836357117
2021-06-09 21:08:21.988 | INFO     | slp.plbind.module:log_to_console:484 - train_f1        0.8915242552757263
2021-06-09 21:08:21.989 | INFO     | slp.plbind.module:log_to_console:484 - train_f1_zero   0.8440799117088318
2021-06-09 21:08:21.989 | INFO     | slp.plbind.module:log_to_console:484 - train_mae       0.41220390796661377
2021-06-09 21:08:21.990 | INFO     | slp.plbind.module:log_to_console:484 - train_loss      0.41220390796661377
2021-06-09 21:08:21.990 | INFO     | slp.util.system:print_separator:81 - %%%%%%%%%%%%%%%%%%%%%%%%%%%%%%%%%%%%%%%%%%%%%%%%%%
2021-06-09 21:08:23.982 | INFO     | slp.plbind.module:log_to_console:478 - Epoch 22 Validation results
2021-06-09 21:08:23.983 | INFO     | slp.util.system:print_separator:81 - --------------------------------------------------
2021-06-09 21:08:23.984 | INFO     | slp.plbind.module:log_to_console:484 - val_acc2        0.7968007326126099
2021-06-09 21:08:23.985 | INFO     | slp.plbind.module:log_to_console:484 - val_acc2_zero   0.7830155491828918
2021-06-09 21:08:23.985 | INFO     | slp.plbind.module:log_to_console:484 - val_acc5        0.5206921100616455
2021-06-09 21:08:23.986 | INFO     | slp.plbind.module:log_to_console:484 - val_acc7        0.507980227470398
2021-06-09 21:08:23.987 | INFO     | slp.plbind.module:log_to_console:484 - val_f1          0.7944787740707397
2021-06-09 21:08:23.987 | INFO     | slp.plbind.module:log_to_console:484 - val_f1_zero     0.788182258605957
2021-06-09 21:08:23.988 | INFO     | slp.plbind.module:log_to_console:484 - val_mae         0.5992174744606018
2021-06-09 21:08:23.988 | INFO     | slp.plbind.module:log_to_console:484 - val_loss        0.5992174744606018
2021-06-09 21:08:23.989 | INFO     | slp.plbind.module:log_to_console:484 - best_score      0.5757424235343933
2021-06-09 21:08:23.990 | INFO     | slp.util.system:print_separator:81 - %%%%%%%%%%%%%%%%%%%%%%%%%%%%%%%%%%%%%%%%%%%%%%%%%%
2021-06-09 21:08:23.992 | INFO     | slp.plbind.helpers:_run_early_stopping_check:25 - Epoch 22 Early Stopping
2021-06-09 21:08:23.992 | INFO     | slp.util.system:print_separator:81 - --------------------------------------------------
2021-06-09 21:08:23.993 | INFO     | slp.plbind.helpers:_run_early_stopping_check:27 - best score      0.5757424235343933
2021-06-09 21:08:23.994 | INFO     | slp.plbind.helpers:_run_early_stopping_check:28 - patience left   3              
2021-06-09 21:08:23.994 | INFO     | slp.util.system:print_separator:81 - ##################################################
2021-06-09 21:08:57.964 | INFO     | slp.plbind.module:log_to_console:478 - Epoch 23 Training results
2021-06-09 21:08:57.965 | INFO     | slp.util.system:print_separator:81 - --------------------------------------------------
2021-06-09 21:08:57.966 | INFO     | slp.plbind.module:log_to_console:484 - train_acc2      0.8922221064567566
2021-06-09 21:08:57.966 | INFO     | slp.plbind.module:log_to_console:484 - train_acc2_zero 0.8418804407119751
2021-06-09 21:08:57.967 | INFO     | slp.plbind.module:log_to_console:484 - train_acc5      0.6636671423912048
2021-06-09 21:08:57.967 | INFO     | slp.plbind.module:log_to_console:484 - train_acc7      0.6385937333106995
2021-06-09 21:08:57.968 | INFO     | slp.plbind.module:log_to_console:484 - train_f1        0.8911728858947754
2021-06-09 21:08:57.968 | INFO     | slp.plbind.module:log_to_console:484 - train_f1_zero   0.8462892174720764
2021-06-09 21:08:57.968 | INFO     | slp.plbind.module:log_to_console:484 - train_mae       0.4106071889400482
2021-06-09 21:08:57.969 | INFO     | slp.plbind.module:log_to_console:484 - train_loss      0.4106071889400482
2021-06-09 21:08:57.969 | INFO     | slp.util.system:print_separator:81 - %%%%%%%%%%%%%%%%%%%%%%%%%%%%%%%%%%%%%%%%%%%%%%%%%%
2021-06-09 21:08:59.911 | INFO     | slp.plbind.module:log_to_console:478 - Epoch 23 Validation results
2021-06-09 21:08:59.913 | INFO     | slp.util.system:print_separator:81 - --------------------------------------------------
2021-06-09 21:08:59.914 | INFO     | slp.plbind.module:log_to_console:484 - val_acc2        0.7876633405685425
2021-06-09 21:08:59.915 | INFO     | slp.plbind.module:log_to_console:484 - val_acc2_zero   0.761829137802124
2021-06-09 21:08:59.916 | INFO     | slp.plbind.module:log_to_console:484 - val_acc5        0.5233404040336609
2021-06-09 21:08:59.918 | INFO     | slp.plbind.module:log_to_console:484 - val_acc7        0.5085098743438721
2021-06-09 21:08:59.919 | INFO     | slp.plbind.module:log_to_console:484 - val_f1          0.790367603302002
2021-06-09 21:08:59.920 | INFO     | slp.plbind.module:log_to_console:484 - val_f1_zero     0.7715424299240112
2021-06-09 21:08:59.921 | INFO     | slp.plbind.module:log_to_console:484 - val_mae         0.6088126301765442
2021-06-09 21:08:59.922 | INFO     | slp.plbind.module:log_to_console:484 - val_loss        0.6088126301765442
2021-06-09 21:08:59.923 | INFO     | slp.plbind.module:log_to_console:484 - best_score      0.5757424235343933
2021-06-09 21:08:59.925 | INFO     | slp.util.system:print_separator:81 - %%%%%%%%%%%%%%%%%%%%%%%%%%%%%%%%%%%%%%%%%%%%%%%%%%
2021-06-09 21:08:59.928 | INFO     | slp.plbind.helpers:_run_early_stopping_check:25 - Epoch 23 Early Stopping
2021-06-09 21:08:59.929 | INFO     | slp.util.system:print_separator:81 - --------------------------------------------------
2021-06-09 21:08:59.929 | INFO     | slp.plbind.helpers:_run_early_stopping_check:27 - best score      0.5757424235343933
2021-06-09 21:08:59.930 | INFO     | slp.plbind.helpers:_run_early_stopping_check:28 - patience left   2              
2021-06-09 21:08:59.931 | INFO     | slp.util.system:print_separator:81 - ##################################################
2021-06-09 21:09:33.970 | INFO     | slp.plbind.module:log_to_console:478 - Epoch 24 Training results
2021-06-09 21:09:33.971 | INFO     | slp.util.system:print_separator:81 - --------------------------------------------------
2021-06-09 21:09:33.971 | INFO     | slp.plbind.module:log_to_console:484 - train_acc2      0.8924563527107239
2021-06-09 21:09:33.972 | INFO     | slp.plbind.module:log_to_console:484 - train_acc2_zero 0.8417930603027344
2021-06-09 21:09:33.972 | INFO     | slp.plbind.module:log_to_console:484 - train_acc5      0.668472170829773
2021-06-09 21:09:33.973 | INFO     | slp.plbind.module:log_to_console:484 - train_acc7      0.6452334523200989
2021-06-09 21:09:33.973 | INFO     | slp.plbind.module:log_to_console:484 - train_f1        0.8917530179023743
2021-06-09 21:09:33.974 | INFO     | slp.plbind.module:log_to_console:484 - train_f1_zero   0.8463087677955627
2021-06-09 21:09:33.974 | INFO     | slp.plbind.module:log_to_console:484 - train_mae       0.4068233072757721
2021-06-09 21:09:33.975 | INFO     | slp.plbind.module:log_to_console:484 - train_loss      0.4068233072757721
2021-06-09 21:09:33.975 | INFO     | slp.util.system:print_separator:81 - %%%%%%%%%%%%%%%%%%%%%%%%%%%%%%%%%%%%%%%%%%%%%%%%%%
2021-06-09 21:09:35.955 | INFO     | slp.plbind.module:log_to_console:478 - Epoch 24 Validation results
2021-06-09 21:09:35.956 | INFO     | slp.util.system:print_separator:81 - --------------------------------------------------
2021-06-09 21:09:35.957 | INFO     | slp.plbind.module:log_to_console:484 - val_acc2        0.7908059358596802
2021-06-09 21:09:35.958 | INFO     | slp.plbind.module:log_to_console:484 - val_acc2_zero   0.7735522389411926
2021-06-09 21:09:35.958 | INFO     | slp.plbind.module:log_to_console:484 - val_acc5        0.5212923884391785
2021-06-09 21:09:35.959 | INFO     | slp.plbind.module:log_to_console:484 - val_acc7        0.509110152721405
2021-06-09 21:09:35.960 | INFO     | slp.plbind.module:log_to_console:484 - val_f1          0.7911669611930847
2021-06-09 21:09:35.960 | INFO     | slp.plbind.module:log_to_console:484 - val_f1_zero     0.7816442847251892
2021-06-09 21:09:35.961 | INFO     | slp.plbind.module:log_to_console:484 - val_mae         0.5962926745414734
2021-06-09 21:09:35.962 | INFO     | slp.plbind.module:log_to_console:484 - val_loss        0.5962926745414734
2021-06-09 21:09:35.962 | INFO     | slp.plbind.module:log_to_console:484 - best_score      0.5757424235343933
2021-06-09 21:09:35.963 | INFO     | slp.util.system:print_separator:81 - %%%%%%%%%%%%%%%%%%%%%%%%%%%%%%%%%%%%%%%%%%%%%%%%%%
2021-06-09 21:09:35.965 | INFO     | slp.plbind.helpers:_run_early_stopping_check:25 - Epoch 24 Early Stopping
2021-06-09 21:09:35.966 | INFO     | slp.util.system:print_separator:81 - --------------------------------------------------
2021-06-09 21:09:35.966 | INFO     | slp.plbind.helpers:_run_early_stopping_check:27 - best score      0.5757424235343933
2021-06-09 21:09:35.967 | INFO     | slp.plbind.helpers:_run_early_stopping_check:28 - patience left   1              
2021-06-09 21:09:35.968 | INFO     | slp.util.system:print_separator:81 - ##################################################
2021-06-09 21:10:09.638 | INFO     | slp.plbind.module:log_to_console:478 - Epoch 25 Training results
2021-06-09 21:10:09.638 | INFO     | slp.util.system:print_separator:81 - --------------------------------------------------
2021-06-09 21:10:09.639 | INFO     | slp.plbind.module:log_to_console:484 - train_acc2      0.8951305150985718
2021-06-09 21:10:09.639 | INFO     | slp.plbind.module:log_to_console:484 - train_acc2_zero 0.8447896242141724
2021-06-09 21:10:09.640 | INFO     | slp.plbind.module:log_to_console:484 - train_acc5      0.6748060584068298
2021-06-09 21:10:09.640 | INFO     | slp.plbind.module:log_to_console:484 - train_acc7      0.6516284346580505
2021-06-09 21:10:09.641 | INFO     | slp.plbind.module:log_to_console:484 - train_f1        0.8941431641578674
2021-06-09 21:10:09.641 | INFO     | slp.plbind.module:log_to_console:484 - train_f1_zero   0.8492487668991089
2021-06-09 21:10:09.641 | INFO     | slp.plbind.module:log_to_console:484 - train_mae       0.39636194705963135
2021-06-09 21:10:09.642 | INFO     | slp.plbind.module:log_to_console:484 - train_loss      0.39636194705963135
2021-06-09 21:10:09.642 | INFO     | slp.util.system:print_separator:81 - %%%%%%%%%%%%%%%%%%%%%%%%%%%%%%%%%%%%%%%%%%%%%%%%%%
2021-06-09 21:10:11.660 | INFO     | slp.plbind.module:log_to_console:478 - Epoch 25 Validation results
2021-06-09 21:10:11.661 | INFO     | slp.util.system:print_separator:81 - --------------------------------------------------
2021-06-09 21:10:11.661 | INFO     | slp.plbind.module:log_to_console:484 - val_acc2        0.7855173349380493
2021-06-09 21:10:11.662 | INFO     | slp.plbind.module:log_to_console:484 - val_acc2_zero   0.7666666507720947
2021-06-09 21:10:11.663 | INFO     | slp.plbind.module:log_to_console:484 - val_acc5        0.5212217569351196
2021-06-09 21:10:11.663 | INFO     | slp.plbind.module:log_to_console:484 - val_acc7        0.5085098743438721
2021-06-09 21:10:11.664 | INFO     | slp.plbind.module:log_to_console:484 - val_f1          0.7885905504226685
2021-06-09 21:10:11.665 | INFO     | slp.plbind.module:log_to_console:484 - val_f1_zero     0.7764829397201538
2021-06-09 21:10:11.665 | INFO     | slp.plbind.module:log_to_console:484 - val_mae         0.60396409034729
2021-06-09 21:10:11.666 | INFO     | slp.plbind.module:log_to_console:484 - val_loss        0.60396409034729
2021-06-09 21:10:11.667 | INFO     | slp.plbind.module:log_to_console:484 - best_score      0.5757424235343933
2021-06-09 21:10:11.667 | INFO     | slp.util.system:print_separator:81 - %%%%%%%%%%%%%%%%%%%%%%%%%%%%%%%%%%%%%%%%%%%%%%%%%%
2021-06-09 21:10:11.669 | INFO     | slp.plbind.helpers:_run_early_stopping_check:25 - Epoch 25 Early Stopping
2021-06-09 21:10:11.670 | INFO     | slp.util.system:print_separator:81 - --------------------------------------------------
2021-06-09 21:10:11.671 | INFO     | slp.plbind.helpers:_run_early_stopping_check:27 - best score      0.5757424235343933
2021-06-09 21:10:11.671 | INFO     | slp.plbind.helpers:_run_early_stopping_check:28 - patience left   0              
2021-06-09 21:10:11.672 | INFO     | slp.plbind.helpers:_run_early_stopping_check:33 - Stopping due to early stopping
2021-06-09 21:10:11.672 | INFO     | slp.util.system:print_separator:81 - ##################################################
2021-06-09 21:10:11.779 | INFO     | pytorch_lightning.profiler.profilers:describe:96 - 

Profiler Report

Action                             	|  Mean duration (s)	|Num calls      	|  Total time (s) 	|  Percentage %   	|
------------------------------------------------------------------------------------------------------------------------------------
Total                              	|  -              	|_              	|  907.75         	|  100 %          	|
------------------------------------------------------------------------------------------------------------------------------------
run_training_epoch                 	|  36.172         	|25             	|  904.29         	|  99.619         	|
run_training_batch                 	|  0.064386       	|12775          	|  822.54         	|  90.613         	|
optimizer_step_and_closure_0       	|  0.061936       	|12775          	|  791.23         	|  87.164         	|
training_step_and_backward         	|  0.052103       	|12775          	|  665.61         	|  73.326         	|
model_forward                      	|  0.029497       	|12775          	|  376.82         	|  41.512         	|
training_step                      	|  0.029259       	|12775          	|  373.79         	|  41.177         	|
model_backward                     	|  0.022356       	|12775          	|  285.6          	|  31.463         	|
evaluation_step_and_end            	|  0.027024       	|1477           	|  39.914         	|  4.397          	|
validation_step                    	|  0.026875       	|1477           	|  39.695         	|  4.3729         	|
get_train_batch                    	|  0.00053309     	|12775          	|  6.8102         	|  0.75023        	|
on_train_batch_end                 	|  0.00014656     	|12775          	|  1.8724         	|  0.20626        	|
on_train_batch_start               	|  0.0001304      	|12775          	|  1.6658         	|  0.18351        	|
cache_result                       	|  1.9189e-05     	|68590          	|  1.3162         	|  0.14499        	|
on_validation_end                  	|  0.02429        	|26             	|  0.63154        	|  0.069572       	|
on_after_backward                  	|  3.2562e-05     	|12775          	|  0.41598        	|  0.045826       	|
on_before_zero_grad                	|  2.8012e-05     	|12775          	|  0.35786        	|  0.039423       	|
on_batch_start                     	|  2.5465e-05     	|12775          	|  0.32532        	|  0.035838       	|
on_batch_end                       	|  1.9353e-05     	|12775          	|  0.24724        	|  0.027236       	|
on_validation_batch_end            	|  9.0007e-05     	|1477           	|  0.13294        	|  0.014645       	|
training_step_end                  	|  9.1705e-06     	|12775          	|  0.11715        	|  0.012906       	|
on_train_end                       	|  0.036819       	|1              	|  0.036819       	|  0.0040561      	|
on_validation_batch_start          	|  1.5097e-05     	|1477           	|  0.022298       	|  0.0024564      	|
on_epoch_start                     	|  0.00084626     	|25             	|  0.021156       	|  0.0023307      	|
validation_step_end                	|  1.1072e-05     	|1477           	|  0.016353       	|  0.0018015      	|
on_validation_start                	|  0.00051823     	|26             	|  0.013474       	|  0.0014843      	|
on_train_start                     	|  0.0030595      	|1              	|  0.0030595      	|  0.00033704     	|
on_train_epoch_end                 	|  2.8025e-05     	|25             	|  0.00070063     	|  7.7183e-05     	|
on_validation_epoch_end            	|  2.3756e-05     	|26             	|  0.00061765     	|  6.8042e-05     	|
on_epoch_end                       	|  1.0605e-05     	|51             	|  0.00054083     	|  5.958e-05      	|
on_validation_epoch_start          	|  1.5926e-05     	|26             	|  0.00041407     	|  4.5615e-05     	|
on_train_epoch_start               	|  1.4448e-05     	|25             	|  0.00036121     	|  3.9792e-05     	|
on_fit_start                       	|  2.4432e-05     	|1              	|  2.4432e-05     	|  2.6915e-06     	|
on_before_accelerator_backend_setup	|  2.3375e-05     	|1              	|  2.3375e-05     	|  2.5751e-06     	|

