2021-06-09 18:37:09.394 | INFO     | slp.util.log:configure_logging:84 - Log file will be saved in logs/mosei-rnn-m3-0.2.20210609-183709.log
2021-06-09 18:37:10.257 | INFO     | slp.plbind.dm:setup:159 - Using provided validation set
2021-06-09 18:37:10.257 | INFO     | slp.plbind.dm:setup:162 - Using provided test set
2021-06-09 18:37:10.258 | INFO     | slp.plbind.dm:setup:212 - Using 16327 samples for training
2021-06-09 18:37:10.258 | INFO     | slp.plbind.dm:setup:213 - Using 1871 samples for validation
2021-06-09 18:37:10.258 | INFO     | slp.plbind.dm:setup:216 - Using 4662 samples for testing
2021-06-09 18:37:10.278 | INFO     | slp.plbind.trainer:make_trainer:428 - Logs will be saved in rnn-m3-0.2/mosei-rnn-m3-0.2
2021-06-09 18:37:10.278 | INFO     | slp.plbind.trainer:make_trainer:429 - Logs will be saved in rnn-m3-0.2/mosei-rnn-m3-0.2/20210609-183710/checkpoints
2021-06-09 18:37:10.312 | INFO     | slp.plbind.trainer:make_trainer:461 - Configured wandb and CSV loggers.
2021-06-09 18:37:10.313 | INFO     | slp.plbind.trainer:make_trainer:462 - Wandb configured to run mosei-rnn-m3-0.2/20210609-183710 in project mosei-rnn-m3-0.2
2021-06-09 18:37:10.313 | INFO     | slp.plbind.trainer:make_trainer:467 - Results will be stored online.
2021-06-09 18:37:10.314 | INFO     | slp.plbind.trainer:make_trainer:475 - Experiment verbose description:
MOSEI RNN-baseline with M3

Tags:['mosei', 'rnn-baseline', 'm3', 'regularization']
2021-06-09 18:37:10.316 | INFO     | slp.plbind.trainer:make_trainer:496 - Configured Early stopping and Model checkpointing to track val_loss
2021-06-09 18:37:10.332 | INFO     | pytorch_lightning.utilities.distributed:_info:54 - GPU available: True, used: True
2021-06-09 18:37:10.332 | INFO     | pytorch_lightning.utilities.distributed:_info:54 - TPU available: None, using: 0 TPU cores
2021-06-09 18:37:11.231 | INFO     | slp.plbind.trainer:watch_model:613 - Tracking model weights & gradients in wandb.
2021-06-09 18:37:11.232 | INFO     | pytorch_lightning.accelerators.gpu:set_nvidia_flags:40 - LOCAL_RANK: 0 - CUDA_VISIBLE_DEVICES: [3]
2021-06-09 18:37:13.694 | INFO     | pytorch_lightning.core.lightning:summarize:1457 - 
  | Name          | Type                            | Params
------------------------------------------------------------------
0 | model         | AudioVisualTextMaskedClassifier | 1.6 M 
1 | criterion     | L1Loss                          | 0     
2 | train_metrics | ModuleDict                      | 0     
3 | val_metrics   | ModuleDict                      | 0     
4 | test_metrics  | ModuleDict                      | 0     
------------------------------------------------------------------
1.6 M     Trainable params
0         Non-trainable params
1.6 M     Total params
6.535     Total estimated model params size (MB)
2021-06-09 18:37:13.953 | INFO     | slp.plbind.module:log_to_console:478 - Epoch 1 Validation results
2021-06-09 18:37:13.954 | INFO     | slp.util.system:print_separator:81 - --------------------------------------------------
2021-06-09 18:37:13.954 | INFO     | slp.plbind.module:log_to_console:484 - val_acc2        0.405303031206131
2021-06-09 18:37:13.955 | INFO     | slp.plbind.module:log_to_console:484 - val_acc2_zero   0.34375        
2021-06-09 18:37:13.956 | INFO     | slp.plbind.module:log_to_console:484 - val_acc5        0.15625        
2021-06-09 18:37:13.956 | INFO     | slp.plbind.module:log_to_console:484 - val_acc7        0.140625       
2021-06-09 18:37:13.957 | INFO     | slp.plbind.module:log_to_console:484 - val_f1          0.36200642585754395
2021-06-09 18:37:13.957 | INFO     | slp.plbind.module:log_to_console:484 - val_f1_zero     0.30539774894714355
2021-06-09 18:37:13.958 | INFO     | slp.plbind.module:log_to_console:484 - val_mae         2.2531464099884033
2021-06-09 18:37:13.958 | INFO     | slp.plbind.module:log_to_console:484 - val_loss        2.2531464099884033
2021-06-09 18:37:13.959 | INFO     | slp.plbind.module:log_to_console:484 - best_score      inf            
2021-06-09 18:37:13.959 | INFO     | slp.util.system:print_separator:81 - %%%%%%%%%%%%%%%%%%%%%%%%%%%%%%%%%%%%%%%%%%%%%%%%%%
2021-06-09 18:37:48.567 | INFO     | slp.plbind.module:log_to_console:478 - Epoch 1 Training results
2021-06-09 18:37:48.568 | INFO     | slp.util.system:print_separator:81 - --------------------------------------------------
2021-06-09 18:37:48.569 | INFO     | slp.plbind.module:log_to_console:484 - train_acc2      0.6712324023246765
2021-06-09 18:37:48.569 | INFO     | slp.plbind.module:log_to_console:484 - train_acc2_zero 0.6565819978713989
2021-06-09 18:37:48.570 | INFO     | slp.plbind.module:log_to_console:484 - train_acc5      0.37044835090637207
2021-06-09 18:37:48.571 | INFO     | slp.plbind.module:log_to_console:484 - train_acc7      0.36317095160484314
2021-06-09 18:37:48.571 | INFO     | slp.plbind.module:log_to_console:484 - train_f1        0.6452611088752747
2021-06-09 18:37:48.572 | INFO     | slp.plbind.module:log_to_console:484 - train_f1_zero   0.6413324475288391
2021-06-09 18:37:48.572 | INFO     | slp.plbind.module:log_to_console:484 - train_mae       1.093727469444275
2021-06-09 18:37:48.573 | INFO     | slp.plbind.module:log_to_console:484 - train_loss      1.093727469444275
2021-06-09 18:37:48.573 | INFO     | slp.util.system:print_separator:81 - %%%%%%%%%%%%%%%%%%%%%%%%%%%%%%%%%%%%%%%%%%%%%%%%%%
2021-06-09 18:37:50.606 | INFO     | slp.plbind.module:log_to_console:478 - Epoch 1 Validation results
2021-06-09 18:37:50.608 | INFO     | slp.util.system:print_separator:81 - --------------------------------------------------
2021-06-09 18:37:50.610 | INFO     | slp.plbind.module:log_to_console:484 - val_acc2        0.7348971366882324
2021-06-09 18:37:50.612 | INFO     | slp.plbind.module:log_to_console:484 - val_acc2_zero   0.7096045613288879
2021-06-09 18:37:50.614 | INFO     | slp.plbind.module:log_to_console:484 - val_acc5        0.4556850492954254
2021-06-09 18:37:50.615 | INFO     | slp.plbind.module:log_to_console:484 - val_acc7        0.4450918436050415
2021-06-09 18:37:50.616 | INFO     | slp.plbind.module:log_to_console:484 - val_f1          0.7330197095870972
2021-06-09 18:37:50.617 | INFO     | slp.plbind.module:log_to_console:484 - val_f1_zero     0.7153492569923401
2021-06-09 18:37:50.617 | INFO     | slp.plbind.module:log_to_console:484 - val_mae         0.7104314565658569
2021-06-09 18:37:50.618 | INFO     | slp.plbind.module:log_to_console:484 - val_loss        0.7104314565658569
2021-06-09 18:37:50.619 | INFO     | slp.plbind.module:log_to_console:484 - best_score      inf            
2021-06-09 18:37:50.619 | INFO     | slp.util.system:print_separator:81 - %%%%%%%%%%%%%%%%%%%%%%%%%%%%%%%%%%%%%%%%%%%%%%%%%%
2021-06-09 18:37:50.622 | INFO     | slp.plbind.helpers:_run_early_stopping_check:25 - Epoch 1 Early Stopping
2021-06-09 18:37:50.622 | INFO     | slp.util.system:print_separator:81 - --------------------------------------------------
2021-06-09 18:37:50.623 | INFO     | slp.plbind.helpers:_run_early_stopping_check:27 - best score      0.7104314565658569
2021-06-09 18:37:50.624 | INFO     | slp.plbind.helpers:_run_early_stopping_check:28 - patience left   10             
2021-06-09 18:37:50.625 | INFO     | slp.util.system:print_separator:81 - ##################################################
2021-06-09 18:38:26.547 | INFO     | slp.plbind.module:log_to_console:478 - Epoch 2 Training results
2021-06-09 18:38:26.549 | INFO     | slp.util.system:print_separator:81 - --------------------------------------------------
2021-06-09 18:38:26.551 | INFO     | slp.plbind.module:log_to_console:484 - train_acc2      0.7763960957527161
2021-06-09 18:38:26.551 | INFO     | slp.plbind.module:log_to_console:484 - train_acc2_zero 0.7512755393981934
2021-06-09 18:38:26.552 | INFO     | slp.plbind.module:log_to_console:484 - train_acc5      0.46387508511543274
2021-06-09 18:38:26.553 | INFO     | slp.plbind.module:log_to_console:484 - train_acc7      0.45592498779296875
2021-06-09 18:38:26.553 | INFO     | slp.plbind.module:log_to_console:484 - train_f1        0.7719510197639465
2021-06-09 18:38:26.554 | INFO     | slp.plbind.module:log_to_console:484 - train_f1_zero   0.7543002963066101
2021-06-09 18:38:26.554 | INFO     | slp.plbind.module:log_to_console:484 - train_mae       0.6971160173416138
2021-06-09 18:38:26.555 | INFO     | slp.plbind.module:log_to_console:484 - train_loss      0.6971160173416138
2021-06-09 18:38:26.555 | INFO     | slp.util.system:print_separator:81 - %%%%%%%%%%%%%%%%%%%%%%%%%%%%%%%%%%%%%%%%%%%%%%%%%%
2021-06-09 18:38:28.522 | INFO     | slp.plbind.module:log_to_console:478 - Epoch 2 Validation results
2021-06-09 18:38:28.523 | INFO     | slp.util.system:print_separator:81 - --------------------------------------------------
2021-06-09 18:38:28.524 | INFO     | slp.plbind.module:log_to_console:484 - val_acc2        0.7889852523803711
2021-06-09 18:38:28.525 | INFO     | slp.plbind.module:log_to_console:484 - val_acc2_zero   0.7752825021743774
2021-06-09 18:38:28.526 | INFO     | slp.plbind.module:log_to_console:484 - val_acc5        0.5017655491828918
2021-06-09 18:38:28.527 | INFO     | slp.plbind.module:log_to_console:484 - val_acc7        0.49223166704177856
2021-06-09 18:38:28.527 | INFO     | slp.plbind.module:log_to_console:484 - val_f1          0.7768981456756592
2021-06-09 18:38:28.528 | INFO     | slp.plbind.module:log_to_console:484 - val_f1_zero     0.7703865170478821
2021-06-09 18:38:28.529 | INFO     | slp.plbind.module:log_to_console:484 - val_mae         0.6369233131408691
2021-06-09 18:38:28.530 | INFO     | slp.plbind.module:log_to_console:484 - val_loss        0.6369233131408691
2021-06-09 18:38:28.530 | INFO     | slp.plbind.module:log_to_console:484 - best_score      0.7104315161705017
2021-06-09 18:38:28.531 | INFO     | slp.util.system:print_separator:81 - %%%%%%%%%%%%%%%%%%%%%%%%%%%%%%%%%%%%%%%%%%%%%%%%%%
2021-06-09 18:38:28.533 | INFO     | slp.plbind.helpers:_run_early_stopping_check:25 - Epoch 2 Early Stopping
2021-06-09 18:38:28.534 | INFO     | slp.util.system:print_separator:81 - --------------------------------------------------
2021-06-09 18:38:28.535 | INFO     | slp.plbind.helpers:_run_early_stopping_check:27 - best score      0.6369233131408691
2021-06-09 18:38:28.536 | INFO     | slp.plbind.helpers:_run_early_stopping_check:28 - patience left   10             
2021-06-09 18:38:28.537 | INFO     | slp.util.system:print_separator:81 - ##################################################
2021-06-09 18:39:03.392 | INFO     | slp.plbind.module:log_to_console:478 - Epoch 3 Training results
2021-06-09 18:39:03.393 | INFO     | slp.util.system:print_separator:81 - --------------------------------------------------
2021-06-09 18:39:03.393 | INFO     | slp.plbind.module:log_to_console:484 - train_acc2      0.8009772300720215
2021-06-09 18:39:03.394 | INFO     | slp.plbind.module:log_to_console:484 - train_acc2_zero 0.7733872532844543
2021-06-09 18:39:03.395 | INFO     | slp.plbind.module:log_to_console:484 - train_acc5      0.48701775074005127
2021-06-09 18:39:03.395 | INFO     | slp.plbind.module:log_to_console:484 - train_acc7      0.47429758310317993
2021-06-09 18:39:03.396 | INFO     | slp.plbind.module:log_to_console:484 - train_f1        0.7974948287010193
2021-06-09 18:39:03.397 | INFO     | slp.plbind.module:log_to_console:484 - train_f1_zero   0.7769081592559814
2021-06-09 18:39:03.397 | INFO     | slp.plbind.module:log_to_console:484 - train_mae       0.6556450128555298
2021-06-09 18:39:03.398 | INFO     | slp.plbind.module:log_to_console:484 - train_loss      0.6556450128555298
2021-06-09 18:39:03.398 | INFO     | slp.util.system:print_separator:81 - %%%%%%%%%%%%%%%%%%%%%%%%%%%%%%%%%%%%%%%%%%%%%%%%%%
2021-06-09 18:39:05.373 | INFO     | slp.plbind.module:log_to_console:478 - Epoch 3 Validation results
2021-06-09 18:39:05.375 | INFO     | slp.util.system:print_separator:81 - --------------------------------------------------
2021-06-09 18:39:05.378 | INFO     | slp.plbind.module:log_to_console:484 - val_acc2        0.7863290309906006
2021-06-09 18:39:05.380 | INFO     | slp.plbind.module:log_to_console:484 - val_acc2_zero   0.7539548277854919
2021-06-09 18:39:05.382 | INFO     | slp.plbind.module:log_to_console:484 - val_acc5        0.534675121307373
2021-06-09 18:39:05.383 | INFO     | slp.plbind.module:log_to_console:484 - val_acc7        0.5182556509971619
2021-06-09 18:39:05.385 | INFO     | slp.plbind.module:log_to_console:484 - val_f1          0.7870537638664246
2021-06-09 18:39:05.387 | INFO     | slp.plbind.module:log_to_console:484 - val_f1_zero     0.7644164562225342
2021-06-09 18:39:05.388 | INFO     | slp.plbind.module:log_to_console:484 - val_mae         0.6191253066062927
2021-06-09 18:39:05.390 | INFO     | slp.plbind.module:log_to_console:484 - val_loss        0.6191253066062927
2021-06-09 18:39:05.391 | INFO     | slp.plbind.module:log_to_console:484 - best_score      0.6369233131408691
2021-06-09 18:39:05.393 | INFO     | slp.util.system:print_separator:81 - %%%%%%%%%%%%%%%%%%%%%%%%%%%%%%%%%%%%%%%%%%%%%%%%%%
2021-06-09 18:39:05.396 | INFO     | slp.plbind.helpers:_run_early_stopping_check:25 - Epoch 3 Early Stopping
2021-06-09 18:39:05.397 | INFO     | slp.util.system:print_separator:81 - --------------------------------------------------
2021-06-09 18:39:05.398 | INFO     | slp.plbind.helpers:_run_early_stopping_check:27 - best score      0.6191253066062927
2021-06-09 18:39:05.399 | INFO     | slp.plbind.helpers:_run_early_stopping_check:28 - patience left   10             
2021-06-09 18:39:05.401 | INFO     | slp.util.system:print_separator:81 - ##################################################
2021-06-09 18:39:40.614 | INFO     | slp.plbind.module:log_to_console:478 - Epoch 4 Training results
2021-06-09 18:39:40.614 | INFO     | slp.util.system:print_separator:81 - --------------------------------------------------
2021-06-09 18:39:40.615 | INFO     | slp.plbind.module:log_to_console:484 - train_acc2      0.8125287890434265
2021-06-09 18:39:40.615 | INFO     | slp.plbind.module:log_to_console:484 - train_acc2_zero 0.7851027250289917
2021-06-09 18:39:40.616 | INFO     | slp.plbind.module:log_to_console:484 - train_acc5      0.5032849311828613
2021-06-09 18:39:40.617 | INFO     | slp.plbind.module:log_to_console:484 - train_acc7      0.4882408380508423
2021-06-09 18:39:40.617 | INFO     | slp.plbind.module:log_to_console:484 - train_f1        0.8093410730361938
2021-06-09 18:39:40.618 | INFO     | slp.plbind.module:log_to_console:484 - train_f1_zero   0.7882518172264099
2021-06-09 18:39:40.618 | INFO     | slp.plbind.module:log_to_console:484 - train_mae       0.6310840249061584
2021-06-09 18:39:40.619 | INFO     | slp.plbind.module:log_to_console:484 - train_loss      0.6310840249061584
2021-06-09 18:39:40.619 | INFO     | slp.util.system:print_separator:81 - %%%%%%%%%%%%%%%%%%%%%%%%%%%%%%%%%%%%%%%%%%%%%%%%%%
2021-06-09 18:39:42.557 | INFO     | slp.plbind.module:log_to_console:478 - Epoch 4 Validation results
2021-06-09 18:39:42.559 | INFO     | slp.util.system:print_separator:81 - --------------------------------------------------
2021-06-09 18:39:42.562 | INFO     | slp.plbind.module:log_to_console:484 - val_acc2        0.7864325642585754
2021-06-09 18:39:42.564 | INFO     | slp.plbind.module:log_to_console:484 - val_acc2_zero   0.7705155611038208
2021-06-09 18:39:42.566 | INFO     | slp.plbind.module:log_to_console:484 - val_acc5        0.5149364471435547
2021-06-09 18:39:42.568 | INFO     | slp.plbind.module:log_to_console:484 - val_acc7        0.5059322118759155
2021-06-09 18:39:42.570 | INFO     | slp.plbind.module:log_to_console:484 - val_f1          0.7798922061920166
2021-06-09 18:39:42.572 | INFO     | slp.plbind.module:log_to_console:484 - val_f1_zero     0.7720794677734375
2021-06-09 18:39:42.573 | INFO     | slp.plbind.module:log_to_console:484 - val_mae         0.6103019118309021
2021-06-09 18:39:42.575 | INFO     | slp.plbind.module:log_to_console:484 - val_loss        0.6103019118309021
2021-06-09 18:39:42.576 | INFO     | slp.plbind.module:log_to_console:484 - best_score      0.6191253066062927
2021-06-09 18:39:42.578 | INFO     | slp.util.system:print_separator:81 - %%%%%%%%%%%%%%%%%%%%%%%%%%%%%%%%%%%%%%%%%%%%%%%%%%
2021-06-09 18:39:42.582 | INFO     | slp.plbind.helpers:_run_early_stopping_check:25 - Epoch 4 Early Stopping
2021-06-09 18:39:42.583 | INFO     | slp.util.system:print_separator:81 - --------------------------------------------------
2021-06-09 18:39:42.584 | INFO     | slp.plbind.helpers:_run_early_stopping_check:27 - best score      0.6103019118309021
2021-06-09 18:39:42.585 | INFO     | slp.plbind.helpers:_run_early_stopping_check:28 - patience left   10             
2021-06-09 18:39:42.586 | INFO     | slp.util.system:print_separator:81 - ##################################################
2021-06-09 18:40:17.844 | INFO     | slp.plbind.module:log_to_console:478 - Epoch 5 Training results
2021-06-09 18:40:17.845 | INFO     | slp.util.system:print_separator:81 - --------------------------------------------------
2021-06-09 18:40:17.846 | INFO     | slp.plbind.module:log_to_console:484 - train_acc2      0.8190179467201233
2021-06-09 18:40:17.846 | INFO     | slp.plbind.module:log_to_console:484 - train_acc2_zero 0.7891651391983032
2021-06-09 18:40:17.847 | INFO     | slp.plbind.module:log_to_console:484 - train_acc5      0.5127027034759521
2021-06-09 18:40:17.847 | INFO     | slp.plbind.module:log_to_console:484 - train_acc7      0.49869829416275024
2021-06-09 18:40:17.848 | INFO     | slp.plbind.module:log_to_console:484 - train_f1        0.8162827491760254
2021-06-09 18:40:17.849 | INFO     | slp.plbind.module:log_to_console:484 - train_f1_zero   0.7929501533508301
2021-06-09 18:40:17.849 | INFO     | slp.plbind.module:log_to_console:484 - train_mae       0.6108773946762085
2021-06-09 18:40:17.850 | INFO     | slp.plbind.module:log_to_console:484 - train_loss      0.6108773946762085
2021-06-09 18:40:17.850 | INFO     | slp.util.system:print_separator:81 - %%%%%%%%%%%%%%%%%%%%%%%%%%%%%%%%%%%%%%%%%%%%%%%%%%
2021-06-09 18:40:19.745 | INFO     | slp.plbind.module:log_to_console:478 - Epoch 5 Validation results
2021-06-09 18:40:19.748 | INFO     | slp.util.system:print_separator:81 - --------------------------------------------------
2021-06-09 18:40:19.750 | INFO     | slp.plbind.module:log_to_console:484 - val_acc2        0.7890305519104004
2021-06-09 18:40:19.753 | INFO     | slp.plbind.module:log_to_console:484 - val_acc2_zero   0.7556143999099731
2021-06-09 18:40:19.754 | INFO     | slp.plbind.module:log_to_console:484 - val_acc5        0.5203036665916443
2021-06-09 18:40:19.756 | INFO     | slp.plbind.module:log_to_console:484 - val_acc7        0.5112994313240051
2021-06-09 18:40:19.757 | INFO     | slp.plbind.module:log_to_console:484 - val_f1          0.7844627499580383
2021-06-09 18:40:19.759 | INFO     | slp.plbind.module:log_to_console:484 - val_f1_zero     0.7602869868278503
2021-06-09 18:40:19.761 | INFO     | slp.plbind.module:log_to_console:484 - val_mae         0.6018321514129639
2021-06-09 18:40:19.762 | INFO     | slp.plbind.module:log_to_console:484 - val_loss        0.6018321514129639
2021-06-09 18:40:19.764 | INFO     | slp.plbind.module:log_to_console:484 - best_score      0.6103019118309021
2021-06-09 18:40:19.765 | INFO     | slp.util.system:print_separator:81 - %%%%%%%%%%%%%%%%%%%%%%%%%%%%%%%%%%%%%%%%%%%%%%%%%%
2021-06-09 18:40:19.768 | INFO     | slp.plbind.helpers:_run_early_stopping_check:25 - Epoch 5 Early Stopping
2021-06-09 18:40:19.769 | INFO     | slp.util.system:print_separator:81 - --------------------------------------------------
2021-06-09 18:40:19.771 | INFO     | slp.plbind.helpers:_run_early_stopping_check:27 - best score      0.6018321514129639
2021-06-09 18:40:19.772 | INFO     | slp.plbind.helpers:_run_early_stopping_check:28 - patience left   10             
2021-06-09 18:40:19.773 | INFO     | slp.util.system:print_separator:81 - ##################################################
2021-06-09 18:40:55.548 | INFO     | slp.plbind.module:log_to_console:478 - Epoch 6 Training results
2021-06-09 18:40:55.549 | INFO     | slp.util.system:print_separator:81 - --------------------------------------------------
2021-06-09 18:40:55.550 | INFO     | slp.plbind.module:log_to_console:484 - train_acc2      0.8213696479797363
2021-06-09 18:40:55.550 | INFO     | slp.plbind.module:log_to_console:484 - train_acc2_zero 0.7873042821884155
2021-06-09 18:40:55.551 | INFO     | slp.plbind.module:log_to_console:484 - train_acc5      0.5179008841514587
2021-06-09 18:40:55.551 | INFO     | slp.plbind.module:log_to_console:484 - train_acc7      0.5015725493431091
2021-06-09 18:40:55.552 | INFO     | slp.plbind.module:log_to_console:484 - train_f1        0.8179604411125183
2021-06-09 18:40:55.553 | INFO     | slp.plbind.module:log_to_console:484 - train_f1_zero   0.7904349565505981
2021-06-09 18:40:55.553 | INFO     | slp.plbind.module:log_to_console:484 - train_mae       0.6099051833152771
2021-06-09 18:40:55.554 | INFO     | slp.plbind.module:log_to_console:484 - train_loss      0.6099051833152771
2021-06-09 18:40:55.554 | INFO     | slp.util.system:print_separator:81 - %%%%%%%%%%%%%%%%%%%%%%%%%%%%%%%%%%%%%%%%%%%%%%%%%%
2021-06-09 18:40:57.568 | INFO     | slp.plbind.module:log_to_console:478 - Epoch 6 Validation results
2021-06-09 18:40:57.569 | INFO     | slp.util.system:print_separator:81 - --------------------------------------------------
2021-06-09 18:40:57.571 | INFO     | slp.plbind.module:log_to_console:484 - val_acc2        0.7847732305526733
2021-06-09 18:40:57.573 | INFO     | slp.plbind.module:log_to_console:484 - val_acc2_zero   0.7528249025344849
2021-06-09 18:40:57.574 | INFO     | slp.plbind.module:log_to_console:484 - val_acc5        0.5304378867149353
2021-06-09 18:40:57.576 | INFO     | slp.plbind.module:log_to_console:484 - val_acc7        0.5203742980957031
2021-06-09 18:40:57.577 | INFO     | slp.plbind.module:log_to_console:484 - val_f1          0.7882530689239502
2021-06-09 18:40:57.578 | INFO     | slp.plbind.module:log_to_console:484 - val_f1_zero     0.7639898657798767
2021-06-09 18:40:57.579 | INFO     | slp.plbind.module:log_to_console:484 - val_mae         0.5917003154754639
2021-06-09 18:40:57.580 | INFO     | slp.plbind.module:log_to_console:484 - val_loss        0.5917003154754639
2021-06-09 18:40:57.581 | INFO     | slp.plbind.module:log_to_console:484 - best_score      0.6018321514129639
2021-06-09 18:40:57.583 | INFO     | slp.util.system:print_separator:81 - %%%%%%%%%%%%%%%%%%%%%%%%%%%%%%%%%%%%%%%%%%%%%%%%%%
2021-06-09 18:40:57.589 | INFO     | slp.plbind.helpers:_run_early_stopping_check:25 - Epoch 6 Early Stopping
2021-06-09 18:40:57.591 | INFO     | slp.util.system:print_separator:81 - --------------------------------------------------
2021-06-09 18:40:57.593 | INFO     | slp.plbind.helpers:_run_early_stopping_check:27 - best score      0.5917003154754639
2021-06-09 18:40:57.595 | INFO     | slp.plbind.helpers:_run_early_stopping_check:28 - patience left   10             
2021-06-09 18:40:57.597 | INFO     | slp.util.system:print_separator:81 - ##################################################
2021-06-09 18:41:32.608 | INFO     | slp.plbind.module:log_to_console:478 - Epoch 7 Training results
2021-06-09 18:41:32.609 | INFO     | slp.util.system:print_separator:81 - --------------------------------------------------
2021-06-09 18:41:32.609 | INFO     | slp.plbind.module:log_to_console:484 - train_acc2      0.8253181576728821
2021-06-09 18:41:32.610 | INFO     | slp.plbind.module:log_to_console:484 - train_acc2_zero 0.7978141903877258
2021-06-09 18:41:32.610 | INFO     | slp.plbind.module:log_to_console:484 - train_acc5      0.5311713814735413
2021-06-09 18:41:32.611 | INFO     | slp.plbind.module:log_to_console:484 - train_acc7      0.5144761800765991
2021-06-09 18:41:32.611 | INFO     | slp.plbind.module:log_to_console:484 - train_f1        0.8213491439819336
2021-06-09 18:41:32.612 | INFO     | slp.plbind.module:log_to_console:484 - train_f1_zero   0.8000265955924988
2021-06-09 18:41:32.612 | INFO     | slp.plbind.module:log_to_console:484 - train_mae       0.5882222056388855
2021-06-09 18:41:32.613 | INFO     | slp.plbind.module:log_to_console:484 - train_loss      0.5882222056388855
2021-06-09 18:41:32.613 | INFO     | slp.util.system:print_separator:81 - %%%%%%%%%%%%%%%%%%%%%%%%%%%%%%%%%%%%%%%%%%%%%%%%%%
2021-06-09 18:41:34.559 | INFO     | slp.plbind.module:log_to_console:478 - Epoch 7 Validation results
2021-06-09 18:41:34.561 | INFO     | slp.util.system:print_separator:81 - --------------------------------------------------
2021-06-09 18:41:34.564 | INFO     | slp.plbind.module:log_to_console:484 - val_acc2        0.7926018834114075
2021-06-09 18:41:34.566 | INFO     | slp.plbind.module:log_to_console:484 - val_acc2_zero   0.7763418555259705
2021-06-09 18:41:34.568 | INFO     | slp.plbind.module:log_to_console:484 - val_acc5        0.5404307842254639
2021-06-09 18:41:34.570 | INFO     | slp.plbind.module:log_to_console:484 - val_acc7        0.5218926668167114
2021-06-09 18:41:34.572 | INFO     | slp.plbind.module:log_to_console:484 - val_f1          0.7826783657073975
2021-06-09 18:41:34.574 | INFO     | slp.plbind.module:log_to_console:484 - val_f1_zero     0.7744690775871277
2021-06-09 18:41:34.576 | INFO     | slp.plbind.module:log_to_console:484 - val_mae         0.594939649105072
2021-06-09 18:41:34.578 | INFO     | slp.plbind.module:log_to_console:484 - val_loss        0.594939649105072
2021-06-09 18:41:34.579 | INFO     | slp.plbind.module:log_to_console:484 - best_score      0.5917003154754639
2021-06-09 18:41:34.581 | INFO     | slp.util.system:print_separator:81 - %%%%%%%%%%%%%%%%%%%%%%%%%%%%%%%%%%%%%%%%%%%%%%%%%%
2021-06-09 18:41:34.586 | INFO     | slp.plbind.helpers:_run_early_stopping_check:25 - Epoch 7 Early Stopping
2021-06-09 18:41:34.589 | INFO     | slp.util.system:print_separator:81 - --------------------------------------------------
2021-06-09 18:41:34.591 | INFO     | slp.plbind.helpers:_run_early_stopping_check:27 - best score      0.5917003154754639
2021-06-09 18:41:34.593 | INFO     | slp.plbind.helpers:_run_early_stopping_check:28 - patience left   9              
2021-06-09 18:41:34.595 | INFO     | slp.util.system:print_separator:81 - ##################################################
2021-06-09 18:42:09.708 | INFO     | slp.plbind.module:log_to_console:478 - Epoch 8 Training results
2021-06-09 18:42:09.709 | INFO     | slp.util.system:print_separator:81 - --------------------------------------------------
2021-06-09 18:42:09.709 | INFO     | slp.plbind.module:log_to_console:484 - train_acc2      0.8355812430381775
2021-06-09 18:42:09.710 | INFO     | slp.plbind.module:log_to_console:484 - train_acc2_zero 0.8037461638450623
2021-06-09 18:42:09.711 | INFO     | slp.plbind.module:log_to_console:484 - train_acc5      0.5364394187927246
2021-06-09 18:42:09.711 | INFO     | slp.plbind.module:log_to_console:484 - train_acc7      0.5174203515052795
2021-06-09 18:42:09.712 | INFO     | slp.plbind.module:log_to_console:484 - train_f1        0.8333346843719482
2021-06-09 18:42:09.712 | INFO     | slp.plbind.module:log_to_console:484 - train_f1_zero   0.8077732920646667
2021-06-09 18:42:09.713 | INFO     | slp.plbind.module:log_to_console:484 - train_mae       0.5727146863937378
2021-06-09 18:42:09.713 | INFO     | slp.plbind.module:log_to_console:484 - train_loss      0.5727146863937378
2021-06-09 18:42:09.714 | INFO     | slp.util.system:print_separator:81 - %%%%%%%%%%%%%%%%%%%%%%%%%%%%%%%%%%%%%%%%%%%%%%%%%%
2021-06-09 18:42:11.653 | INFO     | slp.plbind.module:log_to_console:478 - Epoch 8 Validation results
2021-06-09 18:42:11.655 | INFO     | slp.util.system:print_separator:81 - --------------------------------------------------
2021-06-09 18:42:11.658 | INFO     | slp.plbind.module:log_to_console:484 - val_acc2        0.7939720749855042
2021-06-09 18:42:11.660 | INFO     | slp.plbind.module:log_to_console:484 - val_acc2_zero   0.7497881054878235
2021-06-09 18:42:11.662 | INFO     | slp.plbind.module:log_to_console:484 - val_acc5        0.550035297870636
2021-06-09 18:42:11.664 | INFO     | slp.plbind.module:log_to_console:484 - val_acc7        0.5336158275604248
2021-06-09 18:42:11.666 | INFO     | slp.plbind.module:log_to_console:484 - val_f1          0.794998049736023
2021-06-09 18:42:11.668 | INFO     | slp.plbind.module:log_to_console:484 - val_f1_zero     0.7613179087638855
2021-06-09 18:42:11.669 | INFO     | slp.plbind.module:log_to_console:484 - val_mae         0.5886375308036804
2021-06-09 18:42:11.671 | INFO     | slp.plbind.module:log_to_console:484 - val_loss        0.5886375308036804
2021-06-09 18:42:11.672 | INFO     | slp.plbind.module:log_to_console:484 - best_score      0.5917003154754639
2021-06-09 18:42:11.674 | INFO     | slp.util.system:print_separator:81 - %%%%%%%%%%%%%%%%%%%%%%%%%%%%%%%%%%%%%%%%%%%%%%%%%%
2021-06-09 18:42:11.677 | INFO     | slp.plbind.helpers:_run_early_stopping_check:25 - Epoch 8 Early Stopping
2021-06-09 18:42:11.678 | INFO     | slp.util.system:print_separator:81 - --------------------------------------------------
2021-06-09 18:42:11.680 | INFO     | slp.plbind.helpers:_run_early_stopping_check:27 - best score      0.5886375308036804
2021-06-09 18:42:11.681 | INFO     | slp.plbind.helpers:_run_early_stopping_check:28 - patience left   10             
2021-06-09 18:42:11.683 | INFO     | slp.util.system:print_separator:81 - ##################################################
2021-06-09 18:42:46.450 | INFO     | slp.plbind.module:log_to_console:478 - Epoch 9 Training results
2021-06-09 18:42:46.451 | INFO     | slp.util.system:print_separator:81 - --------------------------------------------------
2021-06-09 18:42:46.451 | INFO     | slp.plbind.module:log_to_console:484 - train_acc2      0.8470989465713501
2021-06-09 18:42:46.452 | INFO     | slp.plbind.module:log_to_console:484 - train_acc2_zero 0.8118185997009277
2021-06-09 18:42:46.453 | INFO     | slp.plbind.module:log_to_console:484 - train_acc5      0.5533705353736877
2021-06-09 18:42:46.453 | INFO     | slp.plbind.module:log_to_console:484 - train_acc7      0.5331283211708069
2021-06-09 18:42:46.453 | INFO     | slp.plbind.module:log_to_console:484 - train_f1        0.8453660011291504
2021-06-09 18:42:46.454 | INFO     | slp.plbind.module:log_to_console:484 - train_f1_zero   0.8160967826843262
2021-06-09 18:42:46.454 | INFO     | slp.plbind.module:log_to_console:484 - train_mae       0.5538706183433533
2021-06-09 18:42:46.455 | INFO     | slp.plbind.module:log_to_console:484 - train_loss      0.5538706183433533
2021-06-09 18:42:46.455 | INFO     | slp.util.system:print_separator:81 - %%%%%%%%%%%%%%%%%%%%%%%%%%%%%%%%%%%%%%%%%%%%%%%%%%
2021-06-09 18:42:48.411 | INFO     | slp.plbind.module:log_to_console:478 - Epoch 9 Validation results
2021-06-09 18:42:48.412 | INFO     | slp.util.system:print_separator:81 - --------------------------------------------------
2021-06-09 18:42:48.413 | INFO     | slp.plbind.module:log_to_console:484 - val_acc2        0.7943564057350159
2021-06-09 18:42:48.414 | INFO     | slp.plbind.module:log_to_console:484 - val_acc2_zero   0.7718220353126526
2021-06-09 18:42:48.415 | INFO     | slp.plbind.module:log_to_console:484 - val_acc5        0.5484463572502136
2021-06-09 18:42:48.415 | INFO     | slp.plbind.module:log_to_console:484 - val_acc7        0.534675121307373
2021-06-09 18:42:48.416 | INFO     | slp.plbind.module:log_to_console:484 - val_f1          0.7962245345115662
2021-06-09 18:42:48.417 | INFO     | slp.plbind.module:log_to_console:484 - val_f1_zero     0.78099125623703
2021-06-09 18:42:48.418 | INFO     | slp.plbind.module:log_to_console:484 - val_mae         0.5777052044868469
2021-06-09 18:42:48.419 | INFO     | slp.plbind.module:log_to_console:484 - val_loss        0.5777052044868469
2021-06-09 18:42:48.420 | INFO     | slp.plbind.module:log_to_console:484 - best_score      0.5886375308036804
2021-06-09 18:42:48.420 | INFO     | slp.util.system:print_separator:81 - %%%%%%%%%%%%%%%%%%%%%%%%%%%%%%%%%%%%%%%%%%%%%%%%%%
2021-06-09 18:42:48.423 | INFO     | slp.plbind.helpers:_run_early_stopping_check:25 - Epoch 9 Early Stopping
2021-06-09 18:42:48.424 | INFO     | slp.util.system:print_separator:81 - --------------------------------------------------
2021-06-09 18:42:48.424 | INFO     | slp.plbind.helpers:_run_early_stopping_check:27 - best score      0.5777052044868469
2021-06-09 18:42:48.425 | INFO     | slp.plbind.helpers:_run_early_stopping_check:28 - patience left   10             
2021-06-09 18:42:48.426 | INFO     | slp.util.system:print_separator:81 - ##################################################
2021-06-09 18:43:23.549 | INFO     | slp.plbind.module:log_to_console:478 - Epoch 10 Training results
2021-06-09 18:43:23.549 | INFO     | slp.util.system:print_separator:81 - --------------------------------------------------
2021-06-09 18:43:23.550 | INFO     | slp.plbind.module:log_to_console:484 - train_acc2      0.8497800230979919
2021-06-09 18:43:23.551 | INFO     | slp.plbind.module:log_to_console:484 - train_acc2_zero 0.8173311948776245
2021-06-09 18:43:23.551 | INFO     | slp.plbind.module:log_to_console:484 - train_acc5      0.5608401298522949
2021-06-09 18:43:23.552 | INFO     | slp.plbind.module:log_to_console:484 - train_acc7      0.54114830493927
2021-06-09 18:43:23.552 | INFO     | slp.plbind.module:log_to_console:484 - train_f1        0.8472052216529846
2021-06-09 18:43:23.553 | INFO     | slp.plbind.module:log_to_console:484 - train_f1_zero   0.8200964331626892
2021-06-09 18:43:23.553 | INFO     | slp.plbind.module:log_to_console:484 - train_mae       0.5449482798576355
2021-06-09 18:43:23.554 | INFO     | slp.plbind.module:log_to_console:484 - train_loss      0.5449482798576355
2021-06-09 18:43:23.554 | INFO     | slp.util.system:print_separator:81 - %%%%%%%%%%%%%%%%%%%%%%%%%%%%%%%%%%%%%%%%%%%%%%%%%%
2021-06-09 18:43:25.427 | INFO     | slp.plbind.module:log_to_console:478 - Epoch 10 Validation results
2021-06-09 18:43:25.429 | INFO     | slp.util.system:print_separator:81 - --------------------------------------------------
2021-06-09 18:43:25.431 | INFO     | slp.plbind.module:log_to_console:484 - val_acc2        0.7311380505561829
2021-06-09 18:43:25.433 | INFO     | slp.plbind.module:log_to_console:484 - val_acc2_zero   0.6558262705802917
2021-06-09 18:43:25.435 | INFO     | slp.plbind.module:log_to_console:484 - val_acc5        0.5447387099266052
2021-06-09 18:43:25.437 | INFO     | slp.plbind.module:log_to_console:484 - val_acc7        0.528319239616394
2021-06-09 18:43:25.439 | INFO     | slp.plbind.module:log_to_console:484 - val_f1          0.7384991645812988
2021-06-09 18:43:25.440 | INFO     | slp.plbind.module:log_to_console:484 - val_f1_zero     0.6719750165939331
2021-06-09 18:43:25.441 | INFO     | slp.plbind.module:log_to_console:484 - val_mae         0.6029077768325806
2021-06-09 18:43:25.442 | INFO     | slp.plbind.module:log_to_console:484 - val_loss        0.6029077768325806
2021-06-09 18:43:25.443 | INFO     | slp.plbind.module:log_to_console:484 - best_score      0.5777051448822021
2021-06-09 18:43:25.444 | INFO     | slp.util.system:print_separator:81 - %%%%%%%%%%%%%%%%%%%%%%%%%%%%%%%%%%%%%%%%%%%%%%%%%%
2021-06-09 18:43:25.446 | INFO     | slp.plbind.helpers:_run_early_stopping_check:25 - Epoch 10 Early Stopping
2021-06-09 18:43:25.447 | INFO     | slp.util.system:print_separator:81 - --------------------------------------------------
2021-06-09 18:43:25.448 | INFO     | slp.plbind.helpers:_run_early_stopping_check:27 - best score      0.5777052044868469
2021-06-09 18:43:25.449 | INFO     | slp.plbind.helpers:_run_early_stopping_check:28 - patience left   9              
2021-06-09 18:43:25.450 | INFO     | slp.util.system:print_separator:81 - ##################################################
2021-06-09 18:44:01.498 | INFO     | slp.plbind.module:log_to_console:478 - Epoch 11 Training results
2021-06-09 18:44:01.499 | INFO     | slp.util.system:print_separator:81 - --------------------------------------------------
2021-06-09 18:44:01.500 | INFO     | slp.plbind.module:log_to_console:484 - train_acc2      0.8529807925224304
2021-06-09 18:44:01.500 | INFO     | slp.plbind.module:log_to_console:484 - train_acc2_zero 0.8166497945785522
2021-06-09 18:44:01.501 | INFO     | slp.plbind.module:log_to_console:484 - train_acc5      0.5703715085983276
2021-06-09 18:44:01.501 | INFO     | slp.plbind.module:log_to_console:484 - train_acc7      0.5481723546981812
2021-06-09 18:44:01.502 | INFO     | slp.plbind.module:log_to_console:484 - train_f1        0.8504956364631653
2021-06-09 18:44:01.503 | INFO     | slp.plbind.module:log_to_console:484 - train_f1_zero   0.8196859955787659
2021-06-09 18:44:01.504 | INFO     | slp.plbind.module:log_to_console:484 - train_mae       0.5326330065727234
2021-06-09 18:44:01.505 | INFO     | slp.plbind.module:log_to_console:484 - train_loss      0.5326330065727234
2021-06-09 18:44:01.507 | INFO     | slp.util.system:print_separator:81 - %%%%%%%%%%%%%%%%%%%%%%%%%%%%%%%%%%%%%%%%%%%%%%%%%%
2021-06-09 18:44:03.423 | INFO     | slp.plbind.module:log_to_console:478 - Epoch 11 Validation results
2021-06-09 18:44:03.425 | INFO     | slp.util.system:print_separator:81 - --------------------------------------------------
2021-06-09 18:44:03.427 | INFO     | slp.plbind.module:log_to_console:484 - val_acc2        0.7854582667350769
2021-06-09 18:44:03.429 | INFO     | slp.plbind.module:log_to_console:484 - val_acc2_zero   0.7708333730697632
2021-06-09 18:44:03.430 | INFO     | slp.plbind.module:log_to_console:484 - val_acc5        0.5383121967315674
2021-06-09 18:44:03.432 | INFO     | slp.plbind.module:log_to_console:484 - val_acc7        0.5208333730697632
2021-06-09 18:44:03.433 | INFO     | slp.plbind.module:log_to_console:484 - val_f1          0.7852165102958679
2021-06-09 18:44:03.434 | INFO     | slp.plbind.module:log_to_console:484 - val_f1_zero     0.7763289213180542
2021-06-09 18:44:03.436 | INFO     | slp.plbind.module:log_to_console:484 - val_mae         0.60524982213974
2021-06-09 18:44:03.437 | INFO     | slp.plbind.module:log_to_console:484 - val_loss        0.60524982213974
2021-06-09 18:44:03.438 | INFO     | slp.plbind.module:log_to_console:484 - best_score      0.5777051448822021
2021-06-09 18:44:03.440 | INFO     | slp.util.system:print_separator:81 - %%%%%%%%%%%%%%%%%%%%%%%%%%%%%%%%%%%%%%%%%%%%%%%%%%
2021-06-09 18:44:03.442 | INFO     | slp.plbind.helpers:_run_early_stopping_check:25 - Epoch 11 Early Stopping
2021-06-09 18:44:03.444 | INFO     | slp.util.system:print_separator:81 - --------------------------------------------------
2021-06-09 18:44:03.445 | INFO     | slp.plbind.helpers:_run_early_stopping_check:27 - best score      0.5777052044868469
2021-06-09 18:44:03.446 | INFO     | slp.plbind.helpers:_run_early_stopping_check:28 - patience left   8              
2021-06-09 18:44:03.447 | INFO     | slp.util.system:print_separator:81 - ##################################################
2021-06-09 18:44:38.520 | INFO     | slp.plbind.module:log_to_console:478 - Epoch 12 Training results
2021-06-09 18:44:38.521 | INFO     | slp.util.system:print_separator:81 - --------------------------------------------------
2021-06-09 18:44:38.521 | INFO     | slp.plbind.module:log_to_console:484 - train_acc2      0.8560860753059387
2021-06-09 18:44:38.522 | INFO     | slp.plbind.module:log_to_console:484 - train_acc2_zero 0.817165195941925
2021-06-09 18:44:38.522 | INFO     | slp.plbind.module:log_to_console:484 - train_acc5      0.5798853635787964
2021-06-09 18:44:38.523 | INFO     | slp.plbind.module:log_to_console:484 - train_acc7      0.5582365989685059
2021-06-09 18:44:38.523 | INFO     | slp.plbind.module:log_to_console:484 - train_f1        0.8545238375663757
2021-06-09 18:44:38.524 | INFO     | slp.plbind.module:log_to_console:484 - train_f1_zero   0.8213145136833191
2021-06-09 18:44:38.524 | INFO     | slp.plbind.module:log_to_console:484 - train_mae       0.5179431438446045
2021-06-09 18:44:38.525 | INFO     | slp.plbind.module:log_to_console:484 - train_loss      0.5179431438446045
2021-06-09 18:44:38.525 | INFO     | slp.util.system:print_separator:81 - %%%%%%%%%%%%%%%%%%%%%%%%%%%%%%%%%%%%%%%%%%%%%%%%%%
2021-06-09 18:44:40.482 | INFO     | slp.plbind.module:log_to_console:478 - Epoch 12 Validation results
2021-06-09 18:44:40.485 | INFO     | slp.util.system:print_separator:81 - --------------------------------------------------
2021-06-09 18:44:40.487 | INFO     | slp.plbind.module:log_to_console:484 - val_acc2        0.7824413776397705
2021-06-09 18:44:40.489 | INFO     | slp.plbind.module:log_to_console:484 - val_acc2_zero   0.7990465760231018
2021-06-09 18:44:40.491 | INFO     | slp.plbind.module:log_to_console:484 - val_acc5        0.5445974469184875
2021-06-09 18:44:40.493 | INFO     | slp.plbind.module:log_to_console:484 - val_acc7        0.5345339179039001
2021-06-09 18:44:40.495 | INFO     | slp.plbind.module:log_to_console:484 - val_f1          0.7705958485603333
2021-06-09 18:44:40.497 | INFO     | slp.plbind.module:log_to_console:484 - val_f1_zero     0.7924866676330566
2021-06-09 18:44:40.499 | INFO     | slp.plbind.module:log_to_console:484 - val_mae         0.5836199522018433
2021-06-09 18:44:40.501 | INFO     | slp.plbind.module:log_to_console:484 - val_loss        0.5836199522018433
2021-06-09 18:44:40.502 | INFO     | slp.plbind.module:log_to_console:484 - best_score      0.5777051448822021
2021-06-09 18:44:40.503 | INFO     | slp.util.system:print_separator:81 - %%%%%%%%%%%%%%%%%%%%%%%%%%%%%%%%%%%%%%%%%%%%%%%%%%
2021-06-09 18:44:40.506 | INFO     | slp.plbind.helpers:_run_early_stopping_check:25 - Epoch 12 Early Stopping
2021-06-09 18:44:40.507 | INFO     | slp.util.system:print_separator:81 - --------------------------------------------------
2021-06-09 18:44:40.508 | INFO     | slp.plbind.helpers:_run_early_stopping_check:27 - best score      0.5777052044868469
2021-06-09 18:44:40.509 | INFO     | slp.plbind.helpers:_run_early_stopping_check:28 - patience left   7              
2021-06-09 18:44:40.510 | INFO     | slp.util.system:print_separator:81 - ##################################################
2021-06-09 18:45:16.145 | INFO     | slp.plbind.module:log_to_console:478 - Epoch 13 Training results
2021-06-09 18:45:16.145 | INFO     | slp.util.system:print_separator:81 - --------------------------------------------------
2021-06-09 18:45:16.146 | INFO     | slp.plbind.module:log_to_console:484 - train_acc2      0.8711280226707458
2021-06-09 18:45:16.147 | INFO     | slp.plbind.module:log_to_console:484 - train_acc2_zero 0.8296145796775818
2021-06-09 18:45:16.147 | INFO     | slp.plbind.module:log_to_console:484 - train_acc5      0.6066187024116516
2021-06-09 18:45:16.148 | INFO     | slp.plbind.module:log_to_console:484 - train_acc7      0.5831964612007141
2021-06-09 18:45:16.148 | INFO     | slp.plbind.module:log_to_console:484 - train_f1        0.8693997263908386
2021-06-09 18:45:16.149 | INFO     | slp.plbind.module:log_to_console:484 - train_f1_zero   0.8332751393318176
2021-06-09 18:45:16.149 | INFO     | slp.plbind.module:log_to_console:484 - train_mae       0.4813379645347595
2021-06-09 18:45:16.150 | INFO     | slp.plbind.module:log_to_console:484 - train_loss      0.4813379645347595
2021-06-09 18:45:16.150 | INFO     | slp.util.system:print_separator:81 - %%%%%%%%%%%%%%%%%%%%%%%%%%%%%%%%%%%%%%%%%%%%%%%%%%
2021-06-09 18:45:18.197 | INFO     | slp.plbind.module:log_to_console:478 - Epoch 13 Validation results
2021-06-09 18:45:18.199 | INFO     | slp.util.system:print_separator:81 - --------------------------------------------------
2021-06-09 18:45:18.202 | INFO     | slp.plbind.module:log_to_console:484 - val_acc2        0.7837113738059998
2021-06-09 18:45:18.204 | INFO     | slp.plbind.module:log_to_console:484 - val_acc2_zero   0.768785297870636
2021-06-09 18:45:18.206 | INFO     | slp.plbind.module:log_to_console:484 - val_acc5        0.542019784450531
2021-06-09 18:45:18.208 | INFO     | slp.plbind.module:log_to_console:484 - val_acc7        0.5282486081123352
2021-06-09 18:45:18.210 | INFO     | slp.plbind.module:log_to_console:484 - val_f1          0.7845293283462524
2021-06-09 18:45:18.212 | INFO     | slp.plbind.module:log_to_console:484 - val_f1_zero     0.7768776416778564
2021-06-09 18:45:18.214 | INFO     | slp.plbind.module:log_to_console:484 - val_mae         0.5858445167541504
2021-06-09 18:45:18.216 | INFO     | slp.plbind.module:log_to_console:484 - val_loss        0.5858445167541504
2021-06-09 18:45:18.218 | INFO     | slp.plbind.module:log_to_console:484 - best_score      0.5777051448822021
2021-06-09 18:45:18.220 | INFO     | slp.util.system:print_separator:81 - %%%%%%%%%%%%%%%%%%%%%%%%%%%%%%%%%%%%%%%%%%%%%%%%%%
2021-06-09 18:45:18.224 | INFO     | slp.plbind.helpers:_run_early_stopping_check:25 - Epoch 13 Early Stopping
2021-06-09 18:45:18.226 | INFO     | slp.util.system:print_separator:81 - --------------------------------------------------
2021-06-09 18:45:18.227 | INFO     | slp.plbind.helpers:_run_early_stopping_check:27 - best score      0.5777052044868469
2021-06-09 18:45:18.228 | INFO     | slp.plbind.helpers:_run_early_stopping_check:28 - patience left   6              
2021-06-09 18:45:18.228 | INFO     | slp.util.system:print_separator:81 - ##################################################
2021-06-09 18:45:53.762 | INFO     | slp.plbind.module:log_to_console:478 - Epoch 14 Training results
2021-06-09 18:45:53.764 | INFO     | slp.util.system:print_separator:81 - --------------------------------------------------
2021-06-09 18:45:53.766 | INFO     | slp.plbind.module:log_to_console:484 - train_acc2      0.8742263913154602
2021-06-09 18:45:53.767 | INFO     | slp.plbind.module:log_to_console:484 - train_acc2_zero 0.8308026790618896
2021-06-09 18:45:53.769 | INFO     | slp.plbind.module:log_to_console:484 - train_acc5      0.6142629981040955
2021-06-09 18:45:53.770 | INFO     | slp.plbind.module:log_to_console:484 - train_acc7      0.589067280292511
2021-06-09 18:45:53.771 | INFO     | slp.plbind.module:log_to_console:484 - train_f1        0.8723220825195312
2021-06-09 18:45:53.773 | INFO     | slp.plbind.module:log_to_console:484 - train_f1_zero   0.8349640369415283
2021-06-09 18:45:53.774 | INFO     | slp.plbind.module:log_to_console:484 - train_mae       0.46923357248306274
2021-06-09 18:45:53.775 | INFO     | slp.plbind.module:log_to_console:484 - train_loss      0.46923357248306274
2021-06-09 18:45:53.776 | INFO     | slp.util.system:print_separator:81 - %%%%%%%%%%%%%%%%%%%%%%%%%%%%%%%%%%%%%%%%%%%%%%%%%%
2021-06-09 18:45:55.818 | INFO     | slp.plbind.module:log_to_console:478 - Epoch 14 Validation results
2021-06-09 18:45:55.821 | INFO     | slp.util.system:print_separator:81 - --------------------------------------------------
2021-06-09 18:45:55.823 | INFO     | slp.plbind.module:log_to_console:484 - val_acc2        0.791117787361145
2021-06-09 18:45:55.825 | INFO     | slp.plbind.module:log_to_console:484 - val_acc2_zero   0.7793785333633423
2021-06-09 18:45:55.827 | INFO     | slp.plbind.module:log_to_console:484 - val_acc5        0.5352048277854919
2021-06-09 18:45:55.829 | INFO     | slp.plbind.module:log_to_console:484 - val_acc7        0.5246115922927856
2021-06-09 18:45:55.831 | INFO     | slp.plbind.module:log_to_console:484 - val_f1          0.7881893515586853
2021-06-09 18:45:55.832 | INFO     | slp.plbind.module:log_to_console:484 - val_f1_zero     0.7834962606430054
2021-06-09 18:45:55.834 | INFO     | slp.plbind.module:log_to_console:484 - val_mae         0.5873634219169617
2021-06-09 18:45:55.836 | INFO     | slp.plbind.module:log_to_console:484 - val_loss        0.5873634219169617
2021-06-09 18:45:55.838 | INFO     | slp.plbind.module:log_to_console:484 - best_score      0.5777051448822021
2021-06-09 18:45:55.840 | INFO     | slp.util.system:print_separator:81 - %%%%%%%%%%%%%%%%%%%%%%%%%%%%%%%%%%%%%%%%%%%%%%%%%%
2021-06-09 18:45:55.845 | INFO     | slp.plbind.helpers:_run_early_stopping_check:25 - Epoch 14 Early Stopping
2021-06-09 18:45:55.847 | INFO     | slp.util.system:print_separator:81 - --------------------------------------------------
2021-06-09 18:45:55.850 | INFO     | slp.plbind.helpers:_run_early_stopping_check:27 - best score      0.5777052044868469
2021-06-09 18:45:55.851 | INFO     | slp.plbind.helpers:_run_early_stopping_check:28 - patience left   5              
2021-06-09 18:45:55.852 | INFO     | slp.util.system:print_separator:81 - ##################################################
2021-06-09 18:46:30.725 | INFO     | slp.plbind.module:log_to_console:478 - Epoch 15 Training results
2021-06-09 18:46:30.725 | INFO     | slp.util.system:print_separator:81 - --------------------------------------------------
2021-06-09 18:46:30.726 | INFO     | slp.plbind.module:log_to_console:484 - train_acc2      0.8779143691062927
2021-06-09 18:46:30.727 | INFO     | slp.plbind.module:log_to_console:484 - train_acc2_zero 0.8331964612007141
2021-06-09 18:46:30.727 | INFO     | slp.plbind.module:log_to_console:484 - train_acc5      0.6227635145187378
2021-06-09 18:46:30.728 | INFO     | slp.plbind.module:log_to_console:484 - train_acc7      0.5986074209213257
2021-06-09 18:46:30.728 | INFO     | slp.plbind.module:log_to_console:484 - train_f1        0.8766599893569946
2021-06-09 18:46:30.729 | INFO     | slp.plbind.module:log_to_console:484 - train_f1_zero   0.8372125625610352
2021-06-09 18:46:30.729 | INFO     | slp.plbind.module:log_to_console:484 - train_mae       0.45796656608581543
2021-06-09 18:46:30.730 | INFO     | slp.plbind.module:log_to_console:484 - train_loss      0.45796656608581543
2021-06-09 18:46:30.731 | INFO     | slp.util.system:print_separator:81 - %%%%%%%%%%%%%%%%%%%%%%%%%%%%%%%%%%%%%%%%%%%%%%%%%%
2021-06-09 18:46:32.729 | INFO     | slp.plbind.module:log_to_console:478 - Epoch 15 Validation results
2021-06-09 18:46:32.731 | INFO     | slp.util.system:print_separator:81 - --------------------------------------------------
2021-06-09 18:46:32.733 | INFO     | slp.plbind.module:log_to_console:484 - val_acc2        0.7894856333732605
2021-06-09 18:46:32.735 | INFO     | slp.plbind.module:log_to_console:484 - val_acc2_zero   0.7814971804618835
2021-06-09 18:46:32.737 | INFO     | slp.plbind.module:log_to_console:484 - val_acc5        0.5383827686309814
2021-06-09 18:46:32.739 | INFO     | slp.plbind.module:log_to_console:484 - val_acc7        0.5246115922927856
2021-06-09 18:46:32.741 | INFO     | slp.plbind.module:log_to_console:484 - val_f1          0.7895563244819641
2021-06-09 18:46:32.743 | INFO     | slp.plbind.module:log_to_console:484 - val_f1_zero     0.7885159254074097
2021-06-09 18:46:32.744 | INFO     | slp.plbind.module:log_to_console:484 - val_mae         0.5837756395339966
2021-06-09 18:46:32.746 | INFO     | slp.plbind.module:log_to_console:484 - val_loss        0.5837756395339966
2021-06-09 18:46:32.748 | INFO     | slp.plbind.module:log_to_console:484 - best_score      0.5777051448822021
2021-06-09 18:46:32.749 | INFO     | slp.util.system:print_separator:81 - %%%%%%%%%%%%%%%%%%%%%%%%%%%%%%%%%%%%%%%%%%%%%%%%%%
2021-06-09 18:46:32.752 | INFO     | slp.plbind.helpers:_run_early_stopping_check:25 - Epoch 15 Early Stopping
2021-06-09 18:46:32.753 | INFO     | slp.util.system:print_separator:81 - --------------------------------------------------
2021-06-09 18:46:32.755 | INFO     | slp.plbind.helpers:_run_early_stopping_check:27 - best score      0.5777052044868469
2021-06-09 18:46:32.756 | INFO     | slp.plbind.helpers:_run_early_stopping_check:28 - patience left   4              
2021-06-09 18:46:32.757 | INFO     | slp.util.system:print_separator:81 - ##################################################
2021-06-09 18:47:07.850 | INFO     | slp.plbind.module:log_to_console:478 - Epoch 16 Training results
2021-06-09 18:47:07.851 | INFO     | slp.util.system:print_separator:81 - --------------------------------------------------
2021-06-09 18:47:07.852 | INFO     | slp.plbind.module:log_to_console:484 - train_acc2      0.8802818655967712
2021-06-09 18:47:07.852 | INFO     | slp.plbind.module:log_to_console:484 - train_acc2_zero 0.8341400027275085
2021-06-09 18:47:07.853 | INFO     | slp.plbind.module:log_to_console:484 - train_acc5      0.6281974911689758
2021-06-09 18:47:07.853 | INFO     | slp.plbind.module:log_to_console:484 - train_acc7      0.6039190888404846
2021-06-09 18:47:07.854 | INFO     | slp.plbind.module:log_to_console:484 - train_f1        0.879052460193634
2021-06-09 18:47:07.854 | INFO     | slp.plbind.module:log_to_console:484 - train_f1_zero   0.8385891318321228
2021-06-09 18:47:07.855 | INFO     | slp.plbind.module:log_to_console:484 - train_mae       0.448729008436203
2021-06-09 18:47:07.856 | INFO     | slp.plbind.module:log_to_console:484 - train_loss      0.448729008436203
2021-06-09 18:47:07.856 | INFO     | slp.util.system:print_separator:81 - %%%%%%%%%%%%%%%%%%%%%%%%%%%%%%%%%%%%%%%%%%%%%%%%%%
2021-06-09 18:47:09.856 | INFO     | slp.plbind.module:log_to_console:478 - Epoch 16 Validation results
2021-06-09 18:47:09.858 | INFO     | slp.util.system:print_separator:81 - --------------------------------------------------
2021-06-09 18:47:09.861 | INFO     | slp.plbind.module:log_to_console:484 - val_acc2        0.7762898802757263
2021-06-09 18:47:09.863 | INFO     | slp.plbind.module:log_to_console:484 - val_acc2_zero   0.7666666507720947
2021-06-09 18:47:09.865 | INFO     | slp.plbind.module:log_to_console:484 - val_acc5        0.5318856239318848
2021-06-09 18:47:09.867 | INFO     | slp.plbind.module:log_to_console:484 - val_acc7        0.5207627415657043
2021-06-09 18:47:09.869 | INFO     | slp.plbind.module:log_to_console:484 - val_f1          0.7762188911437988
2021-06-09 18:47:09.870 | INFO     | slp.plbind.module:log_to_console:484 - val_f1_zero     0.7729940414428711
2021-06-09 18:47:09.872 | INFO     | slp.plbind.module:log_to_console:484 - val_mae         0.5778237581253052
2021-06-09 18:47:09.874 | INFO     | slp.plbind.module:log_to_console:484 - val_loss        0.5778237581253052
2021-06-09 18:47:09.875 | INFO     | slp.plbind.module:log_to_console:484 - best_score      0.5777051448822021
2021-06-09 18:47:09.876 | INFO     | slp.util.system:print_separator:81 - %%%%%%%%%%%%%%%%%%%%%%%%%%%%%%%%%%%%%%%%%%%%%%%%%%
2021-06-09 18:47:09.878 | INFO     | slp.plbind.helpers:_run_early_stopping_check:25 - Epoch 16 Early Stopping
2021-06-09 18:47:09.879 | INFO     | slp.util.system:print_separator:81 - --------------------------------------------------
2021-06-09 18:47:09.879 | INFO     | slp.plbind.helpers:_run_early_stopping_check:27 - best score      0.5777052044868469
2021-06-09 18:47:09.880 | INFO     | slp.plbind.helpers:_run_early_stopping_check:28 - patience left   3              
2021-06-09 18:47:09.881 | INFO     | slp.util.system:print_separator:81 - ##################################################
2021-06-09 18:47:44.992 | INFO     | slp.plbind.module:log_to_console:478 - Epoch 17 Training results
2021-06-09 18:47:44.993 | INFO     | slp.util.system:print_separator:81 - --------------------------------------------------
2021-06-09 18:47:44.993 | INFO     | slp.plbind.module:log_to_console:484 - train_acc2      0.8827017545700073
2021-06-09 18:47:44.994 | INFO     | slp.plbind.module:log_to_console:484 - train_acc2_zero 0.8367783427238464
2021-06-09 18:47:44.994 | INFO     | slp.plbind.module:log_to_console:484 - train_acc5      0.6376415491104126
2021-06-09 18:47:44.995 | INFO     | slp.plbind.module:log_to_console:484 - train_acc7      0.6123235821723938
2021-06-09 18:47:44.996 | INFO     | slp.plbind.module:log_to_console:484 - train_f1        0.881314218044281
2021-06-09 18:47:44.996 | INFO     | slp.plbind.module:log_to_console:484 - train_f1_zero   0.8409016728401184
2021-06-09 18:47:44.997 | INFO     | slp.plbind.module:log_to_console:484 - train_mae       0.43975138664245605
2021-06-09 18:47:44.997 | INFO     | slp.plbind.module:log_to_console:484 - train_loss      0.43975138664245605
2021-06-09 18:47:44.998 | INFO     | slp.util.system:print_separator:81 - %%%%%%%%%%%%%%%%%%%%%%%%%%%%%%%%%%%%%%%%%%%%%%%%%%
2021-06-09 18:47:46.978 | INFO     | slp.plbind.module:log_to_console:478 - Epoch 17 Validation results
2021-06-09 18:47:46.980 | INFO     | slp.util.system:print_separator:81 - --------------------------------------------------
2021-06-09 18:47:46.981 | INFO     | slp.plbind.module:log_to_console:484 - val_acc2        0.7942459583282471
2021-06-09 18:47:46.981 | INFO     | slp.plbind.module:log_to_console:484 - val_acc2_zero   0.797775387763977
2021-06-09 18:47:46.982 | INFO     | slp.plbind.module:log_to_console:484 - val_acc5        0.5287076234817505
2021-06-09 18:47:46.983 | INFO     | slp.plbind.module:log_to_console:484 - val_acc7        0.5165254473686218
2021-06-09 18:47:46.984 | INFO     | slp.plbind.module:log_to_console:484 - val_f1          0.7936475276947021
2021-06-09 18:47:46.984 | INFO     | slp.plbind.module:log_to_console:484 - val_f1_zero     0.8017439246177673
2021-06-09 18:47:46.985 | INFO     | slp.plbind.module:log_to_console:484 - val_mae         0.5943676233291626
2021-06-09 18:47:46.986 | INFO     | slp.plbind.module:log_to_console:484 - val_loss        0.5943676233291626
2021-06-09 18:47:46.986 | INFO     | slp.plbind.module:log_to_console:484 - best_score      0.5777051448822021
2021-06-09 18:47:46.987 | INFO     | slp.util.system:print_separator:81 - %%%%%%%%%%%%%%%%%%%%%%%%%%%%%%%%%%%%%%%%%%%%%%%%%%
2021-06-09 18:47:46.989 | INFO     | slp.plbind.helpers:_run_early_stopping_check:25 - Epoch 17 Early Stopping
2021-06-09 18:47:46.990 | INFO     | slp.util.system:print_separator:81 - --------------------------------------------------
2021-06-09 18:47:46.991 | INFO     | slp.plbind.helpers:_run_early_stopping_check:27 - best score      0.5777052044868469
2021-06-09 18:47:46.991 | INFO     | slp.plbind.helpers:_run_early_stopping_check:28 - patience left   2              
2021-06-09 18:47:46.992 | INFO     | slp.util.system:print_separator:81 - ##################################################
2021-06-09 18:48:21.807 | INFO     | slp.plbind.module:log_to_console:478 - Epoch 18 Training results
2021-06-09 18:48:21.808 | INFO     | slp.util.system:print_separator:81 - --------------------------------------------------
2021-06-09 18:48:21.808 | INFO     | slp.plbind.module:log_to_console:484 - train_acc2      0.8905178308486938
2021-06-09 18:48:21.809 | INFO     | slp.plbind.module:log_to_console:484 - train_acc2_zero 0.8401418924331665
2021-06-09 18:48:21.810 | INFO     | slp.plbind.module:log_to_console:484 - train_acc5      0.6569052338600159
2021-06-09 18:48:21.810 | INFO     | slp.plbind.module:log_to_console:484 - train_acc7      0.6306087970733643
2021-06-09 18:48:21.811 | INFO     | slp.plbind.module:log_to_console:484 - train_f1        0.8895769715309143
2021-06-09 18:48:21.811 | INFO     | slp.plbind.module:log_to_console:484 - train_f1_zero   0.8444430828094482
2021-06-09 18:48:21.812 | INFO     | slp.plbind.module:log_to_console:484 - train_mae       0.41512027382850647
2021-06-09 18:48:21.813 | INFO     | slp.plbind.module:log_to_console:484 - train_loss      0.41512027382850647
2021-06-09 18:48:21.813 | INFO     | slp.util.system:print_separator:81 - %%%%%%%%%%%%%%%%%%%%%%%%%%%%%%%%%%%%%%%%%%%%%%%%%%
2021-06-09 18:48:23.765 | INFO     | slp.plbind.module:log_to_console:478 - Epoch 18 Validation results
2021-06-09 18:48:23.767 | INFO     | slp.util.system:print_separator:81 - --------------------------------------------------
2021-06-09 18:48:23.770 | INFO     | slp.plbind.module:log_to_console:484 - val_acc2        0.7890276312828064
2021-06-09 18:48:23.772 | INFO     | slp.plbind.module:log_to_console:484 - val_acc2_zero   0.7781073451042175
2021-06-09 18:48:23.773 | INFO     | slp.plbind.module:log_to_console:484 - val_acc5        0.5345339179039001
2021-06-09 18:48:23.775 | INFO     | slp.plbind.module:log_to_console:484 - val_acc7        0.5186440944671631
2021-06-09 18:48:23.777 | INFO     | slp.plbind.module:log_to_console:484 - val_f1          0.7925949096679688
2021-06-09 18:48:23.778 | INFO     | slp.plbind.module:log_to_console:484 - val_f1_zero     0.7873425483703613
2021-06-09 18:48:23.780 | INFO     | slp.plbind.module:log_to_console:484 - val_mae         0.5878826379776001
2021-06-09 18:48:23.782 | INFO     | slp.plbind.module:log_to_console:484 - val_loss        0.5878826379776001
2021-06-09 18:48:23.783 | INFO     | slp.plbind.module:log_to_console:484 - best_score      0.5777051448822021
2021-06-09 18:48:23.784 | INFO     | slp.util.system:print_separator:81 - %%%%%%%%%%%%%%%%%%%%%%%%%%%%%%%%%%%%%%%%%%%%%%%%%%
2021-06-09 18:48:23.787 | INFO     | slp.plbind.helpers:_run_early_stopping_check:25 - Epoch 18 Early Stopping
2021-06-09 18:48:23.789 | INFO     | slp.util.system:print_separator:81 - --------------------------------------------------
2021-06-09 18:48:23.790 | INFO     | slp.plbind.helpers:_run_early_stopping_check:27 - best score      0.5777052044868469
2021-06-09 18:48:23.791 | INFO     | slp.plbind.helpers:_run_early_stopping_check:28 - patience left   1              
2021-06-09 18:48:23.792 | INFO     | slp.util.system:print_separator:81 - ##################################################
2021-06-09 18:48:58.243 | INFO     | slp.plbind.module:log_to_console:478 - Epoch 19 Training results
2021-06-09 18:48:58.244 | INFO     | slp.util.system:print_separator:81 - --------------------------------------------------
2021-06-09 18:48:58.245 | INFO     | slp.plbind.module:log_to_console:484 - train_acc2      0.8935932517051697
2021-06-09 18:48:58.245 | INFO     | slp.plbind.module:log_to_console:484 - train_acc2_zero 0.8426754474639893
2021-06-09 18:48:58.246 | INFO     | slp.plbind.module:log_to_console:484 - train_acc5      0.6650912165641785
2021-06-09 18:48:58.246 | INFO     | slp.plbind.module:log_to_console:484 - train_acc7      0.6395897269248962
2021-06-09 18:48:58.247 | INFO     | slp.plbind.module:log_to_console:484 - train_f1        0.892629861831665
2021-06-09 18:48:58.247 | INFO     | slp.plbind.module:log_to_console:484 - train_f1_zero   0.846942663192749
2021-06-09 18:48:58.248 | INFO     | slp.plbind.module:log_to_console:484 - train_mae       0.4054276943206787
2021-06-09 18:48:58.248 | INFO     | slp.plbind.module:log_to_console:484 - train_loss      0.4054276943206787
2021-06-09 18:48:58.249 | INFO     | slp.util.system:print_separator:81 - %%%%%%%%%%%%%%%%%%%%%%%%%%%%%%%%%%%%%%%%%%%%%%%%%%
2021-06-09 18:49:00.187 | INFO     | slp.plbind.module:log_to_console:478 - Epoch 19 Validation results
2021-06-09 18:49:00.188 | INFO     | slp.util.system:print_separator:81 - --------------------------------------------------
2021-06-09 18:49:00.189 | INFO     | slp.plbind.module:log_to_console:484 - val_acc2        0.7949500679969788
2021-06-09 18:49:00.189 | INFO     | slp.plbind.module:log_to_console:484 - val_acc2_zero   0.7882415056228638
2021-06-09 18:49:00.190 | INFO     | slp.plbind.module:log_to_console:484 - val_acc5        0.5330155491828918
2021-06-09 18:49:00.191 | INFO     | slp.plbind.module:log_to_console:484 - val_acc7        0.5203036665916443
2021-06-09 18:49:00.192 | INFO     | slp.plbind.module:log_to_console:484 - val_f1          0.7938502430915833
2021-06-09 18:49:00.192 | INFO     | slp.plbind.module:log_to_console:484 - val_f1_zero     0.7931470274925232
2021-06-09 18:49:00.193 | INFO     | slp.plbind.module:log_to_console:484 - val_mae         0.5843595266342163
2021-06-09 18:49:00.194 | INFO     | slp.plbind.module:log_to_console:484 - val_loss        0.5843595266342163
2021-06-09 18:49:00.195 | INFO     | slp.plbind.module:log_to_console:484 - best_score      0.5777051448822021
2021-06-09 18:49:00.195 | INFO     | slp.util.system:print_separator:81 - %%%%%%%%%%%%%%%%%%%%%%%%%%%%%%%%%%%%%%%%%%%%%%%%%%
2021-06-09 18:49:00.198 | INFO     | slp.plbind.helpers:_run_early_stopping_check:25 - Epoch 19 Early Stopping
2021-06-09 18:49:00.198 | INFO     | slp.util.system:print_separator:81 - --------------------------------------------------
2021-06-09 18:49:00.199 | INFO     | slp.plbind.helpers:_run_early_stopping_check:27 - best score      0.5777052044868469
2021-06-09 18:49:00.200 | INFO     | slp.plbind.helpers:_run_early_stopping_check:28 - patience left   0              
2021-06-09 18:49:00.201 | INFO     | slp.plbind.helpers:_run_early_stopping_check:33 - Stopping due to early stopping
2021-06-09 18:49:00.201 | INFO     | slp.util.system:print_separator:81 - ##################################################
2021-06-09 18:49:00.291 | INFO     | pytorch_lightning.profiler.profilers:describe:96 - 

Profiler Report

Action                             	|  Mean duration (s)	|Num calls      	|  Total time (s) 	|  Percentage %   	|
------------------------------------------------------------------------------------------------------------------------------------
Total                              	|  -              	|_              	|  709.92         	|  100 %          	|
------------------------------------------------------------------------------------------------------------------------------------
run_training_epoch                 	|  37.17          	|19             	|  706.23         	|  99.48          	|
run_training_batch                 	|  0.066288       	|9709           	|  643.59         	|  90.657         	|
optimizer_step_and_closure_0       	|  0.063837       	|9709           	|  619.79         	|  87.304         	|
training_step_and_backward         	|  0.05295        	|9709           	|  514.09         	|  72.415         	|
model_forward                      	|  0.030002       	|9709           	|  291.29         	|  41.031         	|
training_step                      	|  0.029754       	|9709           	|  288.88         	|  40.692         	|
model_backward                     	|  0.02268        	|9709           	|  220.2          	|  31.018         	|
evaluation_step_and_end            	|  0.028059       	|1123           	|  31.511         	|  4.4386         	|
validation_step                    	|  0.027906       	|1123           	|  31.339         	|  4.4144         	|
get_train_batch                    	|  0.0004956      	|9709           	|  4.8118         	|  0.67779        	|
on_train_batch_end                 	|  0.00015036     	|9709           	|  1.4599         	|  0.20564        	|
on_train_batch_start               	|  0.00013475     	|9709           	|  1.3083         	|  0.18429        	|
cache_result                       	|  1.8963e-05     	|52132          	|  0.9886         	|  0.13925        	|
on_validation_end                  	|  0.037405       	|20             	|  0.74811        	|  0.10538        	|
on_after_backward                  	|  3.5368e-05     	|9709           	|  0.34339        	|  0.04837        	|
on_before_zero_grad                	|  2.8948e-05     	|9709           	|  0.28105        	|  0.039589       	|
on_batch_start                     	|  2.648e-05      	|9709           	|  0.25709        	|  0.036214       	|
on_batch_end                       	|  1.8741e-05     	|9709           	|  0.18195        	|  0.02563        	|
training_step_end                  	|  1.0985e-05     	|9709           	|  0.10665        	|  0.015023       	|
on_validation_batch_end            	|  9.4848e-05     	|1123           	|  0.10651        	|  0.015004       	|
on_train_end                       	|  0.03634        	|1              	|  0.03634        	|  0.0051189      	|
on_validation_batch_start          	|  1.6002e-05     	|1123           	|  0.01797        	|  0.0025313      	|
on_epoch_start                     	|  0.00080073     	|19             	|  0.015214       	|  0.002143       	|
validation_step_end                	|  1.0492e-05     	|1123           	|  0.011782       	|  0.0016597      	|
on_validation_start                	|  0.00054107     	|20             	|  0.010821       	|  0.0015243      	|
on_train_start                     	|  0.0022478      	|1              	|  0.0022478      	|  0.00031663     	|
on_train_epoch_end                 	|  2.8905e-05     	|19             	|  0.0005492      	|  7.7361e-05     	|
on_epoch_end                       	|  1.3999e-05     	|39             	|  0.00054596     	|  7.6904e-05     	|
on_validation_epoch_end            	|  2.5828e-05     	|20             	|  0.00051656     	|  7.2764e-05     	|
on_validation_epoch_start          	|  1.6716e-05     	|20             	|  0.00033432     	|  4.7093e-05     	|
on_train_epoch_start               	|  1.6308e-05     	|19             	|  0.00030986     	|  4.3647e-05     	|
on_fit_start                       	|  2.2282e-05     	|1              	|  2.2282e-05     	|  3.1386e-06     	|
on_before_accelerator_backend_setup	|  7.668e-06      	|1              	|  7.668e-06      	|  1.0801e-06     	|

