2021-06-09 18:12:11.898 | INFO     | slp.util.log:configure_logging:84 - Log file will be saved in logs/mosei-rnn-m3-0.25-text-0.6.20210609-181211.log
2021-06-09 18:12:12.744 | INFO     | slp.plbind.dm:setup:159 - Using provided validation set
2021-06-09 18:12:12.744 | INFO     | slp.plbind.dm:setup:162 - Using provided test set
2021-06-09 18:12:12.744 | INFO     | slp.plbind.dm:setup:212 - Using 16327 samples for training
2021-06-09 18:12:12.744 | INFO     | slp.plbind.dm:setup:213 - Using 1871 samples for validation
2021-06-09 18:12:12.745 | INFO     | slp.plbind.dm:setup:216 - Using 4662 samples for testing
2021-06-09 18:12:12.764 | INFO     | slp.plbind.trainer:make_trainer:428 - Logs will be saved in rnn-m3-0.25-text-0.6/mosei-rnn-m3-0.25-text-0.6
2021-06-09 18:12:12.765 | INFO     | slp.plbind.trainer:make_trainer:429 - Logs will be saved in rnn-m3-0.25-text-0.6/mosei-rnn-m3-0.25-text-0.6/20210609-181212/checkpoints
2021-06-09 18:12:12.800 | INFO     | slp.plbind.trainer:make_trainer:461 - Configured wandb and CSV loggers.
2021-06-09 18:12:12.801 | INFO     | slp.plbind.trainer:make_trainer:462 - Wandb configured to run mosei-rnn-m3-0.25-text-0.6/20210609-181212 in project mosei-rnn-m3-0.25-text-0.6
2021-06-09 18:12:12.801 | INFO     | slp.plbind.trainer:make_trainer:467 - Results will be stored online.
2021-06-09 18:12:12.802 | INFO     | slp.plbind.trainer:make_trainer:475 - Experiment verbose description:
MOSEI RNN-baseline with M3 and higher text drop probability

Tags:['mosei', 'rnn-baseline', 'm3', 'regularization']
2021-06-09 18:12:12.803 | INFO     | slp.plbind.trainer:make_trainer:496 - Configured Early stopping and Model checkpointing to track val_loss
2021-06-09 18:12:12.824 | INFO     | pytorch_lightning.utilities.distributed:_info:54 - GPU available: True, used: True
2021-06-09 18:12:12.824 | INFO     | pytorch_lightning.utilities.distributed:_info:54 - TPU available: None, using: 0 TPU cores
2021-06-09 18:12:13.698 | INFO     | slp.plbind.trainer:watch_model:613 - Tracking model weights & gradients in wandb.
2021-06-09 18:12:13.700 | INFO     | pytorch_lightning.accelerators.gpu:set_nvidia_flags:40 - LOCAL_RANK: 0 - CUDA_VISIBLE_DEVICES: [3]
2021-06-09 18:12:16.180 | INFO     | pytorch_lightning.core.lightning:summarize:1457 - 
  | Name          | Type                            | Params
------------------------------------------------------------------
0 | model         | AudioVisualTextMaskedClassifier | 1.6 M 
1 | criterion     | L1Loss                          | 0     
2 | train_metrics | ModuleDict                      | 0     
3 | val_metrics   | ModuleDict                      | 0     
4 | test_metrics  | ModuleDict                      | 0     
------------------------------------------------------------------
1.6 M     Trainable params
0         Non-trainable params
1.6 M     Total params
6.535     Total estimated model params size (MB)
2021-06-09 18:12:16.424 | INFO     | slp.plbind.module:log_to_console:478 - Epoch 1 Validation results
2021-06-09 18:12:16.426 | INFO     | slp.util.system:print_separator:81 - --------------------------------------------------
2021-06-09 18:12:16.427 | INFO     | slp.plbind.module:log_to_console:484 - val_acc2        0.4431818127632141
2021-06-09 18:12:16.428 | INFO     | slp.plbind.module:log_to_console:484 - val_acc2_zero   0.515625       
2021-06-09 18:12:16.430 | INFO     | slp.plbind.module:log_to_console:484 - val_acc5        0.171875       
2021-06-09 18:12:16.431 | INFO     | slp.plbind.module:log_to_console:484 - val_acc7        0.171875       
2021-06-09 18:12:16.432 | INFO     | slp.plbind.module:log_to_console:484 - val_f1          0.3862554132938385
2021-06-09 18:12:16.433 | INFO     | slp.plbind.module:log_to_console:484 - val_f1_zero     0.46180757880210876
2021-06-09 18:12:16.435 | INFO     | slp.plbind.module:log_to_console:484 - val_mae         2.0519356727600098
2021-06-09 18:12:16.436 | INFO     | slp.plbind.module:log_to_console:484 - val_loss        2.0519356727600098
2021-06-09 18:12:16.437 | INFO     | slp.plbind.module:log_to_console:484 - best_score      inf            
2021-06-09 18:12:16.438 | INFO     | slp.util.system:print_separator:81 - %%%%%%%%%%%%%%%%%%%%%%%%%%%%%%%%%%%%%%%%%%%%%%%%%%
2021-06-09 18:12:50.734 | INFO     | slp.plbind.module:log_to_console:478 - Epoch 1 Training results
2021-06-09 18:12:50.735 | INFO     | slp.util.system:print_separator:81 - --------------------------------------------------
2021-06-09 18:12:50.736 | INFO     | slp.plbind.module:log_to_console:484 - train_acc2      0.6788908839225769
2021-06-09 18:12:50.736 | INFO     | slp.plbind.module:log_to_console:484 - train_acc2_zero 0.6617189645767212
2021-06-09 18:12:50.737 | INFO     | slp.plbind.module:log_to_console:484 - train_acc5      0.37445831298828125
2021-06-09 18:12:50.738 | INFO     | slp.plbind.module:log_to_console:484 - train_acc7      0.36901557445526123
2021-06-09 18:12:50.738 | INFO     | slp.plbind.module:log_to_console:484 - train_f1        0.6532812714576721
2021-06-09 18:12:50.739 | INFO     | slp.plbind.module:log_to_console:484 - train_f1_zero   0.6467627882957458
2021-06-09 18:12:50.739 | INFO     | slp.plbind.module:log_to_console:484 - train_mae       1.0147638320922852
2021-06-09 18:12:50.740 | INFO     | slp.plbind.module:log_to_console:484 - train_loss      1.0147638320922852
2021-06-09 18:12:50.740 | INFO     | slp.util.system:print_separator:81 - %%%%%%%%%%%%%%%%%%%%%%%%%%%%%%%%%%%%%%%%%%%%%%%%%%
2021-06-09 18:12:52.568 | INFO     | slp.plbind.module:log_to_console:478 - Epoch 1 Validation results
2021-06-09 18:12:52.571 | INFO     | slp.util.system:print_separator:81 - --------------------------------------------------
2021-06-09 18:12:52.573 | INFO     | slp.plbind.module:log_to_console:484 - val_acc2        0.7562536597251892
2021-06-09 18:12:52.575 | INFO     | slp.plbind.module:log_to_console:484 - val_acc2_zero   0.7736935615539551
2021-06-09 18:12:52.576 | INFO     | slp.plbind.module:log_to_console:484 - val_acc5        0.42951977252960205
2021-06-09 18:12:52.578 | INFO     | slp.plbind.module:log_to_console:484 - val_acc7        0.42210453748703003
2021-06-09 18:12:52.579 | INFO     | slp.plbind.module:log_to_console:484 - val_f1          0.7191662788391113
2021-06-09 18:12:52.612 | INFO     | slp.plbind.module:log_to_console:484 - val_f1_zero     0.7468734383583069
2021-06-09 18:12:52.614 | INFO     | slp.plbind.module:log_to_console:484 - val_mae         0.703078031539917
2021-06-09 18:12:52.616 | INFO     | slp.plbind.module:log_to_console:484 - val_loss        0.703078031539917
2021-06-09 18:12:52.618 | INFO     | slp.plbind.module:log_to_console:484 - best_score      inf            
2021-06-09 18:12:52.620 | INFO     | slp.util.system:print_separator:81 - %%%%%%%%%%%%%%%%%%%%%%%%%%%%%%%%%%%%%%%%%%%%%%%%%%
2021-06-09 18:12:52.626 | INFO     | slp.plbind.helpers:_run_early_stopping_check:25 - Epoch 1 Early Stopping
2021-06-09 18:12:52.628 | INFO     | slp.util.system:print_separator:81 - --------------------------------------------------
2021-06-09 18:12:52.630 | INFO     | slp.plbind.helpers:_run_early_stopping_check:27 - best score      0.703078031539917
2021-06-09 18:12:52.632 | INFO     | slp.plbind.helpers:_run_early_stopping_check:28 - patience left   10             
2021-06-09 18:12:52.634 | INFO     | slp.util.system:print_separator:81 - ##################################################
2021-06-09 18:13:28.070 | INFO     | slp.plbind.module:log_to_console:478 - Epoch 2 Training results
2021-06-09 18:13:28.071 | INFO     | slp.util.system:print_separator:81 - --------------------------------------------------
2021-06-09 18:13:28.072 | INFO     | slp.plbind.module:log_to_console:484 - train_acc2      0.7682437896728516
2021-06-09 18:13:28.072 | INFO     | slp.plbind.module:log_to_console:484 - train_acc2_zero 0.7422333359718323
2021-06-09 18:13:28.073 | INFO     | slp.plbind.module:log_to_console:484 - train_acc5      0.45081421732902527
2021-06-09 18:13:28.073 | INFO     | slp.plbind.module:log_to_console:484 - train_acc7      0.4426806569099426
2021-06-09 18:13:28.074 | INFO     | slp.plbind.module:log_to_console:484 - train_f1        0.7578261494636536
2021-06-09 18:13:28.074 | INFO     | slp.plbind.module:log_to_console:484 - train_f1_zero   0.7398090362548828
2021-06-09 18:13:28.074 | INFO     | slp.plbind.module:log_to_console:484 - train_mae       0.7231533527374268
2021-06-09 18:13:28.075 | INFO     | slp.plbind.module:log_to_console:484 - train_loss      0.7231533527374268
2021-06-09 18:13:28.075 | INFO     | slp.util.system:print_separator:81 - %%%%%%%%%%%%%%%%%%%%%%%%%%%%%%%%%%%%%%%%%%%%%%%%%%
2021-06-09 18:13:29.970 | INFO     | slp.plbind.module:log_to_console:478 - Epoch 2 Validation results
2021-06-09 18:13:29.972 | INFO     | slp.util.system:print_separator:81 - --------------------------------------------------
2021-06-09 18:13:29.974 | INFO     | slp.plbind.module:log_to_console:484 - val_acc2        0.7978201508522034
2021-06-09 18:13:29.977 | INFO     | slp.plbind.module:log_to_console:484 - val_acc2_zero   0.8022952079772949
2021-06-09 18:13:29.979 | INFO     | slp.plbind.module:log_to_console:484 - val_acc5        0.4631709158420563
2021-06-09 18:13:29.981 | INFO     | slp.plbind.module:log_to_console:484 - val_acc7        0.4499293863773346
2021-06-09 18:13:29.983 | INFO     | slp.plbind.module:log_to_console:484 - val_f1          0.7876551747322083
2021-06-09 18:13:29.983 | INFO     | slp.plbind.module:log_to_console:484 - val_f1_zero     0.7980765700340271
2021-06-09 18:13:29.984 | INFO     | slp.plbind.module:log_to_console:484 - val_mae         0.6547192931175232
2021-06-09 18:13:29.985 | INFO     | slp.plbind.module:log_to_console:484 - val_loss        0.6547192931175232
2021-06-09 18:13:29.986 | INFO     | slp.plbind.module:log_to_console:484 - best_score      0.703078031539917
2021-06-09 18:13:29.986 | INFO     | slp.util.system:print_separator:81 - %%%%%%%%%%%%%%%%%%%%%%%%%%%%%%%%%%%%%%%%%%%%%%%%%%
2021-06-09 18:13:29.988 | INFO     | slp.plbind.helpers:_run_early_stopping_check:25 - Epoch 2 Early Stopping
2021-06-09 18:13:29.989 | INFO     | slp.util.system:print_separator:81 - --------------------------------------------------
2021-06-09 18:13:29.990 | INFO     | slp.plbind.helpers:_run_early_stopping_check:27 - best score      0.6547192931175232
2021-06-09 18:13:29.991 | INFO     | slp.plbind.helpers:_run_early_stopping_check:28 - patience left   10             
2021-06-09 18:13:29.991 | INFO     | slp.util.system:print_separator:81 - ##################################################
2021-06-09 18:14:05.040 | INFO     | slp.plbind.module:log_to_console:478 - Epoch 3 Training results
2021-06-09 18:14:05.041 | INFO     | slp.util.system:print_separator:81 - --------------------------------------------------
2021-06-09 18:14:05.041 | INFO     | slp.plbind.module:log_to_console:484 - train_acc2      0.7886176109313965
2021-06-09 18:14:05.042 | INFO     | slp.plbind.module:log_to_console:484 - train_acc2_zero 0.766136109828949
2021-06-09 18:14:05.043 | INFO     | slp.plbind.module:log_to_console:484 - train_acc5      0.4820380210876465
2021-06-09 18:14:05.043 | INFO     | slp.plbind.module:log_to_console:484 - train_acc7      0.469745934009552
2021-06-09 18:14:05.044 | INFO     | slp.plbind.module:log_to_console:484 - train_f1        0.7825154662132263
2021-06-09 18:14:05.044 | INFO     | slp.plbind.module:log_to_console:484 - train_f1_zero   0.7671139240264893
2021-06-09 18:14:05.045 | INFO     | slp.plbind.module:log_to_console:484 - train_mae       0.6699994206428528
2021-06-09 18:14:05.045 | INFO     | slp.plbind.module:log_to_console:484 - train_loss      0.6699994206428528
2021-06-09 18:14:05.046 | INFO     | slp.util.system:print_separator:81 - %%%%%%%%%%%%%%%%%%%%%%%%%%%%%%%%%%%%%%%%%%%%%%%%%%
2021-06-09 18:14:06.991 | INFO     | slp.plbind.module:log_to_console:478 - Epoch 3 Validation results
2021-06-09 18:14:06.992 | INFO     | slp.util.system:print_separator:81 - --------------------------------------------------
2021-06-09 18:14:06.993 | INFO     | slp.plbind.module:log_to_console:484 - val_acc2        0.7978013753890991
2021-06-09 18:14:06.993 | INFO     | slp.plbind.module:log_to_console:484 - val_acc2_zero   0.7837570905685425
2021-06-09 18:14:06.994 | INFO     | slp.plbind.module:log_to_console:484 - val_acc5        0.5038135647773743
2021-06-09 18:14:06.995 | INFO     | slp.plbind.module:log_to_console:484 - val_acc7        0.48633474111557007
2021-06-09 18:14:06.996 | INFO     | slp.plbind.module:log_to_console:484 - val_f1          0.7946373224258423
2021-06-09 18:14:06.996 | INFO     | slp.plbind.module:log_to_console:484 - val_f1_zero     0.7885646224021912
2021-06-09 18:14:06.997 | INFO     | slp.plbind.module:log_to_console:484 - val_mae         0.6282907128334045
2021-06-09 18:14:06.998 | INFO     | slp.plbind.module:log_to_console:484 - val_loss        0.6282907128334045
2021-06-09 18:14:06.999 | INFO     | slp.plbind.module:log_to_console:484 - best_score      0.6547192931175232
2021-06-09 18:14:06.999 | INFO     | slp.util.system:print_separator:81 - %%%%%%%%%%%%%%%%%%%%%%%%%%%%%%%%%%%%%%%%%%%%%%%%%%
2021-06-09 18:14:07.001 | INFO     | slp.plbind.helpers:_run_early_stopping_check:25 - Epoch 3 Early Stopping
2021-06-09 18:14:07.002 | INFO     | slp.util.system:print_separator:81 - --------------------------------------------------
2021-06-09 18:14:07.003 | INFO     | slp.plbind.helpers:_run_early_stopping_check:27 - best score      0.6282907128334045
2021-06-09 18:14:07.004 | INFO     | slp.plbind.helpers:_run_early_stopping_check:28 - patience left   10             
2021-06-09 18:14:07.004 | INFO     | slp.util.system:print_separator:81 - ##################################################
2021-06-09 18:14:42.294 | INFO     | slp.plbind.module:log_to_console:478 - Epoch 4 Training results
2021-06-09 18:14:42.295 | INFO     | slp.util.system:print_separator:81 - --------------------------------------------------
2021-06-09 18:14:42.296 | INFO     | slp.plbind.module:log_to_console:484 - train_acc2      0.8080063462257385
2021-06-09 18:14:42.296 | INFO     | slp.plbind.module:log_to_console:484 - train_acc2_zero 0.774339497089386
2021-06-09 18:14:42.297 | INFO     | slp.plbind.module:log_to_console:484 - train_acc5      0.4928012192249298
2021-06-09 18:14:42.297 | INFO     | slp.plbind.module:log_to_console:484 - train_acc7      0.4798975884914398
2021-06-09 18:14:42.298 | INFO     | slp.plbind.module:log_to_console:484 - train_f1        0.8046410083770752
2021-06-09 18:14:42.298 | INFO     | slp.plbind.module:log_to_console:484 - train_f1_zero   0.778058648109436
2021-06-09 18:14:42.299 | INFO     | slp.plbind.module:log_to_console:484 - train_mae       0.6417663097381592
2021-06-09 18:14:42.299 | INFO     | slp.plbind.module:log_to_console:484 - train_loss      0.6417663097381592
2021-06-09 18:14:42.300 | INFO     | slp.util.system:print_separator:81 - %%%%%%%%%%%%%%%%%%%%%%%%%%%%%%%%%%%%%%%%%%%%%%%%%%
2021-06-09 18:14:44.168 | INFO     | slp.plbind.module:log_to_console:478 - Epoch 4 Validation results
2021-06-09 18:14:44.170 | INFO     | slp.util.system:print_separator:81 - --------------------------------------------------
2021-06-09 18:14:44.173 | INFO     | slp.plbind.module:log_to_console:484 - val_acc2        0.7702181935310364
2021-06-09 18:14:44.175 | INFO     | slp.plbind.module:log_to_console:484 - val_acc2_zero   0.714300811290741
2021-06-09 18:14:44.177 | INFO     | slp.plbind.module:log_to_console:484 - val_acc5        0.5091807842254639
2021-06-09 18:14:44.179 | INFO     | slp.plbind.module:log_to_console:484 - val_acc7        0.4996469020843506
2021-06-09 18:14:44.181 | INFO     | slp.plbind.module:log_to_console:484 - val_f1          0.7709519267082214
2021-06-09 18:14:44.183 | INFO     | slp.plbind.module:log_to_console:484 - val_f1_zero     0.7248328328132629
2021-06-09 18:14:44.185 | INFO     | slp.plbind.module:log_to_console:484 - val_mae         0.6243401169776917
2021-06-09 18:14:44.187 | INFO     | slp.plbind.module:log_to_console:484 - val_loss        0.6243401169776917
2021-06-09 18:14:44.188 | INFO     | slp.plbind.module:log_to_console:484 - best_score      0.6282907128334045
2021-06-09 18:14:44.190 | INFO     | slp.util.system:print_separator:81 - %%%%%%%%%%%%%%%%%%%%%%%%%%%%%%%%%%%%%%%%%%%%%%%%%%
2021-06-09 18:14:44.194 | INFO     | slp.plbind.helpers:_run_early_stopping_check:25 - Epoch 4 Early Stopping
2021-06-09 18:14:44.195 | INFO     | slp.util.system:print_separator:81 - --------------------------------------------------
2021-06-09 18:14:44.196 | INFO     | slp.plbind.helpers:_run_early_stopping_check:27 - best score      0.6243401169776917
2021-06-09 18:14:44.197 | INFO     | slp.plbind.helpers:_run_early_stopping_check:28 - patience left   10             
2021-06-09 18:14:44.199 | INFO     | slp.util.system:print_separator:81 - ##################################################
2021-06-09 18:15:19.895 | INFO     | slp.plbind.module:log_to_console:478 - Epoch 5 Training results
2021-06-09 18:15:19.895 | INFO     | slp.util.system:print_separator:81 - --------------------------------------------------
2021-06-09 18:15:19.896 | INFO     | slp.plbind.module:log_to_console:484 - train_acc2      0.8192822337150574
2021-06-09 18:15:19.897 | INFO     | slp.plbind.module:log_to_console:484 - train_acc2_zero 0.787015974521637
2021-06-09 18:15:19.897 | INFO     | slp.plbind.module:log_to_console:484 - train_acc5      0.5111475586891174
2021-06-09 18:15:19.898 | INFO     | slp.plbind.module:log_to_console:484 - train_acc7      0.4961647391319275
2021-06-09 18:15:19.898 | INFO     | slp.plbind.module:log_to_console:484 - train_f1        0.8154626488685608
2021-06-09 18:15:19.899 | INFO     | slp.plbind.module:log_to_console:484 - train_f1_zero   0.7900142073631287
2021-06-09 18:15:19.899 | INFO     | slp.plbind.module:log_to_console:484 - train_mae       0.6113185286521912
2021-06-09 18:15:19.900 | INFO     | slp.plbind.module:log_to_console:484 - train_loss      0.6113185286521912
2021-06-09 18:15:19.900 | INFO     | slp.util.system:print_separator:81 - %%%%%%%%%%%%%%%%%%%%%%%%%%%%%%%%%%%%%%%%%%%%%%%%%%
2021-06-09 18:15:21.817 | INFO     | slp.plbind.module:log_to_console:478 - Epoch 5 Validation results
2021-06-09 18:15:21.819 | INFO     | slp.util.system:print_separator:81 - --------------------------------------------------
2021-06-09 18:15:21.822 | INFO     | slp.plbind.module:log_to_console:484 - val_acc2        0.8019087314605713
2021-06-09 18:15:21.824 | INFO     | slp.plbind.module:log_to_console:484 - val_acc2_zero   0.811829149723053
2021-06-09 18:15:21.825 | INFO     | slp.plbind.module:log_to_console:484 - val_acc5        0.5320974588394165
2021-06-09 18:15:21.827 | INFO     | slp.plbind.module:log_to_console:484 - val_acc7        0.5167372822761536
2021-06-09 18:15:21.829 | INFO     | slp.plbind.module:log_to_console:484 - val_f1          0.7901826500892639
2021-06-09 18:15:21.831 | INFO     | slp.plbind.module:log_to_console:484 - val_f1_zero     0.8069678544998169
2021-06-09 18:15:21.832 | INFO     | slp.plbind.module:log_to_console:484 - val_mae         0.6007730960845947
2021-06-09 18:15:21.834 | INFO     | slp.plbind.module:log_to_console:484 - val_loss        0.6007730960845947
2021-06-09 18:15:21.835 | INFO     | slp.plbind.module:log_to_console:484 - best_score      0.6243401169776917
2021-06-09 18:15:21.836 | INFO     | slp.util.system:print_separator:81 - %%%%%%%%%%%%%%%%%%%%%%%%%%%%%%%%%%%%%%%%%%%%%%%%%%
2021-06-09 18:15:21.840 | INFO     | slp.plbind.helpers:_run_early_stopping_check:25 - Epoch 5 Early Stopping
2021-06-09 18:15:21.841 | INFO     | slp.util.system:print_separator:81 - --------------------------------------------------
2021-06-09 18:15:21.842 | INFO     | slp.plbind.helpers:_run_early_stopping_check:27 - best score      0.6007730960845947
2021-06-09 18:15:21.843 | INFO     | slp.plbind.helpers:_run_early_stopping_check:28 - patience left   10             
2021-06-09 18:15:21.845 | INFO     | slp.util.system:print_separator:81 - ##################################################
2021-06-09 18:15:57.040 | INFO     | slp.plbind.module:log_to_console:478 - Epoch 6 Training results
2021-06-09 18:15:57.040 | INFO     | slp.util.system:print_separator:81 - --------------------------------------------------
2021-06-09 18:15:57.041 | INFO     | slp.plbind.module:log_to_console:484 - train_acc2      0.825371265411377
2021-06-09 18:15:57.042 | INFO     | slp.plbind.module:log_to_console:484 - train_acc2_zero 0.7946602702140808
2021-06-09 18:15:57.042 | INFO     | slp.plbind.module:log_to_console:484 - train_acc5      0.5230902433395386
2021-06-09 18:15:57.043 | INFO     | slp.plbind.module:log_to_console:484 - train_acc7      0.5071900486946106
2021-06-09 18:15:57.043 | INFO     | slp.plbind.module:log_to_console:484 - train_f1        0.8224270939826965
2021-06-09 18:15:57.044 | INFO     | slp.plbind.module:log_to_console:484 - train_f1_zero   0.7980916500091553
2021-06-09 18:15:57.044 | INFO     | slp.plbind.module:log_to_console:484 - train_mae       0.5992885828018188
2021-06-09 18:15:57.045 | INFO     | slp.plbind.module:log_to_console:484 - train_loss      0.5992885828018188
2021-06-09 18:15:57.045 | INFO     | slp.util.system:print_separator:81 - %%%%%%%%%%%%%%%%%%%%%%%%%%%%%%%%%%%%%%%%%%%%%%%%%%
2021-06-09 18:15:58.953 | INFO     | slp.plbind.module:log_to_console:478 - Epoch 6 Validation results
2021-06-09 18:15:58.954 | INFO     | slp.util.system:print_separator:81 - --------------------------------------------------
2021-06-09 18:15:58.956 | INFO     | slp.plbind.module:log_to_console:484 - val_acc2        0.8034334182739258
2021-06-09 18:15:58.956 | INFO     | slp.plbind.module:log_to_console:484 - val_acc2_zero   0.7879236936569214
2021-06-09 18:15:58.957 | INFO     | slp.plbind.module:log_to_console:484 - val_acc5        0.5187147259712219
2021-06-09 18:15:58.958 | INFO     | slp.plbind.module:log_to_console:484 - val_acc7        0.5128884315490723
2021-06-09 18:15:58.959 | INFO     | slp.plbind.module:log_to_console:484 - val_f1          0.8017715215682983
2021-06-09 18:15:58.960 | INFO     | slp.plbind.module:log_to_console:484 - val_f1_zero     0.7944117188453674
2021-06-09 18:15:58.961 | INFO     | slp.plbind.module:log_to_console:484 - val_mae         0.5883715152740479
2021-06-09 18:15:58.962 | INFO     | slp.plbind.module:log_to_console:484 - val_loss        0.5883715152740479
2021-06-09 18:15:58.962 | INFO     | slp.plbind.module:log_to_console:484 - best_score      0.6007730960845947
2021-06-09 18:15:58.963 | INFO     | slp.util.system:print_separator:81 - %%%%%%%%%%%%%%%%%%%%%%%%%%%%%%%%%%%%%%%%%%%%%%%%%%
2021-06-09 18:15:58.965 | INFO     | slp.plbind.helpers:_run_early_stopping_check:25 - Epoch 6 Early Stopping
2021-06-09 18:15:58.966 | INFO     | slp.util.system:print_separator:81 - --------------------------------------------------
2021-06-09 18:15:58.967 | INFO     | slp.plbind.helpers:_run_early_stopping_check:27 - best score      0.5883715152740479
2021-06-09 18:15:58.967 | INFO     | slp.plbind.helpers:_run_early_stopping_check:28 - patience left   10             
2021-06-09 18:15:58.968 | INFO     | slp.util.system:print_separator:81 - ##################################################
2021-06-09 18:16:33.096 | INFO     | slp.plbind.module:log_to_console:478 - Epoch 7 Training results
2021-06-09 18:16:33.097 | INFO     | slp.util.system:print_separator:81 - --------------------------------------------------
2021-06-09 18:16:33.097 | INFO     | slp.plbind.module:log_to_console:484 - train_acc2      0.8318023681640625
2021-06-09 18:16:33.098 | INFO     | slp.plbind.module:log_to_console:484 - train_acc2_zero 0.7993430495262146
2021-06-09 18:16:33.098 | INFO     | slp.plbind.module:log_to_console:484 - train_acc5      0.531485915184021
2021-06-09 18:16:33.099 | INFO     | slp.plbind.module:log_to_console:484 - train_acc7      0.513812243938446
2021-06-09 18:16:33.100 | INFO     | slp.plbind.module:log_to_console:484 - train_f1        0.8294463157653809
2021-06-09 18:16:33.100 | INFO     | slp.plbind.module:log_to_console:484 - train_f1_zero   0.8033710718154907
2021-06-09 18:16:33.101 | INFO     | slp.plbind.module:log_to_console:484 - train_mae       0.5872655510902405
2021-06-09 18:16:33.101 | INFO     | slp.plbind.module:log_to_console:484 - train_loss      0.5872655510902405
2021-06-09 18:16:33.102 | INFO     | slp.util.system:print_separator:81 - %%%%%%%%%%%%%%%%%%%%%%%%%%%%%%%%%%%%%%%%%%%%%%%%%%
2021-06-09 18:16:35.038 | INFO     | slp.plbind.module:log_to_console:478 - Epoch 7 Validation results
2021-06-09 18:16:35.039 | INFO     | slp.util.system:print_separator:81 - --------------------------------------------------
2021-06-09 18:16:35.040 | INFO     | slp.plbind.module:log_to_console:484 - val_acc2        0.7924771308898926
2021-06-09 18:16:35.041 | INFO     | slp.plbind.module:log_to_console:484 - val_acc2_zero   0.8027542233467102
2021-06-09 18:16:35.042 | INFO     | slp.plbind.module:log_to_console:484 - val_acc5        0.5086511373519897
2021-06-09 18:16:35.043 | INFO     | slp.plbind.module:log_to_console:484 - val_acc7        0.5049435496330261
2021-06-09 18:16:35.043 | INFO     | slp.plbind.module:log_to_console:484 - val_f1          0.7793979048728943
2021-06-09 18:16:35.044 | INFO     | slp.plbind.module:log_to_console:484 - val_f1_zero     0.7959169149398804
2021-06-09 18:16:35.045 | INFO     | slp.plbind.module:log_to_console:484 - val_mae         0.5976313948631287
2021-06-09 18:16:35.046 | INFO     | slp.plbind.module:log_to_console:484 - val_loss        0.5976313948631287
2021-06-09 18:16:35.046 | INFO     | slp.plbind.module:log_to_console:484 - best_score      0.5883715152740479
2021-06-09 18:16:35.047 | INFO     | slp.util.system:print_separator:81 - %%%%%%%%%%%%%%%%%%%%%%%%%%%%%%%%%%%%%%%%%%%%%%%%%%
2021-06-09 18:16:35.049 | INFO     | slp.plbind.helpers:_run_early_stopping_check:25 - Epoch 7 Early Stopping
2021-06-09 18:16:35.050 | INFO     | slp.util.system:print_separator:81 - --------------------------------------------------
2021-06-09 18:16:35.050 | INFO     | slp.plbind.helpers:_run_early_stopping_check:27 - best score      0.5883715152740479
2021-06-09 18:16:35.051 | INFO     | slp.plbind.helpers:_run_early_stopping_check:28 - patience left   9              
2021-06-09 18:16:35.052 | INFO     | slp.util.system:print_separator:81 - ##################################################
2021-06-09 18:17:09.343 | INFO     | slp.plbind.module:log_to_console:478 - Epoch 8 Training results
2021-06-09 18:17:09.344 | INFO     | slp.util.system:print_separator:81 - --------------------------------------------------
2021-06-09 18:17:09.345 | INFO     | slp.plbind.module:log_to_console:484 - train_acc2      0.8383538126945496
2021-06-09 18:17:09.346 | INFO     | slp.plbind.module:log_to_console:484 - train_acc2_zero 0.8061311841011047
2021-06-09 18:17:09.346 | INFO     | slp.plbind.module:log_to_console:484 - train_acc5      0.5437954068183899
2021-06-09 18:17:09.347 | INFO     | slp.plbind.module:log_to_console:484 - train_acc7      0.5253267288208008
2021-06-09 18:17:09.347 | INFO     | slp.plbind.module:log_to_console:484 - train_f1        0.8363127708435059
2021-06-09 18:17:09.348 | INFO     | slp.plbind.module:log_to_console:484 - train_f1_zero   0.8100957274436951
2021-06-09 18:17:09.348 | INFO     | slp.plbind.module:log_to_console:484 - train_mae       0.571429967880249
2021-06-09 18:17:09.349 | INFO     | slp.plbind.module:log_to_console:484 - train_loss      0.571429967880249
2021-06-09 18:17:09.349 | INFO     | slp.util.system:print_separator:81 - %%%%%%%%%%%%%%%%%%%%%%%%%%%%%%%%%%%%%%%%%%%%%%%%%%
2021-06-09 18:17:11.420 | INFO     | slp.plbind.module:log_to_console:478 - Epoch 8 Validation results
2021-06-09 18:17:11.421 | INFO     | slp.util.system:print_separator:81 - --------------------------------------------------
2021-06-09 18:17:11.422 | INFO     | slp.plbind.module:log_to_console:484 - val_acc2        0.7909966111183167
2021-06-09 18:17:11.423 | INFO     | slp.plbind.module:log_to_console:484 - val_acc2_zero   0.7697740197181702
2021-06-09 18:17:11.424 | INFO     | slp.plbind.module:log_to_console:484 - val_acc5        0.5234816670417786
2021-06-09 18:17:11.424 | INFO     | slp.plbind.module:log_to_console:484 - val_acc7        0.5144774317741394
2021-06-09 18:17:11.425 | INFO     | slp.plbind.module:log_to_console:484 - val_f1          0.791885256767273
2021-06-09 18:17:11.426 | INFO     | slp.plbind.module:log_to_console:484 - val_f1_zero     0.7774179577827454
2021-06-09 18:17:11.426 | INFO     | slp.plbind.module:log_to_console:484 - val_mae         0.6008970141410828
2021-06-09 18:17:11.427 | INFO     | slp.plbind.module:log_to_console:484 - val_loss        0.6008970737457275
2021-06-09 18:17:11.428 | INFO     | slp.plbind.module:log_to_console:484 - best_score      0.5883715152740479
2021-06-09 18:17:11.429 | INFO     | slp.util.system:print_separator:81 - %%%%%%%%%%%%%%%%%%%%%%%%%%%%%%%%%%%%%%%%%%%%%%%%%%
2021-06-09 18:17:11.431 | INFO     | slp.plbind.helpers:_run_early_stopping_check:25 - Epoch 8 Early Stopping
2021-06-09 18:17:11.432 | INFO     | slp.util.system:print_separator:81 - --------------------------------------------------
2021-06-09 18:17:11.433 | INFO     | slp.plbind.helpers:_run_early_stopping_check:27 - best score      0.5883715152740479
2021-06-09 18:17:11.433 | INFO     | slp.plbind.helpers:_run_early_stopping_check:28 - patience left   8              
2021-06-09 18:17:11.434 | INFO     | slp.util.system:print_separator:81 - ##################################################
2021-06-09 18:17:45.890 | INFO     | slp.plbind.module:log_to_console:478 - Epoch 9 Training results
2021-06-09 18:17:45.891 | INFO     | slp.util.system:print_separator:81 - --------------------------------------------------
2021-06-09 18:17:45.892 | INFO     | slp.plbind.module:log_to_console:484 - train_acc2      0.843279242515564
2021-06-09 18:17:45.892 | INFO     | slp.plbind.module:log_to_console:484 - train_acc2_zero 0.8070834279060364
2021-06-09 18:17:45.893 | INFO     | slp.plbind.module:log_to_console:484 - train_acc5      0.550041913986206
2021-06-09 18:17:45.893 | INFO     | slp.plbind.module:log_to_console:484 - train_acc7      0.530778169631958
2021-06-09 18:17:45.894 | INFO     | slp.plbind.module:log_to_console:484 - train_f1        0.8412615060806274
2021-06-09 18:17:45.895 | INFO     | slp.plbind.module:log_to_console:484 - train_f1_zero   0.8111423254013062
2021-06-09 18:17:45.895 | INFO     | slp.plbind.module:log_to_console:484 - train_mae       0.5586604475975037
2021-06-09 18:17:45.896 | INFO     | slp.plbind.module:log_to_console:484 - train_loss      0.5586604475975037
2021-06-09 18:17:45.896 | INFO     | slp.util.system:print_separator:81 - %%%%%%%%%%%%%%%%%%%%%%%%%%%%%%%%%%%%%%%%%%%%%%%%%%
2021-06-09 18:17:47.859 | INFO     | slp.plbind.module:log_to_console:478 - Epoch 9 Validation results
2021-06-09 18:17:47.860 | INFO     | slp.util.system:print_separator:81 - --------------------------------------------------
2021-06-09 18:17:47.861 | INFO     | slp.plbind.module:log_to_console:484 - val_acc2        0.7987419962882996
2021-06-09 18:17:47.862 | INFO     | slp.plbind.module:log_to_console:484 - val_acc2_zero   0.8171963691711426
2021-06-09 18:17:47.863 | INFO     | slp.plbind.module:log_to_console:484 - val_acc5        0.5155367255210876
2021-06-09 18:17:47.864 | INFO     | slp.plbind.module:log_to_console:484 - val_acc7        0.49805793166160583
2021-06-09 18:17:47.865 | INFO     | slp.plbind.module:log_to_console:484 - val_f1          0.7798453569412231
2021-06-09 18:17:47.866 | INFO     | slp.plbind.module:log_to_console:484 - val_f1_zero     0.804615318775177
2021-06-09 18:17:47.867 | INFO     | slp.plbind.module:log_to_console:484 - val_mae         0.6194205284118652
2021-06-09 18:17:47.867 | INFO     | slp.plbind.module:log_to_console:484 - val_loss        0.6194205284118652
2021-06-09 18:17:47.868 | INFO     | slp.plbind.module:log_to_console:484 - best_score      0.5883715152740479
2021-06-09 18:17:47.869 | INFO     | slp.util.system:print_separator:81 - %%%%%%%%%%%%%%%%%%%%%%%%%%%%%%%%%%%%%%%%%%%%%%%%%%
2021-06-09 18:17:47.871 | INFO     | slp.plbind.helpers:_run_early_stopping_check:25 - Epoch 9 Early Stopping
2021-06-09 18:17:47.872 | INFO     | slp.util.system:print_separator:81 - --------------------------------------------------
2021-06-09 18:17:47.873 | INFO     | slp.plbind.helpers:_run_early_stopping_check:27 - best score      0.5883715152740479
2021-06-09 18:17:47.873 | INFO     | slp.plbind.helpers:_run_early_stopping_check:28 - patience left   7              
2021-06-09 18:17:47.874 | INFO     | slp.util.system:print_separator:81 - ##################################################
2021-06-09 18:18:21.926 | INFO     | slp.plbind.module:log_to_console:478 - Epoch 10 Training results
2021-06-09 18:18:21.927 | INFO     | slp.util.system:print_separator:81 - --------------------------------------------------
2021-06-09 18:18:21.927 | INFO     | slp.plbind.module:log_to_console:484 - train_acc2      0.8502529263496399
2021-06-09 18:18:21.928 | INFO     | slp.plbind.module:log_to_console:484 - train_acc2_zero 0.8171128034591675
2021-06-09 18:18:21.929 | INFO     | slp.plbind.module:log_to_console:484 - train_acc5      0.5721099972724915
2021-06-09 18:18:21.929 | INFO     | slp.plbind.module:log_to_console:484 - train_acc7      0.5508281588554382
2021-06-09 18:18:21.930 | INFO     | slp.plbind.module:log_to_console:484 - train_f1        0.8476191163063049
2021-06-09 18:18:21.930 | INFO     | slp.plbind.module:log_to_console:484 - train_f1_zero   0.8202254772186279
2021-06-09 18:18:21.931 | INFO     | slp.plbind.module:log_to_console:484 - train_mae       0.5285322070121765
2021-06-09 18:18:21.931 | INFO     | slp.plbind.module:log_to_console:484 - train_loss      0.5285322070121765
2021-06-09 18:18:21.932 | INFO     | slp.util.system:print_separator:81 - %%%%%%%%%%%%%%%%%%%%%%%%%%%%%%%%%%%%%%%%%%%%%%%%%%
2021-06-09 18:18:23.861 | INFO     | slp.plbind.module:log_to_console:478 - Epoch 10 Validation results
2021-06-09 18:18:23.863 | INFO     | slp.util.system:print_separator:81 - --------------------------------------------------
2021-06-09 18:18:23.866 | INFO     | slp.plbind.module:log_to_console:484 - val_acc2        0.803490936756134
2021-06-09 18:18:23.868 | INFO     | slp.plbind.module:log_to_console:484 - val_acc2_zero   0.8110876083374023
2021-06-09 18:18:23.871 | INFO     | slp.plbind.module:log_to_console:484 - val_acc5        0.527259886264801
2021-06-09 18:18:23.873 | INFO     | slp.plbind.module:log_to_console:484 - val_acc7        0.5166666507720947
2021-06-09 18:18:23.875 | INFO     | slp.plbind.module:log_to_console:484 - val_f1          0.7975440621376038
2021-06-09 18:18:23.877 | INFO     | slp.plbind.module:log_to_console:484 - val_f1_zero     0.81108558177948
2021-06-09 18:18:23.879 | INFO     | slp.plbind.module:log_to_console:484 - val_mae         0.5753808617591858
2021-06-09 18:18:23.880 | INFO     | slp.plbind.module:log_to_console:484 - val_loss        0.5753808617591858
2021-06-09 18:18:23.882 | INFO     | slp.plbind.module:log_to_console:484 - best_score      0.5883715152740479
2021-06-09 18:18:23.883 | INFO     | slp.util.system:print_separator:81 - %%%%%%%%%%%%%%%%%%%%%%%%%%%%%%%%%%%%%%%%%%%%%%%%%%
2021-06-09 18:18:23.887 | INFO     | slp.plbind.helpers:_run_early_stopping_check:25 - Epoch 10 Early Stopping
2021-06-09 18:18:23.888 | INFO     | slp.util.system:print_separator:81 - --------------------------------------------------
2021-06-09 18:18:23.889 | INFO     | slp.plbind.helpers:_run_early_stopping_check:27 - best score      0.5753808617591858
2021-06-09 18:18:23.889 | INFO     | slp.plbind.helpers:_run_early_stopping_check:28 - patience left   10             
2021-06-09 18:18:23.890 | INFO     | slp.util.system:print_separator:81 - ##################################################
2021-06-09 18:18:57.783 | INFO     | slp.plbind.module:log_to_console:478 - Epoch 11 Training results
2021-06-09 18:18:57.784 | INFO     | slp.util.system:print_separator:81 - --------------------------------------------------
2021-06-09 18:18:57.784 | INFO     | slp.plbind.module:log_to_console:484 - train_acc2      0.8560199737548828
2021-06-09 18:18:57.785 | INFO     | slp.plbind.module:log_to_console:484 - train_acc2_zero 0.8175146579742432
2021-06-09 18:18:57.786 | INFO     | slp.plbind.module:log_to_console:484 - train_acc5      0.581318199634552
2021-06-09 18:18:57.786 | INFO     | slp.plbind.module:log_to_console:484 - train_acc7      0.5593636631965637
2021-06-09 18:18:57.787 | INFO     | slp.plbind.module:log_to_console:484 - train_f1        0.8543328642845154
2021-06-09 18:18:57.787 | INFO     | slp.plbind.module:log_to_console:484 - train_f1_zero   0.8215452432632446
2021-06-09 18:18:57.788 | INFO     | slp.plbind.module:log_to_console:484 - train_mae       0.5158474445343018
2021-06-09 18:18:57.789 | INFO     | slp.plbind.module:log_to_console:484 - train_loss      0.5158474445343018
2021-06-09 18:18:57.789 | INFO     | slp.util.system:print_separator:81 - %%%%%%%%%%%%%%%%%%%%%%%%%%%%%%%%%%%%%%%%%%%%%%%%%%
2021-06-09 18:18:59.671 | INFO     | slp.plbind.module:log_to_console:478 - Epoch 11 Validation results
2021-06-09 18:18:59.672 | INFO     | slp.util.system:print_separator:81 - --------------------------------------------------
2021-06-09 18:18:59.673 | INFO     | slp.plbind.module:log_to_console:484 - val_acc2        0.7996294498443604
2021-06-09 18:18:59.673 | INFO     | slp.plbind.module:log_to_console:484 - val_acc2_zero   0.8108404278755188
2021-06-09 18:18:59.674 | INFO     | slp.plbind.module:log_to_console:484 - val_acc5        0.5197033882141113
2021-06-09 18:18:59.675 | INFO     | slp.plbind.module:log_to_console:484 - val_acc7        0.5112287998199463
2021-06-09 18:18:59.675 | INFO     | slp.plbind.module:log_to_console:484 - val_f1          0.7889330387115479
2021-06-09 18:18:59.676 | INFO     | slp.plbind.module:log_to_console:484 - val_f1_zero     0.806025505065918
2021-06-09 18:18:59.677 | INFO     | slp.plbind.module:log_to_console:484 - val_mae         0.5758147835731506
2021-06-09 18:18:59.678 | INFO     | slp.plbind.module:log_to_console:484 - val_loss        0.5758147835731506
2021-06-09 18:18:59.678 | INFO     | slp.plbind.module:log_to_console:484 - best_score      0.5753808617591858
2021-06-09 18:18:59.679 | INFO     | slp.util.system:print_separator:81 - %%%%%%%%%%%%%%%%%%%%%%%%%%%%%%%%%%%%%%%%%%%%%%%%%%
2021-06-09 18:18:59.681 | INFO     | slp.plbind.helpers:_run_early_stopping_check:25 - Epoch 11 Early Stopping
2021-06-09 18:18:59.682 | INFO     | slp.util.system:print_separator:81 - --------------------------------------------------
2021-06-09 18:18:59.683 | INFO     | slp.plbind.helpers:_run_early_stopping_check:27 - best score      0.5753808617591858
2021-06-09 18:18:59.683 | INFO     | slp.plbind.helpers:_run_early_stopping_check:28 - patience left   9              
2021-06-09 18:18:59.684 | INFO     | slp.util.system:print_separator:81 - ##################################################
2021-06-09 18:19:34.483 | INFO     | slp.plbind.module:log_to_console:478 - Epoch 12 Training results
2021-06-09 18:19:34.484 | INFO     | slp.util.system:print_separator:81 - --------------------------------------------------
2021-06-09 18:19:34.485 | INFO     | slp.plbind.module:log_to_console:484 - train_acc2      0.8591321110725403
2021-06-09 18:19:34.485 | INFO     | slp.plbind.module:log_to_console:484 - train_acc2_zero 0.8209043741226196
2021-06-09 18:19:34.486 | INFO     | slp.plbind.module:log_to_console:484 - train_acc5      0.5895565748214722
2021-06-09 18:19:34.486 | INFO     | slp.plbind.module:log_to_console:484 - train_acc7      0.5686416625976562
2021-06-09 18:19:34.486 | INFO     | slp.plbind.module:log_to_console:484 - train_f1        0.8573172688484192
2021-06-09 18:19:34.487 | INFO     | slp.plbind.module:log_to_console:484 - train_f1_zero   0.8247237205505371
2021-06-09 18:19:34.487 | INFO     | slp.plbind.module:log_to_console:484 - train_mae       0.5031024217605591
2021-06-09 18:19:34.488 | INFO     | slp.plbind.module:log_to_console:484 - train_loss      0.5031024217605591
2021-06-09 18:19:34.488 | INFO     | slp.util.system:print_separator:81 - %%%%%%%%%%%%%%%%%%%%%%%%%%%%%%%%%%%%%%%%%%%%%%%%%%
2021-06-09 18:19:36.446 | INFO     | slp.plbind.module:log_to_console:478 - Epoch 12 Validation results
2021-06-09 18:19:36.447 | INFO     | slp.util.system:print_separator:81 - --------------------------------------------------
2021-06-09 18:19:36.448 | INFO     | slp.plbind.module:log_to_console:484 - val_acc2        0.7836474180221558
2021-06-09 18:19:36.449 | INFO     | slp.plbind.module:log_to_console:484 - val_acc2_zero   0.7659957408905029
2021-06-09 18:19:36.450 | INFO     | slp.plbind.module:log_to_console:484 - val_acc5        0.534604549407959
2021-06-09 18:19:36.451 | INFO     | slp.plbind.module:log_to_console:484 - val_acc7        0.5234816670417786
2021-06-09 18:19:36.452 | INFO     | slp.plbind.module:log_to_console:484 - val_f1          0.777694046497345
2021-06-09 18:19:36.453 | INFO     | slp.plbind.module:log_to_console:484 - val_f1_zero     0.7694501280784607
2021-06-09 18:19:36.454 | INFO     | slp.plbind.module:log_to_console:484 - val_mae         0.5761542916297913
2021-06-09 18:19:36.455 | INFO     | slp.plbind.module:log_to_console:484 - val_loss        0.5761542916297913
2021-06-09 18:19:36.457 | INFO     | slp.plbind.module:log_to_console:484 - best_score      0.5753808617591858
2021-06-09 18:19:36.459 | INFO     | slp.util.system:print_separator:81 - %%%%%%%%%%%%%%%%%%%%%%%%%%%%%%%%%%%%%%%%%%%%%%%%%%
2021-06-09 18:19:36.464 | INFO     | slp.plbind.helpers:_run_early_stopping_check:25 - Epoch 12 Early Stopping
2021-06-09 18:19:36.466 | INFO     | slp.util.system:print_separator:81 - --------------------------------------------------
2021-06-09 18:19:36.468 | INFO     | slp.plbind.helpers:_run_early_stopping_check:27 - best score      0.5753808617591858
2021-06-09 18:19:36.469 | INFO     | slp.plbind.helpers:_run_early_stopping_check:28 - patience left   8              
2021-06-09 18:19:36.471 | INFO     | slp.util.system:print_separator:81 - ##################################################
2021-06-09 18:20:11.159 | INFO     | slp.plbind.module:log_to_console:478 - Epoch 13 Training results
2021-06-09 18:20:11.160 | INFO     | slp.util.system:print_separator:81 - --------------------------------------------------
2021-06-09 18:20:11.160 | INFO     | slp.plbind.module:log_to_console:484 - train_acc2      0.859981894493103
2021-06-09 18:20:11.161 | INFO     | slp.plbind.module:log_to_console:484 - train_acc2_zero 0.8218479156494141
2021-06-09 18:20:11.161 | INFO     | slp.plbind.module:log_to_console:484 - train_acc5      0.5988782644271851
2021-06-09 18:20:11.162 | INFO     | slp.plbind.module:log_to_console:484 - train_acc7      0.5771072506904602
2021-06-09 18:20:11.163 | INFO     | slp.plbind.module:log_to_console:484 - train_f1        0.8583593368530273
2021-06-09 18:20:11.163 | INFO     | slp.plbind.module:log_to_console:484 - train_f1_zero   0.8257125616073608
2021-06-09 18:20:11.164 | INFO     | slp.plbind.module:log_to_console:484 - train_mae       0.49348893761634827
2021-06-09 18:20:11.164 | INFO     | slp.plbind.module:log_to_console:484 - train_loss      0.49348893761634827
2021-06-09 18:20:11.165 | INFO     | slp.util.system:print_separator:81 - %%%%%%%%%%%%%%%%%%%%%%%%%%%%%%%%%%%%%%%%%%%%%%%%%%
2021-06-09 18:20:13.161 | INFO     | slp.plbind.module:log_to_console:478 - Epoch 13 Validation results
2021-06-09 18:20:13.163 | INFO     | slp.util.system:print_separator:81 - --------------------------------------------------
2021-06-09 18:20:13.165 | INFO     | slp.plbind.module:log_to_console:484 - val_acc2        0.7981216907501221
2021-06-09 18:20:13.167 | INFO     | slp.plbind.module:log_to_console:484 - val_acc2_zero   0.7862641215324402
2021-06-09 18:20:13.169 | INFO     | slp.plbind.module:log_to_console:484 - val_acc5        0.5069915056228638
2021-06-09 18:20:13.170 | INFO     | slp.plbind.module:log_to_console:484 - val_acc7        0.48898306488990784
2021-06-09 18:20:13.172 | INFO     | slp.plbind.module:log_to_console:484 - val_f1          0.7896726131439209
2021-06-09 18:20:13.173 | INFO     | slp.plbind.module:log_to_console:484 - val_f1_zero     0.7861553430557251
2021-06-09 18:20:13.175 | INFO     | slp.plbind.module:log_to_console:484 - val_mae         0.6213632822036743
2021-06-09 18:20:13.177 | INFO     | slp.plbind.module:log_to_console:484 - val_loss        0.6213632822036743
2021-06-09 18:20:13.178 | INFO     | slp.plbind.module:log_to_console:484 - best_score      0.5753808617591858
2021-06-09 18:20:13.179 | INFO     | slp.util.system:print_separator:81 - %%%%%%%%%%%%%%%%%%%%%%%%%%%%%%%%%%%%%%%%%%%%%%%%%%
2021-06-09 18:20:13.182 | INFO     | slp.plbind.helpers:_run_early_stopping_check:25 - Epoch 13 Early Stopping
2021-06-09 18:20:13.183 | INFO     | slp.util.system:print_separator:81 - --------------------------------------------------
2021-06-09 18:20:13.185 | INFO     | slp.plbind.helpers:_run_early_stopping_check:27 - best score      0.5753808617591858
2021-06-09 18:20:13.186 | INFO     | slp.plbind.helpers:_run_early_stopping_check:28 - patience left   7              
2021-06-09 18:20:13.187 | INFO     | slp.util.system:print_separator:81 - ##################################################
2021-06-09 18:20:48.224 | INFO     | slp.plbind.module:log_to_console:478 - Epoch 14 Training results
2021-06-09 18:20:48.225 | INFO     | slp.util.system:print_separator:81 - --------------------------------------------------
2021-06-09 18:20:48.226 | INFO     | slp.plbind.module:log_to_console:484 - train_acc2      0.8664937615394592
2021-06-09 18:20:48.226 | INFO     | slp.plbind.module:log_to_console:484 - train_acc2_zero 0.8252813220024109
2021-06-09 18:20:48.228 | INFO     | slp.plbind.module:log_to_console:484 - train_acc5      0.599664568901062
2021-06-09 18:20:48.229 | INFO     | slp.plbind.module:log_to_console:484 - train_acc7      0.5767315626144409
2021-06-09 18:20:48.231 | INFO     | slp.plbind.module:log_to_console:484 - train_f1        0.8647128939628601
2021-06-09 18:20:48.232 | INFO     | slp.plbind.module:log_to_console:484 - train_f1_zero   0.8291743993759155
2021-06-09 18:20:48.233 | INFO     | slp.plbind.module:log_to_console:484 - train_mae       0.487962931394577
2021-06-09 18:20:48.234 | INFO     | slp.plbind.module:log_to_console:484 - train_loss      0.487962931394577
2021-06-09 18:20:48.235 | INFO     | slp.util.system:print_separator:81 - %%%%%%%%%%%%%%%%%%%%%%%%%%%%%%%%%%%%%%%%%%%%%%%%%%
2021-06-09 18:20:50.166 | INFO     | slp.plbind.module:log_to_console:478 - Epoch 14 Validation results
2021-06-09 18:20:50.167 | INFO     | slp.util.system:print_separator:81 - --------------------------------------------------
2021-06-09 18:20:50.168 | INFO     | slp.plbind.module:log_to_console:484 - val_acc2        0.7979980707168579
2021-06-09 18:20:50.169 | INFO     | slp.plbind.module:log_to_console:484 - val_acc2_zero   0.8116878867149353
2021-06-09 18:20:50.169 | INFO     | slp.plbind.module:log_to_console:484 - val_acc5        0.534604549407959
2021-06-09 18:20:50.170 | INFO     | slp.plbind.module:log_to_console:484 - val_acc7        0.5250706672668457
2021-06-09 18:20:50.171 | INFO     | slp.plbind.module:log_to_console:484 - val_f1          0.7877106070518494
2021-06-09 18:20:50.172 | INFO     | slp.plbind.module:log_to_console:484 - val_f1_zero     0.8078051805496216
2021-06-09 18:20:50.172 | INFO     | slp.plbind.module:log_to_console:484 - val_mae         0.5787310004234314
2021-06-09 18:20:50.173 | INFO     | slp.plbind.module:log_to_console:484 - val_loss        0.5787310004234314
2021-06-09 18:20:50.174 | INFO     | slp.plbind.module:log_to_console:484 - best_score      0.5753808617591858
2021-06-09 18:20:50.175 | INFO     | slp.util.system:print_separator:81 - %%%%%%%%%%%%%%%%%%%%%%%%%%%%%%%%%%%%%%%%%%%%%%%%%%
2021-06-09 18:20:50.177 | INFO     | slp.plbind.helpers:_run_early_stopping_check:25 - Epoch 14 Early Stopping
2021-06-09 18:20:50.177 | INFO     | slp.util.system:print_separator:81 - --------------------------------------------------
2021-06-09 18:20:50.178 | INFO     | slp.plbind.helpers:_run_early_stopping_check:27 - best score      0.5753808617591858
2021-06-09 18:20:50.179 | INFO     | slp.plbind.helpers:_run_early_stopping_check:28 - patience left   6              
2021-06-09 18:20:50.180 | INFO     | slp.util.system:print_separator:81 - ##################################################
2021-06-09 18:21:25.894 | INFO     | slp.plbind.module:log_to_console:478 - Epoch 15 Training results
2021-06-09 18:21:25.895 | INFO     | slp.util.system:print_separator:81 - --------------------------------------------------
2021-06-09 18:21:25.896 | INFO     | slp.plbind.module:log_to_console:484 - train_acc2      0.8719151020050049
2021-06-09 18:21:25.896 | INFO     | slp.plbind.module:log_to_console:484 - train_acc2_zero 0.8298067450523376
2021-06-09 18:21:25.897 | INFO     | slp.plbind.module:log_to_console:484 - train_acc5      0.6219596862792969
2021-06-09 18:21:25.897 | INFO     | slp.plbind.module:log_to_console:484 - train_acc7      0.5987209677696228
2021-06-09 18:21:25.898 | INFO     | slp.plbind.module:log_to_console:484 - train_f1        0.8706121444702148
2021-06-09 18:21:25.899 | INFO     | slp.plbind.module:log_to_console:484 - train_f1_zero   0.8340389132499695
2021-06-09 18:21:25.899 | INFO     | slp.plbind.module:log_to_console:484 - train_mae       0.46059805154800415
2021-06-09 18:21:25.900 | INFO     | slp.plbind.module:log_to_console:484 - train_loss      0.46059805154800415
2021-06-09 18:21:25.900 | INFO     | slp.util.system:print_separator:81 - %%%%%%%%%%%%%%%%%%%%%%%%%%%%%%%%%%%%%%%%%%%%%%%%%%
2021-06-09 18:21:27.918 | INFO     | slp.plbind.module:log_to_console:478 - Epoch 15 Validation results
2021-06-09 18:21:27.921 | INFO     | slp.util.system:print_separator:81 - --------------------------------------------------
2021-06-09 18:21:27.923 | INFO     | slp.plbind.module:log_to_console:484 - val_acc2        0.7878771424293518
2021-06-09 18:21:27.924 | INFO     | slp.plbind.module:log_to_console:484 - val_acc2_zero   0.7670550346374512
2021-06-09 18:21:27.925 | INFO     | slp.plbind.module:log_to_console:484 - val_acc5        0.5371822118759155
2021-06-09 18:21:27.926 | INFO     | slp.plbind.module:log_to_console:484 - val_acc7        0.5218220353126526
2021-06-09 18:21:27.926 | INFO     | slp.plbind.module:log_to_console:484 - val_f1          0.7898429036140442
2021-06-09 18:21:27.927 | INFO     | slp.plbind.module:log_to_console:484 - val_f1_zero     0.778264582157135
2021-06-09 18:21:27.928 | INFO     | slp.plbind.module:log_to_console:484 - val_mae         0.5862703919410706
2021-06-09 18:21:27.928 | INFO     | slp.plbind.module:log_to_console:484 - val_loss        0.5862703919410706
2021-06-09 18:21:27.929 | INFO     | slp.plbind.module:log_to_console:484 - best_score      0.5753808617591858
2021-06-09 18:21:27.930 | INFO     | slp.util.system:print_separator:81 - %%%%%%%%%%%%%%%%%%%%%%%%%%%%%%%%%%%%%%%%%%%%%%%%%%
2021-06-09 18:21:27.932 | INFO     | slp.plbind.helpers:_run_early_stopping_check:25 - Epoch 15 Early Stopping
2021-06-09 18:21:27.933 | INFO     | slp.util.system:print_separator:81 - --------------------------------------------------
2021-06-09 18:21:27.934 | INFO     | slp.plbind.helpers:_run_early_stopping_check:27 - best score      0.5753808617591858
2021-06-09 18:21:27.934 | INFO     | slp.plbind.helpers:_run_early_stopping_check:28 - patience left   5              
2021-06-09 18:21:27.936 | INFO     | slp.util.system:print_separator:81 - ##################################################
2021-06-09 18:22:02.916 | INFO     | slp.plbind.module:log_to_console:478 - Epoch 16 Training results
2021-06-09 18:22:02.917 | INFO     | slp.util.system:print_separator:81 - --------------------------------------------------
2021-06-09 18:22:02.919 | INFO     | slp.plbind.module:log_to_console:484 - train_acc2      0.8755884170532227
2021-06-09 18:22:02.920 | INFO     | slp.plbind.module:log_to_console:484 - train_acc2_zero 0.8304357528686523
2021-06-09 18:22:02.922 | INFO     | slp.plbind.module:log_to_console:484 - train_acc5      0.6286867260932922
2021-06-09 18:22:02.923 | INFO     | slp.plbind.module:log_to_console:484 - train_acc7      0.6053256392478943
2021-06-09 18:22:02.925 | INFO     | slp.plbind.module:log_to_console:484 - train_f1        0.8740589022636414
2021-06-09 18:22:02.926 | INFO     | slp.plbind.module:log_to_console:484 - train_f1_zero   0.8343534469604492
2021-06-09 18:22:02.928 | INFO     | slp.plbind.module:log_to_console:484 - train_mae       0.4507674276828766
2021-06-09 18:22:02.929 | INFO     | slp.plbind.module:log_to_console:484 - train_loss      0.4507674276828766
2021-06-09 18:22:02.930 | INFO     | slp.util.system:print_separator:81 - %%%%%%%%%%%%%%%%%%%%%%%%%%%%%%%%%%%%%%%%%%%%%%%%%%
2021-06-09 18:22:04.803 | INFO     | slp.plbind.module:log_to_console:478 - Epoch 16 Validation results
2021-06-09 18:22:04.804 | INFO     | slp.util.system:print_separator:81 - --------------------------------------------------
2021-06-09 18:22:04.804 | INFO     | slp.plbind.module:log_to_console:484 - val_acc2        0.7866736054420471
2021-06-09 18:22:04.805 | INFO     | slp.plbind.module:log_to_console:484 - val_acc2_zero   0.7644067406654358
2021-06-09 18:22:04.806 | INFO     | slp.plbind.module:log_to_console:484 - val_acc5        0.5223516821861267
2021-06-09 18:22:04.807 | INFO     | slp.plbind.module:log_to_console:484 - val_acc7        0.5064618587493896
2021-06-09 18:22:04.808 | INFO     | slp.plbind.module:log_to_console:484 - val_f1          0.7887641787528992
2021-06-09 18:22:04.808 | INFO     | slp.plbind.module:log_to_console:484 - val_f1_zero     0.7746220231056213
2021-06-09 18:22:04.809 | INFO     | slp.plbind.module:log_to_console:484 - val_mae         0.615071713924408
2021-06-09 18:22:04.810 | INFO     | slp.plbind.module:log_to_console:484 - val_loss        0.615071713924408
2021-06-09 18:22:04.810 | INFO     | slp.plbind.module:log_to_console:484 - best_score      0.5753808617591858
2021-06-09 18:22:04.811 | INFO     | slp.util.system:print_separator:81 - %%%%%%%%%%%%%%%%%%%%%%%%%%%%%%%%%%%%%%%%%%%%%%%%%%
2021-06-09 18:22:04.816 | INFO     | slp.plbind.helpers:_run_early_stopping_check:25 - Epoch 16 Early Stopping
2021-06-09 18:22:04.817 | INFO     | slp.util.system:print_separator:81 - --------------------------------------------------
2021-06-09 18:22:04.818 | INFO     | slp.plbind.helpers:_run_early_stopping_check:27 - best score      0.5753808617591858
2021-06-09 18:22:04.818 | INFO     | slp.plbind.helpers:_run_early_stopping_check:28 - patience left   4              
2021-06-09 18:22:04.819 | INFO     | slp.util.system:print_separator:81 - ##################################################
2021-06-09 18:22:39.362 | INFO     | slp.plbind.module:log_to_console:478 - Epoch 17 Training results
2021-06-09 18:22:39.363 | INFO     | slp.util.system:print_separator:81 - --------------------------------------------------
2021-06-09 18:22:39.365 | INFO     | slp.plbind.module:log_to_console:484 - train_acc2      0.8765633702278137
2021-06-09 18:22:39.366 | INFO     | slp.plbind.module:log_to_console:484 - train_acc2_zero 0.8327072262763977
2021-06-09 18:22:39.368 | INFO     | slp.plbind.module:log_to_console:484 - train_acc5      0.6381656527519226
2021-06-09 18:22:39.369 | INFO     | slp.plbind.module:log_to_console:484 - train_acc7      0.6134243607521057
2021-06-09 18:22:39.371 | INFO     | slp.plbind.module:log_to_console:484 - train_f1        0.8747617602348328
2021-06-09 18:22:39.372 | INFO     | slp.plbind.module:log_to_console:484 - train_f1_zero   0.836475133895874
2021-06-09 18:22:39.373 | INFO     | slp.plbind.module:log_to_console:484 - train_mae       0.4424348771572113
2021-06-09 18:22:39.375 | INFO     | slp.plbind.module:log_to_console:484 - train_loss      0.4424348771572113
2021-06-09 18:22:39.376 | INFO     | slp.util.system:print_separator:81 - %%%%%%%%%%%%%%%%%%%%%%%%%%%%%%%%%%%%%%%%%%%%%%%%%%
2021-06-09 18:22:41.298 | INFO     | slp.plbind.module:log_to_console:478 - Epoch 17 Validation results
2021-06-09 18:22:41.299 | INFO     | slp.util.system:print_separator:81 - --------------------------------------------------
2021-06-09 18:22:41.301 | INFO     | slp.plbind.module:log_to_console:484 - val_acc2        0.7873800992965698
2021-06-09 18:22:41.302 | INFO     | slp.plbind.module:log_to_console:484 - val_acc2_zero   0.7760592699050903
2021-06-09 18:22:41.303 | INFO     | slp.plbind.module:log_to_console:484 - val_acc5        0.5388418436050415
2021-06-09 18:22:41.304 | INFO     | slp.plbind.module:log_to_console:484 - val_acc7        0.5303672552108765
2021-06-09 18:22:41.305 | INFO     | slp.plbind.module:log_to_console:484 - val_f1          0.787463903427124
2021-06-09 18:22:41.306 | INFO     | slp.plbind.module:log_to_console:484 - val_f1_zero     0.7842372059822083
2021-06-09 18:22:41.307 | INFO     | slp.plbind.module:log_to_console:484 - val_mae         0.5772265195846558
2021-06-09 18:22:41.308 | INFO     | slp.plbind.module:log_to_console:484 - val_loss        0.5772265195846558
2021-06-09 18:22:41.309 | INFO     | slp.plbind.module:log_to_console:484 - best_score      0.5753808617591858
2021-06-09 18:22:41.309 | INFO     | slp.util.system:print_separator:81 - %%%%%%%%%%%%%%%%%%%%%%%%%%%%%%%%%%%%%%%%%%%%%%%%%%
2021-06-09 18:22:41.312 | INFO     | slp.plbind.helpers:_run_early_stopping_check:25 - Epoch 17 Early Stopping
2021-06-09 18:22:41.313 | INFO     | slp.util.system:print_separator:81 - --------------------------------------------------
2021-06-09 18:22:41.314 | INFO     | slp.plbind.helpers:_run_early_stopping_check:27 - best score      0.5753808617591858
2021-06-09 18:22:41.315 | INFO     | slp.plbind.helpers:_run_early_stopping_check:28 - patience left   3              
2021-06-09 18:22:41.315 | INFO     | slp.util.system:print_separator:81 - ##################################################
2021-06-09 18:23:17.319 | INFO     | slp.plbind.module:log_to_console:478 - Epoch 18 Training results
2021-06-09 18:23:17.320 | INFO     | slp.util.system:print_separator:81 - --------------------------------------------------
2021-06-09 18:23:17.321 | INFO     | slp.plbind.module:log_to_console:484 - train_acc2      0.8790403008460999
2021-06-09 18:23:17.322 | INFO     | slp.plbind.module:log_to_console:484 - train_acc2_zero 0.833624541759491
2021-06-09 18:23:17.322 | INFO     | slp.plbind.module:log_to_console:484 - train_acc5      0.6411885023117065
2021-06-09 18:23:17.323 | INFO     | slp.plbind.module:log_to_console:484 - train_acc7      0.6167266964912415
2021-06-09 18:23:17.323 | INFO     | slp.plbind.module:log_to_console:484 - train_f1        0.8774246573448181
2021-06-09 18:23:17.324 | INFO     | slp.plbind.module:log_to_console:484 - train_f1_zero   0.8374592065811157
2021-06-09 18:23:17.324 | INFO     | slp.plbind.module:log_to_console:484 - train_mae       0.43884730339050293
2021-06-09 18:23:17.325 | INFO     | slp.plbind.module:log_to_console:484 - train_loss      0.43884730339050293
2021-06-09 18:23:17.325 | INFO     | slp.util.system:print_separator:81 - %%%%%%%%%%%%%%%%%%%%%%%%%%%%%%%%%%%%%%%%%%%%%%%%%%
2021-06-09 18:23:19.269 | INFO     | slp.plbind.module:log_to_console:478 - Epoch 18 Validation results
2021-06-09 18:23:19.271 | INFO     | slp.util.system:print_separator:81 - --------------------------------------------------
2021-06-09 18:23:19.274 | INFO     | slp.plbind.module:log_to_console:484 - val_acc2        0.7939849495887756
2021-06-09 18:23:19.276 | INFO     | slp.plbind.module:log_to_console:484 - val_acc2_zero   0.7941384315490723
2021-06-09 18:23:19.278 | INFO     | slp.plbind.module:log_to_console:484 - val_acc5        0.5246115922927856
2021-06-09 18:23:19.281 | INFO     | slp.plbind.module:log_to_console:484 - val_acc7        0.5108404159545898
2021-06-09 18:23:19.282 | INFO     | slp.plbind.module:log_to_console:484 - val_f1          0.7873194217681885
2021-06-09 18:23:19.284 | INFO     | slp.plbind.module:log_to_console:484 - val_f1_zero     0.7953997254371643
2021-06-09 18:23:19.286 | INFO     | slp.plbind.module:log_to_console:484 - val_mae         0.5915137529373169
2021-06-09 18:23:19.287 | INFO     | slp.plbind.module:log_to_console:484 - val_loss        0.5915137529373169
2021-06-09 18:23:19.289 | INFO     | slp.plbind.module:log_to_console:484 - best_score      0.5753808617591858
2021-06-09 18:23:19.291 | INFO     | slp.util.system:print_separator:81 - %%%%%%%%%%%%%%%%%%%%%%%%%%%%%%%%%%%%%%%%%%%%%%%%%%
2021-06-09 18:23:19.294 | INFO     | slp.plbind.helpers:_run_early_stopping_check:25 - Epoch 18 Early Stopping
2021-06-09 18:23:19.296 | INFO     | slp.util.system:print_separator:81 - --------------------------------------------------
2021-06-09 18:23:19.298 | INFO     | slp.plbind.helpers:_run_early_stopping_check:27 - best score      0.5753808617591858
2021-06-09 18:23:19.300 | INFO     | slp.plbind.helpers:_run_early_stopping_check:28 - patience left   2              
2021-06-09 18:23:19.302 | INFO     | slp.util.system:print_separator:81 - ##################################################
2021-06-09 18:23:54.973 | INFO     | slp.plbind.module:log_to_console:478 - Epoch 19 Training results
2021-06-09 18:23:54.974 | INFO     | slp.util.system:print_separator:81 - --------------------------------------------------
2021-06-09 18:23:54.975 | INFO     | slp.plbind.module:log_to_console:484 - train_acc2      0.8789574503898621
2021-06-09 18:23:54.975 | INFO     | slp.plbind.module:log_to_console:484 - train_acc2_zero 0.8341400027275085
2021-06-09 18:23:54.976 | INFO     | slp.plbind.module:log_to_console:484 - train_acc5      0.6444733738899231
2021-06-09 18:23:54.976 | INFO     | slp.plbind.module:log_to_console:484 - train_acc7      0.6209288835525513
2021-06-09 18:23:54.977 | INFO     | slp.plbind.module:log_to_console:484 - train_f1        0.877590000629425
2021-06-09 18:23:54.978 | INFO     | slp.plbind.module:log_to_console:484 - train_f1_zero   0.8382543921470642
2021-06-09 18:23:54.978 | INFO     | slp.plbind.module:log_to_console:484 - train_mae       0.43121469020843506
2021-06-09 18:23:54.979 | INFO     | slp.plbind.module:log_to_console:484 - train_loss      0.43121469020843506
2021-06-09 18:23:54.980 | INFO     | slp.util.system:print_separator:81 - %%%%%%%%%%%%%%%%%%%%%%%%%%%%%%%%%%%%%%%%%%%%%%%%%%
2021-06-09 18:23:57.112 | INFO     | slp.plbind.module:log_to_console:478 - Epoch 19 Validation results
2021-06-09 18:23:57.114 | INFO     | slp.util.system:print_separator:81 - --------------------------------------------------
2021-06-09 18:23:57.115 | INFO     | slp.plbind.module:log_to_console:484 - val_acc2        0.7810782194137573
2021-06-09 18:23:57.116 | INFO     | slp.plbind.module:log_to_console:484 - val_acc2_zero   0.7595692276954651
2021-06-09 18:23:57.117 | INFO     | slp.plbind.module:log_to_console:484 - val_acc5        0.5381708741188049
2021-06-09 18:23:57.119 | INFO     | slp.plbind.module:log_to_console:484 - val_acc7        0.5212217569351196
2021-06-09 18:23:57.120 | INFO     | slp.plbind.module:log_to_console:484 - val_f1          0.7828008532524109
2021-06-09 18:23:57.121 | INFO     | slp.plbind.module:log_to_console:484 - val_f1_zero     0.7712013125419617
2021-06-09 18:23:57.122 | INFO     | slp.plbind.module:log_to_console:484 - val_mae         0.5955314040184021
2021-06-09 18:23:57.123 | INFO     | slp.plbind.module:log_to_console:484 - val_loss        0.5955314040184021
2021-06-09 18:23:57.124 | INFO     | slp.plbind.module:log_to_console:484 - best_score      0.5753808617591858
2021-06-09 18:23:57.125 | INFO     | slp.util.system:print_separator:81 - %%%%%%%%%%%%%%%%%%%%%%%%%%%%%%%%%%%%%%%%%%%%%%%%%%
2021-06-09 18:23:57.127 | INFO     | slp.plbind.helpers:_run_early_stopping_check:25 - Epoch 19 Early Stopping
2021-06-09 18:23:57.128 | INFO     | slp.util.system:print_separator:81 - --------------------------------------------------
2021-06-09 18:23:57.129 | INFO     | slp.plbind.helpers:_run_early_stopping_check:27 - best score      0.5753808617591858
2021-06-09 18:23:57.130 | INFO     | slp.plbind.helpers:_run_early_stopping_check:28 - patience left   1              
2021-06-09 18:23:57.132 | INFO     | slp.util.system:print_separator:81 - ##################################################
2021-06-09 18:24:32.132 | INFO     | slp.plbind.module:log_to_console:478 - Epoch 20 Training results
2021-06-09 18:24:32.133 | INFO     | slp.util.system:print_separator:81 - --------------------------------------------------
2021-06-09 18:24:32.133 | INFO     | slp.plbind.module:log_to_console:484 - train_acc2      0.8866901397705078
2021-06-09 18:24:32.134 | INFO     | slp.plbind.module:log_to_console:484 - train_acc2_zero 0.8368657231330872
2021-06-09 18:24:32.134 | INFO     | slp.plbind.module:log_to_console:484 - train_acc5      0.6636059880256653
2021-06-09 18:24:32.135 | INFO     | slp.plbind.module:log_to_console:484 - train_acc7      0.6406992673873901
2021-06-09 18:24:32.136 | INFO     | slp.plbind.module:log_to_console:484 - train_f1        0.885362446308136
2021-06-09 18:24:32.136 | INFO     | slp.plbind.module:log_to_console:484 - train_f1_zero   0.8413628339767456
2021-06-09 18:24:32.137 | INFO     | slp.plbind.module:log_to_console:484 - train_mae       0.4145004451274872
2021-06-09 18:24:32.137 | INFO     | slp.plbind.module:log_to_console:484 - train_loss      0.4145004451274872
2021-06-09 18:24:32.138 | INFO     | slp.util.system:print_separator:81 - %%%%%%%%%%%%%%%%%%%%%%%%%%%%%%%%%%%%%%%%%%%%%%%%%%
2021-06-09 18:24:33.939 | INFO     | slp.plbind.module:log_to_console:478 - Epoch 20 Validation results
2021-06-09 18:24:33.942 | INFO     | slp.util.system:print_separator:81 - --------------------------------------------------
2021-06-09 18:24:33.944 | INFO     | slp.plbind.module:log_to_console:484 - val_acc2        0.7859094738960266
2021-06-09 18:24:33.947 | INFO     | slp.plbind.module:log_to_console:484 - val_acc2_zero   0.7632768154144287
2021-06-09 18:24:33.948 | INFO     | slp.plbind.module:log_to_console:484 - val_acc5        0.5330861806869507
2021-06-09 18:24:33.950 | INFO     | slp.plbind.module:log_to_console:484 - val_acc7        0.518785297870636
2021-06-09 18:24:33.952 | INFO     | slp.plbind.module:log_to_console:484 - val_f1          0.7868695259094238
2021-06-09 18:24:33.953 | INFO     | slp.plbind.module:log_to_console:484 - val_f1_zero     0.7729886174201965
2021-06-09 18:24:33.955 | INFO     | slp.plbind.module:log_to_console:484 - val_mae         0.590768575668335
2021-06-09 18:24:33.957 | INFO     | slp.plbind.module:log_to_console:484 - val_loss        0.590768575668335
2021-06-09 18:24:33.958 | INFO     | slp.plbind.module:log_to_console:484 - best_score      0.5753808617591858
2021-06-09 18:24:33.959 | INFO     | slp.util.system:print_separator:81 - %%%%%%%%%%%%%%%%%%%%%%%%%%%%%%%%%%%%%%%%%%%%%%%%%%
2021-06-09 18:24:33.963 | INFO     | slp.plbind.helpers:_run_early_stopping_check:25 - Epoch 20 Early Stopping
2021-06-09 18:24:33.964 | INFO     | slp.util.system:print_separator:81 - --------------------------------------------------
2021-06-09 18:24:33.965 | INFO     | slp.plbind.helpers:_run_early_stopping_check:27 - best score      0.5753808617591858
2021-06-09 18:24:33.967 | INFO     | slp.plbind.helpers:_run_early_stopping_check:28 - patience left   0              
2021-06-09 18:24:33.968 | INFO     | slp.plbind.helpers:_run_early_stopping_check:33 - Stopping due to early stopping
2021-06-09 18:24:33.969 | INFO     | slp.util.system:print_separator:81 - ##################################################
2021-06-09 18:24:34.080 | INFO     | pytorch_lightning.profiler.profilers:describe:96 - 

Profiler Report

Action                             	|  Mean duration (s)	|Num calls      	|  Total time (s) 	|  Percentage %   	|
------------------------------------------------------------------------------------------------------------------------------------
Total                              	|  -              	|_              	|  741.2          	|  100 %          	|
------------------------------------------------------------------------------------------------------------------------------------
run_training_epoch                 	|  36.876         	|20             	|  737.51         	|  99.503         	|
run_training_batch                 	|  0.065869       	|10220          	|  673.18         	|  90.823         	|
optimizer_step_and_closure_0       	|  0.06341        	|10220          	|  648.05         	|  87.433         	|
training_step_and_backward         	|  0.053051       	|10220          	|  542.18         	|  73.149         	|
model_forward                      	|  0.029824       	|10220          	|  304.8          	|  41.123         	|
training_step                      	|  0.029584       	|10220          	|  302.35         	|  40.792         	|
model_backward                     	|  0.022972       	|10220          	|  234.77         	|  31.675         	|
evaluation_step_and_end            	|  0.027351       	|1182           	|  32.329         	|  4.3618         	|
validation_step                    	|  0.027203       	|1182           	|  32.154         	|  4.3381         	|
get_train_batch                    	|  0.00045165     	|10220          	|  4.6158         	|  0.62275        	|
on_train_batch_end                 	|  0.0001502      	|10220          	|  1.5351         	|  0.20711        	|
on_train_batch_start               	|  0.00013075     	|10220          	|  1.3363         	|  0.18028        	|
cache_result                       	|  1.8315e-05     	|54875          	|  1.005          	|  0.1356         	|
on_validation_end                  	|  0.022827       	|21             	|  0.47937        	|  0.064676       	|
on_after_backward                  	|  3.3111e-05     	|10220          	|  0.33839        	|  0.045655       	|
on_before_zero_grad                	|  3.0974e-05     	|10220          	|  0.31655        	|  0.042708       	|
on_batch_start                     	|  2.606e-05      	|10220          	|  0.26634        	|  0.035933       	|
on_batch_end                       	|  1.9122e-05     	|10220          	|  0.19543        	|  0.026367       	|
on_validation_batch_end            	|  9.2406e-05     	|1182           	|  0.10922        	|  0.014736       	|
training_step_end                  	|  1.0266e-05     	|10220          	|  0.10492        	|  0.014155       	|
on_train_end                       	|  0.036722       	|1              	|  0.036722       	|  0.0049545      	|
on_validation_batch_start          	|  1.583e-05      	|1182           	|  0.018711       	|  0.0025244      	|
on_epoch_start                     	|  0.00079303     	|20             	|  0.015861       	|  0.0021399      	|
on_validation_start                	|  0.00065602     	|21             	|  0.013776       	|  0.0018587      	|
validation_step_end                	|  1.1632e-05     	|1182           	|  0.013749       	|  0.001855       	|
on_train_start                     	|  0.0028255      	|1              	|  0.0028255      	|  0.00038121     	|
on_epoch_end                       	|  1.4989e-05     	|41             	|  0.00061453     	|  8.2911e-05     	|
on_train_epoch_end                 	|  2.8644e-05     	|20             	|  0.00057288     	|  7.7292e-05     	|
on_validation_epoch_end            	|  2.1756e-05     	|21             	|  0.00045687     	|  6.164e-05      	|
on_validation_epoch_start          	|  1.7989e-05     	|21             	|  0.00037778     	|  5.0968e-05     	|
on_train_epoch_start               	|  1.6247e-05     	|20             	|  0.00032494     	|  4.384e-05      	|
on_fit_start                       	|  2.272e-05      	|1              	|  2.272e-05      	|  3.0653e-06     	|
on_before_accelerator_backend_setup	|  1.013e-05      	|1              	|  1.013e-05      	|  1.3667e-06     	|

