2021-06-09 18:48:11.000 | INFO     | slp.util.log:configure_logging:84 - Log file will be saved in logs/mosei-rnn-m3-0.25-text-0.6.20210609-184810.log
2021-06-09 18:48:11.862 | INFO     | slp.plbind.dm:setup:159 - Using provided validation set
2021-06-09 18:48:11.863 | INFO     | slp.plbind.dm:setup:162 - Using provided test set
2021-06-09 18:48:11.863 | INFO     | slp.plbind.dm:setup:212 - Using 16327 samples for training
2021-06-09 18:48:11.863 | INFO     | slp.plbind.dm:setup:213 - Using 1871 samples for validation
2021-06-09 18:48:11.863 | INFO     | slp.plbind.dm:setup:216 - Using 4662 samples for testing
2021-06-09 18:48:11.884 | INFO     | slp.plbind.trainer:make_trainer:428 - Logs will be saved in rnn-m3-0.25-text-0.6/mosei-rnn-m3-0.25-text-0.6
2021-06-09 18:48:11.884 | INFO     | slp.plbind.trainer:make_trainer:429 - Logs will be saved in rnn-m3-0.25-text-0.6/mosei-rnn-m3-0.25-text-0.6/20210609-184811/checkpoints
2021-06-09 18:48:11.918 | INFO     | slp.plbind.trainer:make_trainer:461 - Configured wandb and CSV loggers.
2021-06-09 18:48:11.919 | INFO     | slp.plbind.trainer:make_trainer:462 - Wandb configured to run mosei-rnn-m3-0.25-text-0.6/20210609-184811 in project mosei-rnn-m3-0.25-text-0.6
2021-06-09 18:48:11.919 | INFO     | slp.plbind.trainer:make_trainer:467 - Results will be stored online.
2021-06-09 18:48:11.919 | INFO     | slp.plbind.trainer:make_trainer:475 - Experiment verbose description:
MOSEI RNN-baseline with M3 and higher text drop probability

Tags:['mosei', 'rnn-baseline', 'm3', 'regularization']
2021-06-09 18:48:11.921 | INFO     | slp.plbind.trainer:make_trainer:496 - Configured Early stopping and Model checkpointing to track val_loss
2021-06-09 18:48:11.939 | INFO     | pytorch_lightning.utilities.distributed:_info:54 - GPU available: True, used: True
2021-06-09 18:48:11.939 | INFO     | pytorch_lightning.utilities.distributed:_info:54 - TPU available: None, using: 0 TPU cores
2021-06-09 18:48:12.791 | INFO     | slp.plbind.trainer:watch_model:613 - Tracking model weights & gradients in wandb.
2021-06-09 18:48:12.793 | INFO     | pytorch_lightning.accelerators.gpu:set_nvidia_flags:40 - LOCAL_RANK: 0 - CUDA_VISIBLE_DEVICES: [3]
2021-06-09 18:48:15.256 | INFO     | pytorch_lightning.core.lightning:summarize:1457 - 
  | Name          | Type                            | Params
------------------------------------------------------------------
0 | model         | AudioVisualTextMaskedClassifier | 1.6 M 
1 | criterion     | L1Loss                          | 0     
2 | train_metrics | ModuleDict                      | 0     
3 | val_metrics   | ModuleDict                      | 0     
4 | test_metrics  | ModuleDict                      | 0     
------------------------------------------------------------------
1.6 M     Trainable params
0         Non-trainable params
1.6 M     Total params
6.535     Total estimated model params size (MB)
2021-06-09 18:48:15.551 | INFO     | slp.plbind.module:log_to_console:478 - Epoch 1 Validation results
2021-06-09 18:48:15.551 | INFO     | slp.util.system:print_separator:81 - --------------------------------------------------
2021-06-09 18:48:15.552 | INFO     | slp.plbind.module:log_to_console:484 - val_acc2        0.4905303120613098
2021-06-09 18:48:15.552 | INFO     | slp.plbind.module:log_to_console:484 - val_acc2_zero   0.359375       
2021-06-09 18:48:15.553 | INFO     | slp.plbind.module:log_to_console:484 - val_acc5        0.09375        
2021-06-09 18:48:15.553 | INFO     | slp.plbind.module:log_to_console:484 - val_acc7        0.046875       
2021-06-09 18:48:15.554 | INFO     | slp.plbind.module:log_to_console:484 - val_f1          0.38655078411102295
2021-06-09 18:48:15.554 | INFO     | slp.plbind.module:log_to_console:484 - val_f1_zero     0.23937074840068817
2021-06-09 18:48:15.555 | INFO     | slp.plbind.module:log_to_console:484 - val_mae         2.347313165664673
2021-06-09 18:48:15.555 | INFO     | slp.plbind.module:log_to_console:484 - val_loss        2.347313165664673
2021-06-09 18:48:15.556 | INFO     | slp.plbind.module:log_to_console:484 - best_score      inf            
2021-06-09 18:48:15.556 | INFO     | slp.util.system:print_separator:81 - %%%%%%%%%%%%%%%%%%%%%%%%%%%%%%%%%%%%%%%%%%%%%%%%%%
2021-06-09 18:48:49.850 | INFO     | slp.plbind.module:log_to_console:478 - Epoch 1 Training results
2021-06-09 18:48:49.850 | INFO     | slp.util.system:print_separator:81 - --------------------------------------------------
2021-06-09 18:48:49.851 | INFO     | slp.plbind.module:log_to_console:484 - train_acc2      0.6798226833343506
2021-06-09 18:48:49.852 | INFO     | slp.plbind.module:log_to_console:484 - train_acc2_zero 0.6619985103607178
2021-06-09 18:48:49.852 | INFO     | slp.plbind.module:log_to_console:484 - train_acc5      0.3774549067020416
2021-06-09 18:48:49.853 | INFO     | slp.plbind.module:log_to_console:484 - train_acc7      0.37286829948425293
2021-06-09 18:48:49.853 | INFO     | slp.plbind.module:log_to_console:484 - train_f1        0.6549855470657349
2021-06-09 18:48:49.854 | INFO     | slp.plbind.module:log_to_console:484 - train_f1_zero   0.6468833088874817
2021-06-09 18:48:49.854 | INFO     | slp.plbind.module:log_to_console:484 - train_mae       1.0198413133621216
2021-06-09 18:48:49.855 | INFO     | slp.plbind.module:log_to_console:484 - train_loss      1.0198413133621216
2021-06-09 18:48:49.855 | INFO     | slp.util.system:print_separator:81 - %%%%%%%%%%%%%%%%%%%%%%%%%%%%%%%%%%%%%%%%%%%%%%%%%%
2021-06-09 18:48:51.865 | INFO     | slp.plbind.module:log_to_console:478 - Epoch 1 Validation results
2021-06-09 18:48:51.868 | INFO     | slp.util.system:print_separator:81 - --------------------------------------------------
2021-06-09 18:48:51.870 | INFO     | slp.plbind.module:log_to_console:484 - val_acc2        0.7667767405509949
2021-06-09 18:48:51.872 | INFO     | slp.plbind.module:log_to_console:484 - val_acc2_zero   0.7774011492729187
2021-06-09 18:48:51.874 | INFO     | slp.plbind.module:log_to_console:484 - val_acc5        0.4598517119884491
2021-06-09 18:48:51.876 | INFO     | slp.plbind.module:log_to_console:484 - val_acc7        0.45879238843917847
2021-06-09 18:48:51.878 | INFO     | slp.plbind.module:log_to_console:484 - val_f1          0.7504920363426208
2021-06-09 18:48:51.880 | INFO     | slp.plbind.module:log_to_console:484 - val_f1_zero     0.7688016891479492
2021-06-09 18:48:51.881 | INFO     | slp.plbind.module:log_to_console:484 - val_mae         0.6660807728767395
2021-06-09 18:48:51.882 | INFO     | slp.plbind.module:log_to_console:484 - val_loss        0.6660807728767395
2021-06-09 18:48:51.884 | INFO     | slp.plbind.module:log_to_console:484 - best_score      inf            
2021-06-09 18:48:51.885 | INFO     | slp.util.system:print_separator:81 - %%%%%%%%%%%%%%%%%%%%%%%%%%%%%%%%%%%%%%%%%%%%%%%%%%
2021-06-09 18:48:51.889 | INFO     | slp.plbind.helpers:_run_early_stopping_check:25 - Epoch 1 Early Stopping
2021-06-09 18:48:51.890 | INFO     | slp.util.system:print_separator:81 - --------------------------------------------------
2021-06-09 18:48:51.891 | INFO     | slp.plbind.helpers:_run_early_stopping_check:27 - best score      0.6660807728767395
2021-06-09 18:48:51.892 | INFO     | slp.plbind.helpers:_run_early_stopping_check:28 - patience left   10             
2021-06-09 18:48:51.893 | INFO     | slp.util.system:print_separator:81 - ##################################################
2021-06-09 18:49:26.579 | INFO     | slp.plbind.module:log_to_console:478 - Epoch 2 Training results
2021-06-09 18:49:26.585 | INFO     | slp.util.system:print_separator:81 - --------------------------------------------------
2021-06-09 18:49:26.586 | INFO     | slp.plbind.module:log_to_console:484 - train_acc2      0.7821168899536133
2021-06-09 18:49:26.587 | INFO     | slp.plbind.module:log_to_console:484 - train_acc2_zero 0.7554602026939392
2021-06-09 18:49:26.588 | INFO     | slp.plbind.module:log_to_console:484 - train_acc5      0.4629228413105011
2021-06-09 18:49:26.589 | INFO     | slp.plbind.module:log_to_console:484 - train_acc7      0.4542388916015625
2021-06-09 18:49:26.590 | INFO     | slp.plbind.module:log_to_console:484 - train_f1        0.7774882912635803
2021-06-09 18:49:26.591 | INFO     | slp.plbind.module:log_to_console:484 - train_f1_zero   0.7582932114601135
2021-06-09 18:49:26.592 | INFO     | slp.plbind.module:log_to_console:484 - train_mae       0.695440948009491
2021-06-09 18:49:26.593 | INFO     | slp.plbind.module:log_to_console:484 - train_loss      0.695440948009491
2021-06-09 18:49:26.594 | INFO     | slp.util.system:print_separator:81 - %%%%%%%%%%%%%%%%%%%%%%%%%%%%%%%%%%%%%%%%%%%%%%%%%%
2021-06-09 18:49:28.552 | INFO     | slp.plbind.module:log_to_console:478 - Epoch 2 Validation results
2021-06-09 18:49:28.554 | INFO     | slp.util.system:print_separator:81 - --------------------------------------------------
2021-06-09 18:49:28.557 | INFO     | slp.plbind.module:log_to_console:484 - val_acc2        0.7217037677764893
2021-06-09 18:49:28.559 | INFO     | slp.plbind.module:log_to_console:484 - val_acc2_zero   0.6447033882141113
2021-06-09 18:49:28.561 | INFO     | slp.plbind.module:log_to_console:484 - val_acc5        0.48481640219688416
2021-06-09 18:49:28.562 | INFO     | slp.plbind.module:log_to_console:484 - val_acc7        0.4784604609012604
2021-06-09 18:49:28.564 | INFO     | slp.plbind.module:log_to_console:484 - val_f1          0.7318955659866333
2021-06-09 18:49:28.566 | INFO     | slp.plbind.module:log_to_console:484 - val_f1_zero     0.6673168540000916
2021-06-09 18:49:28.568 | INFO     | slp.plbind.module:log_to_console:484 - val_mae         0.6731901168823242
2021-06-09 18:49:28.569 | INFO     | slp.plbind.module:log_to_console:484 - val_loss        0.6731901168823242
2021-06-09 18:49:28.570 | INFO     | slp.plbind.module:log_to_console:484 - best_score      0.6660807728767395
2021-06-09 18:49:28.572 | INFO     | slp.util.system:print_separator:81 - %%%%%%%%%%%%%%%%%%%%%%%%%%%%%%%%%%%%%%%%%%%%%%%%%%
2021-06-09 18:49:28.575 | INFO     | slp.plbind.helpers:_run_early_stopping_check:25 - Epoch 2 Early Stopping
2021-06-09 18:49:28.577 | INFO     | slp.util.system:print_separator:81 - --------------------------------------------------
2021-06-09 18:49:28.578 | INFO     | slp.plbind.helpers:_run_early_stopping_check:27 - best score      0.6660807728767395
2021-06-09 18:49:28.579 | INFO     | slp.plbind.helpers:_run_early_stopping_check:28 - patience left   9              
2021-06-09 18:49:28.580 | INFO     | slp.util.system:print_separator:81 - ##################################################
2021-06-09 18:50:03.453 | INFO     | slp.plbind.module:log_to_console:478 - Epoch 3 Training results
2021-06-09 18:50:03.455 | INFO     | slp.util.system:print_separator:81 - --------------------------------------------------
2021-06-09 18:50:03.456 | INFO     | slp.plbind.module:log_to_console:484 - train_acc2      0.7993718385696411
2021-06-09 18:50:03.457 | INFO     | slp.plbind.module:log_to_console:484 - train_acc2_zero 0.7699276804924011
2021-06-09 18:50:03.458 | INFO     | slp.plbind.module:log_to_console:484 - train_acc5      0.48209917545318604
2021-06-09 18:50:03.459 | INFO     | slp.plbind.module:log_to_console:484 - train_acc7      0.4703574776649475
2021-06-09 18:50:03.460 | INFO     | slp.plbind.module:log_to_console:484 - train_f1        0.7954313158988953
2021-06-09 18:50:03.461 | INFO     | slp.plbind.module:log_to_console:484 - train_f1_zero   0.77313232421875
2021-06-09 18:50:03.462 | INFO     | slp.plbind.module:log_to_console:484 - train_mae       0.6607983708381653
2021-06-09 18:50:03.463 | INFO     | slp.plbind.module:log_to_console:484 - train_loss      0.6607983708381653
2021-06-09 18:50:03.464 | INFO     | slp.util.system:print_separator:81 - %%%%%%%%%%%%%%%%%%%%%%%%%%%%%%%%%%%%%%%%%%%%%%%%%%
2021-06-09 18:50:05.416 | INFO     | slp.plbind.module:log_to_console:478 - Epoch 3 Validation results
2021-06-09 18:50:05.416 | INFO     | slp.util.system:print_separator:81 - --------------------------------------------------
2021-06-09 18:50:05.417 | INFO     | slp.plbind.module:log_to_console:484 - val_acc2        0.7476452589035034
2021-06-09 18:50:05.418 | INFO     | slp.plbind.module:log_to_console:484 - val_acc2_zero   0.6933615803718567
2021-06-09 18:50:05.419 | INFO     | slp.plbind.module:log_to_console:484 - val_acc5        0.49269068241119385
2021-06-09 18:50:05.420 | INFO     | slp.plbind.module:log_to_console:484 - val_acc7        0.47838982939720154
2021-06-09 18:50:05.420 | INFO     | slp.plbind.module:log_to_console:484 - val_f1          0.7565398216247559
2021-06-09 18:50:05.421 | INFO     | slp.plbind.module:log_to_console:484 - val_f1_zero     0.7131929993629456
2021-06-09 18:50:05.422 | INFO     | slp.plbind.module:log_to_console:484 - val_mae         0.6771456599235535
2021-06-09 18:50:05.423 | INFO     | slp.plbind.module:log_to_console:484 - val_loss        0.6771456599235535
2021-06-09 18:50:05.423 | INFO     | slp.plbind.module:log_to_console:484 - best_score      0.6660807728767395
2021-06-09 18:50:05.424 | INFO     | slp.util.system:print_separator:81 - %%%%%%%%%%%%%%%%%%%%%%%%%%%%%%%%%%%%%%%%%%%%%%%%%%
2021-06-09 18:50:05.426 | INFO     | slp.plbind.helpers:_run_early_stopping_check:25 - Epoch 3 Early Stopping
2021-06-09 18:50:05.427 | INFO     | slp.util.system:print_separator:81 - --------------------------------------------------
2021-06-09 18:50:05.428 | INFO     | slp.plbind.helpers:_run_early_stopping_check:27 - best score      0.6660807728767395
2021-06-09 18:50:05.428 | INFO     | slp.plbind.helpers:_run_early_stopping_check:28 - patience left   8              
2021-06-09 18:50:05.429 | INFO     | slp.util.system:print_separator:81 - ##################################################
2021-06-09 18:50:40.062 | INFO     | slp.plbind.module:log_to_console:478 - Epoch 4 Training results
2021-06-09 18:50:40.062 | INFO     | slp.util.system:print_separator:81 - --------------------------------------------------
2021-06-09 18:50:40.063 | INFO     | slp.plbind.module:log_to_console:484 - train_acc2      0.8084800243377686
2021-06-09 18:50:40.063 | INFO     | slp.plbind.module:log_to_console:484 - train_acc2_zero 0.7824032306671143
2021-06-09 18:50:40.064 | INFO     | slp.plbind.module:log_to_console:484 - train_acc5      0.4981216788291931
2021-06-09 18:50:40.064 | INFO     | slp.plbind.module:log_to_console:484 - train_acc7      0.4844841957092285
2021-06-09 18:50:40.065 | INFO     | slp.plbind.module:log_to_console:484 - train_f1        0.8047540783882141
2021-06-09 18:50:40.065 | INFO     | slp.plbind.module:log_to_console:484 - train_f1_zero   0.7850971221923828
2021-06-09 18:50:40.066 | INFO     | slp.plbind.module:log_to_console:484 - train_mae       0.6372258067131042
2021-06-09 18:50:40.066 | INFO     | slp.plbind.module:log_to_console:484 - train_loss      0.6372258067131042
2021-06-09 18:50:40.067 | INFO     | slp.util.system:print_separator:81 - %%%%%%%%%%%%%%%%%%%%%%%%%%%%%%%%%%%%%%%%%%%%%%%%%%
2021-06-09 18:50:41.996 | INFO     | slp.plbind.module:log_to_console:478 - Epoch 4 Validation results
2021-06-09 18:50:41.998 | INFO     | slp.util.system:print_separator:81 - --------------------------------------------------
2021-06-09 18:50:41.999 | INFO     | slp.plbind.module:log_to_console:484 - val_acc2        0.7936327457427979
2021-06-09 18:50:42.000 | INFO     | slp.plbind.module:log_to_console:484 - val_acc2_zero   0.8070622086524963
2021-06-09 18:50:42.001 | INFO     | slp.plbind.module:log_to_console:484 - val_acc5        0.5203036665916443
2021-06-09 18:50:42.003 | INFO     | slp.plbind.module:log_to_console:484 - val_acc7        0.5128884315490723
2021-06-09 18:50:42.004 | INFO     | slp.plbind.module:log_to_console:484 - val_f1          0.7731963396072388
2021-06-09 18:50:42.005 | INFO     | slp.plbind.module:log_to_console:484 - val_f1_zero     0.7950729131698608
2021-06-09 18:50:42.006 | INFO     | slp.plbind.module:log_to_console:484 - val_mae         0.6021137833595276
2021-06-09 18:50:42.007 | INFO     | slp.plbind.module:log_to_console:484 - val_loss        0.6021137833595276
2021-06-09 18:50:42.007 | INFO     | slp.plbind.module:log_to_console:484 - best_score      0.6660807728767395
2021-06-09 18:50:42.008 | INFO     | slp.util.system:print_separator:81 - %%%%%%%%%%%%%%%%%%%%%%%%%%%%%%%%%%%%%%%%%%%%%%%%%%
2021-06-09 18:50:42.011 | INFO     | slp.plbind.helpers:_run_early_stopping_check:25 - Epoch 4 Early Stopping
2021-06-09 18:50:42.012 | INFO     | slp.util.system:print_separator:81 - --------------------------------------------------
2021-06-09 18:50:42.013 | INFO     | slp.plbind.helpers:_run_early_stopping_check:27 - best score      0.6021137833595276
2021-06-09 18:50:42.014 | INFO     | slp.plbind.helpers:_run_early_stopping_check:28 - patience left   10             
2021-06-09 18:50:42.015 | INFO     | slp.util.system:print_separator:81 - ##################################################
2021-06-09 18:51:16.491 | INFO     | slp.plbind.module:log_to_console:478 - Epoch 5 Training results
2021-06-09 18:51:16.491 | INFO     | slp.util.system:print_separator:81 - --------------------------------------------------
2021-06-09 18:51:16.492 | INFO     | slp.plbind.module:log_to_console:484 - train_acc2      0.8174411058425903
2021-06-09 18:51:16.493 | INFO     | slp.plbind.module:log_to_console:484 - train_acc2_zero 0.7878808975219727
2021-06-09 18:51:16.493 | INFO     | slp.plbind.module:log_to_console:484 - train_acc5      0.5143014788627625
2021-06-09 18:51:16.493 | INFO     | slp.plbind.module:log_to_console:484 - train_acc7      0.4973616302013397
2021-06-09 18:51:16.494 | INFO     | slp.plbind.module:log_to_console:484 - train_f1        0.8138313889503479
2021-06-09 18:51:16.494 | INFO     | slp.plbind.module:log_to_console:484 - train_f1_zero   0.7910721302032471
2021-06-09 18:51:16.495 | INFO     | slp.plbind.module:log_to_console:484 - train_mae       0.6143487095832825
2021-06-09 18:51:16.495 | INFO     | slp.plbind.module:log_to_console:484 - train_loss      0.6143487095832825
2021-06-09 18:51:16.496 | INFO     | slp.util.system:print_separator:81 - %%%%%%%%%%%%%%%%%%%%%%%%%%%%%%%%%%%%%%%%%%%%%%%%%%
2021-06-09 18:51:18.537 | INFO     | slp.plbind.module:log_to_console:478 - Epoch 5 Validation results
2021-06-09 18:51:18.540 | INFO     | slp.util.system:print_separator:81 - --------------------------------------------------
2021-06-09 18:51:18.542 | INFO     | slp.plbind.module:log_to_console:484 - val_acc2        0.7846232652664185
2021-06-09 18:51:18.544 | INFO     | slp.plbind.module:log_to_console:484 - val_acc2_zero   0.7405014038085938
2021-06-09 18:51:18.545 | INFO     | slp.plbind.module:log_to_console:484 - val_acc5        0.534604549407959
2021-06-09 18:51:18.547 | INFO     | slp.plbind.module:log_to_console:484 - val_acc7        0.5139477849006653
2021-06-09 18:51:18.549 | INFO     | slp.plbind.module:log_to_console:484 - val_f1          0.789674699306488
2021-06-09 18:51:18.550 | INFO     | slp.plbind.module:log_to_console:484 - val_f1_zero     0.7555023431777954
2021-06-09 18:51:18.552 | INFO     | slp.plbind.module:log_to_console:484 - val_mae         0.6219713091850281
2021-06-09 18:51:18.553 | INFO     | slp.plbind.module:log_to_console:484 - val_loss        0.6219713091850281
2021-06-09 18:51:18.554 | INFO     | slp.plbind.module:log_to_console:484 - best_score      0.6021137833595276
2021-06-09 18:51:18.556 | INFO     | slp.util.system:print_separator:81 - %%%%%%%%%%%%%%%%%%%%%%%%%%%%%%%%%%%%%%%%%%%%%%%%%%
2021-06-09 18:51:18.559 | INFO     | slp.plbind.helpers:_run_early_stopping_check:25 - Epoch 5 Early Stopping
2021-06-09 18:51:18.560 | INFO     | slp.util.system:print_separator:81 - --------------------------------------------------
2021-06-09 18:51:18.561 | INFO     | slp.plbind.helpers:_run_early_stopping_check:27 - best score      0.6021137833595276
2021-06-09 18:51:18.562 | INFO     | slp.plbind.helpers:_run_early_stopping_check:28 - patience left   9              
2021-06-09 18:51:18.563 | INFO     | slp.util.system:print_separator:81 - ##################################################
2021-06-09 18:51:53.717 | INFO     | slp.plbind.module:log_to_console:478 - Epoch 6 Training results
2021-06-09 18:51:53.717 | INFO     | slp.util.system:print_separator:81 - --------------------------------------------------
2021-06-09 18:51:53.718 | INFO     | slp.plbind.module:log_to_console:484 - train_acc2      0.8266921639442444
2021-06-09 18:51:53.718 | INFO     | slp.plbind.module:log_to_console:484 - train_acc2_zero 0.7999283671379089
2021-06-09 18:51:53.720 | INFO     | slp.plbind.module:log_to_console:484 - train_acc5      0.5195257663726807
2021-06-09 18:51:53.721 | INFO     | slp.plbind.module:log_to_console:484 - train_acc7      0.5019394755363464
2021-06-09 18:51:53.723 | INFO     | slp.plbind.module:log_to_console:484 - train_f1        0.8238738775253296
2021-06-09 18:51:53.724 | INFO     | slp.plbind.module:log_to_console:484 - train_f1_zero   0.8032642006874084
2021-06-09 18:51:53.725 | INFO     | slp.plbind.module:log_to_console:484 - train_mae       0.5981878638267517
2021-06-09 18:51:53.727 | INFO     | slp.plbind.module:log_to_console:484 - train_loss      0.5981878638267517
2021-06-09 18:51:53.728 | INFO     | slp.util.system:print_separator:81 - %%%%%%%%%%%%%%%%%%%%%%%%%%%%%%%%%%%%%%%%%%%%%%%%%%
2021-06-09 18:51:55.668 | INFO     | slp.plbind.module:log_to_console:478 - Epoch 6 Validation results
2021-06-09 18:51:55.669 | INFO     | slp.util.system:print_separator:81 - --------------------------------------------------
2021-06-09 18:51:55.670 | INFO     | slp.plbind.module:log_to_console:484 - val_acc2        0.7927876114845276
2021-06-09 18:51:55.670 | INFO     | slp.plbind.module:log_to_console:484 - val_acc2_zero   0.787994384765625
2021-06-09 18:51:55.671 | INFO     | slp.plbind.module:log_to_console:484 - val_acc5        0.5299788117408752
2021-06-09 18:51:55.672 | INFO     | slp.plbind.module:log_to_console:484 - val_acc7        0.5252118706703186
2021-06-09 18:51:55.673 | INFO     | slp.plbind.module:log_to_console:484 - val_f1          0.7795040607452393
2021-06-09 18:51:55.673 | INFO     | slp.plbind.module:log_to_console:484 - val_f1_zero     0.7825034260749817
2021-06-09 18:51:55.674 | INFO     | slp.plbind.module:log_to_console:484 - val_mae         0.5881685018539429
2021-06-09 18:51:55.675 | INFO     | slp.plbind.module:log_to_console:484 - val_loss        0.5881685018539429
2021-06-09 18:51:55.676 | INFO     | slp.plbind.module:log_to_console:484 - best_score      0.6021137833595276
2021-06-09 18:51:55.676 | INFO     | slp.util.system:print_separator:81 - %%%%%%%%%%%%%%%%%%%%%%%%%%%%%%%%%%%%%%%%%%%%%%%%%%
2021-06-09 18:51:55.678 | INFO     | slp.plbind.helpers:_run_early_stopping_check:25 - Epoch 6 Early Stopping
2021-06-09 18:51:55.679 | INFO     | slp.util.system:print_separator:81 - --------------------------------------------------
2021-06-09 18:51:55.680 | INFO     | slp.plbind.helpers:_run_early_stopping_check:27 - best score      0.5881685018539429
2021-06-09 18:51:55.680 | INFO     | slp.plbind.helpers:_run_early_stopping_check:28 - patience left   10             
2021-06-09 18:51:55.681 | INFO     | slp.util.system:print_separator:81 - ##################################################
2021-06-09 18:52:30.782 | INFO     | slp.plbind.module:log_to_console:478 - Epoch 7 Training results
2021-06-09 18:52:30.783 | INFO     | slp.util.system:print_separator:81 - --------------------------------------------------
2021-06-09 18:52:30.783 | INFO     | slp.plbind.module:log_to_console:484 - train_acc2      0.8305166959762573
2021-06-09 18:52:30.784 | INFO     | slp.plbind.module:log_to_console:484 - train_acc2_zero 0.8000856041908264
2021-06-09 18:52:30.784 | INFO     | slp.plbind.module:log_to_console:484 - train_acc5      0.5320013165473938
2021-06-09 18:52:30.785 | INFO     | slp.plbind.module:log_to_console:484 - train_acc7      0.5144498944282532
2021-06-09 18:52:30.786 | INFO     | slp.plbind.module:log_to_console:484 - train_f1        0.8270763158798218
2021-06-09 18:52:30.786 | INFO     | slp.plbind.module:log_to_console:484 - train_f1_zero   0.8026595115661621
2021-06-09 18:52:30.787 | INFO     | slp.plbind.module:log_to_console:484 - train_mae       0.5854381918907166
2021-06-09 18:52:30.787 | INFO     | slp.plbind.module:log_to_console:484 - train_loss      0.5854381918907166
2021-06-09 18:52:30.788 | INFO     | slp.util.system:print_separator:81 - %%%%%%%%%%%%%%%%%%%%%%%%%%%%%%%%%%%%%%%%%%%%%%%%%%
2021-06-09 18:52:32.829 | INFO     | slp.plbind.module:log_to_console:478 - Epoch 7 Validation results
2021-06-09 18:52:32.830 | INFO     | slp.util.system:print_separator:81 - --------------------------------------------------
2021-06-09 18:52:32.831 | INFO     | slp.plbind.module:log_to_console:484 - val_acc2        0.7885251641273499
2021-06-09 18:52:32.832 | INFO     | slp.plbind.module:log_to_console:484 - val_acc2_zero   0.7825564742088318
2021-06-09 18:52:32.833 | INFO     | slp.plbind.module:log_to_console:484 - val_acc5        0.5075212121009827
2021-06-09 18:52:32.834 | INFO     | slp.plbind.module:log_to_console:484 - val_acc7        0.5001059174537659
2021-06-09 18:52:32.834 | INFO     | slp.plbind.module:log_to_console:484 - val_f1          0.7856595516204834
2021-06-09 18:52:32.835 | INFO     | slp.plbind.module:log_to_console:484 - val_f1_zero     0.7883492112159729
2021-06-09 18:52:32.836 | INFO     | slp.plbind.module:log_to_console:484 - val_mae         0.617709219455719
2021-06-09 18:52:32.837 | INFO     | slp.plbind.module:log_to_console:484 - val_loss        0.617709219455719
2021-06-09 18:52:32.838 | INFO     | slp.plbind.module:log_to_console:484 - best_score      0.5881685018539429
2021-06-09 18:52:32.838 | INFO     | slp.util.system:print_separator:81 - %%%%%%%%%%%%%%%%%%%%%%%%%%%%%%%%%%%%%%%%%%%%%%%%%%
2021-06-09 18:52:32.841 | INFO     | slp.plbind.helpers:_run_early_stopping_check:25 - Epoch 7 Early Stopping
2021-06-09 18:52:32.842 | INFO     | slp.util.system:print_separator:81 - --------------------------------------------------
2021-06-09 18:52:32.842 | INFO     | slp.plbind.helpers:_run_early_stopping_check:27 - best score      0.5881685018539429
2021-06-09 18:52:32.843 | INFO     | slp.plbind.helpers:_run_early_stopping_check:28 - patience left   9              
2021-06-09 18:52:32.844 | INFO     | slp.util.system:print_separator:81 - ##################################################
2021-06-09 18:53:07.564 | INFO     | slp.plbind.module:log_to_console:478 - Epoch 8 Training results
2021-06-09 18:53:07.565 | INFO     | slp.util.system:print_separator:81 - --------------------------------------------------
2021-06-09 18:53:07.566 | INFO     | slp.plbind.module:log_to_console:484 - train_acc2      0.8333077430725098
2021-06-09 18:53:07.566 | INFO     | slp.plbind.module:log_to_console:484 - train_acc2_zero 0.8031346201896667
2021-06-09 18:53:07.567 | INFO     | slp.plbind.module:log_to_console:484 - train_acc5      0.5442846417427063
2021-06-09 18:53:07.567 | INFO     | slp.plbind.module:log_to_console:484 - train_acc7      0.5242871046066284
2021-06-09 18:53:07.568 | INFO     | slp.plbind.module:log_to_console:484 - train_f1        0.8306679725646973
2021-06-09 18:53:07.568 | INFO     | slp.plbind.module:log_to_console:484 - train_f1_zero   0.8065406680107117
2021-06-09 18:53:07.569 | INFO     | slp.plbind.module:log_to_console:484 - train_mae       0.5702936053276062
2021-06-09 18:53:07.569 | INFO     | slp.plbind.module:log_to_console:484 - train_loss      0.5702936053276062
2021-06-09 18:53:07.570 | INFO     | slp.util.system:print_separator:81 - %%%%%%%%%%%%%%%%%%%%%%%%%%%%%%%%%%%%%%%%%%%%%%%%%%
2021-06-09 18:53:09.510 | INFO     | slp.plbind.module:log_to_console:478 - Epoch 8 Validation results
2021-06-09 18:53:09.513 | INFO     | slp.util.system:print_separator:81 - --------------------------------------------------
2021-06-09 18:53:09.515 | INFO     | slp.plbind.module:log_to_console:484 - val_acc2        0.757372260093689
2021-06-09 18:53:09.518 | INFO     | slp.plbind.module:log_to_console:484 - val_acc2_zero   0.7081921100616455
2021-06-09 18:53:09.520 | INFO     | slp.plbind.module:log_to_console:484 - val_acc5        0.5387712121009827
2021-06-09 18:53:09.522 | INFO     | slp.plbind.module:log_to_console:484 - val_acc7        0.5122881531715393
2021-06-09 18:53:09.525 | INFO     | slp.plbind.module:log_to_console:484 - val_f1          0.7600393891334534
2021-06-09 18:53:09.526 | INFO     | slp.plbind.module:log_to_console:484 - val_f1_zero     0.7201253175735474
2021-06-09 18:53:09.527 | INFO     | slp.plbind.module:log_to_console:484 - val_mae         0.6436796188354492
2021-06-09 18:53:09.528 | INFO     | slp.plbind.module:log_to_console:484 - val_loss        0.6436796188354492
2021-06-09 18:53:09.529 | INFO     | slp.plbind.module:log_to_console:484 - best_score      0.5881685018539429
2021-06-09 18:53:09.530 | INFO     | slp.util.system:print_separator:81 - %%%%%%%%%%%%%%%%%%%%%%%%%%%%%%%%%%%%%%%%%%%%%%%%%%
2021-06-09 18:53:09.532 | INFO     | slp.plbind.helpers:_run_early_stopping_check:25 - Epoch 8 Early Stopping
2021-06-09 18:53:09.532 | INFO     | slp.util.system:print_separator:81 - --------------------------------------------------
2021-06-09 18:53:09.533 | INFO     | slp.plbind.helpers:_run_early_stopping_check:27 - best score      0.5881685018539429
2021-06-09 18:53:09.534 | INFO     | slp.plbind.helpers:_run_early_stopping_check:28 - patience left   8              
2021-06-09 18:53:09.535 | INFO     | slp.util.system:print_separator:81 - ##################################################
2021-06-09 18:53:44.274 | INFO     | slp.plbind.module:log_to_console:478 - Epoch 9 Training results
2021-06-09 18:53:44.275 | INFO     | slp.util.system:print_separator:81 - --------------------------------------------------
2021-06-09 18:53:44.276 | INFO     | slp.plbind.module:log_to_console:484 - train_acc2      0.838765561580658
2021-06-09 18:53:44.276 | INFO     | slp.plbind.module:log_to_console:484 - train_acc2_zero 0.8091015815734863
2021-06-09 18:53:44.277 | INFO     | slp.plbind.module:log_to_console:484 - train_acc5      0.5526978373527527
2021-06-09 18:53:44.277 | INFO     | slp.plbind.module:log_to_console:484 - train_acc7      0.5330671668052673
2021-06-09 18:53:44.278 | INFO     | slp.plbind.module:log_to_console:484 - train_f1        0.835134744644165
2021-06-09 18:53:44.278 | INFO     | slp.plbind.module:log_to_console:484 - train_f1_zero   0.8109546303749084
2021-06-09 18:53:44.280 | INFO     | slp.plbind.module:log_to_console:484 - train_mae       0.5577128529548645
2021-06-09 18:53:44.281 | INFO     | slp.plbind.module:log_to_console:484 - train_loss      0.5577128529548645
2021-06-09 18:53:44.283 | INFO     | slp.util.system:print_separator:81 - %%%%%%%%%%%%%%%%%%%%%%%%%%%%%%%%%%%%%%%%%%%%%%%%%%
2021-06-09 18:53:46.311 | INFO     | slp.plbind.module:log_to_console:478 - Epoch 9 Validation results
2021-06-09 18:53:46.312 | INFO     | slp.util.system:print_separator:81 - --------------------------------------------------
2021-06-09 18:53:46.313 | INFO     | slp.plbind.module:log_to_console:484 - val_acc2        0.7864789366722107
2021-06-09 18:53:46.314 | INFO     | slp.plbind.module:log_to_console:484 - val_acc2_zero   0.7905720472335815
2021-06-09 18:53:46.315 | INFO     | slp.plbind.module:log_to_console:484 - val_acc5        0.5451977849006653
2021-06-09 18:53:46.316 | INFO     | slp.plbind.module:log_to_console:484 - val_acc7        0.5314265489578247
2021-06-09 18:53:46.317 | INFO     | slp.plbind.module:log_to_console:484 - val_f1          0.7747170925140381
2021-06-09 18:53:46.317 | INFO     | slp.plbind.module:log_to_console:484 - val_f1_zero     0.7874538898468018
2021-06-09 18:53:46.318 | INFO     | slp.plbind.module:log_to_console:484 - val_mae         0.5668443441390991
2021-06-09 18:53:46.319 | INFO     | slp.plbind.module:log_to_console:484 - val_loss        0.5668443441390991
2021-06-09 18:53:46.320 | INFO     | slp.plbind.module:log_to_console:484 - best_score      0.5881685018539429
2021-06-09 18:53:46.321 | INFO     | slp.util.system:print_separator:81 - %%%%%%%%%%%%%%%%%%%%%%%%%%%%%%%%%%%%%%%%%%%%%%%%%%
2021-06-09 18:53:46.323 | INFO     | slp.plbind.helpers:_run_early_stopping_check:25 - Epoch 9 Early Stopping
2021-06-09 18:53:46.324 | INFO     | slp.util.system:print_separator:81 - --------------------------------------------------
2021-06-09 18:53:46.325 | INFO     | slp.plbind.helpers:_run_early_stopping_check:27 - best score      0.5668443441390991
2021-06-09 18:53:46.326 | INFO     | slp.plbind.helpers:_run_early_stopping_check:28 - patience left   10             
2021-06-09 18:53:46.326 | INFO     | slp.util.system:print_separator:81 - ##################################################
2021-06-09 18:54:21.492 | INFO     | slp.plbind.module:log_to_console:478 - Epoch 10 Training results
2021-06-09 18:54:21.493 | INFO     | slp.util.system:print_separator:81 - --------------------------------------------------
2021-06-09 18:54:21.494 | INFO     | slp.plbind.module:log_to_console:484 - train_acc2      0.8426281213760376
2021-06-09 18:54:21.494 | INFO     | slp.plbind.module:log_to_console:484 - train_acc2_zero 0.809285044670105
2021-06-09 18:54:21.495 | INFO     | slp.plbind.module:log_to_console:484 - train_acc5      0.5668944120407104
2021-06-09 18:54:21.496 | INFO     | slp.plbind.module:log_to_console:484 - train_acc7      0.5456387400627136
2021-06-09 18:54:21.496 | INFO     | slp.plbind.module:log_to_console:484 - train_f1        0.8405208587646484
2021-06-09 18:54:21.497 | INFO     | slp.plbind.module:log_to_console:484 - train_f1_zero   0.8131659030914307
2021-06-09 18:54:21.497 | INFO     | slp.plbind.module:log_to_console:484 - train_mae       0.5370255708694458
2021-06-09 18:54:21.498 | INFO     | slp.plbind.module:log_to_console:484 - train_loss      0.5370255708694458
2021-06-09 18:54:21.498 | INFO     | slp.util.system:print_separator:81 - %%%%%%%%%%%%%%%%%%%%%%%%%%%%%%%%%%%%%%%%%%%%%%%%%%
2021-06-09 18:54:23.515 | INFO     | slp.plbind.module:log_to_console:478 - Epoch 10 Validation results
2021-06-09 18:54:23.518 | INFO     | slp.util.system:print_separator:81 - --------------------------------------------------
2021-06-09 18:54:23.520 | INFO     | slp.plbind.module:log_to_console:484 - val_acc2        0.7885149717330933
2021-06-09 18:54:23.522 | INFO     | slp.plbind.module:log_to_console:484 - val_acc2_zero   0.8126765489578247
2021-06-09 18:54:23.524 | INFO     | slp.plbind.module:log_to_console:484 - val_acc5        0.5266596078872681
2021-06-09 18:54:23.526 | INFO     | slp.plbind.module:log_to_console:484 - val_acc7        0.5155367255210876
2021-06-09 18:54:23.528 | INFO     | slp.plbind.module:log_to_console:484 - val_f1          0.7741806507110596
2021-06-09 18:54:23.529 | INFO     | slp.plbind.module:log_to_console:484 - val_f1_zero     0.8029060363769531
2021-06-09 18:54:23.531 | INFO     | slp.plbind.module:log_to_console:484 - val_mae         0.593653678894043
2021-06-09 18:54:23.532 | INFO     | slp.plbind.module:log_to_console:484 - val_loss        0.593653678894043
2021-06-09 18:54:23.534 | INFO     | slp.plbind.module:log_to_console:484 - best_score      0.5668443441390991
2021-06-09 18:54:23.535 | INFO     | slp.util.system:print_separator:81 - %%%%%%%%%%%%%%%%%%%%%%%%%%%%%%%%%%%%%%%%%%%%%%%%%%
2021-06-09 18:54:23.538 | INFO     | slp.plbind.helpers:_run_early_stopping_check:25 - Epoch 10 Early Stopping
2021-06-09 18:54:23.540 | INFO     | slp.util.system:print_separator:81 - --------------------------------------------------
2021-06-09 18:54:23.541 | INFO     | slp.plbind.helpers:_run_early_stopping_check:27 - best score      0.5668443441390991
2021-06-09 18:54:23.542 | INFO     | slp.plbind.helpers:_run_early_stopping_check:28 - patience left   9              
2021-06-09 18:54:23.543 | INFO     | slp.util.system:print_separator:81 - ##################################################
2021-06-09 18:54:58.496 | INFO     | slp.plbind.module:log_to_console:478 - Epoch 11 Training results
2021-06-09 18:54:58.497 | INFO     | slp.util.system:print_separator:81 - --------------------------------------------------
2021-06-09 18:54:58.497 | INFO     | slp.plbind.module:log_to_console:484 - train_acc2      0.8440040349960327
2021-06-09 18:54:58.498 | INFO     | slp.plbind.module:log_to_console:484 - train_acc2_zero 0.811949610710144
2021-06-09 18:54:58.498 | INFO     | slp.plbind.module:log_to_console:484 - train_acc5      0.5701355934143066
2021-06-09 18:54:58.499 | INFO     | slp.plbind.module:log_to_console:484 - train_acc7      0.548058807849884
2021-06-09 18:54:58.499 | INFO     | slp.plbind.module:log_to_console:484 - train_f1        0.8411173224449158
2021-06-09 18:54:58.499 | INFO     | slp.plbind.module:log_to_console:484 - train_f1_zero   0.8150611519813538
2021-06-09 18:54:58.500 | INFO     | slp.plbind.module:log_to_console:484 - train_mae       0.527113139629364
2021-06-09 18:54:58.500 | INFO     | slp.plbind.module:log_to_console:484 - train_loss      0.527113139629364
2021-06-09 18:54:58.501 | INFO     | slp.util.system:print_separator:81 - %%%%%%%%%%%%%%%%%%%%%%%%%%%%%%%%%%%%%%%%%%%%%%%%%%
2021-06-09 18:55:00.417 | INFO     | slp.plbind.module:log_to_console:478 - Epoch 11 Validation results
2021-06-09 18:55:00.420 | INFO     | slp.util.system:print_separator:81 - --------------------------------------------------
2021-06-09 18:55:00.422 | INFO     | slp.plbind.module:log_to_console:484 - val_acc2        0.7971585988998413
2021-06-09 18:55:00.424 | INFO     | slp.plbind.module:log_to_console:484 - val_acc2_zero   0.7989760041236877
2021-06-09 18:55:00.426 | INFO     | slp.plbind.module:log_to_console:484 - val_acc5        0.5399011373519897
2021-06-09 18:55:00.428 | INFO     | slp.plbind.module:log_to_console:484 - val_acc7        0.5250706672668457
2021-06-09 18:55:00.429 | INFO     | slp.plbind.module:log_to_console:484 - val_f1          0.7912453413009644
2021-06-09 18:55:00.431 | INFO     | slp.plbind.module:log_to_console:484 - val_f1_zero     0.7998907566070557
2021-06-09 18:55:00.432 | INFO     | slp.plbind.module:log_to_console:484 - val_mae         0.57792067527771
2021-06-09 18:55:00.434 | INFO     | slp.plbind.module:log_to_console:484 - val_loss        0.57792067527771
2021-06-09 18:55:00.435 | INFO     | slp.plbind.module:log_to_console:484 - best_score      0.5668443441390991
2021-06-09 18:55:00.436 | INFO     | slp.util.system:print_separator:81 - %%%%%%%%%%%%%%%%%%%%%%%%%%%%%%%%%%%%%%%%%%%%%%%%%%
2021-06-09 18:55:00.440 | INFO     | slp.plbind.helpers:_run_early_stopping_check:25 - Epoch 11 Early Stopping
2021-06-09 18:55:00.442 | INFO     | slp.util.system:print_separator:81 - --------------------------------------------------
2021-06-09 18:55:00.444 | INFO     | slp.plbind.helpers:_run_early_stopping_check:27 - best score      0.5668443441390991
2021-06-09 18:55:00.446 | INFO     | slp.plbind.helpers:_run_early_stopping_check:28 - patience left   8              
2021-06-09 18:55:00.448 | INFO     | slp.util.system:print_separator:81 - ##################################################
2021-06-09 18:55:35.397 | INFO     | slp.plbind.module:log_to_console:478 - Epoch 12 Training results
2021-06-09 18:55:35.398 | INFO     | slp.util.system:print_separator:81 - --------------------------------------------------
2021-06-09 18:55:35.399 | INFO     | slp.plbind.module:log_to_console:484 - train_acc2      0.8510515689849854
2021-06-09 18:55:35.399 | INFO     | slp.plbind.module:log_to_console:484 - train_acc2_zero 0.8171477317810059
2021-06-09 18:55:35.400 | INFO     | slp.plbind.module:log_to_console:484 - train_acc5      0.5819384455680847
2021-06-09 18:55:35.400 | INFO     | slp.plbind.module:log_to_console:484 - train_acc7      0.5594335198402405
2021-06-09 18:55:35.401 | INFO     | slp.plbind.module:log_to_console:484 - train_f1        0.8483675718307495
2021-06-09 18:55:35.401 | INFO     | slp.plbind.module:log_to_console:484 - train_f1_zero   0.8199447393417358
2021-06-09 18:55:35.402 | INFO     | slp.plbind.module:log_to_console:484 - train_mae       0.5171247720718384
2021-06-09 18:55:35.402 | INFO     | slp.plbind.module:log_to_console:484 - train_loss      0.5171247720718384
2021-06-09 18:55:35.402 | INFO     | slp.util.system:print_separator:81 - %%%%%%%%%%%%%%%%%%%%%%%%%%%%%%%%%%%%%%%%%%%%%%%%%%
2021-06-09 18:55:37.394 | INFO     | slp.plbind.module:log_to_console:478 - Epoch 12 Validation results
2021-06-09 18:55:37.397 | INFO     | slp.util.system:print_separator:81 - --------------------------------------------------
2021-06-09 18:55:37.399 | INFO     | slp.plbind.module:log_to_console:484 - val_acc2        0.7917330265045166
2021-06-09 18:55:37.401 | INFO     | slp.plbind.module:log_to_console:484 - val_acc2_zero   0.7890536785125732
2021-06-09 18:55:37.403 | INFO     | slp.plbind.module:log_to_console:484 - val_acc5        0.532944917678833
2021-06-09 18:55:37.405 | INFO     | slp.plbind.module:log_to_console:484 - val_acc7        0.5218220353126526
2021-06-09 18:55:37.407 | INFO     | slp.plbind.module:log_to_console:484 - val_f1          0.7845735549926758
2021-06-09 18:55:37.408 | INFO     | slp.plbind.module:log_to_console:484 - val_f1_zero     0.7894960641860962
2021-06-09 18:55:37.410 | INFO     | slp.plbind.module:log_to_console:484 - val_mae         0.5771898031234741
2021-06-09 18:55:37.412 | INFO     | slp.plbind.module:log_to_console:484 - val_loss        0.5771898031234741
2021-06-09 18:55:37.414 | INFO     | slp.plbind.module:log_to_console:484 - best_score      0.5668443441390991
2021-06-09 18:55:37.415 | INFO     | slp.util.system:print_separator:81 - %%%%%%%%%%%%%%%%%%%%%%%%%%%%%%%%%%%%%%%%%%%%%%%%%%
2021-06-09 18:55:37.420 | INFO     | slp.plbind.helpers:_run_early_stopping_check:25 - Epoch 12 Early Stopping
2021-06-09 18:55:37.421 | INFO     | slp.util.system:print_separator:81 - --------------------------------------------------
2021-06-09 18:55:37.423 | INFO     | slp.plbind.helpers:_run_early_stopping_check:27 - best score      0.5668443441390991
2021-06-09 18:55:37.424 | INFO     | slp.plbind.helpers:_run_early_stopping_check:28 - patience left   7              
2021-06-09 18:55:37.425 | INFO     | slp.util.system:print_separator:81 - ##################################################
2021-06-09 18:56:12.792 | INFO     | slp.plbind.module:log_to_console:478 - Epoch 13 Training results
2021-06-09 18:56:12.793 | INFO     | slp.util.system:print_separator:81 - --------------------------------------------------
2021-06-09 18:56:12.794 | INFO     | slp.plbind.module:log_to_console:484 - train_acc2      0.8599835634231567
2021-06-09 18:56:12.794 | INFO     | slp.plbind.module:log_to_console:484 - train_acc2_zero 0.8208694458007812
2021-06-09 18:56:12.795 | INFO     | slp.plbind.module:log_to_console:484 - train_acc5      0.6072738766670227
2021-06-09 18:56:12.795 | INFO     | slp.plbind.module:log_to_console:484 - train_acc7      0.5834847688674927
2021-06-09 18:56:12.796 | INFO     | slp.plbind.module:log_to_console:484 - train_f1        0.8582848310470581
2021-06-09 18:56:12.796 | INFO     | slp.plbind.module:log_to_console:484 - train_f1_zero   0.8250948786735535
2021-06-09 18:56:12.797 | INFO     | slp.plbind.module:log_to_console:484 - train_mae       0.480282187461853
2021-06-09 18:56:12.797 | INFO     | slp.plbind.module:log_to_console:484 - train_loss      0.480282187461853
2021-06-09 18:56:12.798 | INFO     | slp.util.system:print_separator:81 - %%%%%%%%%%%%%%%%%%%%%%%%%%%%%%%%%%%%%%%%%%%%%%%%%%
2021-06-09 18:56:14.838 | INFO     | slp.plbind.module:log_to_console:478 - Epoch 13 Validation results
2021-06-09 18:56:14.839 | INFO     | slp.util.system:print_separator:81 - --------------------------------------------------
2021-06-09 18:56:14.840 | INFO     | slp.plbind.module:log_to_console:484 - val_acc2        0.7693094611167908
2021-06-09 18:56:14.841 | INFO     | slp.plbind.module:log_to_console:484 - val_acc2_zero   0.7442090511322021
2021-06-09 18:56:14.842 | INFO     | slp.plbind.module:log_to_console:484 - val_acc5        0.532944917678833
2021-06-09 18:56:14.842 | INFO     | slp.plbind.module:log_to_console:484 - val_acc7        0.5197033882141113
2021-06-09 18:56:14.843 | INFO     | slp.plbind.module:log_to_console:484 - val_f1          0.7767053246498108
2021-06-09 18:56:14.843 | INFO     | slp.plbind.module:log_to_console:484 - val_f1_zero     0.7599903345108032
2021-06-09 18:56:14.844 | INFO     | slp.plbind.module:log_to_console:484 - val_mae         0.5872038006782532
2021-06-09 18:56:14.845 | INFO     | slp.plbind.module:log_to_console:484 - val_loss        0.5872038006782532
2021-06-09 18:56:14.846 | INFO     | slp.plbind.module:log_to_console:484 - best_score      0.5668443441390991
2021-06-09 18:56:14.847 | INFO     | slp.util.system:print_separator:81 - %%%%%%%%%%%%%%%%%%%%%%%%%%%%%%%%%%%%%%%%%%%%%%%%%%
2021-06-09 18:56:14.849 | INFO     | slp.plbind.helpers:_run_early_stopping_check:25 - Epoch 13 Early Stopping
2021-06-09 18:56:14.849 | INFO     | slp.util.system:print_separator:81 - --------------------------------------------------
2021-06-09 18:56:14.850 | INFO     | slp.plbind.helpers:_run_early_stopping_check:27 - best score      0.5668443441390991
2021-06-09 18:56:14.851 | INFO     | slp.plbind.helpers:_run_early_stopping_check:28 - patience left   6              
2021-06-09 18:56:14.851 | INFO     | slp.util.system:print_separator:81 - ##################################################
2021-06-09 18:56:50.625 | INFO     | slp.plbind.module:log_to_console:478 - Epoch 14 Training results
2021-06-09 18:56:50.625 | INFO     | slp.util.system:print_separator:81 - --------------------------------------------------
2021-06-09 18:56:50.626 | INFO     | slp.plbind.module:log_to_console:484 - train_acc2      0.8658933639526367
2021-06-09 18:56:50.627 | INFO     | slp.plbind.module:log_to_console:484 - train_acc2_zero 0.8274479508399963
2021-06-09 18:56:50.627 | INFO     | slp.plbind.module:log_to_console:484 - train_acc5      0.620308518409729
2021-06-09 18:56:50.628 | INFO     | slp.plbind.module:log_to_console:484 - train_acc7      0.5962136387825012
2021-06-09 18:56:50.628 | INFO     | slp.plbind.module:log_to_console:484 - train_f1        0.8643980026245117
2021-06-09 18:56:50.629 | INFO     | slp.plbind.module:log_to_console:484 - train_f1_zero   0.8313461542129517
2021-06-09 18:56:50.630 | INFO     | slp.plbind.module:log_to_console:484 - train_mae       0.4697718322277069
2021-06-09 18:56:50.630 | INFO     | slp.plbind.module:log_to_console:484 - train_loss      0.4697718322277069
2021-06-09 18:56:50.631 | INFO     | slp.util.system:print_separator:81 - %%%%%%%%%%%%%%%%%%%%%%%%%%%%%%%%%%%%%%%%%%%%%%%%%%
2021-06-09 18:56:52.613 | INFO     | slp.plbind.module:log_to_console:478 - Epoch 14 Validation results
2021-06-09 18:56:52.615 | INFO     | slp.util.system:print_separator:81 - --------------------------------------------------
2021-06-09 18:56:52.617 | INFO     | slp.plbind.module:log_to_console:484 - val_acc2        0.781767725944519
2021-06-09 18:56:52.619 | INFO     | slp.plbind.module:log_to_console:484 - val_acc2_zero   0.7622175216674805
2021-06-09 18:56:52.621 | INFO     | slp.plbind.module:log_to_console:484 - val_acc5        0.5330155491828918
2021-06-09 18:56:52.623 | INFO     | slp.plbind.module:log_to_console:484 - val_acc7        0.5218926668167114
2021-06-09 18:56:52.625 | INFO     | slp.plbind.module:log_to_console:484 - val_f1          0.7835226655006409
2021-06-09 18:56:52.627 | INFO     | slp.plbind.module:log_to_console:484 - val_f1_zero     0.7726258635520935
2021-06-09 18:56:52.628 | INFO     | slp.plbind.module:log_to_console:484 - val_mae         0.5783033967018127
2021-06-09 18:56:52.630 | INFO     | slp.plbind.module:log_to_console:484 - val_loss        0.5783033967018127
2021-06-09 18:56:52.631 | INFO     | slp.plbind.module:log_to_console:484 - best_score      0.5668443441390991
2021-06-09 18:56:52.632 | INFO     | slp.util.system:print_separator:81 - %%%%%%%%%%%%%%%%%%%%%%%%%%%%%%%%%%%%%%%%%%%%%%%%%%
2021-06-09 18:56:52.636 | INFO     | slp.plbind.helpers:_run_early_stopping_check:25 - Epoch 14 Early Stopping
2021-06-09 18:56:52.637 | INFO     | slp.util.system:print_separator:81 - --------------------------------------------------
2021-06-09 18:56:52.638 | INFO     | slp.plbind.helpers:_run_early_stopping_check:27 - best score      0.5668443441390991
2021-06-09 18:56:52.639 | INFO     | slp.plbind.helpers:_run_early_stopping_check:28 - patience left   5              
2021-06-09 18:56:52.640 | INFO     | slp.util.system:print_separator:81 - ##################################################
2021-06-09 18:57:27.490 | INFO     | slp.plbind.module:log_to_console:478 - Epoch 15 Training results
2021-06-09 18:57:27.490 | INFO     | slp.util.system:print_separator:81 - --------------------------------------------------
2021-06-09 18:57:27.491 | INFO     | slp.plbind.module:log_to_console:484 - train_acc2      0.8693218231201172
2021-06-09 18:57:27.492 | INFO     | slp.plbind.module:log_to_console:484 - train_acc2_zero 0.8285225033760071
2021-06-09 18:57:27.492 | INFO     | slp.plbind.module:log_to_console:484 - train_acc5      0.6259347796440125
2021-06-09 18:57:27.493 | INFO     | slp.plbind.module:log_to_console:484 - train_acc7      0.6022067666053772
2021-06-09 18:57:27.493 | INFO     | slp.plbind.module:log_to_console:484 - train_f1        0.8676860332489014
2021-06-09 18:57:27.494 | INFO     | slp.plbind.module:log_to_console:484 - train_f1_zero   0.8323213458061218
2021-06-09 18:57:27.494 | INFO     | slp.plbind.module:log_to_console:484 - train_mae       0.4564402401447296
2021-06-09 18:57:27.495 | INFO     | slp.plbind.module:log_to_console:484 - train_loss      0.4564402401447296
2021-06-09 18:57:27.495 | INFO     | slp.util.system:print_separator:81 - %%%%%%%%%%%%%%%%%%%%%%%%%%%%%%%%%%%%%%%%%%%%%%%%%%
2021-06-09 18:57:29.503 | INFO     | slp.plbind.module:log_to_console:478 - Epoch 15 Validation results
2021-06-09 18:57:29.505 | INFO     | slp.util.system:print_separator:81 - --------------------------------------------------
2021-06-09 18:57:29.507 | INFO     | slp.plbind.module:log_to_console:484 - val_acc2        0.7868242263793945
2021-06-09 18:57:29.508 | INFO     | slp.plbind.module:log_to_console:484 - val_acc2_zero   0.7697033882141113
2021-06-09 18:57:29.510 | INFO     | slp.plbind.module:log_to_console:484 - val_acc5        0.5324859023094177
2021-06-09 18:57:29.511 | INFO     | slp.plbind.module:log_to_console:484 - val_acc7        0.5208333730697632
2021-06-09 18:57:29.513 | INFO     | slp.plbind.module:log_to_console:484 - val_f1          0.7889524102210999
2021-06-09 18:57:29.515 | INFO     | slp.plbind.module:log_to_console:484 - val_f1_zero     0.7804860472679138
2021-06-09 18:57:29.516 | INFO     | slp.plbind.module:log_to_console:484 - val_mae         0.5762291550636292
2021-06-09 18:57:29.518 | INFO     | slp.plbind.module:log_to_console:484 - val_loss        0.5762291550636292
2021-06-09 18:57:29.519 | INFO     | slp.plbind.module:log_to_console:484 - best_score      0.5668443441390991
2021-06-09 18:57:29.520 | INFO     | slp.util.system:print_separator:81 - %%%%%%%%%%%%%%%%%%%%%%%%%%%%%%%%%%%%%%%%%%%%%%%%%%
2021-06-09 18:57:29.528 | INFO     | slp.plbind.helpers:_run_early_stopping_check:25 - Epoch 15 Early Stopping
2021-06-09 18:57:29.529 | INFO     | slp.util.system:print_separator:81 - --------------------------------------------------
2021-06-09 18:57:29.530 | INFO     | slp.plbind.helpers:_run_early_stopping_check:27 - best score      0.5668443441390991
2021-06-09 18:57:29.531 | INFO     | slp.plbind.helpers:_run_early_stopping_check:28 - patience left   4              
2021-06-09 18:57:29.532 | INFO     | slp.util.system:print_separator:81 - ##################################################
2021-06-09 18:58:04.707 | INFO     | slp.plbind.module:log_to_console:478 - Epoch 16 Training results
2021-06-09 18:58:04.708 | INFO     | slp.util.system:print_separator:81 - --------------------------------------------------
2021-06-09 18:58:04.708 | INFO     | slp.plbind.module:log_to_console:484 - train_acc2      0.8721049427986145
2021-06-09 18:58:04.709 | INFO     | slp.plbind.module:log_to_console:484 - train_acc2_zero 0.8320083022117615
2021-06-09 18:58:04.710 | INFO     | slp.plbind.module:log_to_console:484 - train_acc5      0.6317532062530518
2021-06-09 18:58:04.710 | INFO     | slp.plbind.module:log_to_console:484 - train_acc7      0.607658326625824
2021-06-09 18:58:04.711 | INFO     | slp.plbind.module:log_to_console:484 - train_f1        0.8703801035881042
2021-06-09 18:58:04.711 | INFO     | slp.plbind.module:log_to_console:484 - train_f1_zero   0.8358701467514038
2021-06-09 18:58:04.712 | INFO     | slp.plbind.module:log_to_console:484 - train_mae       0.4461207687854767
2021-06-09 18:58:04.712 | INFO     | slp.plbind.module:log_to_console:484 - train_loss      0.4461207687854767
2021-06-09 18:58:04.713 | INFO     | slp.util.system:print_separator:81 - %%%%%%%%%%%%%%%%%%%%%%%%%%%%%%%%%%%%%%%%%%%%%%%%%%
2021-06-09 18:58:06.770 | INFO     | slp.plbind.module:log_to_console:478 - Epoch 16 Validation results
2021-06-09 18:58:06.771 | INFO     | slp.util.system:print_separator:81 - --------------------------------------------------
2021-06-09 18:58:06.772 | INFO     | slp.plbind.module:log_to_console:484 - val_acc2        0.7969526052474976
2021-06-09 18:58:06.773 | INFO     | slp.plbind.module:log_to_console:484 - val_acc2_zero   0.8038135766983032
2021-06-09 18:58:06.774 | INFO     | slp.plbind.module:log_to_console:484 - val_acc5        0.5250000357627869
2021-06-09 18:58:06.775 | INFO     | slp.plbind.module:log_to_console:484 - val_acc7        0.5117585062980652
2021-06-09 18:58:06.776 | INFO     | slp.plbind.module:log_to_console:484 - val_f1          0.7890791893005371
2021-06-09 18:58:06.776 | INFO     | slp.plbind.module:log_to_console:484 - val_f1_zero     0.8025276064872742
2021-06-09 18:58:06.777 | INFO     | slp.plbind.module:log_to_console:484 - val_mae         0.5773669481277466
2021-06-09 18:58:06.778 | INFO     | slp.plbind.module:log_to_console:484 - val_loss        0.5773669481277466
2021-06-09 18:58:06.779 | INFO     | slp.plbind.module:log_to_console:484 - best_score      0.5668443441390991
2021-06-09 18:58:06.779 | INFO     | slp.util.system:print_separator:81 - %%%%%%%%%%%%%%%%%%%%%%%%%%%%%%%%%%%%%%%%%%%%%%%%%%
2021-06-09 18:58:06.782 | INFO     | slp.plbind.helpers:_run_early_stopping_check:25 - Epoch 16 Early Stopping
2021-06-09 18:58:06.782 | INFO     | slp.util.system:print_separator:81 - --------------------------------------------------
2021-06-09 18:58:06.783 | INFO     | slp.plbind.helpers:_run_early_stopping_check:27 - best score      0.5668443441390991
2021-06-09 18:58:06.784 | INFO     | slp.plbind.helpers:_run_early_stopping_check:28 - patience left   3              
2021-06-09 18:58:06.785 | INFO     | slp.util.system:print_separator:81 - ##################################################
2021-06-09 18:58:41.796 | INFO     | slp.plbind.module:log_to_console:478 - Epoch 17 Training results
2021-06-09 18:58:41.797 | INFO     | slp.util.system:print_separator:81 - --------------------------------------------------
2021-06-09 18:58:41.798 | INFO     | slp.plbind.module:log_to_console:484 - train_acc2      0.8722870945930481
2021-06-09 18:58:41.798 | INFO     | slp.plbind.module:log_to_console:484 - train_acc2_zero 0.8276663422584534
2021-06-09 18:58:41.799 | INFO     | slp.plbind.module:log_to_console:484 - train_acc5      0.6415641903877258
2021-06-09 18:58:41.799 | INFO     | slp.plbind.module:log_to_console:484 - train_acc7      0.6166130900382996
2021-06-09 18:58:41.800 | INFO     | slp.plbind.module:log_to_console:484 - train_f1        0.8712198734283447
2021-06-09 18:58:41.800 | INFO     | slp.plbind.module:log_to_console:484 - train_f1_zero   0.8321053981781006
2021-06-09 18:58:41.801 | INFO     | slp.plbind.module:log_to_console:484 - train_mae       0.43622836470603943
2021-06-09 18:58:41.802 | INFO     | slp.plbind.module:log_to_console:484 - train_loss      0.43622836470603943
2021-06-09 18:58:41.802 | INFO     | slp.util.system:print_separator:81 - %%%%%%%%%%%%%%%%%%%%%%%%%%%%%%%%%%%%%%%%%%%%%%%%%%
2021-06-09 18:58:43.824 | INFO     | slp.plbind.module:log_to_console:478 - Epoch 17 Validation results
2021-06-09 18:58:43.825 | INFO     | slp.util.system:print_separator:81 - --------------------------------------------------
2021-06-09 18:58:43.827 | INFO     | slp.plbind.module:log_to_console:484 - val_acc2        0.7979879379272461
2021-06-09 18:58:43.828 | INFO     | slp.plbind.module:log_to_console:484 - val_acc2_zero   0.8001059293746948
2021-06-09 18:58:43.829 | INFO     | slp.plbind.module:log_to_console:484 - val_acc5        0.5324859023094177
2021-06-09 18:58:43.830 | INFO     | slp.plbind.module:log_to_console:484 - val_acc7        0.5197740197181702
2021-06-09 18:58:43.831 | INFO     | slp.plbind.module:log_to_console:484 - val_f1          0.7891857624053955
2021-06-09 18:58:43.833 | INFO     | slp.plbind.module:log_to_console:484 - val_f1_zero     0.798430860042572
2021-06-09 18:58:43.834 | INFO     | slp.plbind.module:log_to_console:484 - val_mae         0.5735395550727844
2021-06-09 18:58:43.836 | INFO     | slp.plbind.module:log_to_console:484 - val_loss        0.5735395550727844
2021-06-09 18:58:43.837 | INFO     | slp.plbind.module:log_to_console:484 - best_score      0.5668443441390991
2021-06-09 18:58:43.838 | INFO     | slp.util.system:print_separator:81 - %%%%%%%%%%%%%%%%%%%%%%%%%%%%%%%%%%%%%%%%%%%%%%%%%%
2021-06-09 18:58:43.841 | INFO     | slp.plbind.helpers:_run_early_stopping_check:25 - Epoch 17 Early Stopping
2021-06-09 18:58:43.843 | INFO     | slp.util.system:print_separator:81 - --------------------------------------------------
2021-06-09 18:58:43.844 | INFO     | slp.plbind.helpers:_run_early_stopping_check:27 - best score      0.5668443441390991
2021-06-09 18:58:43.844 | INFO     | slp.plbind.helpers:_run_early_stopping_check:28 - patience left   2              
2021-06-09 18:58:43.845 | INFO     | slp.util.system:print_separator:81 - ##################################################
2021-06-09 18:59:19.409 | INFO     | slp.plbind.module:log_to_console:478 - Epoch 18 Training results
2021-06-09 18:59:19.410 | INFO     | slp.util.system:print_separator:81 - --------------------------------------------------
2021-06-09 18:59:19.411 | INFO     | slp.plbind.module:log_to_console:484 - train_acc2      0.8800866603851318
2021-06-09 18:59:19.412 | INFO     | slp.plbind.module:log_to_console:484 - train_acc2_zero 0.8345418572425842
2021-06-09 18:59:19.414 | INFO     | slp.plbind.module:log_to_console:484 - train_acc5      0.664925217628479
2021-06-09 18:59:19.415 | INFO     | slp.plbind.module:log_to_console:484 - train_acc7      0.6407691836357117
2021-06-09 18:59:19.416 | INFO     | slp.plbind.module:log_to_console:484 - train_f1        0.8786530494689941
2021-06-09 18:59:19.417 | INFO     | slp.plbind.module:log_to_console:484 - train_f1_zero   0.8388611078262329
2021-06-09 18:59:19.418 | INFO     | slp.plbind.module:log_to_console:484 - train_mae       0.4104865789413452
2021-06-09 18:59:19.419 | INFO     | slp.plbind.module:log_to_console:484 - train_loss      0.4104865789413452
2021-06-09 18:59:19.420 | INFO     | slp.util.system:print_separator:81 - %%%%%%%%%%%%%%%%%%%%%%%%%%%%%%%%%%%%%%%%%%%%%%%%%%
2021-06-09 18:59:21.423 | INFO     | slp.plbind.module:log_to_console:478 - Epoch 18 Validation results
2021-06-09 18:59:21.425 | INFO     | slp.util.system:print_separator:81 - --------------------------------------------------
2021-06-09 18:59:21.427 | INFO     | slp.plbind.module:log_to_console:484 - val_acc2        0.7879575490951538
2021-06-09 18:59:21.429 | INFO     | slp.plbind.module:log_to_console:484 - val_acc2_zero   0.7861935496330261
2021-06-09 18:59:21.431 | INFO     | slp.plbind.module:log_to_console:484 - val_acc5        0.5218926668167114
2021-06-09 18:59:21.433 | INFO     | slp.plbind.module:log_to_console:484 - val_acc7        0.5075918436050415
2021-06-09 18:59:21.434 | INFO     | slp.plbind.module:log_to_console:484 - val_f1          0.7868318557739258
2021-06-09 18:59:21.435 | INFO     | slp.plbind.module:log_to_console:484 - val_f1_zero     0.7925102114677429
2021-06-09 18:59:21.436 | INFO     | slp.plbind.module:log_to_console:484 - val_mae         0.5880574584007263
2021-06-09 18:59:21.437 | INFO     | slp.plbind.module:log_to_console:484 - val_loss        0.5880574584007263
2021-06-09 18:59:21.437 | INFO     | slp.plbind.module:log_to_console:484 - best_score      0.5668443441390991
2021-06-09 18:59:21.438 | INFO     | slp.util.system:print_separator:81 - %%%%%%%%%%%%%%%%%%%%%%%%%%%%%%%%%%%%%%%%%%%%%%%%%%
2021-06-09 18:59:21.440 | INFO     | slp.plbind.helpers:_run_early_stopping_check:25 - Epoch 18 Early Stopping
2021-06-09 18:59:21.441 | INFO     | slp.util.system:print_separator:81 - --------------------------------------------------
2021-06-09 18:59:21.442 | INFO     | slp.plbind.helpers:_run_early_stopping_check:27 - best score      0.5668443441390991
2021-06-09 18:59:21.442 | INFO     | slp.plbind.helpers:_run_early_stopping_check:28 - patience left   1              
2021-06-09 18:59:21.443 | INFO     | slp.util.system:print_separator:81 - ##################################################
2021-06-09 18:59:56.468 | INFO     | slp.plbind.module:log_to_console:478 - Epoch 19 Training results
2021-06-09 18:59:56.469 | INFO     | slp.util.system:print_separator:81 - --------------------------------------------------
2021-06-09 18:59:56.470 | INFO     | slp.plbind.module:log_to_console:484 - train_acc2      0.8842833042144775
2021-06-09 18:59:56.471 | INFO     | slp.plbind.module:log_to_console:484 - train_acc2_zero 0.8356338739395142
2021-06-09 18:59:56.472 | INFO     | slp.plbind.module:log_to_console:484 - train_acc5      0.6712853312492371
2021-06-09 18:59:56.474 | INFO     | slp.plbind.module:log_to_console:484 - train_acc7      0.6456615328788757
2021-06-09 18:59:56.475 | INFO     | slp.plbind.module:log_to_console:484 - train_f1        0.8829168677330017
2021-06-09 18:59:56.476 | INFO     | slp.plbind.module:log_to_console:484 - train_f1_zero   0.8402566909790039
2021-06-09 18:59:56.478 | INFO     | slp.plbind.module:log_to_console:484 - train_mae       0.40254029631614685
2021-06-09 18:59:56.479 | INFO     | slp.plbind.module:log_to_console:484 - train_loss      0.40254029631614685
2021-06-09 18:59:56.480 | INFO     | slp.util.system:print_separator:81 - %%%%%%%%%%%%%%%%%%%%%%%%%%%%%%%%%%%%%%%%%%%%%%%%%%
2021-06-09 18:59:58.495 | INFO     | slp.plbind.module:log_to_console:478 - Epoch 19 Validation results
2021-06-09 18:59:58.496 | INFO     | slp.util.system:print_separator:81 - --------------------------------------------------
2021-06-09 18:59:58.497 | INFO     | slp.plbind.module:log_to_console:484 - val_acc2        0.7846798896789551
2021-06-09 18:59:58.497 | INFO     | slp.plbind.module:log_to_console:484 - val_acc2_zero   0.7634887099266052
2021-06-09 18:59:58.498 | INFO     | slp.plbind.module:log_to_console:484 - val_acc5        0.5266596078872681
2021-06-09 18:59:58.499 | INFO     | slp.plbind.module:log_to_console:484 - val_acc7        0.5134180784225464
2021-06-09 18:59:58.500 | INFO     | slp.plbind.module:log_to_console:484 - val_f1          0.7888621687889099
2021-06-09 18:59:58.500 | INFO     | slp.plbind.module:log_to_console:484 - val_f1_zero     0.7761989831924438
2021-06-09 18:59:58.501 | INFO     | slp.plbind.module:log_to_console:484 - val_mae         0.5818715691566467
2021-06-09 18:59:58.502 | INFO     | slp.plbind.module:log_to_console:484 - val_loss        0.5818715691566467
2021-06-09 18:59:58.502 | INFO     | slp.plbind.module:log_to_console:484 - best_score      0.5668443441390991
2021-06-09 18:59:58.503 | INFO     | slp.util.system:print_separator:81 - %%%%%%%%%%%%%%%%%%%%%%%%%%%%%%%%%%%%%%%%%%%%%%%%%%
2021-06-09 18:59:58.505 | INFO     | slp.plbind.helpers:_run_early_stopping_check:25 - Epoch 19 Early Stopping
2021-06-09 18:59:58.506 | INFO     | slp.util.system:print_separator:81 - --------------------------------------------------
2021-06-09 18:59:58.506 | INFO     | slp.plbind.helpers:_run_early_stopping_check:27 - best score      0.5668443441390991
2021-06-09 18:59:58.507 | INFO     | slp.plbind.helpers:_run_early_stopping_check:28 - patience left   0              
2021-06-09 18:59:58.508 | INFO     | slp.plbind.helpers:_run_early_stopping_check:33 - Stopping due to early stopping
2021-06-09 18:59:58.508 | INFO     | slp.util.system:print_separator:81 - ##################################################
2021-06-09 18:59:58.756 | INFO     | pytorch_lightning.profiler.profilers:describe:96 - 

Profiler Report

Action                             	|  Mean duration (s)	|Num calls      	|  Total time (s) 	|  Percentage %   	|
------------------------------------------------------------------------------------------------------------------------------------
Total                              	|  -              	|_              	|  706.62         	|  100 %          	|
------------------------------------------------------------------------------------------------------------------------------------
run_training_epoch                 	|  36.997         	|19             	|  702.94         	|  99.479         	|
run_training_batch                 	|  0.065928       	|9709           	|  640.1          	|  90.585         	|
optimizer_step_and_closure_0       	|  0.063428       	|9709           	|  615.82         	|  87.15          	|
training_step_and_backward         	|  0.052859       	|9709           	|  513.21         	|  72.628         	|
model_forward                      	|  0.030088       	|9709           	|  292.12         	|  41.341         	|
training_step                      	|  0.029838       	|9709           	|  289.7          	|  40.998         	|
model_backward                     	|  0.022506       	|9709           	|  218.51         	|  30.923         	|
evaluation_step_and_end            	|  0.028223       	|1123           	|  31.695         	|  4.4854         	|
validation_step                    	|  0.028066       	|1123           	|  31.518         	|  4.4604         	|
get_train_batch                    	|  0.00048498     	|9709           	|  4.7087         	|  0.66636        	|
on_train_batch_end                 	|  0.00015278     	|9709           	|  1.4834         	|  0.20992        	|
on_train_batch_start               	|  0.0001317      	|9709           	|  1.2787         	|  0.18096        	|
cache_result                       	|  1.9534e-05     	|52132          	|  1.0183         	|  0.14411        	|
on_validation_end                  	|  0.016231       	|20             	|  0.32462        	|  0.045939       	|
on_after_backward                  	|  3.2746e-05     	|9709           	|  0.31793        	|  0.044993       	|
on_before_zero_grad                	|  3.0642e-05     	|9709           	|  0.2975         	|  0.042102       	|
on_batch_start                     	|  2.6266e-05     	|9709           	|  0.25502        	|  0.036089       	|
on_batch_end                       	|  1.9582e-05     	|9709           	|  0.19012        	|  0.026905       	|
on_validation_batch_end            	|  0.00010709     	|1123           	|  0.12026        	|  0.017019       	|
training_step_end                  	|  9.6369e-06     	|9709           	|  0.093565       	|  0.013241       	|
on_train_end                       	|  0.035059       	|1              	|  0.035059       	|  0.0049614      	|
on_validation_batch_start          	|  1.5259e-05     	|1123           	|  0.017136       	|  0.002425       	|
on_validation_start                	|  0.00071447     	|20             	|  0.014289       	|  0.0020222      	|
on_epoch_start                     	|  0.00070543     	|19             	|  0.013403       	|  0.0018968      	|
validation_step_end                	|  1.1331e-05     	|1123           	|  0.012725       	|  0.0018008      	|
on_train_start                     	|  0.0021392      	|1              	|  0.0021392      	|  0.00030273     	|
on_train_epoch_end                 	|  3.3246e-05     	|19             	|  0.00063168     	|  8.9394e-05     	|
on_epoch_end                       	|  1.2422e-05     	|39             	|  0.00048447     	|  6.8561e-05     	|
on_validation_epoch_end            	|  2.3365e-05     	|20             	|  0.0004673      	|  6.6132e-05     	|
on_validation_epoch_start          	|  1.8845e-05     	|20             	|  0.0003769      	|  5.3337e-05     	|
on_train_epoch_start               	|  1.5019e-05     	|19             	|  0.00028536     	|  4.0384e-05     	|
on_fit_start                       	|  2.3761e-05     	|1              	|  2.3761e-05     	|  3.3626e-06     	|
on_before_accelerator_backend_setup	|  1.9532e-05     	|1              	|  1.9532e-05     	|  2.7641e-06     	|

