2021-06-09 19:03:00.856 | INFO     | slp.util.log:configure_logging:84 - Log file will be saved in logs/mosei-rnn-m3-0.2.20210609-190300.log
2021-06-09 19:03:01.722 | INFO     | slp.plbind.dm:setup:159 - Using provided validation set
2021-06-09 19:03:01.723 | INFO     | slp.plbind.dm:setup:162 - Using provided test set
2021-06-09 19:03:01.723 | INFO     | slp.plbind.dm:setup:212 - Using 16327 samples for training
2021-06-09 19:03:01.723 | INFO     | slp.plbind.dm:setup:213 - Using 1871 samples for validation
2021-06-09 19:03:01.723 | INFO     | slp.plbind.dm:setup:216 - Using 4662 samples for testing
2021-06-09 19:03:01.743 | INFO     | slp.plbind.trainer:make_trainer:428 - Logs will be saved in rnn-m3-0.2/mosei-rnn-m3-0.2
2021-06-09 19:03:01.743 | INFO     | slp.plbind.trainer:make_trainer:429 - Logs will be saved in rnn-m3-0.2/mosei-rnn-m3-0.2/20210609-190301/checkpoints
2021-06-09 19:03:01.780 | INFO     | slp.plbind.trainer:make_trainer:461 - Configured wandb and CSV loggers.
2021-06-09 19:03:01.780 | INFO     | slp.plbind.trainer:make_trainer:462 - Wandb configured to run mosei-rnn-m3-0.2/20210609-190301 in project mosei-rnn-m3-0.2
2021-06-09 19:03:01.781 | INFO     | slp.plbind.trainer:make_trainer:467 - Results will be stored online.
2021-06-09 19:03:01.781 | INFO     | slp.plbind.trainer:make_trainer:475 - Experiment verbose description:
MOSEI RNN-baseline with M3

Tags:['mosei', 'rnn-baseline', 'm3', 'regularization']
2021-06-09 19:03:01.783 | INFO     | slp.plbind.trainer:make_trainer:496 - Configured Early stopping and Model checkpointing to track val_loss
2021-06-09 19:03:01.805 | INFO     | pytorch_lightning.utilities.distributed:_info:54 - GPU available: True, used: True
2021-06-09 19:03:01.805 | INFO     | pytorch_lightning.utilities.distributed:_info:54 - TPU available: None, using: 0 TPU cores
2021-06-09 19:03:02.675 | INFO     | slp.plbind.trainer:watch_model:613 - Tracking model weights & gradients in wandb.
2021-06-09 19:03:02.676 | INFO     | pytorch_lightning.accelerators.gpu:set_nvidia_flags:40 - LOCAL_RANK: 0 - CUDA_VISIBLE_DEVICES: [3]
2021-06-09 19:03:05.160 | INFO     | pytorch_lightning.core.lightning:summarize:1457 - 
  | Name          | Type                            | Params
------------------------------------------------------------------
0 | model         | AudioVisualTextMaskedClassifier | 1.6 M 
1 | criterion     | L1Loss                          | 0     
2 | train_metrics | ModuleDict                      | 0     
3 | val_metrics   | ModuleDict                      | 0     
4 | test_metrics  | ModuleDict                      | 0     
------------------------------------------------------------------
1.6 M     Trainable params
0         Non-trainable params
1.6 M     Total params
6.535     Total estimated model params size (MB)
2021-06-09 19:03:05.437 | INFO     | slp.plbind.module:log_to_console:478 - Epoch 1 Validation results
2021-06-09 19:03:05.439 | INFO     | slp.util.system:print_separator:81 - --------------------------------------------------
2021-06-09 19:03:05.440 | INFO     | slp.plbind.module:log_to_console:484 - val_acc2        0.6931818127632141
2021-06-09 19:03:05.442 | INFO     | slp.plbind.module:log_to_console:484 - val_acc2_zero   0.703125       
2021-06-09 19:03:05.443 | INFO     | slp.plbind.module:log_to_console:484 - val_acc5        0.25           
2021-06-09 19:03:05.444 | INFO     | slp.plbind.module:log_to_console:484 - val_acc7        0.25           
2021-06-09 19:03:05.445 | INFO     | slp.plbind.module:log_to_console:484 - val_f1          0.7001081705093384
2021-06-09 19:03:05.446 | INFO     | slp.plbind.module:log_to_console:484 - val_f1_zero     0.7090871334075928
2021-06-09 19:03:05.448 | INFO     | slp.plbind.module:log_to_console:484 - val_mae         1.0594162940979004
2021-06-09 19:03:05.449 | INFO     | slp.plbind.module:log_to_console:484 - val_loss        1.0594162940979004
2021-06-09 19:03:05.450 | INFO     | slp.plbind.module:log_to_console:484 - best_score      inf            
2021-06-09 19:03:05.450 | INFO     | slp.util.system:print_separator:81 - %%%%%%%%%%%%%%%%%%%%%%%%%%%%%%%%%%%%%%%%%%%%%%%%%%
2021-06-09 19:03:39.390 | INFO     | slp.plbind.module:log_to_console:478 - Epoch 1 Training results
2021-06-09 19:03:39.391 | INFO     | slp.util.system:print_separator:81 - --------------------------------------------------
2021-06-09 19:03:39.392 | INFO     | slp.plbind.module:log_to_console:484 - train_acc2      0.6827850341796875
2021-06-09 19:03:39.392 | INFO     | slp.plbind.module:log_to_console:484 - train_acc2_zero 0.6685246229171753
2021-06-09 19:03:39.393 | INFO     | slp.plbind.module:log_to_console:484 - train_acc5      0.38956350088119507
2021-06-09 19:03:39.393 | INFO     | slp.plbind.module:log_to_console:484 - train_acc7      0.3845488429069519
2021-06-09 19:03:39.394 | INFO     | slp.plbind.module:log_to_console:484 - train_f1        0.6596131324768066
2021-06-09 19:03:39.394 | INFO     | slp.plbind.module:log_to_console:484 - train_f1_zero   0.6550943851470947
2021-06-09 19:03:39.395 | INFO     | slp.plbind.module:log_to_console:484 - train_mae       0.9396854043006897
2021-06-09 19:03:39.395 | INFO     | slp.plbind.module:log_to_console:484 - train_loss      0.9396854043006897
2021-06-09 19:03:39.396 | INFO     | slp.util.system:print_separator:81 - %%%%%%%%%%%%%%%%%%%%%%%%%%%%%%%%%%%%%%%%%%%%%%%%%%
2021-06-09 19:03:41.379 | INFO     | slp.plbind.module:log_to_console:478 - Epoch 1 Validation results
2021-06-09 19:03:41.380 | INFO     | slp.util.system:print_separator:81 - --------------------------------------------------
2021-06-09 19:03:41.381 | INFO     | slp.plbind.module:log_to_console:484 - val_acc2        0.7105446457862854
2021-06-09 19:03:41.382 | INFO     | slp.plbind.module:log_to_console:484 - val_acc2_zero   0.6247881054878235
2021-06-09 19:03:41.383 | INFO     | slp.plbind.module:log_to_console:484 - val_acc5        0.457662433385849
2021-06-09 19:03:41.385 | INFO     | slp.plbind.module:log_to_console:484 - val_acc7        0.4513064920902252
2021-06-09 19:03:41.387 | INFO     | slp.plbind.module:log_to_console:484 - val_f1          0.7050409913063049
2021-06-09 19:03:41.389 | INFO     | slp.plbind.module:log_to_console:484 - val_f1_zero     0.6274020671844482
2021-06-09 19:03:41.391 | INFO     | slp.plbind.module:log_to_console:484 - val_mae         0.7155068516731262
2021-06-09 19:03:41.392 | INFO     | slp.plbind.module:log_to_console:484 - val_loss        0.7155068516731262
2021-06-09 19:03:41.394 | INFO     | slp.plbind.module:log_to_console:484 - best_score      inf            
2021-06-09 19:03:41.396 | INFO     | slp.util.system:print_separator:81 - %%%%%%%%%%%%%%%%%%%%%%%%%%%%%%%%%%%%%%%%%%%%%%%%%%
2021-06-09 19:03:41.400 | INFO     | slp.plbind.helpers:_run_early_stopping_check:25 - Epoch 1 Early Stopping
2021-06-09 19:03:41.402 | INFO     | slp.util.system:print_separator:81 - --------------------------------------------------
2021-06-09 19:03:41.403 | INFO     | slp.plbind.helpers:_run_early_stopping_check:27 - best score      0.7155068516731262
2021-06-09 19:03:41.405 | INFO     | slp.plbind.helpers:_run_early_stopping_check:28 - patience left   10             
2021-06-09 19:03:41.406 | INFO     | slp.util.system:print_separator:81 - ##################################################
2021-06-09 19:04:16.113 | INFO     | slp.plbind.module:log_to_console:478 - Epoch 2 Training results
2021-06-09 19:04:16.113 | INFO     | slp.util.system:print_separator:81 - --------------------------------------------------
2021-06-09 19:04:16.114 | INFO     | slp.plbind.module:log_to_console:484 - train_acc2      0.7776098251342773
2021-06-09 19:04:16.115 | INFO     | slp.plbind.module:log_to_console:484 - train_acc2_zero 0.7487682104110718
2021-06-09 19:04:16.115 | INFO     | slp.plbind.module:log_to_console:484 - train_acc5      0.4593147337436676
2021-06-09 19:04:16.116 | INFO     | slp.plbind.module:log_to_console:484 - train_acc7      0.44983574748039246
2021-06-09 19:04:16.116 | INFO     | slp.plbind.module:log_to_console:484 - train_f1        0.7710787653923035
2021-06-09 19:04:16.117 | INFO     | slp.plbind.module:log_to_console:484 - train_f1_zero   0.749850332736969
2021-06-09 19:04:16.118 | INFO     | slp.plbind.module:log_to_console:484 - train_mae       0.6991064548492432
2021-06-09 19:04:16.118 | INFO     | slp.plbind.module:log_to_console:484 - train_loss      0.6991064548492432
2021-06-09 19:04:16.118 | INFO     | slp.util.system:print_separator:81 - %%%%%%%%%%%%%%%%%%%%%%%%%%%%%%%%%%%%%%%%%%%%%%%%%%
2021-06-09 19:04:18.145 | INFO     | slp.plbind.module:log_to_console:478 - Epoch 2 Validation results
2021-06-09 19:04:18.147 | INFO     | slp.util.system:print_separator:81 - --------------------------------------------------
2021-06-09 19:04:18.150 | INFO     | slp.plbind.module:log_to_console:484 - val_acc2        0.7950099110603333
2021-06-09 19:04:18.152 | INFO     | slp.plbind.module:log_to_console:484 - val_acc2_zero   0.7922316789627075
2021-06-09 19:04:18.154 | INFO     | slp.plbind.module:log_to_console:484 - val_acc5        0.4858757257461548
2021-06-09 19:04:18.156 | INFO     | slp.plbind.module:log_to_console:484 - val_acc7        0.4789901375770569
2021-06-09 19:04:18.158 | INFO     | slp.plbind.module:log_to_console:484 - val_f1          0.7862966656684875
2021-06-09 19:04:18.162 | INFO     | slp.plbind.module:log_to_console:484 - val_f1_zero     0.7900557518005371
2021-06-09 19:04:18.164 | INFO     | slp.plbind.module:log_to_console:484 - val_mae         0.6304347515106201
2021-06-09 19:04:18.166 | INFO     | slp.plbind.module:log_to_console:484 - val_loss        0.6304347515106201
2021-06-09 19:04:18.168 | INFO     | slp.plbind.module:log_to_console:484 - best_score      0.715506911277771
2021-06-09 19:04:18.170 | INFO     | slp.util.system:print_separator:81 - %%%%%%%%%%%%%%%%%%%%%%%%%%%%%%%%%%%%%%%%%%%%%%%%%%
2021-06-09 19:04:18.174 | INFO     | slp.plbind.helpers:_run_early_stopping_check:25 - Epoch 2 Early Stopping
2021-06-09 19:04:18.175 | INFO     | slp.util.system:print_separator:81 - --------------------------------------------------
2021-06-09 19:04:18.177 | INFO     | slp.plbind.helpers:_run_early_stopping_check:27 - best score      0.6304347515106201
2021-06-09 19:04:18.178 | INFO     | slp.plbind.helpers:_run_early_stopping_check:28 - patience left   10             
2021-06-09 19:04:18.180 | INFO     | slp.util.system:print_separator:81 - ##################################################
2021-06-09 19:04:53.023 | INFO     | slp.plbind.module:log_to_console:478 - Epoch 3 Training results
2021-06-09 19:04:53.024 | INFO     | slp.util.system:print_separator:81 - --------------------------------------------------
2021-06-09 19:04:53.024 | INFO     | slp.plbind.module:log_to_console:484 - train_acc2      0.7998298406600952
2021-06-09 19:04:53.025 | INFO     | slp.plbind.module:log_to_console:484 - train_acc2_zero 0.7689492106437683
2021-06-09 19:04:53.025 | INFO     | slp.plbind.module:log_to_console:484 - train_acc5      0.48689544200897217
2021-06-09 19:04:53.026 | INFO     | slp.plbind.module:log_to_console:484 - train_acc7      0.4747868478298187
2021-06-09 19:04:53.027 | INFO     | slp.plbind.module:log_to_console:484 - train_f1        0.7941737771034241
2021-06-09 19:04:53.027 | INFO     | slp.plbind.module:log_to_console:484 - train_f1_zero   0.7706189155578613
2021-06-09 19:04:53.028 | INFO     | slp.plbind.module:log_to_console:484 - train_mae       0.6519004702568054
2021-06-09 19:04:53.028 | INFO     | slp.plbind.module:log_to_console:484 - train_loss      0.6519004702568054
2021-06-09 19:04:53.028 | INFO     | slp.util.system:print_separator:81 - %%%%%%%%%%%%%%%%%%%%%%%%%%%%%%%%%%%%%%%%%%%%%%%%%%
2021-06-09 19:04:54.993 | INFO     | slp.plbind.module:log_to_console:478 - Epoch 3 Validation results
2021-06-09 19:04:54.996 | INFO     | slp.util.system:print_separator:81 - --------------------------------------------------
2021-06-09 19:04:54.998 | INFO     | slp.plbind.module:log_to_console:484 - val_acc2        0.7887582182884216
2021-06-09 19:04:55.001 | INFO     | slp.plbind.module:log_to_console:484 - val_acc2_zero   0.7498587965965271
2021-06-09 19:04:55.003 | INFO     | slp.plbind.module:log_to_console:484 - val_acc5        0.5330155491828918
2021-06-09 19:04:55.005 | INFO     | slp.plbind.module:log_to_console:484 - val_acc7        0.5197740197181702
2021-06-09 19:04:55.007 | INFO     | slp.plbind.module:log_to_console:484 - val_f1          0.7921198606491089
2021-06-09 19:04:55.009 | INFO     | slp.plbind.module:log_to_console:484 - val_f1_zero     0.7624761462211609
2021-06-09 19:04:55.011 | INFO     | slp.plbind.module:log_to_console:484 - val_mae         0.6172544956207275
2021-06-09 19:04:55.013 | INFO     | slp.plbind.module:log_to_console:484 - val_loss        0.6172544956207275
2021-06-09 19:04:55.015 | INFO     | slp.plbind.module:log_to_console:484 - best_score      0.6304347515106201
2021-06-09 19:04:55.016 | INFO     | slp.util.system:print_separator:81 - %%%%%%%%%%%%%%%%%%%%%%%%%%%%%%%%%%%%%%%%%%%%%%%%%%
2021-06-09 19:04:55.019 | INFO     | slp.plbind.helpers:_run_early_stopping_check:25 - Epoch 3 Early Stopping
2021-06-09 19:04:55.021 | INFO     | slp.util.system:print_separator:81 - --------------------------------------------------
2021-06-09 19:04:55.022 | INFO     | slp.plbind.helpers:_run_early_stopping_check:27 - best score      0.6172544956207275
2021-06-09 19:04:55.023 | INFO     | slp.plbind.helpers:_run_early_stopping_check:28 - patience left   10             
2021-06-09 19:04:55.025 | INFO     | slp.util.system:print_separator:81 - ##################################################
2021-06-09 19:05:30.644 | INFO     | slp.plbind.module:log_to_console:478 - Epoch 4 Training results
2021-06-09 19:05:30.645 | INFO     | slp.util.system:print_separator:81 - --------------------------------------------------
2021-06-09 19:05:30.646 | INFO     | slp.plbind.module:log_to_console:484 - train_acc2      0.8166779279708862
2021-06-09 19:05:30.646 | INFO     | slp.plbind.module:log_to_console:484 - train_acc2_zero 0.7840543985366821
2021-06-09 19:05:30.647 | INFO     | slp.plbind.module:log_to_console:484 - train_acc5      0.5023325681686401
2021-06-09 19:05:30.647 | INFO     | slp.plbind.module:log_to_console:484 - train_acc7      0.4862489402294159
2021-06-09 19:05:30.648 | INFO     | slp.plbind.module:log_to_console:484 - train_f1        0.814150869846344
2021-06-09 19:05:30.649 | INFO     | slp.plbind.module:log_to_console:484 - train_f1_zero   0.7882728576660156
2021-06-09 19:05:30.649 | INFO     | slp.plbind.module:log_to_console:484 - train_mae       0.6288138628005981
2021-06-09 19:05:30.650 | INFO     | slp.plbind.module:log_to_console:484 - train_loss      0.6288138628005981
2021-06-09 19:05:30.650 | INFO     | slp.util.system:print_separator:81 - %%%%%%%%%%%%%%%%%%%%%%%%%%%%%%%%%%%%%%%%%%%%%%%%%%
2021-06-09 19:05:32.620 | INFO     | slp.plbind.module:log_to_console:478 - Epoch 4 Validation results
2021-06-09 19:05:32.621 | INFO     | slp.util.system:print_separator:81 - --------------------------------------------------
2021-06-09 19:05:32.622 | INFO     | slp.plbind.module:log_to_console:484 - val_acc2        0.8014209270477295
2021-06-09 19:05:32.623 | INFO     | slp.plbind.module:log_to_console:484 - val_acc2_zero   0.7789901494979858
2021-06-09 19:05:32.623 | INFO     | slp.plbind.module:log_to_console:484 - val_acc5        0.5417019724845886
2021-06-09 19:05:32.624 | INFO     | slp.plbind.module:log_to_console:484 - val_acc7        0.5316384434700012
2021-06-09 19:05:32.625 | INFO     | slp.plbind.module:log_to_console:484 - val_f1          0.7995526194572449
2021-06-09 19:05:32.626 | INFO     | slp.plbind.module:log_to_console:484 - val_f1_zero     0.7860398292541504
2021-06-09 19:05:32.626 | INFO     | slp.plbind.module:log_to_console:484 - val_mae         0.5867704153060913
2021-06-09 19:05:32.627 | INFO     | slp.plbind.module:log_to_console:484 - val_loss        0.5867704153060913
2021-06-09 19:05:32.628 | INFO     | slp.plbind.module:log_to_console:484 - best_score      0.6172545552253723
2021-06-09 19:05:32.629 | INFO     | slp.util.system:print_separator:81 - %%%%%%%%%%%%%%%%%%%%%%%%%%%%%%%%%%%%%%%%%%%%%%%%%%
2021-06-09 19:05:32.631 | INFO     | slp.plbind.helpers:_run_early_stopping_check:25 - Epoch 4 Early Stopping
2021-06-09 19:05:32.631 | INFO     | slp.util.system:print_separator:81 - --------------------------------------------------
2021-06-09 19:05:32.632 | INFO     | slp.plbind.helpers:_run_early_stopping_check:27 - best score      0.5867704153060913
2021-06-09 19:05:32.633 | INFO     | slp.plbind.helpers:_run_early_stopping_check:28 - patience left   10             
2021-06-09 19:05:32.634 | INFO     | slp.util.system:print_separator:81 - ##################################################
2021-06-09 19:06:07.752 | INFO     | slp.plbind.module:log_to_console:478 - Epoch 5 Training results
2021-06-09 19:06:07.752 | INFO     | slp.util.system:print_separator:81 - --------------------------------------------------
2021-06-09 19:06:07.753 | INFO     | slp.plbind.module:log_to_console:484 - train_acc2      0.8225658535957336
2021-06-09 19:06:07.754 | INFO     | slp.plbind.module:log_to_console:484 - train_acc2_zero 0.7886671423912048
2021-06-09 19:06:07.754 | INFO     | slp.plbind.module:log_to_console:484 - train_acc5      0.5228281021118164
2021-06-09 19:06:07.755 | INFO     | slp.plbind.module:log_to_console:484 - train_acc7      0.5060717463493347
2021-06-09 19:06:07.755 | INFO     | slp.plbind.module:log_to_console:484 - train_f1        0.8210170865058899
2021-06-09 19:06:07.757 | INFO     | slp.plbind.module:log_to_console:484 - train_f1_zero   0.793491542339325
2021-06-09 19:06:07.758 | INFO     | slp.plbind.module:log_to_console:484 - train_mae       0.6017277836799622
2021-06-09 19:06:07.759 | INFO     | slp.plbind.module:log_to_console:484 - train_loss      0.6017277836799622
2021-06-09 19:06:07.761 | INFO     | slp.util.system:print_separator:81 - %%%%%%%%%%%%%%%%%%%%%%%%%%%%%%%%%%%%%%%%%%%%%%%%%%
2021-06-09 19:06:09.767 | INFO     | slp.plbind.module:log_to_console:478 - Epoch 5 Validation results
2021-06-09 19:06:09.768 | INFO     | slp.util.system:print_separator:81 - --------------------------------------------------
2021-06-09 19:06:09.769 | INFO     | slp.plbind.module:log_to_console:484 - val_acc2        0.809122622013092
2021-06-09 19:06:09.770 | INFO     | slp.plbind.module:log_to_console:484 - val_acc2_zero   0.8085805177688599
2021-06-09 19:06:09.771 | INFO     | slp.plbind.module:log_to_console:484 - val_acc5        0.5123587846755981
2021-06-09 19:06:09.771 | INFO     | slp.plbind.module:log_to_console:484 - val_acc7        0.5081214904785156
2021-06-09 19:06:09.772 | INFO     | slp.plbind.module:log_to_console:484 - val_f1          0.7956855893135071
2021-06-09 19:06:09.773 | INFO     | slp.plbind.module:log_to_console:484 - val_f1_zero     0.8019111752510071
2021-06-09 19:06:09.773 | INFO     | slp.plbind.module:log_to_console:484 - val_mae         0.6030202507972717
2021-06-09 19:06:09.774 | INFO     | slp.plbind.module:log_to_console:484 - val_loss        0.6030202507972717
2021-06-09 19:06:09.775 | INFO     | slp.plbind.module:log_to_console:484 - best_score      0.5867704749107361
2021-06-09 19:06:09.775 | INFO     | slp.util.system:print_separator:81 - %%%%%%%%%%%%%%%%%%%%%%%%%%%%%%%%%%%%%%%%%%%%%%%%%%
2021-06-09 19:06:09.778 | INFO     | slp.plbind.helpers:_run_early_stopping_check:25 - Epoch 5 Early Stopping
2021-06-09 19:06:09.778 | INFO     | slp.util.system:print_separator:81 - --------------------------------------------------
2021-06-09 19:06:09.781 | INFO     | slp.plbind.helpers:_run_early_stopping_check:27 - best score      0.5867704153060913
2021-06-09 19:06:09.783 | INFO     | slp.plbind.helpers:_run_early_stopping_check:28 - patience left   9              
2021-06-09 19:06:09.785 | INFO     | slp.util.system:print_separator:81 - ##################################################
2021-06-09 19:06:44.736 | INFO     | slp.plbind.module:log_to_console:478 - Epoch 6 Training results
2021-06-09 19:06:44.737 | INFO     | slp.util.system:print_separator:81 - --------------------------------------------------
2021-06-09 19:06:44.737 | INFO     | slp.plbind.module:log_to_console:484 - train_acc2      0.8251912593841553
2021-06-09 19:06:44.738 | INFO     | slp.plbind.module:log_to_console:484 - train_acc2_zero 0.7919782400131226
2021-06-09 19:06:44.739 | INFO     | slp.plbind.module:log_to_console:484 - train_acc5      0.5230902433395386
2021-06-09 19:06:44.740 | INFO     | slp.plbind.module:log_to_console:484 - train_acc7      0.505661129951477
2021-06-09 19:06:44.741 | INFO     | slp.plbind.module:log_to_console:484 - train_f1        0.8219600915908813
2021-06-09 19:06:44.743 | INFO     | slp.plbind.module:log_to_console:484 - train_f1_zero   0.7950013279914856
2021-06-09 19:06:44.743 | INFO     | slp.plbind.module:log_to_console:484 - train_mae       0.5995442867279053
2021-06-09 19:06:44.744 | INFO     | slp.plbind.module:log_to_console:484 - train_loss      0.5995442867279053
2021-06-09 19:06:44.744 | INFO     | slp.util.system:print_separator:81 - %%%%%%%%%%%%%%%%%%%%%%%%%%%%%%%%%%%%%%%%%%%%%%%%%%
2021-06-09 19:06:46.687 | INFO     | slp.plbind.module:log_to_console:478 - Epoch 6 Validation results
2021-06-09 19:06:46.688 | INFO     | slp.util.system:print_separator:81 - --------------------------------------------------
2021-06-09 19:06:46.689 | INFO     | slp.plbind.module:log_to_console:484 - val_acc2        0.7684007287025452
2021-06-09 19:06:46.689 | INFO     | slp.plbind.module:log_to_console:484 - val_acc2_zero   0.7157486081123352
2021-06-09 19:06:46.690 | INFO     | slp.plbind.module:log_to_console:484 - val_acc5        0.5430084466934204
2021-06-09 19:06:46.691 | INFO     | slp.plbind.module:log_to_console:484 - val_acc7        0.5234110355377197
2021-06-09 19:06:46.692 | INFO     | slp.plbind.module:log_to_console:484 - val_f1          0.7749738693237305
2021-06-09 19:06:46.692 | INFO     | slp.plbind.module:log_to_console:484 - val_f1_zero     0.7296919822692871
2021-06-09 19:06:46.693 | INFO     | slp.plbind.module:log_to_console:484 - val_mae         0.6045584082603455
2021-06-09 19:06:46.694 | INFO     | slp.plbind.module:log_to_console:484 - val_loss        0.6045584082603455
2021-06-09 19:06:46.695 | INFO     | slp.plbind.module:log_to_console:484 - best_score      0.5867704749107361
2021-06-09 19:06:46.695 | INFO     | slp.util.system:print_separator:81 - %%%%%%%%%%%%%%%%%%%%%%%%%%%%%%%%%%%%%%%%%%%%%%%%%%
2021-06-09 19:06:46.697 | INFO     | slp.plbind.helpers:_run_early_stopping_check:25 - Epoch 6 Early Stopping
2021-06-09 19:06:46.698 | INFO     | slp.util.system:print_separator:81 - --------------------------------------------------
2021-06-09 19:06:46.699 | INFO     | slp.plbind.helpers:_run_early_stopping_check:27 - best score      0.5867704153060913
2021-06-09 19:06:46.700 | INFO     | slp.plbind.helpers:_run_early_stopping_check:28 - patience left   8              
2021-06-09 19:06:46.700 | INFO     | slp.util.system:print_separator:81 - ##################################################
2021-06-09 19:07:21.441 | INFO     | slp.plbind.module:log_to_console:478 - Epoch 7 Training results
2021-06-09 19:07:21.442 | INFO     | slp.util.system:print_separator:81 - --------------------------------------------------
2021-06-09 19:07:21.443 | INFO     | slp.plbind.module:log_to_console:484 - train_acc2      0.834911584854126
2021-06-09 19:07:21.443 | INFO     | slp.plbind.module:log_to_console:484 - train_acc2_zero 0.7996488213539124
2021-06-09 19:07:21.444 | INFO     | slp.plbind.module:log_to_console:484 - train_acc5      0.5343514680862427
2021-06-09 19:07:21.444 | INFO     | slp.plbind.module:log_to_console:484 - train_acc7      0.514904260635376
2021-06-09 19:07:21.445 | INFO     | slp.plbind.module:log_to_console:484 - train_f1        0.8325885534286499
2021-06-09 19:07:21.445 | INFO     | slp.plbind.module:log_to_console:484 - train_f1_zero   0.8037171363830566
2021-06-09 19:07:21.446 | INFO     | slp.plbind.module:log_to_console:484 - train_mae       0.5790110230445862
2021-06-09 19:07:21.446 | INFO     | slp.plbind.module:log_to_console:484 - train_loss      0.5790110230445862
2021-06-09 19:07:21.447 | INFO     | slp.util.system:print_separator:81 - %%%%%%%%%%%%%%%%%%%%%%%%%%%%%%%%%%%%%%%%%%%%%%%%%%
2021-06-09 19:07:23.347 | INFO     | slp.plbind.module:log_to_console:478 - Epoch 7 Validation results
2021-06-09 19:07:23.348 | INFO     | slp.util.system:print_separator:81 - --------------------------------------------------
2021-06-09 19:07:23.349 | INFO     | slp.plbind.module:log_to_console:484 - val_acc2        0.8032398819923401
2021-06-09 19:07:23.349 | INFO     | slp.plbind.module:log_to_console:484 - val_acc2_zero   0.7815678119659424
2021-06-09 19:07:23.350 | INFO     | slp.plbind.module:log_to_console:484 - val_acc5        0.5361935496330261
2021-06-09 19:07:23.351 | INFO     | slp.plbind.module:log_to_console:484 - val_acc7        0.5250706672668457
2021-06-09 19:07:23.352 | INFO     | slp.plbind.module:log_to_console:484 - val_f1          0.8039396405220032
2021-06-09 19:07:23.352 | INFO     | slp.plbind.module:log_to_console:484 - val_f1_zero     0.7903380393981934
2021-06-09 19:07:23.353 | INFO     | slp.plbind.module:log_to_console:484 - val_mae         0.5677419304847717
2021-06-09 19:07:23.354 | INFO     | slp.plbind.module:log_to_console:484 - val_loss        0.5677419304847717
2021-06-09 19:07:23.354 | INFO     | slp.plbind.module:log_to_console:484 - best_score      0.5867704749107361
2021-06-09 19:07:23.355 | INFO     | slp.util.system:print_separator:81 - %%%%%%%%%%%%%%%%%%%%%%%%%%%%%%%%%%%%%%%%%%%%%%%%%%
2021-06-09 19:07:23.357 | INFO     | slp.plbind.helpers:_run_early_stopping_check:25 - Epoch 7 Early Stopping
2021-06-09 19:07:23.358 | INFO     | slp.util.system:print_separator:81 - --------------------------------------------------
2021-06-09 19:07:23.359 | INFO     | slp.plbind.helpers:_run_early_stopping_check:27 - best score      0.5677419304847717
2021-06-09 19:07:23.360 | INFO     | slp.plbind.helpers:_run_early_stopping_check:28 - patience left   10             
2021-06-09 19:07:23.360 | INFO     | slp.util.system:print_separator:81 - ##################################################
2021-06-09 19:07:58.859 | INFO     | slp.plbind.module:log_to_console:478 - Epoch 8 Training results
2021-06-09 19:07:58.860 | INFO     | slp.util.system:print_separator:81 - --------------------------------------------------
2021-06-09 19:07:58.860 | INFO     | slp.plbind.module:log_to_console:484 - train_acc2      0.841235876083374
2021-06-09 19:07:58.861 | INFO     | slp.plbind.module:log_to_console:484 - train_acc2_zero 0.8054322600364685
2021-06-09 19:07:58.861 | INFO     | slp.plbind.module:log_to_console:484 - train_acc5      0.5472812056541443
2021-06-09 19:07:58.862 | INFO     | slp.plbind.module:log_to_console:484 - train_acc7      0.5286290645599365
2021-06-09 19:07:58.862 | INFO     | slp.plbind.module:log_to_console:484 - train_f1        0.838770866394043
2021-06-09 19:07:58.863 | INFO     | slp.plbind.module:log_to_console:484 - train_f1_zero   0.8090368509292603
2021-06-09 19:07:58.863 | INFO     | slp.plbind.module:log_to_console:484 - train_mae       0.563002347946167
2021-06-09 19:07:58.864 | INFO     | slp.plbind.module:log_to_console:484 - train_loss      0.563002347946167
2021-06-09 19:07:58.864 | INFO     | slp.util.system:print_separator:81 - %%%%%%%%%%%%%%%%%%%%%%%%%%%%%%%%%%%%%%%%%%%%%%%%%%
2021-06-09 19:08:00.834 | INFO     | slp.plbind.module:log_to_console:478 - Epoch 8 Validation results
2021-06-09 19:08:00.836 | INFO     | slp.util.system:print_separator:81 - --------------------------------------------------
2021-06-09 19:08:00.838 | INFO     | slp.plbind.module:log_to_console:484 - val_acc2        0.7993686199188232
2021-06-09 19:08:00.840 | INFO     | slp.plbind.module:log_to_console:484 - val_acc2_zero   0.8217514157295227
2021-06-09 19:08:00.842 | INFO     | slp.plbind.module:log_to_console:484 - val_acc5        0.5010946393013
2021-06-09 19:08:00.845 | INFO     | slp.plbind.module:log_to_console:484 - val_acc7        0.48043784499168396
2021-06-09 19:08:00.847 | INFO     | slp.plbind.module:log_to_console:484 - val_f1          0.7849211692810059
2021-06-09 19:08:00.848 | INFO     | slp.plbind.module:log_to_console:484 - val_f1_zero     0.8126757740974426
2021-06-09 19:08:00.850 | INFO     | slp.plbind.module:log_to_console:484 - val_mae         0.6251589059829712
2021-06-09 19:08:00.851 | INFO     | slp.plbind.module:log_to_console:484 - val_loss        0.6251589059829712
2021-06-09 19:08:00.853 | INFO     | slp.plbind.module:log_to_console:484 - best_score      0.5677419304847717
2021-06-09 19:08:00.854 | INFO     | slp.util.system:print_separator:81 - %%%%%%%%%%%%%%%%%%%%%%%%%%%%%%%%%%%%%%%%%%%%%%%%%%
2021-06-09 19:08:00.857 | INFO     | slp.plbind.helpers:_run_early_stopping_check:25 - Epoch 8 Early Stopping
2021-06-09 19:08:00.858 | INFO     | slp.util.system:print_separator:81 - --------------------------------------------------
2021-06-09 19:08:00.859 | INFO     | slp.plbind.helpers:_run_early_stopping_check:27 - best score      0.5677419304847717
2021-06-09 19:08:00.860 | INFO     | slp.plbind.helpers:_run_early_stopping_check:28 - patience left   9              
2021-06-09 19:08:00.861 | INFO     | slp.util.system:print_separator:81 - ##################################################
2021-06-09 19:08:36.257 | INFO     | slp.plbind.module:log_to_console:478 - Epoch 9 Training results
2021-06-09 19:08:36.257 | INFO     | slp.util.system:print_separator:81 - --------------------------------------------------
2021-06-09 19:08:36.258 | INFO     | slp.plbind.module:log_to_console:484 - train_acc2      0.8399398922920227
2021-06-09 19:08:36.259 | INFO     | slp.plbind.module:log_to_console:484 - train_acc2_zero 0.8053099513053894
2021-06-09 19:08:36.259 | INFO     | slp.plbind.module:log_to_console:484 - train_acc5      0.5547857880592346
2021-06-09 19:08:36.260 | INFO     | slp.plbind.module:log_to_console:484 - train_acc7      0.5349105596542358
2021-06-09 19:08:36.260 | INFO     | slp.plbind.module:log_to_console:484 - train_f1        0.8377108573913574
2021-06-09 19:08:36.261 | INFO     | slp.plbind.module:log_to_console:484 - train_f1_zero   0.8087859153747559
2021-06-09 19:08:36.261 | INFO     | slp.plbind.module:log_to_console:484 - train_mae       0.5533742308616638
2021-06-09 19:08:36.262 | INFO     | slp.plbind.module:log_to_console:484 - train_loss      0.5533742308616638
2021-06-09 19:08:36.262 | INFO     | slp.util.system:print_separator:81 - %%%%%%%%%%%%%%%%%%%%%%%%%%%%%%%%%%%%%%%%%%%%%%%%%%
2021-06-09 19:08:38.245 | INFO     | slp.plbind.module:log_to_console:478 - Epoch 9 Validation results
2021-06-09 19:08:38.247 | INFO     | slp.util.system:print_separator:81 - --------------------------------------------------
2021-06-09 19:08:38.250 | INFO     | slp.plbind.module:log_to_console:484 - val_acc2        0.79694664478302
2021-06-09 19:08:38.252 | INFO     | slp.plbind.module:log_to_console:484 - val_acc2_zero   0.8032838702201843
2021-06-09 19:08:38.254 | INFO     | slp.plbind.module:log_to_console:484 - val_acc5        0.5277189612388611
2021-06-09 19:08:38.256 | INFO     | slp.plbind.module:log_to_console:484 - val_acc7        0.5128884315490723
2021-06-09 19:08:38.258 | INFO     | slp.plbind.module:log_to_console:484 - val_f1          0.7893569469451904
2021-06-09 19:08:38.260 | INFO     | slp.plbind.module:log_to_console:484 - val_f1_zero     0.8029121160507202
2021-06-09 19:08:38.262 | INFO     | slp.plbind.module:log_to_console:484 - val_mae         0.5821702480316162
2021-06-09 19:08:38.264 | INFO     | slp.plbind.module:log_to_console:484 - val_loss        0.5821702480316162
2021-06-09 19:08:38.265 | INFO     | slp.plbind.module:log_to_console:484 - best_score      0.5677419304847717
2021-06-09 19:08:38.267 | INFO     | slp.util.system:print_separator:81 - %%%%%%%%%%%%%%%%%%%%%%%%%%%%%%%%%%%%%%%%%%%%%%%%%%
2021-06-09 19:08:38.270 | INFO     | slp.plbind.helpers:_run_early_stopping_check:25 - Epoch 9 Early Stopping
2021-06-09 19:08:38.272 | INFO     | slp.util.system:print_separator:81 - --------------------------------------------------
2021-06-09 19:08:38.273 | INFO     | slp.plbind.helpers:_run_early_stopping_check:27 - best score      0.5677419304847717
2021-06-09 19:08:38.274 | INFO     | slp.plbind.helpers:_run_early_stopping_check:28 - patience left   8              
2021-06-09 19:08:38.275 | INFO     | slp.util.system:print_separator:81 - ##################################################
2021-06-09 19:09:13.081 | INFO     | slp.plbind.module:log_to_console:478 - Epoch 10 Training results
2021-06-09 19:09:13.082 | INFO     | slp.util.system:print_separator:81 - --------------------------------------------------
2021-06-09 19:09:13.083 | INFO     | slp.plbind.module:log_to_console:484 - train_acc2      0.8443741202354431
2021-06-09 19:09:13.083 | INFO     | slp.plbind.module:log_to_console:484 - train_acc2_zero 0.8108750581741333
2021-06-09 19:09:13.084 | INFO     | slp.plbind.module:log_to_console:484 - train_acc5      0.565278172492981
2021-06-09 19:09:13.084 | INFO     | slp.plbind.module:log_to_console:484 - train_acc7      0.5446953177452087
2021-06-09 19:09:13.085 | INFO     | slp.plbind.module:log_to_console:484 - train_f1        0.8414048552513123
2021-06-09 19:09:13.086 | INFO     | slp.plbind.module:log_to_console:484 - train_f1_zero   0.8138794898986816
2021-06-09 19:09:13.086 | INFO     | slp.plbind.module:log_to_console:484 - train_mae       0.5389105677604675
2021-06-09 19:09:13.087 | INFO     | slp.plbind.module:log_to_console:484 - train_loss      0.5389105677604675
2021-06-09 19:09:13.087 | INFO     | slp.util.system:print_separator:81 - %%%%%%%%%%%%%%%%%%%%%%%%%%%%%%%%%%%%%%%%%%%%%%%%%%
2021-06-09 19:09:15.151 | INFO     | slp.plbind.module:log_to_console:478 - Epoch 10 Validation results
2021-06-09 19:09:15.152 | INFO     | slp.util.system:print_separator:81 - --------------------------------------------------
2021-06-09 19:09:15.153 | INFO     | slp.plbind.module:log_to_console:484 - val_acc2        0.7896223068237305
2021-06-09 19:09:15.154 | INFO     | slp.plbind.module:log_to_console:484 - val_acc2_zero   0.7947387099266052
2021-06-09 19:09:15.154 | INFO     | slp.plbind.module:log_to_console:484 - val_acc5        0.5409604907035828
2021-06-09 19:09:15.155 | INFO     | slp.plbind.module:log_to_console:484 - val_acc7        0.5218926668167114
2021-06-09 19:09:15.156 | INFO     | slp.plbind.module:log_to_console:484 - val_f1          0.7845656871795654
2021-06-09 19:09:15.157 | INFO     | slp.plbind.module:log_to_console:484 - val_f1_zero     0.7971504926681519
2021-06-09 19:09:15.158 | INFO     | slp.plbind.module:log_to_console:484 - val_mae         0.5953176617622375
2021-06-09 19:09:15.158 | INFO     | slp.plbind.module:log_to_console:484 - val_loss        0.5953176617622375
2021-06-09 19:09:15.159 | INFO     | slp.plbind.module:log_to_console:484 - best_score      0.5677419304847717
2021-06-09 19:09:15.160 | INFO     | slp.util.system:print_separator:81 - %%%%%%%%%%%%%%%%%%%%%%%%%%%%%%%%%%%%%%%%%%%%%%%%%%
2021-06-09 19:09:15.162 | INFO     | slp.plbind.helpers:_run_early_stopping_check:25 - Epoch 10 Early Stopping
2021-06-09 19:09:15.162 | INFO     | slp.util.system:print_separator:81 - --------------------------------------------------
2021-06-09 19:09:15.163 | INFO     | slp.plbind.helpers:_run_early_stopping_check:27 - best score      0.5677419304847717
2021-06-09 19:09:15.164 | INFO     | slp.plbind.helpers:_run_early_stopping_check:28 - patience left   7              
2021-06-09 19:09:15.208 | INFO     | slp.util.system:print_separator:81 - ##################################################
2021-06-09 19:09:49.586 | INFO     | slp.plbind.module:log_to_console:478 - Epoch 11 Training results
2021-06-09 19:09:49.587 | INFO     | slp.util.system:print_separator:81 - --------------------------------------------------
2021-06-09 19:09:49.588 | INFO     | slp.plbind.module:log_to_console:484 - train_acc2      0.8580610156059265
2021-06-09 19:09:49.589 | INFO     | slp.plbind.module:log_to_console:484 - train_acc2_zero 0.8216032981872559
2021-06-09 19:09:49.589 | INFO     | slp.plbind.module:log_to_console:484 - train_acc5      0.5909892916679382
2021-06-09 19:09:49.590 | INFO     | slp.plbind.module:log_to_console:484 - train_acc7      0.5679951906204224
2021-06-09 19:09:49.590 | INFO     | slp.plbind.module:log_to_console:484 - train_f1        0.8567894697189331
2021-06-09 19:09:49.591 | INFO     | slp.plbind.module:log_to_console:484 - train_f1_zero   0.8258790373802185
2021-06-09 19:09:49.591 | INFO     | slp.plbind.module:log_to_console:484 - train_mae       0.5033679008483887
2021-06-09 19:09:49.592 | INFO     | slp.plbind.module:log_to_console:484 - train_loss      0.5033679008483887
2021-06-09 19:09:49.592 | INFO     | slp.util.system:print_separator:81 - %%%%%%%%%%%%%%%%%%%%%%%%%%%%%%%%%%%%%%%%%%%%%%%%%%
2021-06-09 19:09:51.528 | INFO     | slp.plbind.module:log_to_console:478 - Epoch 11 Validation results
2021-06-09 19:09:51.529 | INFO     | slp.util.system:print_separator:81 - --------------------------------------------------
2021-06-09 19:09:51.530 | INFO     | slp.plbind.module:log_to_console:484 - val_acc2        0.786263108253479
2021-06-09 19:09:51.530 | INFO     | slp.plbind.module:log_to_console:484 - val_acc2_zero   0.7650070786476135
2021-06-09 19:09:51.531 | INFO     | slp.plbind.module:log_to_console:484 - val_acc5        0.5286369919776917
2021-06-09 19:09:51.532 | INFO     | slp.plbind.module:log_to_console:484 - val_acc7        0.5206921100616455
2021-06-09 19:09:51.532 | INFO     | slp.plbind.module:log_to_console:484 - val_f1          0.7863906621932983
2021-06-09 19:09:51.533 | INFO     | slp.plbind.module:log_to_console:484 - val_f1_zero     0.7727014422416687
2021-06-09 19:09:51.534 | INFO     | slp.plbind.module:log_to_console:484 - val_mae         0.5693853497505188
2021-06-09 19:09:51.535 | INFO     | slp.plbind.module:log_to_console:484 - val_loss        0.5693853497505188
2021-06-09 19:09:51.535 | INFO     | slp.plbind.module:log_to_console:484 - best_score      0.5677419304847717
2021-06-09 19:09:51.536 | INFO     | slp.util.system:print_separator:81 - %%%%%%%%%%%%%%%%%%%%%%%%%%%%%%%%%%%%%%%%%%%%%%%%%%
2021-06-09 19:09:51.538 | INFO     | slp.plbind.helpers:_run_early_stopping_check:25 - Epoch 11 Early Stopping
2021-06-09 19:09:51.539 | INFO     | slp.util.system:print_separator:81 - --------------------------------------------------
2021-06-09 19:09:51.540 | INFO     | slp.plbind.helpers:_run_early_stopping_check:27 - best score      0.5677419304847717
2021-06-09 19:09:51.540 | INFO     | slp.plbind.helpers:_run_early_stopping_check:28 - patience left   6              
2021-06-09 19:09:51.541 | INFO     | slp.util.system:print_separator:81 - ##################################################
2021-06-09 19:10:26.171 | INFO     | slp.plbind.module:log_to_console:478 - Epoch 12 Training results
2021-06-09 19:10:26.171 | INFO     | slp.util.system:print_separator:81 - --------------------------------------------------
2021-06-09 19:10:26.172 | INFO     | slp.plbind.module:log_to_console:484 - train_acc2      0.8619574904441833
2021-06-09 19:10:26.173 | INFO     | slp.plbind.module:log_to_console:484 - train_acc2_zero 0.8242679238319397
2021-06-09 19:10:26.173 | INFO     | slp.plbind.module:log_to_console:484 - train_acc5      0.6008613705635071
2021-06-09 19:10:26.174 | INFO     | slp.plbind.module:log_to_console:484 - train_acc7      0.5782341957092285
2021-06-09 19:10:26.174 | INFO     | slp.plbind.module:log_to_console:484 - train_f1        0.8603166937828064
2021-06-09 19:10:26.175 | INFO     | slp.plbind.module:log_to_console:484 - train_f1_zero   0.8281494379043579
2021-06-09 19:10:26.175 | INFO     | slp.plbind.module:log_to_console:484 - train_mae       0.4892626106739044
2021-06-09 19:10:26.176 | INFO     | slp.plbind.module:log_to_console:484 - train_loss      0.4892626106739044
2021-06-09 19:10:26.176 | INFO     | slp.util.system:print_separator:81 - %%%%%%%%%%%%%%%%%%%%%%%%%%%%%%%%%%%%%%%%%%%%%%%%%%
2021-06-09 19:10:28.098 | INFO     | slp.plbind.module:log_to_console:478 - Epoch 12 Validation results
2021-06-09 19:10:28.099 | INFO     | slp.util.system:print_separator:81 - --------------------------------------------------
2021-06-09 19:10:28.100 | INFO     | slp.plbind.module:log_to_console:484 - val_acc2        0.7568053603172302
2021-06-09 19:10:28.101 | INFO     | slp.plbind.module:log_to_console:484 - val_acc2_zero   0.7420904040336609
2021-06-09 19:10:28.102 | INFO     | slp.plbind.module:log_to_console:484 - val_acc5        0.5366525650024414
2021-06-09 19:10:28.103 | INFO     | slp.plbind.module:log_to_console:484 - val_acc7        0.5265889763832092
2021-06-09 19:10:28.103 | INFO     | slp.plbind.module:log_to_console:484 - val_f1          0.7610102295875549
2021-06-09 19:10:28.104 | INFO     | slp.plbind.module:log_to_console:484 - val_f1_zero     0.7534632086753845
2021-06-09 19:10:28.105 | INFO     | slp.plbind.module:log_to_console:484 - val_mae         0.5835362076759338
2021-06-09 19:10:28.106 | INFO     | slp.plbind.module:log_to_console:484 - val_loss        0.5835362076759338
2021-06-09 19:10:28.106 | INFO     | slp.plbind.module:log_to_console:484 - best_score      0.5677419304847717
2021-06-09 19:10:28.107 | INFO     | slp.util.system:print_separator:81 - %%%%%%%%%%%%%%%%%%%%%%%%%%%%%%%%%%%%%%%%%%%%%%%%%%
2021-06-09 19:10:28.175 | INFO     | slp.plbind.helpers:_run_early_stopping_check:25 - Epoch 12 Early Stopping
2021-06-09 19:10:28.176 | INFO     | slp.util.system:print_separator:81 - --------------------------------------------------
2021-06-09 19:10:28.176 | INFO     | slp.plbind.helpers:_run_early_stopping_check:27 - best score      0.5677419304847717
2021-06-09 19:10:28.177 | INFO     | slp.plbind.helpers:_run_early_stopping_check:28 - patience left   5              
2021-06-09 19:10:28.178 | INFO     | slp.util.system:print_separator:81 - ##################################################
2021-06-09 19:11:03.063 | INFO     | slp.plbind.module:log_to_console:478 - Epoch 13 Training results
2021-06-09 19:11:03.064 | INFO     | slp.util.system:print_separator:81 - --------------------------------------------------
2021-06-09 19:11:03.064 | INFO     | slp.plbind.module:log_to_console:484 - train_acc2      0.8660039305686951
2021-06-09 19:11:03.065 | INFO     | slp.plbind.module:log_to_console:484 - train_acc2_zero 0.8271421790122986
2021-06-09 19:11:03.066 | INFO     | slp.plbind.module:log_to_console:484 - train_acc5      0.6083833575248718
2021-06-09 19:11:03.066 | INFO     | slp.plbind.module:log_to_console:484 - train_acc7      0.5852669477462769
2021-06-09 19:11:03.066 | INFO     | slp.plbind.module:log_to_console:484 - train_f1        0.8643628358840942
2021-06-09 19:11:03.067 | INFO     | slp.plbind.module:log_to_console:484 - train_f1_zero   0.8309856653213501
2021-06-09 19:11:03.067 | INFO     | slp.plbind.module:log_to_console:484 - train_mae       0.4789428114891052
2021-06-09 19:11:03.068 | INFO     | slp.plbind.module:log_to_console:484 - train_loss      0.4789428114891052
2021-06-09 19:11:03.068 | INFO     | slp.util.system:print_separator:81 - %%%%%%%%%%%%%%%%%%%%%%%%%%%%%%%%%%%%%%%%%%%%%%%%%%
2021-06-09 19:11:05.074 | INFO     | slp.plbind.module:log_to_console:478 - Epoch 13 Validation results
2021-06-09 19:11:05.077 | INFO     | slp.util.system:print_separator:81 - --------------------------------------------------
2021-06-09 19:11:05.079 | INFO     | slp.plbind.module:log_to_console:484 - val_acc2        0.7586782574653625
2021-06-09 19:11:05.081 | INFO     | slp.plbind.module:log_to_console:484 - val_acc2_zero   0.7060028314590454
2021-06-09 19:11:05.083 | INFO     | slp.plbind.module:log_to_console:484 - val_acc5        0.5319562554359436
2021-06-09 19:11:05.085 | INFO     | slp.plbind.module:log_to_console:484 - val_acc7        0.5176553726196289
2021-06-09 19:11:05.086 | INFO     | slp.plbind.module:log_to_console:484 - val_f1          0.7675376534461975
2021-06-09 19:11:05.088 | INFO     | slp.plbind.module:log_to_console:484 - val_f1_zero     0.7243890166282654
2021-06-09 19:11:05.090 | INFO     | slp.plbind.module:log_to_console:484 - val_mae         0.597058117389679
2021-06-09 19:11:05.091 | INFO     | slp.plbind.module:log_to_console:484 - val_loss        0.597058117389679
2021-06-09 19:11:05.093 | INFO     | slp.plbind.module:log_to_console:484 - best_score      0.5677419304847717
2021-06-09 19:11:05.094 | INFO     | slp.util.system:print_separator:81 - %%%%%%%%%%%%%%%%%%%%%%%%%%%%%%%%%%%%%%%%%%%%%%%%%%
2021-06-09 19:11:05.097 | INFO     | slp.plbind.helpers:_run_early_stopping_check:25 - Epoch 13 Early Stopping
2021-06-09 19:11:05.098 | INFO     | slp.util.system:print_separator:81 - --------------------------------------------------
2021-06-09 19:11:05.100 | INFO     | slp.plbind.helpers:_run_early_stopping_check:27 - best score      0.5677419304847717
2021-06-09 19:11:05.101 | INFO     | slp.plbind.helpers:_run_early_stopping_check:28 - patience left   4              
2021-06-09 19:11:05.102 | INFO     | slp.util.system:print_separator:81 - ##################################################
2021-06-09 19:11:39.780 | INFO     | slp.plbind.module:log_to_console:478 - Epoch 14 Training results
2021-06-09 19:11:39.781 | INFO     | slp.util.system:print_separator:81 - --------------------------------------------------
2021-06-09 19:11:39.781 | INFO     | slp.plbind.module:log_to_console:484 - train_acc2      0.8671075105667114
2021-06-09 19:11:39.782 | INFO     | slp.plbind.module:log_to_console:484 - train_acc2_zero 0.8234728574752808
2021-06-09 19:11:39.783 | INFO     | slp.plbind.module:log_to_console:484 - train_acc5      0.6137999892234802
2021-06-09 19:11:39.785 | INFO     | slp.plbind.module:log_to_console:484 - train_acc7      0.5906223654747009
2021-06-09 19:11:39.786 | INFO     | slp.plbind.module:log_to_console:484 - train_f1        0.8656032085418701
2021-06-09 19:11:39.788 | INFO     | slp.plbind.module:log_to_console:484 - train_f1_zero   0.827727735042572
2021-06-09 19:11:39.789 | INFO     | slp.plbind.module:log_to_console:484 - train_mae       0.470049649477005
2021-06-09 19:11:39.790 | INFO     | slp.plbind.module:log_to_console:484 - train_loss      0.470049649477005
2021-06-09 19:11:39.792 | INFO     | slp.util.system:print_separator:81 - %%%%%%%%%%%%%%%%%%%%%%%%%%%%%%%%%%%%%%%%%%%%%%%%%%
2021-06-09 19:11:41.708 | INFO     | slp.plbind.module:log_to_console:478 - Epoch 14 Validation results
2021-06-09 19:11:41.711 | INFO     | slp.util.system:print_separator:81 - --------------------------------------------------
2021-06-09 19:11:41.713 | INFO     | slp.plbind.module:log_to_console:484 - val_acc2        0.7880082130432129
2021-06-09 19:11:41.715 | INFO     | slp.plbind.module:log_to_console:484 - val_acc2_zero   0.8106285333633423
2021-06-09 19:11:41.717 | INFO     | slp.plbind.module:log_to_console:484 - val_acc5        0.5275776982307434
2021-06-09 19:11:41.719 | INFO     | slp.plbind.module:log_to_console:484 - val_acc7        0.5169844627380371
2021-06-09 19:11:41.721 | INFO     | slp.plbind.module:log_to_console:484 - val_f1          0.7736435532569885
2021-06-09 19:11:41.723 | INFO     | slp.plbind.module:log_to_console:484 - val_f1_zero     0.8005760908126831
2021-06-09 19:11:41.724 | INFO     | slp.plbind.module:log_to_console:484 - val_mae         0.5799407958984375
2021-06-09 19:11:41.726 | INFO     | slp.plbind.module:log_to_console:484 - val_loss        0.5799407958984375
2021-06-09 19:11:41.727 | INFO     | slp.plbind.module:log_to_console:484 - best_score      0.5677419304847717
2021-06-09 19:11:41.729 | INFO     | slp.util.system:print_separator:81 - %%%%%%%%%%%%%%%%%%%%%%%%%%%%%%%%%%%%%%%%%%%%%%%%%%
2021-06-09 19:11:41.732 | INFO     | slp.plbind.helpers:_run_early_stopping_check:25 - Epoch 14 Early Stopping
2021-06-09 19:11:41.733 | INFO     | slp.util.system:print_separator:81 - --------------------------------------------------
2021-06-09 19:11:41.735 | INFO     | slp.plbind.helpers:_run_early_stopping_check:27 - best score      0.5677419304847717
2021-06-09 19:11:41.736 | INFO     | slp.plbind.helpers:_run_early_stopping_check:28 - patience left   3              
2021-06-09 19:11:41.737 | INFO     | slp.util.system:print_separator:81 - ##################################################
2021-06-09 19:12:16.598 | INFO     | slp.plbind.module:log_to_console:478 - Epoch 15 Training results
2021-06-09 19:12:16.599 | INFO     | slp.util.system:print_separator:81 - --------------------------------------------------
2021-06-09 19:12:16.600 | INFO     | slp.plbind.module:log_to_console:484 - train_acc2      0.8735378980636597
2021-06-09 19:12:16.600 | INFO     | slp.plbind.module:log_to_console:484 - train_acc2_zero 0.8333711624145508
2021-06-09 19:12:16.601 | INFO     | slp.plbind.module:log_to_console:484 - train_acc5      0.623008131980896
2021-06-09 19:12:16.601 | INFO     | slp.plbind.module:log_to_console:484 - train_acc7      0.5988520383834839
2021-06-09 19:12:16.602 | INFO     | slp.plbind.module:log_to_console:484 - train_f1        0.8723331093788147
2021-06-09 19:12:16.602 | INFO     | slp.plbind.module:log_to_console:484 - train_f1_zero   0.8373768925666809
2021-06-09 19:12:16.603 | INFO     | slp.plbind.module:log_to_console:484 - train_mae       0.45867374539375305
2021-06-09 19:12:16.603 | INFO     | slp.plbind.module:log_to_console:484 - train_loss      0.45867374539375305
2021-06-09 19:12:16.604 | INFO     | slp.util.system:print_separator:81 - %%%%%%%%%%%%%%%%%%%%%%%%%%%%%%%%%%%%%%%%%%%%%%%%%%
2021-06-09 19:12:18.443 | INFO     | slp.plbind.module:log_to_console:478 - Epoch 15 Validation results
2021-06-09 19:12:18.445 | INFO     | slp.util.system:print_separator:81 - --------------------------------------------------
2021-06-09 19:12:18.448 | INFO     | slp.plbind.module:log_to_console:484 - val_acc2        0.7695946097373962
2021-06-09 19:12:18.450 | INFO     | slp.plbind.module:log_to_console:484 - val_acc2_zero   0.7314971685409546
2021-06-09 19:12:18.452 | INFO     | slp.plbind.module:log_to_console:484 - val_acc5        0.5377118587493896
2021-06-09 19:12:18.454 | INFO     | slp.plbind.module:log_to_console:484 - val_acc7        0.5271186232566833
2021-06-09 19:12:18.456 | INFO     | slp.plbind.module:log_to_console:484 - val_f1          0.7768425345420837
2021-06-09 19:12:18.458 | INFO     | slp.plbind.module:log_to_console:484 - val_f1_zero     0.7481615543365479
2021-06-09 19:12:18.459 | INFO     | slp.plbind.module:log_to_console:484 - val_mae         0.585637092590332
2021-06-09 19:12:18.461 | INFO     | slp.plbind.module:log_to_console:484 - val_loss        0.585637092590332
2021-06-09 19:12:18.462 | INFO     | slp.plbind.module:log_to_console:484 - best_score      0.5677419304847717
2021-06-09 19:12:18.463 | INFO     | slp.util.system:print_separator:81 - %%%%%%%%%%%%%%%%%%%%%%%%%%%%%%%%%%%%%%%%%%%%%%%%%%
2021-06-09 19:12:18.467 | INFO     | slp.plbind.helpers:_run_early_stopping_check:25 - Epoch 15 Early Stopping
2021-06-09 19:12:18.469 | INFO     | slp.util.system:print_separator:81 - --------------------------------------------------
2021-06-09 19:12:18.470 | INFO     | slp.plbind.helpers:_run_early_stopping_check:27 - best score      0.5677419304847717
2021-06-09 19:12:18.471 | INFO     | slp.plbind.helpers:_run_early_stopping_check:28 - patience left   2              
2021-06-09 19:12:18.472 | INFO     | slp.util.system:print_separator:81 - ##################################################
2021-06-09 19:12:53.022 | INFO     | slp.plbind.module:log_to_console:478 - Epoch 16 Training results
2021-06-09 19:12:53.022 | INFO     | slp.util.system:print_separator:81 - --------------------------------------------------
2021-06-09 19:12:53.024 | INFO     | slp.plbind.module:log_to_console:484 - train_acc2      0.879720151424408
2021-06-09 19:12:53.025 | INFO     | slp.plbind.module:log_to_console:484 - train_acc2_zero 0.8315715193748474
2021-06-09 19:12:53.027 | INFO     | slp.plbind.module:log_to_console:484 - train_acc5      0.6432939171791077
2021-06-09 19:12:53.028 | INFO     | slp.plbind.module:log_to_console:484 - train_acc7      0.6183428764343262
2021-06-09 19:12:53.030 | INFO     | slp.plbind.module:log_to_console:484 - train_f1        0.8788914084434509
2021-06-09 19:12:53.031 | INFO     | slp.plbind.module:log_to_console:484 - train_f1_zero   0.8365225791931152
2021-06-09 19:12:53.032 | INFO     | slp.plbind.module:log_to_console:484 - train_mae       0.4341737926006317
2021-06-09 19:12:53.034 | INFO     | slp.plbind.module:log_to_console:484 - train_loss      0.4341737926006317
2021-06-09 19:12:53.035 | INFO     | slp.util.system:print_separator:81 - %%%%%%%%%%%%%%%%%%%%%%%%%%%%%%%%%%%%%%%%%%%%%%%%%%
2021-06-09 19:12:55.018 | INFO     | slp.plbind.module:log_to_console:478 - Epoch 16 Validation results
2021-06-09 19:12:55.019 | INFO     | slp.util.system:print_separator:81 - --------------------------------------------------
2021-06-09 19:12:55.020 | INFO     | slp.plbind.module:log_to_console:484 - val_acc2        0.7758694887161255
2021-06-09 19:12:55.021 | INFO     | slp.plbind.module:log_to_console:484 - val_acc2_zero   0.7521539330482483
2021-06-09 19:12:55.022 | INFO     | slp.plbind.module:log_to_console:484 - val_acc5        0.5229520201683044
2021-06-09 19:12:55.023 | INFO     | slp.plbind.module:log_to_console:484 - val_acc7        0.5155367255210876
2021-06-09 19:12:55.023 | INFO     | slp.plbind.module:log_to_console:484 - val_f1          0.7811201214790344
2021-06-09 19:12:55.024 | INFO     | slp.plbind.module:log_to_console:484 - val_f1_zero     0.7660068869590759
2021-06-09 19:12:55.025 | INFO     | slp.plbind.module:log_to_console:484 - val_mae         0.5842132568359375
2021-06-09 19:12:55.026 | INFO     | slp.plbind.module:log_to_console:484 - val_loss        0.5842132568359375
2021-06-09 19:12:55.026 | INFO     | slp.plbind.module:log_to_console:484 - best_score      0.5677419304847717
2021-06-09 19:12:55.027 | INFO     | slp.util.system:print_separator:81 - %%%%%%%%%%%%%%%%%%%%%%%%%%%%%%%%%%%%%%%%%%%%%%%%%%
2021-06-09 19:12:55.029 | INFO     | slp.plbind.helpers:_run_early_stopping_check:25 - Epoch 16 Early Stopping
2021-06-09 19:12:55.030 | INFO     | slp.util.system:print_separator:81 - --------------------------------------------------
2021-06-09 19:12:55.031 | INFO     | slp.plbind.helpers:_run_early_stopping_check:27 - best score      0.5677419304847717
2021-06-09 19:12:55.032 | INFO     | slp.plbind.helpers:_run_early_stopping_check:28 - patience left   1              
2021-06-09 19:12:55.032 | INFO     | slp.util.system:print_separator:81 - ##################################################
2021-06-09 19:13:29.946 | INFO     | slp.plbind.module:log_to_console:478 - Epoch 17 Training results
2021-06-09 19:13:29.947 | INFO     | slp.util.system:print_separator:81 - --------------------------------------------------
2021-06-09 19:13:29.947 | INFO     | slp.plbind.module:log_to_console:484 - train_acc2      0.8825448155403137
2021-06-09 19:13:29.948 | INFO     | slp.plbind.module:log_to_console:484 - train_acc2_zero 0.8332576155662537
2021-06-09 19:13:29.948 | INFO     | slp.plbind.module:log_to_console:484 - train_acc5      0.6522050499916077
2021-06-09 19:13:29.949 | INFO     | slp.plbind.module:log_to_console:484 - train_acc7      0.6280490159988403
2021-06-09 19:13:29.950 | INFO     | slp.plbind.module:log_to_console:484 - train_f1        0.88165283203125
2021-06-09 19:13:29.950 | INFO     | slp.plbind.module:log_to_console:484 - train_f1_zero   0.838003396987915
2021-06-09 19:13:29.951 | INFO     | slp.plbind.module:log_to_console:484 - train_mae       0.42480289936065674
2021-06-09 19:13:29.951 | INFO     | slp.plbind.module:log_to_console:484 - train_loss      0.42480289936065674
2021-06-09 19:13:29.952 | INFO     | slp.util.system:print_separator:81 - %%%%%%%%%%%%%%%%%%%%%%%%%%%%%%%%%%%%%%%%%%%%%%%%%%
2021-06-09 19:13:31.858 | INFO     | slp.plbind.module:log_to_console:478 - Epoch 17 Validation results
2021-06-09 19:13:31.860 | INFO     | slp.util.system:print_separator:81 - --------------------------------------------------
2021-06-09 19:13:31.863 | INFO     | slp.plbind.module:log_to_console:484 - val_acc2        0.7721996903419495
2021-06-09 19:13:31.865 | INFO     | slp.plbind.module:log_to_console:484 - val_acc2_zero   0.7743996977806091
2021-06-09 19:13:31.867 | INFO     | slp.plbind.module:log_to_console:484 - val_acc5        0.5318856239318848
2021-06-09 19:13:31.868 | INFO     | slp.plbind.module:log_to_console:484 - val_acc7        0.5234110355377197
2021-06-09 19:13:31.869 | INFO     | slp.plbind.module:log_to_console:484 - val_f1          0.774307906627655
2021-06-09 19:13:31.870 | INFO     | slp.plbind.module:log_to_console:484 - val_f1_zero     0.781545102596283
2021-06-09 19:13:31.870 | INFO     | slp.plbind.module:log_to_console:484 - val_mae         0.5829337239265442
2021-06-09 19:13:31.871 | INFO     | slp.plbind.module:log_to_console:484 - val_loss        0.5829337239265442
2021-06-09 19:13:31.872 | INFO     | slp.plbind.module:log_to_console:484 - best_score      0.5677419304847717
2021-06-09 19:13:31.873 | INFO     | slp.util.system:print_separator:81 - %%%%%%%%%%%%%%%%%%%%%%%%%%%%%%%%%%%%%%%%%%%%%%%%%%
2021-06-09 19:13:31.876 | INFO     | slp.plbind.helpers:_run_early_stopping_check:25 - Epoch 17 Early Stopping
2021-06-09 19:13:31.877 | INFO     | slp.util.system:print_separator:81 - --------------------------------------------------
2021-06-09 19:13:31.878 | INFO     | slp.plbind.helpers:_run_early_stopping_check:27 - best score      0.5677419304847717
2021-06-09 19:13:31.878 | INFO     | slp.plbind.helpers:_run_early_stopping_check:28 - patience left   0              
2021-06-09 19:13:31.879 | INFO     | slp.plbind.helpers:_run_early_stopping_check:33 - Stopping due to early stopping
2021-06-09 19:13:31.880 | INFO     | slp.util.system:print_separator:81 - ##################################################
2021-06-09 19:13:31.974 | INFO     | pytorch_lightning.profiler.profilers:describe:96 - 

Profiler Report

Action                             	|  Mean duration (s)	|Num calls      	|  Total time (s) 	|  Percentage %   	|
------------------------------------------------------------------------------------------------------------------------------------
Total                              	|  -              	|_              	|  630.13         	|  100 %          	|
------------------------------------------------------------------------------------------------------------------------------------
run_training_epoch                 	|  36.848         	|17             	|  626.42         	|  99.411         	|
run_training_batch                 	|  0.065711       	|8687           	|  570.83         	|  90.589         	|
optimizer_step_and_closure_0       	|  0.063211       	|8687           	|  549.11         	|  87.142         	|
training_step_and_backward         	|  0.052625       	|8687           	|  457.15         	|  72.548         	|
model_forward                      	|  0.029905       	|8687           	|  259.78         	|  41.227         	|
training_step                      	|  0.029657       	|8687           	|  257.63         	|  40.885         	|
model_backward                     	|  0.022458       	|8687           	|  195.09         	|  30.961         	|
evaluation_step_and_end            	|  0.027749       	|1005           	|  27.888         	|  4.4257         	|
validation_step                    	|  0.027596       	|1005           	|  27.734         	|  4.4013         	|
get_train_batch                    	|  0.00047364     	|8687           	|  4.1145         	|  0.65296        	|
on_train_batch_end                 	|  0.00014436     	|8687           	|  1.254          	|  0.19901        	|
on_train_batch_start               	|  0.00012604     	|8687           	|  1.0949         	|  0.17376        	|
cache_result                       	|  1.9136e-05     	|46646          	|  0.8926         	|  0.14165        	|
on_validation_end                  	|  0.025228       	|18             	|  0.4541         	|  0.072064       	|
on_after_backward                  	|  3.3033e-05     	|8687           	|  0.28696        	|  0.045539       	|
on_before_zero_grad                	|  3.1029e-05     	|8687           	|  0.26955        	|  0.042777       	|
on_batch_start                     	|  2.3566e-05     	|8687           	|  0.20471        	|  0.032488       	|
on_batch_end                       	|  2.1845e-05     	|8687           	|  0.18977        	|  0.030116       	|
on_validation_batch_end            	|  9.0973e-05     	|1005           	|  0.091428       	|  0.014509       	|
training_step_end                  	|  9.8868e-06     	|8687           	|  0.085887       	|  0.01363        	|
on_train_end                       	|  0.038912       	|1              	|  0.038912       	|  0.0061752      	|
on_validation_batch_start          	|  1.5472e-05     	|1005           	|  0.015549       	|  0.0024676      	|
on_epoch_start                     	|  0.00069365     	|17             	|  0.011792       	|  0.0018714      	|
validation_step_end                	|  1.1025e-05     	|1005           	|  0.011081       	|  0.0017584      	|
on_validation_start                	|  0.00059936     	|18             	|  0.010789       	|  0.0017121      	|
on_train_start                     	|  0.0023415      	|1              	|  0.0023415      	|  0.00037159     	|
on_train_epoch_end                 	|  3.1829e-05     	|17             	|  0.00054109     	|  8.587e-05      	|
on_epoch_end                       	|  1.331e-05      	|35             	|  0.00046585     	|  7.3929e-05     	|
on_validation_epoch_end            	|  2.2924e-05     	|18             	|  0.00041264     	|  6.5485e-05     	|
on_validation_epoch_start          	|  1.5807e-05     	|18             	|  0.00028453     	|  4.5153e-05     	|
on_train_epoch_start               	|  1.5036e-05     	|17             	|  0.00025562     	|  4.0566e-05     	|
on_fit_start                       	|  2.387e-05      	|1              	|  2.387e-05      	|  3.7881e-06     	|
on_before_accelerator_backend_setup	|  1.0151e-05     	|1              	|  1.0151e-05     	|  1.6109e-06     	|

