2021-06-09 16:27:50.900 | INFO     | slp.util.log:configure_logging:84 - Log file will be saved in logs/mosei-fixed-rnn-baseline.20210609-162750.log
2021-06-09 16:27:51.711 | INFO     | slp.plbind.dm:setup:159 - Using provided validation set
2021-06-09 16:27:51.712 | INFO     | slp.plbind.dm:setup:162 - Using provided test set
2021-06-09 16:27:51.712 | INFO     | slp.plbind.dm:setup:212 - Using 16327 samples for training
2021-06-09 16:27:51.712 | INFO     | slp.plbind.dm:setup:213 - Using 1871 samples for validation
2021-06-09 16:27:51.712 | INFO     | slp.plbind.dm:setup:216 - Using 4662 samples for testing
2021-06-09 16:27:51.732 | INFO     | slp.plbind.trainer:make_trainer:428 - Logs will be saved in rnn_drop_text_0.6_m3_seq_mask/mosei-fixed-rnn-baseline
2021-06-09 16:27:51.732 | INFO     | slp.plbind.trainer:make_trainer:429 - Logs will be saved in rnn_drop_text_0.6_m3_seq_mask/mosei-fixed-rnn-baseline/20210609-162751/checkpoints
2021-06-09 16:27:51.766 | INFO     | slp.plbind.trainer:make_trainer:461 - Configured wandb and CSV loggers.
2021-06-09 16:27:51.767 | INFO     | slp.plbind.trainer:make_trainer:462 - Wandb configured to run mosei-fixed-rnn-baseline/20210609-162751 in project mosei-fixed-rnn-baseline
2021-06-09 16:27:51.768 | INFO     | slp.plbind.trainer:make_trainer:467 - Results will be stored online.
2021-06-09 16:27:51.768 | INFO     | slp.plbind.trainer:make_trainer:475 - Experiment verbose description:
MOSEI Corrected RNN baseline architecture


Tags:['mosei', 'transformer', 'dropout', 'late-fusion']
2021-06-09 16:27:51.770 | INFO     | slp.plbind.trainer:make_trainer:496 - Configured Early stopping and Model checkpointing to track val_loss
2021-06-09 16:27:52.507 | INFO     | slp.plbind.trainer:watch_model:613 - Tracking model weights & gradients in wandb.
2021-06-09 16:27:55.155 | INFO     | slp.plbind.module:log_to_console:478 - Epoch 1 Validation results
2021-06-09 16:27:55.156 | INFO     | slp.util.system:print_separator:81 - --------------------------------------------------
2021-06-09 16:27:55.157 | INFO     | slp.plbind.module:log_to_console:484 - val_acc2        0.626893937587738
2021-06-09 16:27:55.157 | INFO     | slp.plbind.module:log_to_console:484 - val_acc2_zero   0.515625       
2021-06-09 16:27:55.158 | INFO     | slp.plbind.module:log_to_console:484 - val_acc5        0.140625       
2021-06-09 16:27:55.158 | INFO     | slp.plbind.module:log_to_console:484 - val_acc7        0.0625         
2021-06-09 16:27:55.159 | INFO     | slp.plbind.module:log_to_console:484 - val_f1          0.6079082489013672
2021-06-09 16:27:55.159 | INFO     | slp.plbind.module:log_to_console:484 - val_f1_zero     0.4854808747768402
2021-06-09 16:27:55.160 | INFO     | slp.plbind.module:log_to_console:484 - val_mae         3.6594691276550293
2021-06-09 16:27:55.161 | INFO     | slp.plbind.module:log_to_console:484 - val_loss        3.6594691276550293
2021-06-09 16:27:55.161 | INFO     | slp.plbind.module:log_to_console:484 - best_score      inf            
2021-06-09 16:27:55.162 | INFO     | slp.util.system:print_separator:81 - %%%%%%%%%%%%%%%%%%%%%%%%%%%%%%%%%%%%%%%%%%%%%%%%%%
2021-06-09 16:28:28.724 | INFO     | slp.plbind.module:log_to_console:478 - Epoch 1 Training results
2021-06-09 16:28:28.725 | INFO     | slp.util.system:print_separator:81 - --------------------------------------------------
2021-06-09 16:28:28.726 | INFO     | slp.plbind.module:log_to_console:484 - train_acc2      0.6812538504600525
2021-06-09 16:28:28.726 | INFO     | slp.plbind.module:log_to_console:484 - train_acc2_zero 0.6645320653915405
2021-06-09 16:28:28.727 | INFO     | slp.plbind.module:log_to_console:484 - train_acc5      0.37108609080314636
2021-06-09 16:28:28.727 | INFO     | slp.plbind.module:log_to_console:484 - train_acc7      0.3630748391151428
2021-06-09 16:28:28.728 | INFO     | slp.plbind.module:log_to_console:484 - train_f1        0.6576424837112427
2021-06-09 16:28:28.728 | INFO     | slp.plbind.module:log_to_console:484 - train_f1_zero   0.6508888602256775
2021-06-09 16:28:28.729 | INFO     | slp.plbind.module:log_to_console:484 - train_mae       1.0626115798950195
2021-06-09 16:28:28.729 | INFO     | slp.plbind.module:log_to_console:484 - train_loss      1.0626115798950195
2021-06-09 16:28:28.730 | INFO     | slp.util.system:print_separator:81 - %%%%%%%%%%%%%%%%%%%%%%%%%%%%%%%%%%%%%%%%%%%%%%%%%%
2021-06-09 16:28:30.216 | INFO     | slp.plbind.module:log_to_console:478 - Epoch 1 Validation results
2021-06-09 16:28:30.218 | INFO     | slp.util.system:print_separator:81 - --------------------------------------------------
2021-06-09 16:28:30.221 | INFO     | slp.plbind.module:log_to_console:484 - val_acc2        0.7585293054580688
2021-06-09 16:28:30.223 | INFO     | slp.plbind.module:log_to_console:484 - val_acc2_zero   0.7121821641921997
2021-06-09 16:28:30.224 | INFO     | slp.plbind.module:log_to_console:484 - val_acc5        0.46765539050102234
2021-06-09 16:28:30.226 | INFO     | slp.plbind.module:log_to_console:484 - val_acc7        0.46447741985321045
2021-06-09 16:28:30.227 | INFO     | slp.plbind.module:log_to_console:484 - val_f1          0.7527967691421509
2021-06-09 16:28:30.228 | INFO     | slp.plbind.module:log_to_console:484 - val_f1_zero     0.7150894403457642
2021-06-09 16:28:30.229 | INFO     | slp.plbind.module:log_to_console:484 - val_mae         0.6920318603515625
2021-06-09 16:28:30.230 | INFO     | slp.plbind.module:log_to_console:484 - val_loss        0.6920318603515625
2021-06-09 16:28:30.231 | INFO     | slp.plbind.module:log_to_console:484 - best_score      inf            
2021-06-09 16:28:30.232 | INFO     | slp.util.system:print_separator:81 - %%%%%%%%%%%%%%%%%%%%%%%%%%%%%%%%%%%%%%%%%%%%%%%%%%
