2021-06-09 17:59:42.542 | INFO     | slp.util.log:configure_logging:84 - Log file will be saved in logs/mosei-rnn-m3-0.2.20210609-175942.log
2021-06-09 17:59:43.373 | INFO     | slp.plbind.dm:setup:159 - Using provided validation set
2021-06-09 17:59:43.373 | INFO     | slp.plbind.dm:setup:162 - Using provided test set
2021-06-09 17:59:43.373 | INFO     | slp.plbind.dm:setup:212 - Using 16327 samples for training
2021-06-09 17:59:43.373 | INFO     | slp.plbind.dm:setup:213 - Using 1871 samples for validation
2021-06-09 17:59:43.374 | INFO     | slp.plbind.dm:setup:216 - Using 4662 samples for testing
2021-06-09 17:59:43.393 | INFO     | slp.plbind.trainer:make_trainer:428 - Logs will be saved in rnn-m3-0.2/mosei-rnn-m3-0.2
2021-06-09 17:59:43.393 | INFO     | slp.plbind.trainer:make_trainer:429 - Logs will be saved in rnn-m3-0.2/mosei-rnn-m3-0.2/20210609-175943/checkpoints
2021-06-09 17:59:43.429 | INFO     | slp.plbind.trainer:make_trainer:461 - Configured wandb and CSV loggers.
2021-06-09 17:59:43.430 | INFO     | slp.plbind.trainer:make_trainer:462 - Wandb configured to run mosei-rnn-m3-0.2/20210609-175943 in project mosei-rnn-m3-0.2
2021-06-09 17:59:43.431 | INFO     | slp.plbind.trainer:make_trainer:467 - Results will be stored online.
2021-06-09 17:59:43.432 | INFO     | slp.plbind.trainer:make_trainer:475 - Experiment verbose description:
MOSEI RNN-baseline with M3

Tags:['mosei', 'rnn-baseline', 'm3', 'regularization']
2021-06-09 17:59:43.434 | INFO     | slp.plbind.trainer:make_trainer:496 - Configured Early stopping and Model checkpointing to track val_loss
2021-06-09 17:59:43.473 | INFO     | pytorch_lightning.utilities.distributed:_info:54 - GPU available: True, used: True
2021-06-09 17:59:43.474 | INFO     | pytorch_lightning.utilities.distributed:_info:54 - TPU available: None, using: 0 TPU cores
2021-06-09 17:59:44.297 | INFO     | slp.plbind.trainer:watch_model:613 - Tracking model weights & gradients in wandb.
2021-06-09 17:59:44.298 | INFO     | pytorch_lightning.accelerators.gpu:set_nvidia_flags:40 - LOCAL_RANK: 0 - CUDA_VISIBLE_DEVICES: [3]
2021-06-09 17:59:46.457 | INFO     | pytorch_lightning.core.lightning:summarize:1457 - 
  | Name          | Type                            | Params
------------------------------------------------------------------
0 | model         | AudioVisualTextMaskedClassifier | 1.6 M 
1 | criterion     | L1Loss                          | 0     
2 | train_metrics | ModuleDict                      | 0     
3 | val_metrics   | ModuleDict                      | 0     
4 | test_metrics  | ModuleDict                      | 0     
------------------------------------------------------------------
1.6 M     Trainable params
0         Non-trainable params
1.6 M     Total params
6.535     Total estimated model params size (MB)
2021-06-09 17:59:46.750 | INFO     | slp.plbind.module:log_to_console:478 - Epoch 1 Validation results
2021-06-09 17:59:46.751 | INFO     | slp.util.system:print_separator:81 - --------------------------------------------------
2021-06-09 17:59:46.752 | INFO     | slp.plbind.module:log_to_console:484 - val_acc2        0.4621211886405945
2021-06-09 17:59:46.753 | INFO     | slp.plbind.module:log_to_console:484 - val_acc2_zero   0.453125       
2021-06-09 17:59:46.754 | INFO     | slp.plbind.module:log_to_console:484 - val_acc5        0.328125       
2021-06-09 17:59:46.754 | INFO     | slp.plbind.module:log_to_console:484 - val_acc7        0.265625       
2021-06-09 17:59:46.755 | INFO     | slp.plbind.module:log_to_console:484 - val_f1          0.4707377254962921
2021-06-09 17:59:46.755 | INFO     | slp.plbind.module:log_to_console:484 - val_f1_zero     0.46449121832847595
2021-06-09 17:59:46.756 | INFO     | slp.plbind.module:log_to_console:484 - val_mae         1.6525566577911377
2021-06-09 17:59:46.756 | INFO     | slp.plbind.module:log_to_console:484 - val_loss        1.6525566577911377
2021-06-09 17:59:46.757 | INFO     | slp.plbind.module:log_to_console:484 - best_score      inf            
2021-06-09 17:59:46.757 | INFO     | slp.util.system:print_separator:81 - %%%%%%%%%%%%%%%%%%%%%%%%%%%%%%%%%%%%%%%%%%%%%%%%%%
2021-06-09 18:00:20.731 | INFO     | slp.plbind.module:log_to_console:478 - Epoch 1 Training results
2021-06-09 18:00:20.732 | INFO     | slp.util.system:print_separator:81 - --------------------------------------------------
2021-06-09 18:00:20.733 | INFO     | slp.plbind.module:log_to_console:484 - train_acc2      0.6902053952217102
2021-06-09 18:00:20.734 | INFO     | slp.plbind.module:log_to_console:484 - train_acc2_zero 0.6763611435890198
2021-06-09 18:00:20.734 | INFO     | slp.plbind.module:log_to_console:484 - train_acc5      0.3924989402294159
2021-06-09 18:00:20.735 | INFO     | slp.plbind.module:log_to_console:484 - train_acc7      0.38662809133529663
2021-06-09 18:00:20.736 | INFO     | slp.plbind.module:log_to_console:484 - train_f1        0.672713041305542
2021-06-09 18:00:20.736 | INFO     | slp.plbind.module:log_to_console:484 - train_f1_zero   0.6693317294120789
2021-06-09 18:00:20.737 | INFO     | slp.plbind.module:log_to_console:484 - train_mae       1.028212547302246
2021-06-09 18:00:20.737 | INFO     | slp.plbind.module:log_to_console:484 - train_loss      1.028212547302246
2021-06-09 18:00:20.738 | INFO     | slp.util.system:print_separator:81 - %%%%%%%%%%%%%%%%%%%%%%%%%%%%%%%%%%%%%%%%%%%%%%%%%%
2021-06-09 18:00:22.624 | INFO     | slp.plbind.module:log_to_console:478 - Epoch 1 Validation results
2021-06-09 18:00:22.625 | INFO     | slp.util.system:print_separator:81 - --------------------------------------------------
2021-06-09 18:00:22.626 | INFO     | slp.plbind.module:log_to_console:484 - val_acc2        0.7740578055381775
2021-06-09 18:00:22.627 | INFO     | slp.plbind.module:log_to_console:484 - val_acc2_zero   0.7848870158195496
2021-06-09 18:00:22.627 | INFO     | slp.plbind.module:log_to_console:484 - val_acc5        0.4359463155269623
2021-06-09 18:00:22.628 | INFO     | slp.plbind.module:log_to_console:484 - val_acc7        0.430120050907135
2021-06-09 18:00:22.629 | INFO     | slp.plbind.module:log_to_console:484 - val_f1          0.7634445428848267
2021-06-09 18:00:22.630 | INFO     | slp.plbind.module:log_to_console:484 - val_f1_zero     0.7820144891738892
2021-06-09 18:00:22.630 | INFO     | slp.plbind.module:log_to_console:484 - val_mae         0.6874974370002747
2021-06-09 18:00:22.631 | INFO     | slp.plbind.module:log_to_console:484 - val_loss        0.6874974370002747
2021-06-09 18:00:22.632 | INFO     | slp.plbind.module:log_to_console:484 - best_score      inf            
2021-06-09 18:00:22.632 | INFO     | slp.util.system:print_separator:81 - %%%%%%%%%%%%%%%%%%%%%%%%%%%%%%%%%%%%%%%%%%%%%%%%%%
2021-06-09 18:00:22.637 | INFO     | slp.plbind.helpers:_run_early_stopping_check:25 - Epoch 1 Early Stopping
2021-06-09 18:00:22.638 | INFO     | slp.util.system:print_separator:81 - --------------------------------------------------
2021-06-09 18:00:22.641 | INFO     | slp.plbind.helpers:_run_early_stopping_check:27 - best score      0.6874974370002747
2021-06-09 18:00:22.643 | INFO     | slp.plbind.helpers:_run_early_stopping_check:28 - patience left   10             
2021-06-09 18:00:22.645 | INFO     | slp.util.system:print_separator:81 - ##################################################
2021-06-09 18:00:57.240 | INFO     | slp.plbind.module:log_to_console:478 - Epoch 2 Training results
2021-06-09 18:00:57.240 | INFO     | slp.util.system:print_separator:81 - --------------------------------------------------
2021-06-09 18:00:57.241 | INFO     | slp.plbind.module:log_to_console:484 - train_acc2      0.7753230333328247
2021-06-09 18:00:57.242 | INFO     | slp.plbind.module:log_to_console:484 - train_acc2_zero 0.749231219291687
2021-06-09 18:00:57.242 | INFO     | slp.plbind.module:log_to_console:484 - train_acc5      0.46359553933143616
2021-06-09 18:00:57.243 | INFO     | slp.plbind.module:log_to_console:484 - train_acc7      0.4549727439880371
2021-06-09 18:00:57.244 | INFO     | slp.plbind.module:log_to_console:484 - train_f1        0.770164966583252
2021-06-09 18:00:57.244 | INFO     | slp.plbind.module:log_to_console:484 - train_f1_zero   0.7513872981071472
2021-06-09 18:00:57.245 | INFO     | slp.plbind.module:log_to_console:484 - train_mae       0.6964513659477234
2021-06-09 18:00:57.245 | INFO     | slp.plbind.module:log_to_console:484 - train_loss      0.6964513659477234
2021-06-09 18:00:57.246 | INFO     | slp.util.system:print_separator:81 - %%%%%%%%%%%%%%%%%%%%%%%%%%%%%%%%%%%%%%%%%%%%%%%%%%
2021-06-09 18:00:59.183 | INFO     | slp.plbind.module:log_to_console:478 - Epoch 2 Validation results
2021-06-09 18:00:59.184 | INFO     | slp.util.system:print_separator:81 - --------------------------------------------------
2021-06-09 18:00:59.185 | INFO     | slp.plbind.module:log_to_console:484 - val_acc2        0.7800971269607544
2021-06-09 18:00:59.185 | INFO     | slp.plbind.module:log_to_console:484 - val_acc2_zero   0.7485876083374023
2021-06-09 18:00:59.186 | INFO     | slp.plbind.module:log_to_console:484 - val_acc5        0.4969986081123352
2021-06-09 18:00:59.187 | INFO     | slp.plbind.module:log_to_console:484 - val_acc7        0.4837570786476135
2021-06-09 18:00:59.188 | INFO     | slp.plbind.module:log_to_console:484 - val_f1          0.7848756313323975
2021-06-09 18:00:59.189 | INFO     | slp.plbind.module:log_to_console:484 - val_f1_zero     0.7622208595275879
2021-06-09 18:00:59.189 | INFO     | slp.plbind.module:log_to_console:484 - val_mae         0.6295455694198608
2021-06-09 18:00:59.190 | INFO     | slp.plbind.module:log_to_console:484 - val_loss        0.6295455694198608
2021-06-09 18:00:59.191 | INFO     | slp.plbind.module:log_to_console:484 - best_score      0.6874974966049194
2021-06-09 18:00:59.191 | INFO     | slp.util.system:print_separator:81 - %%%%%%%%%%%%%%%%%%%%%%%%%%%%%%%%%%%%%%%%%%%%%%%%%%
2021-06-09 18:00:59.193 | INFO     | slp.plbind.helpers:_run_early_stopping_check:25 - Epoch 2 Early Stopping
2021-06-09 18:00:59.194 | INFO     | slp.util.system:print_separator:81 - --------------------------------------------------
2021-06-09 18:00:59.195 | INFO     | slp.plbind.helpers:_run_early_stopping_check:27 - best score      0.6295455694198608
2021-06-09 18:00:59.196 | INFO     | slp.plbind.helpers:_run_early_stopping_check:28 - patience left   10             
2021-06-09 18:00:59.196 | INFO     | slp.util.system:print_separator:81 - ##################################################
2021-06-09 18:01:33.740 | INFO     | slp.plbind.module:log_to_console:478 - Epoch 3 Training results
2021-06-09 18:01:33.741 | INFO     | slp.util.system:print_separator:81 - --------------------------------------------------
2021-06-09 18:01:33.742 | INFO     | slp.plbind.module:log_to_console:484 - train_acc2      0.7977359890937805
2021-06-09 18:01:33.742 | INFO     | slp.plbind.module:log_to_console:484 - train_acc2_zero 0.7663894295692444
2021-06-09 18:01:33.743 | INFO     | slp.plbind.module:log_to_console:484 - train_acc5      0.48181959986686707
2021-06-09 18:01:33.743 | INFO     | slp.plbind.module:log_to_console:484 - train_acc7      0.47020024061203003
2021-06-09 18:01:33.744 | INFO     | slp.plbind.module:log_to_console:484 - train_f1        0.7926076054573059
2021-06-09 18:01:33.744 | INFO     | slp.plbind.module:log_to_console:484 - train_f1_zero   0.7684170603752136
2021-06-09 18:01:33.745 | INFO     | slp.plbind.module:log_to_console:484 - train_mae       0.6623333692550659
2021-06-09 18:01:33.745 | INFO     | slp.plbind.module:log_to_console:484 - train_loss      0.6623333692550659
2021-06-09 18:01:33.746 | INFO     | slp.util.system:print_separator:81 - %%%%%%%%%%%%%%%%%%%%%%%%%%%%%%%%%%%%%%%%%%%%%%%%%%
2021-06-09 18:01:35.685 | INFO     | slp.plbind.module:log_to_console:478 - Epoch 3 Validation results
2021-06-09 18:01:35.688 | INFO     | slp.util.system:print_separator:81 - --------------------------------------------------
2021-06-09 18:01:35.690 | INFO     | slp.plbind.module:log_to_console:484 - val_acc2        0.776216983795166
2021-06-09 18:01:35.692 | INFO     | slp.plbind.module:log_to_console:484 - val_acc2_zero   0.7349576354026794
2021-06-09 18:01:35.694 | INFO     | slp.plbind.module:log_to_console:484 - val_acc5        0.5139477849006653
2021-06-09 18:01:35.695 | INFO     | slp.plbind.module:log_to_console:484 - val_acc7        0.5070621967315674
2021-06-09 18:01:35.696 | INFO     | slp.plbind.module:log_to_console:484 - val_f1          0.7735480666160583
2021-06-09 18:01:35.697 | INFO     | slp.plbind.module:log_to_console:484 - val_f1_zero     0.7426945567131042
2021-06-09 18:01:35.698 | INFO     | slp.plbind.module:log_to_console:484 - val_mae         0.6187018156051636
2021-06-09 18:01:35.699 | INFO     | slp.plbind.module:log_to_console:484 - val_loss        0.6187018156051636
2021-06-09 18:01:35.700 | INFO     | slp.plbind.module:log_to_console:484 - best_score      0.6295455694198608
2021-06-09 18:01:35.701 | INFO     | slp.util.system:print_separator:81 - %%%%%%%%%%%%%%%%%%%%%%%%%%%%%%%%%%%%%%%%%%%%%%%%%%
2021-06-09 18:01:35.704 | INFO     | slp.plbind.helpers:_run_early_stopping_check:25 - Epoch 3 Early Stopping
2021-06-09 18:01:35.705 | INFO     | slp.util.system:print_separator:81 - --------------------------------------------------
2021-06-09 18:01:35.706 | INFO     | slp.plbind.helpers:_run_early_stopping_check:27 - best score      0.6187018156051636
2021-06-09 18:01:35.707 | INFO     | slp.plbind.helpers:_run_early_stopping_check:28 - patience left   10             
2021-06-09 18:01:35.708 | INFO     | slp.util.system:print_separator:81 - ##################################################
2021-06-09 18:02:10.759 | INFO     | slp.plbind.module:log_to_console:478 - Epoch 4 Training results
2021-06-09 18:02:10.760 | INFO     | slp.util.system:print_separator:81 - --------------------------------------------------
2021-06-09 18:02:10.761 | INFO     | slp.plbind.module:log_to_console:484 - train_acc2      0.8094488382339478
2021-06-09 18:02:10.761 | INFO     | slp.plbind.module:log_to_console:484 - train_acc2_zero 0.7777554392814636
2021-06-09 18:02:10.762 | INFO     | slp.plbind.module:log_to_console:484 - train_acc5      0.5026558637619019
2021-06-09 18:02:10.763 | INFO     | slp.plbind.module:log_to_console:484 - train_acc7      0.48901838064193726
2021-06-09 18:02:10.763 | INFO     | slp.plbind.module:log_to_console:484 - train_f1        0.8051596283912659
2021-06-09 18:02:10.764 | INFO     | slp.plbind.module:log_to_console:484 - train_f1_zero   0.7805630564689636
2021-06-09 18:02:10.764 | INFO     | slp.plbind.module:log_to_console:484 - train_mae       0.6310314536094666
2021-06-09 18:02:10.765 | INFO     | slp.plbind.module:log_to_console:484 - train_loss      0.6310314536094666
2021-06-09 18:02:10.765 | INFO     | slp.util.system:print_separator:81 - %%%%%%%%%%%%%%%%%%%%%%%%%%%%%%%%%%%%%%%%%%%%%%%%%%
2021-06-09 18:02:12.720 | INFO     | slp.plbind.module:log_to_console:478 - Epoch 4 Validation results
2021-06-09 18:02:12.722 | INFO     | slp.util.system:print_separator:81 - --------------------------------------------------
2021-06-09 18:02:12.723 | INFO     | slp.plbind.module:log_to_console:484 - val_acc2        0.7634544372558594
2021-06-09 18:02:12.724 | INFO     | slp.plbind.module:log_to_console:484 - val_acc2_zero   0.714300811290741
2021-06-09 18:02:12.725 | INFO     | slp.plbind.module:log_to_console:484 - val_acc5        0.5075918436050415
2021-06-09 18:02:12.725 | INFO     | slp.plbind.module:log_to_console:484 - val_acc7        0.503354549407959
2021-06-09 18:02:12.726 | INFO     | slp.plbind.module:log_to_console:484 - val_f1          0.761616051197052
2021-06-09 18:02:12.727 | INFO     | slp.plbind.module:log_to_console:484 - val_f1_zero     0.7221505045890808
2021-06-09 18:02:12.727 | INFO     | slp.plbind.module:log_to_console:484 - val_mae         0.6153440475463867
2021-06-09 18:02:12.728 | INFO     | slp.plbind.module:log_to_console:484 - val_loss        0.6153440475463867
2021-06-09 18:02:12.729 | INFO     | slp.plbind.module:log_to_console:484 - best_score      0.6187018752098083
2021-06-09 18:02:12.729 | INFO     | slp.util.system:print_separator:81 - %%%%%%%%%%%%%%%%%%%%%%%%%%%%%%%%%%%%%%%%%%%%%%%%%%
2021-06-09 18:02:12.732 | INFO     | slp.plbind.helpers:_run_early_stopping_check:25 - Epoch 4 Early Stopping
2021-06-09 18:02:12.732 | INFO     | slp.util.system:print_separator:81 - --------------------------------------------------
2021-06-09 18:02:12.733 | INFO     | slp.plbind.helpers:_run_early_stopping_check:27 - best score      0.6153440475463867
2021-06-09 18:02:12.734 | INFO     | slp.plbind.helpers:_run_early_stopping_check:28 - patience left   10             
2021-06-09 18:02:12.734 | INFO     | slp.util.system:print_separator:81 - ##################################################
2021-06-09 18:02:46.939 | INFO     | slp.plbind.module:log_to_console:478 - Epoch 5 Training results
2021-06-09 18:02:46.940 | INFO     | slp.util.system:print_separator:81 - --------------------------------------------------
2021-06-09 18:02:46.940 | INFO     | slp.plbind.module:log_to_console:484 - train_acc2      0.8138130903244019
2021-06-09 18:02:46.941 | INFO     | slp.plbind.module:log_to_console:484 - train_acc2_zero 0.7828050851821899
2021-06-09 18:02:46.942 | INFO     | slp.plbind.module:log_to_console:484 - train_acc5      0.5073123574256897
2021-06-09 18:02:46.942 | INFO     | slp.plbind.module:log_to_console:484 - train_acc7      0.49251291155815125
2021-06-09 18:02:46.943 | INFO     | slp.plbind.module:log_to_console:484 - train_f1        0.8100246787071228
2021-06-09 18:02:46.943 | INFO     | slp.plbind.module:log_to_console:484 - train_f1_zero   0.7852588295936584
2021-06-09 18:02:46.944 | INFO     | slp.plbind.module:log_to_console:484 - train_mae       0.6220428347587585
2021-06-09 18:02:46.944 | INFO     | slp.plbind.module:log_to_console:484 - train_loss      0.6220428347587585
2021-06-09 18:02:46.945 | INFO     | slp.util.system:print_separator:81 - %%%%%%%%%%%%%%%%%%%%%%%%%%%%%%%%%%%%%%%%%%%%%%%%%%
2021-06-09 18:02:48.853 | INFO     | slp.plbind.module:log_to_console:478 - Epoch 5 Validation results
2021-06-09 18:02:48.856 | INFO     | slp.util.system:print_separator:81 - --------------------------------------------------
2021-06-09 18:02:48.858 | INFO     | slp.plbind.module:log_to_console:484 - val_acc2        0.8015300035476685
2021-06-09 18:02:48.860 | INFO     | slp.plbind.module:log_to_console:484 - val_acc2_zero   0.7793079614639282
2021-06-09 18:02:48.862 | INFO     | slp.plbind.module:log_to_console:484 - val_acc5        0.4873940646648407
2021-06-09 18:02:48.864 | INFO     | slp.plbind.module:log_to_console:484 - val_acc7        0.48527541756629944
2021-06-09 18:02:48.865 | INFO     | slp.plbind.module:log_to_console:484 - val_f1          0.8020573258399963
2021-06-09 18:02:48.867 | INFO     | slp.plbind.module:log_to_console:484 - val_f1_zero     0.7884615659713745
2021-06-09 18:02:48.869 | INFO     | slp.plbind.module:log_to_console:484 - val_mae         0.6222914457321167
2021-06-09 18:02:48.871 | INFO     | slp.plbind.module:log_to_console:484 - val_loss        0.6222914457321167
2021-06-09 18:02:48.872 | INFO     | slp.plbind.module:log_to_console:484 - best_score      0.6153439879417419
2021-06-09 18:02:48.873 | INFO     | slp.util.system:print_separator:81 - %%%%%%%%%%%%%%%%%%%%%%%%%%%%%%%%%%%%%%%%%%%%%%%%%%
2021-06-09 18:02:48.877 | INFO     | slp.plbind.helpers:_run_early_stopping_check:25 - Epoch 5 Early Stopping
2021-06-09 18:02:48.878 | INFO     | slp.util.system:print_separator:81 - --------------------------------------------------
2021-06-09 18:02:48.880 | INFO     | slp.plbind.helpers:_run_early_stopping_check:27 - best score      0.6153440475463867
2021-06-09 18:02:48.881 | INFO     | slp.plbind.helpers:_run_early_stopping_check:28 - patience left   9              
2021-06-09 18:02:48.882 | INFO     | slp.util.system:print_separator:81 - ##################################################
2021-06-09 18:03:23.775 | INFO     | slp.plbind.module:log_to_console:478 - Epoch 6 Training results
2021-06-09 18:03:23.776 | INFO     | slp.util.system:print_separator:81 - --------------------------------------------------
2021-06-09 18:03:23.776 | INFO     | slp.plbind.module:log_to_console:484 - train_acc2      0.8269417881965637
2021-06-09 18:03:23.777 | INFO     | slp.plbind.module:log_to_console:484 - train_acc2_zero 0.7951845526695251
2021-06-09 18:03:23.778 | INFO     | slp.plbind.module:log_to_console:484 - train_acc5      0.5264624953269958
2021-06-09 18:03:23.779 | INFO     | slp.plbind.module:log_to_console:484 - train_acc7      0.509461522102356
2021-06-09 18:03:23.780 | INFO     | slp.plbind.module:log_to_console:484 - train_f1        0.8240190744400024
2021-06-09 18:03:23.780 | INFO     | slp.plbind.module:log_to_console:484 - train_f1_zero   0.7988405823707581
2021-06-09 18:03:23.781 | INFO     | slp.plbind.module:log_to_console:484 - train_mae       0.5944287776947021
2021-06-09 18:03:23.782 | INFO     | slp.plbind.module:log_to_console:484 - train_loss      0.5944287776947021
2021-06-09 18:03:23.782 | INFO     | slp.util.system:print_separator:81 - %%%%%%%%%%%%%%%%%%%%%%%%%%%%%%%%%%%%%%%%%%%%%%%%%%
2021-06-09 18:03:25.721 | INFO     | slp.plbind.module:log_to_console:478 - Epoch 6 Validation results
2021-06-09 18:03:25.723 | INFO     | slp.util.system:print_separator:81 - --------------------------------------------------
2021-06-09 18:03:25.726 | INFO     | slp.plbind.module:log_to_console:484 - val_acc2        0.7833961248397827
2021-06-09 18:03:25.728 | INFO     | slp.plbind.module:log_to_console:484 - val_acc2_zero   0.7390536665916443
2021-06-09 18:03:25.730 | INFO     | slp.plbind.module:log_to_console:484 - val_acc5        0.5240113139152527
2021-06-09 18:03:25.732 | INFO     | slp.plbind.module:log_to_console:484 - val_acc7        0.5176553726196289
2021-06-09 18:03:25.733 | INFO     | slp.plbind.module:log_to_console:484 - val_f1          0.788802444934845
2021-06-09 18:03:25.734 | INFO     | slp.plbind.module:log_to_console:484 - val_f1_zero     0.7548597455024719
2021-06-09 18:03:25.736 | INFO     | slp.plbind.module:log_to_console:484 - val_mae         0.5857107043266296
2021-06-09 18:03:25.737 | INFO     | slp.plbind.module:log_to_console:484 - val_loss        0.5857107043266296
2021-06-09 18:03:25.739 | INFO     | slp.plbind.module:log_to_console:484 - best_score      0.6153439879417419
2021-06-09 18:03:25.740 | INFO     | slp.util.system:print_separator:81 - %%%%%%%%%%%%%%%%%%%%%%%%%%%%%%%%%%%%%%%%%%%%%%%%%%
2021-06-09 18:03:25.743 | INFO     | slp.plbind.helpers:_run_early_stopping_check:25 - Epoch 6 Early Stopping
2021-06-09 18:03:25.744 | INFO     | slp.util.system:print_separator:81 - --------------------------------------------------
2021-06-09 18:03:25.746 | INFO     | slp.plbind.helpers:_run_early_stopping_check:27 - best score      0.5857107043266296
2021-06-09 18:03:25.747 | INFO     | slp.plbind.helpers:_run_early_stopping_check:28 - patience left   10             
2021-06-09 18:03:25.747 | INFO     | slp.util.system:print_separator:81 - ##################################################
2021-06-09 18:04:00.095 | INFO     | slp.plbind.module:log_to_console:478 - Epoch 7 Training results
2021-06-09 18:04:00.096 | INFO     | slp.util.system:print_separator:81 - --------------------------------------------------
2021-06-09 18:04:00.097 | INFO     | slp.plbind.module:log_to_console:484 - train_acc2      0.8323482275009155
2021-06-09 18:04:00.098 | INFO     | slp.plbind.module:log_to_console:484 - train_acc2_zero 0.7990722060203552
2021-06-09 18:04:00.098 | INFO     | slp.plbind.module:log_to_console:484 - train_acc5      0.5335825681686401
2021-06-09 18:04:00.099 | INFO     | slp.plbind.module:log_to_console:484 - train_acc7      0.5159088969230652
2021-06-09 18:04:00.099 | INFO     | slp.plbind.module:log_to_console:484 - train_f1        0.8295412063598633
2021-06-09 18:04:00.100 | INFO     | slp.plbind.module:log_to_console:484 - train_f1_zero   0.8025567531585693
2021-06-09 18:04:00.100 | INFO     | slp.plbind.module:log_to_console:484 - train_mae       0.585622251033783
2021-06-09 18:04:00.101 | INFO     | slp.plbind.module:log_to_console:484 - train_loss      0.585622251033783
2021-06-09 18:04:00.101 | INFO     | slp.util.system:print_separator:81 - %%%%%%%%%%%%%%%%%%%%%%%%%%%%%%%%%%%%%%%%%%%%%%%%%%
2021-06-09 18:04:01.981 | INFO     | slp.plbind.module:log_to_console:478 - Epoch 7 Validation results
2021-06-09 18:04:01.983 | INFO     | slp.util.system:print_separator:81 - --------------------------------------------------
2021-06-09 18:04:01.984 | INFO     | slp.plbind.module:log_to_console:484 - val_acc2        0.790662407875061
2021-06-09 18:04:01.986 | INFO     | slp.plbind.module:log_to_console:484 - val_acc2_zero   0.7712923288345337
2021-06-09 18:04:01.987 | INFO     | slp.plbind.module:log_to_console:484 - val_acc5        0.5324152708053589
2021-06-09 18:04:01.988 | INFO     | slp.plbind.module:log_to_console:484 - val_acc7        0.5234110355377197
2021-06-09 18:04:01.989 | INFO     | slp.plbind.module:log_to_console:484 - val_f1          0.7891102433204651
2021-06-09 18:04:01.990 | INFO     | slp.plbind.module:log_to_console:484 - val_f1_zero     0.7779061198234558
2021-06-09 18:04:01.991 | INFO     | slp.plbind.module:log_to_console:484 - val_mae         0.5827257037162781
2021-06-09 18:04:01.992 | INFO     | slp.plbind.module:log_to_console:484 - val_loss        0.5827257037162781
2021-06-09 18:04:01.993 | INFO     | slp.plbind.module:log_to_console:484 - best_score      0.5857107639312744
2021-06-09 18:04:01.994 | INFO     | slp.util.system:print_separator:81 - %%%%%%%%%%%%%%%%%%%%%%%%%%%%%%%%%%%%%%%%%%%%%%%%%%
2021-06-09 18:04:01.997 | INFO     | slp.plbind.helpers:_run_early_stopping_check:25 - Epoch 7 Early Stopping
2021-06-09 18:04:01.998 | INFO     | slp.util.system:print_separator:81 - --------------------------------------------------
2021-06-09 18:04:01.999 | INFO     | slp.plbind.helpers:_run_early_stopping_check:27 - best score      0.5827257037162781
2021-06-09 18:04:02.000 | INFO     | slp.plbind.helpers:_run_early_stopping_check:28 - patience left   10             
2021-06-09 18:04:02.000 | INFO     | slp.util.system:print_separator:81 - ##################################################
2021-06-09 18:04:37.067 | INFO     | slp.plbind.module:log_to_console:478 - Epoch 8 Training results
2021-06-09 18:04:37.068 | INFO     | slp.util.system:print_separator:81 - --------------------------------------------------
2021-06-09 18:04:37.069 | INFO     | slp.plbind.module:log_to_console:484 - train_acc2      0.8419292569160461
2021-06-09 18:04:37.069 | INFO     | slp.plbind.module:log_to_console:484 - train_acc2_zero 0.8080357313156128
2021-06-09 18:04:37.070 | INFO     | slp.plbind.module:log_to_console:484 - train_acc5      0.5417248606681824
2021-06-09 18:04:37.071 | INFO     | slp.plbind.module:log_to_console:484 - train_acc7      0.5232561826705933
2021-06-09 18:04:37.071 | INFO     | slp.plbind.module:log_to_console:484 - train_f1        0.8394843339920044
2021-06-09 18:04:37.072 | INFO     | slp.plbind.module:log_to_console:484 - train_f1_zero   0.8114914298057556
2021-06-09 18:04:37.072 | INFO     | slp.plbind.module:log_to_console:484 - train_mae       0.5668095946311951
2021-06-09 18:04:37.073 | INFO     | slp.plbind.module:log_to_console:484 - train_loss      0.5668095946311951
2021-06-09 18:04:37.073 | INFO     | slp.util.system:print_separator:81 - %%%%%%%%%%%%%%%%%%%%%%%%%%%%%%%%%%%%%%%%%%%%%%%%%%
2021-06-09 18:04:39.025 | INFO     | slp.plbind.module:log_to_console:478 - Epoch 8 Validation results
2021-06-09 18:04:39.028 | INFO     | slp.util.system:print_separator:81 - --------------------------------------------------
2021-06-09 18:04:39.030 | INFO     | slp.plbind.module:log_to_console:484 - val_acc2        0.7787923216819763
2021-06-09 18:04:39.032 | INFO     | slp.plbind.module:log_to_console:484 - val_acc2_zero   0.751694917678833
2021-06-09 18:04:39.038 | INFO     | slp.plbind.module:log_to_console:484 - val_acc5        0.5344632863998413
2021-06-09 18:04:39.041 | INFO     | slp.plbind.module:log_to_console:484 - val_acc7        0.5201624035835266
2021-06-09 18:04:39.043 | INFO     | slp.plbind.module:log_to_console:484 - val_f1          0.7799810171127319
2021-06-09 18:04:39.045 | INFO     | slp.plbind.module:log_to_console:484 - val_f1_zero     0.7613376975059509
2021-06-09 18:04:39.046 | INFO     | slp.plbind.module:log_to_console:484 - val_mae         0.5946609377861023
2021-06-09 18:04:39.048 | INFO     | slp.plbind.module:log_to_console:484 - val_loss        0.5946609377861023
2021-06-09 18:04:39.050 | INFO     | slp.plbind.module:log_to_console:484 - best_score      0.5827257633209229
2021-06-09 18:04:39.052 | INFO     | slp.util.system:print_separator:81 - %%%%%%%%%%%%%%%%%%%%%%%%%%%%%%%%%%%%%%%%%%%%%%%%%%
2021-06-09 18:04:39.055 | INFO     | slp.plbind.helpers:_run_early_stopping_check:25 - Epoch 8 Early Stopping
2021-06-09 18:04:39.057 | INFO     | slp.util.system:print_separator:81 - --------------------------------------------------
2021-06-09 18:04:39.058 | INFO     | slp.plbind.helpers:_run_early_stopping_check:27 - best score      0.5827257037162781
2021-06-09 18:04:39.060 | INFO     | slp.plbind.helpers:_run_early_stopping_check:28 - patience left   9              
2021-06-09 18:04:39.061 | INFO     | slp.util.system:print_separator:81 - ##################################################
2021-06-09 18:05:13.507 | INFO     | slp.plbind.module:log_to_console:478 - Epoch 9 Training results
2021-06-09 18:05:13.508 | INFO     | slp.util.system:print_separator:81 - --------------------------------------------------
2021-06-09 18:05:13.508 | INFO     | slp.plbind.module:log_to_console:484 - train_acc2      0.846192479133606
2021-06-09 18:05:13.509 | INFO     | slp.plbind.module:log_to_console:484 - train_acc2_zero 0.8098703622817993
2021-06-09 18:05:13.509 | INFO     | slp.plbind.module:log_to_console:484 - train_acc5      0.5520774722099304
2021-06-09 18:05:13.510 | INFO     | slp.plbind.module:log_to_console:484 - train_acc7      0.5312237739562988
2021-06-09 18:05:13.511 | INFO     | slp.plbind.module:log_to_console:484 - train_f1        0.8434663414955139
2021-06-09 18:05:13.511 | INFO     | slp.plbind.module:log_to_console:484 - train_f1_zero   0.8131884932518005
2021-06-09 18:05:13.512 | INFO     | slp.plbind.module:log_to_console:484 - train_mae       0.5553339123725891
2021-06-09 18:05:13.512 | INFO     | slp.plbind.module:log_to_console:484 - train_loss      0.5553339123725891
2021-06-09 18:05:13.513 | INFO     | slp.util.system:print_separator:81 - %%%%%%%%%%%%%%%%%%%%%%%%%%%%%%%%%%%%%%%%%%%%%%%%%%
2021-06-09 18:05:15.503 | INFO     | slp.plbind.module:log_to_console:478 - Epoch 9 Validation results
2021-06-09 18:05:15.504 | INFO     | slp.util.system:print_separator:81 - --------------------------------------------------
2021-06-09 18:05:15.505 | INFO     | slp.plbind.module:log_to_console:484 - val_acc2        0.7897951602935791
2021-06-09 18:05:15.506 | INFO     | slp.plbind.module:log_to_console:484 - val_acc2_zero   0.8097105026245117
2021-06-09 18:05:15.507 | INFO     | slp.plbind.module:log_to_console:484 - val_acc5        0.5054025650024414
2021-06-09 18:05:15.507 | INFO     | slp.plbind.module:log_to_console:484 - val_acc7        0.5032839179039001
2021-06-09 18:05:15.508 | INFO     | slp.plbind.module:log_to_console:484 - val_f1          0.7699742913246155
2021-06-09 18:05:15.509 | INFO     | slp.plbind.module:log_to_console:484 - val_f1_zero     0.7970519065856934
2021-06-09 18:05:15.510 | INFO     | slp.plbind.module:log_to_console:484 - val_mae         0.6012387275695801
2021-06-09 18:05:15.510 | INFO     | slp.plbind.module:log_to_console:484 - val_loss        0.6012387275695801
2021-06-09 18:05:15.511 | INFO     | slp.plbind.module:log_to_console:484 - best_score      0.5827257633209229
2021-06-09 18:05:15.512 | INFO     | slp.util.system:print_separator:81 - %%%%%%%%%%%%%%%%%%%%%%%%%%%%%%%%%%%%%%%%%%%%%%%%%%
2021-06-09 18:05:15.514 | INFO     | slp.plbind.helpers:_run_early_stopping_check:25 - Epoch 9 Early Stopping
2021-06-09 18:05:15.515 | INFO     | slp.util.system:print_separator:81 - --------------------------------------------------
2021-06-09 18:05:15.516 | INFO     | slp.plbind.helpers:_run_early_stopping_check:27 - best score      0.5827257037162781
2021-06-09 18:05:15.516 | INFO     | slp.plbind.helpers:_run_early_stopping_check:28 - patience left   8              
2021-06-09 18:05:15.517 | INFO     | slp.util.system:print_separator:81 - ##################################################
2021-06-09 18:05:49.837 | INFO     | slp.plbind.module:log_to_console:478 - Epoch 10 Training results
2021-06-09 18:05:49.838 | INFO     | slp.util.system:print_separator:81 - --------------------------------------------------
2021-06-09 18:05:49.839 | INFO     | slp.plbind.module:log_to_console:484 - train_acc2      0.8471916317939758
2021-06-09 18:05:49.839 | INFO     | slp.plbind.module:log_to_console:484 - train_acc2_zero 0.8124039173126221
2021-06-09 18:05:49.840 | INFO     | slp.plbind.module:log_to_console:484 - train_acc5      0.5613817572593689
2021-06-09 18:05:49.840 | INFO     | slp.plbind.module:log_to_console:484 - train_acc7      0.5419957637786865
2021-06-09 18:05:49.841 | INFO     | slp.plbind.module:log_to_console:484 - train_f1        0.8443728685379028
2021-06-09 18:05:49.841 | INFO     | slp.plbind.module:log_to_console:484 - train_f1_zero   0.8156201243400574
2021-06-09 18:05:49.842 | INFO     | slp.plbind.module:log_to_console:484 - train_mae       0.5439487099647522
2021-06-09 18:05:49.842 | INFO     | slp.plbind.module:log_to_console:484 - train_loss      0.5439487099647522
2021-06-09 18:05:49.843 | INFO     | slp.util.system:print_separator:81 - %%%%%%%%%%%%%%%%%%%%%%%%%%%%%%%%%%%%%%%%%%%%%%%%%%
2021-06-09 18:05:51.859 | INFO     | slp.plbind.module:log_to_console:478 - Epoch 10 Validation results
2021-06-09 18:05:51.860 | INFO     | slp.util.system:print_separator:81 - --------------------------------------------------
2021-06-09 18:05:51.861 | INFO     | slp.plbind.module:log_to_console:484 - val_acc2        0.7891662120819092
2021-06-09 18:05:51.862 | INFO     | slp.plbind.module:log_to_console:484 - val_acc2_zero   0.7825564742088318
2021-06-09 18:05:51.863 | INFO     | slp.plbind.module:log_to_console:484 - val_acc5        0.5298376083374023
2021-06-09 18:05:51.863 | INFO     | slp.plbind.module:log_to_console:484 - val_acc7        0.5176553726196289
2021-06-09 18:05:51.864 | INFO     | slp.plbind.module:log_to_console:484 - val_f1          0.7882989048957825
2021-06-09 18:05:51.865 | INFO     | slp.plbind.module:log_to_console:484 - val_f1_zero     0.789439857006073
2021-06-09 18:05:51.866 | INFO     | slp.plbind.module:log_to_console:484 - val_mae         0.5877019762992859
2021-06-09 18:05:51.866 | INFO     | slp.plbind.module:log_to_console:484 - val_loss        0.5877019762992859
2021-06-09 18:05:51.867 | INFO     | slp.plbind.module:log_to_console:484 - best_score      0.5827257633209229
2021-06-09 18:05:51.868 | INFO     | slp.util.system:print_separator:81 - %%%%%%%%%%%%%%%%%%%%%%%%%%%%%%%%%%%%%%%%%%%%%%%%%%
2021-06-09 18:05:51.870 | INFO     | slp.plbind.helpers:_run_early_stopping_check:25 - Epoch 10 Early Stopping
2021-06-09 18:05:51.871 | INFO     | slp.util.system:print_separator:81 - --------------------------------------------------
2021-06-09 18:05:51.872 | INFO     | slp.plbind.helpers:_run_early_stopping_check:27 - best score      0.5827257037162781
2021-06-09 18:05:51.872 | INFO     | slp.plbind.helpers:_run_early_stopping_check:28 - patience left   7              
2021-06-09 18:05:51.873 | INFO     | slp.util.system:print_separator:81 - ##################################################
2021-06-09 18:06:25.921 | INFO     | slp.plbind.module:log_to_console:478 - Epoch 11 Training results
2021-06-09 18:06:25.922 | INFO     | slp.util.system:print_separator:81 - --------------------------------------------------
2021-06-09 18:06:25.923 | INFO     | slp.plbind.module:log_to_console:484 - train_acc2      0.8604241013526917
2021-06-09 18:06:25.923 | INFO     | slp.plbind.module:log_to_console:484 - train_acc2_zero 0.8198647499084473
2021-06-09 18:06:25.924 | INFO     | slp.plbind.module:log_to_console:484 - train_acc5      0.5858173370361328
2021-06-09 18:06:25.924 | INFO     | slp.plbind.module:log_to_console:484 - train_acc7      0.5636182427406311
2021-06-09 18:06:25.925 | INFO     | slp.plbind.module:log_to_console:484 - train_f1        0.8587793111801147
2021-06-09 18:06:25.925 | INFO     | slp.plbind.module:log_to_console:484 - train_f1_zero   0.8240419626235962
2021-06-09 18:06:25.926 | INFO     | slp.plbind.module:log_to_console:484 - train_mae       0.5052311420440674
2021-06-09 18:06:25.926 | INFO     | slp.plbind.module:log_to_console:484 - train_loss      0.5052311420440674
2021-06-09 18:06:25.927 | INFO     | slp.util.system:print_separator:81 - %%%%%%%%%%%%%%%%%%%%%%%%%%%%%%%%%%%%%%%%%%%%%%%%%%
2021-06-09 18:06:27.909 | INFO     | slp.plbind.module:log_to_console:478 - Epoch 11 Validation results
2021-06-09 18:06:27.912 | INFO     | slp.util.system:print_separator:81 - --------------------------------------------------
2021-06-09 18:06:27.914 | INFO     | slp.plbind.module:log_to_console:484 - val_acc2        0.789188027381897
2021-06-09 18:06:27.916 | INFO     | slp.plbind.module:log_to_console:484 - val_acc2_zero   0.7729520201683044
2021-06-09 18:06:27.919 | INFO     | slp.plbind.module:log_to_console:484 - val_acc5        0.5397598743438721
2021-06-09 18:06:27.919 | INFO     | slp.plbind.module:log_to_console:484 - val_acc7        0.5206921100616455
2021-06-09 18:06:27.920 | INFO     | slp.plbind.module:log_to_console:484 - val_f1          0.7888367772102356
2021-06-09 18:06:27.921 | INFO     | slp.plbind.module:log_to_console:484 - val_f1_zero     0.7801827788352966
2021-06-09 18:06:27.921 | INFO     | slp.plbind.module:log_to_console:484 - val_mae         0.5885785222053528
2021-06-09 18:06:27.924 | INFO     | slp.plbind.module:log_to_console:484 - val_loss        0.5885785818099976
2021-06-09 18:06:27.926 | INFO     | slp.plbind.module:log_to_console:484 - best_score      0.5827257633209229
2021-06-09 18:06:27.928 | INFO     | slp.util.system:print_separator:81 - %%%%%%%%%%%%%%%%%%%%%%%%%%%%%%%%%%%%%%%%%%%%%%%%%%
2021-06-09 18:06:27.933 | INFO     | slp.plbind.helpers:_run_early_stopping_check:25 - Epoch 11 Early Stopping
2021-06-09 18:06:27.935 | INFO     | slp.util.system:print_separator:81 - --------------------------------------------------
2021-06-09 18:06:27.936 | INFO     | slp.plbind.helpers:_run_early_stopping_check:27 - best score      0.5827257037162781
2021-06-09 18:06:27.936 | INFO     | slp.plbind.helpers:_run_early_stopping_check:28 - patience left   6              
2021-06-09 18:06:27.937 | INFO     | slp.util.system:print_separator:81 - ##################################################
2021-06-09 18:07:01.968 | INFO     | slp.plbind.module:log_to_console:478 - Epoch 12 Training results
2021-06-09 18:07:01.969 | INFO     | slp.util.system:print_separator:81 - --------------------------------------------------
2021-06-09 18:07:01.969 | INFO     | slp.plbind.module:log_to_console:484 - train_acc2      0.8658192157745361
2021-06-09 18:07:01.970 | INFO     | slp.plbind.module:log_to_console:484 - train_acc2_zero 0.8237524628639221
2021-06-09 18:07:01.971 | INFO     | slp.plbind.module:log_to_console:484 - train_acc5      0.6000926494598389
2021-06-09 18:07:01.971 | INFO     | slp.plbind.module:log_to_console:484 - train_acc7      0.57685387134552
2021-06-09 18:07:01.972 | INFO     | slp.plbind.module:log_to_console:484 - train_f1        0.8644939661026001
2021-06-09 18:07:01.972 | INFO     | slp.plbind.module:log_to_console:484 - train_f1_zero   0.8282070755958557
2021-06-09 18:07:01.973 | INFO     | slp.plbind.module:log_to_console:484 - train_mae       0.4931189715862274
2021-06-09 18:07:01.973 | INFO     | slp.plbind.module:log_to_console:484 - train_loss      0.4931189715862274
2021-06-09 18:07:01.974 | INFO     | slp.util.system:print_separator:81 - %%%%%%%%%%%%%%%%%%%%%%%%%%%%%%%%%%%%%%%%%%%%%%%%%%
2021-06-09 18:07:03.914 | INFO     | slp.plbind.module:log_to_console:478 - Epoch 12 Validation results
2021-06-09 18:07:03.916 | INFO     | slp.util.system:print_separator:81 - --------------------------------------------------
2021-06-09 18:07:03.918 | INFO     | slp.plbind.module:log_to_console:484 - val_acc2        0.7895864844322205
2021-06-09 18:07:03.919 | INFO     | slp.plbind.module:log_to_console:484 - val_acc2_zero   0.7836863994598389
2021-06-09 18:07:03.921 | INFO     | slp.plbind.module:log_to_console:484 - val_acc5        0.5299788117408752
2021-06-09 18:07:03.923 | INFO     | slp.plbind.module:log_to_console:484 - val_acc7        0.5162076354026794
2021-06-09 18:07:03.925 | INFO     | slp.plbind.module:log_to_console:484 - val_f1          0.7773209810256958
2021-06-09 18:07:03.926 | INFO     | slp.plbind.module:log_to_console:484 - val_f1_zero     0.7799806594848633
2021-06-09 18:07:03.928 | INFO     | slp.plbind.module:log_to_console:484 - val_mae         0.584330141544342
2021-06-09 18:07:03.930 | INFO     | slp.plbind.module:log_to_console:484 - val_loss        0.584330141544342
2021-06-09 18:07:03.931 | INFO     | slp.plbind.module:log_to_console:484 - best_score      0.5827257633209229
2021-06-09 18:07:03.932 | INFO     | slp.util.system:print_separator:81 - %%%%%%%%%%%%%%%%%%%%%%%%%%%%%%%%%%%%%%%%%%%%%%%%%%
2021-06-09 18:07:03.936 | INFO     | slp.plbind.helpers:_run_early_stopping_check:25 - Epoch 12 Early Stopping
2021-06-09 18:07:03.937 | INFO     | slp.util.system:print_separator:81 - --------------------------------------------------
2021-06-09 18:07:03.939 | INFO     | slp.plbind.helpers:_run_early_stopping_check:27 - best score      0.5827257037162781
2021-06-09 18:07:03.940 | INFO     | slp.plbind.helpers:_run_early_stopping_check:28 - patience left   5              
2021-06-09 18:07:03.940 | INFO     | slp.util.system:print_separator:81 - ##################################################
2021-06-09 18:07:38.110 | INFO     | slp.plbind.module:log_to_console:478 - Epoch 13 Training results
2021-06-09 18:07:38.110 | INFO     | slp.util.system:print_separator:81 - --------------------------------------------------
2021-06-09 18:07:38.111 | INFO     | slp.plbind.module:log_to_console:484 - train_acc2      0.8685649633407593
2021-06-09 18:07:38.111 | INFO     | slp.plbind.module:log_to_console:484 - train_acc2_zero 0.8292476534843445
2021-06-09 18:07:38.112 | INFO     | slp.plbind.module:log_to_console:484 - train_acc5      0.6068544983863831
2021-06-09 18:07:38.113 | INFO     | slp.plbind.module:log_to_console:484 - train_acc7      0.5837380886077881
2021-06-09 18:07:38.113 | INFO     | slp.plbind.module:log_to_console:484 - train_f1        0.8668525218963623
2021-06-09 18:07:38.114 | INFO     | slp.plbind.module:log_to_console:484 - train_f1_zero   0.8332470655441284
2021-06-09 18:07:38.114 | INFO     | slp.plbind.module:log_to_console:484 - train_mae       0.4835146367549896
2021-06-09 18:07:38.115 | INFO     | slp.plbind.module:log_to_console:484 - train_loss      0.4835146367549896
2021-06-09 18:07:38.115 | INFO     | slp.util.system:print_separator:81 - %%%%%%%%%%%%%%%%%%%%%%%%%%%%%%%%%%%%%%%%%%%%%%%%%%
2021-06-09 18:07:40.011 | INFO     | slp.plbind.module:log_to_console:478 - Epoch 13 Validation results
2021-06-09 18:07:40.012 | INFO     | slp.util.system:print_separator:81 - --------------------------------------------------
2021-06-09 18:07:40.013 | INFO     | slp.plbind.module:log_to_console:484 - val_acc2        0.7807127237319946
2021-06-09 18:07:40.013 | INFO     | slp.plbind.module:log_to_console:484 - val_acc2_zero   0.7432909607887268
2021-06-09 18:07:40.014 | INFO     | slp.plbind.module:log_to_console:484 - val_acc5        0.5271186232566833
2021-06-09 18:07:40.015 | INFO     | slp.plbind.module:log_to_console:484 - val_acc7        0.5165254473686218
2021-06-09 18:07:40.016 | INFO     | slp.plbind.module:log_to_console:484 - val_f1          0.7869069576263428
2021-06-09 18:07:40.016 | INFO     | slp.plbind.module:log_to_console:484 - val_f1_zero     0.7577367424964905
2021-06-09 18:07:40.017 | INFO     | slp.plbind.module:log_to_console:484 - val_mae         0.5803940296173096
2021-06-09 18:07:40.018 | INFO     | slp.plbind.module:log_to_console:484 - val_loss        0.5803940296173096
2021-06-09 18:07:40.018 | INFO     | slp.plbind.module:log_to_console:484 - best_score      0.5827257633209229
2021-06-09 18:07:40.019 | INFO     | slp.util.system:print_separator:81 - %%%%%%%%%%%%%%%%%%%%%%%%%%%%%%%%%%%%%%%%%%%%%%%%%%
2021-06-09 18:07:40.021 | INFO     | slp.plbind.helpers:_run_early_stopping_check:25 - Epoch 13 Early Stopping
2021-06-09 18:07:40.022 | INFO     | slp.util.system:print_separator:81 - --------------------------------------------------
2021-06-09 18:07:40.023 | INFO     | slp.plbind.helpers:_run_early_stopping_check:27 - best score      0.5803940296173096
2021-06-09 18:07:40.023 | INFO     | slp.plbind.helpers:_run_early_stopping_check:28 - patience left   10             
2021-06-09 18:07:40.024 | INFO     | slp.util.system:print_separator:81 - ##################################################
2021-06-09 18:08:13.494 | INFO     | slp.plbind.module:log_to_console:478 - Epoch 14 Training results
2021-06-09 18:08:13.495 | INFO     | slp.util.system:print_separator:81 - --------------------------------------------------
2021-06-09 18:08:13.495 | INFO     | slp.plbind.module:log_to_console:484 - train_acc2      0.8749969005584717
2021-06-09 18:08:13.496 | INFO     | slp.plbind.module:log_to_console:484 - train_acc2_zero 0.8273518681526184
2021-06-09 18:08:13.496 | INFO     | slp.plbind.module:log_to_console:484 - train_acc5      0.6142805218696594
2021-06-09 18:08:13.497 | INFO     | slp.plbind.module:log_to_console:484 - train_acc7      0.5900021195411682
2021-06-09 18:08:13.498 | INFO     | slp.plbind.module:log_to_console:484 - train_f1        0.8735947012901306
2021-06-09 18:08:13.498 | INFO     | slp.plbind.module:log_to_console:484 - train_f1_zero   0.8317427635192871
2021-06-09 18:08:13.498 | INFO     | slp.plbind.module:log_to_console:484 - train_mae       0.4708467125892639
2021-06-09 18:08:13.499 | INFO     | slp.plbind.module:log_to_console:484 - train_loss      0.4708467125892639
2021-06-09 18:08:13.500 | INFO     | slp.util.system:print_separator:81 - %%%%%%%%%%%%%%%%%%%%%%%%%%%%%%%%%%%%%%%%%%%%%%%%%%
2021-06-09 18:08:15.445 | INFO     | slp.plbind.module:log_to_console:478 - Epoch 14 Validation results
2021-06-09 18:08:15.447 | INFO     | slp.util.system:print_separator:81 - --------------------------------------------------
2021-06-09 18:08:15.450 | INFO     | slp.plbind.module:log_to_console:484 - val_acc2        0.7884275913238525
2021-06-09 18:08:15.452 | INFO     | slp.plbind.module:log_to_console:484 - val_acc2_zero   0.769844651222229
2021-06-09 18:08:15.454 | INFO     | slp.plbind.module:log_to_console:484 - val_acc5        0.542019784450531
2021-06-09 18:08:15.455 | INFO     | slp.plbind.module:log_to_console:484 - val_acc7        0.5266596078872681
2021-06-09 18:08:15.457 | INFO     | slp.plbind.module:log_to_console:484 - val_f1          0.7908788919448853
2021-06-09 18:08:15.459 | INFO     | slp.plbind.module:log_to_console:484 - val_f1_zero     0.7808052897453308
2021-06-09 18:08:15.461 | INFO     | slp.plbind.module:log_to_console:484 - val_mae         0.5945084095001221
2021-06-09 18:08:15.463 | INFO     | slp.plbind.module:log_to_console:484 - val_loss        0.5945084095001221
2021-06-09 18:08:15.464 | INFO     | slp.plbind.module:log_to_console:484 - best_score      0.5803940892219543
2021-06-09 18:08:15.465 | INFO     | slp.util.system:print_separator:81 - %%%%%%%%%%%%%%%%%%%%%%%%%%%%%%%%%%%%%%%%%%%%%%%%%%
2021-06-09 18:08:15.469 | INFO     | slp.plbind.helpers:_run_early_stopping_check:25 - Epoch 14 Early Stopping
2021-06-09 18:08:15.470 | INFO     | slp.util.system:print_separator:81 - --------------------------------------------------
2021-06-09 18:08:15.471 | INFO     | slp.plbind.helpers:_run_early_stopping_check:27 - best score      0.5803940296173096
2021-06-09 18:08:15.473 | INFO     | slp.plbind.helpers:_run_early_stopping_check:28 - patience left   9              
2021-06-09 18:08:15.474 | INFO     | slp.util.system:print_separator:81 - ##################################################
2021-06-09 18:08:49.150 | INFO     | slp.plbind.module:log_to_console:478 - Epoch 15 Training results
2021-06-09 18:08:49.151 | INFO     | slp.util.system:print_separator:81 - --------------------------------------------------
2021-06-09 18:08:49.152 | INFO     | slp.plbind.module:log_to_console:484 - train_acc2      0.8724009990692139
2021-06-09 18:08:49.152 | INFO     | slp.plbind.module:log_to_console:484 - train_acc2_zero 0.8317636847496033
2021-06-09 18:08:49.153 | INFO     | slp.plbind.module:log_to_console:484 - train_acc5      0.6211298108100891
2021-06-09 18:08:49.153 | INFO     | slp.plbind.module:log_to_console:484 - train_acc7      0.5964845418930054
2021-06-09 18:08:49.154 | INFO     | slp.plbind.module:log_to_console:484 - train_f1        0.8708038330078125
2021-06-09 18:08:49.154 | INFO     | slp.plbind.module:log_to_console:484 - train_f1_zero   0.835343062877655
2021-06-09 18:08:49.155 | INFO     | slp.plbind.module:log_to_console:484 - train_mae       0.4630996286869049
2021-06-09 18:08:49.155 | INFO     | slp.plbind.module:log_to_console:484 - train_loss      0.4630996286869049
2021-06-09 18:08:49.156 | INFO     | slp.util.system:print_separator:81 - %%%%%%%%%%%%%%%%%%%%%%%%%%%%%%%%%%%%%%%%%%%%%%%%%%
2021-06-09 18:08:51.182 | INFO     | slp.plbind.module:log_to_console:478 - Epoch 15 Validation results
2021-06-09 18:08:51.185 | INFO     | slp.util.system:print_separator:81 - --------------------------------------------------
2021-06-09 18:08:51.187 | INFO     | slp.plbind.module:log_to_console:484 - val_acc2        0.791792094707489
2021-06-09 18:08:51.189 | INFO     | slp.plbind.module:log_to_console:484 - val_acc2_zero   0.7943503260612488
2021-06-09 18:08:51.191 | INFO     | slp.plbind.module:log_to_console:484 - val_acc5        0.5282486081123352
2021-06-09 18:08:51.193 | INFO     | slp.plbind.module:log_to_console:484 - val_acc7        0.5128884315490723
2021-06-09 18:08:51.195 | INFO     | slp.plbind.module:log_to_console:484 - val_f1          0.7810806035995483
2021-06-09 18:08:51.197 | INFO     | slp.plbind.module:log_to_console:484 - val_f1_zero     0.7908650040626526
2021-06-09 18:08:51.199 | INFO     | slp.plbind.module:log_to_console:484 - val_mae         0.6015822887420654
2021-06-09 18:08:51.201 | INFO     | slp.plbind.module:log_to_console:484 - val_loss        0.6015822887420654
2021-06-09 18:08:51.202 | INFO     | slp.plbind.module:log_to_console:484 - best_score      0.5803940892219543
2021-06-09 18:08:51.204 | INFO     | slp.util.system:print_separator:81 - %%%%%%%%%%%%%%%%%%%%%%%%%%%%%%%%%%%%%%%%%%%%%%%%%%
2021-06-09 18:08:51.209 | INFO     | slp.plbind.helpers:_run_early_stopping_check:25 - Epoch 15 Early Stopping
2021-06-09 18:08:51.211 | INFO     | slp.util.system:print_separator:81 - --------------------------------------------------
2021-06-09 18:08:51.213 | INFO     | slp.plbind.helpers:_run_early_stopping_check:27 - best score      0.5803940296173096
2021-06-09 18:08:51.215 | INFO     | slp.plbind.helpers:_run_early_stopping_check:28 - patience left   8              
2021-06-09 18:08:51.217 | INFO     | slp.util.system:print_separator:81 - ##################################################
2021-06-09 18:09:25.047 | INFO     | slp.plbind.module:log_to_console:478 - Epoch 16 Training results
2021-06-09 18:09:25.047 | INFO     | slp.util.system:print_separator:81 - --------------------------------------------------
2021-06-09 18:09:25.048 | INFO     | slp.plbind.module:log_to_console:484 - train_acc2      0.8777447938919067
2021-06-09 18:09:25.049 | INFO     | slp.plbind.module:log_to_console:484 - train_acc2_zero 0.8350310921669006
2021-06-09 18:09:25.049 | INFO     | slp.plbind.module:log_to_console:484 - train_acc5      0.6292371153831482
2021-06-09 18:09:25.050 | INFO     | slp.plbind.module:log_to_console:484 - train_acc7      0.6049238443374634
2021-06-09 18:09:25.050 | INFO     | slp.plbind.module:log_to_console:484 - train_f1        0.8762422800064087
2021-06-09 18:09:25.050 | INFO     | slp.plbind.module:log_to_console:484 - train_f1_zero   0.8385645747184753
2021-06-09 18:09:25.051 | INFO     | slp.plbind.module:log_to_console:484 - train_mae       0.45327842235565186
2021-06-09 18:09:25.051 | INFO     | slp.plbind.module:log_to_console:484 - train_loss      0.45327842235565186
2021-06-09 18:09:25.052 | INFO     | slp.util.system:print_separator:81 - %%%%%%%%%%%%%%%%%%%%%%%%%%%%%%%%%%%%%%%%%%%%%%%%%%
2021-06-09 18:09:26.972 | INFO     | slp.plbind.module:log_to_console:478 - Epoch 16 Validation results
2021-06-09 18:09:26.973 | INFO     | slp.util.system:print_separator:81 - --------------------------------------------------
2021-06-09 18:09:26.975 | INFO     | slp.plbind.module:log_to_console:484 - val_acc2        0.7933378219604492
2021-06-09 18:09:26.976 | INFO     | slp.plbind.module:log_to_console:484 - val_acc2_zero   0.7805084586143494
2021-06-09 18:09:26.977 | INFO     | slp.plbind.module:log_to_console:484 - val_acc5        0.534004271030426
2021-06-09 18:09:26.978 | INFO     | slp.plbind.module:log_to_console:484 - val_acc7        0.5202330350875854
2021-06-09 18:09:26.979 | INFO     | slp.plbind.module:log_to_console:484 - val_f1          0.7872452735900879
2021-06-09 18:09:26.980 | INFO     | slp.plbind.module:log_to_console:484 - val_f1_zero     0.7828662395477295
2021-06-09 18:09:26.981 | INFO     | slp.plbind.module:log_to_console:484 - val_mae         0.5975304841995239
2021-06-09 18:09:26.982 | INFO     | slp.plbind.module:log_to_console:484 - val_loss        0.5975304841995239
2021-06-09 18:09:26.983 | INFO     | slp.plbind.module:log_to_console:484 - best_score      0.5803940892219543
2021-06-09 18:09:26.985 | INFO     | slp.util.system:print_separator:81 - %%%%%%%%%%%%%%%%%%%%%%%%%%%%%%%%%%%%%%%%%%%%%%%%%%
2021-06-09 18:09:26.988 | INFO     | slp.plbind.helpers:_run_early_stopping_check:25 - Epoch 16 Early Stopping
2021-06-09 18:09:26.989 | INFO     | slp.util.system:print_separator:81 - --------------------------------------------------
2021-06-09 18:09:26.990 | INFO     | slp.plbind.helpers:_run_early_stopping_check:27 - best score      0.5803940296173096
2021-06-09 18:09:26.991 | INFO     | slp.plbind.helpers:_run_early_stopping_check:28 - patience left   7              
2021-06-09 18:09:26.991 | INFO     | slp.util.system:print_separator:81 - ##################################################
2021-06-09 18:10:01.000 | INFO     | slp.plbind.module:log_to_console:478 - Epoch 17 Training results
2021-06-09 18:10:01.001 | INFO     | slp.util.system:print_separator:81 - --------------------------------------------------
2021-06-09 18:10:01.002 | INFO     | slp.plbind.module:log_to_console:484 - train_acc2      0.8848872780799866
2021-06-09 18:10:01.003 | INFO     | slp.plbind.module:log_to_console:484 - train_acc2_zero 0.8353980183601379
2021-06-09 18:10:01.004 | INFO     | slp.plbind.module:log_to_console:484 - train_acc5      0.6528253555297852
2021-06-09 18:10:01.005 | INFO     | slp.plbind.module:log_to_console:484 - train_acc7      0.628669261932373
2021-06-09 18:10:01.005 | INFO     | slp.plbind.module:log_to_console:484 - train_f1        0.8841100335121155
2021-06-09 18:10:01.006 | INFO     | slp.plbind.module:log_to_console:484 - train_f1_zero   0.8400611281394958
2021-06-09 18:10:01.006 | INFO     | slp.plbind.module:log_to_console:484 - train_mae       0.4272972047328949
2021-06-09 18:10:01.007 | INFO     | slp.plbind.module:log_to_console:484 - train_loss      0.4272972047328949
2021-06-09 18:10:01.008 | INFO     | slp.util.system:print_separator:81 - %%%%%%%%%%%%%%%%%%%%%%%%%%%%%%%%%%%%%%%%%%%%%%%%%%
2021-06-09 18:10:02.845 | INFO     | slp.plbind.module:log_to_console:478 - Epoch 17 Validation results
2021-06-09 18:10:02.847 | INFO     | slp.util.system:print_separator:81 - --------------------------------------------------
2021-06-09 18:10:02.850 | INFO     | slp.plbind.module:log_to_console:484 - val_acc2        0.7901641130447388
2021-06-09 18:10:02.852 | INFO     | slp.plbind.module:log_to_console:484 - val_acc2_zero   0.7740113139152527
2021-06-09 18:10:02.854 | INFO     | slp.plbind.module:log_to_console:484 - val_acc5        0.5239406824111938
2021-06-09 18:10:02.856 | INFO     | slp.plbind.module:log_to_console:484 - val_acc7        0.509110152721405
2021-06-09 18:10:02.858 | INFO     | slp.plbind.module:log_to_console:484 - val_f1          0.7909472584724426
2021-06-09 18:10:02.859 | INFO     | slp.plbind.module:log_to_console:484 - val_f1_zero     0.7832475304603577
2021-06-09 18:10:02.861 | INFO     | slp.plbind.module:log_to_console:484 - val_mae         0.5933749675750732
2021-06-09 18:10:02.862 | INFO     | slp.plbind.module:log_to_console:484 - val_loss        0.5933749675750732
2021-06-09 18:10:02.864 | INFO     | slp.plbind.module:log_to_console:484 - best_score      0.5803940892219543
2021-06-09 18:10:02.865 | INFO     | slp.util.system:print_separator:81 - %%%%%%%%%%%%%%%%%%%%%%%%%%%%%%%%%%%%%%%%%%%%%%%%%%
2021-06-09 18:10:02.869 | INFO     | slp.plbind.helpers:_run_early_stopping_check:25 - Epoch 17 Early Stopping
2021-06-09 18:10:02.870 | INFO     | slp.util.system:print_separator:81 - --------------------------------------------------
2021-06-09 18:10:02.872 | INFO     | slp.plbind.helpers:_run_early_stopping_check:27 - best score      0.5803940296173096
2021-06-09 18:10:02.873 | INFO     | slp.plbind.helpers:_run_early_stopping_check:28 - patience left   6              
2021-06-09 18:10:02.874 | INFO     | slp.util.system:print_separator:81 - ##################################################
2021-06-09 18:10:37.227 | INFO     | slp.plbind.module:log_to_console:478 - Epoch 18 Training results
2021-06-09 18:10:37.228 | INFO     | slp.util.system:print_separator:81 - --------------------------------------------------
2021-06-09 18:10:37.228 | INFO     | slp.plbind.module:log_to_console:484 - train_acc2      0.8845332860946655
2021-06-09 18:10:37.229 | INFO     | slp.plbind.module:log_to_console:484 - train_acc2_zero 0.8360444903373718
2021-06-09 18:10:37.230 | INFO     | slp.plbind.module:log_to_console:484 - train_acc5      0.6561102271080017
2021-06-09 18:10:37.230 | INFO     | slp.plbind.module:log_to_console:484 - train_acc7      0.6312465071678162
2021-06-09 18:10:37.231 | INFO     | slp.plbind.module:log_to_console:484 - train_f1        0.8835961818695068
2021-06-09 18:10:37.231 | INFO     | slp.plbind.module:log_to_console:484 - train_f1_zero   0.8407171964645386
2021-06-09 18:10:37.232 | INFO     | slp.plbind.module:log_to_console:484 - train_mae       0.4193429946899414
2021-06-09 18:10:37.232 | INFO     | slp.plbind.module:log_to_console:484 - train_loss      0.4193429946899414
2021-06-09 18:10:37.233 | INFO     | slp.util.system:print_separator:81 - %%%%%%%%%%%%%%%%%%%%%%%%%%%%%%%%%%%%%%%%%%%%%%%%%%
2021-06-09 18:10:39.064 | INFO     | slp.plbind.module:log_to_console:478 - Epoch 18 Validation results
2021-06-09 18:10:39.066 | INFO     | slp.util.system:print_separator:81 - --------------------------------------------------
2021-06-09 18:10:39.067 | INFO     | slp.plbind.module:log_to_console:484 - val_acc2        0.7934195399284363
2021-06-09 18:10:39.068 | INFO     | slp.plbind.module:log_to_console:484 - val_acc2_zero   0.7788488864898682
2021-06-09 18:10:39.070 | INFO     | slp.plbind.module:log_to_console:484 - val_acc5        0.5217514038085938
2021-06-09 18:10:39.071 | INFO     | slp.plbind.module:log_to_console:484 - val_acc7        0.5063912272453308
2021-06-09 18:10:39.073 | INFO     | slp.plbind.module:log_to_console:484 - val_f1          0.7955621480941772
2021-06-09 18:10:39.074 | INFO     | slp.plbind.module:log_to_console:484 - val_f1_zero     0.7881819009780884
2021-06-09 18:10:39.075 | INFO     | slp.plbind.module:log_to_console:484 - val_mae         0.6008267402648926
2021-06-09 18:10:39.077 | INFO     | slp.plbind.module:log_to_console:484 - val_loss        0.6008267402648926
2021-06-09 18:10:39.078 | INFO     | slp.plbind.module:log_to_console:484 - best_score      0.5803940892219543
2021-06-09 18:10:39.079 | INFO     | slp.util.system:print_separator:81 - %%%%%%%%%%%%%%%%%%%%%%%%%%%%%%%%%%%%%%%%%%%%%%%%%%
2021-06-09 18:10:39.082 | INFO     | slp.plbind.helpers:_run_early_stopping_check:25 - Epoch 18 Early Stopping
2021-06-09 18:10:39.084 | INFO     | slp.util.system:print_separator:81 - --------------------------------------------------
2021-06-09 18:10:39.085 | INFO     | slp.plbind.helpers:_run_early_stopping_check:27 - best score      0.5803940296173096
2021-06-09 18:10:39.086 | INFO     | slp.plbind.helpers:_run_early_stopping_check:28 - patience left   5              
2021-06-09 18:10:39.087 | INFO     | slp.util.system:print_separator:81 - ##################################################
2021-06-09 18:11:13.473 | INFO     | slp.plbind.module:log_to_console:478 - Epoch 19 Training results
2021-06-09 18:11:13.474 | INFO     | slp.util.system:print_separator:81 - --------------------------------------------------
2021-06-09 18:11:13.474 | INFO     | slp.plbind.module:log_to_console:484 - train_acc2      0.8874861598014832
2021-06-09 18:11:13.475 | INFO     | slp.plbind.module:log_to_console:484 - train_acc2_zero 0.8381237983703613
2021-06-09 18:11:13.476 | INFO     | slp.plbind.module:log_to_console:484 - train_acc5      0.6638593673706055
2021-06-09 18:11:13.476 | INFO     | slp.plbind.module:log_to_console:484 - train_acc7      0.6392752528190613
2021-06-09 18:11:13.477 | INFO     | slp.plbind.module:log_to_console:484 - train_f1        0.8867087960243225
2021-06-09 18:11:13.477 | INFO     | slp.plbind.module:log_to_console:484 - train_f1_zero   0.842815637588501
2021-06-09 18:11:13.478 | INFO     | slp.plbind.module:log_to_console:484 - train_mae       0.4129294157028198
2021-06-09 18:11:13.478 | INFO     | slp.plbind.module:log_to_console:484 - train_loss      0.4129294157028198
2021-06-09 18:11:13.479 | INFO     | slp.util.system:print_separator:81 - %%%%%%%%%%%%%%%%%%%%%%%%%%%%%%%%%%%%%%%%%%%%%%%%%%
2021-06-09 18:11:15.417 | INFO     | slp.plbind.module:log_to_console:478 - Epoch 19 Validation results
2021-06-09 18:11:15.420 | INFO     | slp.util.system:print_separator:81 - --------------------------------------------------
2021-06-09 18:11:15.422 | INFO     | slp.plbind.module:log_to_console:484 - val_acc2        0.7948816418647766
2021-06-09 18:11:15.425 | INFO     | slp.plbind.module:log_to_console:484 - val_acc2_zero   0.7963277101516724
2021-06-09 18:11:15.442 | INFO     | slp.plbind.module:log_to_console:484 - val_acc5        0.527189314365387
2021-06-09 18:11:15.462 | INFO     | slp.plbind.module:log_to_console:484 - val_acc7        0.5144774317741394
2021-06-09 18:11:15.464 | INFO     | slp.plbind.module:log_to_console:484 - val_f1          0.79414302110672
2021-06-09 18:11:15.466 | INFO     | slp.plbind.module:log_to_console:484 - val_f1_zero     0.8017156720161438
2021-06-09 18:11:15.469 | INFO     | slp.plbind.module:log_to_console:484 - val_mae         0.5902096033096313
2021-06-09 18:11:15.471 | INFO     | slp.plbind.module:log_to_console:484 - val_loss        0.5902096033096313
2021-06-09 18:11:15.473 | INFO     | slp.plbind.module:log_to_console:484 - best_score      0.5803940892219543
2021-06-09 18:11:15.475 | INFO     | slp.util.system:print_separator:81 - %%%%%%%%%%%%%%%%%%%%%%%%%%%%%%%%%%%%%%%%%%%%%%%%%%
2021-06-09 18:11:15.479 | INFO     | slp.plbind.helpers:_run_early_stopping_check:25 - Epoch 19 Early Stopping
2021-06-09 18:11:15.480 | INFO     | slp.util.system:print_separator:81 - --------------------------------------------------
2021-06-09 18:11:15.482 | INFO     | slp.plbind.helpers:_run_early_stopping_check:27 - best score      0.5803940296173096
2021-06-09 18:11:15.484 | INFO     | slp.plbind.helpers:_run_early_stopping_check:28 - patience left   4              
2021-06-09 18:11:15.485 | INFO     | slp.util.system:print_separator:81 - ##################################################
2021-06-09 18:11:49.225 | INFO     | slp.plbind.module:log_to_console:478 - Epoch 20 Training results
2021-06-09 18:11:49.225 | INFO     | slp.util.system:print_separator:81 - --------------------------------------------------
2021-06-09 18:11:49.226 | INFO     | slp.plbind.module:log_to_console:484 - train_acc2      0.8904154896736145
2021-06-09 18:11:49.227 | INFO     | slp.plbind.module:log_to_console:484 - train_acc2_zero 0.8416095972061157
2021-06-09 18:11:49.227 | INFO     | slp.plbind.module:log_to_console:484 - train_acc5      0.6698787808418274
2021-06-09 18:11:49.228 | INFO     | slp.plbind.module:log_to_console:484 - train_acc7      0.6449888348579407
2021-06-09 18:11:49.228 | INFO     | slp.plbind.module:log_to_console:484 - train_f1        0.8895144462585449
2021-06-09 18:11:49.229 | INFO     | slp.plbind.module:log_to_console:484 - train_f1_zero   0.8460840582847595
2021-06-09 18:11:49.230 | INFO     | slp.plbind.module:log_to_console:484 - train_mae       0.4062819182872772
2021-06-09 18:11:49.230 | INFO     | slp.plbind.module:log_to_console:484 - train_loss      0.4062819182872772
2021-06-09 18:11:49.231 | INFO     | slp.util.system:print_separator:81 - %%%%%%%%%%%%%%%%%%%%%%%%%%%%%%%%%%%%%%%%%%%%%%%%%%
2021-06-09 18:11:51.243 | INFO     | slp.plbind.module:log_to_console:478 - Epoch 20 Validation results
2021-06-09 18:11:51.244 | INFO     | slp.util.system:print_separator:81 - --------------------------------------------------
2021-06-09 18:11:51.245 | INFO     | slp.plbind.module:log_to_console:484 - val_acc2        0.7833122611045837
2021-06-09 18:11:51.245 | INFO     | slp.plbind.module:log_to_console:484 - val_acc2_zero   0.7793785333633423
2021-06-09 18:11:51.246 | INFO     | slp.plbind.module:log_to_console:484 - val_acc5        0.5228813886642456
2021-06-09 18:11:51.247 | INFO     | slp.plbind.module:log_to_console:484 - val_acc7        0.5085805058479309
2021-06-09 18:11:51.248 | INFO     | slp.plbind.module:log_to_console:484 - val_f1          0.7842362523078918
2021-06-09 18:11:51.248 | INFO     | slp.plbind.module:log_to_console:484 - val_f1_zero     0.7870107889175415
2021-06-09 18:11:51.249 | INFO     | slp.plbind.module:log_to_console:484 - val_mae         0.597693145275116
2021-06-09 18:11:51.250 | INFO     | slp.plbind.module:log_to_console:484 - val_loss        0.597693145275116
2021-06-09 18:11:51.251 | INFO     | slp.plbind.module:log_to_console:484 - best_score      0.5803940892219543
2021-06-09 18:11:51.251 | INFO     | slp.util.system:print_separator:81 - %%%%%%%%%%%%%%%%%%%%%%%%%%%%%%%%%%%%%%%%%%%%%%%%%%
2021-06-09 18:11:51.254 | INFO     | slp.plbind.helpers:_run_early_stopping_check:25 - Epoch 20 Early Stopping
2021-06-09 18:11:51.255 | INFO     | slp.util.system:print_separator:81 - --------------------------------------------------
2021-06-09 18:11:51.256 | INFO     | slp.plbind.helpers:_run_early_stopping_check:27 - best score      0.5803940296173096
2021-06-09 18:11:51.257 | INFO     | slp.plbind.helpers:_run_early_stopping_check:28 - patience left   3              
2021-06-09 18:11:51.257 | INFO     | slp.util.system:print_separator:81 - ##################################################
2021-06-09 18:12:26.143 | INFO     | slp.plbind.module:log_to_console:478 - Epoch 21 Training results
2021-06-09 18:12:26.144 | INFO     | slp.util.system:print_separator:81 - --------------------------------------------------
2021-06-09 18:12:26.145 | INFO     | slp.plbind.module:log_to_console:484 - train_acc2      0.8906118273735046
2021-06-09 18:12:26.145 | INFO     | slp.plbind.module:log_to_console:484 - train_acc2_zero 0.8406922817230225
2021-06-09 18:12:26.146 | INFO     | slp.plbind.module:log_to_console:484 - train_acc5      0.6710144877433777
2021-06-09 18:12:26.146 | INFO     | slp.plbind.module:log_to_console:484 - train_acc7      0.646797239780426
2021-06-09 18:12:26.147 | INFO     | slp.plbind.module:log_to_console:484 - train_f1        0.8893917798995972
2021-06-09 18:12:26.148 | INFO     | slp.plbind.module:log_to_console:484 - train_f1_zero   0.8450055718421936
2021-06-09 18:12:26.148 | INFO     | slp.plbind.module:log_to_console:484 - train_mae       0.39856526255607605
2021-06-09 18:12:26.149 | INFO     | slp.plbind.module:log_to_console:484 - train_loss      0.39856526255607605
2021-06-09 18:12:26.149 | INFO     | slp.util.system:print_separator:81 - %%%%%%%%%%%%%%%%%%%%%%%%%%%%%%%%%%%%%%%%%%%%%%%%%%
2021-06-09 18:12:28.103 | INFO     | slp.plbind.module:log_to_console:478 - Epoch 21 Validation results
2021-06-09 18:12:28.106 | INFO     | slp.util.system:print_separator:81 - --------------------------------------------------
2021-06-09 18:12:28.108 | INFO     | slp.plbind.module:log_to_console:484 - val_acc2        0.7935274839401245
2021-06-09 18:12:28.110 | INFO     | slp.plbind.module:log_to_console:484 - val_acc2_zero   0.7729520201683044
2021-06-09 18:12:28.112 | INFO     | slp.plbind.module:log_to_console:484 - val_acc5        0.527189314365387
2021-06-09 18:12:28.114 | INFO     | slp.plbind.module:log_to_console:484 - val_acc7        0.510769784450531
2021-06-09 18:12:28.115 | INFO     | slp.plbind.module:log_to_console:484 - val_f1          0.7954191565513611
2021-06-09 18:12:28.116 | INFO     | slp.plbind.module:log_to_console:484 - val_f1_zero     0.7824639678001404
2021-06-09 18:12:28.116 | INFO     | slp.plbind.module:log_to_console:484 - val_mae         0.6147467494010925
2021-06-09 18:12:28.117 | INFO     | slp.plbind.module:log_to_console:484 - val_loss        0.6147467494010925
2021-06-09 18:12:28.118 | INFO     | slp.plbind.module:log_to_console:484 - best_score      0.5803940892219543
2021-06-09 18:12:28.118 | INFO     | slp.util.system:print_separator:81 - %%%%%%%%%%%%%%%%%%%%%%%%%%%%%%%%%%%%%%%%%%%%%%%%%%
2021-06-09 18:12:28.120 | INFO     | slp.plbind.helpers:_run_early_stopping_check:25 - Epoch 21 Early Stopping
2021-06-09 18:12:28.121 | INFO     | slp.util.system:print_separator:81 - --------------------------------------------------
2021-06-09 18:12:28.122 | INFO     | slp.plbind.helpers:_run_early_stopping_check:27 - best score      0.5803940296173096
2021-06-09 18:12:28.123 | INFO     | slp.plbind.helpers:_run_early_stopping_check:28 - patience left   2              
2021-06-09 18:12:28.123 | INFO     | slp.util.system:print_separator:81 - ##################################################
2021-06-09 18:13:03.547 | INFO     | slp.plbind.module:log_to_console:478 - Epoch 22 Training results
2021-06-09 18:13:03.548 | INFO     | slp.util.system:print_separator:81 - --------------------------------------------------
2021-06-09 18:13:03.548 | INFO     | slp.plbind.module:log_to_console:484 - train_acc2      0.8952979445457458
2021-06-09 18:13:03.549 | INFO     | slp.plbind.module:log_to_console:484 - train_acc2_zero 0.8436276912689209
2021-06-09 18:13:03.550 | INFO     | slp.plbind.module:log_to_console:484 - train_acc5      0.6848616003990173
2021-06-09 18:13:03.550 | INFO     | slp.plbind.module:log_to_console:484 - train_acc7      0.6608278751373291
2021-06-09 18:13:03.551 | INFO     | slp.plbind.module:log_to_console:484 - train_f1        0.8947060704231262
2021-06-09 18:13:03.551 | INFO     | slp.plbind.module:log_to_console:484 - train_f1_zero   0.8484586477279663
2021-06-09 18:13:03.552 | INFO     | slp.plbind.module:log_to_console:484 - train_mae       0.38485968112945557
2021-06-09 18:13:03.552 | INFO     | slp.plbind.module:log_to_console:484 - train_loss      0.38485968112945557
2021-06-09 18:13:03.553 | INFO     | slp.util.system:print_separator:81 - %%%%%%%%%%%%%%%%%%%%%%%%%%%%%%%%%%%%%%%%%%%%%%%%%%
2021-06-09 18:13:05.533 | INFO     | slp.plbind.module:log_to_console:478 - Epoch 22 Validation results
2021-06-09 18:13:05.535 | INFO     | slp.util.system:print_separator:81 - --------------------------------------------------
2021-06-09 18:13:05.537 | INFO     | slp.plbind.module:log_to_console:484 - val_acc2        0.7806492447853088
2021-06-09 18:13:05.539 | INFO     | slp.plbind.module:log_to_console:484 - val_acc2_zero   0.7650070786476135
2021-06-09 18:13:05.541 | INFO     | slp.plbind.module:log_to_console:484 - val_acc5        0.5181850790977478
2021-06-09 18:13:05.543 | INFO     | slp.plbind.module:log_to_console:484 - val_acc7        0.5038841962814331
2021-06-09 18:13:05.545 | INFO     | slp.plbind.module:log_to_console:484 - val_f1          0.7830893397331238
2021-06-09 18:13:05.546 | INFO     | slp.plbind.module:log_to_console:484 - val_f1_zero     0.7761105895042419
2021-06-09 18:13:05.548 | INFO     | slp.plbind.module:log_to_console:484 - val_mae         0.6031485795974731
2021-06-09 18:13:05.550 | INFO     | slp.plbind.module:log_to_console:484 - val_loss        0.6031485795974731
2021-06-09 18:13:05.551 | INFO     | slp.plbind.module:log_to_console:484 - best_score      0.5803940892219543
2021-06-09 18:13:05.552 | INFO     | slp.util.system:print_separator:81 - %%%%%%%%%%%%%%%%%%%%%%%%%%%%%%%%%%%%%%%%%%%%%%%%%%
2021-06-09 18:13:05.556 | INFO     | slp.plbind.helpers:_run_early_stopping_check:25 - Epoch 22 Early Stopping
2021-06-09 18:13:05.557 | INFO     | slp.util.system:print_separator:81 - --------------------------------------------------
2021-06-09 18:13:05.559 | INFO     | slp.plbind.helpers:_run_early_stopping_check:27 - best score      0.5803940296173096
2021-06-09 18:13:05.560 | INFO     | slp.plbind.helpers:_run_early_stopping_check:28 - patience left   1              
2021-06-09 18:13:05.561 | INFO     | slp.util.system:print_separator:81 - ##################################################
2021-06-09 18:13:40.432 | INFO     | slp.plbind.module:log_to_console:478 - Epoch 23 Training results
2021-06-09 18:13:40.433 | INFO     | slp.util.system:print_separator:81 - --------------------------------------------------
2021-06-09 18:13:40.433 | INFO     | slp.plbind.module:log_to_console:484 - train_acc2      0.8969929814338684
2021-06-09 18:13:40.434 | INFO     | slp.plbind.module:log_to_console:484 - train_acc2_zero 0.8433830738067627
2021-06-09 18:13:40.435 | INFO     | slp.plbind.module:log_to_console:484 - train_acc5      0.690278172492981
2021-06-09 18:13:40.435 | INFO     | slp.plbind.module:log_to_console:484 - train_acc7      0.6672840118408203
2021-06-09 18:13:40.436 | INFO     | slp.plbind.module:log_to_console:484 - train_f1        0.8962931632995605
2021-06-09 18:13:40.437 | INFO     | slp.plbind.module:log_to_console:484 - train_f1_zero   0.8481748700141907
2021-06-09 18:13:40.437 | INFO     | slp.plbind.module:log_to_console:484 - train_mae       0.3797953724861145
2021-06-09 18:13:40.438 | INFO     | slp.plbind.module:log_to_console:484 - train_loss      0.3797953724861145
2021-06-09 18:13:40.438 | INFO     | slp.util.system:print_separator:81 - %%%%%%%%%%%%%%%%%%%%%%%%%%%%%%%%%%%%%%%%%%%%%%%%%%
2021-06-09 18:13:42.305 | INFO     | slp.plbind.module:log_to_console:478 - Epoch 23 Validation results
2021-06-09 18:13:42.308 | INFO     | slp.util.system:print_separator:81 - --------------------------------------------------
2021-06-09 18:13:42.310 | INFO     | slp.plbind.module:log_to_console:484 - val_acc2        0.7866236567497253
2021-06-09 18:13:42.312 | INFO     | slp.plbind.module:log_to_console:484 - val_acc2_zero   0.7735522389411926
2021-06-09 18:13:42.314 | INFO     | slp.plbind.module:log_to_console:484 - val_acc5        0.5256003141403198
2021-06-09 18:13:42.315 | INFO     | slp.plbind.module:log_to_console:484 - val_acc7        0.511829137802124
2021-06-09 18:13:42.317 | INFO     | slp.plbind.module:log_to_console:484 - val_f1          0.7886074781417847
2021-06-09 18:13:42.318 | INFO     | slp.plbind.module:log_to_console:484 - val_f1_zero     0.7824550867080688
2021-06-09 18:13:42.319 | INFO     | slp.plbind.module:log_to_console:484 - val_mae         0.6051419973373413
2021-06-09 18:13:42.321 | INFO     | slp.plbind.module:log_to_console:484 - val_loss        0.6051419973373413
2021-06-09 18:13:42.322 | INFO     | slp.plbind.module:log_to_console:484 - best_score      0.5803940892219543
2021-06-09 18:13:42.323 | INFO     | slp.util.system:print_separator:81 - %%%%%%%%%%%%%%%%%%%%%%%%%%%%%%%%%%%%%%%%%%%%%%%%%%
2021-06-09 18:13:42.327 | INFO     | slp.plbind.helpers:_run_early_stopping_check:25 - Epoch 23 Early Stopping
2021-06-09 18:13:42.329 | INFO     | slp.util.system:print_separator:81 - --------------------------------------------------
2021-06-09 18:13:42.330 | INFO     | slp.plbind.helpers:_run_early_stopping_check:27 - best score      0.5803940296173096
2021-06-09 18:13:42.331 | INFO     | slp.plbind.helpers:_run_early_stopping_check:28 - patience left   0              
2021-06-09 18:13:42.332 | INFO     | slp.plbind.helpers:_run_early_stopping_check:33 - Stopping due to early stopping
2021-06-09 18:13:42.333 | INFO     | slp.util.system:print_separator:81 - ##################################################
2021-06-09 18:13:42.438 | INFO     | pytorch_lightning.profiler.profilers:describe:96 - 

Profiler Report

Action                             	|  Mean duration (s)	|Num calls      	|  Total time (s) 	|  Percentage %   	|
------------------------------------------------------------------------------------------------------------------------------------
Total                              	|  -              	|_              	|  838.91         	|  100 %          	|
------------------------------------------------------------------------------------------------------------------------------------
run_training_epoch                 	|  36.328         	|23             	|  835.55         	|  99.598         	|
run_training_batch                 	|  0.064773       	|11753          	|  761.28         	|  90.745         	|
optimizer_step_and_closure_0       	|  0.062346       	|11753          	|  732.75         	|  87.345         	|
training_step_and_backward         	|  0.052239       	|11753          	|  613.97         	|  73.186         	|
model_forward                      	|  0.029687       	|11753          	|  348.91         	|  41.591         	|
training_step                      	|  0.029446       	|11753          	|  346.08         	|  41.254         	|
model_backward                     	|  0.022292       	|11753          	|  261.99         	|  31.23          	|
evaluation_step_and_end            	|  0.02766        	|1359           	|  37.59          	|  4.4808         	|
validation_step                    	|  0.027514       	|1359           	|  37.391         	|  4.4571         	|
get_train_batch                    	|  0.00045267     	|11753          	|  5.3202         	|  0.63418        	|
on_train_batch_end                 	|  0.00014604     	|11753          	|  1.7164         	|  0.2046         	|
on_train_batch_start               	|  0.00012696     	|11753          	|  1.4921         	|  0.17786        	|
cache_result                       	|  1.8391e-05     	|63104          	|  1.1605         	|  0.13834        	|
on_validation_end                  	|  0.023462       	|24             	|  0.56309        	|  0.067121       	|
on_after_backward                  	|  3.4903e-05     	|11753          	|  0.41022        	|  0.048899       	|
on_before_zero_grad                	|  3.1576e-05     	|11753          	|  0.37111        	|  0.044237       	|
on_batch_start                     	|  2.6547e-05     	|11753          	|  0.31201        	|  0.037192       	|
on_batch_end                       	|  1.7799e-05     	|11753          	|  0.20919        	|  0.024936       	|
on_validation_batch_end            	|  9.1631e-05     	|1359           	|  0.12453        	|  0.014844       	|
training_step_end                  	|  9.3773e-06     	|11753          	|  0.11021        	|  0.013137       	|
on_train_end                       	|  0.036798       	|1              	|  0.036798       	|  0.0043864      	|
on_epoch_start                     	|  0.0015043      	|23             	|  0.034599       	|  0.0041243      	|
on_validation_batch_start          	|  1.504e-05      	|1359           	|  0.02044        	|  0.0024365      	|
validation_step_end                	|  1.1902e-05     	|1359           	|  0.016175       	|  0.001928       	|
on_validation_start                	|  0.00059671     	|24             	|  0.014321       	|  0.0017071      	|
on_train_start                     	|  0.0027068      	|1              	|  0.0027068      	|  0.00032266     	|
on_train_epoch_end                 	|  3.1749e-05     	|23             	|  0.00073022     	|  8.7044e-05     	|
on_epoch_end                       	|  1.3734e-05     	|47             	|  0.00064552     	|  7.6947e-05     	|
on_validation_epoch_end            	|  2.4373e-05     	|24             	|  0.00058496     	|  6.9728e-05     	|
on_train_epoch_start               	|  1.7631e-05     	|23             	|  0.00040551     	|  4.8337e-05     	|
on_validation_epoch_start          	|  1.5851e-05     	|24             	|  0.00038042     	|  4.5346e-05     	|
on_fit_start                       	|  2.4674e-05     	|1              	|  2.4674e-05     	|  2.9412e-06     	|
on_before_accelerator_backend_setup	|  6.8198e-06     	|1              	|  6.8198e-06     	|  8.1294e-07     	|

