2021-06-09 19:00:08.530 | INFO     | slp.util.log:configure_logging:84 - Log file will be saved in logs/mosei-rnn-m3-0.25-text-0.6.20210609-190008.log
2021-06-09 19:00:09.388 | INFO     | slp.plbind.dm:setup:159 - Using provided validation set
2021-06-09 19:00:09.388 | INFO     | slp.plbind.dm:setup:162 - Using provided test set
2021-06-09 19:00:09.388 | INFO     | slp.plbind.dm:setup:212 - Using 16327 samples for training
2021-06-09 19:00:09.389 | INFO     | slp.plbind.dm:setup:213 - Using 1871 samples for validation
2021-06-09 19:00:09.389 | INFO     | slp.plbind.dm:setup:216 - Using 4662 samples for testing
2021-06-09 19:00:09.409 | INFO     | slp.plbind.trainer:make_trainer:428 - Logs will be saved in rnn-m3-0.25-text-0.6/mosei-rnn-m3-0.25-text-0.6
2021-06-09 19:00:09.409 | INFO     | slp.plbind.trainer:make_trainer:429 - Logs will be saved in rnn-m3-0.25-text-0.6/mosei-rnn-m3-0.25-text-0.6/20210609-190009/checkpoints
2021-06-09 19:00:09.443 | INFO     | slp.plbind.trainer:make_trainer:461 - Configured wandb and CSV loggers.
2021-06-09 19:00:09.444 | INFO     | slp.plbind.trainer:make_trainer:462 - Wandb configured to run mosei-rnn-m3-0.25-text-0.6/20210609-190009 in project mosei-rnn-m3-0.25-text-0.6
2021-06-09 19:00:09.444 | INFO     | slp.plbind.trainer:make_trainer:467 - Results will be stored online.
2021-06-09 19:00:09.444 | INFO     | slp.plbind.trainer:make_trainer:475 - Experiment verbose description:
MOSEI RNN-baseline with M3 and higher text drop probability

Tags:['mosei', 'rnn-baseline', 'm3', 'regularization']
2021-06-09 19:00:09.446 | INFO     | slp.plbind.trainer:make_trainer:496 - Configured Early stopping and Model checkpointing to track val_loss
2021-06-09 19:00:09.465 | INFO     | pytorch_lightning.utilities.distributed:_info:54 - GPU available: True, used: True
2021-06-09 19:00:09.465 | INFO     | pytorch_lightning.utilities.distributed:_info:54 - TPU available: None, using: 0 TPU cores
2021-06-09 19:00:10.392 | INFO     | slp.plbind.trainer:watch_model:613 - Tracking model weights & gradients in wandb.
2021-06-09 19:00:10.394 | INFO     | pytorch_lightning.accelerators.gpu:set_nvidia_flags:40 - LOCAL_RANK: 0 - CUDA_VISIBLE_DEVICES: [3]
2021-06-09 19:00:12.884 | INFO     | pytorch_lightning.core.lightning:summarize:1457 - 
  | Name          | Type                            | Params
------------------------------------------------------------------
0 | model         | AudioVisualTextMaskedClassifier | 1.6 M 
1 | criterion     | L1Loss                          | 0     
2 | train_metrics | ModuleDict                      | 0     
3 | val_metrics   | ModuleDict                      | 0     
4 | test_metrics  | ModuleDict                      | 0     
------------------------------------------------------------------
1.6 M     Trainable params
0         Non-trainable params
1.6 M     Total params
6.535     Total estimated model params size (MB)
2021-06-09 19:00:13.147 | INFO     | slp.plbind.module:log_to_console:478 - Epoch 1 Validation results
2021-06-09 19:00:13.149 | INFO     | slp.util.system:print_separator:81 - --------------------------------------------------
2021-06-09 19:00:13.151 | INFO     | slp.plbind.module:log_to_console:484 - val_acc2        0.5909091234207153
2021-06-09 19:00:13.152 | INFO     | slp.plbind.module:log_to_console:484 - val_acc2_zero   0.640625       
2021-06-09 19:00:13.154 | INFO     | slp.plbind.module:log_to_console:484 - val_acc5        0.234375       
2021-06-09 19:00:13.155 | INFO     | slp.plbind.module:log_to_console:484 - val_acc7        0.203125       
2021-06-09 19:00:13.156 | INFO     | slp.plbind.module:log_to_console:484 - val_f1          0.6055731773376465
2021-06-09 19:00:13.157 | INFO     | slp.plbind.module:log_to_console:484 - val_f1_zero     0.6503826975822449
2021-06-09 19:00:13.159 | INFO     | slp.plbind.module:log_to_console:484 - val_mae         1.7166357040405273
2021-06-09 19:00:13.160 | INFO     | slp.plbind.module:log_to_console:484 - val_loss        1.7166357040405273
2021-06-09 19:00:13.161 | INFO     | slp.plbind.module:log_to_console:484 - best_score      inf            
2021-06-09 19:00:13.162 | INFO     | slp.util.system:print_separator:81 - %%%%%%%%%%%%%%%%%%%%%%%%%%%%%%%%%%%%%%%%%%%%%%%%%%
2021-06-09 19:00:47.410 | INFO     | slp.plbind.module:log_to_console:478 - Epoch 1 Training results
2021-06-09 19:00:47.410 | INFO     | slp.util.system:print_separator:81 - --------------------------------------------------
2021-06-09 19:00:47.411 | INFO     | slp.plbind.module:log_to_console:484 - train_acc2      0.6817777156829834
2021-06-09 19:00:47.412 | INFO     | slp.plbind.module:log_to_console:484 - train_acc2_zero 0.6649601459503174
2021-06-09 19:00:47.412 | INFO     | slp.plbind.module:log_to_console:484 - train_acc5      0.3819366991519928
2021-06-09 19:00:47.413 | INFO     | slp.plbind.module:log_to_console:484 - train_acc7      0.37618815898895264
2021-06-09 19:00:47.413 | INFO     | slp.plbind.module:log_to_console:484 - train_f1        0.6600507497787476
2021-06-09 19:00:47.414 | INFO     | slp.plbind.module:log_to_console:484 - train_f1_zero   0.6534025073051453
2021-06-09 19:00:47.414 | INFO     | slp.plbind.module:log_to_console:484 - train_mae       1.0328093767166138
2021-06-09 19:00:47.415 | INFO     | slp.plbind.module:log_to_console:484 - train_loss      1.0328093767166138
2021-06-09 19:00:47.415 | INFO     | slp.util.system:print_separator:81 - %%%%%%%%%%%%%%%%%%%%%%%%%%%%%%%%%%%%%%%%%%%%%%%%%%
2021-06-09 19:00:49.271 | INFO     | slp.plbind.module:log_to_console:478 - Epoch 1 Validation results
2021-06-09 19:00:49.272 | INFO     | slp.util.system:print_separator:81 - --------------------------------------------------
2021-06-09 19:00:49.272 | INFO     | slp.plbind.module:log_to_console:484 - val_acc2        0.7674446702003479
2021-06-09 19:00:49.273 | INFO     | slp.plbind.module:log_to_console:484 - val_acc2_zero   0.7625706791877747
2021-06-09 19:00:49.274 | INFO     | slp.plbind.module:log_to_console:484 - val_acc5        0.4631003141403198
2021-06-09 19:00:49.305 | INFO     | slp.plbind.module:log_to_console:484 - val_acc7        0.4588630199432373
2021-06-09 19:00:49.306 | INFO     | slp.plbind.module:log_to_console:484 - val_f1          0.7508735656738281
2021-06-09 19:00:49.307 | INFO     | slp.plbind.module:log_to_console:484 - val_f1_zero     0.7539169192314148
2021-06-09 19:00:49.309 | INFO     | slp.plbind.module:log_to_console:484 - val_mae         0.6676765084266663
2021-06-09 19:00:49.310 | INFO     | slp.plbind.module:log_to_console:484 - val_loss        0.6676765084266663
2021-06-09 19:00:49.312 | INFO     | slp.plbind.module:log_to_console:484 - best_score      inf            
2021-06-09 19:00:49.313 | INFO     | slp.util.system:print_separator:81 - %%%%%%%%%%%%%%%%%%%%%%%%%%%%%%%%%%%%%%%%%%%%%%%%%%
2021-06-09 19:00:49.317 | INFO     | slp.plbind.helpers:_run_early_stopping_check:25 - Epoch 1 Early Stopping
2021-06-09 19:00:49.318 | INFO     | slp.util.system:print_separator:81 - --------------------------------------------------
2021-06-09 19:00:49.319 | INFO     | slp.plbind.helpers:_run_early_stopping_check:27 - best score      0.6676765084266663
2021-06-09 19:00:49.320 | INFO     | slp.plbind.helpers:_run_early_stopping_check:28 - patience left   10             
2021-06-09 19:00:49.322 | INFO     | slp.util.system:print_separator:81 - ##################################################
2021-06-09 19:01:23.761 | INFO     | slp.plbind.module:log_to_console:478 - Epoch 2 Training results
2021-06-09 19:01:23.762 | INFO     | slp.util.system:print_separator:81 - --------------------------------------------------
2021-06-09 19:01:23.763 | INFO     | slp.plbind.module:log_to_console:484 - train_acc2      0.7669309973716736
2021-06-09 19:01:23.764 | INFO     | slp.plbind.module:log_to_console:484 - train_acc2_zero 0.742320716381073
2021-06-09 19:01:23.764 | INFO     | slp.plbind.module:log_to_console:484 - train_acc5      0.45057836174964905
2021-06-09 19:01:23.765 | INFO     | slp.plbind.module:log_to_console:484 - train_acc7      0.4430563449859619
2021-06-09 19:01:23.765 | INFO     | slp.plbind.module:log_to_console:484 - train_f1        0.757961630821228
2021-06-09 19:01:23.766 | INFO     | slp.plbind.module:log_to_console:484 - train_f1_zero   0.7409721612930298
2021-06-09 19:01:23.766 | INFO     | slp.plbind.module:log_to_console:484 - train_mae       0.7142756581306458
2021-06-09 19:01:23.767 | INFO     | slp.plbind.module:log_to_console:484 - train_loss      0.7142756581306458
2021-06-09 19:01:23.767 | INFO     | slp.util.system:print_separator:81 - %%%%%%%%%%%%%%%%%%%%%%%%%%%%%%%%%%%%%%%%%%%%%%%%%%
2021-06-09 19:01:25.849 | INFO     | slp.plbind.module:log_to_console:478 - Epoch 2 Validation results
2021-06-09 19:01:25.852 | INFO     | slp.util.system:print_separator:81 - --------------------------------------------------
2021-06-09 19:01:25.854 | INFO     | slp.plbind.module:log_to_console:484 - val_acc2        0.784005880355835
2021-06-09 19:01:25.856 | INFO     | slp.plbind.module:log_to_console:484 - val_acc2_zero   0.7906426787376404
2021-06-09 19:01:25.858 | INFO     | slp.plbind.module:log_to_console:484 - val_acc5        0.48594632744789124
2021-06-09 19:01:25.859 | INFO     | slp.plbind.module:log_to_console:484 - val_acc7        0.4774717688560486
2021-06-09 19:01:25.860 | INFO     | slp.plbind.module:log_to_console:484 - val_f1          0.7676978707313538
2021-06-09 19:01:25.861 | INFO     | slp.plbind.module:log_to_console:484 - val_f1_zero     0.7817059755325317
2021-06-09 19:01:25.861 | INFO     | slp.plbind.module:log_to_console:484 - val_mae         0.6338548064231873
2021-06-09 19:01:25.862 | INFO     | slp.plbind.module:log_to_console:484 - val_loss        0.6338548064231873
2021-06-09 19:01:25.863 | INFO     | slp.plbind.module:log_to_console:484 - best_score      0.667676568031311
2021-06-09 19:01:25.863 | INFO     | slp.util.system:print_separator:81 - %%%%%%%%%%%%%%%%%%%%%%%%%%%%%%%%%%%%%%%%%%%%%%%%%%
2021-06-09 19:01:25.865 | INFO     | slp.plbind.helpers:_run_early_stopping_check:25 - Epoch 2 Early Stopping
2021-06-09 19:01:25.866 | INFO     | slp.util.system:print_separator:81 - --------------------------------------------------
2021-06-09 19:01:25.867 | INFO     | slp.plbind.helpers:_run_early_stopping_check:27 - best score      0.6338548064231873
2021-06-09 19:01:25.868 | INFO     | slp.plbind.helpers:_run_early_stopping_check:28 - patience left   10             
2021-06-09 19:01:25.868 | INFO     | slp.util.system:print_separator:81 - ##################################################
2021-06-09 19:02:00.735 | INFO     | slp.plbind.module:log_to_console:478 - Epoch 3 Training results
2021-06-09 19:02:00.735 | INFO     | slp.util.system:print_separator:81 - --------------------------------------------------
2021-06-09 19:02:00.736 | INFO     | slp.plbind.module:log_to_console:484 - train_acc2      0.793067991733551
2021-06-09 19:02:00.737 | INFO     | slp.plbind.module:log_to_console:484 - train_acc2_zero 0.7657952904701233
2021-06-09 19:02:00.737 | INFO     | slp.plbind.module:log_to_console:484 - train_acc5      0.48209041357040405
2021-06-09 19:02:00.738 | INFO     | slp.plbind.module:log_to_console:484 - train_acc7      0.47230568528175354
2021-06-09 19:02:00.739 | INFO     | slp.plbind.module:log_to_console:484 - train_f1        0.7884708046913147
2021-06-09 19:02:00.739 | INFO     | slp.plbind.module:log_to_console:484 - train_f1_zero   0.76847904920578
2021-06-09 19:02:00.740 | INFO     | slp.plbind.module:log_to_console:484 - train_mae       0.6619099974632263
2021-06-09 19:02:00.740 | INFO     | slp.plbind.module:log_to_console:484 - train_loss      0.6619099974632263
2021-06-09 19:02:00.741 | INFO     | slp.util.system:print_separator:81 - %%%%%%%%%%%%%%%%%%%%%%%%%%%%%%%%%%%%%%%%%%%%%%%%%%
2021-06-09 19:02:02.755 | INFO     | slp.plbind.module:log_to_console:478 - Epoch 3 Validation results
2021-06-09 19:02:02.756 | INFO     | slp.util.system:print_separator:81 - --------------------------------------------------
2021-06-09 19:02:02.757 | INFO     | slp.plbind.module:log_to_console:484 - val_acc2        0.7853180170059204
2021-06-09 19:02:02.758 | INFO     | slp.plbind.module:log_to_console:484 - val_acc2_zero   0.7487994432449341
2021-06-09 19:02:02.759 | INFO     | slp.plbind.module:log_to_console:484 - val_acc5        0.5298376083374023
2021-06-09 19:02:02.759 | INFO     | slp.plbind.module:log_to_console:484 - val_acc7        0.5155367255210876
2021-06-09 19:02:02.760 | INFO     | slp.plbind.module:log_to_console:484 - val_f1          0.7852455973625183
2021-06-09 19:02:02.761 | INFO     | slp.plbind.module:log_to_console:484 - val_f1_zero     0.75876784324646
2021-06-09 19:02:02.761 | INFO     | slp.plbind.module:log_to_console:484 - val_mae         0.6165290474891663
2021-06-09 19:02:02.762 | INFO     | slp.plbind.module:log_to_console:484 - val_loss        0.6165290474891663
2021-06-09 19:02:02.763 | INFO     | slp.plbind.module:log_to_console:484 - best_score      0.6338548064231873
2021-06-09 19:02:02.763 | INFO     | slp.util.system:print_separator:81 - %%%%%%%%%%%%%%%%%%%%%%%%%%%%%%%%%%%%%%%%%%%%%%%%%%
2021-06-09 19:02:02.766 | INFO     | slp.plbind.helpers:_run_early_stopping_check:25 - Epoch 3 Early Stopping
2021-06-09 19:02:02.766 | INFO     | slp.util.system:print_separator:81 - --------------------------------------------------
2021-06-09 19:02:02.767 | INFO     | slp.plbind.helpers:_run_early_stopping_check:27 - best score      0.6165290474891663
2021-06-09 19:02:02.768 | INFO     | slp.plbind.helpers:_run_early_stopping_check:28 - patience left   10             
2021-06-09 19:02:02.768 | INFO     | slp.util.system:print_separator:81 - ##################################################
2021-06-09 19:02:37.627 | INFO     | slp.plbind.module:log_to_console:478 - Epoch 4 Training results
2021-06-09 19:02:37.628 | INFO     | slp.util.system:print_separator:81 - --------------------------------------------------
2021-06-09 19:02:37.628 | INFO     | slp.plbind.module:log_to_console:484 - train_acc2      0.8036649227142334
2021-06-09 19:02:37.629 | INFO     | slp.plbind.module:log_to_console:484 - train_acc2_zero 0.7769517302513123
2021-06-09 19:02:37.629 | INFO     | slp.plbind.module:log_to_console:484 - train_acc5      0.4996068477630615
2021-06-09 19:02:37.630 | INFO     | slp.plbind.module:log_to_console:484 - train_acc7      0.4858470559120178
2021-06-09 19:02:37.631 | INFO     | slp.plbind.module:log_to_console:484 - train_f1        0.7992276549339294
2021-06-09 19:02:37.631 | INFO     | slp.plbind.module:log_to_console:484 - train_f1_zero   0.7791746854782104
2021-06-09 19:02:37.632 | INFO     | slp.plbind.module:log_to_console:484 - train_mae       0.6330963969230652
2021-06-09 19:02:37.632 | INFO     | slp.plbind.module:log_to_console:484 - train_loss      0.6330963969230652
2021-06-09 19:02:37.633 | INFO     | slp.util.system:print_separator:81 - %%%%%%%%%%%%%%%%%%%%%%%%%%%%%%%%%%%%%%%%%%%%%%%%%%
2021-06-09 19:02:39.546 | INFO     | slp.plbind.module:log_to_console:478 - Epoch 4 Validation results
2021-06-09 19:02:39.548 | INFO     | slp.util.system:print_separator:81 - --------------------------------------------------
2021-06-09 19:02:39.549 | INFO     | slp.plbind.module:log_to_console:484 - val_acc2        0.7903381586074829
2021-06-09 19:02:39.551 | INFO     | slp.plbind.module:log_to_console:484 - val_acc2_zero   0.7636299729347229
2021-06-09 19:02:39.552 | INFO     | slp.plbind.module:log_to_console:484 - val_acc5        0.5133474469184875
2021-06-09 19:02:39.553 | INFO     | slp.plbind.module:log_to_console:484 - val_acc7        0.5022245645523071
2021-06-09 19:02:39.554 | INFO     | slp.plbind.module:log_to_console:484 - val_f1          0.7900359034538269
2021-06-09 19:02:39.555 | INFO     | slp.plbind.module:log_to_console:484 - val_f1_zero     0.7721291780471802
2021-06-09 19:02:39.556 | INFO     | slp.plbind.module:log_to_console:484 - val_mae         0.6045129299163818
2021-06-09 19:02:39.557 | INFO     | slp.plbind.module:log_to_console:484 - val_loss        0.6045129299163818
2021-06-09 19:02:39.558 | INFO     | slp.plbind.module:log_to_console:484 - best_score      0.616529107093811
2021-06-09 19:02:39.559 | INFO     | slp.util.system:print_separator:81 - %%%%%%%%%%%%%%%%%%%%%%%%%%%%%%%%%%%%%%%%%%%%%%%%%%
2021-06-09 19:02:39.562 | INFO     | slp.plbind.helpers:_run_early_stopping_check:25 - Epoch 4 Early Stopping
2021-06-09 19:02:39.562 | INFO     | slp.util.system:print_separator:81 - --------------------------------------------------
2021-06-09 19:02:39.563 | INFO     | slp.plbind.helpers:_run_early_stopping_check:27 - best score      0.6045129299163818
2021-06-09 19:02:39.564 | INFO     | slp.plbind.helpers:_run_early_stopping_check:28 - patience left   10             
2021-06-09 19:02:39.565 | INFO     | slp.util.system:print_separator:81 - ##################################################
2021-06-09 19:03:13.843 | INFO     | slp.plbind.module:log_to_console:478 - Epoch 5 Training results
2021-06-09 19:03:13.843 | INFO     | slp.util.system:print_separator:81 - --------------------------------------------------
2021-06-09 19:03:13.844 | INFO     | slp.plbind.module:log_to_console:484 - train_acc2      0.8180240988731384
2021-06-09 19:03:13.845 | INFO     | slp.plbind.module:log_to_console:484 - train_acc2_zero 0.7861598134040833
2021-06-09 19:03:13.845 | INFO     | slp.plbind.module:log_to_console:484 - train_acc5      0.5149304270744324
2021-06-09 19:03:13.846 | INFO     | slp.plbind.module:log_to_console:484 - train_acc7      0.49884676933288574
2021-06-09 19:03:13.846 | INFO     | slp.plbind.module:log_to_console:484 - train_f1        0.8149637579917908
2021-06-09 19:03:13.847 | INFO     | slp.plbind.module:log_to_console:484 - train_f1_zero   0.7896751165390015
2021-06-09 19:03:13.847 | INFO     | slp.plbind.module:log_to_console:484 - train_mae       0.6135561466217041
2021-06-09 19:03:13.848 | INFO     | slp.plbind.module:log_to_console:484 - train_loss      0.6135561466217041
2021-06-09 19:03:13.848 | INFO     | slp.util.system:print_separator:81 - %%%%%%%%%%%%%%%%%%%%%%%%%%%%%%%%%%%%%%%%%%%%%%%%%%
2021-06-09 19:03:15.912 | INFO     | slp.plbind.module:log_to_console:478 - Epoch 5 Validation results
2021-06-09 19:03:15.914 | INFO     | slp.util.system:print_separator:81 - --------------------------------------------------
2021-06-09 19:03:15.917 | INFO     | slp.plbind.module:log_to_console:484 - val_acc2        0.7839685082435608
2021-06-09 19:03:15.919 | INFO     | slp.plbind.module:log_to_console:484 - val_acc2_zero   0.74826979637146
2021-06-09 19:03:15.921 | INFO     | slp.plbind.module:log_to_console:484 - val_acc5        0.5548022389411926
2021-06-09 19:03:15.923 | INFO     | slp.plbind.module:log_to_console:484 - val_acc7        0.5357344746589661
2021-06-09 19:03:15.925 | INFO     | slp.plbind.module:log_to_console:484 - val_f1          0.7860460877418518
2021-06-09 19:03:15.926 | INFO     | slp.plbind.module:log_to_console:484 - val_f1_zero     0.7591748237609863
2021-06-09 19:03:15.928 | INFO     | slp.plbind.module:log_to_console:484 - val_mae         0.5907853841781616
2021-06-09 19:03:15.929 | INFO     | slp.plbind.module:log_to_console:484 - val_loss        0.5907853841781616
2021-06-09 19:03:15.931 | INFO     | slp.plbind.module:log_to_console:484 - best_score      0.6045128703117371
2021-06-09 19:03:15.932 | INFO     | slp.util.system:print_separator:81 - %%%%%%%%%%%%%%%%%%%%%%%%%%%%%%%%%%%%%%%%%%%%%%%%%%
2021-06-09 19:03:15.936 | INFO     | slp.plbind.helpers:_run_early_stopping_check:25 - Epoch 5 Early Stopping
2021-06-09 19:03:15.937 | INFO     | slp.util.system:print_separator:81 - --------------------------------------------------
2021-06-09 19:03:15.938 | INFO     | slp.plbind.helpers:_run_early_stopping_check:27 - best score      0.5907853841781616
2021-06-09 19:03:15.939 | INFO     | slp.plbind.helpers:_run_early_stopping_check:28 - patience left   10             
2021-06-09 19:03:15.940 | INFO     | slp.util.system:print_separator:81 - ##################################################
2021-06-09 19:03:50.789 | INFO     | slp.plbind.module:log_to_console:478 - Epoch 6 Training results
2021-06-09 19:03:50.790 | INFO     | slp.util.system:print_separator:81 - --------------------------------------------------
2021-06-09 19:03:50.791 | INFO     | slp.plbind.module:log_to_console:484 - train_acc2      0.8247866034507751
2021-06-09 19:03:50.793 | INFO     | slp.plbind.module:log_to_console:484 - train_acc2_zero 0.7891215085983276
2021-06-09 19:03:50.794 | INFO     | slp.plbind.module:log_to_console:484 - train_acc5      0.5231950283050537
2021-06-09 19:03:50.795 | INFO     | slp.plbind.module:log_to_console:484 - train_acc7      0.5070502161979675
2021-06-09 19:03:50.797 | INFO     | slp.plbind.module:log_to_console:484 - train_f1        0.822571873664856
2021-06-09 19:03:50.798 | INFO     | slp.plbind.module:log_to_console:484 - train_f1_zero   0.793420672416687
2021-06-09 19:03:50.800 | INFO     | slp.plbind.module:log_to_console:484 - train_mae       0.5974019765853882
2021-06-09 19:03:50.801 | INFO     | slp.plbind.module:log_to_console:484 - train_loss      0.5974019765853882
2021-06-09 19:03:50.802 | INFO     | slp.util.system:print_separator:81 - %%%%%%%%%%%%%%%%%%%%%%%%%%%%%%%%%%%%%%%%%%%%%%%%%%
2021-06-09 19:03:52.801 | INFO     | slp.plbind.module:log_to_console:478 - Epoch 6 Validation results
2021-06-09 19:03:52.803 | INFO     | slp.util.system:print_separator:81 - --------------------------------------------------
2021-06-09 19:03:52.805 | INFO     | slp.plbind.module:log_to_console:484 - val_acc2        0.7827512621879578
2021-06-09 19:03:52.808 | INFO     | slp.plbind.module:log_to_console:484 - val_acc2_zero   0.7481991648674011
2021-06-09 19:03:52.809 | INFO     | slp.plbind.module:log_to_console:484 - val_acc5        0.5341454744338989
2021-06-09 19:03:52.811 | INFO     | slp.plbind.module:log_to_console:484 - val_acc7        0.5150777101516724
2021-06-09 19:03:52.813 | INFO     | slp.plbind.module:log_to_console:484 - val_f1          0.785956859588623
2021-06-09 19:03:52.814 | INFO     | slp.plbind.module:log_to_console:484 - val_f1_zero     0.7625200748443604
2021-06-09 19:03:52.816 | INFO     | slp.plbind.module:log_to_console:484 - val_mae         0.6215373277664185
2021-06-09 19:03:52.817 | INFO     | slp.plbind.module:log_to_console:484 - val_loss        0.6215373277664185
2021-06-09 19:03:52.819 | INFO     | slp.plbind.module:log_to_console:484 - best_score      0.5907853841781616
2021-06-09 19:03:52.820 | INFO     | slp.util.system:print_separator:81 - %%%%%%%%%%%%%%%%%%%%%%%%%%%%%%%%%%%%%%%%%%%%%%%%%%
2021-06-09 19:03:52.823 | INFO     | slp.plbind.helpers:_run_early_stopping_check:25 - Epoch 6 Early Stopping
2021-06-09 19:03:52.824 | INFO     | slp.util.system:print_separator:81 - --------------------------------------------------
2021-06-09 19:03:52.826 | INFO     | slp.plbind.helpers:_run_early_stopping_check:27 - best score      0.5907853841781616
2021-06-09 19:03:52.827 | INFO     | slp.plbind.helpers:_run_early_stopping_check:28 - patience left   9              
2021-06-09 19:03:52.828 | INFO     | slp.util.system:print_separator:81 - ##################################################
2021-06-09 19:04:27.134 | INFO     | slp.plbind.module:log_to_console:478 - Epoch 7 Training results
2021-06-09 19:04:27.135 | INFO     | slp.util.system:print_separator:81 - --------------------------------------------------
2021-06-09 19:04:27.136 | INFO     | slp.plbind.module:log_to_console:484 - train_acc2      0.8372552394866943
2021-06-09 19:04:27.136 | INFO     | slp.plbind.module:log_to_console:484 - train_acc2_zero 0.8037199378013611
2021-06-09 19:04:27.137 | INFO     | slp.plbind.module:log_to_console:484 - train_acc5      0.5282971262931824
2021-06-09 19:04:27.137 | INFO     | slp.plbind.module:log_to_console:484 - train_acc7      0.511357307434082
2021-06-09 19:04:27.138 | INFO     | slp.plbind.module:log_to_console:484 - train_f1        0.8341046571731567
2021-06-09 19:04:27.138 | INFO     | slp.plbind.module:log_to_console:484 - train_f1_zero   0.80672687292099
2021-06-09 19:04:27.139 | INFO     | slp.plbind.module:log_to_console:484 - train_mae       0.5852795243263245
2021-06-09 19:04:27.140 | INFO     | slp.plbind.module:log_to_console:484 - train_loss      0.5852795243263245
2021-06-09 19:04:27.140 | INFO     | slp.util.system:print_separator:81 - %%%%%%%%%%%%%%%%%%%%%%%%%%%%%%%%%%%%%%%%%%%%%%%%%%
2021-06-09 19:04:29.121 | INFO     | slp.plbind.module:log_to_console:478 - Epoch 7 Validation results
2021-06-09 19:04:29.124 | INFO     | slp.util.system:print_separator:81 - --------------------------------------------------
2021-06-09 19:04:29.126 | INFO     | slp.plbind.module:log_to_console:484 - val_acc2        0.7959811091423035
2021-06-09 19:04:29.128 | INFO     | slp.plbind.module:log_to_console:484 - val_acc2_zero   0.8150070905685425
2021-06-09 19:04:29.130 | INFO     | slp.plbind.module:log_to_console:484 - val_acc5        0.5287782549858093
2021-06-09 19:04:29.132 | INFO     | slp.plbind.module:log_to_console:484 - val_acc7        0.5213630199432373
2021-06-09 19:04:29.134 | INFO     | slp.plbind.module:log_to_console:484 - val_f1          0.7811623811721802
2021-06-09 19:04:29.135 | INFO     | slp.plbind.module:log_to_console:484 - val_f1_zero     0.8057946562767029
2021-06-09 19:04:29.137 | INFO     | slp.plbind.module:log_to_console:484 - val_mae         0.5865670442581177
2021-06-09 19:04:29.139 | INFO     | slp.plbind.module:log_to_console:484 - val_loss        0.5865670442581177
2021-06-09 19:04:29.140 | INFO     | slp.plbind.module:log_to_console:484 - best_score      0.5907853841781616
2021-06-09 19:04:29.142 | INFO     | slp.util.system:print_separator:81 - %%%%%%%%%%%%%%%%%%%%%%%%%%%%%%%%%%%%%%%%%%%%%%%%%%
2021-06-09 19:04:29.145 | INFO     | slp.plbind.helpers:_run_early_stopping_check:25 - Epoch 7 Early Stopping
2021-06-09 19:04:29.146 | INFO     | slp.util.system:print_separator:81 - --------------------------------------------------
2021-06-09 19:04:29.148 | INFO     | slp.plbind.helpers:_run_early_stopping_check:27 - best score      0.5865670442581177
2021-06-09 19:04:29.149 | INFO     | slp.plbind.helpers:_run_early_stopping_check:28 - patience left   10             
2021-06-09 19:04:29.150 | INFO     | slp.util.system:print_separator:81 - ##################################################
2021-06-09 19:05:04.045 | INFO     | slp.plbind.module:log_to_console:478 - Epoch 8 Training results
2021-06-09 19:05:04.046 | INFO     | slp.util.system:print_separator:81 - --------------------------------------------------
2021-06-09 19:05:04.046 | INFO     | slp.plbind.module:log_to_console:484 - train_acc2      0.8392654657363892
2021-06-09 19:05:04.047 | INFO     | slp.plbind.module:log_to_console:484 - train_acc2_zero 0.8035627007484436
2021-06-09 19:05:04.048 | INFO     | slp.plbind.module:log_to_console:484 - train_acc5      0.5474385023117065
2021-06-09 19:05:04.048 | INFO     | slp.plbind.module:log_to_console:484 - train_acc7      0.5279913544654846
2021-06-09 19:05:04.049 | INFO     | slp.plbind.module:log_to_console:484 - train_f1        0.8373046517372131
2021-06-09 19:05:04.049 | INFO     | slp.plbind.module:log_to_console:484 - train_f1_zero   0.8079783916473389
2021-06-09 19:05:04.050 | INFO     | slp.plbind.module:log_to_console:484 - train_mae       0.5654862523078918
2021-06-09 19:05:04.050 | INFO     | slp.plbind.module:log_to_console:484 - train_loss      0.5654862523078918
2021-06-09 19:05:04.051 | INFO     | slp.util.system:print_separator:81 - %%%%%%%%%%%%%%%%%%%%%%%%%%%%%%%%%%%%%%%%%%%%%%%%%%
2021-06-09 19:05:05.888 | INFO     | slp.plbind.module:log_to_console:478 - Epoch 8 Validation results
2021-06-09 19:05:05.890 | INFO     | slp.util.system:print_separator:81 - --------------------------------------------------
2021-06-09 19:05:05.892 | INFO     | slp.plbind.module:log_to_console:484 - val_acc2        0.8010498881340027
2021-06-09 19:05:05.892 | INFO     | slp.plbind.module:log_to_console:484 - val_acc2_zero   0.7851341962814331
2021-06-09 19:05:05.893 | INFO     | slp.plbind.module:log_to_console:484 - val_acc5        0.5457274317741394
2021-06-09 19:05:05.894 | INFO     | slp.plbind.module:log_to_console:484 - val_acc7        0.5356638431549072
2021-06-09 19:05:05.895 | INFO     | slp.plbind.module:log_to_console:484 - val_f1          0.7969472408294678
2021-06-09 19:05:05.895 | INFO     | slp.plbind.module:log_to_console:484 - val_f1_zero     0.7898300886154175
2021-06-09 19:05:05.896 | INFO     | slp.plbind.module:log_to_console:484 - val_mae         0.5694321393966675
2021-06-09 19:05:05.897 | INFO     | slp.plbind.module:log_to_console:484 - val_loss        0.5694321393966675
2021-06-09 19:05:05.897 | INFO     | slp.plbind.module:log_to_console:484 - best_score      0.5865669846534729
2021-06-09 19:05:05.898 | INFO     | slp.util.system:print_separator:81 - %%%%%%%%%%%%%%%%%%%%%%%%%%%%%%%%%%%%%%%%%%%%%%%%%%
2021-06-09 19:05:05.900 | INFO     | slp.plbind.helpers:_run_early_stopping_check:25 - Epoch 8 Early Stopping
2021-06-09 19:05:05.901 | INFO     | slp.util.system:print_separator:81 - --------------------------------------------------
2021-06-09 19:05:05.902 | INFO     | slp.plbind.helpers:_run_early_stopping_check:27 - best score      0.5694321393966675
2021-06-09 19:05:05.902 | INFO     | slp.plbind.helpers:_run_early_stopping_check:28 - patience left   10             
2021-06-09 19:05:05.903 | INFO     | slp.util.system:print_separator:81 - ##################################################
2021-06-09 19:05:40.643 | INFO     | slp.plbind.module:log_to_console:478 - Epoch 9 Training results
2021-06-09 19:05:40.644 | INFO     | slp.util.system:print_separator:81 - --------------------------------------------------
2021-06-09 19:05:40.645 | INFO     | slp.plbind.module:log_to_console:484 - train_acc2      0.8420555591583252
2021-06-09 19:05:40.646 | INFO     | slp.plbind.module:log_to_console:484 - train_acc2_zero 0.8105692863464355
2021-06-09 19:05:40.646 | INFO     | slp.plbind.module:log_to_console:484 - train_acc5      0.5445292592048645
2021-06-09 19:05:40.647 | INFO     | slp.plbind.module:log_to_console:484 - train_acc7      0.5247763395309448
2021-06-09 19:05:40.647 | INFO     | slp.plbind.module:log_to_console:484 - train_f1        0.8397387862205505
2021-06-09 19:05:40.648 | INFO     | slp.plbind.module:log_to_console:484 - train_f1_zero   0.8139764070510864
2021-06-09 19:05:40.648 | INFO     | slp.plbind.module:log_to_console:484 - train_mae       0.5619683265686035
2021-06-09 19:05:40.649 | INFO     | slp.plbind.module:log_to_console:484 - train_loss      0.5619683265686035
2021-06-09 19:05:40.649 | INFO     | slp.util.system:print_separator:81 - %%%%%%%%%%%%%%%%%%%%%%%%%%%%%%%%%%%%%%%%%%%%%%%%%%
2021-06-09 19:05:42.596 | INFO     | slp.plbind.module:log_to_console:478 - Epoch 9 Validation results
2021-06-09 19:05:42.598 | INFO     | slp.util.system:print_separator:81 - --------------------------------------------------
2021-06-09 19:05:42.601 | INFO     | slp.plbind.module:log_to_console:484 - val_acc2        0.7939924001693726
2021-06-09 19:05:42.603 | INFO     | slp.plbind.module:log_to_console:484 - val_acc2_zero   0.7687147259712219
2021-06-09 19:05:42.605 | INFO     | slp.plbind.module:log_to_console:484 - val_acc5        0.5431497097015381
2021-06-09 19:05:42.643 | INFO     | slp.plbind.module:log_to_console:484 - val_acc7        0.5277895331382751
2021-06-09 19:05:42.645 | INFO     | slp.plbind.module:log_to_console:484 - val_f1          0.7939609885215759
2021-06-09 19:05:42.647 | INFO     | slp.plbind.module:log_to_console:484 - val_f1_zero     0.7785458564758301
2021-06-09 19:05:42.649 | INFO     | slp.plbind.module:log_to_console:484 - val_mae         0.5920796394348145
2021-06-09 19:05:42.651 | INFO     | slp.plbind.module:log_to_console:484 - val_loss        0.5920796394348145
2021-06-09 19:05:42.652 | INFO     | slp.plbind.module:log_to_console:484 - best_score      0.5694321393966675
2021-06-09 19:05:42.654 | INFO     | slp.util.system:print_separator:81 - %%%%%%%%%%%%%%%%%%%%%%%%%%%%%%%%%%%%%%%%%%%%%%%%%%
2021-06-09 19:05:42.659 | INFO     | slp.plbind.helpers:_run_early_stopping_check:25 - Epoch 9 Early Stopping
2021-06-09 19:05:42.660 | INFO     | slp.util.system:print_separator:81 - --------------------------------------------------
2021-06-09 19:05:42.662 | INFO     | slp.plbind.helpers:_run_early_stopping_check:27 - best score      0.5694321393966675
2021-06-09 19:05:42.663 | INFO     | slp.plbind.helpers:_run_early_stopping_check:28 - patience left   9              
2021-06-09 19:05:42.665 | INFO     | slp.util.system:print_separator:81 - ##################################################
2021-06-09 19:06:17.219 | INFO     | slp.plbind.module:log_to_console:478 - Epoch 10 Training results
2021-06-09 19:06:17.219 | INFO     | slp.util.system:print_separator:81 - --------------------------------------------------
2021-06-09 19:06:17.220 | INFO     | slp.plbind.module:log_to_console:484 - train_acc2      0.8442370295524597
2021-06-09 19:06:17.220 | INFO     | slp.plbind.module:log_to_console:484 - train_acc2_zero 0.8102896809577942
2021-06-09 19:06:17.221 | INFO     | slp.plbind.module:log_to_console:484 - train_acc5      0.5583938956260681
2021-06-09 19:06:17.222 | INFO     | slp.plbind.module:log_to_console:484 - train_acc7      0.5393136739730835
2021-06-09 19:06:17.222 | INFO     | slp.plbind.module:log_to_console:484 - train_f1        0.8417709469795227
2021-06-09 19:06:17.223 | INFO     | slp.plbind.module:log_to_console:484 - train_f1_zero   0.8137806057929993
2021-06-09 19:06:17.223 | INFO     | slp.plbind.module:log_to_console:484 - train_mae       0.5460992455482483
2021-06-09 19:06:17.224 | INFO     | slp.plbind.module:log_to_console:484 - train_loss      0.5460992455482483
2021-06-09 19:06:17.224 | INFO     | slp.util.system:print_separator:81 - %%%%%%%%%%%%%%%%%%%%%%%%%%%%%%%%%%%%%%%%%%%%%%%%%%
2021-06-09 19:06:19.183 | INFO     | slp.plbind.module:log_to_console:478 - Epoch 10 Validation results
2021-06-09 19:06:19.184 | INFO     | slp.util.system:print_separator:81 - --------------------------------------------------
2021-06-09 19:06:19.185 | INFO     | slp.plbind.module:log_to_console:484 - val_acc2        0.7979273200035095
2021-06-09 19:06:19.186 | INFO     | slp.plbind.module:log_to_console:484 - val_acc2_zero   0.8020833730697632
2021-06-09 19:06:19.187 | INFO     | slp.plbind.module:log_to_console:484 - val_acc5        0.5097104907035828
2021-06-09 19:06:19.188 | INFO     | slp.plbind.module:log_to_console:484 - val_acc7        0.5028249025344849
2021-06-09 19:06:19.188 | INFO     | slp.plbind.module:log_to_console:484 - val_f1          0.7887212038040161
2021-06-09 19:06:19.189 | INFO     | slp.plbind.module:log_to_console:484 - val_f1_zero     0.7993112206459045
2021-06-09 19:06:19.190 | INFO     | slp.plbind.module:log_to_console:484 - val_mae         0.597029447555542
2021-06-09 19:06:19.190 | INFO     | slp.plbind.module:log_to_console:484 - val_loss        0.597029447555542
2021-06-09 19:06:19.191 | INFO     | slp.plbind.module:log_to_console:484 - best_score      0.5694321393966675
2021-06-09 19:06:19.192 | INFO     | slp.util.system:print_separator:81 - %%%%%%%%%%%%%%%%%%%%%%%%%%%%%%%%%%%%%%%%%%%%%%%%%%
2021-06-09 19:06:19.194 | INFO     | slp.plbind.helpers:_run_early_stopping_check:25 - Epoch 10 Early Stopping
2021-06-09 19:06:19.195 | INFO     | slp.util.system:print_separator:81 - --------------------------------------------------
2021-06-09 19:06:19.195 | INFO     | slp.plbind.helpers:_run_early_stopping_check:27 - best score      0.5694321393966675
2021-06-09 19:06:19.196 | INFO     | slp.plbind.helpers:_run_early_stopping_check:28 - patience left   8              
2021-06-09 19:06:19.197 | INFO     | slp.util.system:print_separator:81 - ##################################################
2021-06-09 19:06:53.753 | INFO     | slp.plbind.module:log_to_console:478 - Epoch 11 Training results
2021-06-09 19:06:53.753 | INFO     | slp.util.system:print_separator:81 - --------------------------------------------------
2021-06-09 19:06:53.754 | INFO     | slp.plbind.module:log_to_console:484 - train_acc2      0.854132890701294
2021-06-09 19:06:53.755 | INFO     | slp.plbind.module:log_to_console:484 - train_acc2_zero 0.8191046714782715
2021-06-09 19:06:53.755 | INFO     | slp.plbind.module:log_to_console:484 - train_acc5      0.5669468641281128
2021-06-09 19:06:53.756 | INFO     | slp.plbind.module:log_to_console:484 - train_acc7      0.5457261800765991
2021-06-09 19:06:53.756 | INFO     | slp.plbind.module:log_to_console:484 - train_f1        0.8521453738212585
2021-06-09 19:06:53.757 | INFO     | slp.plbind.module:log_to_console:484 - train_f1_zero   0.8226360082626343
2021-06-09 19:06:53.758 | INFO     | slp.plbind.module:log_to_console:484 - train_mae       0.5317293405532837
2021-06-09 19:06:53.758 | INFO     | slp.plbind.module:log_to_console:484 - train_loss      0.5317293405532837
2021-06-09 19:06:53.758 | INFO     | slp.util.system:print_separator:81 - %%%%%%%%%%%%%%%%%%%%%%%%%%%%%%%%%%%%%%%%%%%%%%%%%%
2021-06-09 19:06:55.726 | INFO     | slp.plbind.module:log_to_console:478 - Epoch 11 Validation results
2021-06-09 19:06:55.727 | INFO     | slp.util.system:print_separator:81 - --------------------------------------------------
2021-06-09 19:06:55.728 | INFO     | slp.plbind.module:log_to_console:484 - val_acc2        0.806280791759491
2021-06-09 19:06:55.729 | INFO     | slp.plbind.module:log_to_console:484 - val_acc2_zero   0.8155367374420166
2021-06-09 19:06:55.730 | INFO     | slp.plbind.module:log_to_console:484 - val_acc5        0.528319239616394
2021-06-09 19:06:55.730 | INFO     | slp.plbind.module:log_to_console:484 - val_acc7        0.5219632983207703
2021-06-09 19:06:55.731 | INFO     | slp.plbind.module:log_to_console:484 - val_f1          0.792243242263794
2021-06-09 19:06:55.732 | INFO     | slp.plbind.module:log_to_console:484 - val_f1_zero     0.8079685568809509
2021-06-09 19:06:55.732 | INFO     | slp.plbind.module:log_to_console:484 - val_mae         0.582290768623352
2021-06-09 19:06:55.733 | INFO     | slp.plbind.module:log_to_console:484 - val_loss        0.582290768623352
2021-06-09 19:06:55.734 | INFO     | slp.plbind.module:log_to_console:484 - best_score      0.5694321393966675
2021-06-09 19:06:55.735 | INFO     | slp.util.system:print_separator:81 - %%%%%%%%%%%%%%%%%%%%%%%%%%%%%%%%%%%%%%%%%%%%%%%%%%
2021-06-09 19:06:55.737 | INFO     | slp.plbind.helpers:_run_early_stopping_check:25 - Epoch 11 Early Stopping
2021-06-09 19:06:55.738 | INFO     | slp.util.system:print_separator:81 - --------------------------------------------------
2021-06-09 19:06:55.739 | INFO     | slp.plbind.helpers:_run_early_stopping_check:27 - best score      0.5694321393966675
2021-06-09 19:06:55.739 | INFO     | slp.plbind.helpers:_run_early_stopping_check:28 - patience left   7              
2021-06-09 19:06:55.740 | INFO     | slp.util.system:print_separator:81 - ##################################################
2021-06-09 19:07:30.165 | INFO     | slp.plbind.module:log_to_console:478 - Epoch 12 Training results
2021-06-09 19:07:30.165 | INFO     | slp.util.system:print_separator:81 - --------------------------------------------------
2021-06-09 19:07:30.166 | INFO     | slp.plbind.module:log_to_console:484 - train_acc2      0.8646838068962097
2021-06-09 19:07:30.167 | INFO     | slp.plbind.module:log_to_console:484 - train_acc2_zero 0.8244775533676147
2021-06-09 19:07:30.167 | INFO     | slp.plbind.module:log_to_console:484 - train_acc5      0.5914086699485779
2021-06-09 19:07:30.168 | INFO     | slp.plbind.module:log_to_console:484 - train_acc7      0.5693930387496948
2021-06-09 19:07:30.168 | INFO     | slp.plbind.module:log_to_console:484 - train_f1        0.8632218837738037
2021-06-09 19:07:30.169 | INFO     | slp.plbind.module:log_to_console:484 - train_f1_zero   0.8284726738929749
2021-06-09 19:07:30.169 | INFO     | slp.plbind.module:log_to_console:484 - train_mae       0.4964144229888916
2021-06-09 19:07:30.170 | INFO     | slp.plbind.module:log_to_console:484 - train_loss      0.4964144229888916
2021-06-09 19:07:30.171 | INFO     | slp.util.system:print_separator:81 - %%%%%%%%%%%%%%%%%%%%%%%%%%%%%%%%%%%%%%%%%%%%%%%%%%
2021-06-09 19:07:32.248 | INFO     | slp.plbind.module:log_to_console:478 - Epoch 12 Validation results
2021-06-09 19:07:32.250 | INFO     | slp.util.system:print_separator:81 - --------------------------------------------------
2021-06-09 19:07:32.252 | INFO     | slp.plbind.module:log_to_console:484 - val_acc2        0.7908646464347839
2021-06-09 19:07:32.255 | INFO     | slp.plbind.module:log_to_console:484 - val_acc2_zero   0.7957274317741394
2021-06-09 19:07:32.257 | INFO     | slp.plbind.module:log_to_console:484 - val_acc5        0.5452683568000793
2021-06-09 19:07:32.259 | INFO     | slp.plbind.module:log_to_console:484 - val_acc7        0.5341454744338989
2021-06-09 19:07:32.261 | INFO     | slp.plbind.module:log_to_console:484 - val_f1          0.7857771515846252
2021-06-09 19:07:32.262 | INFO     | slp.plbind.module:log_to_console:484 - val_f1_zero     0.7966921329498291
2021-06-09 19:07:32.264 | INFO     | slp.plbind.module:log_to_console:484 - val_mae         0.5848303437232971
2021-06-09 19:07:32.265 | INFO     | slp.plbind.module:log_to_console:484 - val_loss        0.5848303437232971
2021-06-09 19:07:32.267 | INFO     | slp.plbind.module:log_to_console:484 - best_score      0.5694321393966675
2021-06-09 19:07:32.268 | INFO     | slp.util.system:print_separator:81 - %%%%%%%%%%%%%%%%%%%%%%%%%%%%%%%%%%%%%%%%%%%%%%%%%%
2021-06-09 19:07:32.272 | INFO     | slp.plbind.helpers:_run_early_stopping_check:25 - Epoch 12 Early Stopping
2021-06-09 19:07:32.273 | INFO     | slp.util.system:print_separator:81 - --------------------------------------------------
2021-06-09 19:07:32.274 | INFO     | slp.plbind.helpers:_run_early_stopping_check:27 - best score      0.5694321393966675
2021-06-09 19:07:32.275 | INFO     | slp.plbind.helpers:_run_early_stopping_check:28 - patience left   6              
2021-06-09 19:07:32.276 | INFO     | slp.util.system:print_separator:81 - ##################################################
2021-06-09 19:08:07.469 | INFO     | slp.plbind.module:log_to_console:478 - Epoch 13 Training results
2021-06-09 19:08:07.469 | INFO     | slp.util.system:print_separator:81 - --------------------------------------------------
2021-06-09 19:08:07.470 | INFO     | slp.plbind.module:log_to_console:484 - train_acc2      0.8694954514503479
2021-06-09 19:08:07.471 | INFO     | slp.plbind.module:log_to_console:484 - train_acc2_zero 0.8296495079994202
2021-06-09 19:08:07.472 | INFO     | slp.plbind.module:log_to_console:484 - train_acc5      0.6034298539161682
2021-06-09 19:08:07.474 | INFO     | slp.plbind.module:log_to_console:484 - train_acc7      0.5804357528686523
2021-06-09 19:08:07.475 | INFO     | slp.plbind.module:log_to_console:484 - train_f1        0.8678267598152161
2021-06-09 19:08:07.476 | INFO     | slp.plbind.module:log_to_console:484 - train_f1_zero   0.8333969712257385
2021-06-09 19:08:07.478 | INFO     | slp.plbind.module:log_to_console:484 - train_mae       0.48527979850769043
2021-06-09 19:08:07.479 | INFO     | slp.plbind.module:log_to_console:484 - train_loss      0.48527979850769043
2021-06-09 19:08:07.480 | INFO     | slp.util.system:print_separator:81 - %%%%%%%%%%%%%%%%%%%%%%%%%%%%%%%%%%%%%%%%%%%%%%%%%%
2021-06-09 19:08:09.479 | INFO     | slp.plbind.module:log_to_console:478 - Epoch 13 Validation results
2021-06-09 19:08:09.480 | INFO     | slp.util.system:print_separator:81 - --------------------------------------------------
2021-06-09 19:08:09.481 | INFO     | slp.plbind.module:log_to_console:484 - val_acc2        0.790547788143158
2021-06-09 19:08:09.482 | INFO     | slp.plbind.module:log_to_console:484 - val_acc2_zero   0.7749999761581421
2021-06-09 19:08:09.483 | INFO     | slp.plbind.module:log_to_console:484 - val_acc5        0.5457274317741394
2021-06-09 19:08:09.484 | INFO     | slp.plbind.module:log_to_console:484 - val_acc7        0.5314265489578247
2021-06-09 19:08:09.485 | INFO     | slp.plbind.module:log_to_console:484 - val_f1          0.7881371378898621
2021-06-09 19:08:09.485 | INFO     | slp.plbind.module:log_to_console:484 - val_f1_zero     0.7818296551704407
2021-06-09 19:08:09.486 | INFO     | slp.plbind.module:log_to_console:484 - val_mae         0.584865391254425
2021-06-09 19:08:09.487 | INFO     | slp.plbind.module:log_to_console:484 - val_loss        0.584865391254425
2021-06-09 19:08:09.488 | INFO     | slp.plbind.module:log_to_console:484 - best_score      0.5694321393966675
2021-06-09 19:08:09.488 | INFO     | slp.util.system:print_separator:81 - %%%%%%%%%%%%%%%%%%%%%%%%%%%%%%%%%%%%%%%%%%%%%%%%%%
2021-06-09 19:08:09.490 | INFO     | slp.plbind.helpers:_run_early_stopping_check:25 - Epoch 13 Early Stopping
2021-06-09 19:08:09.491 | INFO     | slp.util.system:print_separator:81 - --------------------------------------------------
2021-06-09 19:08:09.492 | INFO     | slp.plbind.helpers:_run_early_stopping_check:27 - best score      0.5694321393966675
2021-06-09 19:08:09.492 | INFO     | slp.plbind.helpers:_run_early_stopping_check:28 - patience left   5              
2021-06-09 19:08:09.493 | INFO     | slp.util.system:print_separator:81 - ##################################################
2021-06-09 19:08:43.870 | INFO     | slp.plbind.module:log_to_console:478 - Epoch 14 Training results
2021-06-09 19:08:43.871 | INFO     | slp.util.system:print_separator:81 - --------------------------------------------------
2021-06-09 19:08:43.872 | INFO     | slp.plbind.module:log_to_console:484 - train_acc2      0.8739429116249084
2021-06-09 19:08:43.873 | INFO     | slp.plbind.module:log_to_console:484 - train_acc2_zero 0.833074152469635
2021-06-09 19:08:43.873 | INFO     | slp.plbind.module:log_to_console:484 - train_acc5      0.6131534576416016
2021-06-09 19:08:43.874 | INFO     | slp.plbind.module:log_to_console:484 - train_acc7      0.5882023572921753
2021-06-09 19:08:43.874 | INFO     | slp.plbind.module:log_to_console:484 - train_f1        0.8720998764038086
2021-06-09 19:08:43.875 | INFO     | slp.plbind.module:log_to_console:484 - train_f1_zero   0.8366374373435974
2021-06-09 19:08:43.876 | INFO     | slp.plbind.module:log_to_console:484 - train_mae       0.4705418646335602
2021-06-09 19:08:43.876 | INFO     | slp.plbind.module:log_to_console:484 - train_loss      0.4705418646335602
2021-06-09 19:08:43.877 | INFO     | slp.util.system:print_separator:81 - %%%%%%%%%%%%%%%%%%%%%%%%%%%%%%%%%%%%%%%%%%%%%%%%%%
2021-06-09 19:08:45.755 | INFO     | slp.plbind.module:log_to_console:478 - Epoch 14 Validation results
2021-06-09 19:08:45.757 | INFO     | slp.util.system:print_separator:81 - --------------------------------------------------
2021-06-09 19:08:45.760 | INFO     | slp.plbind.module:log_to_console:484 - val_acc2        0.7907435894012451
2021-06-09 19:08:45.762 | INFO     | slp.plbind.module:log_to_console:484 - val_acc2_zero   0.7908897995948792
2021-06-09 19:08:45.764 | INFO     | slp.plbind.module:log_to_console:484 - val_acc5        0.542019784450531
2021-06-09 19:08:45.765 | INFO     | slp.plbind.module:log_to_console:484 - val_acc7        0.5314265489578247
2021-06-09 19:08:45.767 | INFO     | slp.plbind.module:log_to_console:484 - val_f1          0.7880405783653259
2021-06-09 19:08:45.769 | INFO     | slp.plbind.module:log_to_console:484 - val_f1_zero     0.7952986359596252
2021-06-09 19:08:45.770 | INFO     | slp.plbind.module:log_to_console:484 - val_mae         0.581443190574646
2021-06-09 19:08:45.772 | INFO     | slp.plbind.module:log_to_console:484 - val_loss        0.581443190574646
2021-06-09 19:08:45.773 | INFO     | slp.plbind.module:log_to_console:484 - best_score      0.5694321393966675
2021-06-09 19:08:45.774 | INFO     | slp.util.system:print_separator:81 - %%%%%%%%%%%%%%%%%%%%%%%%%%%%%%%%%%%%%%%%%%%%%%%%%%
2021-06-09 19:08:45.778 | INFO     | slp.plbind.helpers:_run_early_stopping_check:25 - Epoch 14 Early Stopping
2021-06-09 19:08:45.780 | INFO     | slp.util.system:print_separator:81 - --------------------------------------------------
2021-06-09 19:08:45.782 | INFO     | slp.plbind.helpers:_run_early_stopping_check:27 - best score      0.5694321393966675
2021-06-09 19:08:45.784 | INFO     | slp.plbind.helpers:_run_early_stopping_check:28 - patience left   4              
2021-06-09 19:08:45.786 | INFO     | slp.util.system:print_separator:81 - ##################################################
2021-06-09 19:09:20.683 | INFO     | slp.plbind.module:log_to_console:478 - Epoch 15 Training results
2021-06-09 19:09:20.684 | INFO     | slp.util.system:print_separator:81 - --------------------------------------------------
2021-06-09 19:09:20.685 | INFO     | slp.plbind.module:log_to_console:484 - train_acc2      0.8768196105957031
2021-06-09 19:09:20.685 | INFO     | slp.plbind.module:log_to_console:484 - train_acc2_zero 0.8340263962745667
2021-06-09 19:09:20.686 | INFO     | slp.plbind.module:log_to_console:484 - train_acc5      0.6181332468986511
2021-06-09 19:09:20.686 | INFO     | slp.plbind.module:log_to_console:484 - train_acc7      0.5937325358390808
2021-06-09 19:09:20.687 | INFO     | slp.plbind.module:log_to_console:484 - train_f1        0.8754314184188843
2021-06-09 19:09:20.687 | INFO     | slp.plbind.module:log_to_console:484 - train_f1_zero   0.8378675580024719
2021-06-09 19:09:20.688 | INFO     | slp.plbind.module:log_to_console:484 - train_mae       0.4627968668937683
2021-06-09 19:09:20.688 | INFO     | slp.plbind.module:log_to_console:484 - train_loss      0.4627968668937683
2021-06-09 19:09:20.689 | INFO     | slp.util.system:print_separator:81 - %%%%%%%%%%%%%%%%%%%%%%%%%%%%%%%%%%%%%%%%%%%%%%%%%%
2021-06-09 19:09:22.652 | INFO     | slp.plbind.module:log_to_console:478 - Epoch 15 Validation results
2021-06-09 19:09:22.654 | INFO     | slp.util.system:print_separator:81 - --------------------------------------------------
2021-06-09 19:09:22.656 | INFO     | slp.plbind.module:log_to_console:484 - val_acc2        0.791906476020813
2021-06-09 19:09:22.658 | INFO     | slp.plbind.module:log_to_console:484 - val_acc2_zero   0.7913488745689392
2021-06-09 19:09:22.660 | INFO     | slp.plbind.module:log_to_console:484 - val_acc5        0.5293079614639282
2021-06-09 19:09:22.662 | INFO     | slp.plbind.module:log_to_console:484 - val_acc7        0.5213630199432373
2021-06-09 19:09:22.664 | INFO     | slp.plbind.module:log_to_console:484 - val_f1          0.791200578212738
2021-06-09 19:09:22.665 | INFO     | slp.plbind.module:log_to_console:484 - val_f1_zero     0.7970490455627441
2021-06-09 19:09:22.667 | INFO     | slp.plbind.module:log_to_console:484 - val_mae         0.5839645862579346
2021-06-09 19:09:22.669 | INFO     | slp.plbind.module:log_to_console:484 - val_loss        0.5839645862579346
2021-06-09 19:09:22.671 | INFO     | slp.plbind.module:log_to_console:484 - best_score      0.5694321393966675
2021-06-09 19:09:22.673 | INFO     | slp.util.system:print_separator:81 - %%%%%%%%%%%%%%%%%%%%%%%%%%%%%%%%%%%%%%%%%%%%%%%%%%
2021-06-09 19:09:22.678 | INFO     | slp.plbind.helpers:_run_early_stopping_check:25 - Epoch 15 Early Stopping
2021-06-09 19:09:22.680 | INFO     | slp.util.system:print_separator:81 - --------------------------------------------------
2021-06-09 19:09:22.682 | INFO     | slp.plbind.helpers:_run_early_stopping_check:27 - best score      0.5694321393966675
2021-06-09 19:09:22.684 | INFO     | slp.plbind.helpers:_run_early_stopping_check:28 - patience left   3              
2021-06-09 19:09:22.686 | INFO     | slp.util.system:print_separator:81 - ##################################################
2021-06-09 19:09:57.362 | INFO     | slp.plbind.module:log_to_console:478 - Epoch 16 Training results
2021-06-09 19:09:57.363 | INFO     | slp.util.system:print_separator:81 - --------------------------------------------------
2021-06-09 19:09:57.364 | INFO     | slp.plbind.module:log_to_console:484 - train_acc2      0.8809683322906494
2021-06-09 19:09:57.364 | INFO     | slp.plbind.module:log_to_console:484 - train_acc2_zero 0.8353106379508972
2021-06-09 19:09:57.365 | INFO     | slp.plbind.module:log_to_console:484 - train_acc5      0.6345925331115723
2021-06-09 19:09:57.365 | INFO     | slp.plbind.module:log_to_console:484 - train_acc7      0.6103141903877258
2021-06-09 19:09:57.366 | INFO     | slp.plbind.module:log_to_console:484 - train_f1        0.879470944404602
2021-06-09 19:09:57.366 | INFO     | slp.plbind.module:log_to_console:484 - train_f1_zero   0.8393874764442444
2021-06-09 19:09:57.368 | INFO     | slp.plbind.module:log_to_console:484 - train_mae       0.4483177661895752
2021-06-09 19:09:57.369 | INFO     | slp.plbind.module:log_to_console:484 - train_loss      0.4483177661895752
2021-06-09 19:09:57.370 | INFO     | slp.util.system:print_separator:81 - %%%%%%%%%%%%%%%%%%%%%%%%%%%%%%%%%%%%%%%%%%%%%%%%%%
2021-06-09 19:09:59.413 | INFO     | slp.plbind.module:log_to_console:478 - Epoch 16 Validation results
2021-06-09 19:09:59.414 | INFO     | slp.util.system:print_separator:81 - --------------------------------------------------
2021-06-09 19:09:59.415 | INFO     | slp.plbind.module:log_to_console:484 - val_acc2        0.7891728281974792
2021-06-09 19:09:59.417 | INFO     | slp.plbind.module:log_to_console:484 - val_acc2_zero   0.7924787998199463
2021-06-09 19:09:59.419 | INFO     | slp.plbind.module:log_to_console:484 - val_acc5        0.5355932116508484
2021-06-09 19:09:59.421 | INFO     | slp.plbind.module:log_to_console:484 - val_acc7        0.5276483297348022
2021-06-09 19:09:59.423 | INFO     | slp.plbind.module:log_to_console:484 - val_f1          0.786137580871582
2021-06-09 19:09:59.424 | INFO     | slp.plbind.module:log_to_console:484 - val_f1_zero     0.796815037727356
2021-06-09 19:09:59.424 | INFO     | slp.plbind.module:log_to_console:484 - val_mae         0.576140820980072
2021-06-09 19:09:59.425 | INFO     | slp.plbind.module:log_to_console:484 - val_loss        0.576140820980072
2021-06-09 19:09:59.426 | INFO     | slp.plbind.module:log_to_console:484 - best_score      0.5694321393966675
2021-06-09 19:09:59.426 | INFO     | slp.util.system:print_separator:81 - %%%%%%%%%%%%%%%%%%%%%%%%%%%%%%%%%%%%%%%%%%%%%%%%%%
2021-06-09 19:09:59.429 | INFO     | slp.plbind.helpers:_run_early_stopping_check:25 - Epoch 16 Early Stopping
2021-06-09 19:09:59.430 | INFO     | slp.util.system:print_separator:81 - --------------------------------------------------
2021-06-09 19:09:59.430 | INFO     | slp.plbind.helpers:_run_early_stopping_check:27 - best score      0.5694321393966675
2021-06-09 19:09:59.431 | INFO     | slp.plbind.helpers:_run_early_stopping_check:28 - patience left   2              
2021-06-09 19:09:59.432 | INFO     | slp.util.system:print_separator:81 - ##################################################
2021-06-09 19:10:34.090 | INFO     | slp.plbind.module:log_to_console:478 - Epoch 17 Training results
2021-06-09 19:10:34.091 | INFO     | slp.util.system:print_separator:81 - --------------------------------------------------
2021-06-09 19:10:34.092 | INFO     | slp.plbind.module:log_to_console:484 - train_acc2      0.8842290639877319
2021-06-09 19:10:34.092 | INFO     | slp.plbind.module:log_to_console:484 - train_acc2_zero 0.8388576507568359
2021-06-09 19:10:34.093 | INFO     | slp.plbind.module:log_to_console:484 - train_acc5      0.6482649445533752
2021-06-09 19:10:34.094 | INFO     | slp.plbind.module:log_to_console:484 - train_acc7      0.6239866018295288
2021-06-09 19:10:34.094 | INFO     | slp.plbind.module:log_to_console:484 - train_f1        0.8830528259277344
2021-06-09 19:10:34.095 | INFO     | slp.plbind.module:log_to_console:484 - train_f1_zero   0.8428521156311035
2021-06-09 19:10:34.095 | INFO     | slp.plbind.module:log_to_console:484 - train_mae       0.42907604575157166
2021-06-09 19:10:34.096 | INFO     | slp.plbind.module:log_to_console:484 - train_loss      0.42907604575157166
2021-06-09 19:10:34.096 | INFO     | slp.util.system:print_separator:81 - %%%%%%%%%%%%%%%%%%%%%%%%%%%%%%%%%%%%%%%%%%%%%%%%%%
2021-06-09 19:10:36.016 | INFO     | slp.plbind.module:log_to_console:478 - Epoch 17 Validation results
2021-06-09 19:10:36.017 | INFO     | slp.util.system:print_separator:81 - --------------------------------------------------
2021-06-09 19:10:36.018 | INFO     | slp.plbind.module:log_to_console:484 - val_acc2        0.786544144153595
2021-06-09 19:10:36.018 | INFO     | slp.plbind.module:log_to_console:484 - val_acc2_zero   0.7740113139152527
2021-06-09 19:10:36.019 | INFO     | slp.plbind.module:log_to_console:484 - val_acc5        0.5302966237068176
2021-06-09 19:10:36.020 | INFO     | slp.plbind.module:log_to_console:484 - val_acc7        0.5212923884391785
2021-06-09 19:10:36.021 | INFO     | slp.plbind.module:log_to_console:484 - val_f1          0.7869246006011963
2021-06-09 19:10:36.022 | INFO     | slp.plbind.module:log_to_console:484 - val_f1_zero     0.7825455665588379
2021-06-09 19:10:36.022 | INFO     | slp.plbind.module:log_to_console:484 - val_mae         0.5773028135299683
2021-06-09 19:10:36.023 | INFO     | slp.plbind.module:log_to_console:484 - val_loss        0.5773028135299683
2021-06-09 19:10:36.024 | INFO     | slp.plbind.module:log_to_console:484 - best_score      0.5694321393966675
2021-06-09 19:10:36.024 | INFO     | slp.util.system:print_separator:81 - %%%%%%%%%%%%%%%%%%%%%%%%%%%%%%%%%%%%%%%%%%%%%%%%%%
2021-06-09 19:10:36.026 | INFO     | slp.plbind.helpers:_run_early_stopping_check:25 - Epoch 17 Early Stopping
2021-06-09 19:10:36.027 | INFO     | slp.util.system:print_separator:81 - --------------------------------------------------
2021-06-09 19:10:36.028 | INFO     | slp.plbind.helpers:_run_early_stopping_check:27 - best score      0.5694321393966675
2021-06-09 19:10:36.029 | INFO     | slp.plbind.helpers:_run_early_stopping_check:28 - patience left   1              
2021-06-09 19:10:36.029 | INFO     | slp.util.system:print_separator:81 - ##################################################
2021-06-09 19:11:10.793 | INFO     | slp.plbind.module:log_to_console:478 - Epoch 18 Training results
2021-06-09 19:11:10.794 | INFO     | slp.util.system:print_separator:81 - --------------------------------------------------
2021-06-09 19:11:10.795 | INFO     | slp.plbind.module:log_to_console:484 - train_acc2      0.890069842338562
2021-06-09 19:11:10.795 | INFO     | slp.plbind.module:log_to_console:484 - train_acc2_zero 0.8401069641113281
2021-06-09 19:11:10.796 | INFO     | slp.plbind.module:log_to_console:484 - train_acc5      0.6568178534507751
2021-06-09 19:11:10.796 | INFO     | slp.plbind.module:log_to_console:484 - train_acc7      0.6324434280395508
2021-06-09 19:11:10.797 | INFO     | slp.plbind.module:log_to_console:484 - train_f1        0.8890416026115417
2021-06-09 19:11:10.797 | INFO     | slp.plbind.module:log_to_console:484 - train_f1_zero   0.8445841670036316
2021-06-09 19:11:10.798 | INFO     | slp.plbind.module:log_to_console:484 - train_mae       0.41747963428497314
2021-06-09 19:11:10.798 | INFO     | slp.plbind.module:log_to_console:484 - train_loss      0.41747963428497314
2021-06-09 19:11:10.799 | INFO     | slp.util.system:print_separator:81 - %%%%%%%%%%%%%%%%%%%%%%%%%%%%%%%%%%%%%%%%%%%%%%%%%%
2021-06-09 19:11:12.771 | INFO     | slp.plbind.module:log_to_console:478 - Epoch 18 Validation results
2021-06-09 19:11:12.772 | INFO     | slp.util.system:print_separator:81 - --------------------------------------------------
2021-06-09 19:11:12.773 | INFO     | slp.plbind.module:log_to_console:484 - val_acc2        0.7865989208221436
2021-06-09 19:11:12.774 | INFO     | slp.plbind.module:log_to_console:484 - val_acc2_zero   0.7819562554359436
2021-06-09 19:11:12.775 | INFO     | slp.plbind.module:log_to_console:484 - val_acc5        0.5393008589744568
2021-06-09 19:11:12.775 | INFO     | slp.plbind.module:log_to_console:484 - val_acc7        0.5265889763832092
2021-06-09 19:11:12.776 | INFO     | slp.plbind.module:log_to_console:484 - val_f1          0.7837371826171875
2021-06-09 19:11:12.777 | INFO     | slp.plbind.module:log_to_console:484 - val_f1_zero     0.7875924706459045
2021-06-09 19:11:12.778 | INFO     | slp.plbind.module:log_to_console:484 - val_mae         0.5965554714202881
2021-06-09 19:11:12.778 | INFO     | slp.plbind.module:log_to_console:484 - val_loss        0.5965554714202881
2021-06-09 19:11:12.779 | INFO     | slp.plbind.module:log_to_console:484 - best_score      0.5694321393966675
2021-06-09 19:11:12.780 | INFO     | slp.util.system:print_separator:81 - %%%%%%%%%%%%%%%%%%%%%%%%%%%%%%%%%%%%%%%%%%%%%%%%%%
2021-06-09 19:11:12.782 | INFO     | slp.plbind.helpers:_run_early_stopping_check:25 - Epoch 18 Early Stopping
2021-06-09 19:11:12.782 | INFO     | slp.util.system:print_separator:81 - --------------------------------------------------
2021-06-09 19:11:12.783 | INFO     | slp.plbind.helpers:_run_early_stopping_check:27 - best score      0.5694321393966675
2021-06-09 19:11:12.784 | INFO     | slp.plbind.helpers:_run_early_stopping_check:28 - patience left   0              
2021-06-09 19:11:12.785 | INFO     | slp.plbind.helpers:_run_early_stopping_check:33 - Stopping due to early stopping
2021-06-09 19:11:12.785 | INFO     | slp.util.system:print_separator:81 - ##################################################
2021-06-09 19:11:12.871 | INFO     | pytorch_lightning.profiler.profilers:describe:96 - 

Profiler Report

Action                             	|  Mean duration (s)	|Num calls      	|  Total time (s) 	|  Percentage %   	|
------------------------------------------------------------------------------------------------------------------------------------
Total                              	|  -              	|_              	|  663.37         	|  100 %          	|
------------------------------------------------------------------------------------------------------------------------------------
run_training_epoch                 	|  36.644         	|18             	|  659.6          	|  99.432         	|
run_training_batch                 	|  0.065255       	|9198           	|  600.22         	|  90.48          	|
optimizer_step_and_closure_0       	|  0.062767       	|9198           	|  577.33         	|  87.031         	|
training_step_and_backward         	|  0.052106       	|9198           	|  479.27         	|  72.247         	|
model_forward                      	|  0.029809       	|9198           	|  274.18         	|  41.332         	|
training_step                      	|  0.029565       	|9198           	|  271.93         	|  40.993         	|
model_backward                     	|  0.022034       	|9198           	|  202.67         	|  30.552         	|
evaluation_step_and_end            	|  0.027871       	|1064           	|  29.654         	|  4.4703         	|
validation_step                    	|  0.027714       	|1064           	|  29.487         	|  4.4451         	|
get_train_batch                    	|  0.00047131     	|9198           	|  4.3351         	|  0.6535         	|
on_train_batch_end                 	|  0.00014925     	|9198           	|  1.3728         	|  0.20694        	|
on_train_batch_start               	|  0.00013096     	|9198           	|  1.2045         	|  0.18158        	|
cache_result                       	|  1.8978e-05     	|49389          	|  0.9373         	|  0.14129        	|
on_validation_end                  	|  0.028499       	|19             	|  0.54149        	|  0.081627       	|
on_after_backward                  	|  3.3239e-05     	|9198           	|  0.30574        	|  0.046088       	|
on_before_zero_grad                	|  3.0738e-05     	|9198           	|  0.28273        	|  0.04262        	|
on_batch_start                     	|  2.6258e-05     	|9198           	|  0.24152        	|  0.036408       	|
on_batch_end                       	|  1.9462e-05     	|9198           	|  0.17901        	|  0.026986       	|
on_validation_batch_end            	|  9.2673e-05     	|1064           	|  0.098604       	|  0.014864       	|
training_step_end                  	|  1.022e-05      	|9198           	|  0.094005       	|  0.014171       	|
on_train_end                       	|  0.036537       	|1              	|  0.036537       	|  0.0055078      	|
on_epoch_start                     	|  0.0012552      	|18             	|  0.022593       	|  0.0034058      	|
on_validation_batch_start          	|  1.5265e-05     	|1064           	|  0.016242       	|  0.0024484      	|
validation_step_end                	|  1.0971e-05     	|1064           	|  0.011673       	|  0.0017597      	|
on_validation_start                	|  0.00052805     	|19             	|  0.010033       	|  0.0015124      	|
on_train_start                     	|  0.0026785      	|1              	|  0.0026785      	|  0.00040377     	|
on_train_epoch_end                 	|  2.8823e-05     	|18             	|  0.00051881     	|  7.8209e-05     	|
on_validation_epoch_end            	|  2.3619e-05     	|19             	|  0.00044877     	|  6.765e-05      	|
on_epoch_end                       	|  1.1432e-05     	|37             	|  0.00042297     	|  6.3761e-05     	|
on_train_epoch_start               	|  1.9064e-05     	|18             	|  0.00034315     	|  5.1729e-05     	|
on_validation_epoch_start          	|  1.4854e-05     	|19             	|  0.00028222     	|  4.2543e-05     	|
on_fit_start                       	|  2.3845e-05     	|1              	|  2.3845e-05     	|  3.5945e-06     	|
on_before_accelerator_backend_setup	|  2.0346e-05     	|1              	|  2.0346e-05     	|  3.0671e-06     	|

