2021-06-09 17:59:54.756 | INFO     | slp.util.log:configure_logging:84 - Log file will be saved in logs/mosei-rnn-m3-0.25-text-0.6.20210609-175954.log
2021-06-09 17:59:55.608 | INFO     | slp.plbind.dm:setup:159 - Using provided validation set
2021-06-09 17:59:55.609 | INFO     | slp.plbind.dm:setup:162 - Using provided test set
2021-06-09 17:59:55.609 | INFO     | slp.plbind.dm:setup:212 - Using 16327 samples for training
2021-06-09 17:59:55.609 | INFO     | slp.plbind.dm:setup:213 - Using 1871 samples for validation
2021-06-09 17:59:55.609 | INFO     | slp.plbind.dm:setup:216 - Using 4662 samples for testing
2021-06-09 17:59:55.629 | INFO     | slp.plbind.trainer:make_trainer:428 - Logs will be saved in rnn-m3-0.25-text-0.6/mosei-rnn-m3-0.25-text-0.6
2021-06-09 17:59:55.629 | INFO     | slp.plbind.trainer:make_trainer:429 - Logs will be saved in rnn-m3-0.25-text-0.6/mosei-rnn-m3-0.25-text-0.6/20210609-175955/checkpoints
2021-06-09 17:59:55.663 | INFO     | slp.plbind.trainer:make_trainer:461 - Configured wandb and CSV loggers.
2021-06-09 17:59:55.663 | INFO     | slp.plbind.trainer:make_trainer:462 - Wandb configured to run mosei-rnn-m3-0.25-text-0.6/20210609-175955 in project mosei-rnn-m3-0.25-text-0.6
2021-06-09 17:59:55.664 | INFO     | slp.plbind.trainer:make_trainer:467 - Results will be stored online.
2021-06-09 17:59:55.664 | INFO     | slp.plbind.trainer:make_trainer:475 - Experiment verbose description:
MOSEI RNN-baseline with M3 and higher text drop probability

Tags:['mosei', 'rnn-baseline', 'm3', 'regularization']
2021-06-09 17:59:55.665 | INFO     | slp.plbind.trainer:make_trainer:496 - Configured Early stopping and Model checkpointing to track val_loss
2021-06-09 17:59:55.680 | INFO     | pytorch_lightning.utilities.distributed:_info:54 - GPU available: True, used: True
2021-06-09 17:59:55.681 | INFO     | pytorch_lightning.utilities.distributed:_info:54 - TPU available: None, using: 0 TPU cores
2021-06-09 17:59:56.523 | INFO     | slp.plbind.trainer:watch_model:613 - Tracking model weights & gradients in wandb.
2021-06-09 17:59:56.525 | INFO     | pytorch_lightning.accelerators.gpu:set_nvidia_flags:40 - LOCAL_RANK: 0 - CUDA_VISIBLE_DEVICES: [3]
2021-06-09 17:59:59.008 | INFO     | pytorch_lightning.core.lightning:summarize:1457 - 
  | Name          | Type                            | Params
------------------------------------------------------------------
0 | model         | AudioVisualTextMaskedClassifier | 1.6 M 
1 | criterion     | L1Loss                          | 0     
2 | train_metrics | ModuleDict                      | 0     
3 | val_metrics   | ModuleDict                      | 0     
4 | test_metrics  | ModuleDict                      | 0     
------------------------------------------------------------------
1.6 M     Trainable params
0         Non-trainable params
1.6 M     Total params
6.535     Total estimated model params size (MB)
2021-06-09 17:59:59.279 | INFO     | slp.plbind.module:log_to_console:478 - Epoch 1 Validation results
2021-06-09 17:59:59.280 | INFO     | slp.util.system:print_separator:81 - --------------------------------------------------
2021-06-09 17:59:59.282 | INFO     | slp.plbind.module:log_to_console:484 - val_acc2        0.4640151262283325
2021-06-09 17:59:59.283 | INFO     | slp.plbind.module:log_to_console:484 - val_acc2_zero   0.59375        
2021-06-09 17:59:59.285 | INFO     | slp.plbind.module:log_to_console:484 - val_acc5        0.09375        
2021-06-09 17:59:59.286 | INFO     | slp.plbind.module:log_to_console:484 - val_acc7        0.046875       
2021-06-09 17:59:59.287 | INFO     | slp.plbind.module:log_to_console:484 - val_f1          0.3486885130405426
2021-06-09 17:59:59.288 | INFO     | slp.plbind.module:log_to_console:484 - val_f1_zero     0.4893738031387329
2021-06-09 17:59:59.290 | INFO     | slp.plbind.module:log_to_console:484 - val_mae         5.017655372619629
2021-06-09 17:59:59.291 | INFO     | slp.plbind.module:log_to_console:484 - val_loss        5.017655372619629
2021-06-09 17:59:59.292 | INFO     | slp.plbind.module:log_to_console:484 - best_score      inf            
2021-06-09 17:59:59.293 | INFO     | slp.util.system:print_separator:81 - %%%%%%%%%%%%%%%%%%%%%%%%%%%%%%%%%%%%%%%%%%%%%%%%%%
2021-06-09 18:00:32.913 | INFO     | slp.plbind.module:log_to_console:478 - Epoch 1 Training results
2021-06-09 18:00:32.913 | INFO     | slp.util.system:print_separator:81 - --------------------------------------------------
2021-06-09 18:00:32.915 | INFO     | slp.plbind.module:log_to_console:484 - train_acc2      0.6630534529685974
2021-06-09 18:00:32.916 | INFO     | slp.plbind.module:log_to_console:484 - train_acc2_zero 0.652703046798706
2021-06-09 18:00:32.917 | INFO     | slp.plbind.module:log_to_console:484 - train_acc5      0.37396907806396484
2021-06-09 18:00:32.919 | INFO     | slp.plbind.module:log_to_console:484 - train_acc7      0.36760902404785156
2021-06-09 18:00:32.920 | INFO     | slp.plbind.module:log_to_console:484 - train_f1        0.6339894533157349
2021-06-09 18:00:32.921 | INFO     | slp.plbind.module:log_to_console:484 - train_f1_zero   0.6347944736480713
2021-06-09 18:00:32.923 | INFO     | slp.plbind.module:log_to_console:484 - train_mae       1.014600157737732
2021-06-09 18:00:32.924 | INFO     | slp.plbind.module:log_to_console:484 - train_loss      1.014600157737732
2021-06-09 18:00:32.925 | INFO     | slp.util.system:print_separator:81 - %%%%%%%%%%%%%%%%%%%%%%%%%%%%%%%%%%%%%%%%%%%%%%%%%%
2021-06-09 18:00:34.908 | INFO     | slp.plbind.module:log_to_console:478 - Epoch 1 Validation results
2021-06-09 18:00:34.910 | INFO     | slp.util.system:print_separator:81 - --------------------------------------------------
2021-06-09 18:00:34.912 | INFO     | slp.plbind.module:log_to_console:484 - val_acc2        0.7706922292709351
2021-06-09 18:00:34.914 | INFO     | slp.plbind.module:log_to_console:484 - val_acc2_zero   0.7424435615539551
2021-06-09 18:00:34.916 | INFO     | slp.plbind.module:log_to_console:484 - val_acc5        0.4672669470310211
2021-06-09 18:00:34.918 | INFO     | slp.plbind.module:log_to_console:484 - val_acc7        0.4566737413406372
2021-06-09 18:00:34.920 | INFO     | slp.plbind.module:log_to_console:484 - val_f1          0.7613859176635742
2021-06-09 18:00:34.922 | INFO     | slp.plbind.module:log_to_console:484 - val_f1_zero     0.7415662407875061
2021-06-09 18:00:34.924 | INFO     | slp.plbind.module:log_to_console:484 - val_mae         0.6971237659454346
2021-06-09 18:00:34.926 | INFO     | slp.plbind.module:log_to_console:484 - val_loss        0.6971237659454346
2021-06-09 18:00:34.928 | INFO     | slp.plbind.module:log_to_console:484 - best_score      inf            
2021-06-09 18:00:34.930 | INFO     | slp.util.system:print_separator:81 - %%%%%%%%%%%%%%%%%%%%%%%%%%%%%%%%%%%%%%%%%%%%%%%%%%
2021-06-09 18:00:34.935 | INFO     | slp.plbind.helpers:_run_early_stopping_check:25 - Epoch 1 Early Stopping
2021-06-09 18:00:34.937 | INFO     | slp.util.system:print_separator:81 - --------------------------------------------------
2021-06-09 18:00:34.939 | INFO     | slp.plbind.helpers:_run_early_stopping_check:27 - best score      0.6971237659454346
2021-06-09 18:00:34.940 | INFO     | slp.plbind.helpers:_run_early_stopping_check:28 - patience left   10             
2021-06-09 18:00:34.941 | INFO     | slp.util.system:print_separator:81 - ##################################################
2021-06-09 18:01:09.489 | INFO     | slp.plbind.module:log_to_console:478 - Epoch 2 Training results
2021-06-09 18:01:09.490 | INFO     | slp.util.system:print_separator:81 - --------------------------------------------------
2021-06-09 18:01:09.490 | INFO     | slp.plbind.module:log_to_console:484 - train_acc2      0.7793121337890625
2021-06-09 18:01:09.491 | INFO     | slp.plbind.module:log_to_console:484 - train_acc2_zero 0.7555650472640991
2021-06-09 18:01:09.491 | INFO     | slp.plbind.module:log_to_console:484 - train_acc5      0.4567199945449829
2021-06-09 18:01:09.492 | INFO     | slp.plbind.module:log_to_console:484 - train_acc7      0.4489533603191376
2021-06-09 18:01:09.493 | INFO     | slp.plbind.module:log_to_console:484 - train_f1        0.7734968066215515
2021-06-09 18:01:09.493 | INFO     | slp.plbind.module:log_to_console:484 - train_f1_zero   0.7566902041435242
2021-06-09 18:01:09.494 | INFO     | slp.plbind.module:log_to_console:484 - train_mae       0.7024652361869812
2021-06-09 18:01:09.494 | INFO     | slp.plbind.module:log_to_console:484 - train_loss      0.7024652361869812
2021-06-09 18:01:09.495 | INFO     | slp.util.system:print_separator:81 - %%%%%%%%%%%%%%%%%%%%%%%%%%%%%%%%%%%%%%%%%%%%%%%%%%
2021-06-09 18:01:11.340 | INFO     | slp.plbind.module:log_to_console:478 - Epoch 2 Validation results
2021-06-09 18:01:11.343 | INFO     | slp.util.system:print_separator:81 - --------------------------------------------------
2021-06-09 18:01:11.345 | INFO     | slp.plbind.module:log_to_console:484 - val_acc2        0.7966912984848022
2021-06-09 18:01:11.347 | INFO     | slp.plbind.module:log_to_console:484 - val_acc2_zero   0.8038842082023621
2021-06-09 18:01:11.349 | INFO     | slp.plbind.module:log_to_console:484 - val_acc5        0.45151835680007935
2021-06-09 18:01:11.351 | INFO     | slp.plbind.module:log_to_console:484 - val_acc7        0.43509888648986816
2021-06-09 18:01:11.353 | INFO     | slp.plbind.module:log_to_console:484 - val_f1          0.7868179082870483
2021-06-09 18:01:11.355 | INFO     | slp.plbind.module:log_to_console:484 - val_f1_zero     0.8000608086585999
2021-06-09 18:01:11.357 | INFO     | slp.plbind.module:log_to_console:484 - val_mae         0.6796449422836304
2021-06-09 18:01:11.358 | INFO     | slp.plbind.module:log_to_console:484 - val_loss        0.6796449422836304
2021-06-09 18:01:11.360 | INFO     | slp.plbind.module:log_to_console:484 - best_score      0.6971238851547241
2021-06-09 18:01:11.361 | INFO     | slp.util.system:print_separator:81 - %%%%%%%%%%%%%%%%%%%%%%%%%%%%%%%%%%%%%%%%%%%%%%%%%%
2021-06-09 18:01:11.365 | INFO     | slp.plbind.helpers:_run_early_stopping_check:25 - Epoch 2 Early Stopping
2021-06-09 18:01:11.366 | INFO     | slp.util.system:print_separator:81 - --------------------------------------------------
2021-06-09 18:01:11.367 | INFO     | slp.plbind.helpers:_run_early_stopping_check:27 - best score      0.6796449422836304
2021-06-09 18:01:11.368 | INFO     | slp.plbind.helpers:_run_early_stopping_check:28 - patience left   10             
2021-06-09 18:01:11.369 | INFO     | slp.util.system:print_separator:81 - ##################################################
2021-06-09 18:01:45.351 | INFO     | slp.plbind.module:log_to_console:478 - Epoch 3 Training results
2021-06-09 18:01:45.352 | INFO     | slp.util.system:print_separator:81 - --------------------------------------------------
2021-06-09 18:01:45.353 | INFO     | slp.plbind.module:log_to_console:484 - train_acc2      0.8004868030548096
2021-06-09 18:01:45.353 | INFO     | slp.plbind.module:log_to_console:484 - train_acc2_zero 0.7773623466491699
2021-06-09 18:01:45.354 | INFO     | slp.plbind.module:log_to_console:484 - train_acc5      0.48888733983039856
2021-06-09 18:01:45.354 | INFO     | slp.plbind.module:log_to_console:484 - train_acc7      0.475922554731369
2021-06-09 18:01:45.355 | INFO     | slp.plbind.module:log_to_console:484 - train_f1        0.7953386902809143
2021-06-09 18:01:45.355 | INFO     | slp.plbind.module:log_to_console:484 - train_f1_zero   0.7791855335235596
2021-06-09 18:01:45.356 | INFO     | slp.plbind.module:log_to_console:484 - train_mae       0.6534377336502075
2021-06-09 18:01:45.356 | INFO     | slp.plbind.module:log_to_console:484 - train_loss      0.6534377336502075
2021-06-09 18:01:45.357 | INFO     | slp.util.system:print_separator:81 - %%%%%%%%%%%%%%%%%%%%%%%%%%%%%%%%%%%%%%%%%%%%%%%%%%
2021-06-09 18:01:47.269 | INFO     | slp.plbind.module:log_to_console:478 - Epoch 3 Validation results
2021-06-09 18:01:47.271 | INFO     | slp.util.system:print_separator:81 - --------------------------------------------------
2021-06-09 18:01:47.274 | INFO     | slp.plbind.module:log_to_console:484 - val_acc2        0.8044359087944031
2021-06-09 18:01:47.276 | INFO     | slp.plbind.module:log_to_console:484 - val_acc2_zero   0.7996469140052795
2021-06-09 18:01:47.278 | INFO     | slp.plbind.module:log_to_console:484 - val_acc5        0.5234816670417786
2021-06-09 18:01:47.280 | INFO     | slp.plbind.module:log_to_console:484 - val_acc7        0.5144774317741394
2021-06-09 18:01:47.282 | INFO     | slp.plbind.module:log_to_console:484 - val_f1          0.7992331385612488
2021-06-09 18:01:47.283 | INFO     | slp.plbind.module:log_to_console:484 - val_f1_zero     0.8009334802627563
2021-06-09 18:01:47.285 | INFO     | slp.plbind.module:log_to_console:484 - val_mae         0.5961112976074219
2021-06-09 18:01:47.286 | INFO     | slp.plbind.module:log_to_console:484 - val_loss        0.5961112976074219
2021-06-09 18:01:47.287 | INFO     | slp.plbind.module:log_to_console:484 - best_score      0.6796449422836304
2021-06-09 18:01:47.289 | INFO     | slp.util.system:print_separator:81 - %%%%%%%%%%%%%%%%%%%%%%%%%%%%%%%%%%%%%%%%%%%%%%%%%%
2021-06-09 18:01:47.292 | INFO     | slp.plbind.helpers:_run_early_stopping_check:25 - Epoch 3 Early Stopping
2021-06-09 18:01:47.293 | INFO     | slp.util.system:print_separator:81 - --------------------------------------------------
2021-06-09 18:01:47.295 | INFO     | slp.plbind.helpers:_run_early_stopping_check:27 - best score      0.5961112976074219
2021-06-09 18:01:47.297 | INFO     | slp.plbind.helpers:_run_early_stopping_check:28 - patience left   10             
2021-06-09 18:01:47.299 | INFO     | slp.util.system:print_separator:81 - ##################################################
2021-06-09 18:02:21.472 | INFO     | slp.plbind.module:log_to_console:478 - Epoch 4 Training results
2021-06-09 18:02:21.472 | INFO     | slp.util.system:print_separator:81 - --------------------------------------------------
2021-06-09 18:02:21.473 | INFO     | slp.plbind.module:log_to_console:484 - train_acc2      0.8115841150283813
2021-06-09 18:02:21.474 | INFO     | slp.plbind.module:log_to_console:484 - train_acc2_zero 0.7826216220855713
2021-06-09 18:02:21.474 | INFO     | slp.plbind.module:log_to_console:484 - train_acc5      0.5079063773155212
2021-06-09 18:02:21.475 | INFO     | slp.plbind.module:log_to_console:484 - train_acc7      0.4943300783634186
2021-06-09 18:02:21.475 | INFO     | slp.plbind.module:log_to_console:484 - train_f1        0.8075636625289917
2021-06-09 18:02:21.476 | INFO     | slp.plbind.module:log_to_console:484 - train_f1_zero   0.7855139374732971
2021-06-09 18:02:21.477 | INFO     | slp.plbind.module:log_to_console:484 - train_mae       0.6247265934944153
2021-06-09 18:02:21.477 | INFO     | slp.plbind.module:log_to_console:484 - train_loss      0.6247265934944153
2021-06-09 18:02:21.478 | INFO     | slp.util.system:print_separator:81 - %%%%%%%%%%%%%%%%%%%%%%%%%%%%%%%%%%%%%%%%%%%%%%%%%%
2021-06-09 18:02:23.386 | INFO     | slp.plbind.module:log_to_console:478 - Epoch 4 Validation results
2021-06-09 18:02:23.387 | INFO     | slp.util.system:print_separator:81 - --------------------------------------------------
2021-06-09 18:02:23.389 | INFO     | slp.plbind.module:log_to_console:484 - val_acc2        0.7869872450828552
2021-06-09 18:02:23.390 | INFO     | slp.plbind.module:log_to_console:484 - val_acc2_zero   0.8075918555259705
2021-06-09 18:02:23.392 | INFO     | slp.plbind.module:log_to_console:484 - val_acc5        0.49117234349250793
2021-06-09 18:02:23.393 | INFO     | slp.plbind.module:log_to_console:484 - val_acc7        0.4890536963939667
2021-06-09 18:02:23.394 | INFO     | slp.plbind.module:log_to_console:484 - val_f1          0.7677285671234131
2021-06-09 18:02:23.396 | INFO     | slp.plbind.module:log_to_console:484 - val_f1_zero     0.794772207736969
2021-06-09 18:02:23.398 | INFO     | slp.plbind.module:log_to_console:484 - val_mae         0.6390914916992188
2021-06-09 18:02:23.400 | INFO     | slp.plbind.module:log_to_console:484 - val_loss        0.6390914916992188
2021-06-09 18:02:23.402 | INFO     | slp.plbind.module:log_to_console:484 - best_score      0.5961112976074219
2021-06-09 18:02:23.404 | INFO     | slp.util.system:print_separator:81 - %%%%%%%%%%%%%%%%%%%%%%%%%%%%%%%%%%%%%%%%%%%%%%%%%%
2021-06-09 18:02:23.410 | INFO     | slp.plbind.helpers:_run_early_stopping_check:25 - Epoch 4 Early Stopping
2021-06-09 18:02:23.412 | INFO     | slp.util.system:print_separator:81 - --------------------------------------------------
2021-06-09 18:02:23.413 | INFO     | slp.plbind.helpers:_run_early_stopping_check:27 - best score      0.5961112976074219
2021-06-09 18:02:23.415 | INFO     | slp.plbind.helpers:_run_early_stopping_check:28 - patience left   9              
2021-06-09 18:02:23.416 | INFO     | slp.util.system:print_separator:81 - ##################################################
2021-06-09 18:02:57.518 | INFO     | slp.plbind.module:log_to_console:478 - Epoch 5 Training results
2021-06-09 18:02:57.519 | INFO     | slp.util.system:print_separator:81 - --------------------------------------------------
2021-06-09 18:02:57.520 | INFO     | slp.plbind.module:log_to_console:484 - train_acc2      0.8187480568885803
2021-06-09 18:02:57.520 | INFO     | slp.plbind.module:log_to_console:484 - train_acc2_zero 0.7875401973724365
2021-06-09 18:02:57.521 | INFO     | slp.plbind.module:log_to_console:484 - train_acc5      0.5141092538833618
2021-06-09 18:02:57.521 | INFO     | slp.plbind.module:log_to_console:484 - train_acc7      0.4986371397972107
2021-06-09 18:02:57.522 | INFO     | slp.plbind.module:log_to_console:484 - train_f1        0.8160199522972107
2021-06-09 18:02:57.523 | INFO     | slp.plbind.module:log_to_console:484 - train_f1_zero   0.7916725277900696
2021-06-09 18:02:57.523 | INFO     | slp.plbind.module:log_to_console:484 - train_mae       0.6140508055686951
2021-06-09 18:02:57.524 | INFO     | slp.plbind.module:log_to_console:484 - train_loss      0.6140508055686951
2021-06-09 18:02:57.524 | INFO     | slp.util.system:print_separator:81 - %%%%%%%%%%%%%%%%%%%%%%%%%%%%%%%%%%%%%%%%%%%%%%%%%%
2021-06-09 18:02:59.432 | INFO     | slp.plbind.module:log_to_console:478 - Epoch 5 Validation results
2021-06-09 18:02:59.434 | INFO     | slp.util.system:print_separator:81 - --------------------------------------------------
2021-06-09 18:02:59.436 | INFO     | slp.plbind.module:log_to_console:484 - val_acc2        0.8013375401496887
2021-06-09 18:02:59.438 | INFO     | slp.plbind.module:log_to_console:484 - val_acc2_zero   0.7906426787376404
2021-06-09 18:02:59.439 | INFO     | slp.plbind.module:log_to_console:484 - val_acc5        0.5245409607887268
2021-06-09 18:02:59.441 | INFO     | slp.plbind.module:log_to_console:484 - val_acc7        0.5139477849006653
2021-06-09 18:02:59.443 | INFO     | slp.plbind.module:log_to_console:484 - val_f1          0.7996963262557983
2021-06-09 18:02:59.444 | INFO     | slp.plbind.module:log_to_console:484 - val_f1_zero     0.7964409589767456
2021-06-09 18:02:59.446 | INFO     | slp.plbind.module:log_to_console:484 - val_mae         0.5933733582496643
2021-06-09 18:02:59.447 | INFO     | slp.plbind.module:log_to_console:484 - val_loss        0.5933733582496643
2021-06-09 18:02:59.448 | INFO     | slp.plbind.module:log_to_console:484 - best_score      0.5961112976074219
2021-06-09 18:02:59.448 | INFO     | slp.util.system:print_separator:81 - %%%%%%%%%%%%%%%%%%%%%%%%%%%%%%%%%%%%%%%%%%%%%%%%%%
2021-06-09 18:02:59.450 | INFO     | slp.plbind.helpers:_run_early_stopping_check:25 - Epoch 5 Early Stopping
2021-06-09 18:02:59.451 | INFO     | slp.util.system:print_separator:81 - --------------------------------------------------
2021-06-09 18:02:59.452 | INFO     | slp.plbind.helpers:_run_early_stopping_check:27 - best score      0.5933733582496643
2021-06-09 18:02:59.453 | INFO     | slp.plbind.helpers:_run_early_stopping_check:28 - patience left   10             
2021-06-09 18:02:59.453 | INFO     | slp.util.system:print_separator:81 - ##################################################
2021-06-09 18:03:33.860 | INFO     | slp.plbind.module:log_to_console:478 - Epoch 6 Training results
2021-06-09 18:03:33.861 | INFO     | slp.util.system:print_separator:81 - --------------------------------------------------
2021-06-09 18:03:33.862 | INFO     | slp.plbind.module:log_to_console:484 - train_acc2      0.8260266184806824
2021-06-09 18:03:33.862 | INFO     | slp.plbind.module:log_to_console:484 - train_acc2_zero 0.7945117950439453
2021-06-09 18:03:33.863 | INFO     | slp.plbind.module:log_to_console:484 - train_acc5      0.5250559449195862
2021-06-09 18:03:33.863 | INFO     | slp.plbind.module:log_to_console:484 - train_acc7      0.5087276697158813
2021-06-09 18:03:33.864 | INFO     | slp.plbind.module:log_to_console:484 - train_f1        0.8224996328353882
2021-06-09 18:03:33.865 | INFO     | slp.plbind.module:log_to_console:484 - train_f1_zero   0.7980448007583618
2021-06-09 18:03:33.865 | INFO     | slp.plbind.module:log_to_console:484 - train_mae       0.5950250625610352
2021-06-09 18:03:33.866 | INFO     | slp.plbind.module:log_to_console:484 - train_loss      0.5950250625610352
2021-06-09 18:03:33.866 | INFO     | slp.util.system:print_separator:81 - %%%%%%%%%%%%%%%%%%%%%%%%%%%%%%%%%%%%%%%%%%%%%%%%%%
2021-06-09 18:03:35.735 | INFO     | slp.plbind.module:log_to_console:478 - Epoch 6 Validation results
2021-06-09 18:03:35.737 | INFO     | slp.util.system:print_separator:81 - --------------------------------------------------
2021-06-09 18:03:35.739 | INFO     | slp.plbind.module:log_to_console:484 - val_acc2        0.7882694602012634
2021-06-09 18:03:35.742 | INFO     | slp.plbind.module:log_to_console:484 - val_acc2_zero   0.7645480036735535
2021-06-09 18:03:35.743 | INFO     | slp.plbind.module:log_to_console:484 - val_acc5        0.5298376083374023
2021-06-09 18:03:35.746 | INFO     | slp.plbind.module:log_to_console:484 - val_acc7        0.519244372844696
2021-06-09 18:03:35.748 | INFO     | slp.plbind.module:log_to_console:484 - val_f1          0.7888946533203125
2021-06-09 18:03:35.749 | INFO     | slp.plbind.module:log_to_console:484 - val_f1_zero     0.7737039923667908
2021-06-09 18:03:35.751 | INFO     | slp.plbind.module:log_to_console:484 - val_mae         0.591095507144928
2021-06-09 18:03:35.752 | INFO     | slp.plbind.module:log_to_console:484 - val_loss        0.591095507144928
2021-06-09 18:03:35.754 | INFO     | slp.plbind.module:log_to_console:484 - best_score      0.5933733582496643
2021-06-09 18:03:35.755 | INFO     | slp.util.system:print_separator:81 - %%%%%%%%%%%%%%%%%%%%%%%%%%%%%%%%%%%%%%%%%%%%%%%%%%
2021-06-09 18:03:35.759 | INFO     | slp.plbind.helpers:_run_early_stopping_check:25 - Epoch 6 Early Stopping
2021-06-09 18:03:35.760 | INFO     | slp.util.system:print_separator:81 - --------------------------------------------------
2021-06-09 18:03:35.761 | INFO     | slp.plbind.helpers:_run_early_stopping_check:27 - best score      0.591095507144928
2021-06-09 18:03:35.762 | INFO     | slp.plbind.helpers:_run_early_stopping_check:28 - patience left   10             
2021-06-09 18:03:35.764 | INFO     | slp.util.system:print_separator:81 - ##################################################
2021-06-09 18:04:10.660 | INFO     | slp.plbind.module:log_to_console:478 - Epoch 7 Training results
2021-06-09 18:04:10.660 | INFO     | slp.util.system:print_separator:81 - --------------------------------------------------
2021-06-09 18:04:10.661 | INFO     | slp.plbind.module:log_to_console:484 - train_acc2      0.8280927538871765
2021-06-09 18:04:10.662 | INFO     | slp.plbind.module:log_to_console:484 - train_acc2_zero 0.7962502837181091
2021-06-09 18:04:10.662 | INFO     | slp.plbind.module:log_to_console:484 - train_acc5      0.5369635820388794
2021-06-09 18:04:10.663 | INFO     | slp.plbind.module:log_to_console:484 - train_acc7      0.517577588558197
2021-06-09 18:04:10.663 | INFO     | slp.plbind.module:log_to_console:484 - train_f1        0.8256446719169617
2021-06-09 18:04:10.664 | INFO     | slp.plbind.module:log_to_console:484 - train_f1_zero   0.8000748157501221
2021-06-09 18:04:10.666 | INFO     | slp.plbind.module:log_to_console:484 - train_mae       0.581426739692688
2021-06-09 18:04:10.667 | INFO     | slp.plbind.module:log_to_console:484 - train_loss      0.581426739692688
2021-06-09 18:04:10.668 | INFO     | slp.util.system:print_separator:81 - %%%%%%%%%%%%%%%%%%%%%%%%%%%%%%%%%%%%%%%%%%%%%%%%%%
2021-06-09 18:04:12.493 | INFO     | slp.plbind.module:log_to_console:478 - Epoch 7 Validation results
2021-06-09 18:04:12.494 | INFO     | slp.util.system:print_separator:81 - --------------------------------------------------
2021-06-09 18:04:12.495 | INFO     | slp.plbind.module:log_to_console:484 - val_acc2        0.7921437621116638
2021-06-09 18:04:12.496 | INFO     | slp.plbind.module:log_to_console:484 - val_acc2_zero   0.7707626819610596
2021-06-09 18:04:12.497 | INFO     | slp.plbind.module:log_to_console:484 - val_acc5        0.5212923884391785
2021-06-09 18:04:12.498 | INFO     | slp.plbind.module:log_to_console:484 - val_acc7        0.5149364471435547
2021-06-09 18:04:12.499 | INFO     | slp.plbind.module:log_to_console:484 - val_f1          0.7943444848060608
2021-06-09 18:04:12.500 | INFO     | slp.plbind.module:log_to_console:484 - val_f1_zero     0.7815711498260498
2021-06-09 18:04:12.501 | INFO     | slp.plbind.module:log_to_console:484 - val_mae         0.5911945700645447
2021-06-09 18:04:12.502 | INFO     | slp.plbind.module:log_to_console:484 - val_loss        0.5911945700645447
2021-06-09 18:04:12.503 | INFO     | slp.plbind.module:log_to_console:484 - best_score      0.591095507144928
2021-06-09 18:04:12.504 | INFO     | slp.util.system:print_separator:81 - %%%%%%%%%%%%%%%%%%%%%%%%%%%%%%%%%%%%%%%%%%%%%%%%%%
2021-06-09 18:04:12.507 | INFO     | slp.plbind.helpers:_run_early_stopping_check:25 - Epoch 7 Early Stopping
2021-06-09 18:04:12.508 | INFO     | slp.util.system:print_separator:81 - --------------------------------------------------
2021-06-09 18:04:12.509 | INFO     | slp.plbind.helpers:_run_early_stopping_check:27 - best score      0.591095507144928
2021-06-09 18:04:12.509 | INFO     | slp.plbind.helpers:_run_early_stopping_check:28 - patience left   9              
2021-06-09 18:04:12.510 | INFO     | slp.util.system:print_separator:81 - ##################################################
2021-06-09 18:04:46.665 | INFO     | slp.plbind.module:log_to_console:478 - Epoch 8 Training results
2021-06-09 18:04:46.666 | INFO     | slp.util.system:print_separator:81 - --------------------------------------------------
2021-06-09 18:04:46.667 | INFO     | slp.plbind.module:log_to_console:484 - train_acc2      0.8416081070899963
2021-06-09 18:04:46.667 | INFO     | slp.plbind.module:log_to_console:484 - train_acc2_zero 0.810254693031311
2021-06-09 18:04:46.668 | INFO     | slp.plbind.module:log_to_console:484 - train_acc5      0.542144238948822
2021-06-09 18:04:46.668 | INFO     | slp.plbind.module:log_to_console:484 - train_acc7      0.5240424871444702
2021-06-09 18:04:46.669 | INFO     | slp.plbind.module:log_to_console:484 - train_f1        0.8392243385314941
2021-06-09 18:04:46.670 | INFO     | slp.plbind.module:log_to_console:484 - train_f1_zero   0.8135327100753784
2021-06-09 18:04:46.670 | INFO     | slp.plbind.module:log_to_console:484 - train_mae       0.5677273869514465
2021-06-09 18:04:46.671 | INFO     | slp.plbind.module:log_to_console:484 - train_loss      0.5677273869514465
2021-06-09 18:04:46.671 | INFO     | slp.util.system:print_separator:81 - %%%%%%%%%%%%%%%%%%%%%%%%%%%%%%%%%%%%%%%%%%%%%%%%%%
2021-06-09 18:04:48.579 | INFO     | slp.plbind.module:log_to_console:478 - Epoch 8 Validation results
2021-06-09 18:04:48.580 | INFO     | slp.util.system:print_separator:81 - --------------------------------------------------
2021-06-09 18:04:48.581 | INFO     | slp.plbind.module:log_to_console:484 - val_acc2        0.807302713394165
2021-06-09 18:04:48.582 | INFO     | slp.plbind.module:log_to_console:484 - val_acc2_zero   0.8171257376670837
2021-06-09 18:04:48.582 | INFO     | slp.plbind.module:log_to_console:484 - val_acc5        0.5352048277854919
2021-06-09 18:04:48.583 | INFO     | slp.plbind.module:log_to_console:484 - val_acc7        0.519844651222229
2021-06-09 18:04:48.584 | INFO     | slp.plbind.module:log_to_console:484 - val_f1          0.7974337339401245
2021-06-09 18:04:48.585 | INFO     | slp.plbind.module:log_to_console:484 - val_f1_zero     0.812637448310852
2021-06-09 18:04:48.586 | INFO     | slp.plbind.module:log_to_console:484 - val_mae         0.5743443369865417
2021-06-09 18:04:48.586 | INFO     | slp.plbind.module:log_to_console:484 - val_loss        0.5743443369865417
2021-06-09 18:04:48.587 | INFO     | slp.plbind.module:log_to_console:484 - best_score      0.591095507144928
2021-06-09 18:04:48.587 | INFO     | slp.util.system:print_separator:81 - %%%%%%%%%%%%%%%%%%%%%%%%%%%%%%%%%%%%%%%%%%%%%%%%%%
2021-06-09 18:04:48.589 | INFO     | slp.plbind.helpers:_run_early_stopping_check:25 - Epoch 8 Early Stopping
2021-06-09 18:04:48.590 | INFO     | slp.util.system:print_separator:81 - --------------------------------------------------
2021-06-09 18:04:48.591 | INFO     | slp.plbind.helpers:_run_early_stopping_check:27 - best score      0.5743443369865417
2021-06-09 18:04:48.591 | INFO     | slp.plbind.helpers:_run_early_stopping_check:28 - patience left   10             
2021-06-09 18:04:48.592 | INFO     | slp.util.system:print_separator:81 - ##################################################
2021-06-09 18:05:23.422 | INFO     | slp.plbind.module:log_to_console:478 - Epoch 9 Training results
2021-06-09 18:05:23.423 | INFO     | slp.util.system:print_separator:81 - --------------------------------------------------
2021-06-09 18:05:23.424 | INFO     | slp.plbind.module:log_to_console:484 - train_acc2      0.8413209915161133
2021-06-09 18:05:23.424 | INFO     | slp.plbind.module:log_to_console:484 - train_acc2_zero 0.8066903352737427
2021-06-09 18:05:23.425 | INFO     | slp.plbind.module:log_to_console:484 - train_acc5      0.5528813004493713
2021-06-09 18:05:23.426 | INFO     | slp.plbind.module:log_to_console:484 - train_acc7      0.5322721600532532
2021-06-09 18:05:23.426 | INFO     | slp.plbind.module:log_to_console:484 - train_f1        0.837940514087677
2021-06-09 18:05:23.427 | INFO     | slp.plbind.module:log_to_console:484 - train_f1_zero   0.8096186518669128
2021-06-09 18:05:23.427 | INFO     | slp.plbind.module:log_to_console:484 - train_mae       0.5558637380599976
2021-06-09 18:05:23.428 | INFO     | slp.plbind.module:log_to_console:484 - train_loss      0.5558637380599976
2021-06-09 18:05:23.428 | INFO     | slp.util.system:print_separator:81 - %%%%%%%%%%%%%%%%%%%%%%%%%%%%%%%%%%%%%%%%%%%%%%%%%%
2021-06-09 18:05:25.275 | INFO     | slp.plbind.module:log_to_console:478 - Epoch 9 Validation results
2021-06-09 18:05:25.278 | INFO     | slp.util.system:print_separator:81 - --------------------------------------------------
2021-06-09 18:05:25.280 | INFO     | slp.plbind.module:log_to_console:484 - val_acc2        0.7544366121292114
2021-06-09 18:05:25.282 | INFO     | slp.plbind.module:log_to_console:484 - val_acc2_zero   0.7076624035835266
2021-06-09 18:05:25.284 | INFO     | slp.plbind.module:log_to_console:484 - val_acc5        0.5445974469184875
2021-06-09 18:05:25.286 | INFO     | slp.plbind.module:log_to_console:484 - val_acc7        0.5228813886642456
2021-06-09 18:05:25.288 | INFO     | slp.plbind.module:log_to_console:484 - val_f1          0.7620968818664551
2021-06-09 18:05:25.290 | INFO     | slp.plbind.module:log_to_console:484 - val_f1_zero     0.7246497869491577
2021-06-09 18:05:25.292 | INFO     | slp.plbind.module:log_to_console:484 - val_mae         0.5916818976402283
2021-06-09 18:05:25.293 | INFO     | slp.plbind.module:log_to_console:484 - val_loss        0.5916818976402283
2021-06-09 18:05:25.295 | INFO     | slp.plbind.module:log_to_console:484 - best_score      0.5743443965911865
2021-06-09 18:05:25.296 | INFO     | slp.util.system:print_separator:81 - %%%%%%%%%%%%%%%%%%%%%%%%%%%%%%%%%%%%%%%%%%%%%%%%%%
2021-06-09 18:05:25.300 | INFO     | slp.plbind.helpers:_run_early_stopping_check:25 - Epoch 9 Early Stopping
2021-06-09 18:05:25.301 | INFO     | slp.util.system:print_separator:81 - --------------------------------------------------
2021-06-09 18:05:25.303 | INFO     | slp.plbind.helpers:_run_early_stopping_check:27 - best score      0.5743443369865417
2021-06-09 18:05:25.304 | INFO     | slp.plbind.helpers:_run_early_stopping_check:28 - patience left   9              
2021-06-09 18:05:25.305 | INFO     | slp.util.system:print_separator:81 - ##################################################
2021-06-09 18:06:00.428 | INFO     | slp.plbind.module:log_to_console:478 - Epoch 10 Training results
2021-06-09 18:06:00.429 | INFO     | slp.util.system:print_separator:81 - --------------------------------------------------
2021-06-09 18:06:00.430 | INFO     | slp.plbind.module:log_to_console:484 - train_acc2      0.8518195152282715
2021-06-09 18:06:00.430 | INFO     | slp.plbind.module:log_to_console:484 - train_acc2_zero 0.8144220113754272
2021-06-09 18:06:00.431 | INFO     | slp.plbind.module:log_to_console:484 - train_acc5      0.556585431098938
2021-06-09 18:06:00.431 | INFO     | slp.plbind.module:log_to_console:484 - train_acc7      0.535915195941925
2021-06-09 18:06:00.432 | INFO     | slp.plbind.module:log_to_console:484 - train_f1        0.8497382402420044
2021-06-09 18:06:00.432 | INFO     | slp.plbind.module:log_to_console:484 - train_f1_zero   0.8182451725006104
2021-06-09 18:06:00.433 | INFO     | slp.plbind.module:log_to_console:484 - train_mae       0.54445481300354
2021-06-09 18:06:00.433 | INFO     | slp.plbind.module:log_to_console:484 - train_loss      0.54445481300354
2021-06-09 18:06:00.434 | INFO     | slp.util.system:print_separator:81 - %%%%%%%%%%%%%%%%%%%%%%%%%%%%%%%%%%%%%%%%%%%%%%%%%%
2021-06-09 18:06:02.406 | INFO     | slp.plbind.module:log_to_console:478 - Epoch 10 Validation results
2021-06-09 18:06:02.408 | INFO     | slp.util.system:print_separator:81 - --------------------------------------------------
2021-06-09 18:06:02.411 | INFO     | slp.plbind.module:log_to_console:484 - val_acc2        0.791850209236145
2021-06-09 18:06:02.412 | INFO     | slp.plbind.module:log_to_console:484 - val_acc2_zero   0.7714335918426514
2021-06-09 18:06:02.413 | INFO     | slp.plbind.module:log_to_console:484 - val_acc5        0.5467867255210876
2021-06-09 18:06:02.414 | INFO     | slp.plbind.module:log_to_console:484 - val_acc7        0.5351341962814331
2021-06-09 18:06:02.415 | INFO     | slp.plbind.module:log_to_console:484 - val_f1          0.7883273363113403
2021-06-09 18:06:02.416 | INFO     | slp.plbind.module:log_to_console:484 - val_f1_zero     0.7753678560256958
2021-06-09 18:06:02.416 | INFO     | slp.plbind.module:log_to_console:484 - val_mae         0.5609678030014038
2021-06-09 18:06:02.417 | INFO     | slp.plbind.module:log_to_console:484 - val_loss        0.5609678030014038
2021-06-09 18:06:02.418 | INFO     | slp.plbind.module:log_to_console:484 - best_score      0.5743443965911865
2021-06-09 18:06:02.419 | INFO     | slp.util.system:print_separator:81 - %%%%%%%%%%%%%%%%%%%%%%%%%%%%%%%%%%%%%%%%%%%%%%%%%%
2021-06-09 18:06:02.422 | INFO     | slp.plbind.helpers:_run_early_stopping_check:25 - Epoch 10 Early Stopping
2021-06-09 18:06:02.423 | INFO     | slp.util.system:print_separator:81 - --------------------------------------------------
2021-06-09 18:06:02.424 | INFO     | slp.plbind.helpers:_run_early_stopping_check:27 - best score      0.5609678030014038
2021-06-09 18:06:02.425 | INFO     | slp.plbind.helpers:_run_early_stopping_check:28 - patience left   10             
2021-06-09 18:06:02.426 | INFO     | slp.util.system:print_separator:81 - ##################################################
2021-06-09 18:06:36.902 | INFO     | slp.plbind.module:log_to_console:478 - Epoch 11 Training results
2021-06-09 18:06:36.903 | INFO     | slp.util.system:print_separator:81 - --------------------------------------------------
2021-06-09 18:06:36.904 | INFO     | slp.plbind.module:log_to_console:484 - train_acc2      0.8523472547531128
2021-06-09 18:06:36.904 | INFO     | slp.plbind.module:log_to_console:484 - train_acc2_zero 0.8147889375686646
2021-06-09 18:06:36.905 | INFO     | slp.plbind.module:log_to_console:484 - train_acc5      0.5680213570594788
2021-06-09 18:06:36.905 | INFO     | slp.plbind.module:log_to_console:484 - train_acc7      0.5465560555458069
2021-06-09 18:06:36.906 | INFO     | slp.plbind.module:log_to_console:484 - train_f1        0.8510136008262634
2021-06-09 18:06:36.906 | INFO     | slp.plbind.module:log_to_console:484 - train_f1_zero   0.8191928267478943
2021-06-09 18:06:36.907 | INFO     | slp.plbind.module:log_to_console:484 - train_mae       0.5337709784507751
2021-06-09 18:06:36.907 | INFO     | slp.plbind.module:log_to_console:484 - train_loss      0.5337709784507751
2021-06-09 18:06:36.908 | INFO     | slp.util.system:print_separator:81 - %%%%%%%%%%%%%%%%%%%%%%%%%%%%%%%%%%%%%%%%%%%%%%%%%%
2021-06-09 18:06:38.797 | INFO     | slp.plbind.module:log_to_console:478 - Epoch 11 Validation results
2021-06-09 18:06:38.800 | INFO     | slp.util.system:print_separator:81 - --------------------------------------------------
2021-06-09 18:06:38.802 | INFO     | slp.plbind.module:log_to_console:484 - val_acc2        0.7772060632705688
2021-06-09 18:06:38.803 | INFO     | slp.plbind.module:log_to_console:484 - val_acc2_zero   0.7820268273353577
2021-06-09 18:06:38.804 | INFO     | slp.plbind.module:log_to_console:484 - val_acc5        0.5383121967315674
2021-06-09 18:06:38.805 | INFO     | slp.plbind.module:log_to_console:484 - val_acc7        0.5277189612388611
2021-06-09 18:06:38.806 | INFO     | slp.plbind.module:log_to_console:484 - val_f1          0.7728559970855713
2021-06-09 18:06:38.807 | INFO     | slp.plbind.module:log_to_console:484 - val_f1_zero     0.7838331460952759
2021-06-09 18:06:38.808 | INFO     | slp.plbind.module:log_to_console:484 - val_mae         0.5825456380844116
2021-06-09 18:06:38.809 | INFO     | slp.plbind.module:log_to_console:484 - val_loss        0.5825456380844116
2021-06-09 18:06:38.810 | INFO     | slp.plbind.module:log_to_console:484 - best_score      0.5609678626060486
2021-06-09 18:06:38.810 | INFO     | slp.util.system:print_separator:81 - %%%%%%%%%%%%%%%%%%%%%%%%%%%%%%%%%%%%%%%%%%%%%%%%%%
2021-06-09 18:06:38.813 | INFO     | slp.plbind.helpers:_run_early_stopping_check:25 - Epoch 11 Early Stopping
2021-06-09 18:06:38.814 | INFO     | slp.util.system:print_separator:81 - --------------------------------------------------
2021-06-09 18:06:38.815 | INFO     | slp.plbind.helpers:_run_early_stopping_check:27 - best score      0.5609678030014038
2021-06-09 18:06:38.816 | INFO     | slp.plbind.helpers:_run_early_stopping_check:28 - patience left   9              
2021-06-09 18:06:38.816 | INFO     | slp.util.system:print_separator:81 - ##################################################
2021-06-09 18:07:13.086 | INFO     | slp.plbind.module:log_to_console:478 - Epoch 12 Training results
2021-06-09 18:07:13.087 | INFO     | slp.util.system:print_separator:81 - --------------------------------------------------
2021-06-09 18:07:13.088 | INFO     | slp.plbind.module:log_to_console:484 - train_acc2      0.8530160784721375
2021-06-09 18:07:13.088 | INFO     | slp.plbind.module:log_to_console:484 - train_acc2_zero 0.8164138793945312
2021-06-09 18:07:13.089 | INFO     | slp.plbind.module:log_to_console:484 - train_acc5      0.5770198702812195
2021-06-09 18:07:13.090 | INFO     | slp.plbind.module:log_to_console:484 - train_acc7      0.5552487969398499
2021-06-09 18:07:13.090 | INFO     | slp.plbind.module:log_to_console:484 - train_f1        0.8506184816360474
2021-06-09 18:07:13.091 | INFO     | slp.plbind.module:log_to_console:484 - train_f1_zero   0.8199255466461182
2021-06-09 18:07:13.091 | INFO     | slp.plbind.module:log_to_console:484 - train_mae       0.5211614370346069
2021-06-09 18:07:13.092 | INFO     | slp.plbind.module:log_to_console:484 - train_loss      0.5211614370346069
2021-06-09 18:07:13.092 | INFO     | slp.util.system:print_separator:81 - %%%%%%%%%%%%%%%%%%%%%%%%%%%%%%%%%%%%%%%%%%%%%%%%%%
2021-06-09 18:07:14.995 | INFO     | slp.plbind.module:log_to_console:478 - Epoch 12 Validation results
2021-06-09 18:07:14.996 | INFO     | slp.util.system:print_separator:81 - --------------------------------------------------
2021-06-09 18:07:14.997 | INFO     | slp.plbind.module:log_to_console:484 - val_acc2        0.7613856196403503
2021-06-09 18:07:14.997 | INFO     | slp.plbind.module:log_to_console:484 - val_acc2_zero   0.7167372703552246
2021-06-09 18:07:14.998 | INFO     | slp.plbind.module:log_to_console:484 - val_acc5        0.5387712121009827
2021-06-09 18:07:14.999 | INFO     | slp.plbind.module:log_to_console:484 - val_acc7        0.5197033882141113
2021-06-09 18:07:15.000 | INFO     | slp.plbind.module:log_to_console:484 - val_f1          0.7696181535720825
2021-06-09 18:07:15.001 | INFO     | slp.plbind.module:log_to_console:484 - val_f1_zero     0.734430730342865
2021-06-09 18:07:15.002 | INFO     | slp.plbind.module:log_to_console:484 - val_mae         0.6201037168502808
2021-06-09 18:07:15.003 | INFO     | slp.plbind.module:log_to_console:484 - val_loss        0.6201037168502808
2021-06-09 18:07:15.003 | INFO     | slp.plbind.module:log_to_console:484 - best_score      0.5609678626060486
2021-06-09 18:07:15.004 | INFO     | slp.util.system:print_separator:81 - %%%%%%%%%%%%%%%%%%%%%%%%%%%%%%%%%%%%%%%%%%%%%%%%%%
2021-06-09 18:07:15.007 | INFO     | slp.plbind.helpers:_run_early_stopping_check:25 - Epoch 12 Early Stopping
2021-06-09 18:07:15.008 | INFO     | slp.util.system:print_separator:81 - --------------------------------------------------
2021-06-09 18:07:15.008 | INFO     | slp.plbind.helpers:_run_early_stopping_check:27 - best score      0.5609678030014038
2021-06-09 18:07:15.009 | INFO     | slp.plbind.helpers:_run_early_stopping_check:28 - patience left   8              
2021-06-09 18:07:15.010 | INFO     | slp.util.system:print_separator:81 - ##################################################
2021-06-09 18:07:49.267 | INFO     | slp.plbind.module:log_to_console:478 - Epoch 13 Training results
2021-06-09 18:07:49.268 | INFO     | slp.util.system:print_separator:81 - --------------------------------------------------
2021-06-09 18:07:49.268 | INFO     | slp.plbind.module:log_to_console:484 - train_acc2      0.8603856563568115
2021-06-09 18:07:49.269 | INFO     | slp.plbind.module:log_to_console:484 - train_acc2_zero 0.8258928656578064
2021-06-09 18:07:49.270 | INFO     | slp.plbind.module:log_to_console:484 - train_acc5      0.5842536091804504
2021-06-09 18:07:49.270 | INFO     | slp.plbind.module:log_to_console:484 - train_acc7      0.5608925223350525
2021-06-09 18:07:49.271 | INFO     | slp.plbind.module:log_to_console:484 - train_f1        0.8581278920173645
2021-06-09 18:07:49.271 | INFO     | slp.plbind.module:log_to_console:484 - train_f1_zero   0.8291739821434021
2021-06-09 18:07:49.272 | INFO     | slp.plbind.module:log_to_console:484 - train_mae       0.5101270079612732
2021-06-09 18:07:49.272 | INFO     | slp.plbind.module:log_to_console:484 - train_loss      0.5101270079612732
2021-06-09 18:07:49.273 | INFO     | slp.util.system:print_separator:81 - %%%%%%%%%%%%%%%%%%%%%%%%%%%%%%%%%%%%%%%%%%%%%%%%%%
2021-06-09 18:07:51.219 | INFO     | slp.plbind.module:log_to_console:478 - Epoch 13 Validation results
2021-06-09 18:07:51.220 | INFO     | slp.util.system:print_separator:81 - --------------------------------------------------
2021-06-09 18:07:51.221 | INFO     | slp.plbind.module:log_to_console:484 - val_acc2        0.7806999087333679
2021-06-09 18:07:51.222 | INFO     | slp.plbind.module:log_to_console:484 - val_acc2_zero   0.7611581683158875
2021-06-09 18:07:51.223 | INFO     | slp.plbind.module:log_to_console:484 - val_acc5        0.5429378747940063
2021-06-09 18:07:51.223 | INFO     | slp.plbind.module:log_to_console:484 - val_acc7        0.5323446393013
2021-06-09 18:07:51.224 | INFO     | slp.plbind.module:log_to_console:484 - val_f1          0.7804756760597229
2021-06-09 18:07:51.225 | INFO     | slp.plbind.module:log_to_console:484 - val_f1_zero     0.7687606811523438
2021-06-09 18:07:51.226 | INFO     | slp.plbind.module:log_to_console:484 - val_mae         0.5727506875991821
2021-06-09 18:07:51.226 | INFO     | slp.plbind.module:log_to_console:484 - val_loss        0.5727506875991821
2021-06-09 18:07:51.227 | INFO     | slp.plbind.module:log_to_console:484 - best_score      0.5609678626060486
2021-06-09 18:07:51.228 | INFO     | slp.util.system:print_separator:81 - %%%%%%%%%%%%%%%%%%%%%%%%%%%%%%%%%%%%%%%%%%%%%%%%%%
2021-06-09 18:07:51.230 | INFO     | slp.plbind.helpers:_run_early_stopping_check:25 - Epoch 13 Early Stopping
2021-06-09 18:07:51.231 | INFO     | slp.util.system:print_separator:81 - --------------------------------------------------
2021-06-09 18:07:51.232 | INFO     | slp.plbind.helpers:_run_early_stopping_check:27 - best score      0.5609678030014038
2021-06-09 18:07:51.232 | INFO     | slp.plbind.helpers:_run_early_stopping_check:28 - patience left   7              
2021-06-09 18:07:51.233 | INFO     | slp.util.system:print_separator:81 - ##################################################
2021-06-09 18:08:25.313 | INFO     | slp.plbind.module:log_to_console:478 - Epoch 14 Training results
2021-06-09 18:08:25.313 | INFO     | slp.util.system:print_separator:81 - --------------------------------------------------
2021-06-09 18:08:25.314 | INFO     | slp.plbind.module:log_to_console:484 - train_acc2      0.8733144402503967
2021-06-09 18:08:25.315 | INFO     | slp.plbind.module:log_to_console:484 - train_acc2_zero 0.8291864991188049
2021-06-09 18:08:25.315 | INFO     | slp.plbind.module:log_to_console:484 - train_acc5      0.6112315058708191
2021-06-09 18:08:25.316 | INFO     | slp.plbind.module:log_to_console:484 - train_acc7      0.5879927277565002
2021-06-09 18:08:25.316 | INFO     | slp.plbind.module:log_to_console:484 - train_f1        0.8721440434455872
2021-06-09 18:08:25.317 | INFO     | slp.plbind.module:log_to_console:484 - train_f1_zero   0.8337344527244568
2021-06-09 18:08:25.318 | INFO     | slp.plbind.module:log_to_console:484 - train_mae       0.47003626823425293
2021-06-09 18:08:25.320 | INFO     | slp.plbind.module:log_to_console:484 - train_loss      0.47003626823425293
2021-06-09 18:08:25.321 | INFO     | slp.util.system:print_separator:81 - %%%%%%%%%%%%%%%%%%%%%%%%%%%%%%%%%%%%%%%%%%%%%%%%%%
2021-06-09 18:08:27.221 | INFO     | slp.plbind.module:log_to_console:478 - Epoch 14 Validation results
2021-06-09 18:08:27.222 | INFO     | slp.util.system:print_separator:81 - --------------------------------------------------
2021-06-09 18:08:27.224 | INFO     | slp.plbind.module:log_to_console:484 - val_acc2        0.7835463881492615
2021-06-09 18:08:27.224 | INFO     | slp.plbind.module:log_to_console:484 - val_acc2_zero   0.7898305058479309
2021-06-09 18:08:27.225 | INFO     | slp.plbind.module:log_to_console:484 - val_acc5        0.5424787998199463
2021-06-09 18:08:27.226 | INFO     | slp.plbind.module:log_to_console:484 - val_acc7        0.5276483297348022
2021-06-09 18:08:27.227 | INFO     | slp.plbind.module:log_to_console:484 - val_f1          0.778823971748352
2021-06-09 18:08:27.228 | INFO     | slp.plbind.module:log_to_console:484 - val_f1_zero     0.7901345491409302
2021-06-09 18:08:27.229 | INFO     | slp.plbind.module:log_to_console:484 - val_mae         0.5894550681114197
2021-06-09 18:08:27.230 | INFO     | slp.plbind.module:log_to_console:484 - val_loss        0.5894550681114197
2021-06-09 18:08:27.231 | INFO     | slp.plbind.module:log_to_console:484 - best_score      0.5609678626060486
2021-06-09 18:08:27.232 | INFO     | slp.util.system:print_separator:81 - %%%%%%%%%%%%%%%%%%%%%%%%%%%%%%%%%%%%%%%%%%%%%%%%%%
2021-06-09 18:08:27.234 | INFO     | slp.plbind.helpers:_run_early_stopping_check:25 - Epoch 14 Early Stopping
2021-06-09 18:08:27.251 | INFO     | slp.util.system:print_separator:81 - --------------------------------------------------
2021-06-09 18:08:27.280 | INFO     | slp.plbind.helpers:_run_early_stopping_check:27 - best score      0.5609678030014038
2021-06-09 18:08:27.282 | INFO     | slp.plbind.helpers:_run_early_stopping_check:28 - patience left   6              
2021-06-09 18:08:27.284 | INFO     | slp.util.system:print_separator:81 - ##################################################
2021-06-09 18:09:01.032 | INFO     | slp.plbind.module:log_to_console:478 - Epoch 15 Training results
2021-06-09 18:09:01.032 | INFO     | slp.util.system:print_separator:81 - --------------------------------------------------
2021-06-09 18:09:01.033 | INFO     | slp.plbind.module:log_to_console:484 - train_acc2      0.87458336353302
2021-06-09 18:09:01.034 | INFO     | slp.plbind.module:log_to_console:484 - train_acc2_zero 0.8313356041908264
2021-06-09 18:09:01.034 | INFO     | slp.plbind.module:log_to_console:484 - train_acc5      0.6267036199569702
2021-06-09 18:09:01.035 | INFO     | slp.plbind.module:log_to_console:484 - train_acc7      0.6026086807250977
2021-06-09 18:09:01.035 | INFO     | slp.plbind.module:log_to_console:484 - train_f1        0.8731457591056824
2021-06-09 18:09:01.036 | INFO     | slp.plbind.module:log_to_console:484 - train_f1_zero   0.8351660370826721
2021-06-09 18:09:01.036 | INFO     | slp.plbind.module:log_to_console:484 - train_mae       0.4542419910430908
2021-06-09 18:09:01.037 | INFO     | slp.plbind.module:log_to_console:484 - train_loss      0.4542419910430908
2021-06-09 18:09:01.038 | INFO     | slp.util.system:print_separator:81 - %%%%%%%%%%%%%%%%%%%%%%%%%%%%%%%%%%%%%%%%%%%%%%%%%%
2021-06-09 18:09:02.958 | INFO     | slp.plbind.module:log_to_console:478 - Epoch 15 Validation results
2021-06-09 18:09:02.961 | INFO     | slp.util.system:print_separator:81 - --------------------------------------------------
2021-06-09 18:09:02.963 | INFO     | slp.plbind.module:log_to_console:484 - val_acc2        0.7755231857299805
2021-06-09 18:09:02.965 | INFO     | slp.plbind.module:log_to_console:484 - val_acc2_zero   0.7544844746589661
2021-06-09 18:09:02.967 | INFO     | slp.plbind.module:log_to_console:484 - val_acc5        0.5461863875389099
2021-06-09 18:09:02.969 | INFO     | slp.plbind.module:log_to_console:484 - val_acc7        0.5355932116508484
2021-06-09 18:09:02.970 | INFO     | slp.plbind.module:log_to_console:484 - val_f1          0.778188169002533
2021-06-09 18:09:02.972 | INFO     | slp.plbind.module:log_to_console:484 - val_f1_zero     0.7642831206321716
2021-06-09 18:09:02.974 | INFO     | slp.plbind.module:log_to_console:484 - val_mae         0.5781582593917847
2021-06-09 18:09:02.975 | INFO     | slp.plbind.module:log_to_console:484 - val_loss        0.5781582593917847
2021-06-09 18:09:02.977 | INFO     | slp.plbind.module:log_to_console:484 - best_score      0.5609678626060486
2021-06-09 18:09:02.978 | INFO     | slp.util.system:print_separator:81 - %%%%%%%%%%%%%%%%%%%%%%%%%%%%%%%%%%%%%%%%%%%%%%%%%%
2021-06-09 18:09:02.982 | INFO     | slp.plbind.helpers:_run_early_stopping_check:25 - Epoch 15 Early Stopping
2021-06-09 18:09:02.983 | INFO     | slp.util.system:print_separator:81 - --------------------------------------------------
2021-06-09 18:09:02.984 | INFO     | slp.plbind.helpers:_run_early_stopping_check:27 - best score      0.5609678030014038
2021-06-09 18:09:02.985 | INFO     | slp.plbind.helpers:_run_early_stopping_check:28 - patience left   5              
2021-06-09 18:09:02.987 | INFO     | slp.util.system:print_separator:81 - ##################################################
2021-06-09 18:09:36.974 | INFO     | slp.plbind.module:log_to_console:478 - Epoch 16 Training results
2021-06-09 18:09:36.975 | INFO     | slp.util.system:print_separator:81 - --------------------------------------------------
2021-06-09 18:09:36.976 | INFO     | slp.plbind.module:log_to_console:484 - train_acc2      0.8754141330718994
2021-06-09 18:09:36.976 | INFO     | slp.plbind.module:log_to_console:484 - train_acc2_zero 0.8284875750541687
2021-06-09 18:09:36.977 | INFO     | slp.plbind.module:log_to_console:484 - train_acc5      0.6369513869285583
2021-06-09 18:09:36.978 | INFO     | slp.plbind.module:log_to_console:484 - train_acc7      0.6121837496757507
2021-06-09 18:09:36.978 | INFO     | slp.plbind.module:log_to_console:484 - train_f1        0.8742128014564514
2021-06-09 18:09:36.979 | INFO     | slp.plbind.module:log_to_console:484 - train_f1_zero   0.8330670595169067
2021-06-09 18:09:36.979 | INFO     | slp.plbind.module:log_to_console:484 - train_mae       0.4481778144836426
2021-06-09 18:09:36.980 | INFO     | slp.plbind.module:log_to_console:484 - train_loss      0.4481778144836426
2021-06-09 18:09:36.980 | INFO     | slp.util.system:print_separator:81 - %%%%%%%%%%%%%%%%%%%%%%%%%%%%%%%%%%%%%%%%%%%%%%%%%%
2021-06-09 18:09:38.926 | INFO     | slp.plbind.module:log_to_console:478 - Epoch 16 Validation results
2021-06-09 18:09:38.927 | INFO     | slp.util.system:print_separator:81 - --------------------------------------------------
2021-06-09 18:09:38.928 | INFO     | slp.plbind.module:log_to_console:484 - val_acc2        0.7725741863250732
2021-06-09 18:09:38.929 | INFO     | slp.plbind.module:log_to_console:484 - val_acc2_zero   0.766454815864563
2021-06-09 18:09:38.930 | INFO     | slp.plbind.module:log_to_console:484 - val_acc5        0.5324859023094177
2021-06-09 18:09:38.931 | INFO     | slp.plbind.module:log_to_console:484 - val_acc7        0.5203036665916443
2021-06-09 18:09:38.931 | INFO     | slp.plbind.module:log_to_console:484 - val_f1          0.774020791053772
2021-06-09 18:09:38.932 | INFO     | slp.plbind.module:log_to_console:484 - val_f1_zero     0.7748106122016907
2021-06-09 18:09:38.933 | INFO     | slp.plbind.module:log_to_console:484 - val_mae         0.6008361577987671
2021-06-09 18:09:38.933 | INFO     | slp.plbind.module:log_to_console:484 - val_loss        0.6008361577987671
2021-06-09 18:09:38.934 | INFO     | slp.plbind.module:log_to_console:484 - best_score      0.5609678626060486
2021-06-09 18:09:38.935 | INFO     | slp.util.system:print_separator:81 - %%%%%%%%%%%%%%%%%%%%%%%%%%%%%%%%%%%%%%%%%%%%%%%%%%
2021-06-09 18:09:38.937 | INFO     | slp.plbind.helpers:_run_early_stopping_check:25 - Epoch 16 Early Stopping
2021-06-09 18:09:38.938 | INFO     | slp.util.system:print_separator:81 - --------------------------------------------------
2021-06-09 18:09:38.938 | INFO     | slp.plbind.helpers:_run_early_stopping_check:27 - best score      0.5609678030014038
2021-06-09 18:09:38.939 | INFO     | slp.plbind.helpers:_run_early_stopping_check:28 - patience left   4              
2021-06-09 18:09:38.940 | INFO     | slp.util.system:print_separator:81 - ##################################################
2021-06-09 18:10:12.497 | INFO     | slp.plbind.module:log_to_console:478 - Epoch 17 Training results
2021-06-09 18:10:12.497 | INFO     | slp.util.system:print_separator:81 - --------------------------------------------------
2021-06-09 18:10:12.498 | INFO     | slp.plbind.module:log_to_console:484 - train_acc2      0.8833855986595154
2021-06-09 18:10:12.499 | INFO     | slp.plbind.module:log_to_console:484 - train_acc2_zero 0.8367783427238464
2021-06-09 18:10:12.499 | INFO     | slp.plbind.module:log_to_console:484 - train_acc5      0.6420446634292603
2021-06-09 18:10:12.500 | INFO     | slp.plbind.module:log_to_console:484 - train_acc7      0.618010938167572
2021-06-09 18:10:12.500 | INFO     | slp.plbind.module:log_to_console:484 - train_f1        0.8824678659439087
2021-06-09 18:10:12.501 | INFO     | slp.plbind.module:log_to_console:484 - train_f1_zero   0.841318666934967
2021-06-09 18:10:12.501 | INFO     | slp.plbind.module:log_to_console:484 - train_mae       0.4357559084892273
2021-06-09 18:10:12.502 | INFO     | slp.plbind.module:log_to_console:484 - train_loss      0.4357559084892273
2021-06-09 18:10:12.502 | INFO     | slp.util.system:print_separator:81 - %%%%%%%%%%%%%%%%%%%%%%%%%%%%%%%%%%%%%%%%%%%%%%%%%%
2021-06-09 18:10:14.320 | INFO     | slp.plbind.module:log_to_console:478 - Epoch 17 Validation results
2021-06-09 18:10:14.322 | INFO     | slp.util.system:print_separator:81 - --------------------------------------------------
2021-06-09 18:10:14.324 | INFO     | slp.plbind.module:log_to_console:484 - val_acc2        0.7892062664031982
2021-06-09 18:10:14.326 | INFO     | slp.plbind.module:log_to_console:484 - val_acc2_zero   0.7799788117408752
2021-06-09 18:10:14.327 | INFO     | slp.plbind.module:log_to_console:484 - val_acc5        0.524470329284668
2021-06-09 18:10:14.329 | INFO     | slp.plbind.module:log_to_console:484 - val_acc7        0.5154660940170288
2021-06-09 18:10:14.331 | INFO     | slp.plbind.module:log_to_console:484 - val_f1          0.7891119718551636
2021-06-09 18:10:14.332 | INFO     | slp.plbind.module:log_to_console:484 - val_f1_zero     0.7857477068901062
2021-06-09 18:10:14.334 | INFO     | slp.plbind.module:log_to_console:484 - val_mae         0.5908837914466858
2021-06-09 18:10:14.336 | INFO     | slp.plbind.module:log_to_console:484 - val_loss        0.5908837914466858
2021-06-09 18:10:14.338 | INFO     | slp.plbind.module:log_to_console:484 - best_score      0.5609678626060486
2021-06-09 18:10:14.339 | INFO     | slp.util.system:print_separator:81 - %%%%%%%%%%%%%%%%%%%%%%%%%%%%%%%%%%%%%%%%%%%%%%%%%%
2021-06-09 18:10:14.342 | INFO     | slp.plbind.helpers:_run_early_stopping_check:25 - Epoch 17 Early Stopping
2021-06-09 18:10:14.343 | INFO     | slp.util.system:print_separator:81 - --------------------------------------------------
2021-06-09 18:10:14.345 | INFO     | slp.plbind.helpers:_run_early_stopping_check:27 - best score      0.5609678030014038
2021-06-09 18:10:14.346 | INFO     | slp.plbind.helpers:_run_early_stopping_check:28 - patience left   3              
2021-06-09 18:10:14.347 | INFO     | slp.util.system:print_separator:81 - ##################################################
2021-06-09 18:10:48.482 | INFO     | slp.plbind.module:log_to_console:478 - Epoch 18 Training results
2021-06-09 18:10:48.483 | INFO     | slp.util.system:print_separator:81 - --------------------------------------------------
2021-06-09 18:10:48.483 | INFO     | slp.plbind.module:log_to_console:484 - train_acc2      0.8853433728218079
2021-06-09 18:10:48.484 | INFO     | slp.plbind.module:log_to_console:484 - train_acc2_zero 0.8371103405952454
2021-06-09 18:10:48.484 | INFO     | slp.plbind.module:log_to_console:484 - train_acc5      0.6507111191749573
2021-06-09 18:10:48.485 | INFO     | slp.plbind.module:log_to_console:484 - train_acc7      0.6267036199569702
2021-06-09 18:10:48.486 | INFO     | slp.plbind.module:log_to_console:484 - train_f1        0.8840778470039368
2021-06-09 18:10:48.486 | INFO     | slp.plbind.module:log_to_console:484 - train_f1_zero   0.8410841822624207
2021-06-09 18:10:48.487 | INFO     | slp.plbind.module:log_to_console:484 - train_mae       0.424998015165329
2021-06-09 18:10:48.487 | INFO     | slp.plbind.module:log_to_console:484 - train_loss      0.424998015165329
2021-06-09 18:10:48.488 | INFO     | slp.util.system:print_separator:81 - %%%%%%%%%%%%%%%%%%%%%%%%%%%%%%%%%%%%%%%%%%%%%%%%%%
2021-06-09 18:10:50.381 | INFO     | slp.plbind.module:log_to_console:478 - Epoch 18 Validation results
2021-06-09 18:10:50.383 | INFO     | slp.util.system:print_separator:81 - --------------------------------------------------
2021-06-09 18:10:50.386 | INFO     | slp.plbind.module:log_to_console:484 - val_acc2        0.776092529296875
2021-06-09 18:10:50.388 | INFO     | slp.plbind.module:log_to_console:484 - val_acc2_zero   0.766525387763977
2021-06-09 18:10:50.390 | INFO     | slp.plbind.module:log_to_console:484 - val_acc5        0.5318856239318848
2021-06-09 18:10:50.391 | INFO     | slp.plbind.module:log_to_console:484 - val_acc7        0.517055094242096
2021-06-09 18:10:50.392 | INFO     | slp.plbind.module:log_to_console:484 - val_f1          0.7775012254714966
2021-06-09 18:10:50.393 | INFO     | slp.plbind.module:log_to_console:484 - val_f1_zero     0.7764177322387695
2021-06-09 18:10:50.393 | INFO     | slp.plbind.module:log_to_console:484 - val_mae         0.5981003046035767
2021-06-09 18:10:50.394 | INFO     | slp.plbind.module:log_to_console:484 - val_loss        0.5981003046035767
2021-06-09 18:10:50.395 | INFO     | slp.plbind.module:log_to_console:484 - best_score      0.5609678626060486
2021-06-09 18:10:50.395 | INFO     | slp.util.system:print_separator:81 - %%%%%%%%%%%%%%%%%%%%%%%%%%%%%%%%%%%%%%%%%%%%%%%%%%
2021-06-09 18:10:50.398 | INFO     | slp.plbind.helpers:_run_early_stopping_check:25 - Epoch 18 Early Stopping
2021-06-09 18:10:50.399 | INFO     | slp.util.system:print_separator:81 - --------------------------------------------------
2021-06-09 18:10:50.399 | INFO     | slp.plbind.helpers:_run_early_stopping_check:27 - best score      0.5609678030014038
2021-06-09 18:10:50.400 | INFO     | slp.plbind.helpers:_run_early_stopping_check:28 - patience left   2              
2021-06-09 18:10:50.401 | INFO     | slp.util.system:print_separator:81 - ##################################################
2021-06-09 18:11:23.988 | INFO     | slp.plbind.module:log_to_console:478 - Epoch 19 Training results
2021-06-09 18:11:23.989 | INFO     | slp.util.system:print_separator:81 - --------------------------------------------------
2021-06-09 18:11:23.990 | INFO     | slp.plbind.module:log_to_console:484 - train_acc2      0.8929244875907898
2021-06-09 18:11:23.990 | INFO     | slp.plbind.module:log_to_console:484 - train_acc2_zero 0.84276282787323
2021-06-09 18:11:23.991 | INFO     | slp.plbind.module:log_to_console:484 - train_acc5      0.6703417897224426
2021-06-09 18:11:23.991 | INFO     | slp.plbind.module:log_to_console:484 - train_acc7      0.6453295350074768
2021-06-09 18:11:23.992 | INFO     | slp.plbind.module:log_to_console:484 - train_f1        0.8917410373687744
2021-06-09 18:11:23.992 | INFO     | slp.plbind.module:log_to_console:484 - train_f1_zero   0.8470168709754944
2021-06-09 18:11:23.993 | INFO     | slp.plbind.module:log_to_console:484 - train_mae       0.4023665189743042
2021-06-09 18:11:23.993 | INFO     | slp.plbind.module:log_to_console:484 - train_loss      0.4023665189743042
2021-06-09 18:11:23.994 | INFO     | slp.util.system:print_separator:81 - %%%%%%%%%%%%%%%%%%%%%%%%%%%%%%%%%%%%%%%%%%%%%%%%%%
2021-06-09 18:11:25.895 | INFO     | slp.plbind.module:log_to_console:478 - Epoch 19 Validation results
2021-06-09 18:11:25.896 | INFO     | slp.util.system:print_separator:81 - --------------------------------------------------
2021-06-09 18:11:25.897 | INFO     | slp.plbind.module:log_to_console:484 - val_acc2        0.784519374370575
2021-06-09 18:11:25.898 | INFO     | slp.plbind.module:log_to_console:484 - val_acc2_zero   0.7787076234817505
2021-06-09 18:11:25.899 | INFO     | slp.plbind.module:log_to_console:484 - val_acc5        0.5223516821861267
2021-06-09 18:11:25.899 | INFO     | slp.plbind.module:log_to_console:484 - val_acc7        0.5096398591995239
2021-06-09 18:11:25.900 | INFO     | slp.plbind.module:log_to_console:484 - val_f1          0.7840219140052795
2021-06-09 18:11:25.901 | INFO     | slp.plbind.module:log_to_console:484 - val_f1_zero     0.7851253747940063
2021-06-09 18:11:25.902 | INFO     | slp.plbind.module:log_to_console:484 - val_mae         0.5957624316215515
2021-06-09 18:11:25.902 | INFO     | slp.plbind.module:log_to_console:484 - val_loss        0.5957624316215515
2021-06-09 18:11:25.903 | INFO     | slp.plbind.module:log_to_console:484 - best_score      0.5609678626060486
2021-06-09 18:11:25.904 | INFO     | slp.util.system:print_separator:81 - %%%%%%%%%%%%%%%%%%%%%%%%%%%%%%%%%%%%%%%%%%%%%%%%%%
2021-06-09 18:11:25.906 | INFO     | slp.plbind.helpers:_run_early_stopping_check:25 - Epoch 19 Early Stopping
2021-06-09 18:11:25.906 | INFO     | slp.util.system:print_separator:81 - --------------------------------------------------
2021-06-09 18:11:25.907 | INFO     | slp.plbind.helpers:_run_early_stopping_check:27 - best score      0.5609678030014038
2021-06-09 18:11:25.908 | INFO     | slp.plbind.helpers:_run_early_stopping_check:28 - patience left   1              
2021-06-09 18:11:25.908 | INFO     | slp.util.system:print_separator:81 - ##################################################
2021-06-09 18:11:59.671 | INFO     | slp.plbind.module:log_to_console:478 - Epoch 20 Training results
2021-06-09 18:11:59.672 | INFO     | slp.util.system:print_separator:81 - --------------------------------------------------
2021-06-09 18:11:59.673 | INFO     | slp.plbind.module:log_to_console:484 - train_acc2      0.8954446911811829
2021-06-09 18:11:59.673 | INFO     | slp.plbind.module:log_to_console:484 - train_acc2_zero 0.8416619896888733
2021-06-09 18:11:59.674 | INFO     | slp.plbind.module:log_to_console:484 - train_acc5      0.6770949959754944
2021-06-09 18:11:59.674 | INFO     | slp.plbind.module:log_to_console:484 - train_acc7      0.65324467420578
2021-06-09 18:11:59.675 | INFO     | slp.plbind.module:log_to_console:484 - train_f1        0.8946787714958191
2021-06-09 18:11:59.676 | INFO     | slp.plbind.module:log_to_console:484 - train_f1_zero   0.8464089035987854
2021-06-09 18:11:59.676 | INFO     | slp.plbind.module:log_to_console:484 - train_mae       0.3941400647163391
2021-06-09 18:11:59.677 | INFO     | slp.plbind.module:log_to_console:484 - train_loss      0.3941400647163391
2021-06-09 18:11:59.677 | INFO     | slp.util.system:print_separator:81 - %%%%%%%%%%%%%%%%%%%%%%%%%%%%%%%%%%%%%%%%%%%%%%%%%%
2021-06-09 18:12:01.595 | INFO     | slp.plbind.module:log_to_console:478 - Epoch 20 Validation results
2021-06-09 18:12:01.596 | INFO     | slp.util.system:print_separator:81 - --------------------------------------------------
2021-06-09 18:12:01.597 | INFO     | slp.plbind.module:log_to_console:484 - val_acc2        0.7641128301620483
2021-06-09 18:12:01.598 | INFO     | slp.plbind.module:log_to_console:484 - val_acc2_zero   0.727860152721405
2021-06-09 18:12:01.599 | INFO     | slp.plbind.module:log_to_console:484 - val_acc5        0.5265889763832092
2021-06-09 18:12:01.615 | INFO     | slp.plbind.module:log_to_console:484 - val_acc7        0.5138771533966064
2021-06-09 18:12:01.630 | INFO     | slp.plbind.module:log_to_console:484 - val_f1          0.7699130177497864
2021-06-09 18:12:01.632 | INFO     | slp.plbind.module:log_to_console:484 - val_f1_zero     0.7426101565361023
2021-06-09 18:12:01.634 | INFO     | slp.plbind.module:log_to_console:484 - val_mae         0.5975379347801208
2021-06-09 18:12:01.636 | INFO     | slp.plbind.module:log_to_console:484 - val_loss        0.5975379347801208
2021-06-09 18:12:01.638 | INFO     | slp.plbind.module:log_to_console:484 - best_score      0.5609678626060486
2021-06-09 18:12:01.640 | INFO     | slp.util.system:print_separator:81 - %%%%%%%%%%%%%%%%%%%%%%%%%%%%%%%%%%%%%%%%%%%%%%%%%%
2021-06-09 18:12:01.645 | INFO     | slp.plbind.helpers:_run_early_stopping_check:25 - Epoch 20 Early Stopping
2021-06-09 18:12:01.647 | INFO     | slp.util.system:print_separator:81 - --------------------------------------------------
2021-06-09 18:12:01.649 | INFO     | slp.plbind.helpers:_run_early_stopping_check:27 - best score      0.5609678030014038
2021-06-09 18:12:01.650 | INFO     | slp.plbind.helpers:_run_early_stopping_check:28 - patience left   0              
2021-06-09 18:12:01.652 | INFO     | slp.plbind.helpers:_run_early_stopping_check:33 - Stopping due to early stopping
2021-06-09 18:12:01.653 | INFO     | slp.util.system:print_separator:81 - ##################################################
2021-06-09 18:12:01.755 | INFO     | pytorch_lightning.profiler.profilers:describe:96 - 

Profiler Report

Action                             	|  Mean duration (s)	|Num calls      	|  Total time (s) 	|  Percentage %   	|
------------------------------------------------------------------------------------------------------------------------------------
Total                              	|  -              	|_              	|  726.03         	|  100 %          	|
------------------------------------------------------------------------------------------------------------------------------------
run_training_epoch                 	|  36.117         	|20             	|  722.35         	|  99.493         	|
run_training_batch                 	|  0.064498       	|10220          	|  659.17         	|  90.791         	|
optimizer_step_and_closure_0       	|  0.062059       	|10220          	|  634.24         	|  87.357         	|
training_step_and_backward         	|  0.052187       	|10220          	|  533.35         	|  73.461         	|
model_forward                      	|  0.029856       	|10220          	|  305.13         	|  42.027         	|
training_step                      	|  0.029613       	|10220          	|  302.64         	|  41.684         	|
model_backward                     	|  0.022085       	|10220          	|  225.7          	|  31.087         	|
evaluation_step_and_end            	|  0.027165       	|1182           	|  32.109         	|  4.4225         	|
validation_step                    	|  0.027018       	|1182           	|  31.936         	|  4.3987         	|
get_train_batch                    	|  0.00042661     	|10220          	|  4.36           	|  0.60052        	|
on_train_batch_end                 	|  0.00014873     	|10220          	|  1.52           	|  0.20936        	|
on_train_batch_start               	|  0.00012588     	|10220          	|  1.2865         	|  0.1772         	|
cache_result                       	|  1.9332e-05     	|54875          	|  1.0609         	|  0.14612        	|
on_validation_end                  	|  0.025507       	|21             	|  0.53566        	|  0.073778       	|
on_after_backward                  	|  3.1338e-05     	|10220          	|  0.32028        	|  0.044113       	|
on_before_zero_grad                	|  2.9733e-05     	|10220          	|  0.30387        	|  0.041854       	|
on_batch_start                     	|  2.6104e-05     	|10220          	|  0.26679        	|  0.036746       	|
on_batch_end                       	|  1.8191e-05     	|10220          	|  0.18592        	|  0.025607       	|
on_validation_batch_end            	|  9.4595e-05     	|1182           	|  0.11181        	|  0.0154         	|
training_step_end                  	|  9.3666e-06     	|10220          	|  0.095726       	|  0.013185       	|
on_train_end                       	|  0.040763       	|1              	|  0.040763       	|  0.0056145      	|
on_validation_batch_start          	|  1.4538e-05     	|1182           	|  0.017184       	|  0.0023668      	|
on_epoch_start                     	|  0.00072874     	|20             	|  0.014575       	|  0.0020075      	|
validation_step_end                	|  1.1279e-05     	|1182           	|  0.013332       	|  0.0018363      	|
on_validation_start                	|  0.00054775     	|21             	|  0.011503       	|  0.0015843      	|
on_train_start                     	|  0.002779       	|1              	|  0.002779       	|  0.00038276     	|
on_epoch_end                       	|  1.4564e-05     	|41             	|  0.00059713     	|  8.2245e-05     	|
on_train_epoch_end                 	|  2.7531e-05     	|20             	|  0.00055062     	|  7.5839e-05     	|
on_validation_epoch_end            	|  2.3608e-05     	|21             	|  0.00049578     	|  6.8286e-05     	|
on_validation_epoch_start          	|  1.5132e-05     	|21             	|  0.00031777     	|  4.3768e-05     	|
on_train_epoch_start               	|  1.5571e-05     	|20             	|  0.00031142     	|  4.2894e-05     	|
on_fit_start                       	|  2.3228e-05     	|1              	|  2.3228e-05     	|  3.1993e-06     	|
on_before_accelerator_backend_setup	|  2.1153e-05     	|1              	|  2.1153e-05     	|  2.9135e-06     	|

