2021-06-09 18:24:43.734 | INFO     | slp.util.log:configure_logging:84 - Log file will be saved in logs/mosei-rnn-m3-0.25-text-0.6.20210609-182443.log
2021-06-09 18:24:44.586 | INFO     | slp.plbind.dm:setup:159 - Using provided validation set
2021-06-09 18:24:44.586 | INFO     | slp.plbind.dm:setup:162 - Using provided test set
2021-06-09 18:24:44.586 | INFO     | slp.plbind.dm:setup:212 - Using 16327 samples for training
2021-06-09 18:24:44.586 | INFO     | slp.plbind.dm:setup:213 - Using 1871 samples for validation
2021-06-09 18:24:44.587 | INFO     | slp.plbind.dm:setup:216 - Using 4662 samples for testing
2021-06-09 18:24:44.607 | INFO     | slp.plbind.trainer:make_trainer:428 - Logs will be saved in rnn-m3-0.25-text-0.6/mosei-rnn-m3-0.25-text-0.6
2021-06-09 18:24:44.607 | INFO     | slp.plbind.trainer:make_trainer:429 - Logs will be saved in rnn-m3-0.25-text-0.6/mosei-rnn-m3-0.25-text-0.6/20210609-182444/checkpoints
2021-06-09 18:24:44.644 | INFO     | slp.plbind.trainer:make_trainer:461 - Configured wandb and CSV loggers.
2021-06-09 18:24:44.645 | INFO     | slp.plbind.trainer:make_trainer:462 - Wandb configured to run mosei-rnn-m3-0.25-text-0.6/20210609-182444 in project mosei-rnn-m3-0.25-text-0.6
2021-06-09 18:24:44.645 | INFO     | slp.plbind.trainer:make_trainer:467 - Results will be stored online.
2021-06-09 18:24:44.646 | INFO     | slp.plbind.trainer:make_trainer:475 - Experiment verbose description:
MOSEI RNN-baseline with M3 and higher text drop probability

Tags:['mosei', 'rnn-baseline', 'm3', 'regularization']
2021-06-09 18:24:44.648 | INFO     | slp.plbind.trainer:make_trainer:496 - Configured Early stopping and Model checkpointing to track val_loss
2021-06-09 18:24:44.670 | INFO     | pytorch_lightning.utilities.distributed:_info:54 - GPU available: True, used: True
2021-06-09 18:24:44.671 | INFO     | pytorch_lightning.utilities.distributed:_info:54 - TPU available: None, using: 0 TPU cores
2021-06-09 18:24:45.550 | INFO     | slp.plbind.trainer:watch_model:613 - Tracking model weights & gradients in wandb.
2021-06-09 18:24:45.551 | INFO     | pytorch_lightning.accelerators.gpu:set_nvidia_flags:40 - LOCAL_RANK: 0 - CUDA_VISIBLE_DEVICES: [3]
2021-06-09 18:24:48.014 | INFO     | pytorch_lightning.core.lightning:summarize:1457 - 
  | Name          | Type                            | Params
------------------------------------------------------------------
0 | model         | AudioVisualTextMaskedClassifier | 1.6 M 
1 | criterion     | L1Loss                          | 0     
2 | train_metrics | ModuleDict                      | 0     
3 | val_metrics   | ModuleDict                      | 0     
4 | test_metrics  | ModuleDict                      | 0     
------------------------------------------------------------------
1.6 M     Trainable params
0         Non-trainable params
1.6 M     Total params
6.535     Total estimated model params size (MB)
2021-06-09 18:24:48.230 | INFO     | slp.plbind.module:log_to_console:478 - Epoch 1 Validation results
2021-06-09 18:24:48.231 | INFO     | slp.util.system:print_separator:81 - --------------------------------------------------
2021-06-09 18:24:48.232 | INFO     | slp.plbind.module:log_to_console:484 - val_acc2        0.5511363744735718
2021-06-09 18:24:48.232 | INFO     | slp.plbind.module:log_to_console:484 - val_acc2_zero   0.640625       
2021-06-09 18:24:48.233 | INFO     | slp.plbind.module:log_to_console:484 - val_acc5        0.1875         
2021-06-09 18:24:48.233 | INFO     | slp.plbind.module:log_to_console:484 - val_acc7        0.15625        
2021-06-09 18:24:48.234 | INFO     | slp.plbind.module:log_to_console:484 - val_f1          0.4820849299430847
2021-06-09 18:24:48.234 | INFO     | slp.plbind.module:log_to_console:484 - val_f1_zero     0.5769858360290527
2021-06-09 18:24:48.235 | INFO     | slp.plbind.module:log_to_console:484 - val_mae         1.8628042936325073
2021-06-09 18:24:48.235 | INFO     | slp.plbind.module:log_to_console:484 - val_loss        1.8628042936325073
2021-06-09 18:24:48.236 | INFO     | slp.plbind.module:log_to_console:484 - best_score      inf            
2021-06-09 18:24:48.236 | INFO     | slp.util.system:print_separator:81 - %%%%%%%%%%%%%%%%%%%%%%%%%%%%%%%%%%%%%%%%%%%%%%%%%%
2021-06-09 18:25:22.635 | INFO     | slp.plbind.module:log_to_console:478 - Epoch 1 Training results
2021-06-09 18:25:22.636 | INFO     | slp.util.system:print_separator:81 - --------------------------------------------------
2021-06-09 18:25:22.636 | INFO     | slp.plbind.module:log_to_console:484 - train_acc2      0.6761907339096069
2021-06-09 18:25:22.637 | INFO     | slp.plbind.module:log_to_console:484 - train_acc2_zero 0.6557170152664185
2021-06-09 18:25:22.638 | INFO     | slp.plbind.module:log_to_console:484 - train_acc5      0.3856845796108246
2021-06-09 18:25:22.638 | INFO     | slp.plbind.module:log_to_console:484 - train_acc7      0.37828487157821655
2021-06-09 18:25:22.639 | INFO     | slp.plbind.module:log_to_console:484 - train_f1        0.6545348763465881
2021-06-09 18:25:22.639 | INFO     | slp.plbind.module:log_to_console:484 - train_f1_zero   0.6447643041610718
2021-06-09 18:25:22.640 | INFO     | slp.plbind.module:log_to_console:484 - train_mae       1.1018388271331787
2021-06-09 18:25:22.640 | INFO     | slp.plbind.module:log_to_console:484 - train_loss      1.1018388271331787
2021-06-09 18:25:22.641 | INFO     | slp.util.system:print_separator:81 - %%%%%%%%%%%%%%%%%%%%%%%%%%%%%%%%%%%%%%%%%%%%%%%%%%
2021-06-09 18:25:24.614 | INFO     | slp.plbind.module:log_to_console:478 - Epoch 1 Validation results
2021-06-09 18:25:24.617 | INFO     | slp.util.system:print_separator:81 - --------------------------------------------------
2021-06-09 18:25:24.619 | INFO     | slp.plbind.module:log_to_console:484 - val_acc2        0.7348734140396118
2021-06-09 18:25:24.621 | INFO     | slp.plbind.module:log_to_console:484 - val_acc2_zero   0.6770833730697632
2021-06-09 18:25:24.623 | INFO     | slp.plbind.module:log_to_console:484 - val_acc5        0.46144068241119385
2021-06-09 18:25:24.625 | INFO     | slp.plbind.module:log_to_console:484 - val_acc7        0.4524364471435547
2021-06-09 18:25:24.627 | INFO     | slp.plbind.module:log_to_console:484 - val_f1          0.7316316366195679
2021-06-09 18:25:24.629 | INFO     | slp.plbind.module:log_to_console:484 - val_f1_zero     0.6844193935394287
2021-06-09 18:25:24.631 | INFO     | slp.plbind.module:log_to_console:484 - val_mae         0.7091988921165466
2021-06-09 18:25:24.632 | INFO     | slp.plbind.module:log_to_console:484 - val_loss        0.7091988921165466
2021-06-09 18:25:24.632 | INFO     | slp.plbind.module:log_to_console:484 - best_score      inf            
2021-06-09 18:25:24.633 | INFO     | slp.util.system:print_separator:81 - %%%%%%%%%%%%%%%%%%%%%%%%%%%%%%%%%%%%%%%%%%%%%%%%%%
2021-06-09 18:25:24.635 | INFO     | slp.plbind.helpers:_run_early_stopping_check:25 - Epoch 1 Early Stopping
2021-06-09 18:25:24.636 | INFO     | slp.util.system:print_separator:81 - --------------------------------------------------
2021-06-09 18:25:24.637 | INFO     | slp.plbind.helpers:_run_early_stopping_check:27 - best score      0.7091988921165466
2021-06-09 18:25:24.637 | INFO     | slp.plbind.helpers:_run_early_stopping_check:28 - patience left   10             
2021-06-09 18:25:24.638 | INFO     | slp.util.system:print_separator:81 - ##################################################
2021-06-09 18:25:59.752 | INFO     | slp.plbind.module:log_to_console:478 - Epoch 2 Training results
2021-06-09 18:25:59.753 | INFO     | slp.util.system:print_separator:81 - --------------------------------------------------
2021-06-09 18:25:59.753 | INFO     | slp.plbind.module:log_to_console:484 - train_acc2      0.7688579559326172
2021-06-09 18:25:59.754 | INFO     | slp.plbind.module:log_to_console:484 - train_acc2_zero 0.7459900379180908
2021-06-09 18:25:59.754 | INFO     | slp.plbind.module:log_to_console:484 - train_acc5      0.45518240332603455
2021-06-09 18:25:59.756 | INFO     | slp.plbind.module:log_to_console:484 - train_acc7      0.44698768854141235
2021-06-09 18:25:59.757 | INFO     | slp.plbind.module:log_to_console:484 - train_f1        0.7611303925514221
2021-06-09 18:25:59.759 | INFO     | slp.plbind.module:log_to_console:484 - train_f1_zero   0.7463025450706482
2021-06-09 18:25:59.760 | INFO     | slp.plbind.module:log_to_console:484 - train_mae       0.7103838324546814
2021-06-09 18:25:59.761 | INFO     | slp.plbind.module:log_to_console:484 - train_loss      0.7103838324546814
2021-06-09 18:25:59.763 | INFO     | slp.util.system:print_separator:81 - %%%%%%%%%%%%%%%%%%%%%%%%%%%%%%%%%%%%%%%%%%%%%%%%%%
2021-06-09 18:26:01.689 | INFO     | slp.plbind.module:log_to_console:478 - Epoch 2 Validation results
2021-06-09 18:26:01.692 | INFO     | slp.util.system:print_separator:81 - --------------------------------------------------
2021-06-09 18:26:01.694 | INFO     | slp.plbind.module:log_to_console:484 - val_acc2        0.755777895450592
2021-06-09 18:26:01.696 | INFO     | slp.plbind.module:log_to_console:484 - val_acc2_zero   0.7004590630531311
2021-06-09 18:26:01.698 | INFO     | slp.plbind.module:log_to_console:484 - val_acc5        0.5049435496330261
2021-06-09 18:26:01.699 | INFO     | slp.plbind.module:log_to_console:484 - val_acc7        0.4959392845630646
2021-06-09 18:26:01.701 | INFO     | slp.plbind.module:log_to_console:484 - val_f1          0.7543891072273254
2021-06-09 18:26:01.702 | INFO     | slp.plbind.module:log_to_console:484 - val_f1_zero     0.7080888748168945
2021-06-09 18:26:01.704 | INFO     | slp.plbind.module:log_to_console:484 - val_mae         0.6544076204299927
2021-06-09 18:26:01.705 | INFO     | slp.plbind.module:log_to_console:484 - val_loss        0.6544076204299927
2021-06-09 18:26:01.706 | INFO     | slp.plbind.module:log_to_console:484 - best_score      0.7091988921165466
2021-06-09 18:26:01.708 | INFO     | slp.util.system:print_separator:81 - %%%%%%%%%%%%%%%%%%%%%%%%%%%%%%%%%%%%%%%%%%%%%%%%%%
2021-06-09 18:26:01.711 | INFO     | slp.plbind.helpers:_run_early_stopping_check:25 - Epoch 2 Early Stopping
2021-06-09 18:26:01.712 | INFO     | slp.util.system:print_separator:81 - --------------------------------------------------
2021-06-09 18:26:01.713 | INFO     | slp.plbind.helpers:_run_early_stopping_check:27 - best score      0.6544076204299927
2021-06-09 18:26:01.714 | INFO     | slp.plbind.helpers:_run_early_stopping_check:28 - patience left   10             
2021-06-09 18:26:01.715 | INFO     | slp.util.system:print_separator:81 - ##################################################
2021-06-09 18:26:36.667 | INFO     | slp.plbind.module:log_to_console:478 - Epoch 3 Training results
2021-06-09 18:26:36.668 | INFO     | slp.util.system:print_separator:81 - --------------------------------------------------
2021-06-09 18:26:36.669 | INFO     | slp.plbind.module:log_to_console:484 - train_acc2      0.8030257821083069
2021-06-09 18:26:36.670 | INFO     | slp.plbind.module:log_to_console:484 - train_acc2_zero 0.7732649445533752
2021-06-09 18:26:36.670 | INFO     | slp.plbind.module:log_to_console:484 - train_acc5      0.48355811834335327
2021-06-09 18:26:36.671 | INFO     | slp.plbind.module:log_to_console:484 - train_acc7      0.47242799401283264
2021-06-09 18:26:36.671 | INFO     | slp.plbind.module:log_to_console:484 - train_f1        0.8008950352668762
2021-06-09 18:26:36.672 | INFO     | slp.plbind.module:log_to_console:484 - train_f1_zero   0.7782375812530518
2021-06-09 18:26:36.673 | INFO     | slp.plbind.module:log_to_console:484 - train_mae       0.6599864363670349
2021-06-09 18:26:36.673 | INFO     | slp.plbind.module:log_to_console:484 - train_loss      0.6599864363670349
2021-06-09 18:26:36.674 | INFO     | slp.util.system:print_separator:81 - %%%%%%%%%%%%%%%%%%%%%%%%%%%%%%%%%%%%%%%%%%%%%%%%%%
2021-06-09 18:26:38.701 | INFO     | slp.plbind.module:log_to_console:478 - Epoch 3 Validation results
2021-06-09 18:26:38.703 | INFO     | slp.util.system:print_separator:81 - --------------------------------------------------
2021-06-09 18:26:38.705 | INFO     | slp.plbind.module:log_to_console:484 - val_acc2        0.7954519391059875
2021-06-09 18:26:38.706 | INFO     | slp.plbind.module:log_to_console:484 - val_acc2_zero   0.7932909727096558
2021-06-09 18:26:38.708 | INFO     | slp.plbind.module:log_to_console:484 - val_acc5        0.4927613139152527
2021-06-09 18:26:38.709 | INFO     | slp.plbind.module:log_to_console:484 - val_acc7        0.48481640219688416
2021-06-09 18:26:38.711 | INFO     | slp.plbind.module:log_to_console:484 - val_f1          0.7845457792282104
2021-06-09 18:26:38.712 | INFO     | slp.plbind.module:log_to_console:484 - val_f1_zero     0.7914246320724487
2021-06-09 18:26:38.714 | INFO     | slp.plbind.module:log_to_console:484 - val_mae         0.6214200854301453
2021-06-09 18:26:38.715 | INFO     | slp.plbind.module:log_to_console:484 - val_loss        0.6214200854301453
2021-06-09 18:26:38.716 | INFO     | slp.plbind.module:log_to_console:484 - best_score      0.6544075608253479
2021-06-09 18:26:38.718 | INFO     | slp.util.system:print_separator:81 - %%%%%%%%%%%%%%%%%%%%%%%%%%%%%%%%%%%%%%%%%%%%%%%%%%
2021-06-09 18:26:38.721 | INFO     | slp.plbind.helpers:_run_early_stopping_check:25 - Epoch 3 Early Stopping
2021-06-09 18:26:38.722 | INFO     | slp.util.system:print_separator:81 - --------------------------------------------------
2021-06-09 18:26:38.724 | INFO     | slp.plbind.helpers:_run_early_stopping_check:27 - best score      0.6214200854301453
2021-06-09 18:26:38.725 | INFO     | slp.plbind.helpers:_run_early_stopping_check:28 - patience left   10             
2021-06-09 18:26:38.726 | INFO     | slp.util.system:print_separator:81 - ##################################################
2021-06-09 18:27:14.635 | INFO     | slp.plbind.module:log_to_console:478 - Epoch 4 Training results
2021-06-09 18:27:14.635 | INFO     | slp.util.system:print_separator:81 - --------------------------------------------------
2021-06-09 18:27:14.636 | INFO     | slp.plbind.module:log_to_console:484 - train_acc2      0.8136489391326904
2021-06-09 18:27:14.637 | INFO     | slp.plbind.module:log_to_console:484 - train_acc2_zero 0.7825953960418701
2021-06-09 18:27:14.637 | INFO     | slp.plbind.module:log_to_console:484 - train_acc5      0.4974140226840973
2021-06-09 18:27:14.638 | INFO     | slp.plbind.module:log_to_console:484 - train_acc7      0.48530542850494385
2021-06-09 18:27:14.638 | INFO     | slp.plbind.module:log_to_console:484 - train_f1        0.8111746311187744
2021-06-09 18:27:14.639 | INFO     | slp.plbind.module:log_to_console:484 - train_f1_zero   0.7872691750526428
2021-06-09 18:27:14.639 | INFO     | slp.plbind.module:log_to_console:484 - train_mae       0.635037362575531
2021-06-09 18:27:14.640 | INFO     | slp.plbind.module:log_to_console:484 - train_loss      0.635037362575531
2021-06-09 18:27:14.640 | INFO     | slp.util.system:print_separator:81 - %%%%%%%%%%%%%%%%%%%%%%%%%%%%%%%%%%%%%%%%%%%%%%%%%%
2021-06-09 18:27:16.604 | INFO     | slp.plbind.module:log_to_console:478 - Epoch 4 Validation results
2021-06-09 18:27:16.607 | INFO     | slp.util.system:print_separator:81 - --------------------------------------------------
2021-06-09 18:27:16.609 | INFO     | slp.plbind.module:log_to_console:484 - val_acc2        0.7947137951850891
2021-06-09 18:27:16.611 | INFO     | slp.plbind.module:log_to_console:484 - val_acc2_zero   0.7917020320892334
2021-06-09 18:27:16.613 | INFO     | slp.plbind.module:log_to_console:484 - val_acc5        0.4989759922027588
2021-06-09 18:27:16.615 | INFO     | slp.plbind.module:log_to_console:484 - val_acc7        0.4857344627380371
2021-06-09 18:27:16.618 | INFO     | slp.plbind.module:log_to_console:484 - val_f1          0.7814580798149109
2021-06-09 18:27:16.620 | INFO     | slp.plbind.module:log_to_console:484 - val_f1_zero     0.7868319749832153
2021-06-09 18:27:16.621 | INFO     | slp.plbind.module:log_to_console:484 - val_mae         0.613144040107727
2021-06-09 18:27:16.623 | INFO     | slp.plbind.module:log_to_console:484 - val_loss        0.613144040107727
2021-06-09 18:27:16.624 | INFO     | slp.plbind.module:log_to_console:484 - best_score      0.62142014503479
2021-06-09 18:27:16.626 | INFO     | slp.util.system:print_separator:81 - %%%%%%%%%%%%%%%%%%%%%%%%%%%%%%%%%%%%%%%%%%%%%%%%%%
2021-06-09 18:27:16.630 | INFO     | slp.plbind.helpers:_run_early_stopping_check:25 - Epoch 4 Early Stopping
2021-06-09 18:27:16.631 | INFO     | slp.util.system:print_separator:81 - --------------------------------------------------
2021-06-09 18:27:16.632 | INFO     | slp.plbind.helpers:_run_early_stopping_check:27 - best score      0.613144040107727
2021-06-09 18:27:16.633 | INFO     | slp.plbind.helpers:_run_early_stopping_check:28 - patience left   10             
2021-06-09 18:27:16.634 | INFO     | slp.util.system:print_separator:81 - ##################################################
2021-06-09 18:27:51.568 | INFO     | slp.plbind.module:log_to_console:478 - Epoch 5 Training results
2021-06-09 18:27:51.569 | INFO     | slp.util.system:print_separator:81 - --------------------------------------------------
2021-06-09 18:27:51.570 | INFO     | slp.plbind.module:log_to_console:484 - train_acc2      0.8182966709136963
2021-06-09 18:27:51.571 | INFO     | slp.plbind.module:log_to_console:484 - train_acc2_zero 0.7836000919342041
2021-06-09 18:27:51.571 | INFO     | slp.plbind.module:log_to_console:484 - train_acc5      0.5102913975715637
2021-06-09 18:27:51.572 | INFO     | slp.plbind.module:log_to_console:484 - train_acc7      0.4956754744052887
2021-06-09 18:27:51.572 | INFO     | slp.plbind.module:log_to_console:484 - train_f1        0.8155694007873535
2021-06-09 18:27:51.573 | INFO     | slp.plbind.module:log_to_console:484 - train_f1_zero   0.7875349521636963
2021-06-09 18:27:51.573 | INFO     | slp.plbind.module:log_to_console:484 - train_mae       0.6132783889770508
2021-06-09 18:27:51.574 | INFO     | slp.plbind.module:log_to_console:484 - train_loss      0.6132783889770508
2021-06-09 18:27:51.574 | INFO     | slp.util.system:print_separator:81 - %%%%%%%%%%%%%%%%%%%%%%%%%%%%%%%%%%%%%%%%%%%%%%%%%%
2021-06-09 18:27:53.494 | INFO     | slp.plbind.module:log_to_console:478 - Epoch 5 Validation results
2021-06-09 18:27:53.495 | INFO     | slp.util.system:print_separator:81 - --------------------------------------------------
2021-06-09 18:27:53.496 | INFO     | slp.plbind.module:log_to_console:484 - val_acc2        0.790431022644043
2021-06-09 18:27:53.497 | INFO     | slp.plbind.module:log_to_console:484 - val_acc2_zero   0.7682556509971619
2021-06-09 18:27:53.497 | INFO     | slp.plbind.module:log_to_console:484 - val_acc5        0.5314265489578247
2021-06-09 18:27:53.498 | INFO     | slp.plbind.module:log_to_console:484 - val_acc7        0.5197740197181702
2021-06-09 18:27:53.499 | INFO     | slp.plbind.module:log_to_console:484 - val_f1          0.7893521785736084
2021-06-09 18:27:53.499 | INFO     | slp.plbind.module:log_to_console:484 - val_f1_zero     0.7761396169662476
2021-06-09 18:27:53.500 | INFO     | slp.plbind.module:log_to_console:484 - val_mae         0.6006036996841431
2021-06-09 18:27:53.501 | INFO     | slp.plbind.module:log_to_console:484 - val_loss        0.6006036996841431
2021-06-09 18:27:53.501 | INFO     | slp.plbind.module:log_to_console:484 - best_score      0.6131439805030823
2021-06-09 18:27:53.502 | INFO     | slp.util.system:print_separator:81 - %%%%%%%%%%%%%%%%%%%%%%%%%%%%%%%%%%%%%%%%%%%%%%%%%%
2021-06-09 18:27:53.504 | INFO     | slp.plbind.helpers:_run_early_stopping_check:25 - Epoch 5 Early Stopping
2021-06-09 18:27:53.505 | INFO     | slp.util.system:print_separator:81 - --------------------------------------------------
2021-06-09 18:27:53.506 | INFO     | slp.plbind.helpers:_run_early_stopping_check:27 - best score      0.6006036996841431
2021-06-09 18:27:53.506 | INFO     | slp.plbind.helpers:_run_early_stopping_check:28 - patience left   10             
2021-06-09 18:27:53.507 | INFO     | slp.util.system:print_separator:81 - ##################################################
2021-06-09 18:28:28.384 | INFO     | slp.plbind.module:log_to_console:478 - Epoch 6 Training results
2021-06-09 18:28:28.384 | INFO     | slp.util.system:print_separator:81 - --------------------------------------------------
2021-06-09 18:28:28.385 | INFO     | slp.plbind.module:log_to_console:484 - train_acc2      0.8306583762168884
2021-06-09 18:28:28.386 | INFO     | slp.plbind.module:log_to_console:484 - train_acc2_zero 0.7935071587562561
2021-06-09 18:28:28.386 | INFO     | slp.plbind.module:log_to_console:484 - train_acc5      0.525352954864502
2021-06-09 18:28:28.387 | INFO     | slp.plbind.module:log_to_console:484 - train_acc7      0.5087189078330994
2021-06-09 18:28:28.387 | INFO     | slp.plbind.module:log_to_console:484 - train_f1        0.8283647298812866
2021-06-09 18:28:28.388 | INFO     | slp.plbind.module:log_to_console:484 - train_f1_zero   0.7978053092956543
2021-06-09 18:28:28.389 | INFO     | slp.plbind.module:log_to_console:484 - train_mae       0.5975844860076904
2021-06-09 18:28:28.389 | INFO     | slp.plbind.module:log_to_console:484 - train_loss      0.5975844860076904
2021-06-09 18:28:28.390 | INFO     | slp.util.system:print_separator:81 - %%%%%%%%%%%%%%%%%%%%%%%%%%%%%%%%%%%%%%%%%%%%%%%%%%
2021-06-09 18:28:30.391 | INFO     | slp.plbind.module:log_to_console:478 - Epoch 6 Validation results
2021-06-09 18:28:30.392 | INFO     | slp.util.system:print_separator:81 - --------------------------------------------------
2021-06-09 18:28:30.393 | INFO     | slp.plbind.module:log_to_console:484 - val_acc2        0.7957720756530762
2021-06-09 18:28:30.394 | INFO     | slp.plbind.module:log_to_console:484 - val_acc2_zero   0.8086511492729187
2021-06-09 18:28:30.394 | INFO     | slp.plbind.module:log_to_console:484 - val_acc5        0.5059322118759155
2021-06-09 18:28:30.395 | INFO     | slp.plbind.module:log_to_console:484 - val_acc7        0.4985169470310211
2021-06-09 18:28:30.396 | INFO     | slp.plbind.module:log_to_console:484 - val_f1          0.7860779762268066
2021-06-09 18:28:30.397 | INFO     | slp.plbind.module:log_to_console:484 - val_f1_zero     0.8042196035385132
2021-06-09 18:28:30.397 | INFO     | slp.plbind.module:log_to_console:484 - val_mae         0.6036363244056702
2021-06-09 18:28:30.398 | INFO     | slp.plbind.module:log_to_console:484 - val_loss        0.6036363244056702
2021-06-09 18:28:30.399 | INFO     | slp.plbind.module:log_to_console:484 - best_score      0.6006036400794983
2021-06-09 18:28:30.399 | INFO     | slp.util.system:print_separator:81 - %%%%%%%%%%%%%%%%%%%%%%%%%%%%%%%%%%%%%%%%%%%%%%%%%%
2021-06-09 18:28:30.401 | INFO     | slp.plbind.helpers:_run_early_stopping_check:25 - Epoch 6 Early Stopping
2021-06-09 18:28:30.402 | INFO     | slp.util.system:print_separator:81 - --------------------------------------------------
2021-06-09 18:28:30.403 | INFO     | slp.plbind.helpers:_run_early_stopping_check:27 - best score      0.6006036996841431
2021-06-09 18:28:30.404 | INFO     | slp.plbind.helpers:_run_early_stopping_check:28 - patience left   9              
2021-06-09 18:28:30.404 | INFO     | slp.util.system:print_separator:81 - ##################################################
2021-06-09 18:29:05.934 | INFO     | slp.plbind.module:log_to_console:478 - Epoch 7 Training results
2021-06-09 18:29:05.935 | INFO     | slp.util.system:print_separator:81 - --------------------------------------------------
2021-06-09 18:29:05.936 | INFO     | slp.plbind.module:log_to_console:484 - train_acc2      0.8282859921455383
2021-06-09 18:29:05.936 | INFO     | slp.plbind.module:log_to_console:484 - train_acc2_zero 0.7970191836357117
2021-06-09 18:29:05.937 | INFO     | slp.plbind.module:log_to_console:484 - train_acc5      0.5332943201065063
2021-06-09 18:29:05.937 | INFO     | slp.plbind.module:log_to_console:484 - train_acc7      0.5164068937301636
2021-06-09 18:29:05.938 | INFO     | slp.plbind.module:log_to_console:484 - train_f1        0.8251900672912598
2021-06-09 18:29:05.939 | INFO     | slp.plbind.module:log_to_console:484 - train_f1_zero   0.8000473976135254
2021-06-09 18:29:05.939 | INFO     | slp.plbind.module:log_to_console:484 - train_mae       0.5898399353027344
2021-06-09 18:29:05.940 | INFO     | slp.plbind.module:log_to_console:484 - train_loss      0.5898399353027344
2021-06-09 18:29:05.940 | INFO     | slp.util.system:print_separator:81 - %%%%%%%%%%%%%%%%%%%%%%%%%%%%%%%%%%%%%%%%%%%%%%%%%%
2021-06-09 18:29:07.833 | INFO     | slp.plbind.module:log_to_console:478 - Epoch 7 Validation results
2021-06-09 18:29:07.836 | INFO     | slp.util.system:print_separator:81 - --------------------------------------------------
2021-06-09 18:29:07.838 | INFO     | slp.plbind.module:log_to_console:484 - val_acc2        0.7950416207313538
2021-06-09 18:29:07.840 | INFO     | slp.plbind.module:log_to_console:484 - val_acc2_zero   0.7820974588394165
2021-06-09 18:29:07.842 | INFO     | slp.plbind.module:log_to_console:484 - val_acc5        0.5393714904785156
2021-06-09 18:29:07.844 | INFO     | slp.plbind.module:log_to_console:484 - val_acc7        0.5197740197181702
2021-06-09 18:29:07.845 | INFO     | slp.plbind.module:log_to_console:484 - val_f1          0.7924326062202454
2021-06-09 18:29:07.847 | INFO     | slp.plbind.module:log_to_console:484 - val_f1_zero     0.7873387932777405
2021-06-09 18:29:07.849 | INFO     | slp.plbind.module:log_to_console:484 - val_mae         0.5881725549697876
2021-06-09 18:29:07.850 | INFO     | slp.plbind.module:log_to_console:484 - val_loss        0.5881725549697876
2021-06-09 18:29:07.852 | INFO     | slp.plbind.module:log_to_console:484 - best_score      0.6006036400794983
2021-06-09 18:29:07.853 | INFO     | slp.util.system:print_separator:81 - %%%%%%%%%%%%%%%%%%%%%%%%%%%%%%%%%%%%%%%%%%%%%%%%%%
2021-06-09 18:29:07.856 | INFO     | slp.plbind.helpers:_run_early_stopping_check:25 - Epoch 7 Early Stopping
2021-06-09 18:29:07.857 | INFO     | slp.util.system:print_separator:81 - --------------------------------------------------
2021-06-09 18:29:07.859 | INFO     | slp.plbind.helpers:_run_early_stopping_check:27 - best score      0.5881725549697876
2021-06-09 18:29:07.860 | INFO     | slp.plbind.helpers:_run_early_stopping_check:28 - patience left   10             
2021-06-09 18:29:07.861 | INFO     | slp.util.system:print_separator:81 - ##################################################
2021-06-09 18:29:42.953 | INFO     | slp.plbind.module:log_to_console:478 - Epoch 8 Training results
2021-06-09 18:29:42.954 | INFO     | slp.util.system:print_separator:81 - --------------------------------------------------
2021-06-09 18:29:42.955 | INFO     | slp.plbind.module:log_to_console:484 - train_acc2      0.8349131941795349
2021-06-09 18:29:42.956 | INFO     | slp.plbind.module:log_to_console:484 - train_acc2_zero 0.7997449040412903
2021-06-09 18:29:42.956 | INFO     | slp.plbind.module:log_to_console:484 - train_acc5      0.5399863719940186
2021-06-09 18:29:42.957 | INFO     | slp.plbind.module:log_to_console:484 - train_acc7      0.5219457745552063
2021-06-09 18:29:42.957 | INFO     | slp.plbind.module:log_to_console:484 - train_f1        0.8318719863891602
2021-06-09 18:29:42.958 | INFO     | slp.plbind.module:log_to_console:484 - train_f1_zero   0.8030600547790527
2021-06-09 18:29:42.959 | INFO     | slp.plbind.module:log_to_console:484 - train_mae       0.5758633017539978
2021-06-09 18:29:42.960 | INFO     | slp.plbind.module:log_to_console:484 - train_loss      0.5758633017539978
2021-06-09 18:29:42.961 | INFO     | slp.util.system:print_separator:81 - %%%%%%%%%%%%%%%%%%%%%%%%%%%%%%%%%%%%%%%%%%%%%%%%%%
2021-06-09 18:29:44.931 | INFO     | slp.plbind.module:log_to_console:478 - Epoch 8 Validation results
2021-06-09 18:29:44.932 | INFO     | slp.util.system:print_separator:81 - --------------------------------------------------
2021-06-09 18:29:44.933 | INFO     | slp.plbind.module:log_to_console:484 - val_acc2        0.7937459349632263
2021-06-09 18:29:44.934 | INFO     | slp.plbind.module:log_to_console:484 - val_acc2_zero   0.8181850910186768
2021-06-09 18:29:44.935 | INFO     | slp.plbind.module:log_to_console:484 - val_acc5        0.5304378867149353
2021-06-09 18:29:44.936 | INFO     | slp.plbind.module:log_to_console:484 - val_acc7        0.5230225920677185
2021-06-09 18:29:44.937 | INFO     | slp.plbind.module:log_to_console:484 - val_f1          0.77159184217453
2021-06-09 18:29:44.937 | INFO     | slp.plbind.module:log_to_console:484 - val_f1_zero     0.8012933135032654
2021-06-09 18:29:44.938 | INFO     | slp.plbind.module:log_to_console:484 - val_mae         0.5932568311691284
2021-06-09 18:29:44.939 | INFO     | slp.plbind.module:log_to_console:484 - val_loss        0.5932568311691284
2021-06-09 18:29:44.940 | INFO     | slp.plbind.module:log_to_console:484 - best_score      0.588172435760498
2021-06-09 18:29:44.941 | INFO     | slp.util.system:print_separator:81 - %%%%%%%%%%%%%%%%%%%%%%%%%%%%%%%%%%%%%%%%%%%%%%%%%%
2021-06-09 18:29:44.943 | INFO     | slp.plbind.helpers:_run_early_stopping_check:25 - Epoch 8 Early Stopping
2021-06-09 18:29:44.944 | INFO     | slp.util.system:print_separator:81 - --------------------------------------------------
2021-06-09 18:29:44.944 | INFO     | slp.plbind.helpers:_run_early_stopping_check:27 - best score      0.5881725549697876
2021-06-09 18:29:44.945 | INFO     | slp.plbind.helpers:_run_early_stopping_check:28 - patience left   9              
2021-06-09 18:29:44.946 | INFO     | slp.util.system:print_separator:81 - ##################################################
2021-06-09 18:30:19.794 | INFO     | slp.plbind.module:log_to_console:478 - Epoch 9 Training results
2021-06-09 18:30:19.795 | INFO     | slp.util.system:print_separator:81 - --------------------------------------------------
2021-06-09 18:30:19.796 | INFO     | slp.plbind.module:log_to_console:484 - train_acc2      0.8435408473014832
2021-06-09 18:30:19.796 | INFO     | slp.plbind.module:log_to_console:484 - train_acc2_zero 0.8077211976051331
2021-06-09 18:30:19.797 | INFO     | slp.plbind.module:log_to_console:484 - train_acc5      0.5503476858139038
2021-06-09 18:30:19.797 | INFO     | slp.plbind.module:log_to_console:484 - train_acc7      0.5312674641609192
2021-06-09 18:30:19.798 | INFO     | slp.plbind.module:log_to_console:484 - train_f1        0.8413255214691162
2021-06-09 18:30:19.798 | INFO     | slp.plbind.module:log_to_console:484 - train_f1_zero   0.8113234639167786
2021-06-09 18:30:19.799 | INFO     | slp.plbind.module:log_to_console:484 - train_mae       0.560914933681488
2021-06-09 18:30:19.799 | INFO     | slp.plbind.module:log_to_console:484 - train_loss      0.560914933681488
2021-06-09 18:30:19.800 | INFO     | slp.util.system:print_separator:81 - %%%%%%%%%%%%%%%%%%%%%%%%%%%%%%%%%%%%%%%%%%%%%%%%%%
2021-06-09 18:30:21.833 | INFO     | slp.plbind.module:log_to_console:478 - Epoch 9 Validation results
2021-06-09 18:30:21.834 | INFO     | slp.util.system:print_separator:81 - --------------------------------------------------
2021-06-09 18:30:21.835 | INFO     | slp.plbind.module:log_to_console:484 - val_acc2        0.7630494832992554
2021-06-09 18:30:21.836 | INFO     | slp.plbind.module:log_to_console:484 - val_acc2_zero   0.714689314365387
2021-06-09 18:30:21.837 | INFO     | slp.plbind.module:log_to_console:484 - val_acc5        0.5451977849006653
2021-06-09 18:30:21.837 | INFO     | slp.plbind.module:log_to_console:484 - val_acc7        0.5314265489578247
2021-06-09 18:30:21.838 | INFO     | slp.plbind.module:log_to_console:484 - val_f1          0.7696354389190674
2021-06-09 18:30:21.839 | INFO     | slp.plbind.module:log_to_console:484 - val_f1_zero     0.7320607304573059
2021-06-09 18:30:21.839 | INFO     | slp.plbind.module:log_to_console:484 - val_mae         0.5778248310089111
2021-06-09 18:30:21.840 | INFO     | slp.plbind.module:log_to_console:484 - val_loss        0.5778248310089111
2021-06-09 18:30:21.841 | INFO     | slp.plbind.module:log_to_console:484 - best_score      0.588172435760498
2021-06-09 18:30:21.841 | INFO     | slp.util.system:print_separator:81 - %%%%%%%%%%%%%%%%%%%%%%%%%%%%%%%%%%%%%%%%%%%%%%%%%%
2021-06-09 18:30:21.844 | INFO     | slp.plbind.helpers:_run_early_stopping_check:25 - Epoch 9 Early Stopping
2021-06-09 18:30:21.844 | INFO     | slp.util.system:print_separator:81 - --------------------------------------------------
2021-06-09 18:30:21.845 | INFO     | slp.plbind.helpers:_run_early_stopping_check:27 - best score      0.5778248310089111
2021-06-09 18:30:21.846 | INFO     | slp.plbind.helpers:_run_early_stopping_check:28 - patience left   10             
2021-06-09 18:30:21.846 | INFO     | slp.util.system:print_separator:81 - ##################################################
2021-06-09 18:30:56.991 | INFO     | slp.plbind.module:log_to_console:478 - Epoch 10 Training results
2021-06-09 18:30:56.992 | INFO     | slp.util.system:print_separator:81 - --------------------------------------------------
2021-06-09 18:30:56.992 | INFO     | slp.plbind.module:log_to_console:484 - train_acc2      0.8502654433250427
2021-06-09 18:30:56.993 | INFO     | slp.plbind.module:log_to_console:484 - train_acc2_zero 0.8101412057876587
2021-06-09 18:30:56.994 | INFO     | slp.plbind.module:log_to_console:484 - train_acc5      0.5584550499916077
2021-06-09 18:30:56.994 | INFO     | slp.plbind.module:log_to_console:484 - train_acc7      0.5371121168136597
2021-06-09 18:30:56.995 | INFO     | slp.plbind.module:log_to_console:484 - train_f1        0.8481867909431458
2021-06-09 18:30:56.995 | INFO     | slp.plbind.module:log_to_console:484 - train_f1_zero   0.8142232894897461
2021-06-09 18:30:56.995 | INFO     | slp.plbind.module:log_to_console:484 - train_mae       0.544601321220398
2021-06-09 18:30:56.996 | INFO     | slp.plbind.module:log_to_console:484 - train_loss      0.544601321220398
2021-06-09 18:30:56.996 | INFO     | slp.util.system:print_separator:81 - %%%%%%%%%%%%%%%%%%%%%%%%%%%%%%%%%%%%%%%%%%%%%%%%%%
2021-06-09 18:30:59.072 | INFO     | slp.plbind.module:log_to_console:478 - Epoch 10 Validation results
2021-06-09 18:30:59.075 | INFO     | slp.util.system:print_separator:81 - --------------------------------------------------
2021-06-09 18:30:59.077 | INFO     | slp.plbind.module:log_to_console:484 - val_acc2        0.798820436000824
2021-06-09 18:30:59.079 | INFO     | slp.plbind.module:log_to_console:484 - val_acc2_zero   0.7975282669067383
2021-06-09 18:30:59.081 | INFO     | slp.plbind.module:log_to_console:484 - val_acc5        0.5366525650024414
2021-06-09 18:30:59.082 | INFO     | slp.plbind.module:log_to_console:484 - val_acc7        0.5202330350875854
2021-06-09 18:30:59.084 | INFO     | slp.plbind.module:log_to_console:484 - val_f1          0.7912559509277344
2021-06-09 18:30:59.086 | INFO     | slp.plbind.module:log_to_console:484 - val_f1_zero     0.7977755665779114
2021-06-09 18:30:59.087 | INFO     | slp.plbind.module:log_to_console:484 - val_mae         0.5888034105300903
2021-06-09 18:30:59.088 | INFO     | slp.plbind.module:log_to_console:484 - val_loss        0.5888034105300903
2021-06-09 18:30:59.089 | INFO     | slp.plbind.module:log_to_console:484 - best_score      0.5778248310089111
2021-06-09 18:30:59.090 | INFO     | slp.util.system:print_separator:81 - %%%%%%%%%%%%%%%%%%%%%%%%%%%%%%%%%%%%%%%%%%%%%%%%%%
2021-06-09 18:30:59.092 | INFO     | slp.plbind.helpers:_run_early_stopping_check:25 - Epoch 10 Early Stopping
2021-06-09 18:30:59.093 | INFO     | slp.util.system:print_separator:81 - --------------------------------------------------
2021-06-09 18:30:59.095 | INFO     | slp.plbind.helpers:_run_early_stopping_check:27 - best score      0.5778248310089111
2021-06-09 18:30:59.096 | INFO     | slp.plbind.helpers:_run_early_stopping_check:28 - patience left   9              
2021-06-09 18:30:59.097 | INFO     | slp.util.system:print_separator:81 - ##################################################
2021-06-09 18:31:34.328 | INFO     | slp.plbind.module:log_to_console:478 - Epoch 11 Training results
2021-06-09 18:31:34.329 | INFO     | slp.util.system:print_separator:81 - --------------------------------------------------
2021-06-09 18:31:34.329 | INFO     | slp.plbind.module:log_to_console:484 - train_acc2      0.8552344441413879
2021-06-09 18:31:34.330 | INFO     | slp.plbind.module:log_to_console:484 - train_acc2_zero 0.8170516490936279
2021-06-09 18:31:34.330 | INFO     | slp.plbind.module:log_to_console:484 - train_acc5      0.5644044876098633
2021-06-09 18:31:34.331 | INFO     | slp.plbind.module:log_to_console:484 - train_acc7      0.5418384671211243
2021-06-09 18:31:34.331 | INFO     | slp.plbind.module:log_to_console:484 - train_f1        0.8533501625061035
2021-06-09 18:31:34.332 | INFO     | slp.plbind.module:log_to_console:484 - train_f1_zero   0.8207835555076599
2021-06-09 18:31:34.332 | INFO     | slp.plbind.module:log_to_console:484 - train_mae       0.5329660177230835
2021-06-09 18:31:34.332 | INFO     | slp.plbind.module:log_to_console:484 - train_loss      0.5329660177230835
2021-06-09 18:31:34.333 | INFO     | slp.util.system:print_separator:81 - %%%%%%%%%%%%%%%%%%%%%%%%%%%%%%%%%%%%%%%%%%%%%%%%%%
2021-06-09 18:31:36.342 | INFO     | slp.plbind.module:log_to_console:478 - Epoch 11 Validation results
2021-06-09 18:31:36.343 | INFO     | slp.util.system:print_separator:81 - --------------------------------------------------
2021-06-09 18:31:36.344 | INFO     | slp.plbind.module:log_to_console:484 - val_acc2        0.7867370843887329
2021-06-09 18:31:36.345 | INFO     | slp.plbind.module:log_to_console:484 - val_acc2_zero   0.7884534001350403
2021-06-09 18:31:36.346 | INFO     | slp.plbind.module:log_to_console:484 - val_acc5        0.5293079614639282
2021-06-09 18:31:36.347 | INFO     | slp.plbind.module:log_to_console:484 - val_acc7        0.5075918436050415
2021-06-09 18:31:36.347 | INFO     | slp.plbind.module:log_to_console:484 - val_f1          0.7882323265075684
2021-06-09 18:31:36.348 | INFO     | slp.plbind.module:log_to_console:484 - val_f1_zero     0.7954102754592896
2021-06-09 18:31:36.349 | INFO     | slp.plbind.module:log_to_console:484 - val_mae         0.6644551753997803
2021-06-09 18:31:36.350 | INFO     | slp.plbind.module:log_to_console:484 - val_loss        0.6644551753997803
2021-06-09 18:31:36.350 | INFO     | slp.plbind.module:log_to_console:484 - best_score      0.5778248310089111
2021-06-09 18:31:36.351 | INFO     | slp.util.system:print_separator:81 - %%%%%%%%%%%%%%%%%%%%%%%%%%%%%%%%%%%%%%%%%%%%%%%%%%
2021-06-09 18:31:36.353 | INFO     | slp.plbind.helpers:_run_early_stopping_check:25 - Epoch 11 Early Stopping
2021-06-09 18:31:36.354 | INFO     | slp.util.system:print_separator:81 - --------------------------------------------------
2021-06-09 18:31:36.355 | INFO     | slp.plbind.helpers:_run_early_stopping_check:27 - best score      0.5778248310089111
2021-06-09 18:31:36.355 | INFO     | slp.plbind.helpers:_run_early_stopping_check:28 - patience left   8              
2021-06-09 18:31:36.356 | INFO     | slp.util.system:print_separator:81 - ##################################################
2021-06-09 18:32:11.389 | INFO     | slp.plbind.module:log_to_console:478 - Epoch 12 Training results
2021-06-09 18:32:11.392 | INFO     | slp.util.system:print_separator:81 - --------------------------------------------------
2021-06-09 18:32:11.393 | INFO     | slp.plbind.module:log_to_console:484 - train_acc2      0.8540036678314209
2021-06-09 18:32:11.394 | INFO     | slp.plbind.module:log_to_console:484 - train_acc2_zero 0.8144482374191284
2021-06-09 18:32:11.395 | INFO     | slp.plbind.module:log_to_console:484 - train_acc5      0.5778323411941528
2021-06-09 18:32:11.396 | INFO     | slp.plbind.module:log_to_console:484 - train_acc7      0.5552051663398743
2021-06-09 18:32:11.397 | INFO     | slp.plbind.module:log_to_console:484 - train_f1        0.8524277806282043
2021-06-09 18:32:11.398 | INFO     | slp.plbind.module:log_to_console:484 - train_f1_zero   0.8187543749809265
2021-06-09 18:32:11.399 | INFO     | slp.plbind.module:log_to_console:484 - train_mae       0.5235563516616821
2021-06-09 18:32:11.401 | INFO     | slp.plbind.module:log_to_console:484 - train_loss      0.5235563516616821
2021-06-09 18:32:11.401 | INFO     | slp.util.system:print_separator:81 - %%%%%%%%%%%%%%%%%%%%%%%%%%%%%%%%%%%%%%%%%%%%%%%%%%
2021-06-09 18:32:13.447 | INFO     | slp.plbind.module:log_to_console:478 - Epoch 12 Validation results
2021-06-09 18:32:13.448 | INFO     | slp.util.system:print_separator:81 - --------------------------------------------------
2021-06-09 18:32:13.449 | INFO     | slp.plbind.module:log_to_console:484 - val_acc2        0.7869751453399658
2021-06-09 18:32:13.450 | INFO     | slp.plbind.module:log_to_console:484 - val_acc2_zero   0.7549435496330261
2021-06-09 18:32:13.450 | INFO     | slp.plbind.module:log_to_console:484 - val_acc5        0.5381708741188049
2021-06-09 18:32:13.451 | INFO     | slp.plbind.module:log_to_console:484 - val_acc7        0.523870050907135
2021-06-09 18:32:13.452 | INFO     | slp.plbind.module:log_to_console:484 - val_f1          0.7930155396461487
2021-06-09 18:32:13.452 | INFO     | slp.plbind.module:log_to_console:484 - val_f1_zero     0.7700156569480896
2021-06-09 18:32:13.453 | INFO     | slp.plbind.module:log_to_console:484 - val_mae         0.5993516445159912
2021-06-09 18:32:13.454 | INFO     | slp.plbind.module:log_to_console:484 - val_loss        0.5993516445159912
2021-06-09 18:32:13.455 | INFO     | slp.plbind.module:log_to_console:484 - best_score      0.5778248310089111
2021-06-09 18:32:13.456 | INFO     | slp.util.system:print_separator:81 - %%%%%%%%%%%%%%%%%%%%%%%%%%%%%%%%%%%%%%%%%%%%%%%%%%
2021-06-09 18:32:13.458 | INFO     | slp.plbind.helpers:_run_early_stopping_check:25 - Epoch 12 Early Stopping
2021-06-09 18:32:13.459 | INFO     | slp.util.system:print_separator:81 - --------------------------------------------------
2021-06-09 18:32:13.459 | INFO     | slp.plbind.helpers:_run_early_stopping_check:27 - best score      0.5778248310089111
2021-06-09 18:32:13.460 | INFO     | slp.plbind.helpers:_run_early_stopping_check:28 - patience left   7              
2021-06-09 18:32:13.461 | INFO     | slp.util.system:print_separator:81 - ##################################################
2021-06-09 18:32:48.964 | INFO     | slp.plbind.module:log_to_console:478 - Epoch 13 Training results
2021-06-09 18:32:48.965 | INFO     | slp.util.system:print_separator:81 - --------------------------------------------------
2021-06-09 18:32:48.966 | INFO     | slp.plbind.module:log_to_console:484 - train_acc2      0.8721432685852051
2021-06-09 18:32:48.966 | INFO     | slp.plbind.module:log_to_console:484 - train_acc2_zero 0.8303222060203552
2021-06-09 18:32:48.967 | INFO     | slp.plbind.module:log_to_console:484 - train_acc5      0.6055091023445129
2021-06-09 18:32:48.968 | INFO     | slp.plbind.module:log_to_console:484 - train_acc7      0.581169605255127
2021-06-09 18:32:48.968 | INFO     | slp.plbind.module:log_to_console:484 - train_f1        0.8708721995353699
2021-06-09 18:32:48.969 | INFO     | slp.plbind.module:log_to_console:484 - train_f1_zero   0.8344451785087585
2021-06-09 18:32:48.969 | INFO     | slp.plbind.module:log_to_console:484 - train_mae       0.48399385809898376
2021-06-09 18:32:48.970 | INFO     | slp.plbind.module:log_to_console:484 - train_loss      0.48399385809898376
2021-06-09 18:32:48.970 | INFO     | slp.util.system:print_separator:81 - %%%%%%%%%%%%%%%%%%%%%%%%%%%%%%%%%%%%%%%%%%%%%%%%%%
2021-06-09 18:32:50.947 | INFO     | slp.plbind.module:log_to_console:478 - Epoch 13 Validation results
2021-06-09 18:32:50.949 | INFO     | slp.util.system:print_separator:81 - --------------------------------------------------
2021-06-09 18:32:50.951 | INFO     | slp.plbind.module:log_to_console:484 - val_acc2        0.8022554516792297
2021-06-09 18:32:50.953 | INFO     | slp.plbind.module:log_to_console:484 - val_acc2_zero   0.8060028553009033
2021-06-09 18:32:50.955 | INFO     | slp.plbind.module:log_to_console:484 - val_acc5        0.5260593295097351
2021-06-09 18:32:50.956 | INFO     | slp.plbind.module:log_to_console:484 - val_acc7        0.5138771533966064
2021-06-09 18:32:50.958 | INFO     | slp.plbind.module:log_to_console:484 - val_f1          0.7983376979827881
2021-06-09 18:32:50.959 | INFO     | slp.plbind.module:log_to_console:484 - val_f1_zero     0.807181715965271
2021-06-09 18:32:50.960 | INFO     | slp.plbind.module:log_to_console:484 - val_mae         0.5826559662818909
2021-06-09 18:32:50.961 | INFO     | slp.plbind.module:log_to_console:484 - val_loss        0.5826559662818909
2021-06-09 18:32:50.963 | INFO     | slp.plbind.module:log_to_console:484 - best_score      0.5778248310089111
2021-06-09 18:32:50.964 | INFO     | slp.util.system:print_separator:81 - %%%%%%%%%%%%%%%%%%%%%%%%%%%%%%%%%%%%%%%%%%%%%%%%%%
2021-06-09 18:32:50.967 | INFO     | slp.plbind.helpers:_run_early_stopping_check:25 - Epoch 13 Early Stopping
2021-06-09 18:32:50.968 | INFO     | slp.util.system:print_separator:81 - --------------------------------------------------
2021-06-09 18:32:50.969 | INFO     | slp.plbind.helpers:_run_early_stopping_check:27 - best score      0.5778248310089111
2021-06-09 18:32:50.970 | INFO     | slp.plbind.helpers:_run_early_stopping_check:28 - patience left   6              
2021-06-09 18:32:50.971 | INFO     | slp.util.system:print_separator:81 - ##################################################
2021-06-09 18:33:26.543 | INFO     | slp.plbind.module:log_to_console:478 - Epoch 14 Training results
2021-06-09 18:33:26.544 | INFO     | slp.util.system:print_separator:81 - --------------------------------------------------
2021-06-09 18:33:26.545 | INFO     | slp.plbind.module:log_to_console:484 - train_acc2      0.8714339137077332
2021-06-09 18:33:26.545 | INFO     | slp.plbind.module:log_to_console:484 - train_acc2_zero 0.8278060555458069
2021-06-09 18:33:26.546 | INFO     | slp.plbind.module:log_to_console:484 - train_acc5      0.6173731088638306
2021-06-09 18:33:26.546 | INFO     | slp.plbind.module:log_to_console:484 - train_acc7      0.5929723978042603
2021-06-09 18:33:26.547 | INFO     | slp.plbind.module:log_to_console:484 - train_f1        0.8701385259628296
2021-06-09 18:33:26.548 | INFO     | slp.plbind.module:log_to_console:484 - train_f1_zero   0.8323961496353149
2021-06-09 18:33:26.548 | INFO     | slp.plbind.module:log_to_console:484 - train_mae       0.46636712551116943
2021-06-09 18:33:26.549 | INFO     | slp.plbind.module:log_to_console:484 - train_loss      0.46636712551116943
2021-06-09 18:33:26.549 | INFO     | slp.util.system:print_separator:81 - %%%%%%%%%%%%%%%%%%%%%%%%%%%%%%%%%%%%%%%%%%%%%%%%%%
2021-06-09 18:33:28.507 | INFO     | slp.plbind.module:log_to_console:478 - Epoch 14 Validation results
2021-06-09 18:33:28.509 | INFO     | slp.util.system:print_separator:81 - --------------------------------------------------
2021-06-09 18:33:28.512 | INFO     | slp.plbind.module:log_to_console:484 - val_acc2        0.7926387190818787
2021-06-09 18:33:28.514 | INFO     | slp.plbind.module:log_to_console:484 - val_acc2_zero   0.7701624035835266
2021-06-09 18:33:28.516 | INFO     | slp.plbind.module:log_to_console:484 - val_acc5        0.5096398591995239
2021-06-09 18:33:28.518 | INFO     | slp.plbind.module:log_to_console:484 - val_acc7        0.4990466237068176
2021-06-09 18:33:28.520 | INFO     | slp.plbind.module:log_to_console:484 - val_f1          0.792987048625946
2021-06-09 18:33:28.522 | INFO     | slp.plbind.module:log_to_console:484 - val_f1_zero     0.7789482474327087
2021-06-09 18:33:28.523 | INFO     | slp.plbind.module:log_to_console:484 - val_mae         0.5940229892730713
2021-06-09 18:33:28.525 | INFO     | slp.plbind.module:log_to_console:484 - val_loss        0.5940229892730713
2021-06-09 18:33:28.527 | INFO     | slp.plbind.module:log_to_console:484 - best_score      0.5778248310089111
2021-06-09 18:33:28.528 | INFO     | slp.util.system:print_separator:81 - %%%%%%%%%%%%%%%%%%%%%%%%%%%%%%%%%%%%%%%%%%%%%%%%%%
2021-06-09 18:33:28.532 | INFO     | slp.plbind.helpers:_run_early_stopping_check:25 - Epoch 14 Early Stopping
2021-06-09 18:33:28.533 | INFO     | slp.util.system:print_separator:81 - --------------------------------------------------
2021-06-09 18:33:28.534 | INFO     | slp.plbind.helpers:_run_early_stopping_check:27 - best score      0.5778248310089111
2021-06-09 18:33:28.536 | INFO     | slp.plbind.helpers:_run_early_stopping_check:28 - patience left   5              
2021-06-09 18:33:28.537 | INFO     | slp.util.system:print_separator:81 - ##################################################
2021-06-09 18:34:03.954 | INFO     | slp.plbind.module:log_to_console:478 - Epoch 15 Training results
2021-06-09 18:34:03.955 | INFO     | slp.util.system:print_separator:81 - --------------------------------------------------
2021-06-09 18:34:03.956 | INFO     | slp.plbind.module:log_to_console:484 - train_acc2      0.87646484375  
2021-06-09 18:34:03.956 | INFO     | slp.plbind.module:log_to_console:484 - train_acc2_zero 0.8299552798271179
2021-06-09 18:34:03.957 | INFO     | slp.plbind.module:log_to_console:484 - train_acc5      0.6262929439544678
2021-06-09 18:34:03.957 | INFO     | slp.plbind.module:log_to_console:484 - train_acc7      0.6009138226509094
2021-06-09 18:34:03.957 | INFO     | slp.plbind.module:log_to_console:484 - train_f1        0.8752332925796509
2021-06-09 18:34:03.958 | INFO     | slp.plbind.module:log_to_console:484 - train_f1_zero   0.8342282772064209
2021-06-09 18:34:03.958 | INFO     | slp.plbind.module:log_to_console:484 - train_mae       0.45827534794807434
2021-06-09 18:34:03.959 | INFO     | slp.plbind.module:log_to_console:484 - train_loss      0.45827534794807434
2021-06-09 18:34:03.959 | INFO     | slp.util.system:print_separator:81 - %%%%%%%%%%%%%%%%%%%%%%%%%%%%%%%%%%%%%%%%%%%%%%%%%%
2021-06-09 18:34:05.867 | INFO     | slp.plbind.module:log_to_console:478 - Epoch 15 Validation results
2021-06-09 18:34:05.868 | INFO     | slp.util.system:print_separator:81 - --------------------------------------------------
2021-06-09 18:34:05.869 | INFO     | slp.plbind.module:log_to_console:484 - val_acc2        0.7872761487960815
2021-06-09 18:34:05.870 | INFO     | slp.plbind.module:log_to_console:484 - val_acc2_zero   0.7660664319992065
2021-06-09 18:34:05.870 | INFO     | slp.plbind.module:log_to_console:484 - val_acc5        0.5282486081123352
2021-06-09 18:34:05.871 | INFO     | slp.plbind.module:log_to_console:484 - val_acc7        0.5160664319992065
2021-06-09 18:34:05.872 | INFO     | slp.plbind.module:log_to_console:484 - val_f1          0.7923847436904907
2021-06-09 18:34:05.873 | INFO     | slp.plbind.module:log_to_console:484 - val_f1_zero     0.7795501947402954
2021-06-09 18:34:05.874 | INFO     | slp.plbind.module:log_to_console:484 - val_mae         0.6139553785324097
2021-06-09 18:34:05.874 | INFO     | slp.plbind.module:log_to_console:484 - val_loss        0.6139553785324097
2021-06-09 18:34:05.875 | INFO     | slp.plbind.module:log_to_console:484 - best_score      0.5778248310089111
2021-06-09 18:34:05.876 | INFO     | slp.util.system:print_separator:81 - %%%%%%%%%%%%%%%%%%%%%%%%%%%%%%%%%%%%%%%%%%%%%%%%%%
2021-06-09 18:34:05.878 | INFO     | slp.plbind.helpers:_run_early_stopping_check:25 - Epoch 15 Early Stopping
2021-06-09 18:34:05.879 | INFO     | slp.util.system:print_separator:81 - --------------------------------------------------
2021-06-09 18:34:05.880 | INFO     | slp.plbind.helpers:_run_early_stopping_check:27 - best score      0.5778248310089111
2021-06-09 18:34:05.880 | INFO     | slp.plbind.helpers:_run_early_stopping_check:28 - patience left   4              
2021-06-09 18:34:05.881 | INFO     | slp.util.system:print_separator:81 - ##################################################
2021-06-09 18:34:40.782 | INFO     | slp.plbind.module:log_to_console:478 - Epoch 16 Training results
2021-06-09 18:34:40.783 | INFO     | slp.util.system:print_separator:81 - --------------------------------------------------
2021-06-09 18:34:40.784 | INFO     | slp.plbind.module:log_to_console:484 - train_acc2      0.881492555141449
2021-06-09 18:34:40.784 | INFO     | slp.plbind.module:log_to_console:484 - train_acc2_zero 0.8369531035423279
2021-06-09 18:34:40.785 | INFO     | slp.plbind.module:log_to_console:484 - train_acc5      0.6350467801094055
2021-06-09 18:34:40.785 | INFO     | slp.plbind.module:log_to_console:484 - train_acc7      0.6086891293525696
2021-06-09 18:34:40.785 | INFO     | slp.plbind.module:log_to_console:484 - train_f1        0.8805781006813049
2021-06-09 18:34:40.786 | INFO     | slp.plbind.module:log_to_console:484 - train_f1_zero   0.8412436842918396
2021-06-09 18:34:40.786 | INFO     | slp.plbind.module:log_to_console:484 - train_mae       0.4478118121623993
2021-06-09 18:34:40.787 | INFO     | slp.plbind.module:log_to_console:484 - train_loss      0.4478118121623993
2021-06-09 18:34:40.787 | INFO     | slp.util.system:print_separator:81 - %%%%%%%%%%%%%%%%%%%%%%%%%%%%%%%%%%%%%%%%%%%%%%%%%%
2021-06-09 18:34:42.767 | INFO     | slp.plbind.module:log_to_console:478 - Epoch 16 Validation results
2021-06-09 18:34:42.770 | INFO     | slp.util.system:print_separator:81 - --------------------------------------------------
2021-06-09 18:34:42.772 | INFO     | slp.plbind.module:log_to_console:484 - val_acc2        0.7862826585769653
2021-06-09 18:34:42.774 | INFO     | slp.plbind.module:log_to_console:484 - val_acc2_zero   0.752295196056366
2021-06-09 18:34:42.776 | INFO     | slp.plbind.module:log_to_console:484 - val_acc5        0.5297669768333435
2021-06-09 18:34:42.778 | INFO     | slp.plbind.module:log_to_console:484 - val_acc7        0.5149364471435547
2021-06-09 18:34:42.780 | INFO     | slp.plbind.module:log_to_console:484 - val_f1          0.7936089038848877
2021-06-09 18:34:42.782 | INFO     | slp.plbind.module:log_to_console:484 - val_f1_zero     0.7675125598907471
2021-06-09 18:34:42.783 | INFO     | slp.plbind.module:log_to_console:484 - val_mae         0.5991186499595642
2021-06-09 18:34:42.785 | INFO     | slp.plbind.module:log_to_console:484 - val_loss        0.5991186499595642
2021-06-09 18:34:42.786 | INFO     | slp.plbind.module:log_to_console:484 - best_score      0.5778248310089111
2021-06-09 18:34:42.788 | INFO     | slp.util.system:print_separator:81 - %%%%%%%%%%%%%%%%%%%%%%%%%%%%%%%%%%%%%%%%%%%%%%%%%%
2021-06-09 18:34:42.791 | INFO     | slp.plbind.helpers:_run_early_stopping_check:25 - Epoch 16 Early Stopping
2021-06-09 18:34:42.793 | INFO     | slp.util.system:print_separator:81 - --------------------------------------------------
2021-06-09 18:34:42.794 | INFO     | slp.plbind.helpers:_run_early_stopping_check:27 - best score      0.5778248310089111
2021-06-09 18:34:42.795 | INFO     | slp.plbind.helpers:_run_early_stopping_check:28 - patience left   3              
2021-06-09 18:34:42.796 | INFO     | slp.util.system:print_separator:81 - ##################################################
2021-06-09 18:35:18.026 | INFO     | slp.plbind.module:log_to_console:478 - Epoch 17 Training results
2021-06-09 18:35:18.027 | INFO     | slp.util.system:print_separator:81 - --------------------------------------------------
2021-06-09 18:35:18.028 | INFO     | slp.plbind.module:log_to_console:484 - train_acc2      0.8836081624031067
2021-06-09 18:35:18.029 | INFO     | slp.plbind.module:log_to_console:484 - train_acc2_zero 0.8356775641441345
2021-06-09 18:35:18.029 | INFO     | slp.plbind.module:log_to_console:484 - train_acc5      0.6468496322631836
2021-06-09 18:35:18.030 | INFO     | slp.plbind.module:log_to_console:484 - train_acc7      0.6212869882583618
2021-06-09 18:35:18.030 | INFO     | slp.plbind.module:log_to_console:484 - train_f1        0.8826108574867249
2021-06-09 18:35:18.031 | INFO     | slp.plbind.module:log_to_console:484 - train_f1_zero   0.8402632474899292
2021-06-09 18:35:18.031 | INFO     | slp.plbind.module:log_to_console:484 - train_mae       0.43628033995628357
2021-06-09 18:35:18.032 | INFO     | slp.plbind.module:log_to_console:484 - train_loss      0.43628033995628357
2021-06-09 18:35:18.032 | INFO     | slp.util.system:print_separator:81 - %%%%%%%%%%%%%%%%%%%%%%%%%%%%%%%%%%%%%%%%%%%%%%%%%%
2021-06-09 18:35:19.969 | INFO     | slp.plbind.module:log_to_console:478 - Epoch 17 Validation results
2021-06-09 18:35:19.971 | INFO     | slp.util.system:print_separator:81 - --------------------------------------------------
2021-06-09 18:35:19.973 | INFO     | slp.plbind.module:log_to_console:484 - val_acc2        0.7896608114242554
2021-06-09 18:35:19.975 | INFO     | slp.plbind.module:log_to_console:484 - val_acc2_zero   0.808050811290741
2021-06-09 18:35:19.977 | INFO     | slp.plbind.module:log_to_console:484 - val_acc5        0.5181143879890442
2021-06-09 18:35:19.979 | INFO     | slp.plbind.module:log_to_console:484 - val_acc7        0.5075212121009827
2021-06-09 18:35:19.980 | INFO     | slp.plbind.module:log_to_console:484 - val_f1          0.784357488155365
2021-06-09 18:35:19.982 | INFO     | slp.plbind.module:log_to_console:484 - val_f1_zero     0.8070306181907654
2021-06-09 18:35:19.984 | INFO     | slp.plbind.module:log_to_console:484 - val_mae         0.5888077020645142
2021-06-09 18:35:19.986 | INFO     | slp.plbind.module:log_to_console:484 - val_loss        0.5888077020645142
2021-06-09 18:35:19.987 | INFO     | slp.plbind.module:log_to_console:484 - best_score      0.5778248310089111
2021-06-09 18:35:19.988 | INFO     | slp.util.system:print_separator:81 - %%%%%%%%%%%%%%%%%%%%%%%%%%%%%%%%%%%%%%%%%%%%%%%%%%
2021-06-09 18:35:19.992 | INFO     | slp.plbind.helpers:_run_early_stopping_check:25 - Epoch 17 Early Stopping
2021-06-09 18:35:19.993 | INFO     | slp.util.system:print_separator:81 - --------------------------------------------------
2021-06-09 18:35:19.994 | INFO     | slp.plbind.helpers:_run_early_stopping_check:27 - best score      0.5778248310089111
2021-06-09 18:35:19.996 | INFO     | slp.plbind.helpers:_run_early_stopping_check:28 - patience left   2              
2021-06-09 18:35:19.997 | INFO     | slp.util.system:print_separator:81 - ##################################################
2021-06-09 18:35:55.173 | INFO     | slp.plbind.module:log_to_console:478 - Epoch 18 Training results
2021-06-09 18:35:55.173 | INFO     | slp.util.system:print_separator:81 - --------------------------------------------------
2021-06-09 18:35:55.175 | INFO     | slp.plbind.module:log_to_console:484 - train_acc2      0.8918328881263733
2021-06-09 18:35:55.175 | INFO     | slp.plbind.module:log_to_console:484 - train_acc2_zero 0.8442392349243164
2021-06-09 18:35:55.176 | INFO     | slp.plbind.module:log_to_console:484 - train_acc5      0.6620509624481201
2021-06-09 18:35:55.177 | INFO     | slp.plbind.module:log_to_console:484 - train_acc7      0.6363048553466797
2021-06-09 18:35:55.177 | INFO     | slp.plbind.module:log_to_console:484 - train_f1        0.8908464312553406
2021-06-09 18:35:55.178 | INFO     | slp.plbind.module:log_to_console:484 - train_f1_zero   0.8484359383583069
2021-06-09 18:35:55.178 | INFO     | slp.plbind.module:log_to_console:484 - train_mae       0.41344568133354187
2021-06-09 18:35:55.179 | INFO     | slp.plbind.module:log_to_console:484 - train_loss      0.41344568133354187
2021-06-09 18:35:55.179 | INFO     | slp.util.system:print_separator:81 - %%%%%%%%%%%%%%%%%%%%%%%%%%%%%%%%%%%%%%%%%%%%%%%%%%
2021-06-09 18:35:57.093 | INFO     | slp.plbind.module:log_to_console:478 - Epoch 18 Validation results
2021-06-09 18:35:57.096 | INFO     | slp.util.system:print_separator:81 - --------------------------------------------------
2021-06-09 18:35:57.098 | INFO     | slp.plbind.module:log_to_console:484 - val_acc2        0.7871870994567871
2021-06-09 18:35:57.100 | INFO     | slp.plbind.module:log_to_console:484 - val_acc2_zero   0.7724223136901855
2021-06-09 18:35:57.102 | INFO     | slp.plbind.module:log_to_console:484 - val_acc5        0.5393714904785156
2021-06-09 18:35:57.104 | INFO     | slp.plbind.module:log_to_console:484 - val_acc7        0.5277189612388611
2021-06-09 18:35:57.106 | INFO     | slp.plbind.module:log_to_console:484 - val_f1          0.7913519740104675
2021-06-09 18:35:57.108 | INFO     | slp.plbind.module:log_to_console:484 - val_f1_zero     0.7834098935127258
2021-06-09 18:35:57.110 | INFO     | slp.plbind.module:log_to_console:484 - val_mae         0.5906277298927307
2021-06-09 18:35:57.111 | INFO     | slp.plbind.module:log_to_console:484 - val_loss        0.5906277298927307
2021-06-09 18:35:57.113 | INFO     | slp.plbind.module:log_to_console:484 - best_score      0.5778248310089111
2021-06-09 18:35:57.114 | INFO     | slp.util.system:print_separator:81 - %%%%%%%%%%%%%%%%%%%%%%%%%%%%%%%%%%%%%%%%%%%%%%%%%%
2021-06-09 18:35:57.119 | INFO     | slp.plbind.helpers:_run_early_stopping_check:25 - Epoch 18 Early Stopping
2021-06-09 18:35:57.122 | INFO     | slp.util.system:print_separator:81 - --------------------------------------------------
2021-06-09 18:35:57.124 | INFO     | slp.plbind.helpers:_run_early_stopping_check:27 - best score      0.5778248310089111
2021-06-09 18:35:57.126 | INFO     | slp.plbind.helpers:_run_early_stopping_check:28 - patience left   1              
2021-06-09 18:35:57.128 | INFO     | slp.util.system:print_separator:81 - ##################################################
2021-06-09 18:36:31.722 | INFO     | slp.plbind.module:log_to_console:478 - Epoch 19 Training results
2021-06-09 18:36:31.723 | INFO     | slp.util.system:print_separator:81 - --------------------------------------------------
2021-06-09 18:36:31.724 | INFO     | slp.plbind.module:log_to_console:484 - train_acc2      0.8933722972869873
2021-06-09 18:36:31.724 | INFO     | slp.plbind.module:log_to_console:484 - train_acc2_zero 0.8413300514221191
2021-06-09 18:36:31.725 | INFO     | slp.plbind.module:log_to_console:484 - train_acc5      0.6702106595039368
2021-06-09 18:36:31.725 | INFO     | slp.plbind.module:log_to_console:484 - train_acc7      0.6450761556625366
2021-06-09 18:36:31.726 | INFO     | slp.plbind.module:log_to_console:484 - train_f1        0.8922995328903198
2021-06-09 18:36:31.727 | INFO     | slp.plbind.module:log_to_console:484 - train_f1_zero   0.8460617661476135
2021-06-09 18:36:31.727 | INFO     | slp.plbind.module:log_to_console:484 - train_mae       0.40392833948135376
2021-06-09 18:36:31.728 | INFO     | slp.plbind.module:log_to_console:484 - train_loss      0.40392833948135376
2021-06-09 18:36:31.728 | INFO     | slp.util.system:print_separator:81 - %%%%%%%%%%%%%%%%%%%%%%%%%%%%%%%%%%%%%%%%%%%%%%%%%%
2021-06-09 18:36:33.705 | INFO     | slp.plbind.module:log_to_console:478 - Epoch 19 Validation results
2021-06-09 18:36:33.707 | INFO     | slp.util.system:print_separator:81 - --------------------------------------------------
2021-06-09 18:36:33.710 | INFO     | slp.plbind.module:log_to_console:484 - val_acc2        0.7959263920783997
2021-06-09 18:36:33.712 | INFO     | slp.plbind.module:log_to_console:484 - val_acc2_zero   0.7793079614639282
2021-06-09 18:36:33.714 | INFO     | slp.plbind.module:log_to_console:484 - val_acc5        0.5197033882141113
2021-06-09 18:36:33.715 | INFO     | slp.plbind.module:log_to_console:484 - val_acc7        0.5064618587493896
2021-06-09 18:36:33.717 | INFO     | slp.plbind.module:log_to_console:484 - val_f1          0.798325777053833
2021-06-09 18:36:33.718 | INFO     | slp.plbind.module:log_to_console:484 - val_f1_zero     0.7888335585594177
2021-06-09 18:36:33.720 | INFO     | slp.plbind.module:log_to_console:484 - val_mae         0.5982457995414734
2021-06-09 18:36:33.722 | INFO     | slp.plbind.module:log_to_console:484 - val_loss        0.5982457995414734
2021-06-09 18:36:33.723 | INFO     | slp.plbind.module:log_to_console:484 - best_score      0.5778248310089111
2021-06-09 18:36:33.725 | INFO     | slp.util.system:print_separator:81 - %%%%%%%%%%%%%%%%%%%%%%%%%%%%%%%%%%%%%%%%%%%%%%%%%%
2021-06-09 18:36:33.728 | INFO     | slp.plbind.helpers:_run_early_stopping_check:25 - Epoch 19 Early Stopping
2021-06-09 18:36:33.729 | INFO     | slp.util.system:print_separator:81 - --------------------------------------------------
2021-06-09 18:36:33.730 | INFO     | slp.plbind.helpers:_run_early_stopping_check:27 - best score      0.5778248310089111
2021-06-09 18:36:33.731 | INFO     | slp.plbind.helpers:_run_early_stopping_check:28 - patience left   0              
2021-06-09 18:36:33.732 | INFO     | slp.plbind.helpers:_run_early_stopping_check:33 - Stopping due to early stopping
2021-06-09 18:36:33.733 | INFO     | slp.util.system:print_separator:81 - ##################################################
2021-06-09 18:36:33.838 | INFO     | pytorch_lightning.profiler.profilers:describe:96 - 

Profiler Report

Action                             	|  Mean duration (s)	|Num calls      	|  Total time (s) 	|  Percentage %   	|
------------------------------------------------------------------------------------------------------------------------------------
Total                              	|  -              	|_              	|  709.13         	|  100 %          	|
------------------------------------------------------------------------------------------------------------------------------------
run_training_epoch                 	|  37.131         	|19             	|  705.48         	|  99.486         	|
run_training_batch                 	|  0.066235       	|9709           	|  643.08         	|  90.686         	|
optimizer_step_and_closure_0       	|  0.063761       	|9709           	|  619.06         	|  87.299         	|
training_step_and_backward         	|  0.053152       	|9709           	|  516.05         	|  72.773         	|
model_forward                      	|  0.030194       	|9709           	|  293.15         	|  41.34          	|
training_step                      	|  0.029943       	|9709           	|  290.71         	|  40.996         	|
model_backward                     	|  0.022694       	|9709           	|  220.34         	|  31.072         	|
evaluation_step_and_end            	|  0.028024       	|1123           	|  31.471         	|  4.438          	|
validation_step                    	|  0.027867       	|1123           	|  31.294         	|  4.4131         	|
get_train_batch                    	|  0.00047073     	|9709           	|  4.5703         	|  0.6445         	|
on_train_batch_end                 	|  0.00014788     	|9709           	|  1.4358         	|  0.20247        	|
on_train_batch_start               	|  0.00012911     	|9709           	|  1.2535         	|  0.17677        	|
cache_result                       	|  1.9513e-05     	|52132          	|  1.0172         	|  0.14345        	|
on_validation_end                  	|  0.02959        	|20             	|  0.5918         	|  0.083455       	|
on_after_backward                  	|  3.4091e-05     	|9709           	|  0.33099        	|  0.046676       	|
on_before_zero_grad                	|  2.9713e-05     	|9709           	|  0.28848        	|  0.040681       	|
on_batch_start                     	|  2.5743e-05     	|9709           	|  0.24994        	|  0.035246       	|
on_batch_end                       	|  1.8936e-05     	|9709           	|  0.18385        	|  0.025927       	|
training_step_end                  	|  1.1178e-05     	|9709           	|  0.10853        	|  0.015305       	|
on_validation_batch_end            	|  9.535e-05      	|1123           	|  0.10708        	|  0.0151         	|
on_train_end                       	|  0.041837       	|1              	|  0.041837       	|  0.0058997      	|
on_epoch_start                     	|  0.0012873      	|19             	|  0.024458       	|  0.0034491      	|
on_validation_batch_start          	|  1.62e-05       	|1123           	|  0.018192       	|  0.0025654      	|
validation_step_end                	|  1.154e-05      	|1123           	|  0.012959       	|  0.0018275      	|
on_validation_start                	|  0.00052811     	|20             	|  0.010562       	|  0.0014895      	|
on_train_start                     	|  0.002102       	|1              	|  0.002102       	|  0.00029642     	|
on_train_epoch_end                 	|  3.0791e-05     	|19             	|  0.00058502     	|  8.2499e-05     	|
on_epoch_end                       	|  1.2214e-05     	|39             	|  0.00047636     	|  6.7175e-05     	|
on_validation_epoch_end            	|  2.2757e-05     	|20             	|  0.00045514     	|  6.4182e-05     	|
on_validation_epoch_start          	|  1.5942e-05     	|20             	|  0.00031883     	|  4.4961e-05     	|
on_train_epoch_start               	|  1.5881e-05     	|19             	|  0.00030175     	|  4.2552e-05     	|
on_fit_start                       	|  2.2294e-05     	|1              	|  2.2294e-05     	|  3.1439e-06     	|
on_before_accelerator_backend_setup	|  9.6911e-06     	|1              	|  9.6911e-06     	|  1.3666e-06     	|

