2021-06-11 15:59:07.136 | INFO     | slp.util.log:configure_logging:84 - Log file will be saved in logs/table2-run2.20210611-155907.log
2021-06-11 15:59:07.983 | INFO     | slp.plbind.dm:setup:159 - Using provided validation set
2021-06-11 15:59:07.984 | INFO     | slp.plbind.dm:setup:162 - Using provided test set
2021-06-11 15:59:07.984 | INFO     | slp.plbind.dm:setup:212 - Using 16327 samples for training
2021-06-11 15:59:07.984 | INFO     | slp.plbind.dm:setup:213 - Using 1871 samples for validation
2021-06-11 15:59:07.984 | INFO     | slp.plbind.dm:setup:216 - Using 4662 samples for testing
2021-06-11 15:59:08.005 | INFO     | slp.plbind.trainer:make_trainer:428 - Logs will be saved in rnn-m3-0.25-text-0.6/table2-run2
2021-06-11 15:59:08.005 | INFO     | slp.plbind.trainer:make_trainer:429 - Logs will be saved in rnn-m3-0.25-text-0.6/table2-run2/20210611-155908/checkpoints
2021-06-11 15:59:08.039 | INFO     | slp.plbind.trainer:make_trainer:461 - Configured wandb and CSV loggers.
2021-06-11 15:59:08.039 | INFO     | slp.plbind.trainer:make_trainer:462 - Wandb configured to run table2-run2/20210611-155908 in project table2-run2
2021-06-11 15:59:08.040 | INFO     | slp.plbind.trainer:make_trainer:467 - Results will be stored online.
2021-06-11 15:59:08.040 | INFO     | slp.plbind.trainer:make_trainer:475 - Experiment verbose description:
MOSEI RNN-baseline with M3 and higher text drop probability

Tags:['mosei', 'rnn-baseline', 'm3', 'regularization']
2021-06-11 15:59:08.041 | INFO     | slp.plbind.trainer:make_trainer:496 - Configured Early stopping and Model checkpointing to track val_loss
2021-06-11 15:59:08.058 | INFO     | pytorch_lightning.utilities.distributed:_info:54 - GPU available: True, used: True
2021-06-11 15:59:08.059 | INFO     | pytorch_lightning.utilities.distributed:_info:54 - TPU available: None, using: 0 TPU cores
2021-06-11 15:59:08.912 | INFO     | slp.plbind.trainer:watch_model:613 - Tracking model weights & gradients in wandb.
2021-06-11 15:59:08.912 | INFO     | pytorch_lightning.accelerators.gpu:set_nvidia_flags:40 - LOCAL_RANK: 0 - CUDA_VISIBLE_DEVICES: [3]
2021-06-11 15:59:11.379 | INFO     | pytorch_lightning.core.lightning:summarize:1457 - 
  | Name          | Type                            | Params
------------------------------------------------------------------
0 | model         | AudioVisualTextMaskedClassifier | 1.6 M 
1 | criterion     | L1Loss                          | 0     
2 | train_metrics | ModuleDict                      | 0     
3 | val_metrics   | ModuleDict                      | 0     
4 | test_metrics  | ModuleDict                      | 0     
------------------------------------------------------------------
1.6 M     Trainable params
0         Non-trainable params
1.6 M     Total params
6.535     Total estimated model params size (MB)
2021-06-11 15:59:11.661 | INFO     | slp.plbind.module:log_to_console:478 - Epoch 1 Validation results
2021-06-11 15:59:11.662 | INFO     | slp.util.system:print_separator:81 - --------------------------------------------------
2021-06-11 15:59:11.662 | INFO     | slp.plbind.module:log_to_console:484 - val_acc2        0.6553030014038086
2021-06-11 15:59:11.663 | INFO     | slp.plbind.module:log_to_console:484 - val_acc2_zero   0.609375       
2021-06-11 15:59:11.664 | INFO     | slp.plbind.module:log_to_console:484 - val_acc5        0.15625        
2021-06-11 15:59:11.664 | INFO     | slp.plbind.module:log_to_console:484 - val_acc7        0.125          
2021-06-11 15:59:11.665 | INFO     | slp.plbind.module:log_to_console:484 - val_f1          0.6553030014038086
2021-06-11 15:59:11.665 | INFO     | slp.plbind.module:log_to_console:484 - val_f1_zero     0.606632649898529
2021-06-11 15:59:11.665 | INFO     | slp.plbind.module:log_to_console:484 - val_mae         3.2805590629577637
2021-06-11 15:59:11.666 | INFO     | slp.plbind.module:log_to_console:484 - val_loss        3.2805590629577637
2021-06-11 15:59:11.666 | INFO     | slp.plbind.module:log_to_console:484 - best_score      inf            
2021-06-11 15:59:11.666 | INFO     | slp.util.system:print_separator:81 - %%%%%%%%%%%%%%%%%%%%%%%%%%%%%%%%%%%%%%%%%%%%%%%%%%
2021-06-11 15:59:45.541 | INFO     | slp.plbind.module:log_to_console:478 - Epoch 1 Training results
2021-06-11 15:59:45.541 | INFO     | slp.util.system:print_separator:81 - --------------------------------------------------
2021-06-11 15:59:45.542 | INFO     | slp.plbind.module:log_to_console:484 - train_acc2      0.6832590699195862
2021-06-11 15:59:45.543 | INFO     | slp.plbind.module:log_to_console:484 - train_acc2_zero 0.6678780913352966
2021-06-11 15:59:45.543 | INFO     | slp.plbind.module:log_to_console:484 - train_acc5      0.38136008381843567
2021-06-11 15:59:45.544 | INFO     | slp.plbind.module:log_to_console:484 - train_acc7      0.37567269802093506
2021-06-11 15:59:45.544 | INFO     | slp.plbind.module:log_to_console:484 - train_f1        0.665424108505249
2021-06-11 15:59:45.544 | INFO     | slp.plbind.module:log_to_console:484 - train_f1_zero   0.6602380871772766
2021-06-11 15:59:45.545 | INFO     | slp.plbind.module:log_to_console:484 - train_mae       0.9595777988433838
2021-06-11 15:59:45.545 | INFO     | slp.plbind.module:log_to_console:484 - train_loss      0.9595777988433838
2021-06-11 15:59:45.546 | INFO     | slp.util.system:print_separator:81 - %%%%%%%%%%%%%%%%%%%%%%%%%%%%%%%%%%%%%%%%%%%%%%%%%%
2021-06-11 15:59:47.465 | INFO     | slp.plbind.module:log_to_console:478 - Epoch 1 Validation results
2021-06-11 15:59:47.467 | INFO     | slp.util.system:print_separator:81 - --------------------------------------------------
2021-06-11 15:59:47.469 | INFO     | slp.plbind.module:log_to_console:484 - val_acc2        0.7333722710609436
2021-06-11 15:59:47.471 | INFO     | slp.plbind.module:log_to_console:484 - val_acc2_zero   0.7577330470085144
2021-06-11 15:59:47.473 | INFO     | slp.plbind.module:log_to_console:484 - val_acc5        0.4006003141403198
2021-06-11 15:59:47.475 | INFO     | slp.plbind.module:log_to_console:484 - val_acc7        0.39742234349250793
2021-06-11 15:59:47.477 | INFO     | slp.plbind.module:log_to_console:484 - val_f1          0.7194840312004089
2021-06-11 15:59:47.478 | INFO     | slp.plbind.module:log_to_console:484 - val_f1_zero     0.750493049621582
2021-06-11 15:59:47.480 | INFO     | slp.plbind.module:log_to_console:484 - val_mae         0.81280916929245
2021-06-11 15:59:47.481 | INFO     | slp.plbind.module:log_to_console:484 - val_loss        0.81280916929245
2021-06-11 15:59:47.483 | INFO     | slp.plbind.module:log_to_console:484 - best_score      inf            
2021-06-11 15:59:47.484 | INFO     | slp.util.system:print_separator:81 - %%%%%%%%%%%%%%%%%%%%%%%%%%%%%%%%%%%%%%%%%%%%%%%%%%
2021-06-11 15:59:47.488 | INFO     | slp.plbind.helpers:_run_early_stopping_check:25 - Epoch 1 Early Stopping
2021-06-11 15:59:47.489 | INFO     | slp.util.system:print_separator:81 - --------------------------------------------------
2021-06-11 15:59:47.490 | INFO     | slp.plbind.helpers:_run_early_stopping_check:27 - best score      0.81280916929245
2021-06-11 15:59:47.491 | INFO     | slp.plbind.helpers:_run_early_stopping_check:28 - patience left   10             
2021-06-11 15:59:47.492 | INFO     | slp.util.system:print_separator:81 - ##################################################
2021-06-11 16:00:21.228 | INFO     | slp.plbind.module:log_to_console:478 - Epoch 2 Training results
2021-06-11 16:00:21.229 | INFO     | slp.util.system:print_separator:81 - --------------------------------------------------
2021-06-11 16:00:21.229 | INFO     | slp.plbind.module:log_to_console:484 - train_acc2      0.7753745317459106
2021-06-11 16:00:21.230 | INFO     | slp.plbind.module:log_to_console:484 - train_acc2_zero 0.7506377696990967
2021-06-11 16:00:21.230 | INFO     | slp.plbind.module:log_to_console:484 - train_acc5      0.460572749376297
2021-06-11 16:00:21.231 | INFO     | slp.plbind.module:log_to_console:484 - train_acc7      0.4527449607849121
2021-06-11 16:00:21.231 | INFO     | slp.plbind.module:log_to_console:484 - train_f1        0.7689624428749084
2021-06-11 16:00:21.232 | INFO     | slp.plbind.module:log_to_console:484 - train_f1_zero   0.7519267797470093
2021-06-11 16:00:21.232 | INFO     | slp.plbind.module:log_to_console:484 - train_mae       0.7033112049102783
2021-06-11 16:00:21.232 | INFO     | slp.plbind.module:log_to_console:484 - train_loss      0.7033112049102783
2021-06-11 16:00:21.233 | INFO     | slp.util.system:print_separator:81 - %%%%%%%%%%%%%%%%%%%%%%%%%%%%%%%%%%%%%%%%%%%%%%%%%%
2021-06-11 16:00:23.086 | INFO     | slp.plbind.module:log_to_console:478 - Epoch 2 Validation results
2021-06-11 16:00:23.087 | INFO     | slp.util.system:print_separator:81 - --------------------------------------------------
2021-06-11 16:00:23.088 | INFO     | slp.plbind.module:log_to_console:484 - val_acc2        0.7901867628097534
2021-06-11 16:00:23.089 | INFO     | slp.plbind.module:log_to_console:484 - val_acc2_zero   0.7757415175437927
2021-06-11 16:00:23.089 | INFO     | slp.plbind.module:log_to_console:484 - val_acc5        0.4905720353126526
2021-06-11 16:00:23.090 | INFO     | slp.plbind.module:log_to_console:484 - val_acc7        0.47944915294647217
2021-06-11 16:00:23.091 | INFO     | slp.plbind.module:log_to_console:484 - val_f1          0.7851228713989258
2021-06-11 16:00:23.092 | INFO     | slp.plbind.module:log_to_console:484 - val_f1_zero     0.7786630988121033
2021-06-11 16:00:23.092 | INFO     | slp.plbind.module:log_to_console:484 - val_mae         0.6277000904083252
2021-06-11 16:00:23.093 | INFO     | slp.plbind.module:log_to_console:484 - val_loss        0.6277000904083252
2021-06-11 16:00:23.094 | INFO     | slp.plbind.module:log_to_console:484 - best_score      0.8128090500831604
2021-06-11 16:00:23.094 | INFO     | slp.util.system:print_separator:81 - %%%%%%%%%%%%%%%%%%%%%%%%%%%%%%%%%%%%%%%%%%%%%%%%%%
2021-06-11 16:00:23.096 | INFO     | slp.plbind.helpers:_run_early_stopping_check:25 - Epoch 2 Early Stopping
2021-06-11 16:00:23.097 | INFO     | slp.util.system:print_separator:81 - --------------------------------------------------
2021-06-11 16:00:23.098 | INFO     | slp.plbind.helpers:_run_early_stopping_check:27 - best score      0.6277000904083252
2021-06-11 16:00:23.098 | INFO     | slp.plbind.helpers:_run_early_stopping_check:28 - patience left   10             
2021-06-11 16:00:23.099 | INFO     | slp.util.system:print_separator:81 - ##################################################
2021-06-11 16:00:56.824 | INFO     | slp.plbind.module:log_to_console:478 - Epoch 3 Training results
2021-06-11 16:00:56.826 | INFO     | slp.util.system:print_separator:81 - --------------------------------------------------
2021-06-11 16:00:56.828 | INFO     | slp.plbind.module:log_to_console:484 - train_acc2      0.7984277009963989
2021-06-11 16:00:56.829 | INFO     | slp.plbind.module:log_to_console:484 - train_acc2_zero 0.7725573182106018
2021-06-11 16:00:56.831 | INFO     | slp.plbind.module:log_to_console:484 - train_acc5      0.4791375696659088
2021-06-11 16:00:56.832 | INFO     | slp.plbind.module:log_to_console:484 - train_acc7      0.46794626116752625
2021-06-11 16:00:56.834 | INFO     | slp.plbind.module:log_to_console:484 - train_f1        0.7929939031600952
2021-06-11 16:00:56.835 | INFO     | slp.plbind.module:log_to_console:484 - train_f1_zero   0.7738804221153259
2021-06-11 16:00:56.836 | INFO     | slp.plbind.module:log_to_console:484 - train_mae       0.6662375330924988
2021-06-11 16:00:56.837 | INFO     | slp.plbind.module:log_to_console:484 - train_loss      0.6662375330924988
2021-06-11 16:00:56.838 | INFO     | slp.util.system:print_separator:81 - %%%%%%%%%%%%%%%%%%%%%%%%%%%%%%%%%%%%%%%%%%%%%%%%%%
2021-06-11 16:00:58.734 | INFO     | slp.plbind.module:log_to_console:478 - Epoch 3 Validation results
2021-06-11 16:00:58.737 | INFO     | slp.util.system:print_separator:81 - --------------------------------------------------
2021-06-11 16:00:58.739 | INFO     | slp.plbind.module:log_to_console:484 - val_acc2        0.7975881695747375
2021-06-11 16:00:58.741 | INFO     | slp.plbind.module:log_to_console:484 - val_acc2_zero   0.7885240316390991
2021-06-11 16:00:58.743 | INFO     | slp.plbind.module:log_to_console:484 - val_acc5        0.5160664319992065
2021-06-11 16:00:58.745 | INFO     | slp.plbind.module:log_to_console:484 - val_acc7        0.5044138431549072
2021-06-11 16:00:58.747 | INFO     | slp.plbind.module:log_to_console:484 - val_f1          0.7933666706085205
2021-06-11 16:00:58.749 | INFO     | slp.plbind.module:log_to_console:484 - val_f1_zero     0.7917432188987732
2021-06-11 16:00:58.751 | INFO     | slp.plbind.module:log_to_console:484 - val_mae         0.6123478412628174
2021-06-11 16:00:58.753 | INFO     | slp.plbind.module:log_to_console:484 - val_loss        0.6123478412628174
2021-06-11 16:00:58.755 | INFO     | slp.plbind.module:log_to_console:484 - best_score      0.62770015001297
2021-06-11 16:00:58.757 | INFO     | slp.util.system:print_separator:81 - %%%%%%%%%%%%%%%%%%%%%%%%%%%%%%%%%%%%%%%%%%%%%%%%%%
2021-06-11 16:00:58.761 | INFO     | slp.plbind.helpers:_run_early_stopping_check:25 - Epoch 3 Early Stopping
2021-06-11 16:00:58.763 | INFO     | slp.util.system:print_separator:81 - --------------------------------------------------
2021-06-11 16:00:58.765 | INFO     | slp.plbind.helpers:_run_early_stopping_check:27 - best score      0.6123478412628174
2021-06-11 16:00:58.766 | INFO     | slp.plbind.helpers:_run_early_stopping_check:28 - patience left   10             
2021-06-11 16:00:58.768 | INFO     | slp.util.system:print_separator:81 - ##################################################
2021-06-11 16:01:32.333 | INFO     | slp.plbind.module:log_to_console:478 - Epoch 4 Training results
2021-06-11 16:01:32.334 | INFO     | slp.util.system:print_separator:81 - --------------------------------------------------
2021-06-11 16:01:32.334 | INFO     | slp.plbind.module:log_to_console:484 - train_acc2      0.8139064311981201
2021-06-11 16:01:32.335 | INFO     | slp.plbind.module:log_to_console:484 - train_acc2_zero 0.7839845418930054
2021-06-11 16:01:32.336 | INFO     | slp.plbind.module:log_to_console:484 - train_acc5      0.5021928548812866
2021-06-11 16:01:32.336 | INFO     | slp.plbind.module:log_to_console:484 - train_acc7      0.4893503785133362
2021-06-11 16:01:32.337 | INFO     | slp.plbind.module:log_to_console:484 - train_f1        0.8103511929512024
2021-06-11 16:01:32.337 | INFO     | slp.plbind.module:log_to_console:484 - train_f1_zero   0.7873916029930115
2021-06-11 16:01:32.338 | INFO     | slp.plbind.module:log_to_console:484 - train_mae       0.6317265033721924
2021-06-11 16:01:32.338 | INFO     | slp.plbind.module:log_to_console:484 - train_loss      0.6317265033721924
2021-06-11 16:01:32.339 | INFO     | slp.util.system:print_separator:81 - %%%%%%%%%%%%%%%%%%%%%%%%%%%%%%%%%%%%%%%%%%%%%%%%%%
2021-06-11 16:01:34.174 | INFO     | slp.plbind.module:log_to_console:478 - Epoch 4 Validation results
2021-06-11 16:01:34.175 | INFO     | slp.util.system:print_separator:81 - --------------------------------------------------
2021-06-11 16:01:34.176 | INFO     | slp.plbind.module:log_to_console:484 - val_acc2        0.7478381395339966
2021-06-11 16:01:34.176 | INFO     | slp.plbind.module:log_to_console:484 - val_acc2_zero   0.6854872703552246
2021-06-11 16:01:34.177 | INFO     | slp.plbind.module:log_to_console:484 - val_acc5        0.4768008589744568
2021-06-11 16:01:34.178 | INFO     | slp.plbind.module:log_to_console:484 - val_acc7        0.4762711822986603
2021-06-11 16:01:34.179 | INFO     | slp.plbind.module:log_to_console:484 - val_f1          0.7490976452827454
2021-06-11 16:01:34.179 | INFO     | slp.plbind.module:log_to_console:484 - val_f1_zero     0.6961548924446106
2021-06-11 16:01:34.180 | INFO     | slp.plbind.module:log_to_console:484 - val_mae         0.6573958992958069
2021-06-11 16:01:34.181 | INFO     | slp.plbind.module:log_to_console:484 - val_loss        0.6573958992958069
2021-06-11 16:01:34.181 | INFO     | slp.plbind.module:log_to_console:484 - best_score      0.6123478412628174
2021-06-11 16:01:34.182 | INFO     | slp.util.system:print_separator:81 - %%%%%%%%%%%%%%%%%%%%%%%%%%%%%%%%%%%%%%%%%%%%%%%%%%
2021-06-11 16:01:34.184 | INFO     | slp.plbind.helpers:_run_early_stopping_check:25 - Epoch 4 Early Stopping
2021-06-11 16:01:34.185 | INFO     | slp.util.system:print_separator:81 - --------------------------------------------------
2021-06-11 16:01:34.186 | INFO     | slp.plbind.helpers:_run_early_stopping_check:27 - best score      0.6123478412628174
2021-06-11 16:01:34.186 | INFO     | slp.plbind.helpers:_run_early_stopping_check:28 - patience left   9              
2021-06-11 16:01:34.187 | INFO     | slp.util.system:print_separator:81 - ##################################################
2021-06-11 16:02:07.969 | INFO     | slp.plbind.module:log_to_console:478 - Epoch 5 Training results
2021-06-11 16:02:07.970 | INFO     | slp.util.system:print_separator:81 - --------------------------------------------------
2021-06-11 16:02:07.971 | INFO     | slp.plbind.module:log_to_console:484 - train_acc2      0.8124414682388306
2021-06-11 16:02:07.972 | INFO     | slp.plbind.module:log_to_console:484 - train_acc2_zero 0.7808830738067627
2021-06-11 16:02:07.972 | INFO     | slp.plbind.module:log_to_console:484 - train_acc5      0.5146684050559998
2021-06-11 16:02:07.973 | INFO     | slp.plbind.module:log_to_console:484 - train_acc7      0.4993797242641449
2021-06-11 16:02:07.973 | INFO     | slp.plbind.module:log_to_console:484 - train_f1        0.8090322613716125
2021-06-11 16:02:07.974 | INFO     | slp.plbind.module:log_to_console:484 - train_f1_zero   0.7841775417327881
2021-06-11 16:02:07.974 | INFO     | slp.plbind.module:log_to_console:484 - train_mae       0.6178343892097473
2021-06-11 16:02:07.975 | INFO     | slp.plbind.module:log_to_console:484 - train_loss      0.6178343892097473
2021-06-11 16:02:07.975 | INFO     | slp.util.system:print_separator:81 - %%%%%%%%%%%%%%%%%%%%%%%%%%%%%%%%%%%%%%%%%%%%%%%%%%
2021-06-11 16:02:09.899 | INFO     | slp.plbind.module:log_to_console:478 - Epoch 5 Validation results
2021-06-11 16:02:09.900 | INFO     | slp.util.system:print_separator:81 - --------------------------------------------------
2021-06-11 16:02:09.901 | INFO     | slp.plbind.module:log_to_console:484 - val_acc2        0.8002004027366638
2021-06-11 16:02:09.902 | INFO     | slp.plbind.module:log_to_console:484 - val_acc2_zero   0.7975282669067383
2021-06-11 16:02:09.903 | INFO     | slp.plbind.module:log_to_console:484 - val_acc5        0.5229520201683044
2021-06-11 16:02:09.903 | INFO     | slp.plbind.module:log_to_console:484 - val_acc7        0.5112994313240051
2021-06-11 16:02:09.904 | INFO     | slp.plbind.module:log_to_console:484 - val_f1          0.7885959148406982
2021-06-11 16:02:09.905 | INFO     | slp.plbind.module:log_to_console:484 - val_f1_zero     0.7932417392730713
2021-06-11 16:02:09.906 | INFO     | slp.plbind.module:log_to_console:484 - val_mae         0.6010376811027527
2021-06-11 16:02:09.906 | INFO     | slp.plbind.module:log_to_console:484 - val_loss        0.6010376811027527
2021-06-11 16:02:09.907 | INFO     | slp.plbind.module:log_to_console:484 - best_score      0.6123478412628174
2021-06-11 16:02:09.908 | INFO     | slp.util.system:print_separator:81 - %%%%%%%%%%%%%%%%%%%%%%%%%%%%%%%%%%%%%%%%%%%%%%%%%%
2021-06-11 16:02:09.910 | INFO     | slp.plbind.helpers:_run_early_stopping_check:25 - Epoch 5 Early Stopping
2021-06-11 16:02:09.911 | INFO     | slp.util.system:print_separator:81 - --------------------------------------------------
2021-06-11 16:02:09.911 | INFO     | slp.plbind.helpers:_run_early_stopping_check:27 - best score      0.6010376811027527
2021-06-11 16:02:09.912 | INFO     | slp.plbind.helpers:_run_early_stopping_check:28 - patience left   10             
2021-06-11 16:02:09.913 | INFO     | slp.util.system:print_separator:81 - ##################################################
2021-06-11 16:02:43.748 | INFO     | slp.plbind.module:log_to_console:478 - Epoch 6 Training results
2021-06-11 16:02:43.749 | INFO     | slp.util.system:print_separator:81 - --------------------------------------------------
2021-06-11 16:02:43.750 | INFO     | slp.plbind.module:log_to_console:484 - train_acc2      0.8256701827049255
2021-06-11 16:02:43.750 | INFO     | slp.plbind.module:log_to_console:484 - train_acc2_zero 0.7952194809913635
2021-06-11 16:02:43.751 | INFO     | slp.plbind.module:log_to_console:484 - train_acc5      0.5188880562782288
2021-06-11 16:02:43.752 | INFO     | slp.plbind.module:log_to_console:484 - train_acc7      0.5031101703643799
2021-06-11 16:02:43.752 | INFO     | slp.plbind.module:log_to_console:484 - train_f1        0.8228851556777954
2021-06-11 16:02:43.753 | INFO     | slp.plbind.module:log_to_console:484 - train_f1_zero   0.7986876368522644
2021-06-11 16:02:43.753 | INFO     | slp.plbind.module:log_to_console:484 - train_mae       0.6019077897071838
2021-06-11 16:02:43.754 | INFO     | slp.plbind.module:log_to_console:484 - train_loss      0.6019077897071838
2021-06-11 16:02:43.754 | INFO     | slp.util.system:print_separator:81 - %%%%%%%%%%%%%%%%%%%%%%%%%%%%%%%%%%%%%%%%%%%%%%%%%%
2021-06-11 16:02:45.662 | INFO     | slp.plbind.module:log_to_console:478 - Epoch 6 Validation results
2021-06-11 16:02:45.663 | INFO     | slp.util.system:print_separator:81 - --------------------------------------------------
2021-06-11 16:02:45.664 | INFO     | slp.plbind.module:log_to_console:484 - val_acc2        0.8087653517723083
2021-06-11 16:02:45.665 | INFO     | slp.plbind.module:log_to_console:484 - val_acc2_zero   0.8054732084274292
2021-06-11 16:02:45.666 | INFO     | slp.plbind.module:log_to_console:484 - val_acc5        0.5303672552108765
2021-06-11 16:02:45.667 | INFO     | slp.plbind.module:log_to_console:484 - val_acc7        0.5171257257461548
2021-06-11 16:02:45.668 | INFO     | slp.plbind.module:log_to_console:484 - val_f1          0.8043537735939026
2021-06-11 16:02:45.669 | INFO     | slp.plbind.module:log_to_console:484 - val_f1_zero     0.8071367144584656
2021-06-11 16:02:45.670 | INFO     | slp.plbind.module:log_to_console:484 - val_mae         0.5914138555526733
2021-06-11 16:02:45.671 | INFO     | slp.plbind.module:log_to_console:484 - val_loss        0.5914138555526733
2021-06-11 16:02:45.672 | INFO     | slp.plbind.module:log_to_console:484 - best_score      0.6010376811027527
2021-06-11 16:02:45.673 | INFO     | slp.util.system:print_separator:81 - %%%%%%%%%%%%%%%%%%%%%%%%%%%%%%%%%%%%%%%%%%%%%%%%%%
2021-06-11 16:02:45.676 | INFO     | slp.plbind.helpers:_run_early_stopping_check:25 - Epoch 6 Early Stopping
2021-06-11 16:02:45.677 | INFO     | slp.util.system:print_separator:81 - --------------------------------------------------
2021-06-11 16:02:45.678 | INFO     | slp.plbind.helpers:_run_early_stopping_check:27 - best score      0.5914138555526733
2021-06-11 16:02:45.679 | INFO     | slp.plbind.helpers:_run_early_stopping_check:28 - patience left   10             
2021-06-11 16:02:45.679 | INFO     | slp.util.system:print_separator:81 - ##################################################
2021-06-11 16:03:19.464 | INFO     | slp.plbind.module:log_to_console:478 - Epoch 7 Training results
2021-06-11 16:03:19.465 | INFO     | slp.util.system:print_separator:81 - --------------------------------------------------
2021-06-11 16:03:19.466 | INFO     | slp.plbind.module:log_to_console:484 - train_acc2      0.8325892090797424
2021-06-11 16:03:19.467 | INFO     | slp.plbind.module:log_to_console:484 - train_acc2_zero 0.8031695485115051
2021-06-11 16:03:19.469 | INFO     | slp.plbind.module:log_to_console:484 - train_acc5      0.5336176156997681
2021-06-11 16:03:19.470 | INFO     | slp.plbind.module:log_to_console:484 - train_acc7      0.515576958656311
2021-06-11 16:03:19.472 | INFO     | slp.plbind.module:log_to_console:484 - train_f1        0.829565703868866
2021-06-11 16:03:19.473 | INFO     | slp.plbind.module:log_to_console:484 - train_f1_zero   0.805827796459198
2021-06-11 16:03:19.474 | INFO     | slp.plbind.module:log_to_console:484 - train_mae       0.5856296420097351
2021-06-11 16:03:19.476 | INFO     | slp.plbind.module:log_to_console:484 - train_loss      0.5856296420097351
2021-06-11 16:03:19.477 | INFO     | slp.util.system:print_separator:81 - %%%%%%%%%%%%%%%%%%%%%%%%%%%%%%%%%%%%%%%%%%%%%%%%%%
2021-06-11 16:03:21.342 | INFO     | slp.plbind.module:log_to_console:478 - Epoch 7 Validation results
2021-06-11 16:03:21.343 | INFO     | slp.util.system:print_separator:81 - --------------------------------------------------
2021-06-11 16:03:21.344 | INFO     | slp.plbind.module:log_to_console:484 - val_acc2        0.7961518168449402
2021-06-11 16:03:21.345 | INFO     | slp.plbind.module:log_to_console:484 - val_acc2_zero   0.8001059293746948
2021-06-11 16:03:21.346 | INFO     | slp.plbind.module:log_to_console:484 - val_acc5        0.5275776982307434
2021-06-11 16:03:21.347 | INFO     | slp.plbind.module:log_to_console:484 - val_acc7        0.5185734629631042
2021-06-11 16:03:21.347 | INFO     | slp.plbind.module:log_to_console:484 - val_f1          0.7820829153060913
2021-06-11 16:03:21.348 | INFO     | slp.plbind.module:log_to_console:484 - val_f1_zero     0.7938717603683472
2021-06-11 16:03:21.349 | INFO     | slp.plbind.module:log_to_console:484 - val_mae         0.5816078782081604
2021-06-11 16:03:21.349 | INFO     | slp.plbind.module:log_to_console:484 - val_loss        0.5816078782081604
2021-06-11 16:03:21.350 | INFO     | slp.plbind.module:log_to_console:484 - best_score      0.5914138555526733
2021-06-11 16:03:21.351 | INFO     | slp.util.system:print_separator:81 - %%%%%%%%%%%%%%%%%%%%%%%%%%%%%%%%%%%%%%%%%%%%%%%%%%
2021-06-11 16:03:21.353 | INFO     | slp.plbind.helpers:_run_early_stopping_check:25 - Epoch 7 Early Stopping
2021-06-11 16:03:21.354 | INFO     | slp.util.system:print_separator:81 - --------------------------------------------------
2021-06-11 16:03:21.354 | INFO     | slp.plbind.helpers:_run_early_stopping_check:27 - best score      0.5816078782081604
2021-06-11 16:03:21.355 | INFO     | slp.plbind.helpers:_run_early_stopping_check:28 - patience left   10             
2021-06-11 16:03:21.356 | INFO     | slp.util.system:print_separator:81 - ##################################################
2021-06-11 16:03:55.109 | INFO     | slp.plbind.module:log_to_console:478 - Epoch 8 Training results
2021-06-11 16:03:55.109 | INFO     | slp.util.system:print_separator:81 - --------------------------------------------------
2021-06-11 16:03:55.110 | INFO     | slp.plbind.module:log_to_console:484 - train_acc2      0.8366737961769104
2021-06-11 16:03:55.111 | INFO     | slp.plbind.module:log_to_console:484 - train_acc2_zero 0.8057031035423279
2021-06-11 16:03:55.111 | INFO     | slp.plbind.module:log_to_console:484 - train_acc5      0.5450796484947205
2021-06-11 16:03:55.112 | INFO     | slp.plbind.module:log_to_console:484 - train_acc7      0.5250821113586426
2021-06-11 16:03:55.113 | INFO     | slp.plbind.module:log_to_console:484 - train_f1        0.834065854549408
2021-06-11 16:03:55.113 | INFO     | slp.plbind.module:log_to_console:484 - train_f1_zero   0.8089747428894043
2021-06-11 16:03:55.114 | INFO     | slp.plbind.module:log_to_console:484 - train_mae       0.5692912340164185
2021-06-11 16:03:55.114 | INFO     | slp.plbind.module:log_to_console:484 - train_loss      0.5692912340164185
2021-06-11 16:03:55.115 | INFO     | slp.util.system:print_separator:81 - %%%%%%%%%%%%%%%%%%%%%%%%%%%%%%%%%%%%%%%%%%%%%%%%%%
2021-06-11 16:03:57.047 | INFO     | slp.plbind.module:log_to_console:478 - Epoch 8 Validation results
2021-06-11 16:03:57.048 | INFO     | slp.util.system:print_separator:81 - --------------------------------------------------
2021-06-11 16:03:57.049 | INFO     | slp.plbind.module:log_to_console:484 - val_acc2        0.7772337198257446
2021-06-11 16:03:57.049 | INFO     | slp.plbind.module:log_to_console:484 - val_acc2_zero   0.7407132983207703
2021-06-11 16:03:57.050 | INFO     | slp.plbind.module:log_to_console:484 - val_acc5        0.5345339179039001
2021-06-11 16:03:57.051 | INFO     | slp.plbind.module:log_to_console:484 - val_acc7        0.5186440944671631
2021-06-11 16:03:57.052 | INFO     | slp.plbind.module:log_to_console:484 - val_f1          0.7813246250152588
2021-06-11 16:03:57.052 | INFO     | slp.plbind.module:log_to_console:484 - val_f1_zero     0.7508222460746765
2021-06-11 16:03:57.053 | INFO     | slp.plbind.module:log_to_console:484 - val_mae         0.5964739322662354
2021-06-11 16:03:57.054 | INFO     | slp.plbind.module:log_to_console:484 - val_loss        0.5964739322662354
2021-06-11 16:03:57.054 | INFO     | slp.plbind.module:log_to_console:484 - best_score      0.5816078782081604
2021-06-11 16:03:57.055 | INFO     | slp.util.system:print_separator:81 - %%%%%%%%%%%%%%%%%%%%%%%%%%%%%%%%%%%%%%%%%%%%%%%%%%
2021-06-11 16:03:57.057 | INFO     | slp.plbind.helpers:_run_early_stopping_check:25 - Epoch 8 Early Stopping
2021-06-11 16:03:57.058 | INFO     | slp.util.system:print_separator:81 - --------------------------------------------------
2021-06-11 16:03:57.059 | INFO     | slp.plbind.helpers:_run_early_stopping_check:27 - best score      0.5816078782081604
2021-06-11 16:03:57.059 | INFO     | slp.plbind.helpers:_run_early_stopping_check:28 - patience left   9              
2021-06-11 16:03:57.060 | INFO     | slp.util.system:print_separator:81 - ##################################################
2021-06-11 16:04:30.499 | INFO     | slp.plbind.module:log_to_console:478 - Epoch 9 Training results
2021-06-11 16:04:30.500 | INFO     | slp.util.system:print_separator:81 - --------------------------------------------------
2021-06-11 16:04:30.500 | INFO     | slp.plbind.module:log_to_console:484 - train_acc2      0.8413816690444946
2021-06-11 16:04:30.501 | INFO     | slp.plbind.module:log_to_console:484 - train_acc2_zero 0.811058521270752
2021-06-11 16:04:30.501 | INFO     | slp.plbind.module:log_to_console:484 - train_acc5      0.5518066883087158
2021-06-11 16:04:30.502 | INFO     | slp.plbind.module:log_to_console:484 - train_acc7      0.5328487157821655
2021-06-11 16:04:30.502 | INFO     | slp.plbind.module:log_to_console:484 - train_f1        0.8383164405822754
2021-06-11 16:04:30.503 | INFO     | slp.plbind.module:log_to_console:484 - train_f1_zero   0.8135883808135986
2021-06-11 16:04:30.503 | INFO     | slp.plbind.module:log_to_console:484 - train_mae       0.5596036314964294
2021-06-11 16:04:30.504 | INFO     | slp.plbind.module:log_to_console:484 - train_loss      0.5596036314964294
2021-06-11 16:04:30.504 | INFO     | slp.util.system:print_separator:81 - %%%%%%%%%%%%%%%%%%%%%%%%%%%%%%%%%%%%%%%%%%%%%%%%%%
2021-06-11 16:04:32.346 | INFO     | slp.plbind.module:log_to_console:478 - Epoch 9 Validation results
2021-06-11 16:04:32.347 | INFO     | slp.util.system:print_separator:81 - --------------------------------------------------
2021-06-11 16:04:32.348 | INFO     | slp.plbind.module:log_to_console:484 - val_acc2        0.8065073490142822
2021-06-11 16:04:32.349 | INFO     | slp.plbind.module:log_to_console:484 - val_acc2_zero   0.8038135766983032
2021-06-11 16:04:32.349 | INFO     | slp.plbind.module:log_to_console:484 - val_acc5        0.5250706672668457
2021-06-11 16:04:32.350 | INFO     | slp.plbind.module:log_to_console:484 - val_acc7        0.5165960788726807
2021-06-11 16:04:32.350 | INFO     | slp.plbind.module:log_to_console:484 - val_f1          0.8036171197891235
2021-06-11 16:04:32.351 | INFO     | slp.plbind.module:log_to_console:484 - val_f1_zero     0.8069151639938354
2021-06-11 16:04:32.352 | INFO     | slp.plbind.module:log_to_console:484 - val_mae         0.588837206363678
2021-06-11 16:04:32.353 | INFO     | slp.plbind.module:log_to_console:484 - val_loss        0.588837206363678
2021-06-11 16:04:32.353 | INFO     | slp.plbind.module:log_to_console:484 - best_score      0.5816078782081604
2021-06-11 16:04:32.354 | INFO     | slp.util.system:print_separator:81 - %%%%%%%%%%%%%%%%%%%%%%%%%%%%%%%%%%%%%%%%%%%%%%%%%%
2021-06-11 16:04:32.357 | INFO     | slp.plbind.helpers:_run_early_stopping_check:25 - Epoch 9 Early Stopping
2021-06-11 16:04:32.358 | INFO     | slp.util.system:print_separator:81 - --------------------------------------------------
2021-06-11 16:04:32.358 | INFO     | slp.plbind.helpers:_run_early_stopping_check:27 - best score      0.5816078782081604
2021-06-11 16:04:32.359 | INFO     | slp.plbind.helpers:_run_early_stopping_check:28 - patience left   8              
2021-06-11 16:04:32.360 | INFO     | slp.util.system:print_separator:81 - ##################################################
2021-06-11 16:05:05.755 | INFO     | slp.plbind.module:log_to_console:478 - Epoch 10 Training results
2021-06-11 16:05:05.756 | INFO     | slp.util.system:print_separator:81 - --------------------------------------------------
2021-06-11 16:05:05.757 | INFO     | slp.plbind.module:log_to_console:484 - train_acc2      0.8464645743370056
2021-06-11 16:05:05.757 | INFO     | slp.plbind.module:log_to_console:484 - train_acc2_zero 0.8139240145683289
2021-06-11 16:05:05.758 | INFO     | slp.plbind.module:log_to_console:484 - train_acc5      0.5558778643608093
2021-06-11 16:05:05.758 | INFO     | slp.plbind.module:log_to_console:484 - train_acc7      0.5356357097625732
2021-06-11 16:05:05.759 | INFO     | slp.plbind.module:log_to_console:484 - train_f1        0.8436404466629028
2021-06-11 16:05:05.760 | INFO     | slp.plbind.module:log_to_console:484 - train_f1_zero   0.8168941736221313
2021-06-11 16:05:05.760 | INFO     | slp.plbind.module:log_to_console:484 - train_mae       0.5443047285079956
2021-06-11 16:05:05.761 | INFO     | slp.plbind.module:log_to_console:484 - train_loss      0.5443047285079956
2021-06-11 16:05:05.761 | INFO     | slp.util.system:print_separator:81 - %%%%%%%%%%%%%%%%%%%%%%%%%%%%%%%%%%%%%%%%%%%%%%%%%%
2021-06-11 16:05:07.735 | INFO     | slp.plbind.module:log_to_console:478 - Epoch 10 Validation results
2021-06-11 16:05:07.736 | INFO     | slp.util.system:print_separator:81 - --------------------------------------------------
2021-06-11 16:05:07.737 | INFO     | slp.plbind.module:log_to_console:484 - val_acc2        0.776910662651062
2021-06-11 16:05:07.738 | INFO     | slp.plbind.module:log_to_console:484 - val_acc2_zero   0.7820974588394165
2021-06-11 16:05:07.738 | INFO     | slp.plbind.module:log_to_console:484 - val_acc5        0.5102401375770569
2021-06-11 16:05:07.739 | INFO     | slp.plbind.module:log_to_console:484 - val_acc7        0.5054731965065002
2021-06-11 16:05:07.740 | INFO     | slp.plbind.module:log_to_console:484 - val_f1          0.7676534652709961
2021-06-11 16:05:07.740 | INFO     | slp.plbind.module:log_to_console:484 - val_f1_zero     0.7786470055580139
2021-06-11 16:05:07.741 | INFO     | slp.plbind.module:log_to_console:484 - val_mae         0.6097642779350281
2021-06-11 16:05:07.742 | INFO     | slp.plbind.module:log_to_console:484 - val_loss        0.6097642779350281
2021-06-11 16:05:07.744 | INFO     | slp.plbind.module:log_to_console:484 - best_score      0.5816078782081604
2021-06-11 16:05:07.745 | INFO     | slp.util.system:print_separator:81 - %%%%%%%%%%%%%%%%%%%%%%%%%%%%%%%%%%%%%%%%%%%%%%%%%%
2021-06-11 16:05:07.750 | INFO     | slp.plbind.helpers:_run_early_stopping_check:25 - Epoch 10 Early Stopping
2021-06-11 16:05:07.753 | INFO     | slp.util.system:print_separator:81 - --------------------------------------------------
2021-06-11 16:05:07.754 | INFO     | slp.plbind.helpers:_run_early_stopping_check:27 - best score      0.5816078782081604
2021-06-11 16:05:07.756 | INFO     | slp.plbind.helpers:_run_early_stopping_check:28 - patience left   7              
2021-06-11 16:05:07.757 | INFO     | slp.util.system:print_separator:81 - ##################################################
2021-06-11 16:05:41.946 | INFO     | slp.plbind.module:log_to_console:478 - Epoch 11 Training results
2021-06-11 16:05:41.946 | INFO     | slp.util.system:print_separator:81 - --------------------------------------------------
2021-06-11 16:05:41.947 | INFO     | slp.plbind.module:log_to_console:484 - train_acc2      0.8581367135047913
2021-06-11 16:05:41.948 | INFO     | slp.plbind.module:log_to_console:484 - train_acc2_zero 0.8210616111755371
2021-06-11 16:05:41.948 | INFO     | slp.plbind.module:log_to_console:484 - train_acc5      0.582523763179779
2021-06-11 16:05:41.949 | INFO     | slp.plbind.module:log_to_console:484 - train_acc7      0.5614254474639893
2021-06-11 16:05:41.949 | INFO     | slp.plbind.module:log_to_console:484 - train_f1        0.8568230867385864
2021-06-11 16:05:41.950 | INFO     | slp.plbind.module:log_to_console:484 - train_f1_zero   0.8252514600753784
2021-06-11 16:05:41.950 | INFO     | slp.plbind.module:log_to_console:484 - train_mae       0.511339008808136
2021-06-11 16:05:41.951 | INFO     | slp.plbind.module:log_to_console:484 - train_loss      0.511339008808136
2021-06-11 16:05:41.951 | INFO     | slp.util.system:print_separator:81 - %%%%%%%%%%%%%%%%%%%%%%%%%%%%%%%%%%%%%%%%%%%%%%%%%%
2021-06-11 16:05:43.895 | INFO     | slp.plbind.module:log_to_console:478 - Epoch 11 Validation results
2021-06-11 16:05:43.896 | INFO     | slp.util.system:print_separator:81 - --------------------------------------------------
2021-06-11 16:05:43.897 | INFO     | slp.plbind.module:log_to_console:484 - val_acc2        0.7953707575798035
2021-06-11 16:05:43.897 | INFO     | slp.plbind.module:log_to_console:484 - val_acc2_zero   0.8048022389411926
2021-06-11 16:05:43.898 | INFO     | slp.plbind.module:log_to_console:484 - val_acc5        0.5419491529464722
2021-06-11 16:05:43.899 | INFO     | slp.plbind.module:log_to_console:484 - val_acc7        0.5302966237068176
2021-06-11 16:05:43.900 | INFO     | slp.plbind.module:log_to_console:484 - val_f1          0.7883866429328918
2021-06-11 16:05:43.900 | INFO     | slp.plbind.module:log_to_console:484 - val_f1_zero     0.8040288090705872
2021-06-11 16:05:43.901 | INFO     | slp.plbind.module:log_to_console:484 - val_mae         0.5799639225006104
2021-06-11 16:05:43.902 | INFO     | slp.plbind.module:log_to_console:484 - val_loss        0.5799639225006104
2021-06-11 16:05:43.902 | INFO     | slp.plbind.module:log_to_console:484 - best_score      0.5816078782081604
2021-06-11 16:05:43.903 | INFO     | slp.util.system:print_separator:81 - %%%%%%%%%%%%%%%%%%%%%%%%%%%%%%%%%%%%%%%%%%%%%%%%%%
2021-06-11 16:05:43.905 | INFO     | slp.plbind.helpers:_run_early_stopping_check:25 - Epoch 11 Early Stopping
2021-06-11 16:05:43.906 | INFO     | slp.util.system:print_separator:81 - --------------------------------------------------
2021-06-11 16:05:43.907 | INFO     | slp.plbind.helpers:_run_early_stopping_check:27 - best score      0.5799639225006104
2021-06-11 16:05:43.907 | INFO     | slp.plbind.helpers:_run_early_stopping_check:28 - patience left   10             
2021-06-11 16:05:43.908 | INFO     | slp.util.system:print_separator:81 - ##################################################
2021-06-11 16:06:18.339 | INFO     | slp.plbind.module:log_to_console:478 - Epoch 12 Training results
2021-06-11 16:06:18.340 | INFO     | slp.util.system:print_separator:81 - --------------------------------------------------
2021-06-11 16:06:18.340 | INFO     | slp.plbind.module:log_to_console:484 - train_acc2      0.863683819770813
2021-06-11 16:06:18.341 | INFO     | slp.plbind.module:log_to_console:484 - train_acc2_zero 0.8251240849494934
2021-06-11 16:06:18.341 | INFO     | slp.plbind.module:log_to_console:484 - train_acc5      0.5899496674537659
2021-06-11 16:06:18.342 | INFO     | slp.plbind.module:log_to_console:484 - train_acc7      0.5672001838684082
2021-06-11 16:06:18.343 | INFO     | slp.plbind.module:log_to_console:484 - train_f1        0.8614752292633057
2021-06-11 16:06:18.343 | INFO     | slp.plbind.module:log_to_console:484 - train_f1_zero   0.8289061188697815
2021-06-11 16:06:18.344 | INFO     | slp.plbind.module:log_to_console:484 - train_mae       0.5002382397651672
2021-06-11 16:06:18.344 | INFO     | slp.plbind.module:log_to_console:484 - train_loss      0.5002382397651672
2021-06-11 16:06:18.345 | INFO     | slp.util.system:print_separator:81 - %%%%%%%%%%%%%%%%%%%%%%%%%%%%%%%%%%%%%%%%%%%%%%%%%%
2021-06-11 16:06:20.258 | INFO     | slp.plbind.module:log_to_console:478 - Epoch 12 Validation results
2021-06-11 16:06:20.261 | INFO     | slp.util.system:print_separator:81 - --------------------------------------------------
2021-06-11 16:06:20.263 | INFO     | slp.plbind.module:log_to_console:484 - val_acc2        0.7705717086791992
2021-06-11 16:06:20.265 | INFO     | slp.plbind.module:log_to_console:484 - val_acc2_zero   0.7491878867149353
2021-06-11 16:06:20.267 | INFO     | slp.plbind.module:log_to_console:484 - val_acc5        0.5393008589744568
2021-06-11 16:06:20.269 | INFO     | slp.plbind.module:log_to_console:484 - val_acc7        0.5281779766082764
2021-06-11 16:06:20.271 | INFO     | slp.plbind.module:log_to_console:484 - val_f1          0.7710309624671936
2021-06-11 16:06:20.272 | INFO     | slp.plbind.module:log_to_console:484 - val_f1_zero     0.7567957043647766
2021-06-11 16:06:20.274 | INFO     | slp.plbind.module:log_to_console:484 - val_mae         0.5801405310630798
2021-06-11 16:06:20.276 | INFO     | slp.plbind.module:log_to_console:484 - val_loss        0.5801405310630798
2021-06-11 16:06:20.278 | INFO     | slp.plbind.module:log_to_console:484 - best_score      0.5799639225006104
2021-06-11 16:06:20.279 | INFO     | slp.util.system:print_separator:81 - %%%%%%%%%%%%%%%%%%%%%%%%%%%%%%%%%%%%%%%%%%%%%%%%%%
2021-06-11 16:06:20.284 | INFO     | slp.plbind.helpers:_run_early_stopping_check:25 - Epoch 12 Early Stopping
2021-06-11 16:06:20.287 | INFO     | slp.util.system:print_separator:81 - --------------------------------------------------
2021-06-11 16:06:20.289 | INFO     | slp.plbind.helpers:_run_early_stopping_check:27 - best score      0.5799639225006104
2021-06-11 16:06:20.290 | INFO     | slp.plbind.helpers:_run_early_stopping_check:28 - patience left   9              
2021-06-11 16:06:20.291 | INFO     | slp.util.system:print_separator:81 - ##################################################
2021-06-11 16:06:54.078 | INFO     | slp.plbind.module:log_to_console:478 - Epoch 13 Training results
2021-06-11 16:06:54.079 | INFO     | slp.util.system:print_separator:81 - --------------------------------------------------
2021-06-11 16:06:54.080 | INFO     | slp.plbind.module:log_to_console:484 - train_acc2      0.8656387329101562
2021-06-11 16:06:54.080 | INFO     | slp.plbind.module:log_to_console:484 - train_acc2_zero 0.8253075480461121
2021-06-11 16:06:54.081 | INFO     | slp.plbind.module:log_to_console:484 - train_acc5      0.5985113382339478
2021-06-11 16:06:54.081 | INFO     | slp.plbind.module:log_to_console:484 - train_acc7      0.574844479560852
2021-06-11 16:06:54.082 | INFO     | slp.plbind.module:log_to_console:484 - train_f1        0.8642138242721558
2021-06-11 16:06:54.083 | INFO     | slp.plbind.module:log_to_console:484 - train_f1_zero   0.8292768001556396
2021-06-11 16:06:54.085 | INFO     | slp.plbind.module:log_to_console:484 - train_mae       0.4881722033023834
2021-06-11 16:06:54.086 | INFO     | slp.plbind.module:log_to_console:484 - train_loss      0.4881722033023834
2021-06-11 16:06:54.088 | INFO     | slp.util.system:print_separator:81 - %%%%%%%%%%%%%%%%%%%%%%%%%%%%%%%%%%%%%%%%%%%%%%%%%%
2021-06-11 16:06:56.056 | INFO     | slp.plbind.module:log_to_console:478 - Epoch 13 Validation results
2021-06-11 16:06:56.058 | INFO     | slp.util.system:print_separator:81 - --------------------------------------------------
2021-06-11 16:06:56.061 | INFO     | slp.plbind.module:log_to_console:484 - val_acc2        0.7903344631195068
2021-06-11 16:06:56.063 | INFO     | slp.plbind.module:log_to_console:484 - val_acc2_zero   0.7926906943321228
2021-06-11 16:06:56.065 | INFO     | slp.plbind.module:log_to_console:484 - val_acc5        0.527189314365387
2021-06-11 16:06:56.067 | INFO     | slp.plbind.module:log_to_console:484 - val_acc7        0.5128884315490723
2021-06-11 16:06:56.069 | INFO     | slp.plbind.module:log_to_console:484 - val_f1          0.7838391065597534
2021-06-11 16:06:56.071 | INFO     | slp.plbind.module:log_to_console:484 - val_f1_zero     0.7932550311088562
2021-06-11 16:06:56.073 | INFO     | slp.plbind.module:log_to_console:484 - val_mae         0.5909478068351746
2021-06-11 16:06:56.074 | INFO     | slp.plbind.module:log_to_console:484 - val_loss        0.5909478068351746
2021-06-11 16:06:56.076 | INFO     | slp.plbind.module:log_to_console:484 - best_score      0.5799639225006104
2021-06-11 16:06:56.077 | INFO     | slp.util.system:print_separator:81 - %%%%%%%%%%%%%%%%%%%%%%%%%%%%%%%%%%%%%%%%%%%%%%%%%%
2021-06-11 16:06:56.083 | INFO     | slp.plbind.helpers:_run_early_stopping_check:25 - Epoch 13 Early Stopping
2021-06-11 16:06:56.085 | INFO     | slp.util.system:print_separator:81 - --------------------------------------------------
2021-06-11 16:06:56.087 | INFO     | slp.plbind.helpers:_run_early_stopping_check:27 - best score      0.5799639225006104
2021-06-11 16:06:56.088 | INFO     | slp.plbind.helpers:_run_early_stopping_check:28 - patience left   8              
2021-06-11 16:06:56.090 | INFO     | slp.util.system:print_separator:81 - ##################################################
2021-06-11 16:07:29.452 | INFO     | slp.plbind.module:log_to_console:478 - Epoch 14 Training results
2021-06-11 16:07:29.453 | INFO     | slp.util.system:print_separator:81 - --------------------------------------------------
2021-06-11 16:07:29.454 | INFO     | slp.plbind.module:log_to_console:484 - train_acc2      0.8682546019554138
2021-06-11 16:07:29.454 | INFO     | slp.plbind.module:log_to_console:484 - train_acc2_zero 0.8272382616996765
2021-06-11 16:07:29.455 | INFO     | slp.plbind.module:log_to_console:484 - train_acc5      0.6069069504737854
2021-06-11 16:07:29.456 | INFO     | slp.plbind.module:log_to_console:484 - train_acc7      0.5828732252120972
2021-06-11 16:07:29.456 | INFO     | slp.plbind.module:log_to_console:484 - train_f1        0.8668554425239563
2021-06-11 16:07:29.457 | INFO     | slp.plbind.module:log_to_console:484 - train_f1_zero   0.8314440846443176
2021-06-11 16:07:29.457 | INFO     | slp.plbind.module:log_to_console:484 - train_mae       0.4802475869655609
2021-06-11 16:07:29.458 | INFO     | slp.plbind.module:log_to_console:484 - train_loss      0.4802475869655609
2021-06-11 16:07:29.458 | INFO     | slp.util.system:print_separator:81 - %%%%%%%%%%%%%%%%%%%%%%%%%%%%%%%%%%%%%%%%%%%%%%%%%%
2021-06-11 16:07:31.416 | INFO     | slp.plbind.module:log_to_console:478 - Epoch 14 Validation results
2021-06-11 16:07:31.419 | INFO     | slp.util.system:print_separator:81 - --------------------------------------------------
2021-06-11 16:07:31.421 | INFO     | slp.plbind.module:log_to_console:484 - val_acc2        0.7770864963531494
2021-06-11 16:07:31.423 | INFO     | slp.plbind.module:log_to_console:484 - val_acc2_zero   0.7676553726196289
2021-06-11 16:07:31.425 | INFO     | slp.plbind.module:log_to_console:484 - val_acc5        0.5277189612388611
2021-06-11 16:07:31.428 | INFO     | slp.plbind.module:log_to_console:484 - val_acc7        0.5197740197181702
2021-06-11 16:07:31.430 | INFO     | slp.plbind.module:log_to_console:484 - val_f1          0.7770820260047913
2021-06-11 16:07:31.432 | INFO     | slp.plbind.module:log_to_console:484 - val_f1_zero     0.7752604484558105
2021-06-11 16:07:31.434 | INFO     | slp.plbind.module:log_to_console:484 - val_mae         0.5900688171386719
2021-06-11 16:07:31.436 | INFO     | slp.plbind.module:log_to_console:484 - val_loss        0.5900688171386719
2021-06-11 16:07:31.438 | INFO     | slp.plbind.module:log_to_console:484 - best_score      0.5799639225006104
2021-06-11 16:07:31.439 | INFO     | slp.util.system:print_separator:81 - %%%%%%%%%%%%%%%%%%%%%%%%%%%%%%%%%%%%%%%%%%%%%%%%%%
2021-06-11 16:07:31.443 | INFO     | slp.plbind.helpers:_run_early_stopping_check:25 - Epoch 14 Early Stopping
2021-06-11 16:07:31.444 | INFO     | slp.util.system:print_separator:81 - --------------------------------------------------
2021-06-11 16:07:31.445 | INFO     | slp.plbind.helpers:_run_early_stopping_check:27 - best score      0.5799639225006104
2021-06-11 16:07:31.446 | INFO     | slp.plbind.helpers:_run_early_stopping_check:28 - patience left   7              
2021-06-11 16:07:31.446 | INFO     | slp.util.system:print_separator:81 - ##################################################
2021-06-11 16:08:04.816 | INFO     | slp.plbind.module:log_to_console:478 - Epoch 15 Training results
2021-06-11 16:08:04.817 | INFO     | slp.util.system:print_separator:81 - --------------------------------------------------
2021-06-11 16:08:04.817 | INFO     | slp.plbind.module:log_to_console:484 - train_acc2      0.8724994659423828
2021-06-11 16:08:04.818 | INFO     | slp.plbind.module:log_to_console:484 - train_acc2_zero 0.8319733738899231
2021-06-11 16:08:04.819 | INFO     | slp.plbind.module:log_to_console:484 - train_acc5      0.6133456826210022
2021-06-11 16:08:04.819 | INFO     | slp.plbind.module:log_to_console:484 - train_acc7      0.5894954204559326
2021-06-11 16:08:04.820 | INFO     | slp.plbind.module:log_to_console:484 - train_f1        0.871082603931427
2021-06-11 16:08:04.820 | INFO     | slp.plbind.module:log_to_console:484 - train_f1_zero   0.8357448577880859
2021-06-11 16:08:04.821 | INFO     | slp.plbind.module:log_to_console:484 - train_mae       0.46652495861053467
2021-06-11 16:08:04.821 | INFO     | slp.plbind.module:log_to_console:484 - train_loss      0.46652495861053467
2021-06-11 16:08:04.822 | INFO     | slp.util.system:print_separator:81 - %%%%%%%%%%%%%%%%%%%%%%%%%%%%%%%%%%%%%%%%%%%%%%%%%%
2021-06-11 16:08:06.771 | INFO     | slp.plbind.module:log_to_console:478 - Epoch 15 Validation results
2021-06-11 16:08:06.772 | INFO     | slp.util.system:print_separator:81 - --------------------------------------------------
2021-06-11 16:08:06.774 | INFO     | slp.plbind.module:log_to_console:484 - val_acc2        0.7771011590957642
2021-06-11 16:08:06.775 | INFO     | slp.plbind.module:log_to_console:484 - val_acc2_zero   0.7519067525863647
2021-06-11 16:08:06.776 | INFO     | slp.plbind.module:log_to_console:484 - val_acc5        0.533545196056366
2021-06-11 16:08:06.777 | INFO     | slp.plbind.module:log_to_console:484 - val_acc7        0.5197740197181702
2021-06-11 16:08:06.778 | INFO     | slp.plbind.module:log_to_console:484 - val_f1          0.77836012840271
2021-06-11 16:08:06.779 | INFO     | slp.plbind.module:log_to_console:484 - val_f1_zero     0.7608454823493958
2021-06-11 16:08:06.780 | INFO     | slp.plbind.module:log_to_console:484 - val_mae         0.5925789475440979
2021-06-11 16:08:06.781 | INFO     | slp.plbind.module:log_to_console:484 - val_loss        0.5925789475440979
2021-06-11 16:08:06.781 | INFO     | slp.plbind.module:log_to_console:484 - best_score      0.5799639225006104
2021-06-11 16:08:06.782 | INFO     | slp.util.system:print_separator:81 - %%%%%%%%%%%%%%%%%%%%%%%%%%%%%%%%%%%%%%%%%%%%%%%%%%
2021-06-11 16:08:06.785 | INFO     | slp.plbind.helpers:_run_early_stopping_check:25 - Epoch 15 Early Stopping
2021-06-11 16:08:06.786 | INFO     | slp.util.system:print_separator:81 - --------------------------------------------------
2021-06-11 16:08:06.786 | INFO     | slp.plbind.helpers:_run_early_stopping_check:27 - best score      0.5799639225006104
2021-06-11 16:08:06.787 | INFO     | slp.plbind.helpers:_run_early_stopping_check:28 - patience left   6              
2021-06-11 16:08:06.788 | INFO     | slp.util.system:print_separator:81 - ##################################################
2021-06-11 16:08:40.980 | INFO     | slp.plbind.module:log_to_console:478 - Epoch 16 Training results
2021-06-11 16:08:40.980 | INFO     | slp.util.system:print_separator:81 - --------------------------------------------------
2021-06-11 16:08:40.981 | INFO     | slp.plbind.module:log_to_console:484 - train_acc2      0.8806983828544617
2021-06-11 16:08:40.981 | INFO     | slp.plbind.module:log_to_console:484 - train_acc2_zero 0.8357911705970764
2021-06-11 16:08:40.982 | INFO     | slp.plbind.module:log_to_console:484 - train_acc5      0.6366280913352966
2021-06-11 16:08:40.982 | INFO     | slp.plbind.module:log_to_console:484 - train_acc7      0.6116769909858704
2021-06-11 16:08:40.983 | INFO     | slp.plbind.module:log_to_console:484 - train_f1        0.8796477317810059
2021-06-11 16:08:40.983 | INFO     | slp.plbind.module:log_to_console:484 - train_f1_zero   0.8401246666908264
2021-06-11 16:08:40.983 | INFO     | slp.plbind.module:log_to_console:484 - train_mae       0.44163811206817627
2021-06-11 16:08:40.984 | INFO     | slp.plbind.module:log_to_console:484 - train_loss      0.44163811206817627
2021-06-11 16:08:40.984 | INFO     | slp.util.system:print_separator:81 - %%%%%%%%%%%%%%%%%%%%%%%%%%%%%%%%%%%%%%%%%%%%%%%%%%
2021-06-11 16:08:42.978 | INFO     | slp.plbind.module:log_to_console:478 - Epoch 16 Validation results
2021-06-11 16:08:42.980 | INFO     | slp.util.system:print_separator:81 - --------------------------------------------------
2021-06-11 16:08:42.983 | INFO     | slp.plbind.module:log_to_console:484 - val_acc2        0.7902097702026367
2021-06-11 16:08:42.984 | INFO     | slp.plbind.module:log_to_console:484 - val_acc2_zero   0.777189314365387
2021-06-11 16:08:42.986 | INFO     | slp.plbind.module:log_to_console:484 - val_acc5        0.5387712121009827
2021-06-11 16:08:42.988 | INFO     | slp.plbind.module:log_to_console:484 - val_acc7        0.5271186232566833
2021-06-11 16:08:42.989 | INFO     | slp.plbind.module:log_to_console:484 - val_f1          0.7897708415985107
2021-06-11 16:08:42.991 | INFO     | slp.plbind.module:log_to_console:484 - val_f1_zero     0.7849618196487427
2021-06-11 16:08:42.992 | INFO     | slp.plbind.module:log_to_console:484 - val_mae         0.5842905044555664
2021-06-11 16:08:42.994 | INFO     | slp.plbind.module:log_to_console:484 - val_loss        0.5842905044555664
2021-06-11 16:08:42.995 | INFO     | slp.plbind.module:log_to_console:484 - best_score      0.5799639225006104
2021-06-11 16:08:42.996 | INFO     | slp.util.system:print_separator:81 - %%%%%%%%%%%%%%%%%%%%%%%%%%%%%%%%%%%%%%%%%%%%%%%%%%
2021-06-11 16:08:43.000 | INFO     | slp.plbind.helpers:_run_early_stopping_check:25 - Epoch 16 Early Stopping
2021-06-11 16:08:43.001 | INFO     | slp.util.system:print_separator:81 - --------------------------------------------------
2021-06-11 16:08:43.002 | INFO     | slp.plbind.helpers:_run_early_stopping_check:27 - best score      0.5799639225006104
2021-06-11 16:08:43.003 | INFO     | slp.plbind.helpers:_run_early_stopping_check:28 - patience left   5              
2021-06-11 16:08:43.004 | INFO     | slp.util.system:print_separator:81 - ##################################################
2021-06-11 16:09:16.703 | INFO     | slp.plbind.module:log_to_console:478 - Epoch 17 Training results
2021-06-11 16:09:16.704 | INFO     | slp.util.system:print_separator:81 - --------------------------------------------------
2021-06-11 16:09:16.705 | INFO     | slp.plbind.module:log_to_console:484 - train_acc2      0.8804128766059875
2021-06-11 16:09:16.705 | INFO     | slp.plbind.module:log_to_console:484 - train_acc2_zero 0.8355465531349182
2021-06-11 16:09:16.706 | INFO     | slp.plbind.module:log_to_console:484 - train_acc5      0.6449888348579407
2021-06-11 16:09:16.707 | INFO     | slp.plbind.module:log_to_console:484 - train_acc7      0.6191204190254211
2021-06-11 16:09:16.707 | INFO     | slp.plbind.module:log_to_console:484 - train_f1        0.8789295554161072
2021-06-11 16:09:16.708 | INFO     | slp.plbind.module:log_to_console:484 - train_f1_zero   0.8393176794052124
2021-06-11 16:09:16.708 | INFO     | slp.plbind.module:log_to_console:484 - train_mae       0.43217405676841736
2021-06-11 16:09:16.709 | INFO     | slp.plbind.module:log_to_console:484 - train_loss      0.43217405676841736
2021-06-11 16:09:16.709 | INFO     | slp.util.system:print_separator:81 - %%%%%%%%%%%%%%%%%%%%%%%%%%%%%%%%%%%%%%%%%%%%%%%%%%
2021-06-11 16:09:18.583 | INFO     | slp.plbind.module:log_to_console:478 - Epoch 17 Validation results
2021-06-11 16:09:18.584 | INFO     | slp.util.system:print_separator:81 - --------------------------------------------------
2021-06-11 16:09:18.585 | INFO     | slp.plbind.module:log_to_console:484 - val_acc2        0.7903489470481873
2021-06-11 16:09:18.585 | INFO     | slp.plbind.module:log_to_console:484 - val_acc2_zero   0.778319239616394
2021-06-11 16:09:18.586 | INFO     | slp.plbind.module:log_to_console:484 - val_acc5        0.5387712121009827
2021-06-11 16:09:18.586 | INFO     | slp.plbind.module:log_to_console:484 - val_acc7        0.5265889763832092
2021-06-11 16:09:18.587 | INFO     | slp.plbind.module:log_to_console:484 - val_f1          0.7872680425643921
2021-06-11 16:09:18.588 | INFO     | slp.plbind.module:log_to_console:484 - val_f1_zero     0.7826968431472778
2021-06-11 16:09:18.589 | INFO     | slp.plbind.module:log_to_console:484 - val_mae         0.5844960808753967
2021-06-11 16:09:18.590 | INFO     | slp.plbind.module:log_to_console:484 - val_loss        0.5844960808753967
2021-06-11 16:09:18.590 | INFO     | slp.plbind.module:log_to_console:484 - best_score      0.5799639225006104
2021-06-11 16:09:18.591 | INFO     | slp.util.system:print_separator:81 - %%%%%%%%%%%%%%%%%%%%%%%%%%%%%%%%%%%%%%%%%%%%%%%%%%
2021-06-11 16:09:18.593 | INFO     | slp.plbind.helpers:_run_early_stopping_check:25 - Epoch 17 Early Stopping
2021-06-11 16:09:18.594 | INFO     | slp.util.system:print_separator:81 - --------------------------------------------------
2021-06-11 16:09:18.594 | INFO     | slp.plbind.helpers:_run_early_stopping_check:27 - best score      0.5799639225006104
2021-06-11 16:09:18.595 | INFO     | slp.plbind.helpers:_run_early_stopping_check:28 - patience left   4              
2021-06-11 16:09:18.596 | INFO     | slp.util.system:print_separator:81 - ##################################################
2021-06-11 16:09:52.163 | INFO     | slp.plbind.module:log_to_console:478 - Epoch 18 Training results
2021-06-11 16:09:52.163 | INFO     | slp.util.system:print_separator:81 - --------------------------------------------------
2021-06-11 16:09:52.164 | INFO     | slp.plbind.module:log_to_console:484 - train_acc2      0.8826149106025696
2021-06-11 16:09:52.165 | INFO     | slp.plbind.module:log_to_console:484 - train_acc2_zero 0.8364987969398499
2021-06-11 16:09:52.165 | INFO     | slp.plbind.module:log_to_console:484 - train_acc5      0.6500646471977234
2021-06-11 16:09:52.166 | INFO     | slp.plbind.module:log_to_console:484 - train_acc7      0.6268870830535889
2021-06-11 16:09:52.166 | INFO     | slp.plbind.module:log_to_console:484 - train_f1        0.8816238641738892
2021-06-11 16:09:52.167 | INFO     | slp.plbind.module:log_to_console:484 - train_f1_zero   0.8408257961273193
2021-06-11 16:09:52.167 | INFO     | slp.plbind.module:log_to_console:484 - train_mae       0.42409759759902954
2021-06-11 16:09:52.167 | INFO     | slp.plbind.module:log_to_console:484 - train_loss      0.42409759759902954
2021-06-11 16:09:52.168 | INFO     | slp.util.system:print_separator:81 - %%%%%%%%%%%%%%%%%%%%%%%%%%%%%%%%%%%%%%%%%%%%%%%%%%
2021-06-11 16:09:54.073 | INFO     | slp.plbind.module:log_to_console:478 - Epoch 18 Validation results
2021-06-11 16:09:54.074 | INFO     | slp.util.system:print_separator:81 - --------------------------------------------------
2021-06-11 16:09:54.075 | INFO     | slp.plbind.module:log_to_console:484 - val_acc2        0.7887389659881592
2021-06-11 16:09:54.076 | INFO     | slp.plbind.module:log_to_console:484 - val_acc2_zero   0.792620062828064
2021-06-11 16:09:54.076 | INFO     | slp.plbind.module:log_to_console:484 - val_acc5        0.5249293446540833
2021-06-11 16:09:54.077 | INFO     | slp.plbind.module:log_to_console:484 - val_acc7        0.5100988745689392
2021-06-11 16:09:54.078 | INFO     | slp.plbind.module:log_to_console:484 - val_f1          0.7891265153884888
2021-06-11 16:09:54.080 | INFO     | slp.plbind.module:log_to_console:484 - val_f1_zero     0.7983309030532837
2021-06-11 16:09:54.082 | INFO     | slp.plbind.module:log_to_console:484 - val_mae         0.6027894020080566
2021-06-11 16:09:54.084 | INFO     | slp.plbind.module:log_to_console:484 - val_loss        0.6027894020080566
2021-06-11 16:09:54.086 | INFO     | slp.plbind.module:log_to_console:484 - best_score      0.5799639225006104
2021-06-11 16:09:54.088 | INFO     | slp.util.system:print_separator:81 - %%%%%%%%%%%%%%%%%%%%%%%%%%%%%%%%%%%%%%%%%%%%%%%%%%
2021-06-11 16:09:54.093 | INFO     | slp.plbind.helpers:_run_early_stopping_check:25 - Epoch 18 Early Stopping
2021-06-11 16:09:54.095 | INFO     | slp.util.system:print_separator:81 - --------------------------------------------------
2021-06-11 16:09:54.096 | INFO     | slp.plbind.helpers:_run_early_stopping_check:27 - best score      0.5799639225006104
2021-06-11 16:09:54.097 | INFO     | slp.plbind.helpers:_run_early_stopping_check:28 - patience left   3              
2021-06-11 16:09:54.099 | INFO     | slp.util.system:print_separator:81 - ##################################################
2021-06-11 16:10:28.066 | INFO     | slp.plbind.module:log_to_console:478 - Epoch 19 Training results
2021-06-11 16:10:28.067 | INFO     | slp.util.system:print_separator:81 - --------------------------------------------------
2021-06-11 16:10:28.068 | INFO     | slp.plbind.module:log_to_console:484 - train_acc2      0.8838840126991272
2021-06-11 16:10:28.068 | INFO     | slp.plbind.module:log_to_console:484 - train_acc2_zero 0.8389100432395935
2021-06-11 16:10:28.069 | INFO     | slp.plbind.module:log_to_console:484 - train_acc5      0.6557433009147644
2021-06-11 16:10:28.070 | INFO     | slp.plbind.module:log_to_console:484 - train_acc7      0.6316484212875366
2021-06-11 16:10:28.070 | INFO     | slp.plbind.module:log_to_console:484 - train_f1        0.8824215531349182
2021-06-11 16:10:28.071 | INFO     | slp.plbind.module:log_to_console:484 - train_f1_zero   0.8427133560180664
2021-06-11 16:10:28.072 | INFO     | slp.plbind.module:log_to_console:484 - train_mae       0.4179505407810211
2021-06-11 16:10:28.072 | INFO     | slp.plbind.module:log_to_console:484 - train_loss      0.4179505407810211
2021-06-11 16:10:28.073 | INFO     | slp.util.system:print_separator:81 - %%%%%%%%%%%%%%%%%%%%%%%%%%%%%%%%%%%%%%%%%%%%%%%%%%
2021-06-11 16:10:30.151 | INFO     | slp.plbind.module:log_to_console:478 - Epoch 19 Validation results
2021-06-11 16:10:30.152 | INFO     | slp.util.system:print_separator:81 - --------------------------------------------------
2021-06-11 16:10:30.153 | INFO     | slp.plbind.module:log_to_console:484 - val_acc2        0.7645551562309265
2021-06-11 16:10:30.154 | INFO     | slp.plbind.module:log_to_console:484 - val_acc2_zero   0.7322387099266052
2021-06-11 16:10:30.154 | INFO     | slp.plbind.module:log_to_console:484 - val_acc5        0.5223516821861267
2021-06-11 16:10:30.155 | INFO     | slp.plbind.module:log_to_console:484 - val_acc7        0.5059322118759155
2021-06-11 16:10:30.156 | INFO     | slp.plbind.module:log_to_console:484 - val_f1          0.7703630924224854
2021-06-11 16:10:30.157 | INFO     | slp.plbind.module:log_to_console:484 - val_f1_zero     0.7463182210922241
2021-06-11 16:10:30.157 | INFO     | slp.plbind.module:log_to_console:484 - val_mae         0.61316978931427
2021-06-11 16:10:30.158 | INFO     | slp.plbind.module:log_to_console:484 - val_loss        0.61316978931427
2021-06-11 16:10:30.159 | INFO     | slp.plbind.module:log_to_console:484 - best_score      0.5799639225006104
2021-06-11 16:10:30.159 | INFO     | slp.util.system:print_separator:81 - %%%%%%%%%%%%%%%%%%%%%%%%%%%%%%%%%%%%%%%%%%%%%%%%%%
2021-06-11 16:10:30.161 | INFO     | slp.plbind.helpers:_run_early_stopping_check:25 - Epoch 19 Early Stopping
2021-06-11 16:10:30.162 | INFO     | slp.util.system:print_separator:81 - --------------------------------------------------
2021-06-11 16:10:30.163 | INFO     | slp.plbind.helpers:_run_early_stopping_check:27 - best score      0.5799639225006104
2021-06-11 16:10:30.164 | INFO     | slp.plbind.helpers:_run_early_stopping_check:28 - patience left   2              
2021-06-11 16:10:30.164 | INFO     | slp.util.system:print_separator:81 - ##################################################
2021-06-11 16:11:03.922 | INFO     | slp.plbind.module:log_to_console:478 - Epoch 20 Training results
2021-06-11 16:11:03.923 | INFO     | slp.util.system:print_separator:81 - --------------------------------------------------
2021-06-11 16:11:03.924 | INFO     | slp.plbind.module:log_to_console:484 - train_acc2      0.8857128620147705
2021-06-11 16:11:03.924 | INFO     | slp.plbind.module:log_to_console:484 - train_acc2_zero 0.8392857313156128
2021-06-11 16:11:03.925 | INFO     | slp.plbind.module:log_to_console:484 - train_acc5      0.6634924411773682
2021-06-11 16:11:03.925 | INFO     | slp.plbind.module:log_to_console:484 - train_acc7      0.6378337144851685
2021-06-11 16:11:03.926 | INFO     | slp.plbind.module:log_to_console:484 - train_f1        0.884425938129425
2021-06-11 16:11:03.927 | INFO     | slp.plbind.module:log_to_console:484 - train_f1_zero   0.8432356715202332
2021-06-11 16:11:03.927 | INFO     | slp.plbind.module:log_to_console:484 - train_mae       0.4118611812591553
2021-06-11 16:11:03.928 | INFO     | slp.plbind.module:log_to_console:484 - train_loss      0.4118611812591553
2021-06-11 16:11:03.928 | INFO     | slp.util.system:print_separator:81 - %%%%%%%%%%%%%%%%%%%%%%%%%%%%%%%%%%%%%%%%%%%%%%%%%%
2021-06-11 16:11:05.816 | INFO     | slp.plbind.module:log_to_console:478 - Epoch 20 Validation results
2021-06-11 16:11:05.817 | INFO     | slp.util.system:print_separator:81 - --------------------------------------------------
2021-06-11 16:11:05.818 | INFO     | slp.plbind.module:log_to_console:484 - val_acc2        0.7733111381530762
2021-06-11 16:11:05.819 | INFO     | slp.plbind.module:log_to_console:484 - val_acc2_zero   0.7433615922927856
2021-06-11 16:11:05.820 | INFO     | slp.plbind.module:log_to_console:484 - val_acc5        0.534004271030426
2021-06-11 16:11:05.821 | INFO     | slp.plbind.module:log_to_console:484 - val_acc7        0.5197033882141113
2021-06-11 16:11:05.822 | INFO     | slp.plbind.module:log_to_console:484 - val_f1          0.7784680128097534
2021-06-11 16:11:05.823 | INFO     | slp.plbind.module:log_to_console:484 - val_f1_zero     0.7568331360816956
2021-06-11 16:11:05.824 | INFO     | slp.plbind.module:log_to_console:484 - val_mae         0.5914819836616516
2021-06-11 16:11:05.824 | INFO     | slp.plbind.module:log_to_console:484 - val_loss        0.5914819836616516
2021-06-11 16:11:05.825 | INFO     | slp.plbind.module:log_to_console:484 - best_score      0.5799639225006104
2021-06-11 16:11:05.826 | INFO     | slp.util.system:print_separator:81 - %%%%%%%%%%%%%%%%%%%%%%%%%%%%%%%%%%%%%%%%%%%%%%%%%%
2021-06-11 16:11:05.828 | INFO     | slp.plbind.helpers:_run_early_stopping_check:25 - Epoch 20 Early Stopping
2021-06-11 16:11:05.829 | INFO     | slp.util.system:print_separator:81 - --------------------------------------------------
2021-06-11 16:11:05.830 | INFO     | slp.plbind.helpers:_run_early_stopping_check:27 - best score      0.5799639225006104
2021-06-11 16:11:05.831 | INFO     | slp.plbind.helpers:_run_early_stopping_check:28 - patience left   1              
2021-06-11 16:11:05.831 | INFO     | slp.util.system:print_separator:81 - ##################################################
2021-06-11 16:11:39.941 | INFO     | slp.plbind.module:log_to_console:478 - Epoch 21 Training results
2021-06-11 16:11:39.942 | INFO     | slp.util.system:print_separator:81 - --------------------------------------------------
2021-06-11 16:11:39.943 | INFO     | slp.plbind.module:log_to_console:484 - train_acc2      0.890984296798706
2021-06-11 16:11:39.943 | INFO     | slp.plbind.module:log_to_console:484 - train_acc2_zero 0.8385518789291382
2021-06-11 16:11:39.944 | INFO     | slp.plbind.module:log_to_console:484 - train_acc5      0.6738887429237366
2021-06-11 16:11:39.945 | INFO     | slp.plbind.module:log_to_console:484 - train_acc7      0.6478980183601379
2021-06-11 16:11:39.945 | INFO     | slp.plbind.module:log_to_console:484 - train_f1        0.8898577094078064
2021-06-11 16:11:39.946 | INFO     | slp.plbind.module:log_to_console:484 - train_f1_zero   0.843183696269989
2021-06-11 16:11:39.946 | INFO     | slp.plbind.module:log_to_console:484 - train_mae       0.3977303206920624
2021-06-11 16:11:39.947 | INFO     | slp.plbind.module:log_to_console:484 - train_loss      0.3977303206920624
2021-06-11 16:11:39.947 | INFO     | slp.util.system:print_separator:81 - %%%%%%%%%%%%%%%%%%%%%%%%%%%%%%%%%%%%%%%%%%%%%%%%%%
2021-06-11 16:11:41.835 | INFO     | slp.plbind.module:log_to_console:478 - Epoch 21 Validation results
2021-06-11 16:11:41.836 | INFO     | slp.util.system:print_separator:81 - --------------------------------------------------
2021-06-11 16:11:41.837 | INFO     | slp.plbind.module:log_to_console:484 - val_acc2        0.7832300066947937
2021-06-11 16:11:41.838 | INFO     | slp.plbind.module:log_to_console:484 - val_acc2_zero   0.7889124155044556
2021-06-11 16:11:41.839 | INFO     | slp.plbind.module:log_to_console:484 - val_acc5        0.534004271030426
2021-06-11 16:11:41.840 | INFO     | slp.plbind.module:log_to_console:484 - val_acc7        0.5223516821861267
2021-06-11 16:11:41.842 | INFO     | slp.plbind.module:log_to_console:484 - val_f1          0.7838005423545837
2021-06-11 16:11:41.843 | INFO     | slp.plbind.module:log_to_console:484 - val_f1_zero     0.7945747971534729
2021-06-11 16:11:41.844 | INFO     | slp.plbind.module:log_to_console:484 - val_mae         0.5922958850860596
2021-06-11 16:11:41.845 | INFO     | slp.plbind.module:log_to_console:484 - val_loss        0.5922958850860596
2021-06-11 16:11:41.846 | INFO     | slp.plbind.module:log_to_console:484 - best_score      0.5799639225006104
2021-06-11 16:11:41.847 | INFO     | slp.util.system:print_separator:81 - %%%%%%%%%%%%%%%%%%%%%%%%%%%%%%%%%%%%%%%%%%%%%%%%%%
2021-06-11 16:11:41.850 | INFO     | slp.plbind.helpers:_run_early_stopping_check:25 - Epoch 21 Early Stopping
2021-06-11 16:11:41.851 | INFO     | slp.util.system:print_separator:81 - --------------------------------------------------
2021-06-11 16:11:41.852 | INFO     | slp.plbind.helpers:_run_early_stopping_check:27 - best score      0.5799639225006104
2021-06-11 16:11:41.853 | INFO     | slp.plbind.helpers:_run_early_stopping_check:28 - patience left   0              
2021-06-11 16:11:41.854 | INFO     | slp.plbind.helpers:_run_early_stopping_check:33 - Stopping due to early stopping
2021-06-11 16:11:41.855 | INFO     | slp.util.system:print_separator:81 - ##################################################
2021-06-11 16:11:42.025 | INFO     | pytorch_lightning.profiler.profilers:describe:96 - 

Profiler Report

Action                             	|  Mean duration (s)	|Num calls      	|  Total time (s) 	|  Percentage %   	|
------------------------------------------------------------------------------------------------------------------------------------
Total                              	|  -              	|_              	|  753.92         	|  100 %          	|
------------------------------------------------------------------------------------------------------------------------------------
run_training_epoch                 	|  35.726         	|21             	|  750.24         	|  99.512         	|
run_training_batch                 	|  0.063662       	|10731          	|  683.15         	|  90.614         	|
optimizer_step_and_closure_0       	|  0.061196       	|10731          	|  656.69         	|  87.103         	|
training_step_and_backward         	|  0.051206       	|10731          	|  549.5          	|  72.885         	|
model_forward                      	|  0.029632       	|10731          	|  317.98         	|  42.176         	|
training_step                      	|  0.029395       	|10731          	|  315.43         	|  41.839         	|
model_backward                     	|  0.021326       	|10731          	|  228.85         	|  30.354         	|
evaluation_step_and_end            	|  0.027208       	|1241           	|  33.765         	|  4.4785         	|
validation_step                    	|  0.027058       	|1241           	|  33.579         	|  4.4539         	|
get_train_batch                    	|  0.00047888     	|10731          	|  5.1388         	|  0.68162        	|
on_train_batch_end                 	|  0.00014239     	|10731          	|  1.528          	|  0.20267        	|
on_train_batch_start               	|  0.00012732     	|10731          	|  1.3663         	|  0.18123        	|
cache_result                       	|  1.8291e-05     	|57618          	|  1.0539         	|  0.13979        	|
on_validation_end                  	|  0.020247       	|22             	|  0.44544        	|  0.059083       	|
on_after_backward                  	|  3.0154e-05     	|10731          	|  0.32358        	|  0.042919       	|
on_before_zero_grad                	|  2.6828e-05     	|10731          	|  0.28789        	|  0.038186       	|
on_batch_start                     	|  2.5545e-05     	|10731          	|  0.27412        	|  0.036359       	|
on_batch_end                       	|  1.8212e-05     	|10731          	|  0.19543        	|  0.025922       	|
on_validation_batch_end            	|  9.1994e-05     	|1241           	|  0.11416        	|  0.015143       	|
training_step_end                  	|  9.3805e-06     	|10731          	|  0.10066        	|  0.013352       	|
on_train_end                       	|  0.047689       	|1              	|  0.047689       	|  0.0063255      	|
on_validation_batch_start          	|  1.4106e-05     	|1241           	|  0.017505       	|  0.0023219      	|
validation_step_end                	|  1.2716e-05     	|1241           	|  0.01578        	|  0.0020931      	|
on_epoch_start                     	|  0.00065077     	|21             	|  0.013666       	|  0.0018127      	|
on_validation_start                	|  0.00051606     	|22             	|  0.011353       	|  0.0015059      	|
on_train_start                     	|  0.0019625      	|1              	|  0.0019625      	|  0.0002603      	|
on_train_epoch_end                 	|  2.934e-05      	|21             	|  0.00061613     	|  8.1724e-05     	|
on_validation_epoch_end            	|  2.4157e-05     	|22             	|  0.00053146     	|  7.0493e-05     	|
on_epoch_end                       	|  1.2204e-05     	|43             	|  0.00052478     	|  6.9607e-05     	|
on_validation_epoch_start          	|  1.5171e-05     	|22             	|  0.00033377     	|  4.4271e-05     	|
on_train_epoch_start               	|  1.413e-05      	|21             	|  0.00029673     	|  3.9358e-05     	|
on_fit_start                       	|  2.3194e-05     	|1              	|  2.3194e-05     	|  3.0764e-06     	|
on_before_accelerator_backend_setup	|  8.286e-06      	|1              	|  8.286e-06      	|  1.0991e-06     	|

