2021-06-11 20:08:52.357 | INFO     | slp.util.log:configure_logging:84 - Log file will be saved in logs/table1-run2.20210611-200852.log
2021-06-11 20:08:53.232 | INFO     | slp.plbind.dm:setup:159 - Using provided validation set
2021-06-11 20:08:53.232 | INFO     | slp.plbind.dm:setup:162 - Using provided test set
2021-06-11 20:08:53.233 | INFO     | slp.plbind.dm:setup:212 - Using 16327 samples for training
2021-06-11 20:08:53.233 | INFO     | slp.plbind.dm:setup:213 - Using 1871 samples for validation
2021-06-11 20:08:53.233 | INFO     | slp.plbind.dm:setup:216 - Using 4662 samples for testing
2021-06-11 20:08:53.253 | INFO     | slp.plbind.trainer:make_trainer:428 - Logs will be saved in rnn-m3-0.2/table1-run2
2021-06-11 20:08:53.253 | INFO     | slp.plbind.trainer:make_trainer:429 - Logs will be saved in rnn-m3-0.2/table1-run2/20210611-200853/checkpoints
2021-06-11 20:08:53.287 | INFO     | slp.plbind.trainer:make_trainer:461 - Configured wandb and CSV loggers.
2021-06-11 20:08:53.288 | INFO     | slp.plbind.trainer:make_trainer:462 - Wandb configured to run table1-run2/20210611-200853 in project table1-run2
2021-06-11 20:08:53.288 | INFO     | slp.plbind.trainer:make_trainer:467 - Results will be stored online.
2021-06-11 20:08:53.289 | INFO     | slp.plbind.trainer:make_trainer:475 - Experiment verbose description:
MOSEI RNN-baseline with M3

Tags:['mosei', 'rnn-baseline', 'm3', 'regularization']
2021-06-11 20:08:53.291 | INFO     | slp.plbind.trainer:make_trainer:496 - Configured Early stopping and Model checkpointing to track val_loss
2021-06-11 20:08:53.312 | INFO     | pytorch_lightning.utilities.distributed:_info:54 - GPU available: True, used: True
2021-06-11 20:08:53.312 | INFO     | pytorch_lightning.utilities.distributed:_info:54 - TPU available: None, using: 0 TPU cores
2021-06-11 20:08:54.072 | INFO     | slp.plbind.trainer:watch_model:613 - Tracking model weights & gradients in wandb.
2021-06-11 20:08:54.074 | INFO     | pytorch_lightning.accelerators.gpu:set_nvidia_flags:40 - LOCAL_RANK: 0 - CUDA_VISIBLE_DEVICES: [3]
2021-06-11 20:08:56.617 | INFO     | pytorch_lightning.core.lightning:summarize:1457 - 
  | Name          | Type                            | Params
------------------------------------------------------------------
0 | model         | AudioVisualTextMaskedClassifier | 1.6 M 
1 | criterion     | L1Loss                          | 0     
2 | train_metrics | ModuleDict                      | 0     
3 | val_metrics   | ModuleDict                      | 0     
4 | test_metrics  | ModuleDict                      | 0     
------------------------------------------------------------------
1.6 M     Trainable params
0         Non-trainable params
1.6 M     Total params
6.535     Total estimated model params size (MB)
2021-06-11 20:08:56.916 | INFO     | slp.plbind.module:log_to_console:478 - Epoch 1 Validation results
2021-06-11 20:08:56.918 | INFO     | slp.util.system:print_separator:81 - --------------------------------------------------
2021-06-11 20:08:56.919 | INFO     | slp.plbind.module:log_to_console:484 - val_acc2        0.5094696879386902
2021-06-11 20:08:56.920 | INFO     | slp.plbind.module:log_to_console:484 - val_acc2_zero   0.640625       
2021-06-11 20:08:56.920 | INFO     | slp.plbind.module:log_to_console:484 - val_acc5        0.09375        
2021-06-11 20:08:56.920 | INFO     | slp.plbind.module:log_to_console:484 - val_acc7        0.015625       
2021-06-11 20:08:56.921 | INFO     | slp.plbind.module:log_to_console:484 - val_f1          0.37208032608032227
2021-06-11 20:08:56.921 | INFO     | slp.plbind.module:log_to_console:484 - val_f1_zero     0.5138251781463623
2021-06-11 20:08:56.922 | INFO     | slp.plbind.module:log_to_console:484 - val_mae         5.84452486038208
2021-06-11 20:08:56.922 | INFO     | slp.plbind.module:log_to_console:484 - val_loss        5.84452486038208
2021-06-11 20:08:56.923 | INFO     | slp.plbind.module:log_to_console:484 - best_score      inf            
2021-06-11 20:08:56.923 | INFO     | slp.util.system:print_separator:81 - %%%%%%%%%%%%%%%%%%%%%%%%%%%%%%%%%%%%%%%%%%%%%%%%%%
2021-06-11 20:09:30.560 | INFO     | slp.plbind.module:log_to_console:478 - Epoch 1 Training results
2021-06-11 20:09:30.561 | INFO     | slp.util.system:print_separator:81 - --------------------------------------------------
2021-06-11 20:09:30.561 | INFO     | slp.plbind.module:log_to_console:484 - train_acc2      0.694494903087616
2021-06-11 20:09:30.562 | INFO     | slp.plbind.module:log_to_console:484 - train_acc2_zero 0.6771910786628723
2021-06-11 20:09:30.563 | INFO     | slp.plbind.module:log_to_console:484 - train_acc5      0.3896508812904358
2021-06-11 20:09:30.563 | INFO     | slp.plbind.module:log_to_console:484 - train_acc7      0.38463619351387024
2021-06-11 20:09:30.564 | INFO     | slp.plbind.module:log_to_console:484 - train_f1        0.6779762506484985
2021-06-11 20:09:30.564 | INFO     | slp.plbind.module:log_to_console:484 - train_f1_zero   0.6705302000045776
2021-06-11 20:09:30.565 | INFO     | slp.plbind.module:log_to_console:484 - train_mae       0.969973087310791
2021-06-11 20:09:30.565 | INFO     | slp.plbind.module:log_to_console:484 - train_loss      0.969973087310791
2021-06-11 20:09:30.566 | INFO     | slp.util.system:print_separator:81 - %%%%%%%%%%%%%%%%%%%%%%%%%%%%%%%%%%%%%%%%%%%%%%%%%%
2021-06-11 20:09:32.480 | INFO     | slp.plbind.module:log_to_console:478 - Epoch 1 Validation results
2021-06-11 20:09:32.482 | INFO     | slp.util.system:print_separator:81 - --------------------------------------------------
2021-06-11 20:09:32.484 | INFO     | slp.plbind.module:log_to_console:484 - val_acc2        0.7446512579917908
2021-06-11 20:09:32.486 | INFO     | slp.plbind.module:log_to_console:484 - val_acc2_zero   0.7403249144554138
2021-06-11 20:09:32.488 | INFO     | slp.plbind.module:log_to_console:484 - val_acc5        0.466737300157547
2021-06-11 20:09:32.490 | INFO     | slp.plbind.module:log_to_console:484 - val_acc7        0.4662076234817505
2021-06-11 20:09:32.491 | INFO     | slp.plbind.module:log_to_console:484 - val_f1          0.7235314846038818
2021-06-11 20:09:32.492 | INFO     | slp.plbind.module:log_to_console:484 - val_f1_zero     0.728365421295166
2021-06-11 20:09:32.521 | INFO     | slp.plbind.module:log_to_console:484 - val_mae         0.6827816963195801
2021-06-11 20:09:32.523 | INFO     | slp.plbind.module:log_to_console:484 - val_loss        0.6827816963195801
2021-06-11 20:09:32.525 | INFO     | slp.plbind.module:log_to_console:484 - best_score      inf            
2021-06-11 20:09:32.527 | INFO     | slp.util.system:print_separator:81 - %%%%%%%%%%%%%%%%%%%%%%%%%%%%%%%%%%%%%%%%%%%%%%%%%%
2021-06-11 20:09:32.533 | INFO     | slp.plbind.helpers:_run_early_stopping_check:25 - Epoch 1 Early Stopping
2021-06-11 20:09:32.534 | INFO     | slp.util.system:print_separator:81 - --------------------------------------------------
2021-06-11 20:09:32.536 | INFO     | slp.plbind.helpers:_run_early_stopping_check:27 - best score      0.6827816963195801
2021-06-11 20:09:32.537 | INFO     | slp.plbind.helpers:_run_early_stopping_check:28 - patience left   10             
2021-06-11 20:09:32.539 | INFO     | slp.util.system:print_separator:81 - ##################################################
2021-06-11 20:10:06.311 | INFO     | slp.plbind.module:log_to_console:478 - Epoch 2 Training results
2021-06-11 20:10:06.312 | INFO     | slp.util.system:print_separator:81 - --------------------------------------------------
2021-06-11 20:10:06.313 | INFO     | slp.plbind.module:log_to_console:484 - train_acc2      0.7718203663825989
2021-06-11 20:10:06.315 | INFO     | slp.plbind.module:log_to_console:484 - train_acc2_zero 0.7485322952270508
2021-06-11 20:10:06.316 | INFO     | slp.plbind.module:log_to_console:484 - train_acc5      0.4564666450023651
2021-06-11 20:10:06.317 | INFO     | slp.plbind.module:log_to_console:484 - train_acc7      0.4477826952934265
2021-06-11 20:10:06.319 | INFO     | slp.plbind.module:log_to_console:484 - train_f1        0.7655304670333862
2021-06-11 20:10:06.320 | INFO     | slp.plbind.module:log_to_console:484 - train_f1_zero   0.7500152587890625
2021-06-11 20:10:06.321 | INFO     | slp.plbind.module:log_to_console:484 - train_mae       0.6993884444236755
2021-06-11 20:10:06.322 | INFO     | slp.plbind.module:log_to_console:484 - train_loss      0.6993884444236755
2021-06-11 20:10:06.324 | INFO     | slp.util.system:print_separator:81 - %%%%%%%%%%%%%%%%%%%%%%%%%%%%%%%%%%%%%%%%%%%%%%%%%%
2021-06-11 20:10:08.263 | INFO     | slp.plbind.module:log_to_console:478 - Epoch 2 Validation results
2021-06-11 20:10:08.264 | INFO     | slp.util.system:print_separator:81 - --------------------------------------------------
2021-06-11 20:10:08.265 | INFO     | slp.plbind.module:log_to_console:484 - val_acc2        0.7873791456222534
2021-06-11 20:10:08.266 | INFO     | slp.plbind.module:log_to_console:484 - val_acc2_zero   0.7656779289245605
2021-06-11 20:10:08.266 | INFO     | slp.plbind.module:log_to_console:484 - val_acc5        0.4943503141403198
2021-06-11 20:10:08.267 | INFO     | slp.plbind.module:log_to_console:484 - val_acc7        0.4895833432674408
2021-06-11 20:10:08.268 | INFO     | slp.plbind.module:log_to_console:484 - val_f1          0.7826553583145142
2021-06-11 20:10:08.269 | INFO     | slp.plbind.module:log_to_console:484 - val_f1_zero     0.7700649499893188
2021-06-11 20:10:08.269 | INFO     | slp.plbind.module:log_to_console:484 - val_mae         0.6233483552932739
2021-06-11 20:10:08.270 | INFO     | slp.plbind.module:log_to_console:484 - val_loss        0.6233483552932739
2021-06-11 20:10:08.271 | INFO     | slp.plbind.module:log_to_console:484 - best_score      0.6827817559242249
2021-06-11 20:10:08.272 | INFO     | slp.util.system:print_separator:81 - %%%%%%%%%%%%%%%%%%%%%%%%%%%%%%%%%%%%%%%%%%%%%%%%%%
2021-06-11 20:10:08.274 | INFO     | slp.plbind.helpers:_run_early_stopping_check:25 - Epoch 2 Early Stopping
2021-06-11 20:10:08.275 | INFO     | slp.util.system:print_separator:81 - --------------------------------------------------
2021-06-11 20:10:08.276 | INFO     | slp.plbind.helpers:_run_early_stopping_check:27 - best score      0.6233483552932739
2021-06-11 20:10:08.276 | INFO     | slp.plbind.helpers:_run_early_stopping_check:28 - patience left   10             
2021-06-11 20:10:08.277 | INFO     | slp.util.system:print_separator:81 - ##################################################
2021-06-11 20:10:42.540 | INFO     | slp.plbind.module:log_to_console:478 - Epoch 3 Training results
2021-06-11 20:10:42.541 | INFO     | slp.util.system:print_separator:81 - --------------------------------------------------
2021-06-11 20:10:42.541 | INFO     | slp.plbind.module:log_to_console:484 - train_acc2      0.7953553795814514
2021-06-11 20:10:42.542 | INFO     | slp.plbind.module:log_to_console:484 - train_acc2_zero 0.7676998972892761
2021-06-11 20:10:42.543 | INFO     | slp.plbind.module:log_to_console:484 - train_acc5      0.47973161935806274
2021-06-11 20:10:42.544 | INFO     | slp.plbind.module:log_to_console:484 - train_acc7      0.4683568477630615
2021-06-11 20:10:42.544 | INFO     | slp.plbind.module:log_to_console:484 - train_f1        0.7903620004653931
2021-06-11 20:10:42.544 | INFO     | slp.plbind.module:log_to_console:484 - train_f1_zero   0.7697880268096924
2021-06-11 20:10:42.545 | INFO     | slp.plbind.module:log_to_console:484 - train_mae       0.6615968346595764
2021-06-11 20:10:42.545 | INFO     | slp.plbind.module:log_to_console:484 - train_loss      0.6615968346595764
2021-06-11 20:10:42.546 | INFO     | slp.util.system:print_separator:81 - %%%%%%%%%%%%%%%%%%%%%%%%%%%%%%%%%%%%%%%%%%%%%%%%%%
2021-06-11 20:10:44.473 | INFO     | slp.plbind.module:log_to_console:478 - Epoch 3 Validation results
2021-06-11 20:10:44.475 | INFO     | slp.util.system:print_separator:81 - --------------------------------------------------
2021-06-11 20:10:44.477 | INFO     | slp.plbind.module:log_to_console:484 - val_acc2        0.7891678810119629
2021-06-11 20:10:44.478 | INFO     | slp.plbind.module:log_to_console:484 - val_acc2_zero   0.7714335918426514
2021-06-11 20:10:44.480 | INFO     | slp.plbind.module:log_to_console:484 - val_acc5        0.5176553726196289
2021-06-11 20:10:44.481 | INFO     | slp.plbind.module:log_to_console:484 - val_acc7        0.5086511373519897
2021-06-11 20:10:44.483 | INFO     | slp.plbind.module:log_to_console:484 - val_f1          0.794244647026062
2021-06-11 20:10:44.485 | INFO     | slp.plbind.module:log_to_console:484 - val_f1_zero     0.7838066220283508
2021-06-11 20:10:44.486 | INFO     | slp.plbind.module:log_to_console:484 - val_mae         0.6126960515975952
2021-06-11 20:10:44.488 | INFO     | slp.plbind.module:log_to_console:484 - val_loss        0.6126960515975952
2021-06-11 20:10:44.490 | INFO     | slp.plbind.module:log_to_console:484 - best_score      0.6233482956886292
2021-06-11 20:10:44.491 | INFO     | slp.util.system:print_separator:81 - %%%%%%%%%%%%%%%%%%%%%%%%%%%%%%%%%%%%%%%%%%%%%%%%%%
2021-06-11 20:10:44.494 | INFO     | slp.plbind.helpers:_run_early_stopping_check:25 - Epoch 3 Early Stopping
2021-06-11 20:10:44.495 | INFO     | slp.util.system:print_separator:81 - --------------------------------------------------
2021-06-11 20:10:44.497 | INFO     | slp.plbind.helpers:_run_early_stopping_check:27 - best score      0.6126960515975952
2021-06-11 20:10:44.498 | INFO     | slp.plbind.helpers:_run_early_stopping_check:28 - patience left   10             
2021-06-11 20:10:44.499 | INFO     | slp.util.system:print_separator:81 - ##################################################
2021-06-11 20:11:19.253 | INFO     | slp.plbind.module:log_to_console:478 - Epoch 4 Training results
2021-06-11 20:11:19.254 | INFO     | slp.util.system:print_separator:81 - --------------------------------------------------
2021-06-11 20:11:19.254 | INFO     | slp.plbind.module:log_to_console:484 - train_acc2      0.8103733062744141
2021-06-11 20:11:19.255 | INFO     | slp.plbind.module:log_to_console:484 - train_acc2_zero 0.7837486267089844
2021-06-11 20:11:19.255 | INFO     | slp.plbind.module:log_to_console:484 - train_acc5      0.5011094808578491
2021-06-11 20:11:19.256 | INFO     | slp.plbind.module:log_to_console:484 - train_acc7      0.487594336271286
2021-06-11 20:11:19.256 | INFO     | slp.plbind.module:log_to_console:484 - train_f1        0.806283712387085
2021-06-11 20:11:19.257 | INFO     | slp.plbind.module:log_to_console:484 - train_f1_zero   0.7859420776367188
2021-06-11 20:11:19.257 | INFO     | slp.plbind.module:log_to_console:484 - train_mae       0.6359764933586121
2021-06-11 20:11:19.257 | INFO     | slp.plbind.module:log_to_console:484 - train_loss      0.6359764933586121
2021-06-11 20:11:19.258 | INFO     | slp.util.system:print_separator:81 - %%%%%%%%%%%%%%%%%%%%%%%%%%%%%%%%%%%%%%%%%%%%%%%%%%
2021-06-11 20:11:21.031 | INFO     | slp.plbind.module:log_to_console:478 - Epoch 4 Validation results
2021-06-11 20:11:21.033 | INFO     | slp.util.system:print_separator:81 - --------------------------------------------------
2021-06-11 20:11:21.036 | INFO     | slp.plbind.module:log_to_console:484 - val_acc2        0.7979373335838318
2021-06-11 20:11:21.038 | INFO     | slp.plbind.module:log_to_console:484 - val_acc2_zero   0.8001765608787537
2021-06-11 20:11:21.040 | INFO     | slp.plbind.module:log_to_console:484 - val_acc5        0.5128178000450134
2021-06-11 20:11:21.043 | INFO     | slp.plbind.module:log_to_console:484 - val_acc7        0.5032839179039001
2021-06-11 20:11:21.045 | INFO     | slp.plbind.module:log_to_console:484 - val_f1          0.7826889753341675
2021-06-11 20:11:21.047 | INFO     | slp.plbind.module:log_to_console:484 - val_f1_zero     0.7927373051643372
2021-06-11 20:11:21.049 | INFO     | slp.plbind.module:log_to_console:484 - val_mae         0.5955774784088135
2021-06-11 20:11:21.051 | INFO     | slp.plbind.module:log_to_console:484 - val_loss        0.5955774784088135
2021-06-11 20:11:21.053 | INFO     | slp.plbind.module:log_to_console:484 - best_score      0.6126960515975952
2021-06-11 20:11:21.055 | INFO     | slp.util.system:print_separator:81 - %%%%%%%%%%%%%%%%%%%%%%%%%%%%%%%%%%%%%%%%%%%%%%%%%%
2021-06-11 20:11:21.060 | INFO     | slp.plbind.helpers:_run_early_stopping_check:25 - Epoch 4 Early Stopping
2021-06-11 20:11:21.062 | INFO     | slp.util.system:print_separator:81 - --------------------------------------------------
2021-06-11 20:11:21.065 | INFO     | slp.plbind.helpers:_run_early_stopping_check:27 - best score      0.5955774784088135
2021-06-11 20:11:21.066 | INFO     | slp.plbind.helpers:_run_early_stopping_check:28 - patience left   10             
2021-06-11 20:11:21.068 | INFO     | slp.util.system:print_separator:81 - ##################################################
2021-06-11 20:11:54.916 | INFO     | slp.plbind.module:log_to_console:478 - Epoch 5 Training results
2021-06-11 20:11:54.917 | INFO     | slp.util.system:print_separator:81 - --------------------------------------------------
2021-06-11 20:11:54.918 | INFO     | slp.plbind.module:log_to_console:484 - train_acc2      0.8151270151138306
2021-06-11 20:11:54.918 | INFO     | slp.plbind.module:log_to_console:484 - train_acc2_zero 0.7859851121902466
2021-06-11 20:11:54.919 | INFO     | slp.plbind.module:log_to_console:484 - train_acc5      0.5161797404289246
2021-06-11 20:11:54.920 | INFO     | slp.plbind.module:log_to_console:484 - train_acc7      0.5005241632461548
2021-06-11 20:11:54.920 | INFO     | slp.plbind.module:log_to_console:484 - train_f1        0.8119684457778931
2021-06-11 20:11:54.921 | INFO     | slp.plbind.module:log_to_console:484 - train_f1_zero   0.7892223000526428
2021-06-11 20:11:54.921 | INFO     | slp.plbind.module:log_to_console:484 - train_mae       0.6121214628219604
2021-06-11 20:11:54.922 | INFO     | slp.plbind.module:log_to_console:484 - train_loss      0.6121214628219604
2021-06-11 20:11:54.922 | INFO     | slp.util.system:print_separator:81 - %%%%%%%%%%%%%%%%%%%%%%%%%%%%%%%%%%%%%%%%%%%%%%%%%%
2021-06-11 20:11:57.055 | INFO     | slp.plbind.module:log_to_console:478 - Epoch 5 Validation results
2021-06-11 20:11:57.056 | INFO     | slp.util.system:print_separator:81 - --------------------------------------------------
2021-06-11 20:11:57.057 | INFO     | slp.plbind.module:log_to_console:484 - val_acc2        0.7857891917228699
2021-06-11 20:11:57.058 | INFO     | slp.plbind.module:log_to_console:484 - val_acc2_zero   0.7397245764732361
2021-06-11 20:11:57.060 | INFO     | slp.plbind.module:log_to_console:484 - val_acc5        0.5514124035835266
2021-06-11 20:11:57.062 | INFO     | slp.plbind.module:log_to_console:484 - val_acc7        0.5360522270202637
2021-06-11 20:11:57.064 | INFO     | slp.plbind.module:log_to_console:484 - val_f1          0.7865618467330933
2021-06-11 20:11:57.066 | INFO     | slp.plbind.module:log_to_console:484 - val_f1_zero     0.748510479927063
2021-06-11 20:11:57.068 | INFO     | slp.plbind.module:log_to_console:484 - val_mae         0.5895041823387146
2021-06-11 20:11:57.070 | INFO     | slp.plbind.module:log_to_console:484 - val_loss        0.5895041823387146
2021-06-11 20:11:57.072 | INFO     | slp.plbind.module:log_to_console:484 - best_score      0.5955774784088135
2021-06-11 20:11:57.074 | INFO     | slp.util.system:print_separator:81 - %%%%%%%%%%%%%%%%%%%%%%%%%%%%%%%%%%%%%%%%%%%%%%%%%%
2021-06-11 20:11:57.078 | INFO     | slp.plbind.helpers:_run_early_stopping_check:25 - Epoch 5 Early Stopping
2021-06-11 20:11:57.111 | INFO     | slp.util.system:print_separator:81 - --------------------------------------------------
2021-06-11 20:11:57.155 | INFO     | slp.plbind.helpers:_run_early_stopping_check:27 - best score      0.5895041823387146
2021-06-11 20:11:57.157 | INFO     | slp.plbind.helpers:_run_early_stopping_check:28 - patience left   10             
2021-06-11 20:11:57.159 | INFO     | slp.util.system:print_separator:81 - ##################################################
2021-06-11 20:12:31.103 | INFO     | slp.plbind.module:log_to_console:478 - Epoch 6 Training results
2021-06-11 20:12:31.103 | INFO     | slp.util.system:print_separator:81 - --------------------------------------------------
2021-06-11 20:12:31.104 | INFO     | slp.plbind.module:log_to_console:484 - train_acc2      0.8308829069137573
2021-06-11 20:12:31.105 | INFO     | slp.plbind.module:log_to_console:484 - train_acc2_zero 0.802828848361969
2021-06-11 20:12:31.105 | INFO     | slp.plbind.module:log_to_console:484 - train_acc5      0.5291532874107361
2021-06-11 20:12:31.106 | INFO     | slp.plbind.module:log_to_console:484 - train_acc7      0.5119688510894775
2021-06-11 20:12:31.106 | INFO     | slp.plbind.module:log_to_console:484 - train_f1        0.826781153678894
2021-06-11 20:12:31.107 | INFO     | slp.plbind.module:log_to_console:484 - train_f1_zero   0.8048322200775146
2021-06-11 20:12:31.107 | INFO     | slp.plbind.module:log_to_console:484 - train_mae       0.5918043851852417
2021-06-11 20:12:31.108 | INFO     | slp.plbind.module:log_to_console:484 - train_loss      0.5918043851852417
2021-06-11 20:12:31.108 | INFO     | slp.util.system:print_separator:81 - %%%%%%%%%%%%%%%%%%%%%%%%%%%%%%%%%%%%%%%%%%%%%%%%%%
2021-06-11 20:12:32.835 | INFO     | slp.plbind.module:log_to_console:478 - Epoch 6 Validation results
2021-06-11 20:12:32.837 | INFO     | slp.util.system:print_separator:81 - --------------------------------------------------
2021-06-11 20:12:32.839 | INFO     | slp.plbind.module:log_to_console:484 - val_acc2        0.8065141439437866
2021-06-11 20:12:32.840 | INFO     | slp.plbind.module:log_to_console:484 - val_acc2_zero   0.7936793565750122
2021-06-11 20:12:32.841 | INFO     | slp.plbind.module:log_to_console:484 - val_acc5        0.5488347411155701
2021-06-11 20:12:32.842 | INFO     | slp.plbind.module:log_to_console:484 - val_acc7        0.532944917678833
2021-06-11 20:12:32.843 | INFO     | slp.plbind.module:log_to_console:484 - val_f1          0.8026790022850037
2021-06-11 20:12:32.843 | INFO     | slp.plbind.module:log_to_console:484 - val_f1_zero     0.7970931529998779
2021-06-11 20:12:32.844 | INFO     | slp.plbind.module:log_to_console:484 - val_mae         0.5739403367042542
2021-06-11 20:12:32.844 | INFO     | slp.plbind.module:log_to_console:484 - val_loss        0.5739403367042542
2021-06-11 20:12:32.845 | INFO     | slp.plbind.module:log_to_console:484 - best_score      0.5895041823387146
2021-06-11 20:12:32.846 | INFO     | slp.util.system:print_separator:81 - %%%%%%%%%%%%%%%%%%%%%%%%%%%%%%%%%%%%%%%%%%%%%%%%%%
2021-06-11 20:12:32.848 | INFO     | slp.plbind.helpers:_run_early_stopping_check:25 - Epoch 6 Early Stopping
2021-06-11 20:12:32.848 | INFO     | slp.util.system:print_separator:81 - --------------------------------------------------
2021-06-11 20:12:32.849 | INFO     | slp.plbind.helpers:_run_early_stopping_check:27 - best score      0.5739403367042542
2021-06-11 20:12:32.850 | INFO     | slp.plbind.helpers:_run_early_stopping_check:28 - patience left   10             
2021-06-11 20:12:32.850 | INFO     | slp.util.system:print_separator:81 - ##################################################
2021-06-11 20:13:06.358 | INFO     | slp.plbind.module:log_to_console:478 - Epoch 7 Training results
2021-06-11 20:13:06.359 | INFO     | slp.util.system:print_separator:81 - --------------------------------------------------
2021-06-11 20:13:06.359 | INFO     | slp.plbind.module:log_to_console:484 - train_acc2      0.8308706283569336
2021-06-11 20:13:06.360 | INFO     | slp.plbind.module:log_to_console:484 - train_acc2_zero 0.8014834523200989
2021-06-11 20:13:06.360 | INFO     | slp.plbind.module:log_to_console:484 - train_acc5      0.5345436334609985
2021-06-11 20:13:06.361 | INFO     | slp.plbind.module:log_to_console:484 - train_acc7      0.5174203515052795
2021-06-11 20:13:06.362 | INFO     | slp.plbind.module:log_to_console:484 - train_f1        0.8279332518577576
2021-06-11 20:13:06.362 | INFO     | slp.plbind.module:log_to_console:484 - train_f1_zero   0.8048710823059082
2021-06-11 20:13:06.363 | INFO     | slp.plbind.module:log_to_console:484 - train_mae       0.5829876065254211
2021-06-11 20:13:06.363 | INFO     | slp.plbind.module:log_to_console:484 - train_loss      0.5829876065254211
2021-06-11 20:13:06.364 | INFO     | slp.util.system:print_separator:81 - %%%%%%%%%%%%%%%%%%%%%%%%%%%%%%%%%%%%%%%%%%%%%%%%%%
2021-06-11 20:13:08.300 | INFO     | slp.plbind.module:log_to_console:478 - Epoch 7 Validation results
2021-06-11 20:13:08.303 | INFO     | slp.util.system:print_separator:81 - --------------------------------------------------
2021-06-11 20:13:08.305 | INFO     | slp.plbind.module:log_to_console:484 - val_acc2        0.800954282283783
2021-06-11 20:13:08.307 | INFO     | slp.plbind.module:log_to_console:484 - val_acc2_zero   0.8007062673568726
2021-06-11 20:13:08.309 | INFO     | slp.plbind.module:log_to_console:484 - val_acc5        0.5394421219825745
2021-06-11 20:13:08.311 | INFO     | slp.plbind.module:log_to_console:484 - val_acc7        0.5299081802368164
2021-06-11 20:13:08.313 | INFO     | slp.plbind.module:log_to_console:484 - val_f1          0.7915968894958496
2021-06-11 20:13:08.315 | INFO     | slp.plbind.module:log_to_console:484 - val_f1_zero     0.7984196543693542
2021-06-11 20:13:08.318 | INFO     | slp.plbind.module:log_to_console:484 - val_mae         0.5792919993400574
2021-06-11 20:13:08.320 | INFO     | slp.plbind.module:log_to_console:484 - val_loss        0.5792919993400574
2021-06-11 20:13:08.321 | INFO     | slp.plbind.module:log_to_console:484 - best_score      0.5739403367042542
2021-06-11 20:13:08.323 | INFO     | slp.util.system:print_separator:81 - %%%%%%%%%%%%%%%%%%%%%%%%%%%%%%%%%%%%%%%%%%%%%%%%%%
2021-06-11 20:13:08.327 | INFO     | slp.plbind.helpers:_run_early_stopping_check:25 - Epoch 7 Early Stopping
2021-06-11 20:13:08.329 | INFO     | slp.util.system:print_separator:81 - --------------------------------------------------
2021-06-11 20:13:08.331 | INFO     | slp.plbind.helpers:_run_early_stopping_check:27 - best score      0.5739403367042542
2021-06-11 20:13:08.332 | INFO     | slp.plbind.helpers:_run_early_stopping_check:28 - patience left   9              
2021-06-11 20:13:08.334 | INFO     | slp.util.system:print_separator:81 - ##################################################
2021-06-11 20:13:42.110 | INFO     | slp.plbind.module:log_to_console:478 - Epoch 8 Training results
2021-06-11 20:13:42.110 | INFO     | slp.util.system:print_separator:81 - --------------------------------------------------
2021-06-11 20:13:42.111 | INFO     | slp.plbind.module:log_to_console:484 - train_acc2      0.8379891514778137
2021-06-11 20:13:42.112 | INFO     | slp.plbind.module:log_to_console:484 - train_acc2_zero 0.8062010407447815
2021-06-11 20:13:42.112 | INFO     | slp.plbind.module:log_to_console:484 - train_acc5      0.5439614057540894
2021-06-11 20:13:42.113 | INFO     | slp.plbind.module:log_to_console:484 - train_acc7      0.5253704190254211
2021-06-11 20:13:42.113 | INFO     | slp.plbind.module:log_to_console:484 - train_f1        0.8344420790672302
2021-06-11 20:13:42.114 | INFO     | slp.plbind.module:log_to_console:484 - train_f1_zero   0.8084661960601807
2021-06-11 20:13:42.114 | INFO     | slp.plbind.module:log_to_console:484 - train_mae       0.5705859065055847
2021-06-11 20:13:42.115 | INFO     | slp.plbind.module:log_to_console:484 - train_loss      0.5705859065055847
2021-06-11 20:13:42.115 | INFO     | slp.util.system:print_separator:81 - %%%%%%%%%%%%%%%%%%%%%%%%%%%%%%%%%%%%%%%%%%%%%%%%%%
2021-06-11 20:13:44.166 | INFO     | slp.plbind.module:log_to_console:478 - Epoch 8 Validation results
2021-06-11 20:13:44.167 | INFO     | slp.util.system:print_separator:81 - --------------------------------------------------
2021-06-11 20:13:44.168 | INFO     | slp.plbind.module:log_to_console:484 - val_acc2        0.8012661337852478
2021-06-11 20:13:44.169 | INFO     | slp.plbind.module:log_to_console:484 - val_acc2_zero   0.7592514157295227
2021-06-11 20:13:44.169 | INFO     | slp.plbind.module:log_to_console:484 - val_acc5        0.5451270937919617
2021-06-11 20:13:44.170 | INFO     | slp.plbind.module:log_to_console:484 - val_acc7        0.5308262705802917
2021-06-11 20:13:44.171 | INFO     | slp.plbind.module:log_to_console:484 - val_f1          0.8007774949073792
2021-06-11 20:13:44.172 | INFO     | slp.plbind.module:log_to_console:484 - val_f1_zero     0.7684767246246338
2021-06-11 20:13:44.172 | INFO     | slp.plbind.module:log_to_console:484 - val_mae         0.5731536149978638
2021-06-11 20:13:44.173 | INFO     | slp.plbind.module:log_to_console:484 - val_loss        0.5731536149978638
2021-06-11 20:13:44.174 | INFO     | slp.plbind.module:log_to_console:484 - best_score      0.5739403367042542
2021-06-11 20:13:44.174 | INFO     | slp.util.system:print_separator:81 - %%%%%%%%%%%%%%%%%%%%%%%%%%%%%%%%%%%%%%%%%%%%%%%%%%
2021-06-11 20:13:44.176 | INFO     | slp.plbind.helpers:_run_early_stopping_check:25 - Epoch 8 Early Stopping
2021-06-11 20:13:44.209 | INFO     | slp.util.system:print_separator:81 - --------------------------------------------------
2021-06-11 20:13:44.212 | INFO     | slp.plbind.helpers:_run_early_stopping_check:27 - best score      0.5731536149978638
2021-06-11 20:13:44.213 | INFO     | slp.plbind.helpers:_run_early_stopping_check:28 - patience left   10             
2021-06-11 20:13:44.215 | INFO     | slp.util.system:print_separator:81 - ##################################################
2021-06-11 20:14:18.436 | INFO     | slp.plbind.module:log_to_console:478 - Epoch 9 Training results
2021-06-11 20:14:18.436 | INFO     | slp.util.system:print_separator:81 - --------------------------------------------------
2021-06-11 20:14:18.437 | INFO     | slp.plbind.module:log_to_console:484 - train_acc2      0.8420755863189697
2021-06-11 20:14:18.437 | INFO     | slp.plbind.module:log_to_console:484 - train_acc2_zero 0.8091976642608643
2021-06-11 20:14:18.438 | INFO     | slp.plbind.module:log_to_console:484 - train_acc5      0.5522086024284363
2021-06-11 20:14:18.439 | INFO     | slp.plbind.module:log_to_console:484 - train_acc7      0.5323944687843323
2021-06-11 20:14:18.439 | INFO     | slp.plbind.module:log_to_console:484 - train_f1        0.8398066163063049
2021-06-11 20:14:18.440 | INFO     | slp.plbind.module:log_to_console:484 - train_f1_zero   0.8128738403320312
2021-06-11 20:14:18.440 | INFO     | slp.plbind.module:log_to_console:484 - train_mae       0.5507258176803589
2021-06-11 20:14:18.441 | INFO     | slp.plbind.module:log_to_console:484 - train_loss      0.5507258176803589
2021-06-11 20:14:18.441 | INFO     | slp.util.system:print_separator:81 - %%%%%%%%%%%%%%%%%%%%%%%%%%%%%%%%%%%%%%%%%%%%%%%%%%
2021-06-11 20:14:20.382 | INFO     | slp.plbind.module:log_to_console:478 - Epoch 9 Validation results
2021-06-11 20:14:20.383 | INFO     | slp.util.system:print_separator:81 - --------------------------------------------------
2021-06-11 20:14:20.385 | INFO     | slp.plbind.module:log_to_console:484 - val_acc2        0.7903783917427063
2021-06-11 20:14:20.387 | INFO     | slp.plbind.module:log_to_console:484 - val_acc2_zero   0.7867231965065002
2021-06-11 20:14:20.388 | INFO     | slp.plbind.module:log_to_console:484 - val_acc5        0.5217514038085938
2021-06-11 20:14:20.390 | INFO     | slp.plbind.module:log_to_console:484 - val_acc7        0.5085098743438721
2021-06-11 20:14:20.392 | INFO     | slp.plbind.module:log_to_console:484 - val_f1          0.7863350510597229
2021-06-11 20:14:20.394 | INFO     | slp.plbind.module:log_to_console:484 - val_f1_zero     0.7902962565422058
2021-06-11 20:14:20.396 | INFO     | slp.plbind.module:log_to_console:484 - val_mae         0.5847736597061157
2021-06-11 20:14:20.397 | INFO     | slp.plbind.module:log_to_console:484 - val_loss        0.5847736597061157
2021-06-11 20:14:20.399 | INFO     | slp.plbind.module:log_to_console:484 - best_score      0.5731536149978638
2021-06-11 20:14:20.401 | INFO     | slp.util.system:print_separator:81 - %%%%%%%%%%%%%%%%%%%%%%%%%%%%%%%%%%%%%%%%%%%%%%%%%%
2021-06-11 20:14:20.405 | INFO     | slp.plbind.helpers:_run_early_stopping_check:25 - Epoch 9 Early Stopping
2021-06-11 20:14:20.406 | INFO     | slp.util.system:print_separator:81 - --------------------------------------------------
2021-06-11 20:14:20.407 | INFO     | slp.plbind.helpers:_run_early_stopping_check:27 - best score      0.5731536149978638
2021-06-11 20:14:20.408 | INFO     | slp.plbind.helpers:_run_early_stopping_check:28 - patience left   9              
2021-06-11 20:14:20.409 | INFO     | slp.util.system:print_separator:81 - ##################################################
2021-06-11 20:14:54.003 | INFO     | slp.plbind.module:log_to_console:478 - Epoch 10 Training results
2021-06-11 20:14:54.004 | INFO     | slp.util.system:print_separator:81 - --------------------------------------------------
2021-06-11 20:14:54.005 | INFO     | slp.plbind.module:log_to_console:484 - train_acc2      0.8498178124427795
2021-06-11 20:14:54.006 | INFO     | slp.plbind.module:log_to_console:484 - train_acc2_zero 0.8165973424911499
2021-06-11 20:14:54.007 | INFO     | slp.plbind.module:log_to_console:484 - train_acc5      0.5607789754867554
2021-06-11 20:14:54.008 | INFO     | slp.plbind.module:log_to_console:484 - train_acc7      0.5396806001663208
2021-06-11 20:14:54.009 | INFO     | slp.plbind.module:log_to_console:484 - train_f1        0.8472306132316589
2021-06-11 20:14:54.010 | INFO     | slp.plbind.module:log_to_console:484 - train_f1_zero   0.8198498487472534
2021-06-11 20:14:54.011 | INFO     | slp.plbind.module:log_to_console:484 - train_mae       0.5403410792350769
2021-06-11 20:14:54.012 | INFO     | slp.plbind.module:log_to_console:484 - train_loss      0.5403410792350769
2021-06-11 20:14:54.013 | INFO     | slp.util.system:print_separator:81 - %%%%%%%%%%%%%%%%%%%%%%%%%%%%%%%%%%%%%%%%%%%%%%%%%%
2021-06-11 20:14:56.043 | INFO     | slp.plbind.module:log_to_console:478 - Epoch 10 Validation results
2021-06-11 20:14:56.044 | INFO     | slp.util.system:print_separator:81 - --------------------------------------------------
2021-06-11 20:14:56.046 | INFO     | slp.plbind.module:log_to_console:484 - val_acc2        0.7930773496627808
2021-06-11 20:14:56.047 | INFO     | slp.plbind.module:log_to_console:484 - val_acc2_zero   0.7924081683158875
2021-06-11 20:14:56.048 | INFO     | slp.plbind.module:log_to_console:484 - val_acc5        0.502754271030426
2021-06-11 20:14:56.049 | INFO     | slp.plbind.module:log_to_console:484 - val_acc7        0.5006356239318848
2021-06-11 20:14:56.050 | INFO     | slp.plbind.module:log_to_console:484 - val_f1          0.792209804058075
2021-06-11 20:14:56.051 | INFO     | slp.plbind.module:log_to_console:484 - val_f1_zero     0.798783540725708
2021-06-11 20:14:56.052 | INFO     | slp.plbind.module:log_to_console:484 - val_mae         0.6103713512420654
2021-06-11 20:14:56.053 | INFO     | slp.plbind.module:log_to_console:484 - val_loss        0.6103713512420654
2021-06-11 20:14:56.054 | INFO     | slp.plbind.module:log_to_console:484 - best_score      0.5731536149978638
2021-06-11 20:14:56.055 | INFO     | slp.util.system:print_separator:81 - %%%%%%%%%%%%%%%%%%%%%%%%%%%%%%%%%%%%%%%%%%%%%%%%%%
2021-06-11 20:14:56.058 | INFO     | slp.plbind.helpers:_run_early_stopping_check:25 - Epoch 10 Early Stopping
2021-06-11 20:14:56.059 | INFO     | slp.util.system:print_separator:81 - --------------------------------------------------
2021-06-11 20:14:56.060 | INFO     | slp.plbind.helpers:_run_early_stopping_check:27 - best score      0.5731536149978638
2021-06-11 20:14:56.061 | INFO     | slp.plbind.helpers:_run_early_stopping_check:28 - patience left   8              
2021-06-11 20:14:56.062 | INFO     | slp.util.system:print_separator:81 - ##################################################
2021-06-11 20:15:29.677 | INFO     | slp.plbind.module:log_to_console:478 - Epoch 11 Training results
2021-06-11 20:15:29.678 | INFO     | slp.util.system:print_separator:81 - --------------------------------------------------
2021-06-11 20:15:29.678 | INFO     | slp.plbind.module:log_to_console:484 - train_acc2      0.8474787473678589
2021-06-11 20:15:29.679 | INFO     | slp.plbind.module:log_to_console:484 - train_acc2_zero 0.8195589780807495
2021-06-11 20:15:29.680 | INFO     | slp.plbind.module:log_to_console:484 - train_acc5      0.5641424655914307
2021-06-11 20:15:29.680 | INFO     | slp.plbind.module:log_to_console:484 - train_acc7      0.5437167882919312
2021-06-11 20:15:29.681 | INFO     | slp.plbind.module:log_to_console:484 - train_f1        0.8441756963729858
2021-06-11 20:15:29.681 | INFO     | slp.plbind.module:log_to_console:484 - train_f1_zero   0.8220707774162292
2021-06-11 20:15:29.682 | INFO     | slp.plbind.module:log_to_console:484 - train_mae       0.5331795811653137
2021-06-11 20:15:29.682 | INFO     | slp.plbind.module:log_to_console:484 - train_loss      0.5331795811653137
2021-06-11 20:15:29.683 | INFO     | slp.util.system:print_separator:81 - %%%%%%%%%%%%%%%%%%%%%%%%%%%%%%%%%%%%%%%%%%%%%%%%%%
2021-06-11 20:15:31.578 | INFO     | slp.plbind.module:log_to_console:478 - Epoch 11 Validation results
2021-06-11 20:15:31.579 | INFO     | slp.util.system:print_separator:81 - --------------------------------------------------
2021-06-11 20:15:31.580 | INFO     | slp.plbind.module:log_to_console:484 - val_acc2        0.7926804423332214
2021-06-11 20:15:31.581 | INFO     | slp.plbind.module:log_to_console:484 - val_acc2_zero   0.7840042114257812
2021-06-11 20:15:31.582 | INFO     | slp.plbind.module:log_to_console:484 - val_acc5        0.5530720353126526
2021-06-11 20:15:31.582 | INFO     | slp.plbind.module:log_to_console:484 - val_acc7        0.5398305058479309
2021-06-11 20:15:31.583 | INFO     | slp.plbind.module:log_to_console:484 - val_f1          0.7902448773384094
2021-06-11 20:15:31.584 | INFO     | slp.plbind.module:log_to_console:484 - val_f1_zero     0.7895979881286621
2021-06-11 20:15:31.584 | INFO     | slp.plbind.module:log_to_console:484 - val_mae         0.5689122080802917
2021-06-11 20:15:31.585 | INFO     | slp.plbind.module:log_to_console:484 - val_loss        0.5689122080802917
2021-06-11 20:15:31.586 | INFO     | slp.plbind.module:log_to_console:484 - best_score      0.5731536149978638
2021-06-11 20:15:31.586 | INFO     | slp.util.system:print_separator:81 - %%%%%%%%%%%%%%%%%%%%%%%%%%%%%%%%%%%%%%%%%%%%%%%%%%
2021-06-11 20:15:31.589 | INFO     | slp.plbind.helpers:_run_early_stopping_check:25 - Epoch 11 Early Stopping
2021-06-11 20:15:31.589 | INFO     | slp.util.system:print_separator:81 - --------------------------------------------------
2021-06-11 20:15:31.590 | INFO     | slp.plbind.helpers:_run_early_stopping_check:27 - best score      0.5689122080802917
2021-06-11 20:15:31.591 | INFO     | slp.plbind.helpers:_run_early_stopping_check:28 - patience left   10             
2021-06-11 20:15:31.591 | INFO     | slp.util.system:print_separator:81 - ##################################################
2021-06-11 20:16:05.665 | INFO     | slp.plbind.module:log_to_console:478 - Epoch 12 Training results
2021-06-11 20:16:05.666 | INFO     | slp.util.system:print_separator:81 - --------------------------------------------------
2021-06-11 20:16:05.667 | INFO     | slp.plbind.module:log_to_console:484 - train_acc2      0.8555570244789124
2021-06-11 20:16:05.667 | INFO     | slp.plbind.module:log_to_console:484 - train_acc2_zero 0.819952130317688
2021-06-11 20:16:05.668 | INFO     | slp.plbind.module:log_to_console:484 - train_acc5      0.5816588401794434
2021-06-11 20:16:05.668 | INFO     | slp.plbind.module:log_to_console:484 - train_acc7      0.5582365989685059
2021-06-11 20:16:05.669 | INFO     | slp.plbind.module:log_to_console:484 - train_f1        0.8534595966339111
2021-06-11 20:16:05.670 | INFO     | slp.plbind.module:log_to_console:484 - train_f1_zero   0.8233346343040466
2021-06-11 20:16:05.670 | INFO     | slp.plbind.module:log_to_console:484 - train_mae       0.5130975842475891
2021-06-11 20:16:05.671 | INFO     | slp.plbind.module:log_to_console:484 - train_loss      0.5130975842475891
2021-06-11 20:16:05.671 | INFO     | slp.util.system:print_separator:81 - %%%%%%%%%%%%%%%%%%%%%%%%%%%%%%%%%%%%%%%%%%%%%%%%%%
2021-06-11 20:16:07.570 | INFO     | slp.plbind.module:log_to_console:478 - Epoch 12 Validation results
2021-06-11 20:16:07.571 | INFO     | slp.util.system:print_separator:81 - --------------------------------------------------
2021-06-11 20:16:07.572 | INFO     | slp.plbind.module:log_to_console:484 - val_acc2        0.7879456877708435
2021-06-11 20:16:07.573 | INFO     | slp.plbind.module:log_to_console:484 - val_acc2_zero   0.8090395331382751
2021-06-11 20:16:07.574 | INFO     | slp.plbind.module:log_to_console:484 - val_acc5        0.5193150043487549
2021-06-11 20:16:07.575 | INFO     | slp.plbind.module:log_to_console:484 - val_acc7        0.5055437684059143
2021-06-11 20:16:07.575 | INFO     | slp.plbind.module:log_to_console:484 - val_f1          0.7736378312110901
2021-06-11 20:16:07.576 | INFO     | slp.plbind.module:log_to_console:484 - val_f1_zero     0.8006017804145813
2021-06-11 20:16:07.577 | INFO     | slp.plbind.module:log_to_console:484 - val_mae         0.5974230766296387
2021-06-11 20:16:07.578 | INFO     | slp.plbind.module:log_to_console:484 - val_loss        0.5974230766296387
2021-06-11 20:16:07.578 | INFO     | slp.plbind.module:log_to_console:484 - best_score      0.5689122676849365
2021-06-11 20:16:07.579 | INFO     | slp.util.system:print_separator:81 - %%%%%%%%%%%%%%%%%%%%%%%%%%%%%%%%%%%%%%%%%%%%%%%%%%
2021-06-11 20:16:07.581 | INFO     | slp.plbind.helpers:_run_early_stopping_check:25 - Epoch 12 Early Stopping
2021-06-11 20:16:07.582 | INFO     | slp.util.system:print_separator:81 - --------------------------------------------------
2021-06-11 20:16:07.583 | INFO     | slp.plbind.helpers:_run_early_stopping_check:27 - best score      0.5689122080802917
2021-06-11 20:16:07.583 | INFO     | slp.plbind.helpers:_run_early_stopping_check:28 - patience left   9              
2021-06-11 20:16:07.584 | INFO     | slp.util.system:print_separator:81 - ##################################################
2021-06-11 20:16:41.698 | INFO     | slp.plbind.module:log_to_console:478 - Epoch 13 Training results
2021-06-11 20:16:41.698 | INFO     | slp.util.system:print_separator:81 - --------------------------------------------------
2021-06-11 20:16:41.699 | INFO     | slp.plbind.module:log_to_console:484 - train_acc2      0.8637346625328064
2021-06-11 20:16:41.700 | INFO     | slp.plbind.module:log_to_console:484 - train_acc2_zero 0.8282429575920105
2021-06-11 20:16:41.700 | INFO     | slp.plbind.module:log_to_console:484 - train_acc5      0.5891196727752686
2021-06-11 20:16:41.701 | INFO     | slp.plbind.module:log_to_console:484 - train_acc7      0.5660032629966736
2021-06-11 20:16:41.701 | INFO     | slp.plbind.module:log_to_console:484 - train_f1        0.8625285029411316
2021-06-11 20:16:41.702 | INFO     | slp.plbind.module:log_to_console:484 - train_f1_zero   0.8321126103401184
2021-06-11 20:16:41.702 | INFO     | slp.plbind.module:log_to_console:484 - train_mae       0.5029749274253845
2021-06-11 20:16:41.703 | INFO     | slp.plbind.module:log_to_console:484 - train_loss      0.5029749274253845
2021-06-11 20:16:41.703 | INFO     | slp.util.system:print_separator:81 - %%%%%%%%%%%%%%%%%%%%%%%%%%%%%%%%%%%%%%%%%%%%%%%%%%
2021-06-11 20:16:43.623 | INFO     | slp.plbind.module:log_to_console:478 - Epoch 13 Validation results
2021-06-11 20:16:43.624 | INFO     | slp.util.system:print_separator:81 - --------------------------------------------------
2021-06-11 20:16:43.625 | INFO     | slp.plbind.module:log_to_console:484 - val_acc2        0.7876814603805542
2021-06-11 20:16:43.626 | INFO     | slp.plbind.module:log_to_console:484 - val_acc2_zero   0.7936087846755981
2021-06-11 20:16:43.627 | INFO     | slp.plbind.module:log_to_console:484 - val_acc5        0.5455861687660217
2021-06-11 20:16:43.627 | INFO     | slp.plbind.module:log_to_console:484 - val_acc7        0.5286369919776917
2021-06-11 20:16:43.628 | INFO     | slp.plbind.module:log_to_console:484 - val_f1          0.7769456505775452
2021-06-11 20:16:43.629 | INFO     | slp.plbind.module:log_to_console:484 - val_f1_zero     0.7902645468711853
2021-06-11 20:16:43.630 | INFO     | slp.plbind.module:log_to_console:484 - val_mae         0.5879980325698853
2021-06-11 20:16:43.630 | INFO     | slp.plbind.module:log_to_console:484 - val_loss        0.5879980325698853
2021-06-11 20:16:43.631 | INFO     | slp.plbind.module:log_to_console:484 - best_score      0.5689122676849365
2021-06-11 20:16:43.632 | INFO     | slp.util.system:print_separator:81 - %%%%%%%%%%%%%%%%%%%%%%%%%%%%%%%%%%%%%%%%%%%%%%%%%%
2021-06-11 20:16:43.634 | INFO     | slp.plbind.helpers:_run_early_stopping_check:25 - Epoch 13 Early Stopping
2021-06-11 20:16:43.635 | INFO     | slp.util.system:print_separator:81 - --------------------------------------------------
2021-06-11 20:16:43.636 | INFO     | slp.plbind.helpers:_run_early_stopping_check:27 - best score      0.5689122080802917
2021-06-11 20:16:43.636 | INFO     | slp.plbind.helpers:_run_early_stopping_check:28 - patience left   8              
2021-06-11 20:16:43.637 | INFO     | slp.util.system:print_separator:81 - ##################################################
2021-06-11 20:17:17.823 | INFO     | slp.plbind.module:log_to_console:478 - Epoch 14 Training results
2021-06-11 20:17:17.823 | INFO     | slp.util.system:print_separator:81 - --------------------------------------------------
2021-06-11 20:17:17.824 | INFO     | slp.plbind.module:log_to_console:484 - train_acc2      0.8702492713928223
2021-06-11 20:17:17.825 | INFO     | slp.plbind.module:log_to_console:484 - train_acc2_zero 0.8289068937301636
2021-06-11 20:17:17.825 | INFO     | slp.plbind.module:log_to_console:484 - train_acc5      0.6046792268753052
2021-06-11 20:17:17.826 | INFO     | slp.plbind.module:log_to_console:484 - train_acc7      0.5826024413108826
2021-06-11 20:17:17.828 | INFO     | slp.plbind.module:log_to_console:484 - train_f1        0.8686186075210571
2021-06-11 20:17:17.829 | INFO     | slp.plbind.module:log_to_console:484 - train_f1_zero   0.8324858546257019
2021-06-11 20:17:17.830 | INFO     | slp.plbind.module:log_to_console:484 - train_mae       0.48187965154647827
2021-06-11 20:17:17.832 | INFO     | slp.plbind.module:log_to_console:484 - train_loss      0.48187965154647827
2021-06-11 20:17:17.833 | INFO     | slp.util.system:print_separator:81 - %%%%%%%%%%%%%%%%%%%%%%%%%%%%%%%%%%%%%%%%%%%%%%%%%%
2021-06-11 20:17:19.823 | INFO     | slp.plbind.module:log_to_console:478 - Epoch 14 Validation results
2021-06-11 20:17:19.824 | INFO     | slp.util.system:print_separator:81 - --------------------------------------------------
2021-06-11 20:17:19.825 | INFO     | slp.plbind.module:log_to_console:484 - val_acc2        0.7884320616722107
2021-06-11 20:17:19.826 | INFO     | slp.plbind.module:log_to_console:484 - val_acc2_zero   0.7802259922027588
2021-06-11 20:17:19.826 | INFO     | slp.plbind.module:log_to_console:484 - val_acc5        0.5281779766082764
2021-06-11 20:17:19.827 | INFO     | slp.plbind.module:log_to_console:484 - val_acc7        0.5096398591995239
2021-06-11 20:17:19.828 | INFO     | slp.plbind.module:log_to_console:484 - val_f1          0.7821064591407776
2021-06-11 20:17:19.829 | INFO     | slp.plbind.module:log_to_console:484 - val_f1_zero     0.7829309105873108
2021-06-11 20:17:19.829 | INFO     | slp.plbind.module:log_to_console:484 - val_mae         0.5999758839607239
2021-06-11 20:17:19.830 | INFO     | slp.plbind.module:log_to_console:484 - val_loss        0.5999758839607239
2021-06-11 20:17:19.831 | INFO     | slp.plbind.module:log_to_console:484 - best_score      0.5689122676849365
2021-06-11 20:17:19.831 | INFO     | slp.util.system:print_separator:81 - %%%%%%%%%%%%%%%%%%%%%%%%%%%%%%%%%%%%%%%%%%%%%%%%%%
2021-06-11 20:17:19.833 | INFO     | slp.plbind.helpers:_run_early_stopping_check:25 - Epoch 14 Early Stopping
2021-06-11 20:17:19.834 | INFO     | slp.util.system:print_separator:81 - --------------------------------------------------
2021-06-11 20:17:19.835 | INFO     | slp.plbind.helpers:_run_early_stopping_check:27 - best score      0.5689122080802917
2021-06-11 20:17:19.835 | INFO     | slp.plbind.helpers:_run_early_stopping_check:28 - patience left   7              
2021-06-11 20:17:19.836 | INFO     | slp.util.system:print_separator:81 - ##################################################
2021-06-11 20:17:53.569 | INFO     | slp.plbind.module:log_to_console:478 - Epoch 15 Training results
2021-06-11 20:17:53.570 | INFO     | slp.util.system:print_separator:81 - --------------------------------------------------
2021-06-11 20:17:53.571 | INFO     | slp.plbind.module:log_to_console:484 - train_acc2      0.8764145374298096
2021-06-11 20:17:53.571 | INFO     | slp.plbind.module:log_to_console:484 - train_acc2_zero 0.8344544768333435
2021-06-11 20:17:53.572 | INFO     | slp.plbind.module:log_to_console:484 - train_acc5      0.6234273910522461
2021-06-11 20:17:53.572 | INFO     | slp.plbind.module:log_to_console:484 - train_acc7      0.5976201891899109
2021-06-11 20:17:53.573 | INFO     | slp.plbind.module:log_to_console:484 - train_f1        0.8749263286590576
2021-06-11 20:17:53.573 | INFO     | slp.plbind.module:log_to_console:484 - train_f1_zero   0.8385143280029297
2021-06-11 20:17:53.573 | INFO     | slp.plbind.module:log_to_console:484 - train_mae       0.45434778928756714
2021-06-11 20:17:53.574 | INFO     | slp.plbind.module:log_to_console:484 - train_loss      0.45434778928756714
2021-06-11 20:17:53.574 | INFO     | slp.util.system:print_separator:81 - %%%%%%%%%%%%%%%%%%%%%%%%%%%%%%%%%%%%%%%%%%%%%%%%%%
2021-06-11 20:17:55.500 | INFO     | slp.plbind.module:log_to_console:478 - Epoch 15 Validation results
2021-06-11 20:17:55.502 | INFO     | slp.util.system:print_separator:81 - --------------------------------------------------
2021-06-11 20:17:55.504 | INFO     | slp.plbind.module:log_to_console:484 - val_acc2        0.782709002494812
2021-06-11 20:17:55.505 | INFO     | slp.plbind.module:log_to_console:484 - val_acc2_zero   0.7723516821861267
2021-06-11 20:17:55.506 | INFO     | slp.plbind.module:log_to_console:484 - val_acc5        0.540360152721405
2021-06-11 20:17:55.507 | INFO     | slp.plbind.module:log_to_console:484 - val_acc7        0.524470329284668
2021-06-11 20:17:55.508 | INFO     | slp.plbind.module:log_to_console:484 - val_f1          0.7818089723587036
2021-06-11 20:17:55.509 | INFO     | slp.plbind.module:log_to_console:484 - val_f1_zero     0.7790457606315613
2021-06-11 20:17:55.510 | INFO     | slp.plbind.module:log_to_console:484 - val_mae         0.5869708061218262
2021-06-11 20:17:55.511 | INFO     | slp.plbind.module:log_to_console:484 - val_loss        0.5869708061218262
2021-06-11 20:17:55.512 | INFO     | slp.plbind.module:log_to_console:484 - best_score      0.5689122676849365
2021-06-11 20:17:55.513 | INFO     | slp.util.system:print_separator:81 - %%%%%%%%%%%%%%%%%%%%%%%%%%%%%%%%%%%%%%%%%%%%%%%%%%
2021-06-11 20:17:55.516 | INFO     | slp.plbind.helpers:_run_early_stopping_check:25 - Epoch 15 Early Stopping
2021-06-11 20:17:55.517 | INFO     | slp.util.system:print_separator:81 - --------------------------------------------------
2021-06-11 20:17:55.518 | INFO     | slp.plbind.helpers:_run_early_stopping_check:27 - best score      0.5689122080802917
2021-06-11 20:17:55.519 | INFO     | slp.plbind.helpers:_run_early_stopping_check:28 - patience left   6              
2021-06-11 20:17:55.520 | INFO     | slp.util.system:print_separator:81 - ##################################################
2021-06-11 20:18:29.266 | INFO     | slp.plbind.module:log_to_console:478 - Epoch 16 Training results
2021-06-11 20:18:29.267 | INFO     | slp.util.system:print_separator:81 - --------------------------------------------------
2021-06-11 20:18:29.267 | INFO     | slp.plbind.module:log_to_console:484 - train_acc2      0.8838380575180054
2021-06-11 20:18:29.268 | INFO     | slp.plbind.module:log_to_console:484 - train_acc2_zero 0.8373811841011047
2021-06-11 20:18:29.268 | INFO     | slp.plbind.module:log_to_console:484 - train_acc5      0.6423242092132568
2021-06-11 20:18:29.269 | INFO     | slp.plbind.module:log_to_console:484 - train_acc7      0.619085431098938
2021-06-11 20:18:29.270 | INFO     | slp.plbind.module:log_to_console:484 - train_f1        0.8825254440307617
2021-06-11 20:18:29.270 | INFO     | slp.plbind.module:log_to_console:484 - train_f1_zero   0.8414918184280396
2021-06-11 20:18:29.271 | INFO     | slp.plbind.module:log_to_console:484 - train_mae       0.43614503741264343
2021-06-11 20:18:29.271 | INFO     | slp.plbind.module:log_to_console:484 - train_loss      0.43614503741264343
2021-06-11 20:18:29.271 | INFO     | slp.util.system:print_separator:81 - %%%%%%%%%%%%%%%%%%%%%%%%%%%%%%%%%%%%%%%%%%%%%%%%%%
2021-06-11 20:18:31.227 | INFO     | slp.plbind.module:log_to_console:478 - Epoch 16 Validation results
2021-06-11 20:18:31.228 | INFO     | slp.util.system:print_separator:81 - --------------------------------------------------
2021-06-11 20:18:31.229 | INFO     | slp.plbind.module:log_to_console:484 - val_acc2        0.7833900451660156
2021-06-11 20:18:31.230 | INFO     | slp.plbind.module:log_to_console:484 - val_acc2_zero   0.758050799369812
2021-06-11 20:18:31.230 | INFO     | slp.plbind.module:log_to_console:484 - val_acc5        0.541419506072998
2021-06-11 20:18:31.231 | INFO     | slp.plbind.module:log_to_console:484 - val_acc7        0.5239406824111938
2021-06-11 20:18:31.232 | INFO     | slp.plbind.module:log_to_console:484 - val_f1          0.7872558832168579
2021-06-11 20:18:31.233 | INFO     | slp.plbind.module:log_to_console:484 - val_f1_zero     0.7695295810699463
2021-06-11 20:18:31.233 | INFO     | slp.plbind.module:log_to_console:484 - val_mae         0.5924385190010071
2021-06-11 20:18:31.234 | INFO     | slp.plbind.module:log_to_console:484 - val_loss        0.5924385190010071
2021-06-11 20:18:31.235 | INFO     | slp.plbind.module:log_to_console:484 - best_score      0.5689122676849365
2021-06-11 20:18:31.235 | INFO     | slp.util.system:print_separator:81 - %%%%%%%%%%%%%%%%%%%%%%%%%%%%%%%%%%%%%%%%%%%%%%%%%%
2021-06-11 20:18:31.238 | INFO     | slp.plbind.helpers:_run_early_stopping_check:25 - Epoch 16 Early Stopping
2021-06-11 20:18:31.239 | INFO     | slp.util.system:print_separator:81 - --------------------------------------------------
2021-06-11 20:18:31.239 | INFO     | slp.plbind.helpers:_run_early_stopping_check:27 - best score      0.5689122080802917
2021-06-11 20:18:31.240 | INFO     | slp.plbind.helpers:_run_early_stopping_check:28 - patience left   5              
2021-06-11 20:18:31.241 | INFO     | slp.util.system:print_separator:81 - ##################################################
2021-06-11 20:19:05.053 | INFO     | slp.plbind.module:log_to_console:478 - Epoch 17 Training results
2021-06-11 20:19:05.054 | INFO     | slp.util.system:print_separator:81 - --------------------------------------------------
2021-06-11 20:19:05.055 | INFO     | slp.plbind.module:log_to_console:484 - train_acc2      0.8831700086593628
2021-06-11 20:19:05.055 | INFO     | slp.plbind.module:log_to_console:484 - train_acc2_zero 0.8359134793281555
2021-06-11 20:19:05.056 | INFO     | slp.plbind.module:log_to_console:484 - train_acc5      0.6526069641113281
2021-06-11 20:19:05.057 | INFO     | slp.plbind.module:log_to_console:484 - train_acc7      0.6283897161483765
2021-06-11 20:19:05.057 | INFO     | slp.plbind.module:log_to_console:484 - train_f1        0.8819174766540527
2021-06-11 20:19:05.058 | INFO     | slp.plbind.module:log_to_console:484 - train_f1_zero   0.8402606248855591
2021-06-11 20:19:05.058 | INFO     | slp.plbind.module:log_to_console:484 - train_mae       0.42489778995513916
2021-06-11 20:19:05.059 | INFO     | slp.plbind.module:log_to_console:484 - train_loss      0.42489778995513916
2021-06-11 20:19:05.059 | INFO     | slp.util.system:print_separator:81 - %%%%%%%%%%%%%%%%%%%%%%%%%%%%%%%%%%%%%%%%%%%%%%%%%%
2021-06-11 20:19:06.941 | INFO     | slp.plbind.module:log_to_console:478 - Epoch 17 Validation results
2021-06-11 20:19:06.944 | INFO     | slp.util.system:print_separator:81 - --------------------------------------------------
2021-06-11 20:19:06.946 | INFO     | slp.plbind.module:log_to_console:484 - val_acc2        0.7672879695892334
2021-06-11 20:19:06.948 | INFO     | slp.plbind.module:log_to_console:484 - val_acc2_zero   0.7242231965065002
2021-06-11 20:19:06.950 | INFO     | slp.plbind.module:log_to_console:484 - val_acc5        0.5371822118759155
2021-06-11 20:19:06.952 | INFO     | slp.plbind.module:log_to_console:484 - val_acc7        0.5234110355377197
2021-06-11 20:19:06.953 | INFO     | slp.plbind.module:log_to_console:484 - val_f1          0.7727283835411072
2021-06-11 20:19:06.955 | INFO     | slp.plbind.module:log_to_console:484 - val_f1_zero     0.7387904524803162
2021-06-11 20:19:06.956 | INFO     | slp.plbind.module:log_to_console:484 - val_mae         0.5845802426338196
2021-06-11 20:19:06.957 | INFO     | slp.plbind.module:log_to_console:484 - val_loss        0.5845802426338196
2021-06-11 20:19:06.958 | INFO     | slp.plbind.module:log_to_console:484 - best_score      0.5689122676849365
2021-06-11 20:19:06.958 | INFO     | slp.util.system:print_separator:81 - %%%%%%%%%%%%%%%%%%%%%%%%%%%%%%%%%%%%%%%%%%%%%%%%%%
2021-06-11 20:19:06.961 | INFO     | slp.plbind.helpers:_run_early_stopping_check:25 - Epoch 17 Early Stopping
2021-06-11 20:19:06.962 | INFO     | slp.util.system:print_separator:81 - --------------------------------------------------
2021-06-11 20:19:06.962 | INFO     | slp.plbind.helpers:_run_early_stopping_check:27 - best score      0.5689122080802917
2021-06-11 20:19:06.963 | INFO     | slp.plbind.helpers:_run_early_stopping_check:28 - patience left   4              
2021-06-11 20:19:06.964 | INFO     | slp.util.system:print_separator:81 - ##################################################
2021-06-11 20:19:40.808 | INFO     | slp.plbind.module:log_to_console:478 - Epoch 18 Training results
2021-06-11 20:19:40.809 | INFO     | slp.util.system:print_separator:81 - --------------------------------------------------
2021-06-11 20:19:40.810 | INFO     | slp.plbind.module:log_to_console:484 - train_acc2      0.8870287537574768
2021-06-11 20:19:40.811 | INFO     | slp.plbind.module:log_to_console:484 - train_acc2_zero 0.8387964963912964
2021-06-11 20:19:40.812 | INFO     | slp.plbind.module:log_to_console:484 - train_acc5      0.6613171100616455
2021-06-11 20:19:40.813 | INFO     | slp.plbind.module:log_to_console:484 - train_acc7      0.636357307434082
2021-06-11 20:19:40.815 | INFO     | slp.plbind.module:log_to_console:484 - train_f1        0.8858967423439026
2021-06-11 20:19:40.816 | INFO     | slp.plbind.module:log_to_console:484 - train_f1_zero   0.8432711362838745
2021-06-11 20:19:40.817 | INFO     | slp.plbind.module:log_to_console:484 - train_mae       0.41523486375808716
2021-06-11 20:19:40.818 | INFO     | slp.plbind.module:log_to_console:484 - train_loss      0.41523486375808716
2021-06-11 20:19:40.820 | INFO     | slp.util.system:print_separator:81 - %%%%%%%%%%%%%%%%%%%%%%%%%%%%%%%%%%%%%%%%%%%%%%%%%%
2021-06-11 20:19:42.884 | INFO     | slp.plbind.module:log_to_console:478 - Epoch 18 Validation results
2021-06-11 20:19:42.887 | INFO     | slp.util.system:print_separator:81 - --------------------------------------------------
2021-06-11 20:19:42.889 | INFO     | slp.plbind.module:log_to_console:484 - val_acc2        0.7959793210029602
2021-06-11 20:19:42.891 | INFO     | slp.plbind.module:log_to_console:484 - val_acc2_zero   0.7879236936569214
2021-06-11 20:19:42.894 | INFO     | slp.plbind.module:log_to_console:484 - val_acc5        0.5026835799217224
2021-06-11 20:19:42.896 | INFO     | slp.plbind.module:log_to_console:484 - val_acc7        0.488912433385849
2021-06-11 20:19:42.898 | INFO     | slp.plbind.module:log_to_console:484 - val_f1          0.7904970645904541
2021-06-11 20:19:42.900 | INFO     | slp.plbind.module:log_to_console:484 - val_f1_zero     0.7898213267326355
2021-06-11 20:19:42.901 | INFO     | slp.plbind.module:log_to_console:484 - val_mae         0.6161776781082153
2021-06-11 20:19:42.903 | INFO     | slp.plbind.module:log_to_console:484 - val_loss        0.6161776781082153
2021-06-11 20:19:42.905 | INFO     | slp.plbind.module:log_to_console:484 - best_score      0.5689122676849365
2021-06-11 20:19:42.906 | INFO     | slp.util.system:print_separator:81 - %%%%%%%%%%%%%%%%%%%%%%%%%%%%%%%%%%%%%%%%%%%%%%%%%%
2021-06-11 20:19:42.910 | INFO     | slp.plbind.helpers:_run_early_stopping_check:25 - Epoch 18 Early Stopping
2021-06-11 20:19:42.911 | INFO     | slp.util.system:print_separator:81 - --------------------------------------------------
2021-06-11 20:19:42.913 | INFO     | slp.plbind.helpers:_run_early_stopping_check:27 - best score      0.5689122080802917
2021-06-11 20:19:42.914 | INFO     | slp.plbind.helpers:_run_early_stopping_check:28 - patience left   3              
2021-06-11 20:19:42.916 | INFO     | slp.util.system:print_separator:81 - ##################################################
2021-06-11 20:20:17.314 | INFO     | slp.plbind.module:log_to_console:478 - Epoch 19 Training results
2021-06-11 20:20:17.315 | INFO     | slp.util.system:print_separator:81 - --------------------------------------------------
2021-06-11 20:20:17.316 | INFO     | slp.plbind.module:log_to_console:484 - train_acc2      0.8878601789474487
2021-06-11 20:20:17.316 | INFO     | slp.plbind.module:log_to_console:484 - train_acc2_zero 0.8403253555297852
2021-06-11 20:20:17.317 | INFO     | slp.plbind.module:log_to_console:484 - train_acc5      0.6621121168136597
2021-06-11 20:20:17.318 | INFO     | slp.plbind.module:log_to_console:484 - train_acc7      0.6363048553466797
2021-06-11 20:20:17.318 | INFO     | slp.plbind.module:log_to_console:484 - train_f1        0.8868495225906372
2021-06-11 20:20:17.319 | INFO     | slp.plbind.module:log_to_console:484 - train_f1_zero   0.844731867313385
2021-06-11 20:20:17.319 | INFO     | slp.plbind.module:log_to_console:484 - train_mae       0.4096774160861969
2021-06-11 20:20:17.320 | INFO     | slp.plbind.module:log_to_console:484 - train_loss      0.4096774160861969
2021-06-11 20:20:17.320 | INFO     | slp.util.system:print_separator:81 - %%%%%%%%%%%%%%%%%%%%%%%%%%%%%%%%%%%%%%%%%%%%%%%%%%
2021-06-11 20:20:19.352 | INFO     | slp.plbind.module:log_to_console:478 - Epoch 19 Validation results
2021-06-11 20:20:19.353 | INFO     | slp.util.system:print_separator:81 - --------------------------------------------------
2021-06-11 20:20:19.355 | INFO     | slp.plbind.module:log_to_console:484 - val_acc2        0.7912967205047607
2021-06-11 20:20:19.355 | INFO     | slp.plbind.module:log_to_console:484 - val_acc2_zero   0.8053319454193115
2021-06-11 20:20:19.356 | INFO     | slp.plbind.module:log_to_console:484 - val_acc5        0.5149364471435547
2021-06-11 20:20:19.357 | INFO     | slp.plbind.module:log_to_console:484 - val_acc7        0.5054025650024414
2021-06-11 20:20:19.358 | INFO     | slp.plbind.module:log_to_console:484 - val_f1          0.7807227969169617
2021-06-11 20:20:19.359 | INFO     | slp.plbind.module:log_to_console:484 - val_f1_zero     0.8005977869033813
2021-06-11 20:20:19.360 | INFO     | slp.plbind.module:log_to_console:484 - val_mae         0.5857772827148438
2021-06-11 20:20:19.361 | INFO     | slp.plbind.module:log_to_console:484 - val_loss        0.5857772827148438
2021-06-11 20:20:19.362 | INFO     | slp.plbind.module:log_to_console:484 - best_score      0.5689122676849365
2021-06-11 20:20:19.362 | INFO     | slp.util.system:print_separator:81 - %%%%%%%%%%%%%%%%%%%%%%%%%%%%%%%%%%%%%%%%%%%%%%%%%%
2021-06-11 20:20:19.364 | INFO     | slp.plbind.helpers:_run_early_stopping_check:25 - Epoch 19 Early Stopping
2021-06-11 20:20:19.365 | INFO     | slp.util.system:print_separator:81 - --------------------------------------------------
2021-06-11 20:20:19.366 | INFO     | slp.plbind.helpers:_run_early_stopping_check:27 - best score      0.5689122080802917
2021-06-11 20:20:19.367 | INFO     | slp.plbind.helpers:_run_early_stopping_check:28 - patience left   2              
2021-06-11 20:20:19.367 | INFO     | slp.util.system:print_separator:81 - ##################################################
2021-06-11 20:20:53.269 | INFO     | slp.plbind.module:log_to_console:478 - Epoch 20 Training results
2021-06-11 20:20:53.270 | INFO     | slp.util.system:print_separator:81 - --------------------------------------------------
2021-06-11 20:20:53.270 | INFO     | slp.plbind.module:log_to_console:484 - train_acc2      0.8951618671417236
2021-06-11 20:20:53.271 | INFO     | slp.plbind.module:log_to_console:484 - train_acc2_zero 0.8405000567436218
2021-06-11 20:20:53.272 | INFO     | slp.plbind.module:log_to_console:484 - train_acc5      0.6872466802597046
2021-06-11 20:20:53.272 | INFO     | slp.plbind.module:log_to_console:484 - train_acc7      0.6630294322967529
2021-06-11 20:20:53.273 | INFO     | slp.plbind.module:log_to_console:484 - train_f1        0.8943246006965637
2021-06-11 20:20:53.273 | INFO     | slp.plbind.module:log_to_console:484 - train_f1_zero   0.8452390432357788
2021-06-11 20:20:53.274 | INFO     | slp.plbind.module:log_to_console:484 - train_mae       0.3833996653556824
2021-06-11 20:20:53.274 | INFO     | slp.plbind.module:log_to_console:484 - train_loss      0.3833996653556824
2021-06-11 20:20:53.275 | INFO     | slp.util.system:print_separator:81 - %%%%%%%%%%%%%%%%%%%%%%%%%%%%%%%%%%%%%%%%%%%%%%%%%%
2021-06-11 20:20:55.203 | INFO     | slp.plbind.module:log_to_console:478 - Epoch 20 Validation results
2021-06-11 20:20:55.204 | INFO     | slp.util.system:print_separator:81 - --------------------------------------------------
2021-06-11 20:20:55.205 | INFO     | slp.plbind.module:log_to_console:484 - val_acc2        0.7939941883087158
2021-06-11 20:20:55.206 | INFO     | slp.plbind.module:log_to_console:484 - val_acc2_zero   0.784675121307373
2021-06-11 20:20:55.207 | INFO     | slp.plbind.module:log_to_console:484 - val_acc5        0.5270479917526245
2021-06-11 20:20:55.208 | INFO     | slp.plbind.module:log_to_console:484 - val_acc7        0.5143361687660217
2021-06-11 20:20:55.208 | INFO     | slp.plbind.module:log_to_console:484 - val_f1          0.7933727502822876
2021-06-11 20:20:55.209 | INFO     | slp.plbind.module:log_to_console:484 - val_f1_zero     0.7897542119026184
2021-06-11 20:20:55.210 | INFO     | slp.plbind.module:log_to_console:484 - val_mae         0.5897877812385559
2021-06-11 20:20:55.211 | INFO     | slp.plbind.module:log_to_console:484 - val_loss        0.5897877812385559
2021-06-11 20:20:55.211 | INFO     | slp.plbind.module:log_to_console:484 - best_score      0.5689122676849365
2021-06-11 20:20:55.212 | INFO     | slp.util.system:print_separator:81 - %%%%%%%%%%%%%%%%%%%%%%%%%%%%%%%%%%%%%%%%%%%%%%%%%%
2021-06-11 20:20:55.214 | INFO     | slp.plbind.helpers:_run_early_stopping_check:25 - Epoch 20 Early Stopping
2021-06-11 20:20:55.215 | INFO     | slp.util.system:print_separator:81 - --------------------------------------------------
2021-06-11 20:20:55.216 | INFO     | slp.plbind.helpers:_run_early_stopping_check:27 - best score      0.5689122080802917
2021-06-11 20:20:55.217 | INFO     | slp.plbind.helpers:_run_early_stopping_check:28 - patience left   1              
2021-06-11 20:20:55.217 | INFO     | slp.util.system:print_separator:81 - ##################################################
2021-06-11 20:21:29.054 | INFO     | slp.plbind.module:log_to_console:478 - Epoch 21 Training results
2021-06-11 20:21:29.055 | INFO     | slp.util.system:print_separator:81 - --------------------------------------------------
2021-06-11 20:21:29.056 | INFO     | slp.plbind.module:log_to_console:484 - train_acc2      0.8978673219680786
2021-06-11 20:21:29.056 | INFO     | slp.plbind.module:log_to_console:484 - train_acc2_zero 0.8423871397972107
2021-06-11 20:21:29.057 | INFO     | slp.plbind.module:log_to_console:484 - train_acc5      0.6922875046730042
2021-06-11 20:21:29.057 | INFO     | slp.plbind.module:log_to_console:484 - train_acc7      0.6675198674201965
2021-06-11 20:21:29.058 | INFO     | slp.plbind.module:log_to_console:484 - train_f1        0.8968600630760193
2021-06-11 20:21:29.058 | INFO     | slp.plbind.module:log_to_console:484 - train_f1_zero   0.8469284772872925
2021-06-11 20:21:29.059 | INFO     | slp.plbind.module:log_to_console:484 - train_mae       0.37574219703674316
2021-06-11 20:21:29.059 | INFO     | slp.plbind.module:log_to_console:484 - train_loss      0.37574219703674316
2021-06-11 20:21:29.060 | INFO     | slp.util.system:print_separator:81 - %%%%%%%%%%%%%%%%%%%%%%%%%%%%%%%%%%%%%%%%%%%%%%%%%%
2021-06-11 20:21:30.994 | INFO     | slp.plbind.module:log_to_console:478 - Epoch 21 Validation results
2021-06-11 20:21:30.996 | INFO     | slp.util.system:print_separator:81 - --------------------------------------------------
2021-06-11 20:21:30.998 | INFO     | slp.plbind.module:log_to_console:484 - val_acc2        0.7817797660827637
2021-06-11 20:21:31.000 | INFO     | slp.plbind.module:log_to_console:484 - val_acc2_zero   0.7634180784225464
2021-06-11 20:21:31.002 | INFO     | slp.plbind.module:log_to_console:484 - val_acc5        0.5265889763832092
2021-06-11 20:21:31.004 | INFO     | slp.plbind.module:log_to_console:484 - val_acc7        0.5154660940170288
2021-06-11 20:21:31.006 | INFO     | slp.plbind.module:log_to_console:484 - val_f1          0.78556889295578
2021-06-11 20:21:31.007 | INFO     | slp.plbind.module:log_to_console:484 - val_f1_zero     0.7747341394424438
2021-06-11 20:21:31.008 | INFO     | slp.plbind.module:log_to_console:484 - val_mae         0.5888052582740784
2021-06-11 20:21:31.008 | INFO     | slp.plbind.module:log_to_console:484 - val_loss        0.5888052582740784
2021-06-11 20:21:31.009 | INFO     | slp.plbind.module:log_to_console:484 - best_score      0.5689122676849365
2021-06-11 20:21:31.010 | INFO     | slp.util.system:print_separator:81 - %%%%%%%%%%%%%%%%%%%%%%%%%%%%%%%%%%%%%%%%%%%%%%%%%%
2021-06-11 20:21:31.012 | INFO     | slp.plbind.helpers:_run_early_stopping_check:25 - Epoch 21 Early Stopping
2021-06-11 20:21:31.013 | INFO     | slp.util.system:print_separator:81 - --------------------------------------------------
2021-06-11 20:21:31.014 | INFO     | slp.plbind.helpers:_run_early_stopping_check:27 - best score      0.5689122080802917
2021-06-11 20:21:31.014 | INFO     | slp.plbind.helpers:_run_early_stopping_check:28 - patience left   0              
2021-06-11 20:21:31.015 | INFO     | slp.plbind.helpers:_run_early_stopping_check:33 - Stopping due to early stopping
2021-06-11 20:21:31.016 | INFO     | slp.util.system:print_separator:81 - ##################################################
2021-06-11 20:21:31.111 | INFO     | pytorch_lightning.profiler.profilers:describe:96 - 

Profiler Report

Action                             	|  Mean duration (s)	|Num calls      	|  Total time (s) 	|  Percentage %   	|
------------------------------------------------------------------------------------------------------------------------------------
Total                              	|  -              	|_              	|  757.75         	|  100 %          	|
------------------------------------------------------------------------------------------------------------------------------------
run_training_epoch                 	|  35.908         	|21             	|  754.06         	|  99.513         	|
run_training_batch                 	|  0.063887       	|10731          	|  685.57         	|  90.474         	|
optimizer_step_and_closure_0       	|  0.061476       	|10731          	|  659.7          	|  87.06          	|
training_step_and_backward         	|  0.051661       	|10731          	|  554.37         	|  73.16          	|
model_forward                      	|  0.029686       	|10731          	|  318.56         	|  42.04          	|
training_step                      	|  0.029447       	|10731          	|  316.0          	|  41.702         	|
model_backward                     	|  0.021727       	|10731          	|  233.15         	|  30.768         	|
evaluation_step_and_end            	|  0.027145       	|1241           	|  33.687         	|  4.4456         	|
validation_step                    	|  0.027001       	|1241           	|  33.508         	|  4.422          	|
get_train_batch                    	|  0.00050457     	|10731          	|  5.4146         	|  0.71456        	|
on_train_batch_end                 	|  0.00014348     	|10731          	|  1.5397         	|  0.20319        	|
on_train_batch_start               	|  0.00012769     	|10731          	|  1.3702         	|  0.18083        	|
on_validation_end                  	|  0.057367       	|22             	|  1.2621         	|  0.16655        	|
cache_result                       	|  1.8539e-05     	|57618          	|  1.0682         	|  0.14097        	|
on_after_backward                  	|  3.0942e-05     	|10731          	|  0.33204        	|  0.043819       	|
on_before_zero_grad                	|  2.9641e-05     	|10731          	|  0.31808        	|  0.041976       	|
on_batch_start                     	|  2.4732e-05     	|10731          	|  0.2654         	|  0.035025       	|
on_batch_end                       	|  1.8454e-05     	|10731          	|  0.19803        	|  0.026134       	|
on_validation_batch_end            	|  9.1637e-05     	|1241           	|  0.11372        	|  0.015008       	|
training_step_end                  	|  9.0229e-06     	|10731          	|  0.096824       	|  0.012778       	|
on_train_end                       	|  0.034675       	|1              	|  0.034675       	|  0.0045761      	|
on_epoch_start                     	|  0.0015149      	|21             	|  0.031812       	|  0.0041982      	|
on_validation_batch_start          	|  1.4633e-05     	|1241           	|  0.01816        	|  0.0023965      	|
on_validation_start                	|  0.00064987     	|22             	|  0.014297       	|  0.0018868      	|
validation_step_end                	|  1.0942e-05     	|1241           	|  0.013579       	|  0.0017921      	|
on_train_start                     	|  0.0021516      	|1              	|  0.0021516      	|  0.00028395     	|
on_train_epoch_end                 	|  2.9721e-05     	|21             	|  0.00062414     	|  8.2367e-05     	|
on_epoch_end                       	|  1.283e-05      	|43             	|  0.0005517      	|  7.2807e-05     	|
on_validation_epoch_end            	|  2.4383e-05     	|22             	|  0.00053643     	|  7.0793e-05     	|
on_validation_epoch_start          	|  1.8549e-05     	|22             	|  0.00040809     	|  5.3855e-05     	|
on_train_epoch_start               	|  1.6402e-05     	|21             	|  0.00034444     	|  4.5455e-05     	|
on_fit_start                       	|  2.1909e-05     	|1              	|  2.1909e-05     	|  2.8913e-06     	|
on_before_accelerator_backend_setup	|  1.8688e-05     	|1              	|  1.8688e-05     	|  2.4662e-06     	|

