2021-06-11 19:45:36.145 | INFO     | slp.util.log:configure_logging:84 - Log file will be saved in logs/table1-run2.20210611-194536.log
2021-06-11 19:45:36.994 | INFO     | slp.plbind.dm:setup:159 - Using provided validation set
2021-06-11 19:45:36.994 | INFO     | slp.plbind.dm:setup:162 - Using provided test set
2021-06-11 19:45:36.994 | INFO     | slp.plbind.dm:setup:212 - Using 16327 samples for training
2021-06-11 19:45:36.995 | INFO     | slp.plbind.dm:setup:213 - Using 1871 samples for validation
2021-06-11 19:45:36.995 | INFO     | slp.plbind.dm:setup:216 - Using 4662 samples for testing
2021-06-11 19:45:37.015 | INFO     | slp.plbind.trainer:make_trainer:428 - Logs will be saved in rnn-m3-0.2/table1-run2
2021-06-11 19:45:37.015 | INFO     | slp.plbind.trainer:make_trainer:429 - Logs will be saved in rnn-m3-0.2/table1-run2/20210611-194537/checkpoints
2021-06-11 19:45:37.054 | INFO     | slp.plbind.trainer:make_trainer:461 - Configured wandb and CSV loggers.
2021-06-11 19:45:37.054 | INFO     | slp.plbind.trainer:make_trainer:462 - Wandb configured to run table1-run2/20210611-194537 in project table1-run2
2021-06-11 19:45:37.055 | INFO     | slp.plbind.trainer:make_trainer:467 - Results will be stored online.
2021-06-11 19:45:37.056 | INFO     | slp.plbind.trainer:make_trainer:475 - Experiment verbose description:
MOSEI RNN-baseline with M3

Tags:['mosei', 'rnn-baseline', 'm3', 'regularization']
2021-06-11 19:45:37.058 | INFO     | slp.plbind.trainer:make_trainer:496 - Configured Early stopping and Model checkpointing to track val_loss
2021-06-11 19:45:37.081 | INFO     | pytorch_lightning.utilities.distributed:_info:54 - GPU available: True, used: True
2021-06-11 19:45:37.082 | INFO     | pytorch_lightning.utilities.distributed:_info:54 - TPU available: None, using: 0 TPU cores
2021-06-11 19:45:37.860 | INFO     | slp.plbind.trainer:watch_model:613 - Tracking model weights & gradients in wandb.
2021-06-11 19:45:37.861 | INFO     | pytorch_lightning.accelerators.gpu:set_nvidia_flags:40 - LOCAL_RANK: 0 - CUDA_VISIBLE_DEVICES: [3]
2021-06-11 19:45:40.212 | INFO     | pytorch_lightning.core.lightning:summarize:1457 - 
  | Name          | Type                            | Params
------------------------------------------------------------------
0 | model         | AudioVisualTextMaskedClassifier | 1.6 M 
1 | criterion     | L1Loss                          | 0     
2 | train_metrics | ModuleDict                      | 0     
3 | val_metrics   | ModuleDict                      | 0     
4 | test_metrics  | ModuleDict                      | 0     
------------------------------------------------------------------
1.6 M     Trainable params
0         Non-trainable params
1.6 M     Total params
6.535     Total estimated model params size (MB)
2021-06-11 19:45:40.541 | INFO     | slp.plbind.module:log_to_console:478 - Epoch 1 Validation results
2021-06-11 19:45:40.543 | INFO     | slp.util.system:print_separator:81 - --------------------------------------------------
2021-06-11 19:45:40.543 | INFO     | slp.plbind.module:log_to_console:484 - val_acc2        0.4905303120613098
2021-06-11 19:45:40.544 | INFO     | slp.plbind.module:log_to_console:484 - val_acc2_zero   0.390625       
2021-06-11 19:45:40.544 | INFO     | slp.plbind.module:log_to_console:484 - val_acc5        0.109375       
2021-06-11 19:45:40.545 | INFO     | slp.plbind.module:log_to_console:484 - val_acc7        0.03125        
2021-06-11 19:45:40.545 | INFO     | slp.plbind.module:log_to_console:484 - val_f1          0.38655078411102295
2021-06-11 19:45:40.546 | INFO     | slp.plbind.module:log_to_console:484 - val_f1_zero     0.29313474893569946
2021-06-11 19:45:40.546 | INFO     | slp.plbind.module:log_to_console:484 - val_mae         4.438326358795166
2021-06-11 19:45:40.547 | INFO     | slp.plbind.module:log_to_console:484 - val_loss        4.438326358795166
2021-06-11 19:45:40.547 | INFO     | slp.plbind.module:log_to_console:484 - best_score      inf            
2021-06-11 19:45:40.548 | INFO     | slp.util.system:print_separator:81 - %%%%%%%%%%%%%%%%%%%%%%%%%%%%%%%%%%%%%%%%%%%%%%%%%%
2021-06-11 19:46:13.889 | INFO     | slp.plbind.module:log_to_console:478 - Epoch 1 Training results
2021-06-11 19:46:13.890 | INFO     | slp.util.system:print_separator:81 - --------------------------------------------------
2021-06-11 19:46:13.890 | INFO     | slp.plbind.module:log_to_console:484 - train_acc2      0.6798433661460876
2021-06-11 19:46:13.891 | INFO     | slp.plbind.module:log_to_console:484 - train_acc2_zero 0.6643486022949219
2021-06-11 19:46:13.891 | INFO     | slp.plbind.module:log_to_console:484 - train_acc5      0.37852948904037476
2021-06-11 19:46:13.892 | INFO     | slp.plbind.module:log_to_console:484 - train_acc7      0.37186363339424133
2021-06-11 19:46:13.892 | INFO     | slp.plbind.module:log_to_console:484 - train_f1        0.6571848392486572
2021-06-11 19:46:13.893 | INFO     | slp.plbind.module:log_to_console:484 - train_f1_zero   0.6525594592094421
2021-06-11 19:46:13.893 | INFO     | slp.plbind.module:log_to_console:484 - train_mae       1.0337047576904297
2021-06-11 19:46:13.893 | INFO     | slp.plbind.module:log_to_console:484 - train_loss      1.0337047576904297
2021-06-11 19:46:13.894 | INFO     | slp.util.system:print_separator:81 - %%%%%%%%%%%%%%%%%%%%%%%%%%%%%%%%%%%%%%%%%%%%%%%%%%
2021-06-11 19:46:15.814 | INFO     | slp.plbind.module:log_to_console:478 - Epoch 1 Validation results
2021-06-11 19:46:15.817 | INFO     | slp.util.system:print_separator:81 - --------------------------------------------------
2021-06-11 19:46:15.819 | INFO     | slp.plbind.module:log_to_console:484 - val_acc2        0.7185048460960388
2021-06-11 19:46:15.821 | INFO     | slp.plbind.module:log_to_console:484 - val_acc2_zero   0.7693150043487549
2021-06-11 19:46:15.822 | INFO     | slp.plbind.module:log_to_console:484 - val_acc5        0.4159604609012604
2021-06-11 19:46:15.824 | INFO     | slp.plbind.module:log_to_console:484 - val_acc7        0.41490116715431213
2021-06-11 19:46:15.826 | INFO     | slp.plbind.module:log_to_console:484 - val_f1          0.670326292514801
2021-06-11 19:46:15.828 | INFO     | slp.plbind.module:log_to_console:484 - val_f1_zero     0.7281967401504517
2021-06-11 19:46:15.830 | INFO     | slp.plbind.module:log_to_console:484 - val_mae         0.7399771213531494
2021-06-11 19:46:15.832 | INFO     | slp.plbind.module:log_to_console:484 - val_loss        0.7399771213531494
2021-06-11 19:46:15.834 | INFO     | slp.plbind.module:log_to_console:484 - best_score      inf            
2021-06-11 19:46:15.835 | INFO     | slp.util.system:print_separator:81 - %%%%%%%%%%%%%%%%%%%%%%%%%%%%%%%%%%%%%%%%%%%%%%%%%%
2021-06-11 19:46:15.841 | INFO     | slp.plbind.helpers:_run_early_stopping_check:25 - Epoch 1 Early Stopping
2021-06-11 19:46:15.843 | INFO     | slp.util.system:print_separator:81 - --------------------------------------------------
2021-06-11 19:46:15.845 | INFO     | slp.plbind.helpers:_run_early_stopping_check:27 - best score      0.7399771213531494
2021-06-11 19:46:15.846 | INFO     | slp.plbind.helpers:_run_early_stopping_check:28 - patience left   10             
2021-06-11 19:46:15.847 | INFO     | slp.util.system:print_separator:81 - ##################################################
2021-06-11 19:46:49.873 | INFO     | slp.plbind.module:log_to_console:478 - Epoch 2 Training results
2021-06-11 19:46:49.873 | INFO     | slp.util.system:print_separator:81 - --------------------------------------------------
2021-06-11 19:46:49.874 | INFO     | slp.plbind.module:log_to_console:484 - train_acc2      0.766958475112915
2021-06-11 19:46:49.875 | INFO     | slp.plbind.module:log_to_console:484 - train_acc2_zero 0.7442514896392822
2021-06-11 19:46:49.875 | INFO     | slp.plbind.module:log_to_console:484 - train_acc5      0.4543612003326416
2021-06-11 19:46:49.876 | INFO     | slp.plbind.module:log_to_console:484 - train_acc7      0.44500455260276794
2021-06-11 19:46:49.876 | INFO     | slp.plbind.module:log_to_console:484 - train_f1        0.7578701972961426
2021-06-11 19:46:49.877 | INFO     | slp.plbind.module:log_to_console:484 - train_f1_zero   0.7428747415542603
2021-06-11 19:46:49.877 | INFO     | slp.plbind.module:log_to_console:484 - train_mae       0.7143769860267639
2021-06-11 19:46:49.878 | INFO     | slp.plbind.module:log_to_console:484 - train_loss      0.7143769860267639
2021-06-11 19:46:49.878 | INFO     | slp.util.system:print_separator:81 - %%%%%%%%%%%%%%%%%%%%%%%%%%%%%%%%%%%%%%%%%%%%%%%%%%
2021-06-11 19:46:51.867 | INFO     | slp.plbind.module:log_to_console:478 - Epoch 2 Validation results
2021-06-11 19:46:51.868 | INFO     | slp.util.system:print_separator:81 - --------------------------------------------------
2021-06-11 19:46:51.870 | INFO     | slp.plbind.module:log_to_console:484 - val_acc2        0.7847577929496765
2021-06-11 19:46:51.871 | INFO     | slp.plbind.module:log_to_console:484 - val_acc2_zero   0.7885240316390991
2021-06-11 19:46:51.872 | INFO     | slp.plbind.module:log_to_console:484 - val_acc5        0.4672669470310211
2021-06-11 19:46:51.873 | INFO     | slp.plbind.module:log_to_console:484 - val_acc7        0.4556144177913666
2021-06-11 19:46:51.874 | INFO     | slp.plbind.module:log_to_console:484 - val_f1          0.7750317454338074
2021-06-11 19:46:51.875 | INFO     | slp.plbind.module:log_to_console:484 - val_f1_zero     0.7857098579406738
2021-06-11 19:46:51.876 | INFO     | slp.plbind.module:log_to_console:484 - val_mae         0.6722755432128906
2021-06-11 19:46:51.877 | INFO     | slp.plbind.module:log_to_console:484 - val_loss        0.6722755432128906
2021-06-11 19:46:51.878 | INFO     | slp.plbind.module:log_to_console:484 - best_score      0.7399771809577942
2021-06-11 19:46:51.879 | INFO     | slp.util.system:print_separator:81 - %%%%%%%%%%%%%%%%%%%%%%%%%%%%%%%%%%%%%%%%%%%%%%%%%%
2021-06-11 19:46:51.881 | INFO     | slp.plbind.helpers:_run_early_stopping_check:25 - Epoch 2 Early Stopping
2021-06-11 19:46:51.882 | INFO     | slp.util.system:print_separator:81 - --------------------------------------------------
2021-06-11 19:46:51.883 | INFO     | slp.plbind.helpers:_run_early_stopping_check:27 - best score      0.6722755432128906
2021-06-11 19:46:51.884 | INFO     | slp.plbind.helpers:_run_early_stopping_check:28 - patience left   10             
2021-06-11 19:46:51.885 | INFO     | slp.util.system:print_separator:81 - ##################################################
2021-06-11 19:47:26.364 | INFO     | slp.plbind.module:log_to_console:478 - Epoch 3 Training results
2021-06-11 19:47:26.365 | INFO     | slp.util.system:print_separator:81 - --------------------------------------------------
2021-06-11 19:47:26.366 | INFO     | slp.plbind.module:log_to_console:484 - train_acc2      0.7987925410270691
2021-06-11 19:47:26.366 | INFO     | slp.plbind.module:log_to_console:484 - train_acc2_zero 0.7760692834854126
2021-06-11 19:47:26.367 | INFO     | slp.plbind.module:log_to_console:484 - train_acc5      0.48097220063209534
2021-06-11 19:47:26.367 | INFO     | slp.plbind.module:log_to_console:484 - train_acc7      0.47100400924682617
2021-06-11 19:47:26.368 | INFO     | slp.plbind.module:log_to_console:484 - train_f1        0.793851912021637
2021-06-11 19:47:26.368 | INFO     | slp.plbind.module:log_to_console:484 - train_f1_zero   0.7779195308685303
2021-06-11 19:47:26.369 | INFO     | slp.plbind.module:log_to_console:484 - train_mae       0.6597259044647217
2021-06-11 19:47:26.369 | INFO     | slp.plbind.module:log_to_console:484 - train_loss      0.6597259044647217
2021-06-11 19:47:26.370 | INFO     | slp.util.system:print_separator:81 - %%%%%%%%%%%%%%%%%%%%%%%%%%%%%%%%%%%%%%%%%%%%%%%%%%
2021-06-11 19:47:28.284 | INFO     | slp.plbind.module:log_to_console:478 - Epoch 3 Validation results
2021-06-11 19:47:28.286 | INFO     | slp.util.system:print_separator:81 - --------------------------------------------------
2021-06-11 19:47:28.288 | INFO     | slp.plbind.module:log_to_console:484 - val_acc2        0.761011004447937
2021-06-11 19:47:28.290 | INFO     | slp.plbind.module:log_to_console:484 - val_acc2_zero   0.7076624035835266
2021-06-11 19:47:28.292 | INFO     | slp.plbind.module:log_to_console:484 - val_acc5        0.47521185874938965
2021-06-11 19:47:28.294 | INFO     | slp.plbind.module:log_to_console:484 - val_acc7        0.474152535200119
2021-06-11 19:47:28.296 | INFO     | slp.plbind.module:log_to_console:484 - val_f1          0.7684130668640137
2021-06-11 19:47:28.298 | INFO     | slp.plbind.module:log_to_console:484 - val_f1_zero     0.7246384620666504
2021-06-11 19:47:28.300 | INFO     | slp.plbind.module:log_to_console:484 - val_mae         0.6485015749931335
2021-06-11 19:47:28.301 | INFO     | slp.plbind.module:log_to_console:484 - val_loss        0.6485015749931335
2021-06-11 19:47:28.303 | INFO     | slp.plbind.module:log_to_console:484 - best_score      0.6722755432128906
2021-06-11 19:47:28.304 | INFO     | slp.util.system:print_separator:81 - %%%%%%%%%%%%%%%%%%%%%%%%%%%%%%%%%%%%%%%%%%%%%%%%%%
2021-06-11 19:47:28.307 | INFO     | slp.plbind.helpers:_run_early_stopping_check:25 - Epoch 3 Early Stopping
2021-06-11 19:47:28.309 | INFO     | slp.util.system:print_separator:81 - --------------------------------------------------
2021-06-11 19:47:28.310 | INFO     | slp.plbind.helpers:_run_early_stopping_check:27 - best score      0.6485015749931335
2021-06-11 19:47:28.312 | INFO     | slp.plbind.helpers:_run_early_stopping_check:28 - patience left   10             
2021-06-11 19:47:28.313 | INFO     | slp.util.system:print_separator:81 - ##################################################
2021-06-11 19:48:02.819 | INFO     | slp.plbind.module:log_to_console:478 - Epoch 4 Training results
2021-06-11 19:48:02.820 | INFO     | slp.util.system:print_separator:81 - --------------------------------------------------
2021-06-11 19:48:02.821 | INFO     | slp.plbind.module:log_to_console:484 - train_acc2      0.8101589679718018
2021-06-11 19:48:02.821 | INFO     | slp.plbind.module:log_to_console:484 - train_acc2_zero 0.7803589105606079
2021-06-11 19:48:02.822 | INFO     | slp.plbind.module:log_to_console:484 - train_acc5      0.49670636653900146
2021-06-11 19:48:02.822 | INFO     | slp.plbind.module:log_to_console:484 - train_acc7      0.48294657468795776
2021-06-11 19:48:02.823 | INFO     | slp.plbind.module:log_to_console:484 - train_f1        0.8064682483673096
2021-06-11 19:48:02.823 | INFO     | slp.plbind.module:log_to_console:484 - train_f1_zero   0.7831376791000366
2021-06-11 19:48:02.824 | INFO     | slp.plbind.module:log_to_console:484 - train_mae       0.6361965537071228
2021-06-11 19:48:02.824 | INFO     | slp.plbind.module:log_to_console:484 - train_loss      0.6361965537071228
2021-06-11 19:48:02.825 | INFO     | slp.util.system:print_separator:81 - %%%%%%%%%%%%%%%%%%%%%%%%%%%%%%%%%%%%%%%%%%%%%%%%%%
2021-06-11 19:48:04.799 | INFO     | slp.plbind.module:log_to_console:478 - Epoch 4 Validation results
2021-06-11 19:48:04.800 | INFO     | slp.util.system:print_separator:81 - --------------------------------------------------
2021-06-11 19:48:04.801 | INFO     | slp.plbind.module:log_to_console:484 - val_acc2        0.7628332376480103
2021-06-11 19:48:04.801 | INFO     | slp.plbind.module:log_to_console:484 - val_acc2_zero   0.7116525173187256
2021-06-11 19:48:04.802 | INFO     | slp.plbind.module:log_to_console:484 - val_acc5        0.5313559174537659
2021-06-11 19:48:04.803 | INFO     | slp.plbind.module:log_to_console:484 - val_acc7        0.5154660940170288
2021-06-11 19:48:04.804 | INFO     | slp.plbind.module:log_to_console:484 - val_f1          0.7621675729751587
2021-06-11 19:48:04.804 | INFO     | slp.plbind.module:log_to_console:484 - val_f1_zero     0.7206365466117859
2021-06-11 19:48:04.805 | INFO     | slp.plbind.module:log_to_console:484 - val_mae         0.6229602098464966
2021-06-11 19:48:04.806 | INFO     | slp.plbind.module:log_to_console:484 - val_loss        0.6229602098464966
2021-06-11 19:48:04.806 | INFO     | slp.plbind.module:log_to_console:484 - best_score      0.6485015749931335
2021-06-11 19:48:04.807 | INFO     | slp.util.system:print_separator:81 - %%%%%%%%%%%%%%%%%%%%%%%%%%%%%%%%%%%%%%%%%%%%%%%%%%
2021-06-11 19:48:04.809 | INFO     | slp.plbind.helpers:_run_early_stopping_check:25 - Epoch 4 Early Stopping
2021-06-11 19:48:04.810 | INFO     | slp.util.system:print_separator:81 - --------------------------------------------------
2021-06-11 19:48:04.811 | INFO     | slp.plbind.helpers:_run_early_stopping_check:27 - best score      0.6229602098464966
2021-06-11 19:48:04.812 | INFO     | slp.plbind.helpers:_run_early_stopping_check:28 - patience left   10             
2021-06-11 19:48:04.812 | INFO     | slp.util.system:print_separator:81 - ##################################################
2021-06-11 19:48:38.591 | INFO     | slp.plbind.module:log_to_console:478 - Epoch 5 Training results
2021-06-11 19:48:38.592 | INFO     | slp.util.system:print_separator:81 - --------------------------------------------------
2021-06-11 19:48:38.592 | INFO     | slp.plbind.module:log_to_console:484 - train_acc2      0.8187330961227417
2021-06-11 19:48:38.593 | INFO     | slp.plbind.module:log_to_console:484 - train_acc2_zero 0.789252519607544
2021-06-11 19:48:38.593 | INFO     | slp.plbind.module:log_to_console:484 - train_acc5      0.5085965991020203
2021-06-11 19:48:38.593 | INFO     | slp.plbind.module:log_to_console:484 - train_acc7      0.49373599886894226
2021-06-11 19:48:38.594 | INFO     | slp.plbind.module:log_to_console:484 - train_f1        0.8159468770027161
2021-06-11 19:48:38.594 | INFO     | slp.plbind.module:log_to_console:484 - train_f1_zero   0.792856752872467
2021-06-11 19:48:38.595 | INFO     | slp.plbind.module:log_to_console:484 - train_mae       0.616023063659668
2021-06-11 19:48:38.595 | INFO     | slp.plbind.module:log_to_console:484 - train_loss      0.616023063659668
2021-06-11 19:48:38.596 | INFO     | slp.util.system:print_separator:81 - %%%%%%%%%%%%%%%%%%%%%%%%%%%%%%%%%%%%%%%%%%%%%%%%%%
2021-06-11 19:48:40.627 | INFO     | slp.plbind.module:log_to_console:478 - Epoch 5 Validation results
2021-06-11 19:48:40.629 | INFO     | slp.util.system:print_separator:81 - --------------------------------------------------
2021-06-11 19:48:40.631 | INFO     | slp.plbind.module:log_to_console:484 - val_acc2        0.7616814970970154
2021-06-11 19:48:40.631 | INFO     | slp.plbind.module:log_to_console:484 - val_acc2_zero   0.710699200630188
2021-06-11 19:48:40.632 | INFO     | slp.plbind.module:log_to_console:484 - val_acc5        0.5228813886642456
2021-06-11 19:48:40.633 | INFO     | slp.plbind.module:log_to_console:484 - val_acc7        0.5075212121009827
2021-06-11 19:48:40.633 | INFO     | slp.plbind.module:log_to_console:484 - val_f1          0.7696484327316284
2021-06-11 19:48:40.634 | INFO     | slp.plbind.module:log_to_console:484 - val_f1_zero     0.7259836792945862
2021-06-11 19:48:40.635 | INFO     | slp.plbind.module:log_to_console:484 - val_mae         0.6333698630332947
2021-06-11 19:48:40.635 | INFO     | slp.plbind.module:log_to_console:484 - val_loss        0.6333698630332947
2021-06-11 19:48:40.636 | INFO     | slp.plbind.module:log_to_console:484 - best_score      0.6229601502418518
2021-06-11 19:48:40.637 | INFO     | slp.util.system:print_separator:81 - %%%%%%%%%%%%%%%%%%%%%%%%%%%%%%%%%%%%%%%%%%%%%%%%%%
2021-06-11 19:48:40.639 | INFO     | slp.plbind.helpers:_run_early_stopping_check:25 - Epoch 5 Early Stopping
2021-06-11 19:48:40.640 | INFO     | slp.util.system:print_separator:81 - --------------------------------------------------
2021-06-11 19:48:40.640 | INFO     | slp.plbind.helpers:_run_early_stopping_check:27 - best score      0.6229602098464966
2021-06-11 19:48:40.641 | INFO     | slp.plbind.helpers:_run_early_stopping_check:28 - patience left   9              
2021-06-11 19:48:40.642 | INFO     | slp.util.system:print_separator:81 - ##################################################
2021-06-11 19:49:14.752 | INFO     | slp.plbind.module:log_to_console:478 - Epoch 6 Training results
2021-06-11 19:49:14.753 | INFO     | slp.util.system:print_separator:81 - --------------------------------------------------
2021-06-11 19:49:14.754 | INFO     | slp.plbind.module:log_to_console:484 - train_acc2      0.827387273311615
2021-06-11 19:49:14.754 | INFO     | slp.plbind.module:log_to_console:484 - train_acc2_zero 0.799832284450531
2021-06-11 19:49:14.755 | INFO     | slp.plbind.module:log_to_console:484 - train_acc5      0.5300880670547485
2021-06-11 19:49:14.755 | INFO     | slp.plbind.module:log_to_console:484 - train_acc7      0.5133317112922668
2021-06-11 19:49:14.756 | INFO     | slp.plbind.module:log_to_console:484 - train_f1        0.8244844675064087
2021-06-11 19:49:14.756 | INFO     | slp.plbind.module:log_to_console:484 - train_f1_zero   0.8030946254730225
2021-06-11 19:49:14.756 | INFO     | slp.plbind.module:log_to_console:484 - train_mae       0.592562735080719
2021-06-11 19:49:14.757 | INFO     | slp.plbind.module:log_to_console:484 - train_loss      0.592562735080719
2021-06-11 19:49:14.757 | INFO     | slp.util.system:print_separator:81 - %%%%%%%%%%%%%%%%%%%%%%%%%%%%%%%%%%%%%%%%%%%%%%%%%%
2021-06-11 19:49:16.965 | INFO     | slp.plbind.module:log_to_console:478 - Epoch 6 Validation results
2021-06-11 19:49:16.967 | INFO     | slp.util.system:print_separator:81 - --------------------------------------------------
2021-06-11 19:49:16.969 | INFO     | slp.plbind.module:log_to_console:484 - val_acc2        0.7898101806640625
2021-06-11 19:49:16.971 | INFO     | slp.plbind.module:log_to_console:484 - val_acc2_zero   0.7718220353126526
2021-06-11 19:49:16.973 | INFO     | slp.plbind.module:log_to_console:484 - val_acc5        0.5150070786476135
2021-06-11 19:49:16.975 | INFO     | slp.plbind.module:log_to_console:484 - val_acc7        0.5007062554359436
2021-06-11 19:49:16.977 | INFO     | slp.plbind.module:log_to_console:484 - val_f1          0.7898274064064026
2021-06-11 19:49:16.979 | INFO     | slp.plbind.module:log_to_console:484 - val_f1_zero     0.7803139686584473
2021-06-11 19:49:16.981 | INFO     | slp.plbind.module:log_to_console:484 - val_mae         0.6014811992645264
2021-06-11 19:49:16.983 | INFO     | slp.plbind.module:log_to_console:484 - val_loss        0.6014811992645264
2021-06-11 19:49:16.985 | INFO     | slp.plbind.module:log_to_console:484 - best_score      0.6229601502418518
2021-06-11 19:49:16.987 | INFO     | slp.util.system:print_separator:81 - %%%%%%%%%%%%%%%%%%%%%%%%%%%%%%%%%%%%%%%%%%%%%%%%%%
2021-06-11 19:49:16.992 | INFO     | slp.plbind.helpers:_run_early_stopping_check:25 - Epoch 6 Early Stopping
2021-06-11 19:49:16.994 | INFO     | slp.util.system:print_separator:81 - --------------------------------------------------
2021-06-11 19:49:16.996 | INFO     | slp.plbind.helpers:_run_early_stopping_check:27 - best score      0.6014811992645264
2021-06-11 19:49:16.997 | INFO     | slp.plbind.helpers:_run_early_stopping_check:28 - patience left   10             
2021-06-11 19:49:16.999 | INFO     | slp.util.system:print_separator:81 - ##################################################
2021-06-11 19:49:51.151 | INFO     | slp.plbind.module:log_to_console:478 - Epoch 7 Training results
2021-06-11 19:49:51.152 | INFO     | slp.util.system:print_separator:81 - --------------------------------------------------
2021-06-11 19:49:51.152 | INFO     | slp.plbind.module:log_to_console:484 - train_acc2      0.833158552646637
2021-06-11 19:49:51.153 | INFO     | slp.plbind.module:log_to_console:484 - train_acc2_zero 0.8036587834358215
2021-06-11 19:49:51.153 | INFO     | slp.plbind.module:log_to_console:484 - train_acc5      0.5299482941627502
2021-06-11 19:49:51.154 | INFO     | slp.plbind.module:log_to_console:484 - train_acc7      0.5125192403793335
2021-06-11 19:49:51.155 | INFO     | slp.plbind.module:log_to_console:484 - train_f1        0.8302668929100037
2021-06-11 19:49:51.155 | INFO     | slp.plbind.module:log_to_console:484 - train_f1_zero   0.8067159056663513
2021-06-11 19:49:51.156 | INFO     | slp.plbind.module:log_to_console:484 - train_mae       0.5831325054168701
2021-06-11 19:49:51.156 | INFO     | slp.plbind.module:log_to_console:484 - train_loss      0.5831325054168701
2021-06-11 19:49:51.157 | INFO     | slp.util.system:print_separator:81 - %%%%%%%%%%%%%%%%%%%%%%%%%%%%%%%%%%%%%%%%%%%%%%%%%%
2021-06-11 19:49:53.046 | INFO     | slp.plbind.module:log_to_console:478 - Epoch 7 Validation results
2021-06-11 19:49:53.048 | INFO     | slp.util.system:print_separator:81 - --------------------------------------------------
2021-06-11 19:49:53.051 | INFO     | slp.plbind.module:log_to_console:484 - val_acc2        0.7934653162956238
2021-06-11 19:49:53.052 | INFO     | slp.plbind.module:log_to_console:484 - val_acc2_zero   0.8079096078872681
2021-06-11 19:49:53.054 | INFO     | slp.plbind.module:log_to_console:484 - val_acc5        0.5304378867149353
2021-06-11 19:49:53.056 | INFO     | slp.plbind.module:log_to_console:484 - val_acc7        0.5203742980957031
2021-06-11 19:49:53.058 | INFO     | slp.plbind.module:log_to_console:484 - val_f1          0.7774783372879028
2021-06-11 19:49:53.059 | INFO     | slp.plbind.module:log_to_console:484 - val_f1_zero     0.7991037368774414
2021-06-11 19:49:53.061 | INFO     | slp.plbind.module:log_to_console:484 - val_mae         0.5811320543289185
2021-06-11 19:49:53.062 | INFO     | slp.plbind.module:log_to_console:484 - val_loss        0.5811320543289185
2021-06-11 19:49:53.063 | INFO     | slp.plbind.module:log_to_console:484 - best_score      0.6014811992645264
2021-06-11 19:49:53.064 | INFO     | slp.util.system:print_separator:81 - %%%%%%%%%%%%%%%%%%%%%%%%%%%%%%%%%%%%%%%%%%%%%%%%%%
2021-06-11 19:49:53.066 | INFO     | slp.plbind.helpers:_run_early_stopping_check:25 - Epoch 7 Early Stopping
2021-06-11 19:49:53.067 | INFO     | slp.util.system:print_separator:81 - --------------------------------------------------
2021-06-11 19:49:53.067 | INFO     | slp.plbind.helpers:_run_early_stopping_check:27 - best score      0.5811320543289185
2021-06-11 19:49:53.068 | INFO     | slp.plbind.helpers:_run_early_stopping_check:28 - patience left   10             
2021-06-11 19:49:53.068 | INFO     | slp.util.system:print_separator:81 - ##################################################
2021-06-11 19:50:26.974 | INFO     | slp.plbind.module:log_to_console:478 - Epoch 8 Training results
2021-06-11 19:50:26.974 | INFO     | slp.util.system:print_separator:81 - --------------------------------------------------
2021-06-11 19:50:26.975 | INFO     | slp.plbind.module:log_to_console:484 - train_acc2      0.8359510898590088
2021-06-11 19:50:26.976 | INFO     | slp.plbind.module:log_to_console:484 - train_acc2_zero 0.8075290322303772
2021-06-11 19:50:26.976 | INFO     | slp.plbind.module:log_to_console:484 - train_acc5      0.5487926602363586
2021-06-11 19:50:26.977 | INFO     | slp.plbind.module:log_to_console:484 - train_acc7      0.5301405191421509
2021-06-11 19:50:26.977 | INFO     | slp.plbind.module:log_to_console:484 - train_f1        0.832919180393219
2021-06-11 19:50:26.978 | INFO     | slp.plbind.module:log_to_console:484 - train_f1_zero   0.8104602098464966
2021-06-11 19:50:26.978 | INFO     | slp.plbind.module:log_to_console:484 - train_mae       0.5679147243499756
2021-06-11 19:50:26.979 | INFO     | slp.plbind.module:log_to_console:484 - train_loss      0.5679147243499756
2021-06-11 19:50:26.979 | INFO     | slp.util.system:print_separator:81 - %%%%%%%%%%%%%%%%%%%%%%%%%%%%%%%%%%%%%%%%%%%%%%%%%%
2021-06-11 19:50:28.877 | INFO     | slp.plbind.module:log_to_console:478 - Epoch 8 Validation results
2021-06-11 19:50:28.879 | INFO     | slp.util.system:print_separator:81 - --------------------------------------------------
2021-06-11 19:50:28.882 | INFO     | slp.plbind.module:log_to_console:484 - val_acc2        0.7998141646385193
2021-06-11 19:50:28.884 | INFO     | slp.plbind.module:log_to_console:484 - val_acc2_zero   0.819244384765625
2021-06-11 19:50:28.886 | INFO     | slp.plbind.module:log_to_console:484 - val_acc5        0.5324859023094177
2021-06-11 19:50:28.888 | INFO     | slp.plbind.module:log_to_console:484 - val_acc7        0.5155367255210876
2021-06-11 19:50:28.890 | INFO     | slp.plbind.module:log_to_console:484 - val_f1          0.7787915468215942
2021-06-11 19:50:28.891 | INFO     | slp.plbind.module:log_to_console:484 - val_f1_zero     0.8053246736526489
2021-06-11 19:50:28.893 | INFO     | slp.plbind.module:log_to_console:484 - val_mae         0.5831922292709351
2021-06-11 19:50:28.895 | INFO     | slp.plbind.module:log_to_console:484 - val_loss        0.5831922292709351
2021-06-11 19:50:28.896 | INFO     | slp.plbind.module:log_to_console:484 - best_score      0.5811319947242737
2021-06-11 19:50:28.898 | INFO     | slp.util.system:print_separator:81 - %%%%%%%%%%%%%%%%%%%%%%%%%%%%%%%%%%%%%%%%%%%%%%%%%%
2021-06-11 19:50:28.901 | INFO     | slp.plbind.helpers:_run_early_stopping_check:25 - Epoch 8 Early Stopping
2021-06-11 19:50:28.903 | INFO     | slp.util.system:print_separator:81 - --------------------------------------------------
2021-06-11 19:50:28.904 | INFO     | slp.plbind.helpers:_run_early_stopping_check:27 - best score      0.5811320543289185
2021-06-11 19:50:28.905 | INFO     | slp.plbind.helpers:_run_early_stopping_check:28 - patience left   9              
2021-06-11 19:50:28.906 | INFO     | slp.util.system:print_separator:81 - ##################################################
2021-06-11 19:51:03.073 | INFO     | slp.plbind.module:log_to_console:478 - Epoch 9 Training results
2021-06-11 19:51:03.073 | INFO     | slp.util.system:print_separator:81 - --------------------------------------------------
2021-06-11 19:51:03.074 | INFO     | slp.plbind.module:log_to_console:484 - train_acc2      0.8424150943756104
2021-06-11 19:51:03.075 | INFO     | slp.plbind.module:log_to_console:484 - train_acc2_zero 0.8130416870117188
2021-06-11 19:51:03.075 | INFO     | slp.plbind.module:log_to_console:484 - train_acc5      0.5521211624145508
2021-06-11 19:51:03.076 | INFO     | slp.plbind.module:log_to_console:484 - train_acc7      0.5326740145683289
2021-06-11 19:51:03.076 | INFO     | slp.plbind.module:log_to_console:484 - train_f1        0.8400256633758545
2021-06-11 19:51:03.077 | INFO     | slp.plbind.module:log_to_console:484 - train_f1_zero   0.8161303400993347
2021-06-11 19:51:03.078 | INFO     | slp.plbind.module:log_to_console:484 - train_mae       0.5572658777236938
2021-06-11 19:51:03.078 | INFO     | slp.plbind.module:log_to_console:484 - train_loss      0.5572658777236938
2021-06-11 19:51:03.078 | INFO     | slp.util.system:print_separator:81 - %%%%%%%%%%%%%%%%%%%%%%%%%%%%%%%%%%%%%%%%%%%%%%%%%%
2021-06-11 19:51:05.042 | INFO     | slp.plbind.module:log_to_console:478 - Epoch 9 Validation results
2021-06-11 19:51:05.045 | INFO     | slp.util.system:print_separator:81 - --------------------------------------------------
2021-06-11 19:51:05.047 | INFO     | slp.plbind.module:log_to_console:484 - val_acc2        0.7925569415092468
2021-06-11 19:51:05.049 | INFO     | slp.plbind.module:log_to_console:484 - val_acc2_zero   0.7766596078872681
2021-06-11 19:51:05.051 | INFO     | slp.plbind.module:log_to_console:484 - val_acc5        0.5600988864898682
2021-06-11 19:51:05.053 | INFO     | slp.plbind.module:log_to_console:484 - val_acc7        0.5473870038986206
2021-06-11 19:51:05.055 | INFO     | slp.plbind.module:log_to_console:484 - val_f1          0.7901675701141357
2021-06-11 19:51:05.056 | INFO     | slp.plbind.module:log_to_console:484 - val_f1_zero     0.7828760743141174
2021-06-11 19:51:05.058 | INFO     | slp.plbind.module:log_to_console:484 - val_mae         0.5624943971633911
2021-06-11 19:51:05.060 | INFO     | slp.plbind.module:log_to_console:484 - val_loss        0.5624943971633911
2021-06-11 19:51:05.061 | INFO     | slp.plbind.module:log_to_console:484 - best_score      0.5811319947242737
2021-06-11 19:51:05.063 | INFO     | slp.util.system:print_separator:81 - %%%%%%%%%%%%%%%%%%%%%%%%%%%%%%%%%%%%%%%%%%%%%%%%%%
2021-06-11 19:51:05.067 | INFO     | slp.plbind.helpers:_run_early_stopping_check:25 - Epoch 9 Early Stopping
2021-06-11 19:51:05.068 | INFO     | slp.util.system:print_separator:81 - --------------------------------------------------
2021-06-11 19:51:05.070 | INFO     | slp.plbind.helpers:_run_early_stopping_check:27 - best score      0.5624943971633911
2021-06-11 19:51:05.071 | INFO     | slp.plbind.helpers:_run_early_stopping_check:28 - patience left   10             
2021-06-11 19:51:05.073 | INFO     | slp.util.system:print_separator:81 - ##################################################
2021-06-11 19:51:39.445 | INFO     | slp.plbind.module:log_to_console:478 - Epoch 10 Training results
2021-06-11 19:51:39.446 | INFO     | slp.util.system:print_separator:81 - --------------------------------------------------
2021-06-11 19:51:39.446 | INFO     | slp.plbind.module:log_to_console:484 - train_acc2      0.8469658493995667
2021-06-11 19:51:39.447 | INFO     | slp.plbind.module:log_to_console:484 - train_acc2_zero 0.8152956962585449
2021-06-11 19:51:39.447 | INFO     | slp.plbind.module:log_to_console:484 - train_acc5      0.557135820388794
2021-06-11 19:51:39.448 | INFO     | slp.plbind.module:log_to_console:484 - train_acc7      0.536465585231781
2021-06-11 19:51:39.449 | INFO     | slp.plbind.module:log_to_console:484 - train_f1        0.8445129990577698
2021-06-11 19:51:39.449 | INFO     | slp.plbind.module:log_to_console:484 - train_f1_zero   0.8181871175765991
2021-06-11 19:51:39.450 | INFO     | slp.plbind.module:log_to_console:484 - train_mae       0.5482597947120667
2021-06-11 19:51:39.450 | INFO     | slp.plbind.module:log_to_console:484 - train_loss      0.5482597947120667
2021-06-11 19:51:39.451 | INFO     | slp.util.system:print_separator:81 - %%%%%%%%%%%%%%%%%%%%%%%%%%%%%%%%%%%%%%%%%%%%%%%%%%
2021-06-11 19:51:41.320 | INFO     | slp.plbind.module:log_to_console:478 - Epoch 10 Validation results
2021-06-11 19:51:41.322 | INFO     | slp.util.system:print_separator:81 - --------------------------------------------------
2021-06-11 19:51:41.324 | INFO     | slp.plbind.module:log_to_console:484 - val_acc2        0.7813750505447388
2021-06-11 19:51:41.326 | INFO     | slp.plbind.module:log_to_console:484 - val_acc2_zero   0.7980579733848572
2021-06-11 19:51:41.328 | INFO     | slp.plbind.module:log_to_console:484 - val_acc5        0.5171257257461548
2021-06-11 19:51:41.330 | INFO     | slp.plbind.module:log_to_console:484 - val_acc7        0.5038841962814331
2021-06-11 19:51:41.332 | INFO     | slp.plbind.module:log_to_console:484 - val_f1          0.753790020942688
2021-06-11 19:51:41.334 | INFO     | slp.plbind.module:log_to_console:484 - val_f1_zero     0.7785824537277222
2021-06-11 19:51:41.336 | INFO     | slp.plbind.module:log_to_console:484 - val_mae         0.6122198700904846
2021-06-11 19:51:41.337 | INFO     | slp.plbind.module:log_to_console:484 - val_loss        0.6122198700904846
2021-06-11 19:51:41.338 | INFO     | slp.plbind.module:log_to_console:484 - best_score      0.5624943375587463
2021-06-11 19:51:41.339 | INFO     | slp.util.system:print_separator:81 - %%%%%%%%%%%%%%%%%%%%%%%%%%%%%%%%%%%%%%%%%%%%%%%%%%
2021-06-11 19:51:41.341 | INFO     | slp.plbind.helpers:_run_early_stopping_check:25 - Epoch 10 Early Stopping
2021-06-11 19:51:41.342 | INFO     | slp.util.system:print_separator:81 - --------------------------------------------------
2021-06-11 19:51:41.342 | INFO     | slp.plbind.helpers:_run_early_stopping_check:27 - best score      0.5624943971633911
2021-06-11 19:51:41.343 | INFO     | slp.plbind.helpers:_run_early_stopping_check:28 - patience left   9              
2021-06-11 19:51:41.343 | INFO     | slp.util.system:print_separator:81 - ##################################################
2021-06-11 19:52:15.788 | INFO     | slp.plbind.module:log_to_console:478 - Epoch 11 Training results
2021-06-11 19:52:15.789 | INFO     | slp.util.system:print_separator:81 - --------------------------------------------------
2021-06-11 19:52:15.789 | INFO     | slp.plbind.module:log_to_console:484 - train_acc2      0.8512213230133057
2021-06-11 19:52:15.790 | INFO     | slp.plbind.module:log_to_console:484 - train_acc2_zero 0.8198298215866089
2021-06-11 19:52:15.790 | INFO     | slp.plbind.module:log_to_console:484 - train_acc5      0.5678466558456421
2021-06-11 19:52:15.791 | INFO     | slp.plbind.module:log_to_console:484 - train_acc7      0.5465648770332336
2021-06-11 19:52:15.792 | INFO     | slp.plbind.module:log_to_console:484 - train_f1        0.8483005166053772
2021-06-11 19:52:15.792 | INFO     | slp.plbind.module:log_to_console:484 - train_f1_zero   0.8223420977592468
2021-06-11 19:52:15.793 | INFO     | slp.plbind.module:log_to_console:484 - train_mae       0.5344811081886292
2021-06-11 19:52:15.793 | INFO     | slp.plbind.module:log_to_console:484 - train_loss      0.5344811081886292
2021-06-11 19:52:15.794 | INFO     | slp.util.system:print_separator:81 - %%%%%%%%%%%%%%%%%%%%%%%%%%%%%%%%%%%%%%%%%%%%%%%%%%
2021-06-11 19:52:17.671 | INFO     | slp.plbind.module:log_to_console:478 - Epoch 11 Validation results
2021-06-11 19:52:17.672 | INFO     | slp.util.system:print_separator:81 - --------------------------------------------------
2021-06-11 19:52:17.672 | INFO     | slp.plbind.module:log_to_console:484 - val_acc2        0.7965266704559326
2021-06-11 19:52:17.675 | INFO     | slp.plbind.module:log_to_console:484 - val_acc2_zero   0.7871821522712708
2021-06-11 19:52:17.677 | INFO     | slp.plbind.module:log_to_console:484 - val_acc5        0.5451977849006653
2021-06-11 19:52:17.679 | INFO     | slp.plbind.module:log_to_console:484 - val_acc7        0.5287782549858093
2021-06-11 19:52:17.681 | INFO     | slp.plbind.module:log_to_console:484 - val_f1          0.793772280216217
2021-06-11 19:52:17.683 | INFO     | slp.plbind.module:log_to_console:484 - val_f1_zero     0.7914700508117676
2021-06-11 19:52:17.684 | INFO     | slp.plbind.module:log_to_console:484 - val_mae         0.5918344259262085
2021-06-11 19:52:17.686 | INFO     | slp.plbind.module:log_to_console:484 - val_loss        0.5918344259262085
2021-06-11 19:52:17.688 | INFO     | slp.plbind.module:log_to_console:484 - best_score      0.5624943375587463
2021-06-11 19:52:17.689 | INFO     | slp.util.system:print_separator:81 - %%%%%%%%%%%%%%%%%%%%%%%%%%%%%%%%%%%%%%%%%%%%%%%%%%
2021-06-11 19:52:17.694 | INFO     | slp.plbind.helpers:_run_early_stopping_check:25 - Epoch 11 Early Stopping
2021-06-11 19:52:17.696 | INFO     | slp.util.system:print_separator:81 - --------------------------------------------------
2021-06-11 19:52:17.699 | INFO     | slp.plbind.helpers:_run_early_stopping_check:27 - best score      0.5624943971633911
2021-06-11 19:52:17.700 | INFO     | slp.plbind.helpers:_run_early_stopping_check:28 - patience left   8              
2021-06-11 19:52:17.703 | INFO     | slp.util.system:print_separator:81 - ##################################################
2021-06-11 19:52:51.706 | INFO     | slp.plbind.module:log_to_console:478 - Epoch 12 Training results
2021-06-11 19:52:51.707 | INFO     | slp.util.system:print_separator:81 - --------------------------------------------------
2021-06-11 19:52:51.708 | INFO     | slp.plbind.module:log_to_console:484 - train_acc2      0.853689432144165
2021-06-11 19:52:51.708 | INFO     | slp.plbind.module:log_to_console:484 - train_acc2_zero 0.8205374479293823
2021-06-11 19:52:51.709 | INFO     | slp.plbind.module:log_to_console:484 - train_acc5      0.5765131115913391
2021-06-11 19:52:51.709 | INFO     | slp.plbind.module:log_to_console:484 - train_acc7      0.5538859367370605
2021-06-11 19:52:51.710 | INFO     | slp.plbind.module:log_to_console:484 - train_f1        0.8513138294219971
2021-06-11 19:52:51.710 | INFO     | slp.plbind.module:log_to_console:484 - train_f1_zero   0.8237010836601257
2021-06-11 19:52:51.711 | INFO     | slp.plbind.module:log_to_console:484 - train_mae       0.5204035639762878
2021-06-11 19:52:51.711 | INFO     | slp.plbind.module:log_to_console:484 - train_loss      0.5204035639762878
2021-06-11 19:52:51.712 | INFO     | slp.util.system:print_separator:81 - %%%%%%%%%%%%%%%%%%%%%%%%%%%%%%%%%%%%%%%%%%%%%%%%%%
2021-06-11 19:52:53.778 | INFO     | slp.plbind.module:log_to_console:478 - Epoch 12 Validation results
2021-06-11 19:52:53.780 | INFO     | slp.util.system:print_separator:81 - --------------------------------------------------
2021-06-11 19:52:53.782 | INFO     | slp.plbind.module:log_to_console:484 - val_acc2        0.7920449376106262
2021-06-11 19:52:53.784 | INFO     | slp.plbind.module:log_to_console:484 - val_acc2_zero   0.7828742861747742
2021-06-11 19:52:53.786 | INFO     | slp.plbind.module:log_to_console:484 - val_acc5        0.5216807723045349
2021-06-11 19:52:53.788 | INFO     | slp.plbind.module:log_to_console:484 - val_acc7        0.5079095959663391
2021-06-11 19:52:53.789 | INFO     | slp.plbind.module:log_to_console:484 - val_f1          0.7894371151924133
2021-06-11 19:52:53.790 | INFO     | slp.plbind.module:log_to_console:484 - val_f1_zero     0.7877716422080994
2021-06-11 19:52:53.791 | INFO     | slp.plbind.module:log_to_console:484 - val_mae         0.6089255213737488
2021-06-11 19:52:53.792 | INFO     | slp.plbind.module:log_to_console:484 - val_loss        0.6089255213737488
2021-06-11 19:52:53.792 | INFO     | slp.plbind.module:log_to_console:484 - best_score      0.5624943375587463
2021-06-11 19:52:53.793 | INFO     | slp.util.system:print_separator:81 - %%%%%%%%%%%%%%%%%%%%%%%%%%%%%%%%%%%%%%%%%%%%%%%%%%
2021-06-11 19:52:53.795 | INFO     | slp.plbind.helpers:_run_early_stopping_check:25 - Epoch 12 Early Stopping
2021-06-11 19:52:53.796 | INFO     | slp.util.system:print_separator:81 - --------------------------------------------------
2021-06-11 19:52:53.796 | INFO     | slp.plbind.helpers:_run_early_stopping_check:27 - best score      0.5624943971633911
2021-06-11 19:52:53.797 | INFO     | slp.plbind.helpers:_run_early_stopping_check:28 - patience left   7              
2021-06-11 19:52:53.797 | INFO     | slp.util.system:print_separator:81 - ##################################################
2021-06-11 19:53:27.930 | INFO     | slp.plbind.module:log_to_console:478 - Epoch 13 Training results
2021-06-11 19:53:27.930 | INFO     | slp.util.system:print_separator:81 - --------------------------------------------------
2021-06-11 19:53:27.931 | INFO     | slp.plbind.module:log_to_console:484 - train_acc2      0.8657491207122803
2021-06-11 19:53:27.931 | INFO     | slp.plbind.module:log_to_console:484 - train_acc2_zero 0.8285487294197083
2021-06-11 19:53:27.932 | INFO     | slp.plbind.module:log_to_console:484 - train_acc5      0.6040413975715637
2021-06-11 19:53:27.932 | INFO     | slp.plbind.module:log_to_console:484 - train_acc7      0.5807415246963501
2021-06-11 19:53:27.933 | INFO     | slp.plbind.module:log_to_console:484 - train_f1        0.8641549348831177
2021-06-11 19:53:27.933 | INFO     | slp.plbind.module:log_to_console:484 - train_f1_zero   0.8322537541389465
2021-06-11 19:53:27.934 | INFO     | slp.plbind.module:log_to_console:484 - train_mae       0.4855228662490845
2021-06-11 19:53:27.934 | INFO     | slp.plbind.module:log_to_console:484 - train_loss      0.4855228662490845
2021-06-11 19:53:27.935 | INFO     | slp.util.system:print_separator:81 - %%%%%%%%%%%%%%%%%%%%%%%%%%%%%%%%%%%%%%%%%%%%%%%%%%
2021-06-11 19:53:29.879 | INFO     | slp.plbind.module:log_to_console:478 - Epoch 13 Validation results
2021-06-11 19:53:29.879 | INFO     | slp.util.system:print_separator:81 - --------------------------------------------------
2021-06-11 19:53:29.881 | INFO     | slp.plbind.module:log_to_console:484 - val_acc2        0.7883691191673279
2021-06-11 19:53:29.881 | INFO     | slp.plbind.module:log_to_console:484 - val_acc2_zero   0.7734816670417786
2021-06-11 19:53:29.882 | INFO     | slp.plbind.module:log_to_console:484 - val_acc5        0.5419491529464722
2021-06-11 19:53:29.883 | INFO     | slp.plbind.module:log_to_console:484 - val_acc7        0.5308262705802917
2021-06-11 19:53:29.883 | INFO     | slp.plbind.module:log_to_console:484 - val_f1          0.7855848670005798
2021-06-11 19:53:29.884 | INFO     | slp.plbind.module:log_to_console:484 - val_f1_zero     0.7786872982978821
2021-06-11 19:53:29.885 | INFO     | slp.plbind.module:log_to_console:484 - val_mae         0.5833688974380493
2021-06-11 19:53:29.886 | INFO     | slp.plbind.module:log_to_console:484 - val_loss        0.5833688974380493
2021-06-11 19:53:29.886 | INFO     | slp.plbind.module:log_to_console:484 - best_score      0.5624943375587463
2021-06-11 19:53:29.887 | INFO     | slp.util.system:print_separator:81 - %%%%%%%%%%%%%%%%%%%%%%%%%%%%%%%%%%%%%%%%%%%%%%%%%%
2021-06-11 19:53:29.889 | INFO     | slp.plbind.helpers:_run_early_stopping_check:25 - Epoch 13 Early Stopping
2021-06-11 19:53:29.890 | INFO     | slp.util.system:print_separator:81 - --------------------------------------------------
2021-06-11 19:53:29.891 | INFO     | slp.plbind.helpers:_run_early_stopping_check:27 - best score      0.5624943971633911
2021-06-11 19:53:29.892 | INFO     | slp.plbind.helpers:_run_early_stopping_check:28 - patience left   6              
2021-06-11 19:53:29.892 | INFO     | slp.util.system:print_separator:81 - ##################################################
2021-06-11 19:54:03.735 | INFO     | slp.plbind.module:log_to_console:478 - Epoch 14 Training results
2021-06-11 19:54:03.736 | INFO     | slp.util.system:print_separator:81 - --------------------------------------------------
2021-06-11 19:54:03.736 | INFO     | slp.plbind.module:log_to_console:484 - train_acc2      0.8696721196174622
2021-06-11 19:54:03.737 | INFO     | slp.plbind.module:log_to_console:484 - train_acc2_zero 0.8299552798271179
2021-06-11 19:54:03.737 | INFO     | slp.plbind.module:log_to_console:484 - train_acc5      0.6128564476966858
2021-06-11 19:54:03.738 | INFO     | slp.plbind.module:log_to_console:484 - train_acc7      0.5894954204559326
2021-06-11 19:54:03.739 | INFO     | slp.plbind.module:log_to_console:484 - train_f1        0.868354320526123
2021-06-11 19:54:03.740 | INFO     | slp.plbind.module:log_to_console:484 - train_f1_zero   0.8339793682098389
2021-06-11 19:54:03.742 | INFO     | slp.plbind.module:log_to_console:484 - train_mae       0.4695816934108734
2021-06-11 19:54:03.743 | INFO     | slp.plbind.module:log_to_console:484 - train_loss      0.4695816934108734
2021-06-11 19:54:03.744 | INFO     | slp.util.system:print_separator:81 - %%%%%%%%%%%%%%%%%%%%%%%%%%%%%%%%%%%%%%%%%%%%%%%%%%
2021-06-11 19:54:05.704 | INFO     | slp.plbind.module:log_to_console:478 - Epoch 14 Validation results
2021-06-11 19:54:05.707 | INFO     | slp.util.system:print_separator:81 - --------------------------------------------------
2021-06-11 19:54:05.709 | INFO     | slp.plbind.module:log_to_console:484 - val_acc2        0.7909937500953674
2021-06-11 19:54:05.711 | INFO     | slp.plbind.module:log_to_console:484 - val_acc2_zero   0.7905014157295227
2021-06-11 19:54:05.712 | INFO     | slp.plbind.module:log_to_console:484 - val_acc5        0.5446680784225464
2021-06-11 19:54:05.714 | INFO     | slp.plbind.module:log_to_console:484 - val_acc7        0.5324859023094177
2021-06-11 19:54:05.715 | INFO     | slp.plbind.module:log_to_console:484 - val_f1          0.7859238386154175
2021-06-11 19:54:05.717 | INFO     | slp.plbind.module:log_to_console:484 - val_f1_zero     0.7929437160491943
2021-06-11 19:54:05.718 | INFO     | slp.plbind.module:log_to_console:484 - val_mae         0.5766162276268005
2021-06-11 19:54:05.720 | INFO     | slp.plbind.module:log_to_console:484 - val_loss        0.5766162276268005
2021-06-11 19:54:05.721 | INFO     | slp.plbind.module:log_to_console:484 - best_score      0.5624943375587463
2021-06-11 19:54:05.722 | INFO     | slp.util.system:print_separator:81 - %%%%%%%%%%%%%%%%%%%%%%%%%%%%%%%%%%%%%%%%%%%%%%%%%%
2021-06-11 19:54:05.725 | INFO     | slp.plbind.helpers:_run_early_stopping_check:25 - Epoch 14 Early Stopping
2021-06-11 19:54:05.727 | INFO     | slp.util.system:print_separator:81 - --------------------------------------------------
2021-06-11 19:54:05.728 | INFO     | slp.plbind.helpers:_run_early_stopping_check:27 - best score      0.5624943971633911
2021-06-11 19:54:05.729 | INFO     | slp.plbind.helpers:_run_early_stopping_check:28 - patience left   5              
2021-06-11 19:54:05.730 | INFO     | slp.util.system:print_separator:81 - ##################################################
2021-06-11 19:54:39.613 | INFO     | slp.plbind.module:log_to_console:478 - Epoch 15 Training results
2021-06-11 19:54:39.614 | INFO     | slp.util.system:print_separator:81 - --------------------------------------------------
2021-06-11 19:54:39.614 | INFO     | slp.plbind.module:log_to_console:484 - train_acc2      0.8728116750717163
2021-06-11 19:54:39.615 | INFO     | slp.plbind.module:log_to_console:484 - train_acc2_zero 0.8313530683517456
2021-06-11 19:54:39.615 | INFO     | slp.plbind.module:log_to_console:484 - train_acc5      0.6238293647766113
2021-06-11 19:54:39.616 | INFO     | slp.plbind.module:log_to_console:484 - train_acc7      0.5983890295028687
2021-06-11 19:54:39.617 | INFO     | slp.plbind.module:log_to_console:484 - train_f1        0.8711889386177063
2021-06-11 19:54:39.617 | INFO     | slp.plbind.module:log_to_console:484 - train_f1_zero   0.8352275490760803
2021-06-11 19:54:39.618 | INFO     | slp.plbind.module:log_to_console:484 - train_mae       0.45782554149627686
2021-06-11 19:54:39.618 | INFO     | slp.plbind.module:log_to_console:484 - train_loss      0.45782554149627686
2021-06-11 19:54:39.619 | INFO     | slp.util.system:print_separator:81 - %%%%%%%%%%%%%%%%%%%%%%%%%%%%%%%%%%%%%%%%%%%%%%%%%%
2021-06-11 19:54:41.593 | INFO     | slp.plbind.module:log_to_console:478 - Epoch 15 Validation results
2021-06-11 19:54:41.596 | INFO     | slp.util.system:print_separator:81 - --------------------------------------------------
2021-06-11 19:54:41.598 | INFO     | slp.plbind.module:log_to_console:484 - val_acc2        0.7816237807273865
2021-06-11 19:54:41.600 | INFO     | slp.plbind.module:log_to_console:484 - val_acc2_zero   0.7512359023094177
2021-06-11 19:54:41.602 | INFO     | slp.plbind.module:log_to_console:484 - val_acc5        0.5355225801467896
2021-06-11 19:54:41.604 | INFO     | slp.plbind.module:log_to_console:484 - val_acc7        0.5233404040336609
2021-06-11 19:54:41.605 | INFO     | slp.plbind.module:log_to_console:484 - val_f1          0.7855492234230042
2021-06-11 19:54:41.607 | INFO     | slp.plbind.module:log_to_console:484 - val_f1_zero     0.7646145820617676
2021-06-11 19:54:41.608 | INFO     | slp.plbind.module:log_to_console:484 - val_mae         0.5888596177101135
2021-06-11 19:54:41.609 | INFO     | slp.plbind.module:log_to_console:484 - val_loss        0.5888596177101135
2021-06-11 19:54:41.611 | INFO     | slp.plbind.module:log_to_console:484 - best_score      0.5624943375587463
2021-06-11 19:54:41.612 | INFO     | slp.util.system:print_separator:81 - %%%%%%%%%%%%%%%%%%%%%%%%%%%%%%%%%%%%%%%%%%%%%%%%%%
2021-06-11 19:54:41.616 | INFO     | slp.plbind.helpers:_run_early_stopping_check:25 - Epoch 15 Early Stopping
2021-06-11 19:54:41.618 | INFO     | slp.util.system:print_separator:81 - --------------------------------------------------
2021-06-11 19:54:41.620 | INFO     | slp.plbind.helpers:_run_early_stopping_check:27 - best score      0.5624943971633911
2021-06-11 19:54:41.622 | INFO     | slp.plbind.helpers:_run_early_stopping_check:28 - patience left   4              
2021-06-11 19:54:41.624 | INFO     | slp.util.system:print_separator:81 - ##################################################
2021-06-11 19:55:15.459 | INFO     | slp.plbind.module:log_to_console:478 - Epoch 16 Training results
2021-06-11 19:55:15.460 | INFO     | slp.util.system:print_separator:81 - --------------------------------------------------
2021-06-11 19:55:15.461 | INFO     | slp.plbind.module:log_to_console:484 - train_acc2      0.8738909363746643
2021-06-11 19:55:15.461 | INFO     | slp.plbind.module:log_to_console:484 - train_acc2_zero 0.8313356041908264
2021-06-11 19:55:15.462 | INFO     | slp.plbind.module:log_to_console:484 - train_acc5      0.635684609413147
2021-06-11 19:55:15.464 | INFO     | slp.plbind.module:log_to_console:484 - train_acc7      0.6108558177947998
2021-06-11 19:55:15.465 | INFO     | slp.plbind.module:log_to_console:484 - train_f1        0.8725745677947998
2021-06-11 19:55:15.466 | INFO     | slp.plbind.module:log_to_console:484 - train_f1_zero   0.8357630968093872
2021-06-11 19:55:15.468 | INFO     | slp.plbind.module:log_to_console:484 - train_mae       0.4499616026878357
2021-06-11 19:55:15.469 | INFO     | slp.plbind.module:log_to_console:484 - train_loss      0.4499616026878357
2021-06-11 19:55:15.471 | INFO     | slp.util.system:print_separator:81 - %%%%%%%%%%%%%%%%%%%%%%%%%%%%%%%%%%%%%%%%%%%%%%%%%%
2021-06-11 19:55:17.491 | INFO     | slp.plbind.module:log_to_console:478 - Epoch 16 Validation results
2021-06-11 19:55:17.493 | INFO     | slp.util.system:print_separator:81 - --------------------------------------------------
2021-06-11 19:55:17.496 | INFO     | slp.plbind.module:log_to_console:484 - val_acc2        0.7750188112258911
2021-06-11 19:55:17.497 | INFO     | slp.plbind.module:log_to_console:484 - val_acc2_zero   0.7951977849006653
2021-06-11 19:55:17.499 | INFO     | slp.plbind.module:log_to_console:484 - val_acc5        0.5408898591995239
2021-06-11 19:55:17.501 | INFO     | slp.plbind.module:log_to_console:484 - val_acc7        0.5324152708053589
2021-06-11 19:55:17.503 | INFO     | slp.plbind.module:log_to_console:484 - val_f1          0.7633501887321472
2021-06-11 19:55:17.504 | INFO     | slp.plbind.module:log_to_console:484 - val_f1_zero     0.789113461971283
2021-06-11 19:55:17.506 | INFO     | slp.plbind.module:log_to_console:484 - val_mae         0.5912401676177979
2021-06-11 19:55:17.507 | INFO     | slp.plbind.module:log_to_console:484 - val_loss        0.5912401676177979
2021-06-11 19:55:17.508 | INFO     | slp.plbind.module:log_to_console:484 - best_score      0.5624943375587463
2021-06-11 19:55:17.510 | INFO     | slp.util.system:print_separator:81 - %%%%%%%%%%%%%%%%%%%%%%%%%%%%%%%%%%%%%%%%%%%%%%%%%%
2021-06-11 19:55:17.515 | INFO     | slp.plbind.helpers:_run_early_stopping_check:25 - Epoch 16 Early Stopping
2021-06-11 19:55:17.517 | INFO     | slp.util.system:print_separator:81 - --------------------------------------------------
2021-06-11 19:55:17.519 | INFO     | slp.plbind.helpers:_run_early_stopping_check:27 - best score      0.5624943971633911
2021-06-11 19:55:17.520 | INFO     | slp.plbind.helpers:_run_early_stopping_check:28 - patience left   3              
2021-06-11 19:55:17.522 | INFO     | slp.util.system:print_separator:81 - ##################################################
2021-06-11 19:55:51.305 | INFO     | slp.plbind.module:log_to_console:478 - Epoch 17 Training results
2021-06-11 19:55:51.305 | INFO     | slp.util.system:print_separator:81 - --------------------------------------------------
2021-06-11 19:55:51.306 | INFO     | slp.plbind.module:log_to_console:484 - train_acc2      0.8755361437797546
2021-06-11 19:55:51.306 | INFO     | slp.plbind.module:log_to_console:484 - train_acc2_zero 0.8341137766838074
2021-06-11 19:55:51.307 | INFO     | slp.plbind.module:log_to_console:484 - train_acc5      0.6386200189590454
2021-06-11 19:55:51.308 | INFO     | slp.plbind.module:log_to_console:484 - train_acc7      0.6147697567939758
2021-06-11 19:55:51.308 | INFO     | slp.plbind.module:log_to_console:484 - train_f1        0.8742773532867432
2021-06-11 19:55:51.309 | INFO     | slp.plbind.module:log_to_console:484 - train_f1_zero   0.8381966352462769
2021-06-11 19:55:51.309 | INFO     | slp.plbind.module:log_to_console:484 - train_mae       0.44313564896583557
2021-06-11 19:55:51.310 | INFO     | slp.plbind.module:log_to_console:484 - train_loss      0.44313564896583557
2021-06-11 19:55:51.310 | INFO     | slp.util.system:print_separator:81 - %%%%%%%%%%%%%%%%%%%%%%%%%%%%%%%%%%%%%%%%%%%%%%%%%%
2021-06-11 19:55:53.139 | INFO     | slp.plbind.module:log_to_console:478 - Epoch 17 Validation results
2021-06-11 19:55:53.140 | INFO     | slp.util.system:print_separator:81 - --------------------------------------------------
2021-06-11 19:55:53.141 | INFO     | slp.plbind.module:log_to_console:484 - val_acc2        0.7827131152153015
2021-06-11 19:55:53.142 | INFO     | slp.plbind.module:log_to_console:484 - val_acc2_zero   0.7671257257461548
2021-06-11 19:55:53.143 | INFO     | slp.plbind.module:log_to_console:484 - val_acc5        0.5287076234817505
2021-06-11 19:55:53.143 | INFO     | slp.plbind.module:log_to_console:484 - val_acc7        0.5197033882141113
2021-06-11 19:55:53.144 | INFO     | slp.plbind.module:log_to_console:484 - val_f1          0.7833288908004761
2021-06-11 19:55:53.145 | INFO     | slp.plbind.module:log_to_console:484 - val_f1_zero     0.7756932973861694
2021-06-11 19:55:53.146 | INFO     | slp.plbind.module:log_to_console:484 - val_mae         0.5802668929100037
2021-06-11 19:55:53.146 | INFO     | slp.plbind.module:log_to_console:484 - val_loss        0.5802668929100037
2021-06-11 19:55:53.147 | INFO     | slp.plbind.module:log_to_console:484 - best_score      0.5624943375587463
2021-06-11 19:55:53.148 | INFO     | slp.util.system:print_separator:81 - %%%%%%%%%%%%%%%%%%%%%%%%%%%%%%%%%%%%%%%%%%%%%%%%%%
2021-06-11 19:55:53.150 | INFO     | slp.plbind.helpers:_run_early_stopping_check:25 - Epoch 17 Early Stopping
2021-06-11 19:55:53.151 | INFO     | slp.util.system:print_separator:81 - --------------------------------------------------
2021-06-11 19:55:53.151 | INFO     | slp.plbind.helpers:_run_early_stopping_check:27 - best score      0.5624943971633911
2021-06-11 19:55:53.152 | INFO     | slp.plbind.helpers:_run_early_stopping_check:28 - patience left   2              
2021-06-11 19:55:53.153 | INFO     | slp.util.system:print_separator:81 - ##################################################
2021-06-11 19:56:26.956 | INFO     | slp.plbind.module:log_to_console:478 - Epoch 18 Training results
2021-06-11 19:56:26.957 | INFO     | slp.util.system:print_separator:81 - --------------------------------------------------
2021-06-11 19:56:26.957 | INFO     | slp.plbind.module:log_to_console:484 - train_acc2      0.8836346864700317
2021-06-11 19:56:26.958 | INFO     | slp.plbind.module:log_to_console:484 - train_acc2_zero 0.8346903920173645
2021-06-11 19:56:26.958 | INFO     | slp.plbind.module:log_to_console:484 - train_acc5      0.6582244038581848
2021-06-11 19:56:26.959 | INFO     | slp.plbind.module:log_to_console:484 - train_acc7      0.6327229142189026
2021-06-11 19:56:26.960 | INFO     | slp.plbind.module:log_to_console:484 - train_f1        0.8825549483299255
2021-06-11 19:56:26.960 | INFO     | slp.plbind.module:log_to_console:484 - train_f1_zero   0.8387905359268188
2021-06-11 19:56:26.961 | INFO     | slp.plbind.module:log_to_console:484 - train_mae       0.4175373315811157
2021-06-11 19:56:26.961 | INFO     | slp.plbind.module:log_to_console:484 - train_loss      0.4175373315811157
2021-06-11 19:56:26.962 | INFO     | slp.util.system:print_separator:81 - %%%%%%%%%%%%%%%%%%%%%%%%%%%%%%%%%%%%%%%%%%%%%%%%%%
2021-06-11 19:56:28.992 | INFO     | slp.plbind.module:log_to_console:478 - Epoch 18 Validation results
2021-06-11 19:56:28.994 | INFO     | slp.util.system:print_separator:81 - --------------------------------------------------
2021-06-11 19:56:28.997 | INFO     | slp.plbind.module:log_to_console:484 - val_acc2        0.7802866697311401
2021-06-11 19:56:28.999 | INFO     | slp.plbind.module:log_to_console:484 - val_acc2_zero   0.7601694464683533
2021-06-11 19:56:29.001 | INFO     | slp.plbind.module:log_to_console:484 - val_acc5        0.5339335799217224
2021-06-11 19:56:29.003 | INFO     | slp.plbind.module:log_to_console:484 - val_acc7        0.5217514038085938
2021-06-11 19:56:29.004 | INFO     | slp.plbind.module:log_to_console:484 - val_f1          0.7836637496948242
2021-06-11 19:56:29.005 | INFO     | slp.plbind.module:log_to_console:484 - val_f1_zero     0.7708378434181213
2021-06-11 19:56:29.007 | INFO     | slp.plbind.module:log_to_console:484 - val_mae         0.5839254260063171
2021-06-11 19:56:29.008 | INFO     | slp.plbind.module:log_to_console:484 - val_loss        0.5839254260063171
2021-06-11 19:56:29.010 | INFO     | slp.plbind.module:log_to_console:484 - best_score      0.5624943375587463
2021-06-11 19:56:29.011 | INFO     | slp.util.system:print_separator:81 - %%%%%%%%%%%%%%%%%%%%%%%%%%%%%%%%%%%%%%%%%%%%%%%%%%
2021-06-11 19:56:29.015 | INFO     | slp.plbind.helpers:_run_early_stopping_check:25 - Epoch 18 Early Stopping
2021-06-11 19:56:29.016 | INFO     | slp.util.system:print_separator:81 - --------------------------------------------------
2021-06-11 19:56:29.017 | INFO     | slp.plbind.helpers:_run_early_stopping_check:27 - best score      0.5624943971633911
2021-06-11 19:56:29.018 | INFO     | slp.plbind.helpers:_run_early_stopping_check:28 - patience left   1              
2021-06-11 19:56:29.020 | INFO     | slp.util.system:print_separator:81 - ##################################################
2021-06-11 19:57:03.089 | INFO     | slp.plbind.module:log_to_console:478 - Epoch 19 Training results
2021-06-11 19:57:03.089 | INFO     | slp.util.system:print_separator:81 - --------------------------------------------------
2021-06-11 19:57:03.090 | INFO     | slp.plbind.module:log_to_console:484 - train_acc2      0.8872984051704407
2021-06-11 19:57:03.091 | INFO     | slp.plbind.module:log_to_console:484 - train_acc2_zero 0.840535044670105
2021-06-11 19:57:03.091 | INFO     | slp.plbind.module:log_to_console:484 - train_acc5      0.66324782371521
2021-06-11 19:57:03.092 | INFO     | slp.plbind.module:log_to_console:484 - train_acc7      0.6388471722602844
2021-06-11 19:57:03.092 | INFO     | slp.plbind.module:log_to_console:484 - train_f1        0.8862610459327698
2021-06-11 19:57:03.094 | INFO     | slp.plbind.module:log_to_console:484 - train_f1_zero   0.8451652526855469
2021-06-11 19:57:03.095 | INFO     | slp.plbind.module:log_to_console:484 - train_mae       0.40752899646759033
2021-06-11 19:57:03.097 | INFO     | slp.plbind.module:log_to_console:484 - train_loss      0.40752899646759033
2021-06-11 19:57:03.098 | INFO     | slp.util.system:print_separator:81 - %%%%%%%%%%%%%%%%%%%%%%%%%%%%%%%%%%%%%%%%%%%%%%%%%%
2021-06-11 19:57:05.100 | INFO     | slp.plbind.module:log_to_console:478 - Epoch 19 Validation results
2021-06-11 19:57:05.102 | INFO     | slp.util.system:print_separator:81 - --------------------------------------------------
2021-06-11 19:57:05.104 | INFO     | slp.plbind.module:log_to_console:484 - val_acc2        0.772374153137207
2021-06-11 19:57:05.106 | INFO     | slp.plbind.module:log_to_console:484 - val_acc2_zero   0.7453389763832092
2021-06-11 19:57:05.108 | INFO     | slp.plbind.module:log_to_console:484 - val_acc5        0.5381708741188049
2021-06-11 19:57:05.110 | INFO     | slp.plbind.module:log_to_console:484 - val_acc7        0.5270479917526245
2021-06-11 19:57:05.112 | INFO     | slp.plbind.module:log_to_console:484 - val_f1          0.7788786888122559
2021-06-11 19:57:05.113 | INFO     | slp.plbind.module:log_to_console:484 - val_f1_zero     0.7600924372673035
2021-06-11 19:57:05.116 | INFO     | slp.plbind.module:log_to_console:484 - val_mae         0.5918112397193909
2021-06-11 19:57:05.118 | INFO     | slp.plbind.module:log_to_console:484 - val_loss        0.5918112397193909
2021-06-11 19:57:05.120 | INFO     | slp.plbind.module:log_to_console:484 - best_score      0.5624943375587463
2021-06-11 19:57:05.122 | INFO     | slp.util.system:print_separator:81 - %%%%%%%%%%%%%%%%%%%%%%%%%%%%%%%%%%%%%%%%%%%%%%%%%%
2021-06-11 19:57:05.127 | INFO     | slp.plbind.helpers:_run_early_stopping_check:25 - Epoch 19 Early Stopping
2021-06-11 19:57:05.129 | INFO     | slp.util.system:print_separator:81 - --------------------------------------------------
2021-06-11 19:57:05.131 | INFO     | slp.plbind.helpers:_run_early_stopping_check:27 - best score      0.5624943971633911
2021-06-11 19:57:05.132 | INFO     | slp.plbind.helpers:_run_early_stopping_check:28 - patience left   0              
2021-06-11 19:57:05.134 | INFO     | slp.plbind.helpers:_run_early_stopping_check:33 - Stopping due to early stopping
2021-06-11 19:57:05.135 | INFO     | slp.util.system:print_separator:81 - ##################################################
2021-06-11 19:57:05.239 | INFO     | pytorch_lightning.profiler.profilers:describe:96 - 

Profiler Report

Action                             	|  Mean duration (s)	|Num calls      	|  Total time (s) 	|  Percentage %   	|
------------------------------------------------------------------------------------------------------------------------------------
Total                              	|  -              	|_              	|  688.12         	|  100 %          	|
------------------------------------------------------------------------------------------------------------------------------------
run_training_epoch                 	|  36.031         	|19             	|  684.58         	|  99.486         	|
run_training_batch                 	|  0.064131       	|9709           	|  622.65         	|  90.485         	|
optimizer_step_and_closure_0       	|  0.061729       	|9709           	|  599.33         	|  87.096         	|
training_step_and_backward         	|  0.051846       	|9709           	|  503.38         	|  73.153         	|
model_forward                      	|  0.029539       	|9709           	|  286.79         	|  41.678         	|
training_step                      	|  0.029294       	|9709           	|  284.41         	|  41.332         	|
model_backward                     	|  0.022055       	|9709           	|  214.13         	|  31.118         	|
evaluation_step_and_end            	|  0.027482       	|1123           	|  30.862         	|  4.485          	|
validation_step                    	|  0.027333       	|1123           	|  30.695         	|  4.4606         	|
get_train_batch                    	|  0.00052323     	|9709           	|  5.0801         	|  0.73826        	|
on_train_batch_end                 	|  0.00014488     	|9709           	|  1.4067         	|  0.20442        	|
on_train_batch_start               	|  0.00012563     	|9709           	|  1.2197         	|  0.17725        	|
cache_result                       	|  1.895e-05      	|52132          	|  0.98789        	|  0.14356        	|
on_validation_end                  	|  0.02802        	|20             	|  0.56041        	|  0.081441       	|
on_after_backward                  	|  3.2266e-05     	|9709           	|  0.31327        	|  0.045525       	|
on_before_zero_grad                	|  2.7773e-05     	|9709           	|  0.26965        	|  0.039186       	|
on_batch_start                     	|  2.6678e-05     	|9709           	|  0.25902        	|  0.037642       	|
on_batch_end                       	|  1.9211e-05     	|9709           	|  0.18652        	|  0.027106       	|
training_step_end                  	|  1.0322e-05     	|9709           	|  0.10022        	|  0.014564       	|
on_validation_batch_end            	|  8.8212e-05     	|1123           	|  0.099062       	|  0.014396       	|
on_train_end                       	|  0.04268        	|1              	|  0.04268        	|  0.0062025      	|
on_validation_batch_start          	|  1.4834e-05     	|1123           	|  0.016659       	|  0.0024209      	|
on_epoch_start                     	|  0.00075202     	|19             	|  0.014288       	|  0.0020764      	|
validation_step_end                	|  1.1543e-05     	|1123           	|  0.012963       	|  0.0018839      	|
on_validation_start                	|  0.00051986     	|20             	|  0.010397       	|  0.001511       	|
on_train_start                     	|  0.0023933      	|1              	|  0.0023933      	|  0.00034781     	|
on_train_epoch_end                 	|  3.1156e-05     	|19             	|  0.00059197     	|  8.6027e-05     	|
on_epoch_end                       	|  1.4588e-05     	|39             	|  0.00056894     	|  8.2681e-05     	|
on_validation_epoch_end            	|  2.7204e-05     	|20             	|  0.00054407     	|  7.9067e-05     	|
on_train_epoch_start               	|  1.6564e-05     	|19             	|  0.00031471     	|  4.5735e-05     	|
on_validation_epoch_start          	|  1.5157e-05     	|20             	|  0.00030314     	|  4.4054e-05     	|
on_fit_start                       	|  2.3629e-05     	|1              	|  2.3629e-05     	|  3.4339e-06     	|
on_before_accelerator_backend_setup	|  9.459e-06      	|1              	|  9.459e-06      	|  1.3746e-06     	|

