2021-06-11 20:12:34.317 | INFO     | slp.util.log:configure_logging:84 - Log file will be saved in logs/table2-run2.20210611-201234.log
2021-06-11 20:12:35.184 | INFO     | slp.plbind.dm:setup:159 - Using provided validation set
2021-06-11 20:12:35.185 | INFO     | slp.plbind.dm:setup:162 - Using provided test set
2021-06-11 20:12:35.185 | INFO     | slp.plbind.dm:setup:212 - Using 16327 samples for training
2021-06-11 20:12:35.185 | INFO     | slp.plbind.dm:setup:213 - Using 1871 samples for validation
2021-06-11 20:12:35.186 | INFO     | slp.plbind.dm:setup:216 - Using 4662 samples for testing
2021-06-11 20:12:35.206 | INFO     | slp.plbind.trainer:make_trainer:428 - Logs will be saved in rnn-m3-0.25-text-0.6/table2-run2
2021-06-11 20:12:35.206 | INFO     | slp.plbind.trainer:make_trainer:429 - Logs will be saved in rnn-m3-0.25-text-0.6/table2-run2/20210611-201235/checkpoints
2021-06-11 20:12:35.240 | INFO     | slp.plbind.trainer:make_trainer:461 - Configured wandb and CSV loggers.
2021-06-11 20:12:35.240 | INFO     | slp.plbind.trainer:make_trainer:462 - Wandb configured to run table2-run2/20210611-201235 in project table2-run2
2021-06-11 20:12:35.241 | INFO     | slp.plbind.trainer:make_trainer:467 - Results will be stored online.
2021-06-11 20:12:35.241 | INFO     | slp.plbind.trainer:make_trainer:475 - Experiment verbose description:
MOSEI RNN-baseline with M3 and higher text drop probability

Tags:['mosei', 'rnn-baseline', 'm3', 'regularization']
2021-06-11 20:12:35.243 | INFO     | slp.plbind.trainer:make_trainer:496 - Configured Early stopping and Model checkpointing to track val_loss
2021-06-11 20:12:35.260 | INFO     | pytorch_lightning.utilities.distributed:_info:54 - GPU available: True, used: True
2021-06-11 20:12:35.261 | INFO     | pytorch_lightning.utilities.distributed:_info:54 - TPU available: None, using: 0 TPU cores
2021-06-11 20:12:36.115 | INFO     | slp.plbind.trainer:watch_model:613 - Tracking model weights & gradients in wandb.
2021-06-11 20:12:36.118 | INFO     | pytorch_lightning.accelerators.gpu:set_nvidia_flags:40 - LOCAL_RANK: 0 - CUDA_VISIBLE_DEVICES: [3]
2021-06-11 20:12:38.709 | INFO     | pytorch_lightning.core.lightning:summarize:1457 - 
  | Name          | Type                            | Params
------------------------------------------------------------------
0 | model         | AudioVisualTextMaskedClassifier | 1.6 M 
1 | criterion     | L1Loss                          | 0     
2 | train_metrics | ModuleDict                      | 0     
3 | val_metrics   | ModuleDict                      | 0     
4 | test_metrics  | ModuleDict                      | 0     
------------------------------------------------------------------
1.6 M     Trainable params
0         Non-trainable params
1.6 M     Total params
6.535     Total estimated model params size (MB)
2021-06-11 20:12:38.991 | INFO     | slp.plbind.module:log_to_console:478 - Epoch 1 Validation results
2021-06-11 20:12:38.992 | INFO     | slp.util.system:print_separator:81 - --------------------------------------------------
2021-06-11 20:12:38.993 | INFO     | slp.plbind.module:log_to_console:484 - val_acc2        0.5549242496490479
2021-06-11 20:12:38.994 | INFO     | slp.plbind.module:log_to_console:484 - val_acc2_zero   0.4375         
2021-06-11 20:12:38.995 | INFO     | slp.plbind.module:log_to_console:484 - val_acc5        0.1875         
2021-06-11 20:12:38.995 | INFO     | slp.plbind.module:log_to_console:484 - val_acc7        0.171875       
2021-06-11 20:12:38.996 | INFO     | slp.plbind.module:log_to_console:484 - val_f1          0.49670180678367615
2021-06-11 20:12:38.997 | INFO     | slp.plbind.module:log_to_console:484 - val_f1_zero     0.3771403729915619
2021-06-11 20:12:38.998 | INFO     | slp.plbind.module:log_to_console:484 - val_mae         2.7877955436706543
2021-06-11 20:12:38.999 | INFO     | slp.plbind.module:log_to_console:484 - val_loss        2.7877955436706543
2021-06-11 20:12:38.999 | INFO     | slp.plbind.module:log_to_console:484 - best_score      inf            
2021-06-11 20:12:39.000 | INFO     | slp.util.system:print_separator:81 - %%%%%%%%%%%%%%%%%%%%%%%%%%%%%%%%%%%%%%%%%%%%%%%%%%
2021-06-11 20:13:12.460 | INFO     | slp.plbind.module:log_to_console:478 - Epoch 1 Training results
2021-06-11 20:13:12.461 | INFO     | slp.util.system:print_separator:81 - --------------------------------------------------
2021-06-11 20:13:12.461 | INFO     | slp.plbind.module:log_to_console:484 - train_acc2      0.6670344471931458
2021-06-11 20:13:12.462 | INFO     | slp.plbind.module:log_to_console:484 - train_acc2_zero 0.6521700620651245
2021-06-11 20:13:12.462 | INFO     | slp.plbind.module:log_to_console:484 - train_acc5      0.37195098400115967
2021-06-11 20:13:12.463 | INFO     | slp.plbind.module:log_to_console:484 - train_acc7      0.36577436327934265
2021-06-11 20:13:12.463 | INFO     | slp.plbind.module:log_to_console:484 - train_f1        0.6446881890296936
2021-06-11 20:13:12.464 | INFO     | slp.plbind.module:log_to_console:484 - train_f1_zero   0.6408179998397827
2021-06-11 20:13:12.464 | INFO     | slp.plbind.module:log_to_console:484 - train_mae       1.1540955305099487
2021-06-11 20:13:12.465 | INFO     | slp.plbind.module:log_to_console:484 - train_loss      1.1540955305099487
2021-06-11 20:13:12.465 | INFO     | slp.util.system:print_separator:81 - %%%%%%%%%%%%%%%%%%%%%%%%%%%%%%%%%%%%%%%%%%%%%%%%%%
2021-06-11 20:13:14.409 | INFO     | slp.plbind.module:log_to_console:478 - Epoch 1 Validation results
2021-06-11 20:13:14.411 | INFO     | slp.util.system:print_separator:81 - --------------------------------------------------
2021-06-11 20:13:14.413 | INFO     | slp.plbind.module:log_to_console:484 - val_acc2        0.6502779722213745
2021-06-11 20:13:14.415 | INFO     | slp.plbind.module:log_to_console:484 - val_acc2_zero   0.5530720353126526
2021-06-11 20:13:14.417 | INFO     | slp.plbind.module:log_to_console:484 - val_acc5        0.4370056390762329
2021-06-11 20:13:14.419 | INFO     | slp.plbind.module:log_to_console:484 - val_acc7        0.4269420802593231
2021-06-11 20:13:14.421 | INFO     | slp.plbind.module:log_to_console:484 - val_f1          0.6466267108917236
2021-06-11 20:13:14.423 | INFO     | slp.plbind.module:log_to_console:484 - val_f1_zero     0.5569954514503479
2021-06-11 20:13:14.424 | INFO     | slp.plbind.module:log_to_console:484 - val_mae         0.8205556869506836
2021-06-11 20:13:14.426 | INFO     | slp.plbind.module:log_to_console:484 - val_loss        0.8205556869506836
2021-06-11 20:13:14.427 | INFO     | slp.plbind.module:log_to_console:484 - best_score      inf            
2021-06-11 20:13:14.429 | INFO     | slp.util.system:print_separator:81 - %%%%%%%%%%%%%%%%%%%%%%%%%%%%%%%%%%%%%%%%%%%%%%%%%%
2021-06-11 20:13:14.433 | INFO     | slp.plbind.helpers:_run_early_stopping_check:25 - Epoch 1 Early Stopping
2021-06-11 20:13:14.434 | INFO     | slp.util.system:print_separator:81 - --------------------------------------------------
2021-06-11 20:13:14.435 | INFO     | slp.plbind.helpers:_run_early_stopping_check:27 - best score      0.8205556869506836
2021-06-11 20:13:14.436 | INFO     | slp.plbind.helpers:_run_early_stopping_check:28 - patience left   10             
2021-06-11 20:13:14.437 | INFO     | slp.util.system:print_separator:81 - ##################################################
2021-06-11 20:13:48.085 | INFO     | slp.plbind.module:log_to_console:478 - Epoch 2 Training results
2021-06-11 20:13:48.086 | INFO     | slp.util.system:print_separator:81 - --------------------------------------------------
2021-06-11 20:13:48.086 | INFO     | slp.plbind.module:log_to_console:484 - train_acc2      0.7699903249740601
2021-06-11 20:13:48.087 | INFO     | slp.plbind.module:log_to_console:484 - train_acc2_zero 0.7428973317146301
2021-06-11 20:13:48.088 | INFO     | slp.plbind.module:log_to_console:484 - train_acc5      0.4526750445365906
2021-06-11 20:13:48.088 | INFO     | slp.plbind.module:log_to_console:484 - train_acc7      0.4463149905204773
2021-06-11 20:13:48.089 | INFO     | slp.plbind.module:log_to_console:484 - train_f1        0.7641531229019165
2021-06-11 20:13:48.089 | INFO     | slp.plbind.module:log_to_console:484 - train_f1_zero   0.7448681592941284
2021-06-11 20:13:48.090 | INFO     | slp.plbind.module:log_to_console:484 - train_mae       0.7087324857711792
2021-06-11 20:13:48.090 | INFO     | slp.plbind.module:log_to_console:484 - train_loss      0.7087324857711792
2021-06-11 20:13:48.091 | INFO     | slp.util.system:print_separator:81 - %%%%%%%%%%%%%%%%%%%%%%%%%%%%%%%%%%%%%%%%%%%%%%%%%%
2021-06-11 20:13:50.000 | INFO     | slp.plbind.module:log_to_console:478 - Epoch 2 Validation results
2021-06-11 20:13:50.002 | INFO     | slp.util.system:print_separator:81 - --------------------------------------------------
2021-06-11 20:13:50.005 | INFO     | slp.plbind.module:log_to_console:484 - val_acc2        0.7888425588607788
2021-06-11 20:13:50.006 | INFO     | slp.plbind.module:log_to_console:484 - val_acc2_zero   0.7528249025344849
2021-06-11 20:13:50.008 | INFO     | slp.plbind.module:log_to_console:484 - val_acc5        0.49540963768959045
2021-06-11 20:13:50.010 | INFO     | slp.plbind.module:log_to_console:484 - val_acc7        0.48852401971817017
2021-06-11 20:13:50.011 | INFO     | slp.plbind.module:log_to_console:484 - val_f1          0.789438009262085
2021-06-11 20:13:50.012 | INFO     | slp.plbind.module:log_to_console:484 - val_f1_zero     0.7627749443054199
2021-06-11 20:13:50.014 | INFO     | slp.plbind.module:log_to_console:484 - val_mae         0.634413480758667
2021-06-11 20:13:50.015 | INFO     | slp.plbind.module:log_to_console:484 - val_loss        0.634413480758667
2021-06-11 20:13:50.017 | INFO     | slp.plbind.module:log_to_console:484 - best_score      0.8205556273460388
2021-06-11 20:13:50.018 | INFO     | slp.util.system:print_separator:81 - %%%%%%%%%%%%%%%%%%%%%%%%%%%%%%%%%%%%%%%%%%%%%%%%%%
2021-06-11 20:13:50.021 | INFO     | slp.plbind.helpers:_run_early_stopping_check:25 - Epoch 2 Early Stopping
2021-06-11 20:13:50.022 | INFO     | slp.util.system:print_separator:81 - --------------------------------------------------
2021-06-11 20:13:50.023 | INFO     | slp.plbind.helpers:_run_early_stopping_check:27 - best score      0.634413480758667
2021-06-11 20:13:50.024 | INFO     | slp.plbind.helpers:_run_early_stopping_check:28 - patience left   10             
2021-06-11 20:13:50.025 | INFO     | slp.util.system:print_separator:81 - ##################################################
2021-06-11 20:14:24.090 | INFO     | slp.plbind.module:log_to_console:478 - Epoch 3 Training results
2021-06-11 20:14:24.091 | INFO     | slp.util.system:print_separator:81 - --------------------------------------------------
2021-06-11 20:14:24.092 | INFO     | slp.plbind.module:log_to_console:484 - train_acc2      0.7964125275611877
2021-06-11 20:14:24.093 | INFO     | slp.plbind.module:log_to_console:484 - train_acc2_zero 0.767577588558197
2021-06-11 20:14:24.093 | INFO     | slp.plbind.module:log_to_console:484 - train_acc5      0.48010727763175964
2021-06-11 20:14:24.094 | INFO     | slp.plbind.module:log_to_console:484 - train_acc7      0.4686102271080017
2021-06-11 20:14:24.094 | INFO     | slp.plbind.module:log_to_console:484 - train_f1        0.7919898629188538
2021-06-11 20:14:24.095 | INFO     | slp.plbind.module:log_to_console:484 - train_f1_zero   0.7704992890357971
2021-06-11 20:14:24.095 | INFO     | slp.plbind.module:log_to_console:484 - train_mae       0.6642075181007385
2021-06-11 20:14:24.096 | INFO     | slp.plbind.module:log_to_console:484 - train_loss      0.6642075181007385
2021-06-11 20:14:24.096 | INFO     | slp.util.system:print_separator:81 - %%%%%%%%%%%%%%%%%%%%%%%%%%%%%%%%%%%%%%%%%%%%%%%%%%
2021-06-11 20:14:26.027 | INFO     | slp.plbind.module:log_to_console:478 - Epoch 3 Validation results
2021-06-11 20:14:26.028 | INFO     | slp.util.system:print_separator:81 - --------------------------------------------------
2021-06-11 20:14:26.029 | INFO     | slp.plbind.module:log_to_console:484 - val_acc2        0.7915708422660828
2021-06-11 20:14:26.030 | INFO     | slp.plbind.module:log_to_console:484 - val_acc2_zero   0.7932909727096558
2021-06-11 20:14:26.031 | INFO     | slp.plbind.module:log_to_console:484 - val_acc5        0.4769420921802521
2021-06-11 20:14:26.031 | INFO     | slp.plbind.module:log_to_console:484 - val_acc7        0.45840397477149963
2021-06-11 20:14:26.032 | INFO     | slp.plbind.module:log_to_console:484 - val_f1          0.78221195936203
2021-06-11 20:14:26.033 | INFO     | slp.plbind.module:log_to_console:484 - val_f1_zero     0.7914373278617859
2021-06-11 20:14:26.033 | INFO     | slp.plbind.module:log_to_console:484 - val_mae         0.6697152256965637
2021-06-11 20:14:26.034 | INFO     | slp.plbind.module:log_to_console:484 - val_loss        0.6697152256965637
2021-06-11 20:14:26.035 | INFO     | slp.plbind.module:log_to_console:484 - best_score      0.634413480758667
2021-06-11 20:14:26.035 | INFO     | slp.util.system:print_separator:81 - %%%%%%%%%%%%%%%%%%%%%%%%%%%%%%%%%%%%%%%%%%%%%%%%%%
2021-06-11 20:14:26.037 | INFO     | slp.plbind.helpers:_run_early_stopping_check:25 - Epoch 3 Early Stopping
2021-06-11 20:14:26.038 | INFO     | slp.util.system:print_separator:81 - --------------------------------------------------
2021-06-11 20:14:26.039 | INFO     | slp.plbind.helpers:_run_early_stopping_check:27 - best score      0.634413480758667
2021-06-11 20:14:26.040 | INFO     | slp.plbind.helpers:_run_early_stopping_check:28 - patience left   9              
2021-06-11 20:14:26.040 | INFO     | slp.util.system:print_separator:81 - ##################################################
2021-06-11 20:15:00.066 | INFO     | slp.plbind.module:log_to_console:478 - Epoch 4 Training results
2021-06-11 20:15:00.067 | INFO     | slp.util.system:print_separator:81 - --------------------------------------------------
2021-06-11 20:15:00.067 | INFO     | slp.plbind.module:log_to_console:484 - train_acc2      0.796562671661377
2021-06-11 20:15:00.068 | INFO     | slp.plbind.module:log_to_console:484 - train_acc2_zero 0.7646596431732178
2021-06-11 20:15:00.069 | INFO     | slp.plbind.module:log_to_console:484 - train_acc5      0.4865896701812744
2021-06-11 20:15:00.069 | INFO     | slp.plbind.module:log_to_console:484 - train_acc7      0.4742364287376404
2021-06-11 20:15:00.070 | INFO     | slp.plbind.module:log_to_console:484 - train_f1        0.7913005352020264
2021-06-11 20:15:00.070 | INFO     | slp.plbind.module:log_to_console:484 - train_f1_zero   0.766834020614624
2021-06-11 20:15:00.071 | INFO     | slp.plbind.module:log_to_console:484 - train_mae       0.6573857665061951
2021-06-11 20:15:00.071 | INFO     | slp.plbind.module:log_to_console:484 - train_loss      0.6573857665061951
2021-06-11 20:15:00.072 | INFO     | slp.util.system:print_separator:81 - %%%%%%%%%%%%%%%%%%%%%%%%%%%%%%%%%%%%%%%%%%%%%%%%%%
2021-06-11 20:15:01.995 | INFO     | slp.plbind.module:log_to_console:478 - Epoch 4 Validation results
2021-06-11 20:15:01.996 | INFO     | slp.util.system:print_separator:81 - --------------------------------------------------
2021-06-11 20:15:01.997 | INFO     | slp.plbind.module:log_to_console:484 - val_acc2        0.7982388734817505
2021-06-11 20:15:01.997 | INFO     | slp.plbind.module:log_to_console:484 - val_acc2_zero   0.8091808557510376
2021-06-11 20:15:01.998 | INFO     | slp.plbind.module:log_to_console:484 - val_acc5        0.4603813588619232
2021-06-11 20:15:01.999 | INFO     | slp.plbind.module:log_to_console:484 - val_acc7        0.44025424122810364
2021-06-11 20:15:01.999 | INFO     | slp.plbind.module:log_to_console:484 - val_f1          0.7852117419242859
2021-06-11 20:15:02.000 | INFO     | slp.plbind.module:log_to_console:484 - val_f1_zero     0.8024101853370667
2021-06-11 20:15:02.001 | INFO     | slp.plbind.module:log_to_console:484 - val_mae         0.6765608787536621
2021-06-11 20:15:02.002 | INFO     | slp.plbind.module:log_to_console:484 - val_loss        0.6765608787536621
2021-06-11 20:15:02.002 | INFO     | slp.plbind.module:log_to_console:484 - best_score      0.634413480758667
2021-06-11 20:15:02.003 | INFO     | slp.util.system:print_separator:81 - %%%%%%%%%%%%%%%%%%%%%%%%%%%%%%%%%%%%%%%%%%%%%%%%%%
2021-06-11 20:15:02.005 | INFO     | slp.plbind.helpers:_run_early_stopping_check:25 - Epoch 4 Early Stopping
2021-06-11 20:15:02.006 | INFO     | slp.util.system:print_separator:81 - --------------------------------------------------
2021-06-11 20:15:02.007 | INFO     | slp.plbind.helpers:_run_early_stopping_check:27 - best score      0.634413480758667
2021-06-11 20:15:02.007 | INFO     | slp.plbind.helpers:_run_early_stopping_check:28 - patience left   8              
2021-06-11 20:15:02.008 | INFO     | slp.util.system:print_separator:81 - ##################################################
2021-06-11 20:15:35.553 | INFO     | slp.plbind.module:log_to_console:478 - Epoch 5 Training results
2021-06-11 20:15:35.554 | INFO     | slp.util.system:print_separator:81 - --------------------------------------------------
2021-06-11 20:15:35.555 | INFO     | slp.plbind.module:log_to_console:484 - train_acc2      0.8149191737174988
2021-06-11 20:15:35.557 | INFO     | slp.plbind.module:log_to_console:484 - train_acc2_zero 0.7835127115249634
2021-06-11 20:15:35.558 | INFO     | slp.plbind.module:log_to_console:484 - train_acc5      0.5024548768997192
2021-06-11 20:15:35.560 | INFO     | slp.plbind.module:log_to_console:484 - train_acc7      0.48716625571250916
2021-06-11 20:15:35.561 | INFO     | slp.plbind.module:log_to_console:484 - train_f1        0.8120434880256653
2021-06-11 20:15:35.563 | INFO     | slp.plbind.module:log_to_console:484 - train_f1_zero   0.7873271107673645
2021-06-11 20:15:35.564 | INFO     | slp.plbind.module:log_to_console:484 - train_mae       0.6318379044532776
2021-06-11 20:15:35.566 | INFO     | slp.plbind.module:log_to_console:484 - train_loss      0.6318379044532776
2021-06-11 20:15:35.567 | INFO     | slp.util.system:print_separator:81 - %%%%%%%%%%%%%%%%%%%%%%%%%%%%%%%%%%%%%%%%%%%%%%%%%%
2021-06-11 20:15:37.398 | INFO     | slp.plbind.module:log_to_console:478 - Epoch 5 Validation results
2021-06-11 20:15:37.400 | INFO     | slp.util.system:print_separator:81 - --------------------------------------------------
2021-06-11 20:15:37.402 | INFO     | slp.plbind.module:log_to_console:484 - val_acc2        0.7989059686660767
2021-06-11 20:15:37.404 | INFO     | slp.plbind.module:log_to_console:484 - val_acc2_zero   0.7901130318641663
2021-06-11 20:15:37.406 | INFO     | slp.plbind.module:log_to_console:484 - val_acc5        0.534604549407959
2021-06-11 20:15:37.408 | INFO     | slp.plbind.module:log_to_console:484 - val_acc7        0.5234816670417786
2021-06-11 20:15:37.410 | INFO     | slp.plbind.module:log_to_console:484 - val_f1          0.7905510067939758
2021-06-11 20:15:37.412 | INFO     | slp.plbind.module:log_to_console:484 - val_f1_zero     0.7892083525657654
2021-06-11 20:15:37.414 | INFO     | slp.plbind.module:log_to_console:484 - val_mae         0.6040019392967224
2021-06-11 20:15:37.415 | INFO     | slp.plbind.module:log_to_console:484 - val_loss        0.6040019392967224
2021-06-11 20:15:37.417 | INFO     | slp.plbind.module:log_to_console:484 - best_score      0.634413480758667
2021-06-11 20:15:37.418 | INFO     | slp.util.system:print_separator:81 - %%%%%%%%%%%%%%%%%%%%%%%%%%%%%%%%%%%%%%%%%%%%%%%%%%
2021-06-11 20:15:37.420 | INFO     | slp.plbind.helpers:_run_early_stopping_check:25 - Epoch 5 Early Stopping
2021-06-11 20:15:37.421 | INFO     | slp.util.system:print_separator:81 - --------------------------------------------------
2021-06-11 20:15:37.422 | INFO     | slp.plbind.helpers:_run_early_stopping_check:27 - best score      0.6040019392967224
2021-06-11 20:15:37.422 | INFO     | slp.plbind.helpers:_run_early_stopping_check:28 - patience left   10             
2021-06-11 20:15:37.423 | INFO     | slp.util.system:print_separator:81 - ##################################################
2021-06-11 20:16:11.308 | INFO     | slp.plbind.module:log_to_console:478 - Epoch 6 Training results
2021-06-11 20:16:11.309 | INFO     | slp.util.system:print_separator:81 - --------------------------------------------------
2021-06-11 20:16:11.310 | INFO     | slp.plbind.module:log_to_console:484 - train_acc2      0.8201320767402649
2021-06-11 20:16:11.310 | INFO     | slp.plbind.module:log_to_console:484 - train_acc2_zero 0.7871382832527161
2021-06-11 20:16:11.311 | INFO     | slp.plbind.module:log_to_console:484 - train_acc5      0.5168612003326416
2021-06-11 20:16:11.311 | INFO     | slp.plbind.module:log_to_console:484 - train_acc7      0.5015113949775696
2021-06-11 20:16:11.312 | INFO     | slp.plbind.module:log_to_console:484 - train_f1        0.8173764944076538
2021-06-11 20:16:11.312 | INFO     | slp.plbind.module:log_to_console:484 - train_f1_zero   0.7908828854560852
2021-06-11 20:16:11.313 | INFO     | slp.plbind.module:log_to_console:484 - train_mae       0.6101930737495422
2021-06-11 20:16:11.313 | INFO     | slp.plbind.module:log_to_console:484 - train_loss      0.6101930737495422
2021-06-11 20:16:11.313 | INFO     | slp.util.system:print_separator:81 - %%%%%%%%%%%%%%%%%%%%%%%%%%%%%%%%%%%%%%%%%%%%%%%%%%
2021-06-11 20:16:13.251 | INFO     | slp.plbind.module:log_to_console:478 - Epoch 6 Validation results
2021-06-11 20:16:13.252 | INFO     | slp.util.system:print_separator:81 - --------------------------------------------------
2021-06-11 20:16:13.253 | INFO     | slp.plbind.module:log_to_console:484 - val_acc2        0.7757939100265503
2021-06-11 20:16:13.255 | INFO     | slp.plbind.module:log_to_console:484 - val_acc2_zero   0.7364760041236877
2021-06-11 20:16:13.256 | INFO     | slp.plbind.module:log_to_console:484 - val_acc5        0.5287782549858093
2021-06-11 20:16:13.257 | INFO     | slp.plbind.module:log_to_console:484 - val_acc7        0.5139477849006653
2021-06-11 20:16:13.258 | INFO     | slp.plbind.module:log_to_console:484 - val_f1          0.7751531600952148
2021-06-11 20:16:13.259 | INFO     | slp.plbind.module:log_to_console:484 - val_f1_zero     0.7440781593322754
2021-06-11 20:16:13.260 | INFO     | slp.plbind.module:log_to_console:484 - val_mae         0.6256263852119446
2021-06-11 20:16:13.262 | INFO     | slp.plbind.module:log_to_console:484 - val_loss        0.6256263852119446
2021-06-11 20:16:13.263 | INFO     | slp.plbind.module:log_to_console:484 - best_score      0.6040019392967224
2021-06-11 20:16:13.264 | INFO     | slp.util.system:print_separator:81 - %%%%%%%%%%%%%%%%%%%%%%%%%%%%%%%%%%%%%%%%%%%%%%%%%%
2021-06-11 20:16:13.267 | INFO     | slp.plbind.helpers:_run_early_stopping_check:25 - Epoch 6 Early Stopping
2021-06-11 20:16:13.268 | INFO     | slp.util.system:print_separator:81 - --------------------------------------------------
2021-06-11 20:16:13.269 | INFO     | slp.plbind.helpers:_run_early_stopping_check:27 - best score      0.6040019392967224
2021-06-11 20:16:13.270 | INFO     | slp.plbind.helpers:_run_early_stopping_check:28 - patience left   9              
2021-06-11 20:16:13.271 | INFO     | slp.util.system:print_separator:81 - ##################################################
2021-06-11 20:16:47.220 | INFO     | slp.plbind.module:log_to_console:478 - Epoch 7 Training results
2021-06-11 20:16:47.221 | INFO     | slp.util.system:print_separator:81 - --------------------------------------------------
2021-06-11 20:16:47.222 | INFO     | slp.plbind.module:log_to_console:484 - train_acc2      0.8294317722320557
2021-06-11 20:16:47.222 | INFO     | slp.plbind.module:log_to_console:484 - train_acc2_zero 0.7970278859138489
2021-06-11 20:16:47.223 | INFO     | slp.plbind.module:log_to_console:484 - train_acc5      0.5260431170463562
2021-06-11 20:16:47.223 | INFO     | slp.plbind.module:log_to_console:484 - train_acc7      0.5105710029602051
2021-06-11 20:16:47.224 | INFO     | slp.plbind.module:log_to_console:484 - train_f1        0.8272732496261597
2021-06-11 20:16:47.224 | INFO     | slp.plbind.module:log_to_console:484 - train_f1_zero   0.8010714054107666
2021-06-11 20:16:47.225 | INFO     | slp.plbind.module:log_to_console:484 - train_mae       0.5917810201644897
2021-06-11 20:16:47.225 | INFO     | slp.plbind.module:log_to_console:484 - train_loss      0.5917810201644897
2021-06-11 20:16:47.225 | INFO     | slp.util.system:print_separator:81 - %%%%%%%%%%%%%%%%%%%%%%%%%%%%%%%%%%%%%%%%%%%%%%%%%%
2021-06-11 20:16:49.300 | INFO     | slp.plbind.module:log_to_console:478 - Epoch 7 Validation results
2021-06-11 20:16:49.301 | INFO     | slp.util.system:print_separator:81 - --------------------------------------------------
2021-06-11 20:16:49.303 | INFO     | slp.plbind.module:log_to_console:484 - val_acc2        0.7951048612594604
2021-06-11 20:16:49.304 | INFO     | slp.plbind.module:log_to_console:484 - val_acc2_zero   0.7662076354026794
2021-06-11 20:16:49.305 | INFO     | slp.plbind.module:log_to_console:484 - val_acc5        0.5139477849006653
2021-06-11 20:16:49.305 | INFO     | slp.plbind.module:log_to_console:484 - val_acc7        0.5086511373519897
2021-06-11 20:16:49.306 | INFO     | slp.plbind.module:log_to_console:484 - val_f1          0.7951048016548157
2021-06-11 20:16:49.307 | INFO     | slp.plbind.module:log_to_console:484 - val_f1_zero     0.774402916431427
2021-06-11 20:16:49.308 | INFO     | slp.plbind.module:log_to_console:484 - val_mae         0.5923227071762085
2021-06-11 20:16:49.309 | INFO     | slp.plbind.module:log_to_console:484 - val_loss        0.5923227071762085
2021-06-11 20:16:49.310 | INFO     | slp.plbind.module:log_to_console:484 - best_score      0.6040019392967224
2021-06-11 20:16:49.311 | INFO     | slp.util.system:print_separator:81 - %%%%%%%%%%%%%%%%%%%%%%%%%%%%%%%%%%%%%%%%%%%%%%%%%%
2021-06-11 20:16:49.313 | INFO     | slp.plbind.helpers:_run_early_stopping_check:25 - Epoch 7 Early Stopping
2021-06-11 20:16:49.314 | INFO     | slp.util.system:print_separator:81 - --------------------------------------------------
2021-06-11 20:16:49.315 | INFO     | slp.plbind.helpers:_run_early_stopping_check:27 - best score      0.5923227071762085
2021-06-11 20:16:49.316 | INFO     | slp.plbind.helpers:_run_early_stopping_check:28 - patience left   10             
2021-06-11 20:16:49.316 | INFO     | slp.util.system:print_separator:81 - ##################################################
2021-06-11 20:17:23.063 | INFO     | slp.plbind.module:log_to_console:478 - Epoch 8 Training results
2021-06-11 20:17:23.064 | INFO     | slp.util.system:print_separator:81 - --------------------------------------------------
2021-06-11 20:17:23.065 | INFO     | slp.plbind.module:log_to_console:484 - train_acc2      0.8399982452392578
2021-06-11 20:17:23.065 | INFO     | slp.plbind.module:log_to_console:484 - train_acc2_zero 0.8047944903373718
2021-06-11 20:17:23.066 | INFO     | slp.plbind.module:log_to_console:484 - train_acc5      0.5444506406784058
2021-06-11 20:17:23.066 | INFO     | slp.plbind.module:log_to_console:484 - train_acc7      0.5258596539497375
2021-06-11 20:17:23.067 | INFO     | slp.plbind.module:log_to_console:484 - train_f1        0.8387999534606934
2021-06-11 20:17:23.067 | INFO     | slp.plbind.module:log_to_console:484 - train_f1_zero   0.8097277283668518
2021-06-11 20:17:23.068 | INFO     | slp.plbind.module:log_to_console:484 - train_mae       0.5697131156921387
2021-06-11 20:17:23.068 | INFO     | slp.plbind.module:log_to_console:484 - train_loss      0.5697131156921387
2021-06-11 20:17:23.069 | INFO     | slp.util.system:print_separator:81 - %%%%%%%%%%%%%%%%%%%%%%%%%%%%%%%%%%%%%%%%%%%%%%%%%%
2021-06-11 20:17:24.940 | INFO     | slp.plbind.module:log_to_console:478 - Epoch 8 Validation results
2021-06-11 20:17:24.942 | INFO     | slp.util.system:print_separator:81 - --------------------------------------------------
2021-06-11 20:17:24.944 | INFO     | slp.plbind.module:log_to_console:484 - val_acc2        0.785140335559845
2021-06-11 20:17:24.946 | INFO     | slp.plbind.module:log_to_console:484 - val_acc2_zero   0.8176553845405579
2021-06-11 20:17:24.948 | INFO     | slp.plbind.module:log_to_console:484 - val_acc5        0.5081214904785156
2021-06-11 20:17:24.950 | INFO     | slp.plbind.module:log_to_console:484 - val_acc7        0.5001765489578247
2021-06-11 20:17:24.952 | INFO     | slp.plbind.module:log_to_console:484 - val_f1          0.7603968977928162
2021-06-11 20:17:24.953 | INFO     | slp.plbind.module:log_to_console:484 - val_f1_zero     0.7977035045623779
2021-06-11 20:17:24.959 | INFO     | slp.plbind.module:log_to_console:484 - val_mae         0.6171041131019592
2021-06-11 20:17:24.961 | INFO     | slp.plbind.module:log_to_console:484 - val_loss        0.6171041131019592
2021-06-11 20:17:24.963 | INFO     | slp.plbind.module:log_to_console:484 - best_score      0.5923227667808533
2021-06-11 20:17:24.965 | INFO     | slp.util.system:print_separator:81 - %%%%%%%%%%%%%%%%%%%%%%%%%%%%%%%%%%%%%%%%%%%%%%%%%%
2021-06-11 20:17:24.969 | INFO     | slp.plbind.helpers:_run_early_stopping_check:25 - Epoch 8 Early Stopping
2021-06-11 20:17:24.971 | INFO     | slp.util.system:print_separator:81 - --------------------------------------------------
2021-06-11 20:17:24.973 | INFO     | slp.plbind.helpers:_run_early_stopping_check:27 - best score      0.5923227071762085
2021-06-11 20:17:24.974 | INFO     | slp.plbind.helpers:_run_early_stopping_check:28 - patience left   9              
2021-06-11 20:17:24.976 | INFO     | slp.util.system:print_separator:81 - ##################################################
2021-06-11 20:17:58.522 | INFO     | slp.plbind.module:log_to_console:478 - Epoch 9 Training results
2021-06-11 20:17:58.523 | INFO     | slp.util.system:print_separator:81 - --------------------------------------------------
2021-06-11 20:17:58.523 | INFO     | slp.plbind.module:log_to_console:484 - train_acc2      0.8413190841674805
2021-06-11 20:17:58.524 | INFO     | slp.plbind.module:log_to_console:484 - train_acc2_zero 0.8053361773490906
2021-06-11 20:17:58.525 | INFO     | slp.plbind.module:log_to_console:484 - train_acc5      0.5474734306335449
2021-06-11 20:17:58.526 | INFO     | slp.plbind.module:log_to_console:484 - train_acc7      0.5296773910522461
2021-06-11 20:17:58.527 | INFO     | slp.plbind.module:log_to_console:484 - train_f1        0.8387148976325989
2021-06-11 20:17:58.527 | INFO     | slp.plbind.module:log_to_console:484 - train_f1_zero   0.8087401390075684
2021-06-11 20:17:58.528 | INFO     | slp.plbind.module:log_to_console:484 - train_mae       0.5662267804145813
2021-06-11 20:17:58.528 | INFO     | slp.plbind.module:log_to_console:484 - train_loss      0.5662267804145813
2021-06-11 20:17:58.529 | INFO     | slp.util.system:print_separator:81 - %%%%%%%%%%%%%%%%%%%%%%%%%%%%%%%%%%%%%%%%%%%%%%%%%%
2021-06-11 20:18:00.462 | INFO     | slp.plbind.module:log_to_console:478 - Epoch 9 Validation results
2021-06-11 20:18:00.464 | INFO     | slp.util.system:print_separator:81 - --------------------------------------------------
2021-06-11 20:18:00.466 | INFO     | slp.plbind.module:log_to_console:484 - val_acc2        0.7581296563148499
2021-06-11 20:18:00.468 | INFO     | slp.plbind.module:log_to_console:484 - val_acc2_zero   0.6949505805969238
2021-06-11 20:18:00.470 | INFO     | slp.plbind.module:log_to_console:484 - val_acc5        0.5202330350875854
2021-06-11 20:18:00.472 | INFO     | slp.plbind.module:log_to_console:484 - val_acc7        0.5138771533966064
2021-06-11 20:18:00.474 | INFO     | slp.plbind.module:log_to_console:484 - val_f1          0.7645379900932312
2021-06-11 20:18:00.486 | INFO     | slp.plbind.module:log_to_console:484 - val_f1_zero     0.7103403806686401
2021-06-11 20:18:00.487 | INFO     | slp.plbind.module:log_to_console:484 - val_mae         0.6040419340133667
2021-06-11 20:18:00.488 | INFO     | slp.plbind.module:log_to_console:484 - val_loss        0.6040419340133667
2021-06-11 20:18:00.489 | INFO     | slp.plbind.module:log_to_console:484 - best_score      0.5923227667808533
2021-06-11 20:18:00.490 | INFO     | slp.util.system:print_separator:81 - %%%%%%%%%%%%%%%%%%%%%%%%%%%%%%%%%%%%%%%%%%%%%%%%%%
2021-06-11 20:18:00.493 | INFO     | slp.plbind.helpers:_run_early_stopping_check:25 - Epoch 9 Early Stopping
2021-06-11 20:18:00.494 | INFO     | slp.util.system:print_separator:81 - --------------------------------------------------
2021-06-11 20:18:00.495 | INFO     | slp.plbind.helpers:_run_early_stopping_check:27 - best score      0.5923227071762085
2021-06-11 20:18:00.499 | INFO     | slp.plbind.helpers:_run_early_stopping_check:28 - patience left   8              
2021-06-11 20:18:00.501 | INFO     | slp.util.system:print_separator:81 - ##################################################
2021-06-11 20:18:34.256 | INFO     | slp.plbind.module:log_to_console:478 - Epoch 10 Training results
2021-06-11 20:18:34.258 | INFO     | slp.util.system:print_separator:81 - --------------------------------------------------
2021-06-11 20:18:34.260 | INFO     | slp.plbind.module:log_to_console:484 - train_acc2      0.8449826836585999
2021-06-11 20:18:34.261 | INFO     | slp.plbind.module:log_to_console:484 - train_acc2_zero 0.8092588186264038
2021-06-11 20:18:34.262 | INFO     | slp.plbind.module:log_to_console:484 - train_acc5      0.5548644065856934
2021-06-11 20:18:34.264 | INFO     | slp.plbind.module:log_to_console:484 - train_acc7      0.5354783535003662
2021-06-11 20:18:34.265 | INFO     | slp.plbind.module:log_to_console:484 - train_f1        0.8423669338226318
2021-06-11 20:18:34.266 | INFO     | slp.plbind.module:log_to_console:484 - train_f1_zero   0.8128048181533813
2021-06-11 20:18:34.267 | INFO     | slp.plbind.module:log_to_console:484 - train_mae       0.5528848767280579
2021-06-11 20:18:34.267 | INFO     | slp.plbind.module:log_to_console:484 - train_loss      0.5528848767280579
2021-06-11 20:18:34.268 | INFO     | slp.util.system:print_separator:81 - %%%%%%%%%%%%%%%%%%%%%%%%%%%%%%%%%%%%%%%%%%%%%%%%%%
2021-06-11 20:18:36.198 | INFO     | slp.plbind.module:log_to_console:478 - Epoch 10 Validation results
2021-06-11 20:18:36.199 | INFO     | slp.util.system:print_separator:81 - --------------------------------------------------
2021-06-11 20:18:36.200 | INFO     | slp.plbind.module:log_to_console:484 - val_acc2        0.7991251349449158
2021-06-11 20:18:36.201 | INFO     | slp.plbind.module:log_to_console:484 - val_acc2_zero   0.7788488864898682
2021-06-11 20:18:36.202 | INFO     | slp.plbind.module:log_to_console:484 - val_acc5        0.5461158156394958
2021-06-11 20:18:36.202 | INFO     | slp.plbind.module:log_to_console:484 - val_acc7        0.5275776982307434
2021-06-11 20:18:36.203 | INFO     | slp.plbind.module:log_to_console:484 - val_f1          0.8018461465835571
2021-06-11 20:18:36.204 | INFO     | slp.plbind.module:log_to_console:484 - val_f1_zero     0.7890732884407043
2021-06-11 20:18:36.205 | INFO     | slp.plbind.module:log_to_console:484 - val_mae         0.5815605521202087
2021-06-11 20:18:36.206 | INFO     | slp.plbind.module:log_to_console:484 - val_loss        0.5815605521202087
2021-06-11 20:18:36.206 | INFO     | slp.plbind.module:log_to_console:484 - best_score      0.5923227667808533
2021-06-11 20:18:36.207 | INFO     | slp.util.system:print_separator:81 - %%%%%%%%%%%%%%%%%%%%%%%%%%%%%%%%%%%%%%%%%%%%%%%%%%
2021-06-11 20:18:36.209 | INFO     | slp.plbind.helpers:_run_early_stopping_check:25 - Epoch 10 Early Stopping
2021-06-11 20:18:36.210 | INFO     | slp.util.system:print_separator:81 - --------------------------------------------------
2021-06-11 20:18:36.211 | INFO     | slp.plbind.helpers:_run_early_stopping_check:27 - best score      0.5815605521202087
2021-06-11 20:18:36.212 | INFO     | slp.plbind.helpers:_run_early_stopping_check:28 - patience left   10             
2021-06-11 20:18:36.212 | INFO     | slp.util.system:print_separator:81 - ##################################################
2021-06-11 20:19:10.247 | INFO     | slp.plbind.module:log_to_console:478 - Epoch 11 Training results
2021-06-11 20:19:10.248 | INFO     | slp.util.system:print_separator:81 - --------------------------------------------------
2021-06-11 20:19:10.249 | INFO     | slp.plbind.module:log_to_console:484 - train_acc2      0.8502124547958374
2021-06-11 20:19:10.249 | INFO     | slp.plbind.module:log_to_console:484 - train_acc2_zero 0.8115477561950684
2021-06-11 20:19:10.250 | INFO     | slp.plbind.module:log_to_console:484 - train_acc5      0.5651209354400635
2021-06-11 20:19:10.250 | INFO     | slp.plbind.module:log_to_console:484 - train_acc7      0.5436206459999084
2021-06-11 20:19:10.251 | INFO     | slp.plbind.module:log_to_console:484 - train_f1        0.8483051657676697
2021-06-11 20:19:10.251 | INFO     | slp.plbind.module:log_to_console:484 - train_f1_zero   0.8155853152275085
2021-06-11 20:19:10.252 | INFO     | slp.plbind.module:log_to_console:484 - train_mae       0.5379140377044678
2021-06-11 20:19:10.252 | INFO     | slp.plbind.module:log_to_console:484 - train_loss      0.5379140377044678
2021-06-11 20:19:10.253 | INFO     | slp.util.system:print_separator:81 - %%%%%%%%%%%%%%%%%%%%%%%%%%%%%%%%%%%%%%%%%%%%%%%%%%
2021-06-11 20:19:12.185 | INFO     | slp.plbind.module:log_to_console:478 - Epoch 11 Validation results
2021-06-11 20:19:12.187 | INFO     | slp.util.system:print_separator:81 - --------------------------------------------------
2021-06-11 20:19:12.190 | INFO     | slp.plbind.module:log_to_console:484 - val_acc2        0.7989934086799622
2021-06-11 20:19:12.192 | INFO     | slp.plbind.module:log_to_console:484 - val_acc2_zero   0.782944917678833
2021-06-11 20:19:12.193 | INFO     | slp.plbind.module:log_to_console:484 - val_acc5        0.5287782549858093
2021-06-11 20:19:12.195 | INFO     | slp.plbind.module:log_to_console:484 - val_acc7        0.5081214904785156
2021-06-11 20:19:12.196 | INFO     | slp.plbind.module:log_to_console:484 - val_f1          0.7999638915061951
2021-06-11 20:19:12.198 | INFO     | slp.plbind.module:log_to_console:484 - val_f1_zero     0.7907159924507141
2021-06-11 20:19:12.200 | INFO     | slp.plbind.module:log_to_console:484 - val_mae         0.6228634715080261
2021-06-11 20:19:12.201 | INFO     | slp.plbind.module:log_to_console:484 - val_loss        0.6228634715080261
2021-06-11 20:19:12.202 | INFO     | slp.plbind.module:log_to_console:484 - best_score      0.581560492515564
2021-06-11 20:19:12.203 | INFO     | slp.util.system:print_separator:81 - %%%%%%%%%%%%%%%%%%%%%%%%%%%%%%%%%%%%%%%%%%%%%%%%%%
2021-06-11 20:19:12.206 | INFO     | slp.plbind.helpers:_run_early_stopping_check:25 - Epoch 11 Early Stopping
2021-06-11 20:19:12.206 | INFO     | slp.util.system:print_separator:81 - --------------------------------------------------
2021-06-11 20:19:12.207 | INFO     | slp.plbind.helpers:_run_early_stopping_check:27 - best score      0.5815605521202087
2021-06-11 20:19:12.208 | INFO     | slp.plbind.helpers:_run_early_stopping_check:28 - patience left   9              
2021-06-11 20:19:12.209 | INFO     | slp.util.system:print_separator:81 - ##################################################
2021-06-11 20:19:46.230 | INFO     | slp.plbind.module:log_to_console:478 - Epoch 12 Training results
2021-06-11 20:19:46.230 | INFO     | slp.util.system:print_separator:81 - --------------------------------------------------
2021-06-11 20:19:46.231 | INFO     | slp.plbind.module:log_to_console:484 - train_acc2      0.857137143611908
2021-06-11 20:19:46.232 | INFO     | slp.plbind.module:log_to_console:484 - train_acc2_zero 0.8191920518875122
2021-06-11 20:19:46.232 | INFO     | slp.plbind.module:log_to_console:484 - train_acc5      0.5756394863128662
2021-06-11 20:19:46.233 | INFO     | slp.plbind.module:log_to_console:484 - train_acc7      0.5535627007484436
2021-06-11 20:19:46.233 | INFO     | slp.plbind.module:log_to_console:484 - train_f1        0.8553547859191895
2021-06-11 20:19:46.234 | INFO     | slp.plbind.module:log_to_console:484 - train_f1_zero   0.8231502175331116
2021-06-11 20:19:46.234 | INFO     | slp.plbind.module:log_to_console:484 - train_mae       0.5229663848876953
2021-06-11 20:19:46.235 | INFO     | slp.plbind.module:log_to_console:484 - train_loss      0.5229663848876953
2021-06-11 20:19:46.235 | INFO     | slp.util.system:print_separator:81 - %%%%%%%%%%%%%%%%%%%%%%%%%%%%%%%%%%%%%%%%%%%%%%%%%%
2021-06-11 20:19:48.167 | INFO     | slp.plbind.module:log_to_console:478 - Epoch 12 Validation results
2021-06-11 20:19:48.168 | INFO     | slp.util.system:print_separator:81 - --------------------------------------------------
2021-06-11 20:19:48.169 | INFO     | slp.plbind.module:log_to_console:484 - val_acc2        0.7491157054901123
2021-06-11 20:19:48.170 | INFO     | slp.plbind.module:log_to_console:484 - val_acc2_zero   0.7066031098365784
2021-06-11 20:19:48.170 | INFO     | slp.plbind.module:log_to_console:484 - val_acc5        0.5282486081123352
2021-06-11 20:19:48.171 | INFO     | slp.plbind.module:log_to_console:484 - val_acc7        0.5139477849006653
2021-06-11 20:19:48.172 | INFO     | slp.plbind.module:log_to_console:484 - val_f1          0.7629278302192688
2021-06-11 20:19:48.173 | INFO     | slp.plbind.module:log_to_console:484 - val_f1_zero     0.729935884475708
2021-06-11 20:19:48.174 | INFO     | slp.plbind.module:log_to_console:484 - val_mae         0.6136922836303711
2021-06-11 20:19:48.174 | INFO     | slp.plbind.module:log_to_console:484 - val_loss        0.6136922836303711
2021-06-11 20:19:48.175 | INFO     | slp.plbind.module:log_to_console:484 - best_score      0.581560492515564
2021-06-11 20:19:48.176 | INFO     | slp.util.system:print_separator:81 - %%%%%%%%%%%%%%%%%%%%%%%%%%%%%%%%%%%%%%%%%%%%%%%%%%
2021-06-11 20:19:48.178 | INFO     | slp.plbind.helpers:_run_early_stopping_check:25 - Epoch 12 Early Stopping
2021-06-11 20:19:48.179 | INFO     | slp.util.system:print_separator:81 - --------------------------------------------------
2021-06-11 20:19:48.180 | INFO     | slp.plbind.helpers:_run_early_stopping_check:27 - best score      0.5815605521202087
2021-06-11 20:19:48.180 | INFO     | slp.plbind.helpers:_run_early_stopping_check:28 - patience left   8              
2021-06-11 20:19:48.181 | INFO     | slp.util.system:print_separator:81 - ##################################################
2021-06-11 20:20:21.985 | INFO     | slp.plbind.module:log_to_console:478 - Epoch 13 Training results
2021-06-11 20:20:21.986 | INFO     | slp.util.system:print_separator:81 - --------------------------------------------------
2021-06-11 20:20:21.988 | INFO     | slp.plbind.module:log_to_console:484 - train_acc2      0.8654917478561401
2021-06-11 20:20:21.990 | INFO     | slp.plbind.module:log_to_console:484 - train_acc2_zero 0.8278323411941528
2021-06-11 20:20:21.991 | INFO     | slp.plbind.module:log_to_console:484 - train_acc5      0.5892769694328308
2021-06-11 20:20:21.993 | INFO     | slp.plbind.module:log_to_console:484 - train_acc7      0.5673224925994873
2021-06-11 20:20:21.994 | INFO     | slp.plbind.module:log_to_console:484 - train_f1        0.8631845712661743
2021-06-11 20:20:21.995 | INFO     | slp.plbind.module:log_to_console:484 - train_f1_zero   0.8308928608894348
2021-06-11 20:20:21.997 | INFO     | slp.plbind.module:log_to_console:484 - train_mae       0.5125672817230225
2021-06-11 20:20:21.998 | INFO     | slp.plbind.module:log_to_console:484 - train_loss      0.5125672817230225
2021-06-11 20:20:21.999 | INFO     | slp.util.system:print_separator:81 - %%%%%%%%%%%%%%%%%%%%%%%%%%%%%%%%%%%%%%%%%%%%%%%%%%
2021-06-11 20:20:23.955 | INFO     | slp.plbind.module:log_to_console:478 - Epoch 13 Validation results
2021-06-11 20:20:23.956 | INFO     | slp.util.system:print_separator:81 - --------------------------------------------------
2021-06-11 20:20:23.956 | INFO     | slp.plbind.module:log_to_console:484 - val_acc2        0.7705389857292175
2021-06-11 20:20:23.957 | INFO     | slp.plbind.module:log_to_console:484 - val_acc2_zero   0.722104549407959
2021-06-11 20:20:23.958 | INFO     | slp.plbind.module:log_to_console:484 - val_acc5        0.5293079614639282
2021-06-11 20:20:23.959 | INFO     | slp.plbind.module:log_to_console:484 - val_acc7        0.5229520201683044
2021-06-11 20:20:23.960 | INFO     | slp.plbind.module:log_to_console:484 - val_f1          0.7769856452941895
2021-06-11 20:20:23.960 | INFO     | slp.plbind.module:log_to_console:484 - val_f1_zero     0.7352271676063538
2021-06-11 20:20:23.961 | INFO     | slp.plbind.module:log_to_console:484 - val_mae         0.5959181785583496
2021-06-11 20:20:23.962 | INFO     | slp.plbind.module:log_to_console:484 - val_loss        0.5959181785583496
2021-06-11 20:20:23.962 | INFO     | slp.plbind.module:log_to_console:484 - best_score      0.581560492515564
2021-06-11 20:20:23.963 | INFO     | slp.util.system:print_separator:81 - %%%%%%%%%%%%%%%%%%%%%%%%%%%%%%%%%%%%%%%%%%%%%%%%%%
2021-06-11 20:20:23.965 | INFO     | slp.plbind.helpers:_run_early_stopping_check:25 - Epoch 13 Early Stopping
2021-06-11 20:20:23.966 | INFO     | slp.util.system:print_separator:81 - --------------------------------------------------
2021-06-11 20:20:23.967 | INFO     | slp.plbind.helpers:_run_early_stopping_check:27 - best score      0.5815605521202087
2021-06-11 20:20:23.967 | INFO     | slp.plbind.helpers:_run_early_stopping_check:28 - patience left   7              
2021-06-11 20:20:23.968 | INFO     | slp.util.system:print_separator:81 - ##################################################
2021-06-11 20:20:57.888 | INFO     | slp.plbind.module:log_to_console:478 - Epoch 14 Training results
2021-06-11 20:20:57.889 | INFO     | slp.util.system:print_separator:81 - --------------------------------------------------
2021-06-11 20:20:57.889 | INFO     | slp.plbind.module:log_to_console:484 - train_acc2      0.8734302520751953
2021-06-11 20:20:57.890 | INFO     | slp.plbind.module:log_to_console:484 - train_acc2_zero 0.8288282752037048
2021-06-11 20:20:57.890 | INFO     | slp.plbind.module:log_to_console:484 - train_acc5      0.6157569289207458
2021-06-11 20:20:57.891 | INFO     | slp.plbind.module:log_to_console:484 - train_acc7      0.5919066667556763
2021-06-11 20:20:57.892 | INFO     | slp.plbind.module:log_to_console:484 - train_f1        0.8722828030586243
2021-06-11 20:20:57.892 | INFO     | slp.plbind.module:log_to_console:484 - train_f1_zero   0.8333448171615601
2021-06-11 20:20:57.892 | INFO     | slp.plbind.module:log_to_console:484 - train_mae       0.47377270460128784
2021-06-11 20:20:57.893 | INFO     | slp.plbind.module:log_to_console:484 - train_loss      0.47377270460128784
2021-06-11 20:20:57.893 | INFO     | slp.util.system:print_separator:81 - %%%%%%%%%%%%%%%%%%%%%%%%%%%%%%%%%%%%%%%%%%%%%%%%%%
2021-06-11 20:20:59.795 | INFO     | slp.plbind.module:log_to_console:478 - Epoch 14 Validation results
2021-06-11 20:20:59.795 | INFO     | slp.util.system:print_separator:81 - --------------------------------------------------
2021-06-11 20:20:59.796 | INFO     | slp.plbind.module:log_to_console:484 - val_acc2        0.7956426739692688
2021-06-11 20:20:59.797 | INFO     | slp.plbind.module:log_to_console:484 - val_acc2_zero   0.7665960788726807
2021-06-11 20:20:59.798 | INFO     | slp.plbind.module:log_to_console:484 - val_acc5        0.5344632863998413
2021-06-11 20:20:59.799 | INFO     | slp.plbind.module:log_to_console:484 - val_acc7        0.5201624035835266
2021-06-11 20:20:59.799 | INFO     | slp.plbind.module:log_to_console:484 - val_f1          0.8010122179985046
2021-06-11 20:20:59.800 | INFO     | slp.plbind.module:log_to_console:484 - val_f1_zero     0.7803477644920349
2021-06-11 20:20:59.801 | INFO     | slp.plbind.module:log_to_console:484 - val_mae         0.5841343402862549
2021-06-11 20:20:59.802 | INFO     | slp.plbind.module:log_to_console:484 - val_loss        0.5841343402862549
2021-06-11 20:20:59.802 | INFO     | slp.plbind.module:log_to_console:484 - best_score      0.581560492515564
2021-06-11 20:20:59.803 | INFO     | slp.util.system:print_separator:81 - %%%%%%%%%%%%%%%%%%%%%%%%%%%%%%%%%%%%%%%%%%%%%%%%%%
2021-06-11 20:20:59.805 | INFO     | slp.plbind.helpers:_run_early_stopping_check:25 - Epoch 14 Early Stopping
2021-06-11 20:20:59.806 | INFO     | slp.util.system:print_separator:81 - --------------------------------------------------
2021-06-11 20:20:59.807 | INFO     | slp.plbind.helpers:_run_early_stopping_check:27 - best score      0.5815605521202087
2021-06-11 20:20:59.807 | INFO     | slp.plbind.helpers:_run_early_stopping_check:28 - patience left   6              
2021-06-11 20:20:59.808 | INFO     | slp.util.system:print_separator:81 - ##################################################
2021-06-11 20:21:33.759 | INFO     | slp.plbind.module:log_to_console:478 - Epoch 15 Training results
2021-06-11 20:21:33.760 | INFO     | slp.util.system:print_separator:81 - --------------------------------------------------
2021-06-11 20:21:33.761 | INFO     | slp.plbind.module:log_to_console:484 - train_acc2      0.8795000910758972
2021-06-11 20:21:33.761 | INFO     | slp.plbind.module:log_to_console:484 - train_acc2_zero 0.8317025303840637
2021-06-11 20:21:33.762 | INFO     | slp.plbind.module:log_to_console:484 - train_acc5      0.6228246688842773
2021-06-11 20:21:33.762 | INFO     | slp.plbind.module:log_to_console:484 - train_acc7      0.599524736404419
2021-06-11 20:21:33.763 | INFO     | slp.plbind.module:log_to_console:484 - train_f1        0.8783525824546814
2021-06-11 20:21:33.764 | INFO     | slp.plbind.module:log_to_console:484 - train_f1_zero   0.8363345861434937
2021-06-11 20:21:33.764 | INFO     | slp.plbind.module:log_to_console:484 - train_mae       0.45805221796035767
2021-06-11 20:21:33.765 | INFO     | slp.plbind.module:log_to_console:484 - train_loss      0.45805221796035767
2021-06-11 20:21:33.765 | INFO     | slp.util.system:print_separator:81 - %%%%%%%%%%%%%%%%%%%%%%%%%%%%%%%%%%%%%%%%%%%%%%%%%%
2021-06-11 20:21:35.509 | INFO     | slp.plbind.module:log_to_console:478 - Epoch 15 Validation results
2021-06-11 20:21:35.512 | INFO     | slp.util.system:print_separator:81 - --------------------------------------------------
2021-06-11 20:21:35.514 | INFO     | slp.plbind.module:log_to_console:484 - val_acc2        0.7962638735771179
2021-06-11 20:21:35.516 | INFO     | slp.plbind.module:log_to_console:484 - val_acc2_zero   0.774470329284668
2021-06-11 20:21:35.518 | INFO     | slp.plbind.module:log_to_console:484 - val_acc5        0.540360152721405
2021-06-11 20:21:35.520 | INFO     | slp.plbind.module:log_to_console:484 - val_acc7        0.5250000357627869
2021-06-11 20:21:35.521 | INFO     | slp.plbind.module:log_to_console:484 - val_f1          0.799335777759552
2021-06-11 20:21:35.523 | INFO     | slp.plbind.module:log_to_console:484 - val_f1_zero     0.7848213911056519
2021-06-11 20:21:35.525 | INFO     | slp.plbind.module:log_to_console:484 - val_mae         0.5839813351631165
2021-06-11 20:21:35.527 | INFO     | slp.plbind.module:log_to_console:484 - val_loss        0.5839813351631165
2021-06-11 20:21:35.528 | INFO     | slp.plbind.module:log_to_console:484 - best_score      0.581560492515564
2021-06-11 20:21:35.529 | INFO     | slp.util.system:print_separator:81 - %%%%%%%%%%%%%%%%%%%%%%%%%%%%%%%%%%%%%%%%%%%%%%%%%%
2021-06-11 20:21:35.533 | INFO     | slp.plbind.helpers:_run_early_stopping_check:25 - Epoch 15 Early Stopping
2021-06-11 20:21:35.534 | INFO     | slp.util.system:print_separator:81 - --------------------------------------------------
2021-06-11 20:21:35.536 | INFO     | slp.plbind.helpers:_run_early_stopping_check:27 - best score      0.5815605521202087
2021-06-11 20:21:35.537 | INFO     | slp.plbind.helpers:_run_early_stopping_check:28 - patience left   5              
2021-06-11 20:21:35.538 | INFO     | slp.util.system:print_separator:81 - ##################################################
2021-06-11 20:22:09.187 | INFO     | slp.plbind.module:log_to_console:478 - Epoch 16 Training results
2021-06-11 20:22:09.188 | INFO     | slp.util.system:print_separator:81 - --------------------------------------------------
2021-06-11 20:22:09.188 | INFO     | slp.plbind.module:log_to_console:484 - train_acc2      0.8791497945785522
2021-06-11 20:22:09.189 | INFO     | slp.plbind.module:log_to_console:484 - train_acc2_zero 0.8355814814567566
2021-06-11 20:22:09.190 | INFO     | slp.plbind.module:log_to_console:484 - train_acc5      0.634985625743866
2021-06-11 20:22:09.190 | INFO     | slp.plbind.module:log_to_console:484 - train_acc7      0.6124807596206665
2021-06-11 20:22:09.191 | INFO     | slp.plbind.module:log_to_console:484 - train_f1        0.8779336214065552
2021-06-11 20:22:09.191 | INFO     | slp.plbind.module:log_to_console:484 - train_f1_zero   0.8396086692810059
2021-06-11 20:22:09.192 | INFO     | slp.plbind.module:log_to_console:484 - train_mae       0.4464973211288452
2021-06-11 20:22:09.192 | INFO     | slp.plbind.module:log_to_console:484 - train_loss      0.4464973211288452
2021-06-11 20:22:09.193 | INFO     | slp.util.system:print_separator:81 - %%%%%%%%%%%%%%%%%%%%%%%%%%%%%%%%%%%%%%%%%%%%%%%%%%
2021-06-11 20:22:11.167 | INFO     | slp.plbind.module:log_to_console:478 - Epoch 16 Validation results
2021-06-11 20:22:11.168 | INFO     | slp.util.system:print_separator:81 - --------------------------------------------------
2021-06-11 20:22:11.169 | INFO     | slp.plbind.module:log_to_console:484 - val_acc2        0.7992792725563049
2021-06-11 20:22:11.169 | INFO     | slp.plbind.module:log_to_console:484 - val_acc2_zero   0.7823446393013
2021-06-11 20:22:11.170 | INFO     | slp.plbind.module:log_to_console:484 - val_acc5        0.5281073451042175
2021-06-11 20:22:11.171 | INFO     | slp.plbind.module:log_to_console:484 - val_acc7        0.5127471685409546
2021-06-11 20:22:11.171 | INFO     | slp.plbind.module:log_to_console:484 - val_f1          0.8028403520584106
2021-06-11 20:22:11.172 | INFO     | slp.plbind.module:log_to_console:484 - val_f1_zero     0.7927714586257935
2021-06-11 20:22:11.173 | INFO     | slp.plbind.module:log_to_console:484 - val_mae         0.6029927134513855
2021-06-11 20:22:11.174 | INFO     | slp.plbind.module:log_to_console:484 - val_loss        0.6029927134513855
2021-06-11 20:22:11.175 | INFO     | slp.plbind.module:log_to_console:484 - best_score      0.581560492515564
2021-06-11 20:22:11.175 | INFO     | slp.util.system:print_separator:81 - %%%%%%%%%%%%%%%%%%%%%%%%%%%%%%%%%%%%%%%%%%%%%%%%%%
2021-06-11 20:22:11.177 | INFO     | slp.plbind.helpers:_run_early_stopping_check:25 - Epoch 16 Early Stopping
2021-06-11 20:22:11.178 | INFO     | slp.util.system:print_separator:81 - --------------------------------------------------
2021-06-11 20:22:11.179 | INFO     | slp.plbind.helpers:_run_early_stopping_check:27 - best score      0.5815605521202087
2021-06-11 20:22:11.180 | INFO     | slp.plbind.helpers:_run_early_stopping_check:28 - patience left   4              
2021-06-11 20:22:11.180 | INFO     | slp.util.system:print_separator:81 - ##################################################
2021-06-11 20:22:45.705 | INFO     | slp.plbind.module:log_to_console:478 - Epoch 17 Training results
2021-06-11 20:22:45.706 | INFO     | slp.util.system:print_separator:81 - --------------------------------------------------
2021-06-11 20:22:45.706 | INFO     | slp.plbind.module:log_to_console:484 - train_acc2      0.8847741484642029
2021-06-11 20:22:45.707 | INFO     | slp.plbind.module:log_to_console:484 - train_acc2_zero 0.837512195110321
2021-06-11 20:22:45.708 | INFO     | slp.plbind.module:log_to_console:484 - train_acc5      0.6377375721931458
2021-06-11 20:22:45.708 | INFO     | slp.plbind.module:log_to_console:484 - train_acc7      0.611869215965271
2021-06-11 20:22:45.709 | INFO     | slp.plbind.module:log_to_console:484 - train_f1        0.8836845755577087
2021-06-11 20:22:45.709 | INFO     | slp.plbind.module:log_to_console:484 - train_f1_zero   0.8417490720748901
2021-06-11 20:22:45.710 | INFO     | slp.plbind.module:log_to_console:484 - train_mae       0.4396980404853821
2021-06-11 20:22:45.710 | INFO     | slp.plbind.module:log_to_console:484 - train_loss      0.4396980404853821
2021-06-11 20:22:45.711 | INFO     | slp.util.system:print_separator:81 - %%%%%%%%%%%%%%%%%%%%%%%%%%%%%%%%%%%%%%%%%%%%%%%%%%
2021-06-11 20:22:47.701 | INFO     | slp.plbind.module:log_to_console:478 - Epoch 17 Validation results
2021-06-11 20:22:47.702 | INFO     | slp.util.system:print_separator:81 - --------------------------------------------------
2021-06-11 20:22:47.703 | INFO     | slp.plbind.module:log_to_console:484 - val_acc2        0.8001923561096191
2021-06-11 20:22:47.704 | INFO     | slp.plbind.module:log_to_console:484 - val_acc2_zero   0.807379961013794
2021-06-11 20:22:47.705 | INFO     | slp.plbind.module:log_to_console:484 - val_acc5        0.5308262705802917
2021-06-11 20:22:47.706 | INFO     | slp.plbind.module:log_to_console:484 - val_acc7        0.5175847411155701
2021-06-11 20:22:47.707 | INFO     | slp.plbind.module:log_to_console:484 - val_f1          0.792361855506897
2021-06-11 20:22:47.708 | INFO     | slp.plbind.module:log_to_console:484 - val_f1_zero     0.8046700358390808
2021-06-11 20:22:47.709 | INFO     | slp.plbind.module:log_to_console:484 - val_mae         0.5915623307228088
2021-06-11 20:22:47.709 | INFO     | slp.plbind.module:log_to_console:484 - val_loss        0.5915623307228088
2021-06-11 20:22:47.710 | INFO     | slp.plbind.module:log_to_console:484 - best_score      0.581560492515564
2021-06-11 20:22:47.711 | INFO     | slp.util.system:print_separator:81 - %%%%%%%%%%%%%%%%%%%%%%%%%%%%%%%%%%%%%%%%%%%%%%%%%%
2021-06-11 20:22:47.713 | INFO     | slp.plbind.helpers:_run_early_stopping_check:25 - Epoch 17 Early Stopping
2021-06-11 20:22:47.714 | INFO     | slp.util.system:print_separator:81 - --------------------------------------------------
2021-06-11 20:22:47.715 | INFO     | slp.plbind.helpers:_run_early_stopping_check:27 - best score      0.5815605521202087
2021-06-11 20:22:47.716 | INFO     | slp.plbind.helpers:_run_early_stopping_check:28 - patience left   3              
2021-06-11 20:22:47.716 | INFO     | slp.util.system:print_separator:81 - ##################################################
2021-06-11 20:23:22.380 | INFO     | slp.plbind.module:log_to_console:478 - Epoch 18 Training results
2021-06-11 20:23:22.381 | INFO     | slp.util.system:print_separator:81 - --------------------------------------------------
2021-06-11 20:23:22.382 | INFO     | slp.plbind.module:log_to_console:484 - train_acc2      0.8826327919960022
2021-06-11 20:23:22.382 | INFO     | slp.plbind.module:log_to_console:484 - train_acc2_zero 0.8352407813072205
2021-06-11 20:23:22.383 | INFO     | slp.plbind.module:log_to_console:484 - train_acc5      0.6506761908531189
2021-06-11 20:23:22.384 | INFO     | slp.plbind.module:log_to_console:484 - train_acc7      0.6262755393981934
2021-06-11 20:23:22.384 | INFO     | slp.plbind.module:log_to_console:484 - train_f1        0.881618320941925
2021-06-11 20:23:22.385 | INFO     | slp.plbind.module:log_to_console:484 - train_f1_zero   0.8396021127700806
2021-06-11 20:23:22.385 | INFO     | slp.plbind.module:log_to_console:484 - train_mae       0.4278201460838318
2021-06-11 20:23:22.386 | INFO     | slp.plbind.module:log_to_console:484 - train_loss      0.4278201460838318
2021-06-11 20:23:22.386 | INFO     | slp.util.system:print_separator:81 - %%%%%%%%%%%%%%%%%%%%%%%%%%%%%%%%%%%%%%%%%%%%%%%%%%
2021-06-11 20:23:24.316 | INFO     | slp.plbind.module:log_to_console:478 - Epoch 18 Validation results
2021-06-11 20:23:24.319 | INFO     | slp.util.system:print_separator:81 - --------------------------------------------------
2021-06-11 20:23:24.321 | INFO     | slp.plbind.module:log_to_console:484 - val_acc2        0.7857283353805542
2021-06-11 20:23:24.323 | INFO     | slp.plbind.module:log_to_console:484 - val_acc2_zero   0.7764477729797363
2021-06-11 20:23:24.325 | INFO     | slp.plbind.module:log_to_console:484 - val_acc5        0.5302259922027588
2021-06-11 20:23:24.327 | INFO     | slp.plbind.module:log_to_console:484 - val_acc7        0.5159251093864441
2021-06-11 20:23:24.329 | INFO     | slp.plbind.module:log_to_console:484 - val_f1          0.7841797471046448
2021-06-11 20:23:24.331 | INFO     | slp.plbind.module:log_to_console:484 - val_f1_zero     0.7839533686637878
2021-06-11 20:23:24.333 | INFO     | slp.plbind.module:log_to_console:484 - val_mae         0.6049429178237915
2021-06-11 20:23:24.335 | INFO     | slp.plbind.module:log_to_console:484 - val_loss        0.6049429178237915
2021-06-11 20:23:24.336 | INFO     | slp.plbind.module:log_to_console:484 - best_score      0.581560492515564
2021-06-11 20:23:24.338 | INFO     | slp.util.system:print_separator:81 - %%%%%%%%%%%%%%%%%%%%%%%%%%%%%%%%%%%%%%%%%%%%%%%%%%
2021-06-11 20:23:24.341 | INFO     | slp.plbind.helpers:_run_early_stopping_check:25 - Epoch 18 Early Stopping
2021-06-11 20:23:24.343 | INFO     | slp.util.system:print_separator:81 - --------------------------------------------------
2021-06-11 20:23:24.345 | INFO     | slp.plbind.helpers:_run_early_stopping_check:27 - best score      0.5815605521202087
2021-06-11 20:23:24.346 | INFO     | slp.plbind.helpers:_run_early_stopping_check:28 - patience left   2              
2021-06-11 20:23:24.347 | INFO     | slp.util.system:print_separator:81 - ##################################################
2021-06-11 20:23:58.393 | INFO     | slp.plbind.module:log_to_console:478 - Epoch 19 Training results
2021-06-11 20:23:58.394 | INFO     | slp.util.system:print_separator:81 - --------------------------------------------------
2021-06-11 20:23:58.395 | INFO     | slp.plbind.module:log_to_console:484 - train_acc2      0.8948236107826233
2021-06-11 20:23:58.395 | INFO     | slp.plbind.module:log_to_console:484 - train_acc2_zero 0.8434704542160034
2021-06-11 20:23:58.396 | INFO     | slp.plbind.module:log_to_console:484 - train_acc5      0.6725695729255676
2021-06-11 20:23:58.396 | INFO     | slp.plbind.module:log_to_console:484 - train_acc7      0.6481077075004578
2021-06-11 20:23:58.396 | INFO     | slp.plbind.module:log_to_console:484 - train_f1        0.8941658735275269
2021-06-11 20:23:58.397 | INFO     | slp.plbind.module:log_to_console:484 - train_f1_zero   0.8480488657951355
2021-06-11 20:23:58.397 | INFO     | slp.plbind.module:log_to_console:484 - train_mae       0.40327689051628113
2021-06-11 20:23:58.398 | INFO     | slp.plbind.module:log_to_console:484 - train_loss      0.40327689051628113
2021-06-11 20:23:58.398 | INFO     | slp.util.system:print_separator:81 - %%%%%%%%%%%%%%%%%%%%%%%%%%%%%%%%%%%%%%%%%%%%%%%%%%
2021-06-11 20:24:00.362 | INFO     | slp.plbind.module:log_to_console:478 - Epoch 19 Validation results
2021-06-11 20:24:00.363 | INFO     | slp.util.system:print_separator:81 - --------------------------------------------------
2021-06-11 20:24:00.364 | INFO     | slp.plbind.module:log_to_console:484 - val_acc2        0.7921623587608337
2021-06-11 20:24:00.365 | INFO     | slp.plbind.module:log_to_console:484 - val_acc2_zero   0.7749293446540833
2021-06-11 20:24:00.365 | INFO     | slp.plbind.module:log_to_console:484 - val_acc5        0.523870050907135
2021-06-11 20:24:00.366 | INFO     | slp.plbind.module:log_to_console:484 - val_acc7        0.5122175216674805
2021-06-11 20:24:00.367 | INFO     | slp.plbind.module:log_to_console:484 - val_f1          0.7956210374832153
2021-06-11 20:24:00.368 | INFO     | slp.plbind.module:log_to_console:484 - val_f1_zero     0.7862603068351746
2021-06-11 20:24:00.368 | INFO     | slp.plbind.module:log_to_console:484 - val_mae         0.5929084420204163
2021-06-11 20:24:00.369 | INFO     | slp.plbind.module:log_to_console:484 - val_loss        0.592908501625061
2021-06-11 20:24:00.370 | INFO     | slp.plbind.module:log_to_console:484 - best_score      0.581560492515564
2021-06-11 20:24:00.370 | INFO     | slp.util.system:print_separator:81 - %%%%%%%%%%%%%%%%%%%%%%%%%%%%%%%%%%%%%%%%%%%%%%%%%%
2021-06-11 20:24:00.372 | INFO     | slp.plbind.helpers:_run_early_stopping_check:25 - Epoch 19 Early Stopping
2021-06-11 20:24:00.373 | INFO     | slp.util.system:print_separator:81 - --------------------------------------------------
2021-06-11 20:24:00.374 | INFO     | slp.plbind.helpers:_run_early_stopping_check:27 - best score      0.5815605521202087
2021-06-11 20:24:00.375 | INFO     | slp.plbind.helpers:_run_early_stopping_check:28 - patience left   1              
2021-06-11 20:24:00.375 | INFO     | slp.util.system:print_separator:81 - ##################################################
2021-06-11 20:24:34.247 | INFO     | slp.plbind.module:log_to_console:478 - Epoch 20 Training results
2021-06-11 20:24:34.248 | INFO     | slp.util.system:print_separator:81 - --------------------------------------------------
2021-06-11 20:24:34.248 | INFO     | slp.plbind.module:log_to_console:484 - train_acc2      0.8965234160423279
2021-06-11 20:24:34.249 | INFO     | slp.plbind.module:log_to_console:484 - train_acc2_zero 0.8428326845169067
2021-06-11 20:24:34.249 | INFO     | slp.plbind.module:log_to_console:484 - train_acc5      0.6757408976554871
2021-06-11 20:24:34.250 | INFO     | slp.plbind.module:log_to_console:484 - train_acc7      0.6518905758857727
2021-06-11 20:24:34.250 | INFO     | slp.plbind.module:log_to_console:484 - train_f1        0.8958063721656799
2021-06-11 20:24:34.251 | INFO     | slp.plbind.module:log_to_console:484 - train_f1_zero   0.8477097749710083
2021-06-11 20:24:34.251 | INFO     | slp.plbind.module:log_to_console:484 - train_mae       0.39440831542015076
2021-06-11 20:24:34.251 | INFO     | slp.plbind.module:log_to_console:484 - train_loss      0.39440831542015076
2021-06-11 20:24:34.252 | INFO     | slp.util.system:print_separator:81 - %%%%%%%%%%%%%%%%%%%%%%%%%%%%%%%%%%%%%%%%%%%%%%%%%%
2021-06-11 20:24:36.301 | INFO     | slp.plbind.module:log_to_console:478 - Epoch 20 Validation results
2021-06-11 20:24:36.303 | INFO     | slp.util.system:print_separator:81 - --------------------------------------------------
2021-06-11 20:24:36.304 | INFO     | slp.plbind.module:log_to_console:484 - val_acc2        0.7897387742996216
2021-06-11 20:24:36.305 | INFO     | slp.plbind.module:log_to_console:484 - val_acc2_zero   0.7733404040336609
2021-06-11 20:24:36.305 | INFO     | slp.plbind.module:log_to_console:484 - val_acc5        0.5239406824111938
2021-06-11 20:24:36.306 | INFO     | slp.plbind.module:log_to_console:484 - val_acc7        0.5138771533966064
2021-06-11 20:24:36.307 | INFO     | slp.plbind.module:log_to_console:484 - val_f1          0.7881151437759399
2021-06-11 20:24:36.308 | INFO     | slp.plbind.module:log_to_console:484 - val_f1_zero     0.7795178294181824
2021-06-11 20:24:36.308 | INFO     | slp.plbind.module:log_to_console:484 - val_mae         0.5941001176834106
2021-06-11 20:24:36.309 | INFO     | slp.plbind.module:log_to_console:484 - val_loss        0.5941001176834106
2021-06-11 20:24:36.310 | INFO     | slp.plbind.module:log_to_console:484 - best_score      0.581560492515564
2021-06-11 20:24:36.310 | INFO     | slp.util.system:print_separator:81 - %%%%%%%%%%%%%%%%%%%%%%%%%%%%%%%%%%%%%%%%%%%%%%%%%%
2021-06-11 20:24:36.312 | INFO     | slp.plbind.helpers:_run_early_stopping_check:25 - Epoch 20 Early Stopping
2021-06-11 20:24:36.313 | INFO     | slp.util.system:print_separator:81 - --------------------------------------------------
2021-06-11 20:24:36.314 | INFO     | slp.plbind.helpers:_run_early_stopping_check:27 - best score      0.5815605521202087
2021-06-11 20:24:36.315 | INFO     | slp.plbind.helpers:_run_early_stopping_check:28 - patience left   0              
2021-06-11 20:24:36.315 | INFO     | slp.plbind.helpers:_run_early_stopping_check:33 - Stopping due to early stopping
2021-06-11 20:24:36.316 | INFO     | slp.util.system:print_separator:81 - ##################################################
2021-06-11 20:24:36.406 | INFO     | pytorch_lightning.profiler.profilers:describe:96 - 

Profiler Report

Action                             	|  Mean duration (s)	|Num calls      	|  Total time (s) 	|  Percentage %   	|
------------------------------------------------------------------------------------------------------------------------------------
Total                              	|  -              	|_              	|  721.1          	|  100 %          	|
------------------------------------------------------------------------------------------------------------------------------------
run_training_epoch                 	|  35.865         	|20             	|  717.3          	|  99.473         	|
run_training_batch                 	|  0.063851       	|10220          	|  652.55         	|  90.494         	|
optimizer_step_and_closure_0       	|  0.061461       	|10220          	|  628.13         	|  87.107         	|
training_step_and_backward         	|  0.051577       	|10220          	|  527.12         	|  73.099         	|
model_forward                      	|  0.029733       	|10220          	|  303.87         	|  42.139         	|
training_step                      	|  0.029484       	|10220          	|  301.33         	|  41.787         	|
model_backward                     	|  0.021585       	|10220          	|  220.6          	|  30.592         	|
evaluation_step_and_end            	|  0.027217       	|1182           	|  32.17          	|  4.4613         	|
validation_step                    	|  0.027066       	|1182           	|  31.993         	|  4.4366         	|
get_train_batch                    	|  0.00050619     	|10220          	|  5.1732         	|  0.71741        	|
on_train_batch_end                 	|  0.00014116     	|10220          	|  1.4426         	|  0.20006        	|
on_train_batch_start               	|  0.00012536     	|10220          	|  1.2812         	|  0.17767        	|
cache_result                       	|  1.9498e-05     	|54875          	|  1.0699         	|  0.14837        	|
on_validation_end                  	|  0.026182       	|21             	|  0.54983        	|  0.076248       	|
on_after_backward                  	|  3.2254e-05     	|10220          	|  0.32963        	|  0.045712       	|
on_before_zero_grad                	|  2.7339e-05     	|10220          	|  0.2794         	|  0.038747       	|
on_batch_start                     	|  2.6607e-05     	|10220          	|  0.27193        	|  0.03771        	|
on_batch_end                       	|  1.9093e-05     	|10220          	|  0.19513        	|  0.02706        	|
on_validation_batch_end            	|  9.5564e-05     	|1182           	|  0.11296        	|  0.015664       	|
training_step_end                  	|  9.6887e-06     	|10220          	|  0.099018       	|  0.013731       	|
on_train_end                       	|  0.03483        	|1              	|  0.03483        	|  0.00483        	|
on_validation_batch_start          	|  1.4455e-05     	|1182           	|  0.017086       	|  0.0023694      	|
on_epoch_start                     	|  0.00066548     	|20             	|  0.01331        	|  0.0018457      	|
validation_step_end                	|  1.0457e-05     	|1182           	|  0.01236        	|  0.001714       	|
on_validation_start                	|  0.00051693     	|21             	|  0.010856       	|  0.0015054      	|
on_train_start                     	|  0.0024095      	|1              	|  0.0024095      	|  0.00033414     	|
on_train_epoch_end                 	|  2.7053e-05     	|20             	|  0.00054105     	|  7.5031e-05     	|
on_epoch_end                       	|  1.2457e-05     	|41             	|  0.00051072     	|  7.0824e-05     	|
on_validation_epoch_end            	|  2.1568e-05     	|21             	|  0.00045293     	|  6.281e-05      	|
on_validation_epoch_start          	|  1.6053e-05     	|21             	|  0.00033712     	|  4.675e-05      	|
on_train_epoch_start               	|  1.603e-05      	|20             	|  0.0003206      	|  4.4459e-05     	|
on_fit_start                       	|  2.259e-05      	|1              	|  2.259e-05      	|  3.1327e-06     	|
on_before_accelerator_backend_setup	|  2.0114e-05     	|1              	|  2.0114e-05     	|  2.7893e-06     	|

