2021-06-11 15:32:51.288 | INFO     | slp.util.log:configure_logging:84 - Log file will be saved in logs/table1-run2.20210611-153251.log
2021-06-11 15:32:52.127 | INFO     | slp.plbind.dm:setup:159 - Using provided validation set
2021-06-11 15:32:52.127 | INFO     | slp.plbind.dm:setup:162 - Using provided test set
2021-06-11 15:32:52.127 | INFO     | slp.plbind.dm:setup:212 - Using 16327 samples for training
2021-06-11 15:32:52.127 | INFO     | slp.plbind.dm:setup:213 - Using 1871 samples for validation
2021-06-11 15:32:52.128 | INFO     | slp.plbind.dm:setup:216 - Using 4662 samples for testing
2021-06-11 15:32:52.147 | INFO     | slp.plbind.trainer:make_trainer:428 - Logs will be saved in rnn-m3-0.2/table1-run2
2021-06-11 15:32:52.147 | INFO     | slp.plbind.trainer:make_trainer:429 - Logs will be saved in rnn-m3-0.2/table1-run2/20210611-153252/checkpoints
2021-06-11 15:32:52.181 | INFO     | slp.plbind.trainer:make_trainer:461 - Configured wandb and CSV loggers.
2021-06-11 15:32:52.182 | INFO     | slp.plbind.trainer:make_trainer:462 - Wandb configured to run table1-run2/20210611-153252 in project table1-run2
2021-06-11 15:32:52.182 | INFO     | slp.plbind.trainer:make_trainer:467 - Results will be stored online.
2021-06-11 15:32:52.183 | INFO     | slp.plbind.trainer:make_trainer:475 - Experiment verbose description:
MOSEI RNN-baseline with M3

Tags:['mosei', 'rnn-baseline', 'm3', 'regularization']
2021-06-11 15:32:52.184 | INFO     | slp.plbind.trainer:make_trainer:496 - Configured Early stopping and Model checkpointing to track val_loss
2021-06-11 15:32:52.205 | INFO     | pytorch_lightning.utilities.distributed:_info:54 - GPU available: True, used: True
2021-06-11 15:32:52.205 | INFO     | pytorch_lightning.utilities.distributed:_info:54 - TPU available: None, using: 0 TPU cores
2021-06-11 15:32:52.927 | INFO     | slp.plbind.trainer:watch_model:613 - Tracking model weights & gradients in wandb.
2021-06-11 15:32:52.929 | INFO     | pytorch_lightning.accelerators.gpu:set_nvidia_flags:40 - LOCAL_RANK: 0 - CUDA_VISIBLE_DEVICES: [3]
2021-06-11 15:32:55.413 | INFO     | pytorch_lightning.core.lightning:summarize:1457 - 
  | Name          | Type                            | Params
------------------------------------------------------------------
0 | model         | AudioVisualTextMaskedClassifier | 1.6 M 
1 | criterion     | L1Loss                          | 0     
2 | train_metrics | ModuleDict                      | 0     
3 | val_metrics   | ModuleDict                      | 0     
4 | test_metrics  | ModuleDict                      | 0     
------------------------------------------------------------------
1.6 M     Trainable params
0         Non-trainable params
1.6 M     Total params
6.535     Total estimated model params size (MB)
2021-06-11 15:32:55.674 | INFO     | slp.plbind.module:log_to_console:478 - Epoch 1 Validation results
2021-06-11 15:32:55.675 | INFO     | slp.util.system:print_separator:81 - --------------------------------------------------
2021-06-11 15:32:55.675 | INFO     | slp.plbind.module:log_to_console:484 - val_acc2        0.4905303120613098
2021-06-11 15:32:55.676 | INFO     | slp.plbind.module:log_to_console:484 - val_acc2_zero   0.359375       
2021-06-11 15:32:55.676 | INFO     | slp.plbind.module:log_to_console:484 - val_acc5        0.078125       
2021-06-11 15:32:55.677 | INFO     | slp.plbind.module:log_to_console:484 - val_acc7        0.0            
2021-06-11 15:32:55.677 | INFO     | slp.plbind.module:log_to_console:484 - val_f1          0.35214078426361084
2021-06-11 15:32:55.678 | INFO     | slp.plbind.module:log_to_console:484 - val_f1_zero     0.21391648054122925
2021-06-11 15:32:55.678 | INFO     | slp.plbind.module:log_to_console:484 - val_mae         5.850744247436523
2021-06-11 15:32:55.679 | INFO     | slp.plbind.module:log_to_console:484 - val_loss        5.850744247436523
2021-06-11 15:32:55.679 | INFO     | slp.plbind.module:log_to_console:484 - best_score      inf            
2021-06-11 15:32:55.680 | INFO     | slp.util.system:print_separator:81 - %%%%%%%%%%%%%%%%%%%%%%%%%%%%%%%%%%%%%%%%%%%%%%%%%%
2021-06-11 15:33:29.691 | INFO     | slp.plbind.module:log_to_console:478 - Epoch 1 Training results
2021-06-11 15:33:29.692 | INFO     | slp.util.system:print_separator:81 - --------------------------------------------------
2021-06-11 15:33:29.693 | INFO     | slp.plbind.module:log_to_console:484 - train_acc2      0.6920837163925171
2021-06-11 15:33:29.693 | INFO     | slp.plbind.module:log_to_console:484 - train_acc2_zero 0.6755049824714661
2021-06-11 15:33:29.694 | INFO     | slp.plbind.module:log_to_console:484 - train_acc5      0.39143311977386475
2021-06-11 15:33:29.694 | INFO     | slp.plbind.module:log_to_console:484 - train_acc7      0.3847672641277313
2021-06-11 15:33:29.695 | INFO     | slp.plbind.module:log_to_console:484 - train_f1        0.6764230132102966
2021-06-11 15:33:29.695 | INFO     | slp.plbind.module:log_to_console:484 - train_f1_zero   0.6696289777755737
2021-06-11 15:33:29.696 | INFO     | slp.plbind.module:log_to_console:484 - train_mae       1.0012456178665161
2021-06-11 15:33:29.696 | INFO     | slp.plbind.module:log_to_console:484 - train_loss      1.0012456178665161
2021-06-11 15:33:29.697 | INFO     | slp.util.system:print_separator:81 - %%%%%%%%%%%%%%%%%%%%%%%%%%%%%%%%%%%%%%%%%%%%%%%%%%
2021-06-11 15:33:31.610 | INFO     | slp.plbind.module:log_to_console:478 - Epoch 1 Validation results
2021-06-11 15:33:31.612 | INFO     | slp.util.system:print_separator:81 - --------------------------------------------------
2021-06-11 15:33:31.614 | INFO     | slp.plbind.module:log_to_console:484 - val_acc2        0.5969067215919495
2021-06-11 15:33:31.616 | INFO     | slp.plbind.module:log_to_console:484 - val_acc2_zero   0.5331920981407166
2021-06-11 15:33:31.618 | INFO     | slp.plbind.module:log_to_console:484 - val_acc5        0.4012358784675598
2021-06-11 15:33:31.620 | INFO     | slp.plbind.module:log_to_console:484 - val_acc7        0.3901129961013794
2021-06-11 15:33:31.622 | INFO     | slp.plbind.module:log_to_console:484 - val_f1          0.6071547269821167
2021-06-11 15:33:31.624 | INFO     | slp.plbind.module:log_to_console:484 - val_f1_zero     0.5536940693855286
2021-06-11 15:33:31.625 | INFO     | slp.plbind.module:log_to_console:484 - val_mae         0.8766558170318604
2021-06-11 15:33:31.626 | INFO     | slp.plbind.module:log_to_console:484 - val_loss        0.8766558170318604
2021-06-11 15:33:31.628 | INFO     | slp.plbind.module:log_to_console:484 - best_score      inf            
2021-06-11 15:33:31.629 | INFO     | slp.util.system:print_separator:81 - %%%%%%%%%%%%%%%%%%%%%%%%%%%%%%%%%%%%%%%%%%%%%%%%%%
2021-06-11 15:33:31.634 | INFO     | slp.plbind.helpers:_run_early_stopping_check:25 - Epoch 1 Early Stopping
2021-06-11 15:33:31.635 | INFO     | slp.util.system:print_separator:81 - --------------------------------------------------
2021-06-11 15:33:31.636 | INFO     | slp.plbind.helpers:_run_early_stopping_check:27 - best score      0.8766558170318604
2021-06-11 15:33:31.636 | INFO     | slp.plbind.helpers:_run_early_stopping_check:28 - patience left   10             
2021-06-11 15:33:31.637 | INFO     | slp.util.system:print_separator:81 - ##################################################
2021-06-11 15:34:05.249 | INFO     | slp.plbind.module:log_to_console:478 - Epoch 2 Training results
2021-06-11 15:34:05.250 | INFO     | slp.util.system:print_separator:81 - --------------------------------------------------
2021-06-11 15:34:05.251 | INFO     | slp.plbind.module:log_to_console:484 - train_acc2      0.7791339755058289
2021-06-11 15:34:05.251 | INFO     | slp.plbind.module:log_to_console:484 - train_acc2_zero 0.7522540092468262
2021-06-11 15:34:05.252 | INFO     | slp.plbind.module:log_to_console:484 - train_acc5      0.45949819684028625
2021-06-11 15:34:05.252 | INFO     | slp.plbind.module:log_to_console:484 - train_acc7      0.45020267367362976
2021-06-11 15:34:05.253 | INFO     | slp.plbind.module:log_to_console:484 - train_f1        0.7744690179824829
2021-06-11 15:34:05.253 | INFO     | slp.plbind.module:log_to_console:484 - train_f1_zero   0.7548741698265076
2021-06-11 15:34:05.255 | INFO     | slp.plbind.module:log_to_console:484 - train_mae       0.6970111131668091
2021-06-11 15:34:05.256 | INFO     | slp.plbind.module:log_to_console:484 - train_loss      0.6970111131668091
2021-06-11 15:34:05.258 | INFO     | slp.util.system:print_separator:81 - %%%%%%%%%%%%%%%%%%%%%%%%%%%%%%%%%%%%%%%%%%%%%%%%%%
2021-06-11 15:34:07.159 | INFO     | slp.plbind.module:log_to_console:478 - Epoch 2 Validation results
2021-06-11 15:34:07.162 | INFO     | slp.util.system:print_separator:81 - --------------------------------------------------
2021-06-11 15:34:07.164 | INFO     | slp.plbind.module:log_to_console:484 - val_acc2        0.7740024924278259
2021-06-11 15:34:07.166 | INFO     | slp.plbind.module:log_to_console:484 - val_acc2_zero   0.7895833849906921
2021-06-11 15:34:07.167 | INFO     | slp.plbind.module:log_to_console:484 - val_acc5        0.46045199036598206
2021-06-11 15:34:07.168 | INFO     | slp.plbind.module:log_to_console:484 - val_acc7        0.4525070786476135
2021-06-11 15:34:07.169 | INFO     | slp.plbind.module:log_to_console:484 - val_f1          0.7495066523551941
2021-06-11 15:34:07.169 | INFO     | slp.plbind.module:log_to_console:484 - val_f1_zero     0.7727673649787903
2021-06-11 15:34:07.170 | INFO     | slp.plbind.module:log_to_console:484 - val_mae         0.6640894412994385
2021-06-11 15:34:07.171 | INFO     | slp.plbind.module:log_to_console:484 - val_loss        0.6640894412994385
2021-06-11 15:34:07.172 | INFO     | slp.plbind.module:log_to_console:484 - best_score      0.876655638217926
2021-06-11 15:34:07.172 | INFO     | slp.util.system:print_separator:81 - %%%%%%%%%%%%%%%%%%%%%%%%%%%%%%%%%%%%%%%%%%%%%%%%%%
2021-06-11 15:34:07.175 | INFO     | slp.plbind.helpers:_run_early_stopping_check:25 - Epoch 2 Early Stopping
2021-06-11 15:34:07.176 | INFO     | slp.util.system:print_separator:81 - --------------------------------------------------
2021-06-11 15:34:07.177 | INFO     | slp.plbind.helpers:_run_early_stopping_check:27 - best score      0.6640894412994385
2021-06-11 15:34:07.177 | INFO     | slp.plbind.helpers:_run_early_stopping_check:28 - patience left   10             
2021-06-11 15:34:07.178 | INFO     | slp.util.system:print_separator:81 - ##################################################
2021-06-11 15:34:40.729 | INFO     | slp.plbind.module:log_to_console:478 - Epoch 3 Training results
2021-06-11 15:34:40.730 | INFO     | slp.util.system:print_separator:81 - --------------------------------------------------
2021-06-11 15:34:40.731 | INFO     | slp.plbind.module:log_to_console:484 - train_acc2      0.7966145873069763
2021-06-11 15:34:40.731 | INFO     | slp.plbind.module:log_to_console:484 - train_acc2_zero 0.7675164341926575
2021-06-11 15:34:40.732 | INFO     | slp.plbind.module:log_to_console:484 - train_acc5      0.48285049200057983
2021-06-11 15:34:40.732 | INFO     | slp.plbind.module:log_to_console:484 - train_acc7      0.47153690457344055
2021-06-11 15:34:40.733 | INFO     | slp.plbind.module:log_to_console:484 - train_f1        0.7912948131561279
2021-06-11 15:34:40.733 | INFO     | slp.plbind.module:log_to_console:484 - train_f1_zero   0.7691882252693176
2021-06-11 15:34:40.734 | INFO     | slp.plbind.module:log_to_console:484 - train_mae       0.6607651710510254
2021-06-11 15:34:40.735 | INFO     | slp.plbind.module:log_to_console:484 - train_loss      0.6607651710510254
2021-06-11 15:34:40.736 | INFO     | slp.util.system:print_separator:81 - %%%%%%%%%%%%%%%%%%%%%%%%%%%%%%%%%%%%%%%%%%%%%%%%%%
2021-06-11 15:34:42.685 | INFO     | slp.plbind.module:log_to_console:478 - Epoch 3 Validation results
2021-06-11 15:34:42.687 | INFO     | slp.util.system:print_separator:81 - --------------------------------------------------
2021-06-11 15:34:42.688 | INFO     | slp.plbind.module:log_to_console:484 - val_acc2        0.7918349504470825
2021-06-11 15:34:42.688 | INFO     | slp.plbind.module:log_to_console:484 - val_acc2_zero   0.8123587965965271
2021-06-11 15:34:42.689 | INFO     | slp.plbind.module:log_to_console:484 - val_acc5        0.4752825200557709
2021-06-11 15:34:42.690 | INFO     | slp.plbind.module:log_to_console:484 - val_acc7        0.4699859023094177
2021-06-11 15:34:42.690 | INFO     | slp.plbind.module:log_to_console:484 - val_f1          0.773482620716095
2021-06-11 15:34:42.691 | INFO     | slp.plbind.module:log_to_console:484 - val_f1_zero     0.8001074194908142
2021-06-11 15:34:42.692 | INFO     | slp.plbind.module:log_to_console:484 - val_mae         0.6297029256820679
2021-06-11 15:34:42.692 | INFO     | slp.plbind.module:log_to_console:484 - val_loss        0.6297029256820679
2021-06-11 15:34:42.693 | INFO     | slp.plbind.module:log_to_console:484 - best_score      0.6640895009040833
2021-06-11 15:34:42.694 | INFO     | slp.util.system:print_separator:81 - %%%%%%%%%%%%%%%%%%%%%%%%%%%%%%%%%%%%%%%%%%%%%%%%%%
2021-06-11 15:34:42.696 | INFO     | slp.plbind.helpers:_run_early_stopping_check:25 - Epoch 3 Early Stopping
2021-06-11 15:34:42.696 | INFO     | slp.util.system:print_separator:81 - --------------------------------------------------
2021-06-11 15:34:42.697 | INFO     | slp.plbind.helpers:_run_early_stopping_check:27 - best score      0.6297029256820679
2021-06-11 15:34:42.698 | INFO     | slp.plbind.helpers:_run_early_stopping_check:28 - patience left   10             
2021-06-11 15:34:42.698 | INFO     | slp.util.system:print_separator:81 - ##################################################
2021-06-11 15:35:15.924 | INFO     | slp.plbind.module:log_to_console:478 - Epoch 4 Training results
2021-06-11 15:35:15.924 | INFO     | slp.util.system:print_separator:81 - --------------------------------------------------
2021-06-11 15:35:15.925 | INFO     | slp.plbind.module:log_to_console:484 - train_acc2      0.8084228038787842
2021-06-11 15:35:15.926 | INFO     | slp.plbind.module:log_to_console:484 - train_acc2_zero 0.7807520627975464
2021-06-11 15:35:15.926 | INFO     | slp.plbind.module:log_to_console:484 - train_acc5      0.5014764070510864
2021-06-11 15:35:15.927 | INFO     | slp.plbind.module:log_to_console:484 - train_acc7      0.4867381751537323
2021-06-11 15:35:15.927 | INFO     | slp.plbind.module:log_to_console:484 - train_f1        0.802476704120636
2021-06-11 15:35:15.928 | INFO     | slp.plbind.module:log_to_console:484 - train_f1_zero   0.7815410494804382
2021-06-11 15:35:15.929 | INFO     | slp.plbind.module:log_to_console:484 - train_mae       0.6371774077415466
2021-06-11 15:35:15.929 | INFO     | slp.plbind.module:log_to_console:484 - train_loss      0.6371774077415466
2021-06-11 15:35:15.930 | INFO     | slp.util.system:print_separator:81 - %%%%%%%%%%%%%%%%%%%%%%%%%%%%%%%%%%%%%%%%%%%%%%%%%%
2021-06-11 15:35:17.736 | INFO     | slp.plbind.module:log_to_console:478 - Epoch 4 Validation results
2021-06-11 15:35:17.737 | INFO     | slp.util.system:print_separator:81 - --------------------------------------------------
2021-06-11 15:35:17.739 | INFO     | slp.plbind.module:log_to_console:484 - val_acc2        0.7858510613441467
2021-06-11 15:35:17.740 | INFO     | slp.plbind.module:log_to_console:484 - val_acc2_zero   0.7503178119659424
2021-06-11 15:35:17.740 | INFO     | slp.plbind.module:log_to_console:484 - val_acc5        0.533545196056366
2021-06-11 15:35:17.741 | INFO     | slp.plbind.module:log_to_console:484 - val_acc7        0.5213630199432373
2021-06-11 15:35:17.742 | INFO     | slp.plbind.module:log_to_console:484 - val_f1          0.7839419841766357
2021-06-11 15:35:17.743 | INFO     | slp.plbind.module:log_to_console:484 - val_f1_zero     0.7577008008956909
2021-06-11 15:35:17.744 | INFO     | slp.plbind.module:log_to_console:484 - val_mae         0.599084734916687
2021-06-11 15:35:17.745 | INFO     | slp.plbind.module:log_to_console:484 - val_loss        0.599084734916687
2021-06-11 15:35:17.746 | INFO     | slp.plbind.module:log_to_console:484 - best_score      0.6297029256820679
2021-06-11 15:35:17.746 | INFO     | slp.util.system:print_separator:81 - %%%%%%%%%%%%%%%%%%%%%%%%%%%%%%%%%%%%%%%%%%%%%%%%%%
2021-06-11 15:35:17.748 | INFO     | slp.plbind.helpers:_run_early_stopping_check:25 - Epoch 4 Early Stopping
2021-06-11 15:35:17.749 | INFO     | slp.util.system:print_separator:81 - --------------------------------------------------
2021-06-11 15:35:17.750 | INFO     | slp.plbind.helpers:_run_early_stopping_check:27 - best score      0.599084734916687
2021-06-11 15:35:17.751 | INFO     | slp.plbind.helpers:_run_early_stopping_check:28 - patience left   10             
2021-06-11 15:35:17.751 | INFO     | slp.util.system:print_separator:81 - ##################################################
2021-06-11 15:35:51.385 | INFO     | slp.plbind.module:log_to_console:478 - Epoch 5 Training results
2021-06-11 15:35:51.385 | INFO     | slp.util.system:print_separator:81 - --------------------------------------------------
2021-06-11 15:35:51.386 | INFO     | slp.plbind.module:log_to_console:484 - train_acc2      0.8209774494171143
2021-06-11 15:35:51.387 | INFO     | slp.plbind.module:log_to_console:484 - train_acc2_zero 0.7901785373687744
2021-06-11 15:35:51.387 | INFO     | slp.plbind.module:log_to_console:484 - train_acc5      0.5143887400627136
2021-06-11 15:35:51.388 | INFO     | slp.plbind.module:log_to_console:484 - train_acc7      0.4989166855812073
2021-06-11 15:35:51.388 | INFO     | slp.plbind.module:log_to_console:484 - train_f1        0.8174927830696106
2021-06-11 15:35:51.388 | INFO     | slp.plbind.module:log_to_console:484 - train_f1_zero   0.7930276393890381
2021-06-11 15:35:51.389 | INFO     | slp.plbind.module:log_to_console:484 - train_mae       0.6141424179077148
2021-06-11 15:35:51.389 | INFO     | slp.plbind.module:log_to_console:484 - train_loss      0.6141424179077148
2021-06-11 15:35:51.389 | INFO     | slp.util.system:print_separator:81 - %%%%%%%%%%%%%%%%%%%%%%%%%%%%%%%%%%%%%%%%%%%%%%%%%%
2021-06-11 15:35:53.264 | INFO     | slp.plbind.module:log_to_console:478 - Epoch 5 Validation results
2021-06-11 15:35:53.267 | INFO     | slp.util.system:print_separator:81 - --------------------------------------------------
2021-06-11 15:35:53.269 | INFO     | slp.plbind.module:log_to_console:484 - val_acc2        0.7846537828445435
2021-06-11 15:35:53.271 | INFO     | slp.plbind.module:log_to_console:484 - val_acc2_zero   0.7374647259712219
2021-06-11 15:35:53.273 | INFO     | slp.plbind.module:log_to_console:484 - val_acc5        0.5234816670417786
2021-06-11 15:35:53.275 | INFO     | slp.plbind.module:log_to_console:484 - val_acc7        0.511829137802124
2021-06-11 15:35:53.278 | INFO     | slp.plbind.module:log_to_console:484 - val_f1          0.7891908288002014
2021-06-11 15:35:53.279 | INFO     | slp.plbind.module:log_to_console:484 - val_f1_zero     0.7511683702468872
2021-06-11 15:35:53.302 | INFO     | slp.plbind.module:log_to_console:484 - val_mae         0.6026015281677246
2021-06-11 15:35:53.304 | INFO     | slp.plbind.module:log_to_console:484 - val_loss        0.6026015281677246
2021-06-11 15:35:53.306 | INFO     | slp.plbind.module:log_to_console:484 - best_score      0.5990847945213318
2021-06-11 15:35:53.308 | INFO     | slp.util.system:print_separator:81 - %%%%%%%%%%%%%%%%%%%%%%%%%%%%%%%%%%%%%%%%%%%%%%%%%%
2021-06-11 15:35:53.313 | INFO     | slp.plbind.helpers:_run_early_stopping_check:25 - Epoch 5 Early Stopping
2021-06-11 15:35:53.316 | INFO     | slp.util.system:print_separator:81 - --------------------------------------------------
2021-06-11 15:35:53.318 | INFO     | slp.plbind.helpers:_run_early_stopping_check:27 - best score      0.599084734916687
2021-06-11 15:35:53.320 | INFO     | slp.plbind.helpers:_run_early_stopping_check:28 - patience left   9              
2021-06-11 15:35:53.321 | INFO     | slp.util.system:print_separator:81 - ##################################################
2021-06-11 15:36:27.217 | INFO     | slp.plbind.module:log_to_console:478 - Epoch 6 Training results
2021-06-11 15:36:27.217 | INFO     | slp.util.system:print_separator:81 - --------------------------------------------------
2021-06-11 15:36:27.218 | INFO     | slp.plbind.module:log_to_console:484 - train_acc2      0.825544536113739
2021-06-11 15:36:27.219 | INFO     | slp.plbind.module:log_to_console:484 - train_acc2_zero 0.7929916977882385
2021-06-11 15:36:27.219 | INFO     | slp.plbind.module:log_to_console:484 - train_acc5      0.523588240146637
2021-06-11 15:36:27.220 | INFO     | slp.plbind.module:log_to_console:484 - train_acc7      0.5072599649429321
2021-06-11 15:36:27.220 | INFO     | slp.plbind.module:log_to_console:484 - train_f1        0.8224253058433533
2021-06-11 15:36:27.221 | INFO     | slp.plbind.module:log_to_console:484 - train_f1_zero   0.7962875962257385
2021-06-11 15:36:27.221 | INFO     | slp.plbind.module:log_to_console:484 - train_mae       0.5980401635169983
2021-06-11 15:36:27.222 | INFO     | slp.plbind.module:log_to_console:484 - train_loss      0.5980401635169983
2021-06-11 15:36:27.223 | INFO     | slp.util.system:print_separator:81 - %%%%%%%%%%%%%%%%%%%%%%%%%%%%%%%%%%%%%%%%%%%%%%%%%%
2021-06-11 15:36:29.200 | INFO     | slp.plbind.module:log_to_console:478 - Epoch 6 Validation results
2021-06-11 15:36:29.202 | INFO     | slp.util.system:print_separator:81 - --------------------------------------------------
2021-06-11 15:36:29.204 | INFO     | slp.plbind.module:log_to_console:484 - val_acc2        0.794036328792572
2021-06-11 15:36:29.206 | INFO     | slp.plbind.module:log_to_console:484 - val_acc2_zero   0.7662782669067383
2021-06-11 15:36:29.208 | INFO     | slp.plbind.module:log_to_console:484 - val_acc5        0.5318856239318848
2021-06-11 15:36:29.210 | INFO     | slp.plbind.module:log_to_console:484 - val_acc7        0.5154660940170288
2021-06-11 15:36:29.211 | INFO     | slp.plbind.module:log_to_console:484 - val_f1          0.7895107865333557
2021-06-11 15:36:29.212 | INFO     | slp.plbind.module:log_to_console:484 - val_f1_zero     0.7695901393890381
2021-06-11 15:36:29.214 | INFO     | slp.plbind.module:log_to_console:484 - val_mae         0.5979219675064087
2021-06-11 15:36:29.215 | INFO     | slp.plbind.module:log_to_console:484 - val_loss        0.5979219675064087
2021-06-11 15:36:29.217 | INFO     | slp.plbind.module:log_to_console:484 - best_score      0.5990847945213318
2021-06-11 15:36:29.218 | INFO     | slp.util.system:print_separator:81 - %%%%%%%%%%%%%%%%%%%%%%%%%%%%%%%%%%%%%%%%%%%%%%%%%%
2021-06-11 15:36:29.221 | INFO     | slp.plbind.helpers:_run_early_stopping_check:25 - Epoch 6 Early Stopping
2021-06-11 15:36:29.223 | INFO     | slp.util.system:print_separator:81 - --------------------------------------------------
2021-06-11 15:36:29.224 | INFO     | slp.plbind.helpers:_run_early_stopping_check:27 - best score      0.5979219675064087
2021-06-11 15:36:29.225 | INFO     | slp.plbind.helpers:_run_early_stopping_check:28 - patience left   10             
2021-06-11 15:36:29.226 | INFO     | slp.util.system:print_separator:81 - ##################################################
2021-06-11 15:37:03.091 | INFO     | slp.plbind.module:log_to_console:478 - Epoch 7 Training results
2021-06-11 15:37:03.092 | INFO     | slp.util.system:print_separator:81 - --------------------------------------------------
2021-06-11 15:37:03.092 | INFO     | slp.plbind.module:log_to_console:484 - train_acc2      0.8289786577224731
2021-06-11 15:37:03.093 | INFO     | slp.plbind.module:log_to_console:484 - train_acc2_zero 0.7978141903877258
2021-06-11 15:37:03.093 | INFO     | slp.plbind.module:log_to_console:484 - train_acc5      0.5270128846168518
2021-06-11 15:37:03.094 | INFO     | slp.plbind.module:log_to_console:484 - train_acc7      0.5109292268753052
2021-06-11 15:37:03.094 | INFO     | slp.plbind.module:log_to_console:484 - train_f1        0.8263174295425415
2021-06-11 15:37:03.095 | INFO     | slp.plbind.module:log_to_console:484 - train_f1_zero   0.8012335300445557
2021-06-11 15:37:03.095 | INFO     | slp.plbind.module:log_to_console:484 - train_mae       0.5907068252563477
2021-06-11 15:37:03.096 | INFO     | slp.plbind.module:log_to_console:484 - train_loss      0.5907068252563477
2021-06-11 15:37:03.096 | INFO     | slp.util.system:print_separator:81 - %%%%%%%%%%%%%%%%%%%%%%%%%%%%%%%%%%%%%%%%%%%%%%%%%%
2021-06-11 15:37:05.037 | INFO     | slp.plbind.module:log_to_console:478 - Epoch 7 Validation results
2021-06-11 15:37:05.039 | INFO     | slp.util.system:print_separator:81 - --------------------------------------------------
2021-06-11 15:37:05.042 | INFO     | slp.plbind.module:log_to_console:484 - val_acc2        0.8048646450042725
2021-06-11 15:37:05.043 | INFO     | slp.plbind.module:log_to_console:484 - val_acc2_zero   0.8139477968215942
2021-06-11 15:37:05.044 | INFO     | slp.plbind.module:log_to_console:484 - val_acc5        0.5219632983207703
2021-06-11 15:37:05.044 | INFO     | slp.plbind.module:log_to_console:484 - val_acc7        0.5193150043487549
2021-06-11 15:37:05.045 | INFO     | slp.plbind.module:log_to_console:484 - val_f1          0.7928038835525513
2021-06-11 15:37:05.046 | INFO     | slp.plbind.module:log_to_console:484 - val_f1_zero     0.8083277940750122
2021-06-11 15:37:05.046 | INFO     | slp.plbind.module:log_to_console:484 - val_mae         0.5892185568809509
2021-06-11 15:37:05.047 | INFO     | slp.plbind.module:log_to_console:484 - val_loss        0.5892185568809509
2021-06-11 15:37:05.048 | INFO     | slp.plbind.module:log_to_console:484 - best_score      0.5979219079017639
2021-06-11 15:37:05.049 | INFO     | slp.util.system:print_separator:81 - %%%%%%%%%%%%%%%%%%%%%%%%%%%%%%%%%%%%%%%%%%%%%%%%%%
2021-06-11 15:37:05.051 | INFO     | slp.plbind.helpers:_run_early_stopping_check:25 - Epoch 7 Early Stopping
2021-06-11 15:37:05.052 | INFO     | slp.util.system:print_separator:81 - --------------------------------------------------
2021-06-11 15:37:05.053 | INFO     | slp.plbind.helpers:_run_early_stopping_check:27 - best score      0.5892185568809509
2021-06-11 15:37:05.054 | INFO     | slp.plbind.helpers:_run_early_stopping_check:28 - patience left   10             
2021-06-11 15:37:05.055 | INFO     | slp.util.system:print_separator:81 - ##################################################
2021-06-11 15:37:38.419 | INFO     | slp.plbind.module:log_to_console:478 - Epoch 8 Training results
2021-06-11 15:37:38.419 | INFO     | slp.util.system:print_separator:81 - --------------------------------------------------
2021-06-11 15:37:38.420 | INFO     | slp.plbind.module:log_to_console:484 - train_acc2      0.8403484225273132
2021-06-11 15:37:38.421 | INFO     | slp.plbind.module:log_to_console:484 - train_acc2_zero 0.8070834279060364
2021-06-11 15:37:38.422 | INFO     | slp.plbind.module:log_to_console:484 - train_acc5      0.5400388240814209
2021-06-11 15:37:38.422 | INFO     | slp.plbind.module:log_to_console:484 - train_acc7      0.5207139849662781
2021-06-11 15:37:38.423 | INFO     | slp.plbind.module:log_to_console:484 - train_f1        0.8379613161087036
2021-06-11 15:37:38.424 | INFO     | slp.plbind.module:log_to_console:484 - train_f1_zero   0.8105493783950806
2021-06-11 15:37:38.424 | INFO     | slp.plbind.module:log_to_console:484 - train_mae       0.573604941368103
2021-06-11 15:37:38.425 | INFO     | slp.plbind.module:log_to_console:484 - train_loss      0.573604941368103
2021-06-11 15:37:38.426 | INFO     | slp.util.system:print_separator:81 - %%%%%%%%%%%%%%%%%%%%%%%%%%%%%%%%%%%%%%%%%%%%%%%%%%
2021-06-11 15:37:40.335 | INFO     | slp.plbind.module:log_to_console:478 - Epoch 8 Validation results
2021-06-11 15:37:40.336 | INFO     | slp.util.system:print_separator:81 - --------------------------------------------------
2021-06-11 15:37:40.337 | INFO     | slp.plbind.module:log_to_console:484 - val_acc2        0.795538067817688
2021-06-11 15:37:40.338 | INFO     | slp.plbind.module:log_to_console:484 - val_acc2_zero   0.8053319454193115
2021-06-11 15:37:40.338 | INFO     | slp.plbind.module:log_to_console:484 - val_acc5        0.533545196056366
2021-06-11 15:37:40.339 | INFO     | slp.plbind.module:log_to_console:484 - val_acc7        0.5245409607887268
2021-06-11 15:37:40.340 | INFO     | slp.plbind.module:log_to_console:484 - val_f1          0.7808488011360168
2021-06-11 15:37:40.341 | INFO     | slp.plbind.module:log_to_console:484 - val_f1_zero     0.7989510893821716
2021-06-11 15:37:40.341 | INFO     | slp.plbind.module:log_to_console:484 - val_mae         0.578729510307312
2021-06-11 15:37:40.342 | INFO     | slp.plbind.module:log_to_console:484 - val_loss        0.578729510307312
2021-06-11 15:37:40.343 | INFO     | slp.plbind.module:log_to_console:484 - best_score      0.5892186164855957
2021-06-11 15:37:40.344 | INFO     | slp.util.system:print_separator:81 - %%%%%%%%%%%%%%%%%%%%%%%%%%%%%%%%%%%%%%%%%%%%%%%%%%
2021-06-11 15:37:40.346 | INFO     | slp.plbind.helpers:_run_early_stopping_check:25 - Epoch 8 Early Stopping
2021-06-11 15:37:40.346 | INFO     | slp.util.system:print_separator:81 - --------------------------------------------------
2021-06-11 15:37:40.347 | INFO     | slp.plbind.helpers:_run_early_stopping_check:27 - best score      0.578729510307312
2021-06-11 15:37:40.348 | INFO     | slp.plbind.helpers:_run_early_stopping_check:28 - patience left   10             
2021-06-11 15:37:40.349 | INFO     | slp.util.system:print_separator:81 - ##################################################
2021-06-11 15:38:13.959 | INFO     | slp.plbind.module:log_to_console:478 - Epoch 9 Training results
2021-06-11 15:38:13.960 | INFO     | slp.util.system:print_separator:81 - --------------------------------------------------
2021-06-11 15:38:13.961 | INFO     | slp.plbind.module:log_to_console:484 - train_acc2      0.8471248745918274
2021-06-11 15:38:13.961 | INFO     | slp.plbind.module:log_to_console:484 - train_acc2_zero 0.8139065504074097
2021-06-11 15:38:13.962 | INFO     | slp.plbind.module:log_to_console:484 - train_acc5      0.5527414679527283
2021-06-11 15:38:13.963 | INFO     | slp.plbind.module:log_to_console:484 - train_acc7      0.5326827764511108
2021-06-11 15:38:13.963 | INFO     | slp.plbind.module:log_to_console:484 - train_f1        0.8448352813720703
2021-06-11 15:38:13.964 | INFO     | slp.plbind.module:log_to_console:484 - train_f1_zero   0.8172963261604309
2021-06-11 15:38:13.964 | INFO     | slp.plbind.module:log_to_console:484 - train_mae       0.5541605353355408
2021-06-11 15:38:13.965 | INFO     | slp.plbind.module:log_to_console:484 - train_loss      0.5541605353355408
2021-06-11 15:38:13.965 | INFO     | slp.util.system:print_separator:81 - %%%%%%%%%%%%%%%%%%%%%%%%%%%%%%%%%%%%%%%%%%%%%%%%%%
2021-06-11 15:38:15.986 | INFO     | slp.plbind.module:log_to_console:478 - Epoch 9 Validation results
2021-06-11 15:38:15.987 | INFO     | slp.util.system:print_separator:81 - --------------------------------------------------
2021-06-11 15:38:15.988 | INFO     | slp.plbind.module:log_to_console:484 - val_acc2        0.7997677326202393
2021-06-11 15:38:15.989 | INFO     | slp.plbind.module:log_to_console:484 - val_acc2_zero   0.8086511492729187
2021-06-11 15:38:15.990 | INFO     | slp.plbind.module:log_to_console:484 - val_acc5        0.5389124155044556
2021-06-11 15:38:15.990 | INFO     | slp.plbind.module:log_to_console:484 - val_acc7        0.5277895331382751
2021-06-11 15:38:15.991 | INFO     | slp.plbind.module:log_to_console:484 - val_f1          0.781257152557373
2021-06-11 15:38:15.992 | INFO     | slp.plbind.module:log_to_console:484 - val_f1_zero     0.7986686825752258
2021-06-11 15:38:15.992 | INFO     | slp.plbind.module:log_to_console:484 - val_mae         0.5740552544593811
2021-06-11 15:38:15.993 | INFO     | slp.plbind.module:log_to_console:484 - val_loss        0.5740552544593811
2021-06-11 15:38:15.994 | INFO     | slp.plbind.module:log_to_console:484 - best_score      0.5787295699119568
2021-06-11 15:38:15.994 | INFO     | slp.util.system:print_separator:81 - %%%%%%%%%%%%%%%%%%%%%%%%%%%%%%%%%%%%%%%%%%%%%%%%%%
2021-06-11 15:38:15.997 | INFO     | slp.plbind.helpers:_run_early_stopping_check:25 - Epoch 9 Early Stopping
2021-06-11 15:38:15.997 | INFO     | slp.util.system:print_separator:81 - --------------------------------------------------
2021-06-11 15:38:15.998 | INFO     | slp.plbind.helpers:_run_early_stopping_check:27 - best score      0.5740552544593811
2021-06-11 15:38:15.999 | INFO     | slp.plbind.helpers:_run_early_stopping_check:28 - patience left   10             
2021-06-11 15:38:15.999 | INFO     | slp.util.system:print_separator:81 - ##################################################
2021-06-11 15:38:49.809 | INFO     | slp.plbind.module:log_to_console:478 - Epoch 10 Training results
2021-06-11 15:38:49.810 | INFO     | slp.util.system:print_separator:81 - --------------------------------------------------
2021-06-11 15:38:49.810 | INFO     | slp.plbind.module:log_to_console:484 - train_acc2      0.8484081625938416
2021-06-11 15:38:49.811 | INFO     | slp.plbind.module:log_to_console:484 - train_acc2_zero 0.8136881589889526
2021-06-11 15:38:49.812 | INFO     | slp.plbind.module:log_to_console:484 - train_acc5      0.5662828683853149
2021-06-11 15:38:49.812 | INFO     | slp.plbind.module:log_to_console:484 - train_acc7      0.5472638010978699
2021-06-11 15:38:49.813 | INFO     | slp.plbind.module:log_to_console:484 - train_f1        0.84614098072052
2021-06-11 15:38:49.813 | INFO     | slp.plbind.module:log_to_console:484 - train_f1_zero   0.8171499371528625
2021-06-11 15:38:49.815 | INFO     | slp.plbind.module:log_to_console:484 - train_mae       0.5406299233436584
2021-06-11 15:38:49.816 | INFO     | slp.plbind.module:log_to_console:484 - train_loss      0.5406299233436584
2021-06-11 15:38:49.817 | INFO     | slp.util.system:print_separator:81 - %%%%%%%%%%%%%%%%%%%%%%%%%%%%%%%%%%%%%%%%%%%%%%%%%%
2021-06-11 15:38:51.722 | INFO     | slp.plbind.module:log_to_console:478 - Epoch 10 Validation results
2021-06-11 15:38:51.725 | INFO     | slp.util.system:print_separator:81 - --------------------------------------------------
2021-06-11 15:38:51.727 | INFO     | slp.plbind.module:log_to_console:484 - val_acc2        0.7907677292823792
2021-06-11 15:38:51.729 | INFO     | slp.plbind.module:log_to_console:484 - val_acc2_zero   0.7979166507720947
2021-06-11 15:38:51.731 | INFO     | slp.plbind.module:log_to_console:484 - val_acc5        0.5223516821861267
2021-06-11 15:38:51.733 | INFO     | slp.plbind.module:log_to_console:484 - val_acc7        0.5048729181289673
2021-06-11 15:38:51.734 | INFO     | slp.plbind.module:log_to_console:484 - val_f1          0.7802255749702454
2021-06-11 15:38:51.736 | INFO     | slp.plbind.module:log_to_console:484 - val_f1_zero     0.7942865490913391
2021-06-11 15:38:51.737 | INFO     | slp.plbind.module:log_to_console:484 - val_mae         0.5965285301208496
2021-06-11 15:38:51.738 | INFO     | slp.plbind.module:log_to_console:484 - val_loss        0.5965285301208496
2021-06-11 15:38:51.740 | INFO     | slp.plbind.module:log_to_console:484 - best_score      0.5740553140640259
2021-06-11 15:38:51.741 | INFO     | slp.util.system:print_separator:81 - %%%%%%%%%%%%%%%%%%%%%%%%%%%%%%%%%%%%%%%%%%%%%%%%%%
2021-06-11 15:38:51.744 | INFO     | slp.plbind.helpers:_run_early_stopping_check:25 - Epoch 10 Early Stopping
2021-06-11 15:38:51.745 | INFO     | slp.util.system:print_separator:81 - --------------------------------------------------
2021-06-11 15:38:51.746 | INFO     | slp.plbind.helpers:_run_early_stopping_check:27 - best score      0.5740552544593811
2021-06-11 15:38:51.747 | INFO     | slp.plbind.helpers:_run_early_stopping_check:28 - patience left   9              
2021-06-11 15:38:51.748 | INFO     | slp.util.system:print_separator:81 - ##################################################
2021-06-11 15:39:25.214 | INFO     | slp.plbind.module:log_to_console:478 - Epoch 11 Training results
2021-06-11 15:39:25.214 | INFO     | slp.util.system:print_separator:81 - --------------------------------------------------
2021-06-11 15:39:25.215 | INFO     | slp.plbind.module:log_to_console:484 - train_acc2      0.8552705645561218
2021-06-11 15:39:25.216 | INFO     | slp.plbind.module:log_to_console:484 - train_acc2_zero 0.8196113705635071
2021-06-11 15:39:25.216 | INFO     | slp.plbind.module:log_to_console:484 - train_acc5      0.5741979479789734
2021-06-11 15:39:25.216 | INFO     | slp.plbind.module:log_to_console:484 - train_acc7      0.5525492429733276
2021-06-11 15:39:25.217 | INFO     | slp.plbind.module:log_to_console:484 - train_f1        0.8531075119972229
2021-06-11 15:39:25.217 | INFO     | slp.plbind.module:log_to_console:484 - train_f1_zero   0.823396623134613
2021-06-11 15:39:25.218 | INFO     | slp.plbind.module:log_to_console:484 - train_mae       0.5255579352378845
2021-06-11 15:39:25.218 | INFO     | slp.plbind.module:log_to_console:484 - train_loss      0.5255579352378845
2021-06-11 15:39:25.219 | INFO     | slp.util.system:print_separator:81 - %%%%%%%%%%%%%%%%%%%%%%%%%%%%%%%%%%%%%%%%%%%%%%%%%%
2021-06-11 15:39:27.066 | INFO     | slp.plbind.module:log_to_console:478 - Epoch 11 Validation results
2021-06-11 15:39:27.067 | INFO     | slp.util.system:print_separator:81 - --------------------------------------------------
2021-06-11 15:39:27.068 | INFO     | slp.plbind.module:log_to_console:484 - val_acc2        0.786479651927948
2021-06-11 15:39:27.069 | INFO     | slp.plbind.module:log_to_console:484 - val_acc2_zero   0.7532838582992554
2021-06-11 15:39:27.070 | INFO     | slp.plbind.module:log_to_console:484 - val_acc5        0.5637359023094177
2021-06-11 15:39:27.070 | INFO     | slp.plbind.module:log_to_console:484 - val_acc7        0.5473164319992065
2021-06-11 15:39:27.071 | INFO     | slp.plbind.module:log_to_console:484 - val_f1          0.7925315499305725
2021-06-11 15:39:27.072 | INFO     | slp.plbind.module:log_to_console:484 - val_f1_zero     0.7678140997886658
2021-06-11 15:39:27.072 | INFO     | slp.plbind.module:log_to_console:484 - val_mae         0.593403160572052
2021-06-11 15:39:27.073 | INFO     | slp.plbind.module:log_to_console:484 - val_loss        0.593403160572052
2021-06-11 15:39:27.074 | INFO     | slp.plbind.module:log_to_console:484 - best_score      0.5740553140640259
2021-06-11 15:39:27.074 | INFO     | slp.util.system:print_separator:81 - %%%%%%%%%%%%%%%%%%%%%%%%%%%%%%%%%%%%%%%%%%%%%%%%%%
2021-06-11 15:39:27.076 | INFO     | slp.plbind.helpers:_run_early_stopping_check:25 - Epoch 11 Early Stopping
2021-06-11 15:39:27.077 | INFO     | slp.util.system:print_separator:81 - --------------------------------------------------
2021-06-11 15:39:27.078 | INFO     | slp.plbind.helpers:_run_early_stopping_check:27 - best score      0.5740552544593811
2021-06-11 15:39:27.079 | INFO     | slp.plbind.helpers:_run_early_stopping_check:28 - patience left   8              
2021-06-11 15:39:27.079 | INFO     | slp.util.system:print_separator:81 - ##################################################
2021-06-11 15:40:00.509 | INFO     | slp.plbind.module:log_to_console:478 - Epoch 12 Training results
2021-06-11 15:40:00.510 | INFO     | slp.util.system:print_separator:81 - --------------------------------------------------
2021-06-11 15:40:00.510 | INFO     | slp.plbind.module:log_to_console:484 - train_acc2      0.8548498749732971
2021-06-11 15:40:00.511 | INFO     | slp.plbind.module:log_to_console:484 - train_acc2_zero 0.8190959692001343
2021-06-11 15:40:00.512 | INFO     | slp.plbind.module:log_to_console:484 - train_acc5      0.5801911354064941
2021-06-11 15:40:00.512 | INFO     | slp.plbind.module:log_to_console:484 - train_acc7      0.5587869882583618
2021-06-11 15:40:00.513 | INFO     | slp.plbind.module:log_to_console:484 - train_f1        0.8520030975341797
2021-06-11 15:40:00.513 | INFO     | slp.plbind.module:log_to_console:484 - train_f1_zero   0.8219072818756104
2021-06-11 15:40:00.514 | INFO     | slp.plbind.module:log_to_console:484 - train_mae       0.514228880405426
2021-06-11 15:40:00.514 | INFO     | slp.plbind.module:log_to_console:484 - train_loss      0.514228880405426
2021-06-11 15:40:00.515 | INFO     | slp.util.system:print_separator:81 - %%%%%%%%%%%%%%%%%%%%%%%%%%%%%%%%%%%%%%%%%%%%%%%%%%
2021-06-11 15:40:02.437 | INFO     | slp.plbind.module:log_to_console:478 - Epoch 12 Validation results
2021-06-11 15:40:02.439 | INFO     | slp.util.system:print_separator:81 - --------------------------------------------------
2021-06-11 15:40:02.440 | INFO     | slp.plbind.module:log_to_console:484 - val_acc2        0.7778791785240173
2021-06-11 15:40:02.441 | INFO     | slp.plbind.module:log_to_console:484 - val_acc2_zero   0.7824859023094177
2021-06-11 15:40:02.442 | INFO     | slp.plbind.module:log_to_console:484 - val_acc5        0.5378531217575073
2021-06-11 15:40:02.442 | INFO     | slp.plbind.module:log_to_console:484 - val_acc7        0.5267302393913269
2021-06-11 15:40:02.443 | INFO     | slp.plbind.module:log_to_console:484 - val_f1          0.7690063714981079
2021-06-11 15:40:02.444 | INFO     | slp.plbind.module:log_to_console:484 - val_f1_zero     0.7796186208724976
2021-06-11 15:40:02.445 | INFO     | slp.plbind.module:log_to_console:484 - val_mae         0.5808713436126709
2021-06-11 15:40:02.446 | INFO     | slp.plbind.module:log_to_console:484 - val_loss        0.5808713436126709
2021-06-11 15:40:02.447 | INFO     | slp.plbind.module:log_to_console:484 - best_score      0.5740553140640259
2021-06-11 15:40:02.447 | INFO     | slp.util.system:print_separator:81 - %%%%%%%%%%%%%%%%%%%%%%%%%%%%%%%%%%%%%%%%%%%%%%%%%%
2021-06-11 15:40:02.450 | INFO     | slp.plbind.helpers:_run_early_stopping_check:25 - Epoch 12 Early Stopping
2021-06-11 15:40:02.451 | INFO     | slp.util.system:print_separator:81 - --------------------------------------------------
2021-06-11 15:40:02.452 | INFO     | slp.plbind.helpers:_run_early_stopping_check:27 - best score      0.5740552544593811
2021-06-11 15:40:02.452 | INFO     | slp.plbind.helpers:_run_early_stopping_check:28 - patience left   7              
2021-06-11 15:40:02.453 | INFO     | slp.util.system:print_separator:81 - ##################################################
2021-06-11 15:40:36.332 | INFO     | slp.plbind.module:log_to_console:478 - Epoch 13 Training results
2021-06-11 15:40:36.333 | INFO     | slp.util.system:print_separator:81 - --------------------------------------------------
2021-06-11 15:40:36.333 | INFO     | slp.plbind.module:log_to_console:484 - train_acc2      0.8737308979034424
2021-06-11 15:40:36.334 | INFO     | slp.plbind.module:log_to_console:484 - train_acc2_zero 0.8328644633293152
2021-06-11 15:40:36.335 | INFO     | slp.plbind.module:log_to_console:484 - train_acc5      0.6091696619987488
2021-06-11 15:40:36.335 | INFO     | slp.plbind.module:log_to_console:484 - train_acc7      0.5857737064361572
2021-06-11 15:40:36.336 | INFO     | slp.plbind.module:log_to_console:484 - train_f1        0.8721758127212524
2021-06-11 15:40:36.336 | INFO     | slp.plbind.module:log_to_console:484 - train_f1_zero   0.8366857171058655
2021-06-11 15:40:36.337 | INFO     | slp.plbind.module:log_to_console:484 - train_mae       0.47816672921180725
2021-06-11 15:40:36.337 | INFO     | slp.plbind.module:log_to_console:484 - train_loss      0.47816672921180725
2021-06-11 15:40:36.338 | INFO     | slp.util.system:print_separator:81 - %%%%%%%%%%%%%%%%%%%%%%%%%%%%%%%%%%%%%%%%%%%%%%%%%%
2021-06-11 15:40:38.360 | INFO     | slp.plbind.module:log_to_console:478 - Epoch 13 Validation results
2021-06-11 15:40:38.362 | INFO     | slp.util.system:print_separator:81 - --------------------------------------------------
2021-06-11 15:40:38.365 | INFO     | slp.plbind.module:log_to_console:484 - val_acc2        0.8045646548271179
2021-06-11 15:40:38.367 | INFO     | slp.plbind.module:log_to_console:484 - val_acc2_zero   0.8112288117408752
2021-06-11 15:40:38.367 | INFO     | slp.plbind.module:log_to_console:484 - val_acc5        0.5293785333633423
2021-06-11 15:40:38.368 | INFO     | slp.plbind.module:log_to_console:484 - val_acc7        0.5156073570251465
2021-06-11 15:40:38.369 | INFO     | slp.plbind.module:log_to_console:484 - val_f1          0.7937313914299011
2021-06-11 15:40:38.369 | INFO     | slp.plbind.module:log_to_console:484 - val_f1_zero     0.8063185811042786
2021-06-11 15:40:38.370 | INFO     | slp.plbind.module:log_to_console:484 - val_mae         0.5897539258003235
2021-06-11 15:40:38.371 | INFO     | slp.plbind.module:log_to_console:484 - val_loss        0.5897539258003235
2021-06-11 15:40:38.371 | INFO     | slp.plbind.module:log_to_console:484 - best_score      0.5740553140640259
2021-06-11 15:40:38.372 | INFO     | slp.util.system:print_separator:81 - %%%%%%%%%%%%%%%%%%%%%%%%%%%%%%%%%%%%%%%%%%%%%%%%%%
2021-06-11 15:40:38.374 | INFO     | slp.plbind.helpers:_run_early_stopping_check:25 - Epoch 13 Early Stopping
2021-06-11 15:40:38.375 | INFO     | slp.util.system:print_separator:81 - --------------------------------------------------
2021-06-11 15:40:38.376 | INFO     | slp.plbind.helpers:_run_early_stopping_check:27 - best score      0.5740552544593811
2021-06-11 15:40:38.376 | INFO     | slp.plbind.helpers:_run_early_stopping_check:28 - patience left   6              
2021-06-11 15:40:38.377 | INFO     | slp.util.system:print_separator:81 - ##################################################
2021-06-11 15:41:11.930 | INFO     | slp.plbind.module:log_to_console:478 - Epoch 14 Training results
2021-06-11 15:41:11.931 | INFO     | slp.util.system:print_separator:81 - --------------------------------------------------
2021-06-11 15:41:11.932 | INFO     | slp.plbind.module:log_to_console:484 - train_acc2      0.8766177296638489
2021-06-11 15:41:11.932 | INFO     | slp.plbind.module:log_to_console:484 - train_acc2_zero 0.8333100080490112
2021-06-11 15:41:11.933 | INFO     | slp.plbind.module:log_to_console:484 - train_acc5      0.6183865666389465
2021-06-11 15:41:11.933 | INFO     | slp.plbind.module:log_to_console:484 - train_acc7      0.5960040092468262
2021-06-11 15:41:11.934 | INFO     | slp.plbind.module:log_to_console:484 - train_f1        0.8750821352005005
2021-06-11 15:41:11.934 | INFO     | slp.plbind.module:log_to_console:484 - train_f1_zero   0.83732670545578
2021-06-11 15:41:11.935 | INFO     | slp.plbind.module:log_to_console:484 - train_mae       0.46463605761528015
2021-06-11 15:41:11.935 | INFO     | slp.plbind.module:log_to_console:484 - train_loss      0.46463605761528015
2021-06-11 15:41:11.936 | INFO     | slp.util.system:print_separator:81 - %%%%%%%%%%%%%%%%%%%%%%%%%%%%%%%%%%%%%%%%%%%%%%%%%%
2021-06-11 15:41:13.792 | INFO     | slp.plbind.module:log_to_console:478 - Epoch 14 Validation results
2021-06-11 15:41:13.794 | INFO     | slp.util.system:print_separator:81 - --------------------------------------------------
2021-06-11 15:41:13.796 | INFO     | slp.plbind.module:log_to_console:484 - val_acc2        0.8018299341201782
2021-06-11 15:41:13.798 | INFO     | slp.plbind.module:log_to_console:484 - val_acc2_zero   0.7852048277854919
2021-06-11 15:41:13.800 | INFO     | slp.plbind.module:log_to_console:484 - val_acc5        0.5308969020843506
2021-06-11 15:41:13.801 | INFO     | slp.plbind.module:log_to_console:484 - val_acc7        0.5144774317741394
2021-06-11 15:41:13.803 | INFO     | slp.plbind.module:log_to_console:484 - val_f1          0.7970741391181946
2021-06-11 15:41:13.805 | INFO     | slp.plbind.module:log_to_console:484 - val_f1_zero     0.7883965373039246
2021-06-11 15:41:13.807 | INFO     | slp.plbind.module:log_to_console:484 - val_mae         0.5953972935676575
2021-06-11 15:41:13.808 | INFO     | slp.plbind.module:log_to_console:484 - val_loss        0.5953972935676575
2021-06-11 15:41:13.809 | INFO     | slp.plbind.module:log_to_console:484 - best_score      0.5740553140640259
2021-06-11 15:41:13.810 | INFO     | slp.util.system:print_separator:81 - %%%%%%%%%%%%%%%%%%%%%%%%%%%%%%%%%%%%%%%%%%%%%%%%%%
2021-06-11 15:41:13.814 | INFO     | slp.plbind.helpers:_run_early_stopping_check:25 - Epoch 14 Early Stopping
2021-06-11 15:41:13.815 | INFO     | slp.util.system:print_separator:81 - --------------------------------------------------
2021-06-11 15:41:13.817 | INFO     | slp.plbind.helpers:_run_early_stopping_check:27 - best score      0.5740552544593811
2021-06-11 15:41:13.818 | INFO     | slp.plbind.helpers:_run_early_stopping_check:28 - patience left   5              
2021-06-11 15:41:13.819 | INFO     | slp.util.system:print_separator:81 - ##################################################
2021-06-11 15:41:47.559 | INFO     | slp.plbind.module:log_to_console:478 - Epoch 15 Training results
2021-06-11 15:41:47.559 | INFO     | slp.util.system:print_separator:81 - --------------------------------------------------
2021-06-11 15:41:47.560 | INFO     | slp.plbind.module:log_to_console:484 - train_acc2      0.8821003437042236
2021-06-11 15:41:47.561 | INFO     | slp.plbind.module:log_to_console:484 - train_acc2_zero 0.837075412273407
2021-06-11 15:41:47.561 | INFO     | slp.plbind.module:log_to_console:484 - train_acc5      0.6244933009147644
2021-06-11 15:41:47.562 | INFO     | slp.plbind.module:log_to_console:484 - train_acc7      0.6007041931152344
2021-06-11 15:41:47.562 | INFO     | slp.plbind.module:log_to_console:484 - train_f1        0.8810243010520935
2021-06-11 15:41:47.563 | INFO     | slp.plbind.module:log_to_console:484 - train_f1_zero   0.8411425352096558
2021-06-11 15:41:47.563 | INFO     | slp.plbind.module:log_to_console:484 - train_mae       0.457256942987442
2021-06-11 15:41:47.564 | INFO     | slp.plbind.module:log_to_console:484 - train_loss      0.457256942987442
2021-06-11 15:41:47.564 | INFO     | slp.util.system:print_separator:81 - %%%%%%%%%%%%%%%%%%%%%%%%%%%%%%%%%%%%%%%%%%%%%%%%%%
2021-06-11 15:41:49.363 | INFO     | slp.plbind.module:log_to_console:478 - Epoch 15 Validation results
2021-06-11 15:41:49.364 | INFO     | slp.util.system:print_separator:81 - --------------------------------------------------
2021-06-11 15:41:49.365 | INFO     | slp.plbind.module:log_to_console:484 - val_acc2        0.7938789129257202
2021-06-11 15:41:49.366 | INFO     | slp.plbind.module:log_to_console:484 - val_acc2_zero   0.7560028433799744
2021-06-11 15:41:49.367 | INFO     | slp.plbind.module:log_to_console:484 - val_acc5        0.5457980036735535
2021-06-11 15:41:49.367 | INFO     | slp.plbind.module:log_to_console:484 - val_acc7        0.5325564742088318
2021-06-11 15:41:49.368 | INFO     | slp.plbind.module:log_to_console:484 - val_f1          0.7972188591957092
2021-06-11 15:41:49.369 | INFO     | slp.plbind.module:log_to_console:484 - val_f1_zero     0.7683922052383423
2021-06-11 15:41:49.370 | INFO     | slp.plbind.module:log_to_console:484 - val_mae         0.5753559470176697
2021-06-11 15:41:49.370 | INFO     | slp.plbind.module:log_to_console:484 - val_loss        0.5753559470176697
2021-06-11 15:41:49.371 | INFO     | slp.plbind.module:log_to_console:484 - best_score      0.5740553140640259
2021-06-11 15:41:49.372 | INFO     | slp.util.system:print_separator:81 - %%%%%%%%%%%%%%%%%%%%%%%%%%%%%%%%%%%%%%%%%%%%%%%%%%
2021-06-11 15:41:49.374 | INFO     | slp.plbind.helpers:_run_early_stopping_check:25 - Epoch 15 Early Stopping
2021-06-11 15:41:49.374 | INFO     | slp.util.system:print_separator:81 - --------------------------------------------------
2021-06-11 15:41:49.375 | INFO     | slp.plbind.helpers:_run_early_stopping_check:27 - best score      0.5740552544593811
2021-06-11 15:41:49.376 | INFO     | slp.plbind.helpers:_run_early_stopping_check:28 - patience left   4              
2021-06-11 15:41:49.377 | INFO     | slp.util.system:print_separator:81 - ##################################################
2021-06-11 15:42:23.021 | INFO     | slp.plbind.module:log_to_console:478 - Epoch 16 Training results
2021-06-11 15:42:23.021 | INFO     | slp.util.system:print_separator:81 - --------------------------------------------------
2021-06-11 15:42:23.022 | INFO     | slp.plbind.module:log_to_console:484 - train_acc2      0.8837440013885498
2021-06-11 15:42:23.023 | INFO     | slp.plbind.module:log_to_console:484 - train_acc2_zero 0.8351796269416809
2021-06-11 15:42:23.023 | INFO     | slp.plbind.module:log_to_console:484 - train_acc5      0.6338236927986145
2021-06-11 15:42:23.024 | INFO     | slp.plbind.module:log_to_console:484 - train_acc7      0.6090560555458069
2021-06-11 15:42:23.024 | INFO     | slp.plbind.module:log_to_console:484 - train_f1        0.882914125919342
2021-06-11 15:42:23.024 | INFO     | slp.plbind.module:log_to_console:484 - train_f1_zero   0.8396010994911194
2021-06-11 15:42:23.025 | INFO     | slp.plbind.module:log_to_console:484 - train_mae       0.44249433279037476
2021-06-11 15:42:23.025 | INFO     | slp.plbind.module:log_to_console:484 - train_loss      0.44249433279037476
2021-06-11 15:42:23.026 | INFO     | slp.util.system:print_separator:81 - %%%%%%%%%%%%%%%%%%%%%%%%%%%%%%%%%%%%%%%%%%%%%%%%%%
2021-06-11 15:42:24.911 | INFO     | slp.plbind.module:log_to_console:478 - Epoch 16 Validation results
2021-06-11 15:42:24.914 | INFO     | slp.util.system:print_separator:81 - --------------------------------------------------
2021-06-11 15:42:24.916 | INFO     | slp.plbind.module:log_to_console:484 - val_acc2        0.7898316383361816
2021-06-11 15:42:24.918 | INFO     | slp.plbind.module:log_to_console:484 - val_acc2_zero   0.7549435496330261
2021-06-11 15:42:24.920 | INFO     | slp.plbind.module:log_to_console:484 - val_acc5        0.5404307842254639
2021-06-11 15:42:24.922 | INFO     | slp.plbind.module:log_to_console:484 - val_acc7        0.5298376083374023
2021-06-11 15:42:24.924 | INFO     | slp.plbind.module:log_to_console:484 - val_f1          0.7960582971572876
2021-06-11 15:42:24.926 | INFO     | slp.plbind.module:log_to_console:484 - val_f1_zero     0.7697257399559021
2021-06-11 15:42:24.927 | INFO     | slp.plbind.module:log_to_console:484 - val_mae         0.588228166103363
2021-06-11 15:42:24.929 | INFO     | slp.plbind.module:log_to_console:484 - val_loss        0.588228166103363
2021-06-11 15:42:24.930 | INFO     | slp.plbind.module:log_to_console:484 - best_score      0.5740553140640259
2021-06-11 15:42:24.932 | INFO     | slp.util.system:print_separator:81 - %%%%%%%%%%%%%%%%%%%%%%%%%%%%%%%%%%%%%%%%%%%%%%%%%%
2021-06-11 15:42:24.935 | INFO     | slp.plbind.helpers:_run_early_stopping_check:25 - Epoch 16 Early Stopping
2021-06-11 15:42:24.936 | INFO     | slp.util.system:print_separator:81 - --------------------------------------------------
2021-06-11 15:42:24.937 | INFO     | slp.plbind.helpers:_run_early_stopping_check:27 - best score      0.5740552544593811
2021-06-11 15:42:24.938 | INFO     | slp.plbind.helpers:_run_early_stopping_check:28 - patience left   3              
2021-06-11 15:42:24.939 | INFO     | slp.util.system:print_separator:81 - ##################################################
2021-06-11 15:42:58.584 | INFO     | slp.plbind.module:log_to_console:478 - Epoch 17 Training results
2021-06-11 15:42:58.585 | INFO     | slp.util.system:print_separator:81 - --------------------------------------------------
2021-06-11 15:42:58.586 | INFO     | slp.plbind.module:log_to_console:484 - train_acc2      0.8872743248939514
2021-06-11 15:42:58.586 | INFO     | slp.plbind.module:log_to_console:484 - train_acc2_zero 0.839984655380249
2021-06-11 15:42:58.587 | INFO     | slp.plbind.module:log_to_console:484 - train_acc5      0.644132673740387
2021-06-11 15:42:58.588 | INFO     | slp.plbind.module:log_to_console:484 - train_acc7      0.6204658150672913
2021-06-11 15:42:58.588 | INFO     | slp.plbind.module:log_to_console:484 - train_f1        0.8858532309532166
2021-06-11 15:42:58.589 | INFO     | slp.plbind.module:log_to_console:484 - train_f1_zero   0.8440728187561035
2021-06-11 15:42:58.589 | INFO     | slp.plbind.module:log_to_console:484 - train_mae       0.4346429407596588
2021-06-11 15:42:58.590 | INFO     | slp.plbind.module:log_to_console:484 - train_loss      0.4346429407596588
2021-06-11 15:42:58.590 | INFO     | slp.util.system:print_separator:81 - %%%%%%%%%%%%%%%%%%%%%%%%%%%%%%%%%%%%%%%%%%%%%%%%%%
2021-06-11 15:43:00.470 | INFO     | slp.plbind.module:log_to_console:478 - Epoch 17 Validation results
2021-06-11 15:43:00.471 | INFO     | slp.util.system:print_separator:81 - --------------------------------------------------
2021-06-11 15:43:00.472 | INFO     | slp.plbind.module:log_to_console:484 - val_acc2        0.7909667491912842
2021-06-11 15:43:00.473 | INFO     | slp.plbind.module:log_to_console:484 - val_acc2_zero   0.7517655491828918
2021-06-11 15:43:00.474 | INFO     | slp.plbind.module:log_to_console:484 - val_acc5        0.5537429451942444
2021-06-11 15:43:00.474 | INFO     | slp.plbind.module:log_to_console:484 - val_acc7        0.5420904159545898
2021-06-11 15:43:00.475 | INFO     | slp.plbind.module:log_to_console:484 - val_f1          0.7964520454406738
2021-06-11 15:43:00.476 | INFO     | slp.plbind.module:log_to_console:484 - val_f1_zero     0.7651187181472778
2021-06-11 15:43:00.477 | INFO     | slp.plbind.module:log_to_console:484 - val_mae         0.5734983682632446
2021-06-11 15:43:00.477 | INFO     | slp.plbind.module:log_to_console:484 - val_loss        0.5734983682632446
2021-06-11 15:43:00.478 | INFO     | slp.plbind.module:log_to_console:484 - best_score      0.5740553140640259
2021-06-11 15:43:00.479 | INFO     | slp.util.system:print_separator:81 - %%%%%%%%%%%%%%%%%%%%%%%%%%%%%%%%%%%%%%%%%%%%%%%%%%
2021-06-11 15:43:00.481 | INFO     | slp.plbind.helpers:_run_early_stopping_check:25 - Epoch 17 Early Stopping
2021-06-11 15:43:00.482 | INFO     | slp.util.system:print_separator:81 - --------------------------------------------------
2021-06-11 15:43:00.483 | INFO     | slp.plbind.helpers:_run_early_stopping_check:27 - best score      0.5734983682632446
2021-06-11 15:43:00.483 | INFO     | slp.plbind.helpers:_run_early_stopping_check:28 - patience left   10             
2021-06-11 15:43:00.484 | INFO     | slp.util.system:print_separator:81 - ##################################################
2021-06-11 15:43:33.980 | INFO     | slp.plbind.module:log_to_console:478 - Epoch 18 Training results
2021-06-11 15:43:33.981 | INFO     | slp.util.system:print_separator:81 - --------------------------------------------------
2021-06-11 15:43:33.981 | INFO     | slp.plbind.module:log_to_console:484 - train_acc2      0.8884156346321106
2021-06-11 15:43:33.982 | INFO     | slp.plbind.module:log_to_console:484 - train_acc2_zero 0.840535044670105
2021-06-11 15:43:33.982 | INFO     | slp.plbind.module:log_to_console:484 - train_acc5      0.6545289754867554
2021-06-11 15:43:33.983 | INFO     | slp.plbind.module:log_to_console:484 - train_acc7      0.6297613382339478
2021-06-11 15:43:33.984 | INFO     | slp.plbind.module:log_to_console:484 - train_f1        0.8873599171638489
2021-06-11 15:43:33.984 | INFO     | slp.plbind.module:log_to_console:484 - train_f1_zero   0.844609260559082
2021-06-11 15:43:33.985 | INFO     | slp.plbind.module:log_to_console:484 - train_mae       0.4227445423603058
2021-06-11 15:43:33.985 | INFO     | slp.plbind.module:log_to_console:484 - train_loss      0.4227445423603058
2021-06-11 15:43:33.985 | INFO     | slp.util.system:print_separator:81 - %%%%%%%%%%%%%%%%%%%%%%%%%%%%%%%%%%%%%%%%%%%%%%%%%%
2021-06-11 15:43:35.818 | INFO     | slp.plbind.module:log_to_console:478 - Epoch 18 Validation results
2021-06-11 15:43:35.821 | INFO     | slp.util.system:print_separator:81 - --------------------------------------------------
2021-06-11 15:43:35.823 | INFO     | slp.plbind.module:log_to_console:484 - val_acc2        0.7925808429718018
2021-06-11 15:43:35.825 | INFO     | slp.plbind.module:log_to_console:484 - val_acc2_zero   0.7752118706703186
2021-06-11 15:43:35.827 | INFO     | slp.plbind.module:log_to_console:484 - val_acc5        0.5436087846755981
2021-06-11 15:43:35.829 | INFO     | slp.plbind.module:log_to_console:484 - val_acc7        0.5298376083374023
2021-06-11 15:43:35.831 | INFO     | slp.plbind.module:log_to_console:484 - val_f1          0.7934561967849731
2021-06-11 15:43:35.833 | INFO     | slp.plbind.module:log_to_console:484 - val_f1_zero     0.7839592099189758
2021-06-11 15:43:35.835 | INFO     | slp.plbind.module:log_to_console:484 - val_mae         0.5828486680984497
2021-06-11 15:43:35.837 | INFO     | slp.plbind.module:log_to_console:484 - val_loss        0.5828486680984497
2021-06-11 15:43:35.838 | INFO     | slp.plbind.module:log_to_console:484 - best_score      0.5734983682632446
2021-06-11 15:43:35.840 | INFO     | slp.util.system:print_separator:81 - %%%%%%%%%%%%%%%%%%%%%%%%%%%%%%%%%%%%%%%%%%%%%%%%%%
2021-06-11 15:43:35.844 | INFO     | slp.plbind.helpers:_run_early_stopping_check:25 - Epoch 18 Early Stopping
2021-06-11 15:43:35.845 | INFO     | slp.util.system:print_separator:81 - --------------------------------------------------
2021-06-11 15:43:35.847 | INFO     | slp.plbind.helpers:_run_early_stopping_check:27 - best score      0.5734983682632446
2021-06-11 15:43:35.847 | INFO     | slp.plbind.helpers:_run_early_stopping_check:28 - patience left   9              
2021-06-11 15:43:35.848 | INFO     | slp.util.system:print_separator:81 - ##################################################
2021-06-11 15:44:09.532 | INFO     | slp.plbind.module:log_to_console:478 - Epoch 19 Training results
2021-06-11 15:44:09.533 | INFO     | slp.util.system:print_separator:81 - --------------------------------------------------
2021-06-11 15:44:09.534 | INFO     | slp.plbind.module:log_to_console:484 - train_acc2      0.8920255303382874
2021-06-11 15:44:09.535 | INFO     | slp.plbind.module:log_to_console:484 - train_acc2_zero 0.8426754474639893
2021-06-11 15:44:09.535 | INFO     | slp.plbind.module:log_to_console:484 - train_acc5      0.6548696756362915
2021-06-11 15:44:09.535 | INFO     | slp.plbind.module:log_to_console:484 - train_acc7      0.6291847229003906
2021-06-11 15:44:09.536 | INFO     | slp.plbind.module:log_to_console:484 - train_f1        0.8909653425216675
2021-06-11 15:44:09.536 | INFO     | slp.plbind.module:log_to_console:484 - train_f1_zero   0.8466794490814209
2021-06-11 15:44:09.537 | INFO     | slp.plbind.module:log_to_console:484 - train_mae       0.4183178246021271
2021-06-11 15:44:09.537 | INFO     | slp.plbind.module:log_to_console:484 - train_loss      0.4183178246021271
2021-06-11 15:44:09.537 | INFO     | slp.util.system:print_separator:81 - %%%%%%%%%%%%%%%%%%%%%%%%%%%%%%%%%%%%%%%%%%%%%%%%%%
2021-06-11 15:44:11.324 | INFO     | slp.plbind.module:log_to_console:478 - Epoch 19 Validation results
2021-06-11 15:44:11.325 | INFO     | slp.util.system:print_separator:81 - --------------------------------------------------
2021-06-11 15:44:11.326 | INFO     | slp.plbind.module:log_to_console:484 - val_acc2        0.8081544637680054
2021-06-11 15:44:11.327 | INFO     | slp.plbind.module:log_to_console:484 - val_acc2_zero   0.7873940467834473
2021-06-11 15:44:11.329 | INFO     | slp.plbind.module:log_to_console:484 - val_acc5        0.5271186232566833
2021-06-11 15:44:11.330 | INFO     | slp.plbind.module:log_to_console:484 - val_acc7        0.510169506072998
2021-06-11 15:44:11.331 | INFO     | slp.plbind.module:log_to_console:484 - val_f1          0.8068258166313171
2021-06-11 15:44:11.333 | INFO     | slp.plbind.module:log_to_console:484 - val_f1_zero     0.7944071888923645
2021-06-11 15:44:11.334 | INFO     | slp.plbind.module:log_to_console:484 - val_mae         0.6000655889511108
2021-06-11 15:44:11.336 | INFO     | slp.plbind.module:log_to_console:484 - val_loss        0.6000655889511108
2021-06-11 15:44:11.337 | INFO     | slp.plbind.module:log_to_console:484 - best_score      0.5734983682632446
2021-06-11 15:44:11.338 | INFO     | slp.util.system:print_separator:81 - %%%%%%%%%%%%%%%%%%%%%%%%%%%%%%%%%%%%%%%%%%%%%%%%%%
2021-06-11 15:44:11.341 | INFO     | slp.plbind.helpers:_run_early_stopping_check:25 - Epoch 19 Early Stopping
2021-06-11 15:44:11.342 | INFO     | slp.util.system:print_separator:81 - --------------------------------------------------
2021-06-11 15:44:11.343 | INFO     | slp.plbind.helpers:_run_early_stopping_check:27 - best score      0.5734983682632446
2021-06-11 15:44:11.344 | INFO     | slp.plbind.helpers:_run_early_stopping_check:28 - patience left   8              
2021-06-11 15:44:11.345 | INFO     | slp.util.system:print_separator:81 - ##################################################
2021-06-11 15:44:44.601 | INFO     | slp.plbind.module:log_to_console:478 - Epoch 20 Training results
2021-06-11 15:44:44.601 | INFO     | slp.util.system:print_separator:81 - --------------------------------------------------
2021-06-11 15:44:44.602 | INFO     | slp.plbind.module:log_to_console:484 - train_acc2      0.8952845931053162
2021-06-11 15:44:44.603 | INFO     | slp.plbind.module:log_to_console:484 - train_acc2_zero 0.8445624709129333
2021-06-11 15:44:44.603 | INFO     | slp.plbind.module:log_to_console:484 - train_acc5      0.66568523645401
2021-06-11 15:44:44.604 | INFO     | slp.plbind.module:log_to_console:484 - train_acc7      0.6404895186424255
2021-06-11 15:44:44.604 | INFO     | slp.plbind.module:log_to_console:484 - train_f1        0.8942592740058899
2021-06-11 15:44:44.605 | INFO     | slp.plbind.module:log_to_console:484 - train_f1_zero   0.8490988612174988
2021-06-11 15:44:44.606 | INFO     | slp.plbind.module:log_to_console:484 - train_mae       0.4084234833717346
2021-06-11 15:44:44.606 | INFO     | slp.plbind.module:log_to_console:484 - train_loss      0.4084234833717346
2021-06-11 15:44:44.606 | INFO     | slp.util.system:print_separator:81 - %%%%%%%%%%%%%%%%%%%%%%%%%%%%%%%%%%%%%%%%%%%%%%%%%%
2021-06-11 15:44:46.501 | INFO     | slp.plbind.module:log_to_console:478 - Epoch 20 Validation results
2021-06-11 15:44:46.503 | INFO     | slp.util.system:print_separator:81 - --------------------------------------------------
2021-06-11 15:44:46.506 | INFO     | slp.plbind.module:log_to_console:484 - val_acc2        0.7823858857154846
2021-06-11 15:44:46.507 | INFO     | slp.plbind.module:log_to_console:484 - val_acc2_zero   0.7676553726196289
2021-06-11 15:44:46.508 | INFO     | slp.plbind.module:log_to_console:484 - val_acc5        0.5303672552108765
2021-06-11 15:44:46.508 | INFO     | slp.plbind.module:log_to_console:484 - val_acc7        0.5181850790977478
2021-06-11 15:44:46.509 | INFO     | slp.plbind.module:log_to_console:484 - val_f1          0.7879690527915955
2021-06-11 15:44:46.510 | INFO     | slp.plbind.module:log_to_console:484 - val_f1_zero     0.7801781296730042
2021-06-11 15:44:46.511 | INFO     | slp.plbind.module:log_to_console:484 - val_mae         0.6029953956604004
2021-06-11 15:44:46.512 | INFO     | slp.plbind.module:log_to_console:484 - val_loss        0.6029953956604004
2021-06-11 15:44:46.512 | INFO     | slp.plbind.module:log_to_console:484 - best_score      0.5734983682632446
2021-06-11 15:44:46.513 | INFO     | slp.util.system:print_separator:81 - %%%%%%%%%%%%%%%%%%%%%%%%%%%%%%%%%%%%%%%%%%%%%%%%%%
2021-06-11 15:44:46.516 | INFO     | slp.plbind.helpers:_run_early_stopping_check:25 - Epoch 20 Early Stopping
2021-06-11 15:44:46.516 | INFO     | slp.util.system:print_separator:81 - --------------------------------------------------
2021-06-11 15:44:46.517 | INFO     | slp.plbind.helpers:_run_early_stopping_check:27 - best score      0.5734983682632446
2021-06-11 15:44:46.518 | INFO     | slp.plbind.helpers:_run_early_stopping_check:28 - patience left   7              
2021-06-11 15:44:46.519 | INFO     | slp.util.system:print_separator:81 - ##################################################
2021-06-11 15:45:20.529 | INFO     | slp.plbind.module:log_to_console:478 - Epoch 21 Training results
2021-06-11 15:45:20.530 | INFO     | slp.util.system:print_separator:81 - --------------------------------------------------
2021-06-11 15:45:20.530 | INFO     | slp.plbind.module:log_to_console:484 - train_acc2      0.9018029570579529
2021-06-11 15:45:20.531 | INFO     | slp.plbind.module:log_to_console:484 - train_acc2_zero 0.8498654365539551
2021-06-11 15:45:20.532 | INFO     | slp.plbind.module:log_to_console:484 - train_acc5      0.6867574453353882
2021-06-11 15:45:20.532 | INFO     | slp.plbind.module:log_to_console:484 - train_acc7      0.6623567342758179
2021-06-11 15:45:20.533 | INFO     | slp.plbind.module:log_to_console:484 - train_f1        0.9009958505630493
2021-06-11 15:45:20.533 | INFO     | slp.plbind.module:log_to_console:484 - train_f1_zero   0.8542238473892212
2021-06-11 15:45:20.534 | INFO     | slp.plbind.module:log_to_console:484 - train_mae       0.38417038321495056
2021-06-11 15:45:20.534 | INFO     | slp.plbind.module:log_to_console:484 - train_loss      0.38417038321495056
2021-06-11 15:45:20.535 | INFO     | slp.util.system:print_separator:81 - %%%%%%%%%%%%%%%%%%%%%%%%%%%%%%%%%%%%%%%%%%%%%%%%%%
2021-06-11 15:45:22.386 | INFO     | slp.plbind.module:log_to_console:478 - Epoch 21 Validation results
2021-06-11 15:45:22.388 | INFO     | slp.util.system:print_separator:81 - --------------------------------------------------
2021-06-11 15:45:22.391 | INFO     | slp.plbind.module:log_to_console:484 - val_acc2        0.7906138300895691
2021-06-11 15:45:22.393 | INFO     | slp.plbind.module:log_to_console:484 - val_acc2_zero   0.7713630199432373
2021-06-11 15:45:22.394 | INFO     | slp.plbind.module:log_to_console:484 - val_acc5        0.5319562554359436
2021-06-11 15:45:22.395 | INFO     | slp.plbind.module:log_to_console:484 - val_acc7        0.5165960788726807
2021-06-11 15:45:22.397 | INFO     | slp.plbind.module:log_to_console:484 - val_f1          0.7941507697105408
2021-06-11 15:45:22.398 | INFO     | slp.plbind.module:log_to_console:484 - val_f1_zero     0.7815062999725342
2021-06-11 15:45:22.399 | INFO     | slp.plbind.module:log_to_console:484 - val_mae         0.5971242189407349
2021-06-11 15:45:22.400 | INFO     | slp.plbind.module:log_to_console:484 - val_loss        0.5971242189407349
2021-06-11 15:45:22.401 | INFO     | slp.plbind.module:log_to_console:484 - best_score      0.5734983682632446
2021-06-11 15:45:22.402 | INFO     | slp.util.system:print_separator:81 - %%%%%%%%%%%%%%%%%%%%%%%%%%%%%%%%%%%%%%%%%%%%%%%%%%
2021-06-11 15:45:22.405 | INFO     | slp.plbind.helpers:_run_early_stopping_check:25 - Epoch 21 Early Stopping
2021-06-11 15:45:22.406 | INFO     | slp.util.system:print_separator:81 - --------------------------------------------------
2021-06-11 15:45:22.408 | INFO     | slp.plbind.helpers:_run_early_stopping_check:27 - best score      0.5734983682632446
2021-06-11 15:45:22.409 | INFO     | slp.plbind.helpers:_run_early_stopping_check:28 - patience left   6              
2021-06-11 15:45:22.410 | INFO     | slp.util.system:print_separator:81 - ##################################################
2021-06-11 15:45:55.798 | INFO     | slp.plbind.module:log_to_console:478 - Epoch 22 Training results
2021-06-11 15:45:55.798 | INFO     | slp.util.system:print_separator:81 - --------------------------------------------------
2021-06-11 15:45:55.799 | INFO     | slp.plbind.module:log_to_console:484 - train_acc2      0.9028509259223938
2021-06-11 15:45:55.800 | INFO     | slp.plbind.module:log_to_console:484 - train_acc2_zero 0.8474454879760742
2021-06-11 15:45:55.800 | INFO     | slp.plbind.module:log_to_console:484 - train_acc5      0.6875262260437012
2021-06-11 15:45:55.801 | INFO     | slp.plbind.module:log_to_console:484 - train_acc7      0.66324782371521
2021-06-11 15:45:55.801 | INFO     | slp.plbind.module:log_to_console:484 - train_f1        0.9019715785980225
2021-06-11 15:45:55.802 | INFO     | slp.plbind.module:log_to_console:484 - train_f1_zero   0.8519848585128784
2021-06-11 15:45:55.802 | INFO     | slp.plbind.module:log_to_console:484 - train_mae       0.378359317779541
2021-06-11 15:45:55.803 | INFO     | slp.plbind.module:log_to_console:484 - train_loss      0.378359317779541
2021-06-11 15:45:55.803 | INFO     | slp.util.system:print_separator:81 - %%%%%%%%%%%%%%%%%%%%%%%%%%%%%%%%%%%%%%%%%%%%%%%%%%
2021-06-11 15:45:57.677 | INFO     | slp.plbind.module:log_to_console:478 - Epoch 22 Validation results
2021-06-11 15:45:57.678 | INFO     | slp.util.system:print_separator:81 - --------------------------------------------------
2021-06-11 15:45:57.679 | INFO     | slp.plbind.module:log_to_console:484 - val_acc2        0.7875760793685913
2021-06-11 15:45:57.680 | INFO     | slp.plbind.module:log_to_console:484 - val_acc2_zero   0.7693150043487549
2021-06-11 15:45:57.681 | INFO     | slp.plbind.module:log_to_console:484 - val_acc5        0.5330155491828918
2021-06-11 15:45:57.682 | INFO     | slp.plbind.module:log_to_console:484 - val_acc7        0.5213630199432373
2021-06-11 15:45:57.683 | INFO     | slp.plbind.module:log_to_console:484 - val_f1          0.7886705994606018
2021-06-11 15:45:57.684 | INFO     | slp.plbind.module:log_to_console:484 - val_f1_zero     0.778454601764679
2021-06-11 15:45:57.684 | INFO     | slp.plbind.module:log_to_console:484 - val_mae         0.5919705629348755
2021-06-11 15:45:57.685 | INFO     | slp.plbind.module:log_to_console:484 - val_loss        0.5919705629348755
2021-06-11 15:45:57.686 | INFO     | slp.plbind.module:log_to_console:484 - best_score      0.5734983682632446
2021-06-11 15:45:57.687 | INFO     | slp.util.system:print_separator:81 - %%%%%%%%%%%%%%%%%%%%%%%%%%%%%%%%%%%%%%%%%%%%%%%%%%
2021-06-11 15:45:57.723 | INFO     | slp.plbind.helpers:_run_early_stopping_check:25 - Epoch 22 Early Stopping
2021-06-11 15:45:57.725 | INFO     | slp.util.system:print_separator:81 - --------------------------------------------------
2021-06-11 15:45:57.728 | INFO     | slp.plbind.helpers:_run_early_stopping_check:27 - best score      0.5734983682632446
2021-06-11 15:45:57.729 | INFO     | slp.plbind.helpers:_run_early_stopping_check:28 - patience left   5              
2021-06-11 15:45:57.731 | INFO     | slp.util.system:print_separator:81 - ##################################################
2021-06-11 15:46:31.415 | INFO     | slp.plbind.module:log_to_console:478 - Epoch 23 Training results
2021-06-11 15:46:31.415 | INFO     | slp.util.system:print_separator:81 - --------------------------------------------------
2021-06-11 15:46:31.416 | INFO     | slp.plbind.module:log_to_console:484 - train_acc2      0.9026753306388855
2021-06-11 15:46:31.417 | INFO     | slp.plbind.module:log_to_console:484 - train_acc2_zero 0.847200870513916
2021-06-11 15:46:31.417 | INFO     | slp.plbind.module:log_to_console:484 - train_acc5      0.699407696723938
2021-06-11 15:46:31.418 | INFO     | slp.plbind.module:log_to_console:484 - train_acc7      0.675068199634552
2021-06-11 15:46:31.418 | INFO     | slp.plbind.module:log_to_console:484 - train_f1        0.9018586277961731
2021-06-11 15:46:31.419 | INFO     | slp.plbind.module:log_to_console:484 - train_f1_zero   0.8518162965774536
2021-06-11 15:46:31.419 | INFO     | slp.plbind.module:log_to_console:484 - train_mae       0.3697115182876587
2021-06-11 15:46:31.420 | INFO     | slp.plbind.module:log_to_console:484 - train_loss      0.3697115182876587
2021-06-11 15:46:31.420 | INFO     | slp.util.system:print_separator:81 - %%%%%%%%%%%%%%%%%%%%%%%%%%%%%%%%%%%%%%%%%%%%%%%%%%
2021-06-11 15:46:33.339 | INFO     | slp.plbind.module:log_to_console:478 - Epoch 23 Validation results
2021-06-11 15:46:33.340 | INFO     | slp.util.system:print_separator:81 - --------------------------------------------------
2021-06-11 15:46:33.341 | INFO     | slp.plbind.module:log_to_console:484 - val_acc2        0.7962254881858826
2021-06-11 15:46:33.343 | INFO     | slp.plbind.module:log_to_console:484 - val_acc2_zero   0.7811087965965271
2021-06-11 15:46:33.344 | INFO     | slp.plbind.module:log_to_console:484 - val_acc5        0.5250706672668457
2021-06-11 15:46:33.345 | INFO     | slp.plbind.module:log_to_console:484 - val_acc7        0.5123587846755981
2021-06-11 15:46:33.346 | INFO     | slp.plbind.module:log_to_console:484 - val_f1          0.7972166538238525
2021-06-11 15:46:33.348 | INFO     | slp.plbind.module:log_to_console:484 - val_f1_zero     0.788847029209137
2021-06-11 15:46:33.350 | INFO     | slp.plbind.module:log_to_console:484 - val_mae         0.5951539874076843
2021-06-11 15:46:33.352 | INFO     | slp.plbind.module:log_to_console:484 - val_loss        0.5951539874076843
2021-06-11 15:46:33.354 | INFO     | slp.plbind.module:log_to_console:484 - best_score      0.5734983682632446
2021-06-11 15:46:33.356 | INFO     | slp.util.system:print_separator:81 - %%%%%%%%%%%%%%%%%%%%%%%%%%%%%%%%%%%%%%%%%%%%%%%%%%
2021-06-11 15:46:33.361 | INFO     | slp.plbind.helpers:_run_early_stopping_check:25 - Epoch 23 Early Stopping
2021-06-11 15:46:33.363 | INFO     | slp.util.system:print_separator:81 - --------------------------------------------------
2021-06-11 15:46:33.366 | INFO     | slp.plbind.helpers:_run_early_stopping_check:27 - best score      0.5734983682632446
2021-06-11 15:46:33.367 | INFO     | slp.plbind.helpers:_run_early_stopping_check:28 - patience left   4              
2021-06-11 15:46:33.369 | INFO     | slp.util.system:print_separator:81 - ##################################################
2021-06-11 15:47:07.948 | INFO     | slp.plbind.module:log_to_console:478 - Epoch 24 Training results
2021-06-11 15:47:07.948 | INFO     | slp.util.system:print_separator:81 - --------------------------------------------------
2021-06-11 15:47:07.949 | INFO     | slp.plbind.module:log_to_console:484 - train_acc2      0.9102214574813843
2021-06-11 15:47:07.949 | INFO     | slp.plbind.module:log_to_console:484 - train_acc2_zero 0.8526698350906372
2021-06-11 15:47:07.950 | INFO     | slp.plbind.module:log_to_console:484 - train_acc5      0.7013733983039856
2021-06-11 15:47:07.951 | INFO     | slp.plbind.module:log_to_console:484 - train_acc7      0.6774619221687317
2021-06-11 15:47:07.951 | INFO     | slp.plbind.module:log_to_console:484 - train_f1        0.9096342921257019
2021-06-11 15:47:07.952 | INFO     | slp.plbind.module:log_to_console:484 - train_f1_zero   0.857380211353302
2021-06-11 15:47:07.952 | INFO     | slp.plbind.module:log_to_console:484 - train_mae       0.36258983612060547
2021-06-11 15:47:07.953 | INFO     | slp.plbind.module:log_to_console:484 - train_loss      0.36258983612060547
2021-06-11 15:47:07.953 | INFO     | slp.util.system:print_separator:81 - %%%%%%%%%%%%%%%%%%%%%%%%%%%%%%%%%%%%%%%%%%%%%%%%%%
2021-06-11 15:47:09.875 | INFO     | slp.plbind.module:log_to_console:478 - Epoch 24 Validation results
2021-06-11 15:47:09.876 | INFO     | slp.util.system:print_separator:81 - --------------------------------------------------
2021-06-11 15:47:09.877 | INFO     | slp.plbind.module:log_to_console:484 - val_acc2        0.7925034761428833
2021-06-11 15:47:09.877 | INFO     | slp.plbind.module:log_to_console:484 - val_acc2_zero   0.7757415175437927
2021-06-11 15:47:09.878 | INFO     | slp.plbind.module:log_to_console:484 - val_acc5        0.5394421219825745
2021-06-11 15:47:09.879 | INFO     | slp.plbind.module:log_to_console:484 - val_acc7        0.5277895331382751
2021-06-11 15:47:09.879 | INFO     | slp.plbind.module:log_to_console:484 - val_f1          0.7939059734344482
2021-06-11 15:47:09.891 | INFO     | slp.plbind.module:log_to_console:484 - val_f1_zero     0.7845413088798523
2021-06-11 15:47:09.932 | INFO     | slp.plbind.module:log_to_console:484 - val_mae         0.5832738280296326
2021-06-11 15:47:09.934 | INFO     | slp.plbind.module:log_to_console:484 - val_loss        0.5832738280296326
2021-06-11 15:47:09.936 | INFO     | slp.plbind.module:log_to_console:484 - best_score      0.5734983682632446
2021-06-11 15:47:09.938 | INFO     | slp.util.system:print_separator:81 - %%%%%%%%%%%%%%%%%%%%%%%%%%%%%%%%%%%%%%%%%%%%%%%%%%
2021-06-11 15:47:09.943 | INFO     | slp.plbind.helpers:_run_early_stopping_check:25 - Epoch 24 Early Stopping
2021-06-11 15:47:09.945 | INFO     | slp.util.system:print_separator:81 - --------------------------------------------------
2021-06-11 15:47:09.946 | INFO     | slp.plbind.helpers:_run_early_stopping_check:27 - best score      0.5734983682632446
2021-06-11 15:47:09.948 | INFO     | slp.plbind.helpers:_run_early_stopping_check:28 - patience left   3              
2021-06-11 15:47:09.949 | INFO     | slp.util.system:print_separator:81 - ##################################################
2021-06-11 15:47:43.381 | INFO     | slp.plbind.module:log_to_console:478 - Epoch 25 Training results
2021-06-11 15:47:43.382 | INFO     | slp.util.system:print_separator:81 - --------------------------------------------------
2021-06-11 15:47:43.382 | INFO     | slp.plbind.module:log_to_console:484 - train_acc2      0.9076915383338928
2021-06-11 15:47:43.383 | INFO     | slp.plbind.module:log_to_console:484 - train_acc2_zero 0.8491228818893433
2021-06-11 15:47:43.383 | INFO     | slp.plbind.module:log_to_console:484 - train_acc5      0.7060211300849915
2021-06-11 15:47:43.384 | INFO     | slp.plbind.module:log_to_console:484 - train_acc7      0.6803973317146301
2021-06-11 15:47:43.385 | INFO     | slp.plbind.module:log_to_console:484 - train_f1        0.9072349071502686
2021-06-11 15:47:43.385 | INFO     | slp.plbind.module:log_to_console:484 - train_f1_zero   0.8542723059654236
2021-06-11 15:47:43.386 | INFO     | slp.plbind.module:log_to_console:484 - train_mae       0.35766085982322693
2021-06-11 15:47:43.386 | INFO     | slp.plbind.module:log_to_console:484 - train_loss      0.35766085982322693
2021-06-11 15:47:43.387 | INFO     | slp.util.system:print_separator:81 - %%%%%%%%%%%%%%%%%%%%%%%%%%%%%%%%%%%%%%%%%%%%%%%%%%
2021-06-11 15:47:45.483 | INFO     | slp.plbind.module:log_to_console:478 - Epoch 25 Validation results
2021-06-11 15:47:45.484 | INFO     | slp.util.system:print_separator:81 - --------------------------------------------------
2021-06-11 15:47:45.485 | INFO     | slp.plbind.module:log_to_console:484 - val_acc2        0.7845738530158997
2021-06-11 15:47:45.486 | INFO     | slp.plbind.module:log_to_console:484 - val_acc2_zero   0.7646893262863159
2021-06-11 15:47:45.487 | INFO     | slp.plbind.module:log_to_console:484 - val_acc5        0.5298376083374023
2021-06-11 15:47:45.488 | INFO     | slp.plbind.module:log_to_console:484 - val_acc7        0.5176553726196289
2021-06-11 15:47:45.489 | INFO     | slp.plbind.module:log_to_console:484 - val_f1          0.7859223484992981
2021-06-11 15:47:45.490 | INFO     | slp.plbind.module:log_to_console:484 - val_f1_zero     0.7737686634063721
2021-06-11 15:47:45.491 | INFO     | slp.plbind.module:log_to_console:484 - val_mae         0.59352707862854
2021-06-11 15:47:45.492 | INFO     | slp.plbind.module:log_to_console:484 - val_loss        0.59352707862854
2021-06-11 15:47:45.492 | INFO     | slp.plbind.module:log_to_console:484 - best_score      0.5734983682632446
2021-06-11 15:47:45.493 | INFO     | slp.util.system:print_separator:81 - %%%%%%%%%%%%%%%%%%%%%%%%%%%%%%%%%%%%%%%%%%%%%%%%%%
2021-06-11 15:47:45.495 | INFO     | slp.plbind.helpers:_run_early_stopping_check:25 - Epoch 25 Early Stopping
2021-06-11 15:47:45.496 | INFO     | slp.util.system:print_separator:81 - --------------------------------------------------
2021-06-11 15:47:45.497 | INFO     | slp.plbind.helpers:_run_early_stopping_check:27 - best score      0.5734983682632446
2021-06-11 15:47:45.498 | INFO     | slp.plbind.helpers:_run_early_stopping_check:28 - patience left   2              
2021-06-11 15:47:45.498 | INFO     | slp.util.system:print_separator:81 - ##################################################
2021-06-11 15:48:18.830 | INFO     | slp.plbind.module:log_to_console:478 - Epoch 26 Training results
2021-06-11 15:48:18.830 | INFO     | slp.util.system:print_separator:81 - --------------------------------------------------
2021-06-11 15:48:18.831 | INFO     | slp.plbind.module:log_to_console:484 - train_acc2      0.9109370112419128
2021-06-11 15:48:18.832 | INFO     | slp.plbind.module:log_to_console:484 - train_acc2_zero 0.8542336225509644
2021-06-11 15:48:18.832 | INFO     | slp.plbind.module:log_to_console:484 - train_acc5      0.7196236252784729
2021-06-11 15:48:18.833 | INFO     | slp.plbind.module:log_to_console:484 - train_acc7      0.6958956122398376
2021-06-11 15:48:18.833 | INFO     | slp.plbind.module:log_to_console:484 - train_f1        0.9101918339729309
2021-06-11 15:48:18.834 | INFO     | slp.plbind.module:log_to_console:484 - train_f1_zero   0.8589058518409729
2021-06-11 15:48:18.834 | INFO     | slp.plbind.module:log_to_console:484 - train_mae       0.34495094418525696
2021-06-11 15:48:18.835 | INFO     | slp.plbind.module:log_to_console:484 - train_loss      0.34495094418525696
2021-06-11 15:48:18.835 | INFO     | slp.util.system:print_separator:81 - %%%%%%%%%%%%%%%%%%%%%%%%%%%%%%%%%%%%%%%%%%%%%%%%%%
2021-06-11 15:48:20.713 | INFO     | slp.plbind.module:log_to_console:478 - Epoch 26 Validation results
2021-06-11 15:48:20.714 | INFO     | slp.util.system:print_separator:81 - --------------------------------------------------
2021-06-11 15:48:20.715 | INFO     | slp.plbind.module:log_to_console:484 - val_acc2        0.7977967262268066
2021-06-11 15:48:20.716 | INFO     | slp.plbind.module:log_to_console:484 - val_acc2_zero   0.7858757376670837
2021-06-11 15:48:20.717 | INFO     | slp.plbind.module:log_to_console:484 - val_acc5        0.5234816670417786
2021-06-11 15:48:20.718 | INFO     | slp.plbind.module:log_to_console:484 - val_acc7        0.5112994313240051
2021-06-11 15:48:20.718 | INFO     | slp.plbind.module:log_to_console:484 - val_f1          0.7978779673576355
2021-06-11 15:48:20.719 | INFO     | slp.plbind.module:log_to_console:484 - val_f1_zero     0.7922176718711853
2021-06-11 15:48:20.720 | INFO     | slp.plbind.module:log_to_console:484 - val_mae         0.5906078815460205
2021-06-11 15:48:20.721 | INFO     | slp.plbind.module:log_to_console:484 - val_loss        0.5906078815460205
2021-06-11 15:48:20.721 | INFO     | slp.plbind.module:log_to_console:484 - best_score      0.5734983682632446
2021-06-11 15:48:20.722 | INFO     | slp.util.system:print_separator:81 - %%%%%%%%%%%%%%%%%%%%%%%%%%%%%%%%%%%%%%%%%%%%%%%%%%
2021-06-11 15:48:20.724 | INFO     | slp.plbind.helpers:_run_early_stopping_check:25 - Epoch 26 Early Stopping
2021-06-11 15:48:20.725 | INFO     | slp.util.system:print_separator:81 - --------------------------------------------------
2021-06-11 15:48:20.725 | INFO     | slp.plbind.helpers:_run_early_stopping_check:27 - best score      0.5734983682632446
2021-06-11 15:48:20.726 | INFO     | slp.plbind.helpers:_run_early_stopping_check:28 - patience left   1              
2021-06-11 15:48:20.727 | INFO     | slp.util.system:print_separator:81 - ##################################################
2021-06-11 15:48:55.070 | INFO     | slp.plbind.module:log_to_console:478 - Epoch 27 Training results
2021-06-11 15:48:55.071 | INFO     | slp.util.system:print_separator:81 - --------------------------------------------------
2021-06-11 15:48:55.071 | INFO     | slp.plbind.module:log_to_console:484 - train_acc2      0.9146592020988464
2021-06-11 15:48:55.072 | INFO     | slp.plbind.module:log_to_console:484 - train_acc2_zero 0.8530716896057129
2021-06-11 15:48:55.072 | INFO     | slp.plbind.module:log_to_console:484 - train_acc5      0.7302120923995972
2021-06-11 15:48:55.073 | INFO     | slp.plbind.module:log_to_console:484 - train_acc7      0.705627977848053
2021-06-11 15:48:55.073 | INFO     | slp.plbind.module:log_to_console:484 - train_f1        0.914067268371582
2021-06-11 15:48:55.074 | INFO     | slp.plbind.module:log_to_console:484 - train_f1_zero   0.858035683631897
2021-06-11 15:48:55.074 | INFO     | slp.plbind.module:log_to_console:484 - train_mae       0.33698686957359314
2021-06-11 15:48:55.075 | INFO     | slp.plbind.module:log_to_console:484 - train_loss      0.33698686957359314
2021-06-11 15:48:55.075 | INFO     | slp.util.system:print_separator:81 - %%%%%%%%%%%%%%%%%%%%%%%%%%%%%%%%%%%%%%%%%%%%%%%%%%
2021-06-11 15:48:56.983 | INFO     | slp.plbind.module:log_to_console:478 - Epoch 27 Validation results
2021-06-11 15:48:56.985 | INFO     | slp.util.system:print_separator:81 - --------------------------------------------------
2021-06-11 15:48:56.987 | INFO     | slp.plbind.module:log_to_console:484 - val_acc2        0.7956100106239319
2021-06-11 15:48:56.988 | INFO     | slp.plbind.module:log_to_console:484 - val_acc2_zero   0.7842161059379578
2021-06-11 15:48:56.990 | INFO     | slp.plbind.module:log_to_console:484 - val_acc5        0.5314971804618835
2021-06-11 15:48:56.991 | INFO     | slp.plbind.module:log_to_console:484 - val_acc7        0.519844651222229
2021-06-11 15:48:56.992 | INFO     | slp.plbind.module:log_to_console:484 - val_f1          0.7937393188476562
2021-06-11 15:48:56.993 | INFO     | slp.plbind.module:log_to_console:484 - val_f1_zero     0.7893412709236145
2021-06-11 15:48:56.995 | INFO     | slp.plbind.module:log_to_console:484 - val_mae         0.5867879390716553
2021-06-11 15:48:56.996 | INFO     | slp.plbind.module:log_to_console:484 - val_loss        0.5867879390716553
2021-06-11 15:48:56.997 | INFO     | slp.plbind.module:log_to_console:484 - best_score      0.5734983682632446
2021-06-11 15:48:56.998 | INFO     | slp.util.system:print_separator:81 - %%%%%%%%%%%%%%%%%%%%%%%%%%%%%%%%%%%%%%%%%%%%%%%%%%
2021-06-11 15:48:57.001 | INFO     | slp.plbind.helpers:_run_early_stopping_check:25 - Epoch 27 Early Stopping
2021-06-11 15:48:57.002 | INFO     | slp.util.system:print_separator:81 - --------------------------------------------------
2021-06-11 15:48:57.003 | INFO     | slp.plbind.helpers:_run_early_stopping_check:27 - best score      0.5734983682632446
2021-06-11 15:48:57.004 | INFO     | slp.plbind.helpers:_run_early_stopping_check:28 - patience left   0              
2021-06-11 15:48:57.005 | INFO     | slp.plbind.helpers:_run_early_stopping_check:33 - Stopping due to early stopping
2021-06-11 15:48:57.005 | INFO     | slp.util.system:print_separator:81 - ##################################################
2021-06-11 15:48:57.116 | INFO     | pytorch_lightning.profiler.profilers:describe:96 - 

Profiler Report

Action                             	|  Mean duration (s)	|Num calls      	|  Total time (s) 	|  Percentage %   	|
------------------------------------------------------------------------------------------------------------------------------------
Total                              	|  -              	|_              	|  964.85         	|  100 %          	|
------------------------------------------------------------------------------------------------------------------------------------
run_training_epoch                 	|  35.604         	|27             	|  961.31         	|  99.633         	|
run_training_batch                 	|  0.063441       	|13797          	|  875.3          	|  90.718         	|
optimizer_step_and_closure_0       	|  0.061013       	|13797          	|  841.8          	|  87.246         	|
training_step_and_backward         	|  0.050979       	|13797          	|  703.36         	|  72.898         	|
model_forward                      	|  0.029373       	|13797          	|  405.26         	|  42.002         	|
training_step                      	|  0.029142       	|13797          	|  402.07         	|  41.672         	|
model_backward                     	|  0.021358       	|13797          	|  294.67         	|  30.541         	|
evaluation_step_and_end            	|  0.027044       	|1595           	|  43.136         	|  4.4707         	|
validation_step                    	|  0.026898       	|1595           	|  42.902         	|  4.4465         	|
get_train_batch                    	|  0.00048931     	|13797          	|  6.751          	|  0.69969        	|
on_train_batch_end                 	|  0.00013902     	|13797          	|  1.918          	|  0.19879        	|
on_train_batch_start               	|  0.00012476     	|13797          	|  1.7214         	|  0.17841        	|
cache_result                       	|  1.7864e-05     	|74076          	|  1.3233         	|  0.13715        	|
on_validation_end                  	|  0.022768       	|28             	|  0.63749        	|  0.066071       	|
on_after_backward                  	|  3.0864e-05     	|13797          	|  0.42583        	|  0.044134       	|
on_before_zero_grad                	|  2.8707e-05     	|13797          	|  0.39608        	|  0.04105        	|
on_batch_start                     	|  2.4665e-05     	|13797          	|  0.3403         	|  0.03527        	|
on_batch_end                       	|  1.7212e-05     	|13797          	|  0.23748        	|  0.024613       	|
on_validation_batch_end            	|  9.0894e-05     	|1595           	|  0.14498        	|  0.015026       	|
training_step_end                  	|  9.7645e-06     	|13797          	|  0.13472        	|  0.013963       	|
on_train_end                       	|  0.036065       	|1              	|  0.036065       	|  0.0037379      	|
on_validation_batch_start          	|  1.4433e-05     	|1595           	|  0.023021       	|  0.002386       	|
on_epoch_start                     	|  0.00071246     	|27             	|  0.019236       	|  0.0019937      	|
on_validation_start                	|  0.00063908     	|28             	|  0.017894       	|  0.0018546      	|
validation_step_end                	|  1.0564e-05     	|1595           	|  0.01685        	|  0.0017463      	|
on_train_start                     	|  0.0021867      	|1              	|  0.0021867      	|  0.00022664     	|
on_train_epoch_end                 	|  3.0447e-05     	|27             	|  0.00082206     	|  8.52e-05       	|
on_epoch_end                       	|  1.2932e-05     	|55             	|  0.00071123     	|  7.3714e-05     	|
on_validation_epoch_end            	|  2.2876e-05     	|28             	|  0.00064052     	|  6.6386e-05     	|
on_validation_epoch_start          	|  1.6922e-05     	|28             	|  0.0004738      	|  4.9106e-05     	|
on_train_epoch_start               	|  1.5461e-05     	|27             	|  0.00041745     	|  4.3265e-05     	|
on_before_accelerator_backend_setup	|  2.4381e-05     	|1              	|  2.4381e-05     	|  2.5269e-06     	|
on_fit_start                       	|  2.2458e-05     	|1              	|  2.2458e-05     	|  2.3276e-06     	|

