2021-06-11 19:45:40.437 | INFO     | slp.util.log:configure_logging:84 - Log file will be saved in logs/table2-run2.20210611-194540.log
2021-06-11 19:45:41.286 | INFO     | slp.plbind.dm:setup:159 - Using provided validation set
2021-06-11 19:45:41.286 | INFO     | slp.plbind.dm:setup:162 - Using provided test set
2021-06-11 19:45:41.286 | INFO     | slp.plbind.dm:setup:212 - Using 16327 samples for training
2021-06-11 19:45:41.286 | INFO     | slp.plbind.dm:setup:213 - Using 1871 samples for validation
2021-06-11 19:45:41.287 | INFO     | slp.plbind.dm:setup:216 - Using 4662 samples for testing
2021-06-11 19:45:41.307 | INFO     | slp.plbind.trainer:make_trainer:428 - Logs will be saved in rnn-m3-0.25-text-0.6/table2-run2
2021-06-11 19:45:41.308 | INFO     | slp.plbind.trainer:make_trainer:429 - Logs will be saved in rnn-m3-0.25-text-0.6/table2-run2/20210611-194541/checkpoints
2021-06-11 19:45:41.342 | INFO     | slp.plbind.trainer:make_trainer:461 - Configured wandb and CSV loggers.
2021-06-11 19:45:41.342 | INFO     | slp.plbind.trainer:make_trainer:462 - Wandb configured to run table2-run2/20210611-194541 in project table2-run2
2021-06-11 19:45:41.342 | INFO     | slp.plbind.trainer:make_trainer:467 - Results will be stored online.
2021-06-11 19:45:41.343 | INFO     | slp.plbind.trainer:make_trainer:475 - Experiment verbose description:
MOSEI RNN-baseline with M3 and higher text drop probability

Tags:['mosei', 'rnn-baseline', 'm3', 'regularization']
2021-06-11 19:45:41.345 | INFO     | slp.plbind.trainer:make_trainer:496 - Configured Early stopping and Model checkpointing to track val_loss
2021-06-11 19:45:41.364 | INFO     | pytorch_lightning.utilities.distributed:_info:54 - GPU available: True, used: True
2021-06-11 19:45:41.365 | INFO     | pytorch_lightning.utilities.distributed:_info:54 - TPU available: None, using: 0 TPU cores
2021-06-11 19:45:42.170 | INFO     | slp.plbind.trainer:watch_model:613 - Tracking model weights & gradients in wandb.
2021-06-11 19:45:42.171 | INFO     | pytorch_lightning.accelerators.gpu:set_nvidia_flags:40 - LOCAL_RANK: 0 - CUDA_VISIBLE_DEVICES: [3]
2021-06-11 19:45:44.661 | INFO     | pytorch_lightning.core.lightning:summarize:1457 - 
  | Name          | Type                            | Params
------------------------------------------------------------------
0 | model         | AudioVisualTextMaskedClassifier | 1.6 M 
1 | criterion     | L1Loss                          | 0     
2 | train_metrics | ModuleDict                      | 0     
3 | val_metrics   | ModuleDict                      | 0     
4 | test_metrics  | ModuleDict                      | 0     
------------------------------------------------------------------
1.6 M     Trainable params
0         Non-trainable params
1.6 M     Total params
6.535     Total estimated model params size (MB)
2021-06-11 19:45:44.942 | INFO     | slp.plbind.module:log_to_console:478 - Epoch 1 Validation results
2021-06-11 19:45:44.943 | INFO     | slp.util.system:print_separator:81 - --------------------------------------------------
2021-06-11 19:45:44.943 | INFO     | slp.plbind.module:log_to_console:484 - val_acc2        0.4905303120613098
2021-06-11 19:45:44.944 | INFO     | slp.plbind.module:log_to_console:484 - val_acc2_zero   0.359375       
2021-06-11 19:45:44.944 | INFO     | slp.plbind.module:log_to_console:484 - val_acc5        0.078125       
2021-06-11 19:45:44.945 | INFO     | slp.plbind.module:log_to_console:484 - val_acc7        0.0            
2021-06-11 19:45:44.945 | INFO     | slp.plbind.module:log_to_console:484 - val_f1          0.35214078426361084
2021-06-11 19:45:44.946 | INFO     | slp.plbind.module:log_to_console:484 - val_f1_zero     0.21391648054122925
2021-06-11 19:45:44.946 | INFO     | slp.plbind.module:log_to_console:484 - val_mae         9.95736312866211
2021-06-11 19:45:44.947 | INFO     | slp.plbind.module:log_to_console:484 - val_loss        9.95736312866211
2021-06-11 19:45:44.947 | INFO     | slp.plbind.module:log_to_console:484 - best_score      inf            
2021-06-11 19:45:44.947 | INFO     | slp.util.system:print_separator:81 - %%%%%%%%%%%%%%%%%%%%%%%%%%%%%%%%%%%%%%%%%%%%%%%%%%
2021-06-11 19:46:18.680 | INFO     | slp.plbind.module:log_to_console:478 - Epoch 1 Training results
2021-06-11 19:46:18.681 | INFO     | slp.util.system:print_separator:81 - --------------------------------------------------
2021-06-11 19:46:18.681 | INFO     | slp.plbind.module:log_to_console:484 - train_acc2      0.6476519107818604
2021-06-11 19:46:18.682 | INFO     | slp.plbind.module:log_to_console:484 - train_acc2_zero 0.6330549716949463
2021-06-11 19:46:18.682 | INFO     | slp.plbind.module:log_to_console:484 - train_acc5      0.3515603244304657
2021-06-11 19:46:18.683 | INFO     | slp.plbind.module:log_to_console:484 - train_acc7      0.3459952473640442
2021-06-11 19:46:18.683 | INFO     | slp.plbind.module:log_to_console:484 - train_f1        0.615373969078064
2021-06-11 19:46:18.684 | INFO     | slp.plbind.module:log_to_console:484 - train_f1_zero   0.6124346256256104
2021-06-11 19:46:18.684 | INFO     | slp.plbind.module:log_to_console:484 - train_mae       1.1037567853927612
2021-06-11 19:46:18.685 | INFO     | slp.plbind.module:log_to_console:484 - train_loss      1.1037567853927612
2021-06-11 19:46:18.685 | INFO     | slp.util.system:print_separator:81 - %%%%%%%%%%%%%%%%%%%%%%%%%%%%%%%%%%%%%%%%%%%%%%%%%%
2021-06-11 19:46:20.535 | INFO     | slp.plbind.module:log_to_console:478 - Epoch 1 Validation results
2021-06-11 19:46:20.535 | INFO     | slp.util.system:print_separator:81 - --------------------------------------------------
2021-06-11 19:46:20.536 | INFO     | slp.plbind.module:log_to_console:484 - val_acc2        0.7675668001174927
2021-06-11 19:46:20.537 | INFO     | slp.plbind.module:log_to_console:484 - val_acc2_zero   0.7535664439201355
2021-06-11 19:46:20.538 | INFO     | slp.plbind.module:log_to_console:484 - val_acc5        0.45236581563949585
2021-06-11 19:46:20.538 | INFO     | slp.plbind.module:log_to_console:484 - val_acc7        0.44865819811820984
2021-06-11 19:46:20.539 | INFO     | slp.plbind.module:log_to_console:484 - val_f1          0.7543265223503113
2021-06-11 19:46:20.540 | INFO     | slp.plbind.module:log_to_console:484 - val_f1_zero     0.748393714427948
2021-06-11 19:46:20.540 | INFO     | slp.plbind.module:log_to_console:484 - val_mae         0.6836462020874023
2021-06-11 19:46:20.541 | INFO     | slp.plbind.module:log_to_console:484 - val_loss        0.6836462020874023
2021-06-11 19:46:20.542 | INFO     | slp.plbind.module:log_to_console:484 - best_score      inf            
2021-06-11 19:46:20.542 | INFO     | slp.util.system:print_separator:81 - %%%%%%%%%%%%%%%%%%%%%%%%%%%%%%%%%%%%%%%%%%%%%%%%%%
2021-06-11 19:46:20.545 | INFO     | slp.plbind.helpers:_run_early_stopping_check:25 - Epoch 1 Early Stopping
2021-06-11 19:46:20.545 | INFO     | slp.util.system:print_separator:81 - --------------------------------------------------
2021-06-11 19:46:20.546 | INFO     | slp.plbind.helpers:_run_early_stopping_check:27 - best score      0.6836462020874023
2021-06-11 19:46:20.546 | INFO     | slp.plbind.helpers:_run_early_stopping_check:28 - patience left   10             
2021-06-11 19:46:20.547 | INFO     | slp.util.system:print_separator:81 - ##################################################
2021-06-11 19:46:55.383 | INFO     | slp.plbind.module:log_to_console:478 - Epoch 2 Training results
2021-06-11 19:46:55.384 | INFO     | slp.util.system:print_separator:81 - --------------------------------------------------
2021-06-11 19:46:55.385 | INFO     | slp.plbind.module:log_to_console:484 - train_acc2      0.7728415727615356
2021-06-11 19:46:55.386 | INFO     | slp.plbind.module:log_to_console:484 - train_acc2_zero 0.7495719194412231
2021-06-11 19:46:55.386 | INFO     | slp.plbind.module:log_to_console:484 - train_acc5      0.46059897541999817
2021-06-11 19:46:55.387 | INFO     | slp.plbind.module:log_to_console:484 - train_acc7      0.45405542850494385
2021-06-11 19:46:55.387 | INFO     | slp.plbind.module:log_to_console:484 - train_f1        0.7666856050491333
2021-06-11 19:46:55.388 | INFO     | slp.plbind.module:log_to_console:484 - train_f1_zero   0.7514928579330444
2021-06-11 19:46:55.389 | INFO     | slp.plbind.module:log_to_console:484 - train_mae       0.69871586561203
2021-06-11 19:46:55.390 | INFO     | slp.plbind.module:log_to_console:484 - train_loss      0.69871586561203
2021-06-11 19:46:55.391 | INFO     | slp.util.system:print_separator:81 - %%%%%%%%%%%%%%%%%%%%%%%%%%%%%%%%%%%%%%%%%%%%%%%%%%
2021-06-11 19:46:57.335 | INFO     | slp.plbind.module:log_to_console:478 - Epoch 2 Validation results
2021-06-11 19:46:57.337 | INFO     | slp.util.system:print_separator:81 - --------------------------------------------------
2021-06-11 19:46:57.340 | INFO     | slp.plbind.module:log_to_console:484 - val_acc2        0.7757752537727356
2021-06-11 19:46:57.341 | INFO     | slp.plbind.module:log_to_console:484 - val_acc2_zero   0.7397245764732361
2021-06-11 19:46:57.343 | INFO     | slp.plbind.module:log_to_console:484 - val_acc5        0.5155367255210876
2021-06-11 19:46:57.345 | INFO     | slp.plbind.module:log_to_console:484 - val_acc7        0.5028249025344849
2021-06-11 19:46:57.347 | INFO     | slp.plbind.module:log_to_console:484 - val_f1          0.7764182686805725
2021-06-11 19:46:57.349 | INFO     | slp.plbind.module:log_to_console:484 - val_f1_zero     0.7494084239006042
2021-06-11 19:46:57.351 | INFO     | slp.plbind.module:log_to_console:484 - val_mae         0.6304978728294373
2021-06-11 19:46:57.353 | INFO     | slp.plbind.module:log_to_console:484 - val_loss        0.6304978728294373
2021-06-11 19:46:57.355 | INFO     | slp.plbind.module:log_to_console:484 - best_score      0.6836461424827576
2021-06-11 19:46:57.356 | INFO     | slp.util.system:print_separator:81 - %%%%%%%%%%%%%%%%%%%%%%%%%%%%%%%%%%%%%%%%%%%%%%%%%%
2021-06-11 19:46:57.360 | INFO     | slp.plbind.helpers:_run_early_stopping_check:25 - Epoch 2 Early Stopping
2021-06-11 19:46:57.362 | INFO     | slp.util.system:print_separator:81 - --------------------------------------------------
2021-06-11 19:46:57.363 | INFO     | slp.plbind.helpers:_run_early_stopping_check:27 - best score      0.6304978728294373
2021-06-11 19:46:57.364 | INFO     | slp.plbind.helpers:_run_early_stopping_check:28 - patience left   10             
2021-06-11 19:46:57.365 | INFO     | slp.util.system:print_separator:81 - ##################################################
2021-06-11 19:47:31.636 | INFO     | slp.plbind.module:log_to_console:478 - Epoch 3 Training results
2021-06-11 19:47:31.637 | INFO     | slp.util.system:print_separator:81 - --------------------------------------------------
2021-06-11 19:47:31.638 | INFO     | slp.plbind.module:log_to_console:484 - train_acc2      0.7984231114387512
2021-06-11 19:47:31.638 | INFO     | slp.plbind.module:log_to_console:484 - train_acc2_zero 0.7708449959754944
2021-06-11 19:47:31.639 | INFO     | slp.plbind.module:log_to_console:484 - train_acc5      0.48714005947113037
2021-06-11 19:47:31.639 | INFO     | slp.plbind.module:log_to_console:484 - train_acc7      0.4763157069683075
2021-06-11 19:47:31.640 | INFO     | slp.plbind.module:log_to_console:484 - train_f1        0.7930862307548523
2021-06-11 19:47:31.640 | INFO     | slp.plbind.module:log_to_console:484 - train_f1_zero   0.7725520730018616
2021-06-11 19:47:31.641 | INFO     | slp.plbind.module:log_to_console:484 - train_mae       0.6603119969367981
2021-06-11 19:47:31.641 | INFO     | slp.plbind.module:log_to_console:484 - train_loss      0.6603119969367981
2021-06-11 19:47:31.641 | INFO     | slp.util.system:print_separator:81 - %%%%%%%%%%%%%%%%%%%%%%%%%%%%%%%%%%%%%%%%%%%%%%%%%%
2021-06-11 19:47:33.601 | INFO     | slp.plbind.module:log_to_console:478 - Epoch 3 Validation results
2021-06-11 19:47:33.603 | INFO     | slp.util.system:print_separator:81 - --------------------------------------------------
2021-06-11 19:47:33.604 | INFO     | slp.plbind.module:log_to_console:484 - val_acc2        0.8002170920372009
2021-06-11 19:47:33.604 | INFO     | slp.plbind.module:log_to_console:484 - val_acc2_zero   0.777860164642334
2021-06-11 19:47:33.605 | INFO     | slp.plbind.module:log_to_console:484 - val_acc5        0.5112994313240051
2021-06-11 19:47:33.606 | INFO     | slp.plbind.module:log_to_console:484 - val_acc7        0.503354549407959
2021-06-11 19:47:33.606 | INFO     | slp.plbind.module:log_to_console:484 - val_f1          0.7943940162658691
2021-06-11 19:47:33.607 | INFO     | slp.plbind.module:log_to_console:484 - val_f1_zero     0.7813873887062073
2021-06-11 19:47:33.608 | INFO     | slp.plbind.module:log_to_console:484 - val_mae         0.6051325798034668
2021-06-11 19:47:33.608 | INFO     | slp.plbind.module:log_to_console:484 - val_loss        0.6051325798034668
2021-06-11 19:47:33.609 | INFO     | slp.plbind.module:log_to_console:484 - best_score      0.6304978728294373
2021-06-11 19:47:33.609 | INFO     | slp.util.system:print_separator:81 - %%%%%%%%%%%%%%%%%%%%%%%%%%%%%%%%%%%%%%%%%%%%%%%%%%
2021-06-11 19:47:33.612 | INFO     | slp.plbind.helpers:_run_early_stopping_check:25 - Epoch 3 Early Stopping
2021-06-11 19:47:33.612 | INFO     | slp.util.system:print_separator:81 - --------------------------------------------------
2021-06-11 19:47:33.613 | INFO     | slp.plbind.helpers:_run_early_stopping_check:27 - best score      0.6051325798034668
2021-06-11 19:47:33.614 | INFO     | slp.plbind.helpers:_run_early_stopping_check:28 - patience left   10             
2021-06-11 19:47:33.614 | INFO     | slp.util.system:print_separator:81 - ##################################################
2021-06-11 19:48:07.682 | INFO     | slp.plbind.module:log_to_console:478 - Epoch 4 Training results
2021-06-11 19:48:07.683 | INFO     | slp.util.system:print_separator:81 - --------------------------------------------------
2021-06-11 19:48:07.683 | INFO     | slp.plbind.module:log_to_console:484 - train_acc2      0.813561737537384
2021-06-11 19:48:07.684 | INFO     | slp.plbind.module:log_to_console:484 - train_acc2_zero 0.7810927629470825
2021-06-11 19:48:07.684 | INFO     | slp.plbind.module:log_to_console:484 - train_acc5      0.49881184101104736
2021-06-11 19:48:07.685 | INFO     | slp.plbind.module:log_to_console:484 - train_acc7      0.4849908947944641
2021-06-11 19:48:07.685 | INFO     | slp.plbind.module:log_to_console:484 - train_f1        0.8110484480857849
2021-06-11 19:48:07.686 | INFO     | slp.plbind.module:log_to_console:484 - train_f1_zero   0.7853793501853943
2021-06-11 19:48:07.686 | INFO     | slp.plbind.module:log_to_console:484 - train_mae       0.6368746161460876
2021-06-11 19:48:07.687 | INFO     | slp.plbind.module:log_to_console:484 - train_loss      0.6368746161460876
2021-06-11 19:48:07.687 | INFO     | slp.util.system:print_separator:81 - %%%%%%%%%%%%%%%%%%%%%%%%%%%%%%%%%%%%%%%%%%%%%%%%%%
2021-06-11 19:48:09.622 | INFO     | slp.plbind.module:log_to_console:478 - Epoch 4 Validation results
2021-06-11 19:48:09.624 | INFO     | slp.util.system:print_separator:81 - --------------------------------------------------
2021-06-11 19:48:09.626 | INFO     | slp.plbind.module:log_to_console:484 - val_acc2        0.8045361042022705
2021-06-11 19:48:09.629 | INFO     | slp.plbind.module:log_to_console:484 - val_acc2_zero   0.79646897315979
2021-06-11 19:48:09.631 | INFO     | slp.plbind.module:log_to_console:484 - val_acc5        0.5224223136901855
2021-06-11 19:48:09.633 | INFO     | slp.plbind.module:log_to_console:484 - val_acc7        0.5160664319992065
2021-06-11 19:48:09.635 | INFO     | slp.plbind.module:log_to_console:484 - val_f1          0.8001980781555176
2021-06-11 19:48:09.637 | INFO     | slp.plbind.module:log_to_console:484 - val_f1_zero     0.7996872663497925
2021-06-11 19:48:09.639 | INFO     | slp.plbind.module:log_to_console:484 - val_mae         0.5990521907806396
2021-06-11 19:48:09.641 | INFO     | slp.plbind.module:log_to_console:484 - val_loss        0.5990521907806396
2021-06-11 19:48:09.642 | INFO     | slp.plbind.module:log_to_console:484 - best_score      0.605132520198822
2021-06-11 19:48:09.644 | INFO     | slp.util.system:print_separator:81 - %%%%%%%%%%%%%%%%%%%%%%%%%%%%%%%%%%%%%%%%%%%%%%%%%%
2021-06-11 19:48:09.648 | INFO     | slp.plbind.helpers:_run_early_stopping_check:25 - Epoch 4 Early Stopping
2021-06-11 19:48:09.650 | INFO     | slp.util.system:print_separator:81 - --------------------------------------------------
2021-06-11 19:48:09.651 | INFO     | slp.plbind.helpers:_run_early_stopping_check:27 - best score      0.5990521907806396
2021-06-11 19:48:09.652 | INFO     | slp.plbind.helpers:_run_early_stopping_check:28 - patience left   10             
2021-06-11 19:48:09.653 | INFO     | slp.util.system:print_separator:81 - ##################################################
2021-06-11 19:48:43.598 | INFO     | slp.plbind.module:log_to_console:478 - Epoch 5 Training results
2021-06-11 19:48:43.599 | INFO     | slp.util.system:print_separator:81 - --------------------------------------------------
2021-06-11 19:48:43.599 | INFO     | slp.plbind.module:log_to_console:484 - train_acc2      0.8143304586410522
2021-06-11 19:48:43.600 | INFO     | slp.plbind.module:log_to_console:484 - train_acc2_zero 0.7793192863464355
2021-06-11 19:48:43.600 | INFO     | slp.plbind.module:log_to_console:484 - train_acc5      0.508212149143219
2021-06-11 19:48:43.601 | INFO     | slp.plbind.module:log_to_console:484 - train_acc7      0.4942077696323395
2021-06-11 19:48:43.601 | INFO     | slp.plbind.module:log_to_console:484 - train_f1        0.8114112019538879
2021-06-11 19:48:43.602 | INFO     | slp.plbind.module:log_to_console:484 - train_f1_zero   0.7834814786911011
2021-06-11 19:48:43.602 | INFO     | slp.plbind.module:log_to_console:484 - train_mae       0.6221566796302795
2021-06-11 19:48:43.603 | INFO     | slp.plbind.module:log_to_console:484 - train_loss      0.6221566796302795
2021-06-11 19:48:43.603 | INFO     | slp.util.system:print_separator:81 - %%%%%%%%%%%%%%%%%%%%%%%%%%%%%%%%%%%%%%%%%%%%%%%%%%
2021-06-11 19:48:45.488 | INFO     | slp.plbind.module:log_to_console:478 - Epoch 5 Validation results
2021-06-11 19:48:45.490 | INFO     | slp.util.system:print_separator:81 - --------------------------------------------------
2021-06-11 19:48:45.492 | INFO     | slp.plbind.module:log_to_console:484 - val_acc2        0.8007103800773621
2021-06-11 19:48:45.494 | INFO     | slp.plbind.module:log_to_console:484 - val_acc2_zero   0.7820268273353577
2021-06-11 19:48:45.496 | INFO     | slp.plbind.module:log_to_console:484 - val_acc5        0.5224223136901855
2021-06-11 19:48:45.498 | INFO     | slp.plbind.module:log_to_console:484 - val_acc7        0.5139477849006653
2021-06-11 19:48:45.499 | INFO     | slp.plbind.module:log_to_console:484 - val_f1          0.7984585762023926
2021-06-11 19:48:45.500 | INFO     | slp.plbind.module:log_to_console:484 - val_f1_zero     0.7890419960021973
2021-06-11 19:48:45.501 | INFO     | slp.plbind.module:log_to_console:484 - val_mae         0.5992435812950134
2021-06-11 19:48:45.501 | INFO     | slp.plbind.module:log_to_console:484 - val_loss        0.5992435812950134
2021-06-11 19:48:45.502 | INFO     | slp.plbind.module:log_to_console:484 - best_score      0.5990521907806396
2021-06-11 19:48:45.503 | INFO     | slp.util.system:print_separator:81 - %%%%%%%%%%%%%%%%%%%%%%%%%%%%%%%%%%%%%%%%%%%%%%%%%%
2021-06-11 19:48:45.505 | INFO     | slp.plbind.helpers:_run_early_stopping_check:25 - Epoch 5 Early Stopping
2021-06-11 19:48:45.505 | INFO     | slp.util.system:print_separator:81 - --------------------------------------------------
2021-06-11 19:48:45.506 | INFO     | slp.plbind.helpers:_run_early_stopping_check:27 - best score      0.5990521907806396
2021-06-11 19:48:45.507 | INFO     | slp.plbind.helpers:_run_early_stopping_check:28 - patience left   9              
2021-06-11 19:48:45.507 | INFO     | slp.util.system:print_separator:81 - ##################################################
2021-06-11 19:49:19.648 | INFO     | slp.plbind.module:log_to_console:478 - Epoch 6 Training results
2021-06-11 19:49:19.649 | INFO     | slp.util.system:print_separator:81 - --------------------------------------------------
2021-06-11 19:49:19.650 | INFO     | slp.plbind.module:log_to_console:484 - train_acc2      0.821462869644165
2021-06-11 19:49:19.650 | INFO     | slp.plbind.module:log_to_console:484 - train_acc2_zero 0.788920521736145
2021-06-11 19:49:19.651 | INFO     | slp.plbind.module:log_to_console:484 - train_acc5      0.5168524384498596
2021-06-11 19:49:19.651 | INFO     | slp.plbind.module:log_to_console:484 - train_acc7      0.5000960826873779
2021-06-11 19:49:19.652 | INFO     | slp.plbind.module:log_to_console:484 - train_f1        0.8180835247039795
2021-06-11 19:49:19.652 | INFO     | slp.plbind.module:log_to_console:484 - train_f1_zero   0.7922719120979309
2021-06-11 19:49:19.653 | INFO     | slp.plbind.module:log_to_console:484 - train_mae       0.608284592628479
2021-06-11 19:49:19.653 | INFO     | slp.plbind.module:log_to_console:484 - train_loss      0.608284592628479
2021-06-11 19:49:19.654 | INFO     | slp.util.system:print_separator:81 - %%%%%%%%%%%%%%%%%%%%%%%%%%%%%%%%%%%%%%%%%%%%%%%%%%
2021-06-11 19:49:21.524 | INFO     | slp.plbind.module:log_to_console:478 - Epoch 6 Validation results
2021-06-11 19:49:21.525 | INFO     | slp.util.system:print_separator:81 - --------------------------------------------------
2021-06-11 19:49:21.527 | INFO     | slp.plbind.module:log_to_console:484 - val_acc2        0.7991004586219788
2021-06-11 19:49:21.528 | INFO     | slp.plbind.module:log_to_console:484 - val_acc2_zero   0.7810381054878235
2021-06-11 19:49:21.529 | INFO     | slp.plbind.module:log_to_console:484 - val_acc5        0.5298376083374023
2021-06-11 19:49:21.530 | INFO     | slp.plbind.module:log_to_console:484 - val_acc7        0.5218926668167114
2021-06-11 19:49:21.532 | INFO     | slp.plbind.module:log_to_console:484 - val_f1          0.7932662963867188
2021-06-11 19:49:21.534 | INFO     | slp.plbind.module:log_to_console:484 - val_f1_zero     0.7837235331535339
2021-06-11 19:49:21.536 | INFO     | slp.plbind.module:log_to_console:484 - val_mae         0.5862882733345032
2021-06-11 19:49:21.538 | INFO     | slp.plbind.module:log_to_console:484 - val_loss        0.5862882733345032
2021-06-11 19:49:21.540 | INFO     | slp.plbind.module:log_to_console:484 - best_score      0.5990521907806396
2021-06-11 19:49:21.542 | INFO     | slp.util.system:print_separator:81 - %%%%%%%%%%%%%%%%%%%%%%%%%%%%%%%%%%%%%%%%%%%%%%%%%%
2021-06-11 19:49:21.546 | INFO     | slp.plbind.helpers:_run_early_stopping_check:25 - Epoch 6 Early Stopping
2021-06-11 19:49:21.548 | INFO     | slp.util.system:print_separator:81 - --------------------------------------------------
2021-06-11 19:49:21.550 | INFO     | slp.plbind.helpers:_run_early_stopping_check:27 - best score      0.5862882733345032
2021-06-11 19:49:21.551 | INFO     | slp.plbind.helpers:_run_early_stopping_check:28 - patience left   10             
2021-06-11 19:49:21.553 | INFO     | slp.util.system:print_separator:81 - ##################################################
2021-06-11 19:49:55.588 | INFO     | slp.plbind.module:log_to_console:478 - Epoch 7 Training results
2021-06-11 19:49:55.589 | INFO     | slp.util.system:print_separator:81 - --------------------------------------------------
2021-06-11 19:49:55.589 | INFO     | slp.plbind.module:log_to_console:484 - train_acc2      0.8342159390449524
2021-06-11 19:49:55.590 | INFO     | slp.plbind.module:log_to_console:484 - train_acc2_zero 0.7989848256111145
2021-06-11 19:49:55.590 | INFO     | slp.plbind.module:log_to_console:484 - train_acc5      0.5283582806587219
2021-06-11 19:49:55.591 | INFO     | slp.plbind.module:log_to_console:484 - train_acc7      0.5114184617996216
2021-06-11 19:49:55.593 | INFO     | slp.plbind.module:log_to_console:484 - train_f1        0.8317208886146545
2021-06-11 19:49:55.594 | INFO     | slp.plbind.module:log_to_console:484 - train_f1_zero   0.8027563691139221
2021-06-11 19:49:55.595 | INFO     | slp.plbind.module:log_to_console:484 - train_mae       0.5865893959999084
2021-06-11 19:49:55.595 | INFO     | slp.plbind.module:log_to_console:484 - train_loss      0.5865893959999084
2021-06-11 19:49:55.596 | INFO     | slp.util.system:print_separator:81 - %%%%%%%%%%%%%%%%%%%%%%%%%%%%%%%%%%%%%%%%%%%%%%%%%%
2021-06-11 19:49:57.432 | INFO     | slp.plbind.module:log_to_console:478 - Epoch 7 Validation results
2021-06-11 19:49:57.433 | INFO     | slp.util.system:print_separator:81 - --------------------------------------------------
2021-06-11 19:49:57.434 | INFO     | slp.plbind.module:log_to_console:484 - val_acc2        0.7988683581352234
2021-06-11 19:49:57.435 | INFO     | slp.plbind.module:log_to_console:484 - val_acc2_zero   0.8097105026245117
2021-06-11 19:49:57.435 | INFO     | slp.plbind.module:log_to_console:484 - val_acc5        0.48700565099716187
2021-06-11 19:49:57.436 | INFO     | slp.plbind.module:log_to_console:484 - val_acc7        0.47270479798316956
2021-06-11 19:49:57.437 | INFO     | slp.plbind.module:log_to_console:484 - val_f1          0.790755033493042
2021-06-11 19:49:57.438 | INFO     | slp.plbind.module:log_to_console:484 - val_f1_zero     0.8079336285591125
2021-06-11 19:49:57.438 | INFO     | slp.plbind.module:log_to_console:484 - val_mae         0.633094847202301
2021-06-11 19:49:57.439 | INFO     | slp.plbind.module:log_to_console:484 - val_loss        0.633094847202301
2021-06-11 19:49:57.440 | INFO     | slp.plbind.module:log_to_console:484 - best_score      0.5862882137298584
2021-06-11 19:49:57.440 | INFO     | slp.util.system:print_separator:81 - %%%%%%%%%%%%%%%%%%%%%%%%%%%%%%%%%%%%%%%%%%%%%%%%%%
2021-06-11 19:49:57.442 | INFO     | slp.plbind.helpers:_run_early_stopping_check:25 - Epoch 7 Early Stopping
2021-06-11 19:49:57.443 | INFO     | slp.util.system:print_separator:81 - --------------------------------------------------
2021-06-11 19:49:57.444 | INFO     | slp.plbind.helpers:_run_early_stopping_check:27 - best score      0.5862882733345032
2021-06-11 19:49:57.445 | INFO     | slp.plbind.helpers:_run_early_stopping_check:28 - patience left   9              
2021-06-11 19:49:57.446 | INFO     | slp.util.system:print_separator:81 - ##################################################
2021-06-11 19:50:31.047 | INFO     | slp.plbind.module:log_to_console:478 - Epoch 8 Training results
2021-06-11 19:50:31.047 | INFO     | slp.util.system:print_separator:81 - --------------------------------------------------
2021-06-11 19:50:31.048 | INFO     | slp.plbind.module:log_to_console:484 - train_acc2      0.8365437388420105
2021-06-11 19:50:31.049 | INFO     | slp.plbind.module:log_to_console:484 - train_acc2_zero 0.7995614409446716
2021-06-11 19:50:31.049 | INFO     | slp.plbind.module:log_to_console:484 - train_acc5      0.5375576615333557
2021-06-11 19:50:31.050 | INFO     | slp.plbind.module:log_to_console:484 - train_acc7      0.5193946957588196
2021-06-11 19:50:31.050 | INFO     | slp.plbind.module:log_to_console:484 - train_f1        0.8341599702835083
2021-06-11 19:50:31.051 | INFO     | slp.plbind.module:log_to_console:484 - train_f1_zero   0.8031646013259888
2021-06-11 19:50:31.051 | INFO     | slp.plbind.module:log_to_console:484 - train_mae       0.5793781876564026
2021-06-11 19:50:31.052 | INFO     | slp.plbind.module:log_to_console:484 - train_loss      0.5793781876564026
2021-06-11 19:50:31.052 | INFO     | slp.util.system:print_separator:81 - %%%%%%%%%%%%%%%%%%%%%%%%%%%%%%%%%%%%%%%%%%%%%%%%%%
2021-06-11 19:50:32.924 | INFO     | slp.plbind.module:log_to_console:478 - Epoch 8 Validation results
2021-06-11 19:50:32.927 | INFO     | slp.util.system:print_separator:81 - --------------------------------------------------
2021-06-11 19:50:32.929 | INFO     | slp.plbind.module:log_to_console:484 - val_acc2        0.8027474284172058
2021-06-11 19:50:32.931 | INFO     | slp.plbind.module:log_to_console:484 - val_acc2_zero   0.7699859142303467
2021-06-11 19:50:32.933 | INFO     | slp.plbind.module:log_to_console:484 - val_acc5        0.5452683568000793
2021-06-11 19:50:32.935 | INFO     | slp.plbind.module:log_to_console:484 - val_acc7        0.5389124155044556
2021-06-11 19:50:32.936 | INFO     | slp.plbind.module:log_to_console:484 - val_f1          0.8002241849899292
2021-06-11 19:50:32.938 | INFO     | slp.plbind.module:log_to_console:484 - val_f1_zero     0.7770978808403015
2021-06-11 19:50:32.939 | INFO     | slp.plbind.module:log_to_console:484 - val_mae         0.5701560378074646
2021-06-11 19:50:32.941 | INFO     | slp.plbind.module:log_to_console:484 - val_loss        0.5701560378074646
2021-06-11 19:50:32.942 | INFO     | slp.plbind.module:log_to_console:484 - best_score      0.5862882137298584
2021-06-11 19:50:32.944 | INFO     | slp.util.system:print_separator:81 - %%%%%%%%%%%%%%%%%%%%%%%%%%%%%%%%%%%%%%%%%%%%%%%%%%
2021-06-11 19:50:32.947 | INFO     | slp.plbind.helpers:_run_early_stopping_check:25 - Epoch 8 Early Stopping
2021-06-11 19:50:32.948 | INFO     | slp.util.system:print_separator:81 - --------------------------------------------------
2021-06-11 19:50:32.949 | INFO     | slp.plbind.helpers:_run_early_stopping_check:27 - best score      0.5701560378074646
2021-06-11 19:50:32.949 | INFO     | slp.plbind.helpers:_run_early_stopping_check:28 - patience left   10             
2021-06-11 19:50:32.950 | INFO     | slp.util.system:print_separator:81 - ##################################################
2021-06-11 19:51:07.568 | INFO     | slp.plbind.module:log_to_console:478 - Epoch 9 Training results
2021-06-11 19:51:07.569 | INFO     | slp.util.system:print_separator:81 - --------------------------------------------------
2021-06-11 19:51:07.570 | INFO     | slp.plbind.module:log_to_console:484 - train_acc2      0.84076327085495
2021-06-11 19:51:07.571 | INFO     | slp.plbind.module:log_to_console:484 - train_acc2_zero 0.8064718842506409
2021-06-11 19:51:07.572 | INFO     | slp.plbind.module:log_to_console:484 - train_acc5      0.5434634685516357
2021-06-11 19:51:07.574 | INFO     | slp.plbind.module:log_to_console:484 - train_acc7      0.5249947905540466
2021-06-11 19:51:07.575 | INFO     | slp.plbind.module:log_to_console:484 - train_f1        0.8384214639663696
2021-06-11 19:51:07.576 | INFO     | slp.plbind.module:log_to_console:484 - train_f1_zero   0.8098295331001282
2021-06-11 19:51:07.578 | INFO     | slp.plbind.module:log_to_console:484 - train_mae       0.5654057860374451
2021-06-11 19:51:07.579 | INFO     | slp.plbind.module:log_to_console:484 - train_loss      0.5654057860374451
2021-06-11 19:51:07.580 | INFO     | slp.util.system:print_separator:81 - %%%%%%%%%%%%%%%%%%%%%%%%%%%%%%%%%%%%%%%%%%%%%%%%%%
2021-06-11 19:51:09.437 | INFO     | slp.plbind.module:log_to_console:478 - Epoch 9 Validation results
2021-06-11 19:51:09.439 | INFO     | slp.util.system:print_separator:81 - --------------------------------------------------
2021-06-11 19:51:09.440 | INFO     | slp.plbind.module:log_to_console:484 - val_acc2        0.7794327735900879
2021-06-11 19:51:09.441 | INFO     | slp.plbind.module:log_to_console:484 - val_acc2_zero   0.7469986081123352
2021-06-11 19:51:09.442 | INFO     | slp.plbind.module:log_to_console:484 - val_acc5        0.533545196056366
2021-06-11 19:51:09.443 | INFO     | slp.plbind.module:log_to_console:484 - val_acc7        0.5266596078872681
2021-06-11 19:51:09.443 | INFO     | slp.plbind.module:log_to_console:484 - val_f1          0.7818712592124939
2021-06-11 19:51:09.444 | INFO     | slp.plbind.module:log_to_console:484 - val_f1_zero     0.7583487629890442
2021-06-11 19:51:09.445 | INFO     | slp.plbind.module:log_to_console:484 - val_mae         0.5850467085838318
2021-06-11 19:51:09.446 | INFO     | slp.plbind.module:log_to_console:484 - val_loss        0.5850468277931213
2021-06-11 19:51:09.446 | INFO     | slp.plbind.module:log_to_console:484 - best_score      0.5701560378074646
2021-06-11 19:51:09.447 | INFO     | slp.util.system:print_separator:81 - %%%%%%%%%%%%%%%%%%%%%%%%%%%%%%%%%%%%%%%%%%%%%%%%%%
2021-06-11 19:51:09.449 | INFO     | slp.plbind.helpers:_run_early_stopping_check:25 - Epoch 9 Early Stopping
2021-06-11 19:51:09.450 | INFO     | slp.util.system:print_separator:81 - --------------------------------------------------
2021-06-11 19:51:09.451 | INFO     | slp.plbind.helpers:_run_early_stopping_check:27 - best score      0.5701560378074646
2021-06-11 19:51:09.452 | INFO     | slp.plbind.helpers:_run_early_stopping_check:28 - patience left   9              
2021-06-11 19:51:09.452 | INFO     | slp.util.system:print_separator:81 - ##################################################
2021-06-11 19:51:44.033 | INFO     | slp.plbind.module:log_to_console:478 - Epoch 10 Training results
2021-06-11 19:51:44.033 | INFO     | slp.util.system:print_separator:81 - --------------------------------------------------
2021-06-11 19:51:44.034 | INFO     | slp.plbind.module:log_to_console:484 - train_acc2      0.8492354154586792
2021-06-11 19:51:44.035 | INFO     | slp.plbind.module:log_to_console:484 - train_acc2_zero 0.8121592998504639
2021-06-11 19:51:44.035 | INFO     | slp.plbind.module:log_to_console:484 - train_acc5      0.5572232604026794
2021-06-11 19:51:44.036 | INFO     | slp.plbind.module:log_to_console:484 - train_acc7      0.5386934280395508
2021-06-11 19:51:44.036 | INFO     | slp.plbind.module:log_to_console:484 - train_f1        0.8464069962501526
2021-06-11 19:51:44.037 | INFO     | slp.plbind.module:log_to_console:484 - train_f1_zero   0.8150692582130432
2021-06-11 19:51:44.037 | INFO     | slp.plbind.module:log_to_console:484 - train_mae       0.5489968657493591
2021-06-11 19:51:44.038 | INFO     | slp.plbind.module:log_to_console:484 - train_loss      0.5489968657493591
2021-06-11 19:51:44.038 | INFO     | slp.util.system:print_separator:81 - %%%%%%%%%%%%%%%%%%%%%%%%%%%%%%%%%%%%%%%%%%%%%%%%%%
2021-06-11 19:51:45.951 | INFO     | slp.plbind.module:log_to_console:478 - Epoch 10 Validation results
2021-06-11 19:51:45.952 | INFO     | slp.util.system:print_separator:81 - --------------------------------------------------
2021-06-11 19:51:45.953 | INFO     | slp.plbind.module:log_to_console:484 - val_acc2        0.802098274230957
2021-06-11 19:51:45.954 | INFO     | slp.plbind.module:log_to_console:484 - val_acc2_zero   0.7820268273353577
2021-06-11 19:51:45.954 | INFO     | slp.plbind.module:log_to_console:484 - val_acc5        0.5367231965065002
2021-06-11 19:51:45.955 | INFO     | slp.plbind.module:log_to_console:484 - val_acc7        0.5234816670417786
2021-06-11 19:51:45.956 | INFO     | slp.plbind.module:log_to_console:484 - val_f1          0.8003158569335938
2021-06-11 19:51:45.957 | INFO     | slp.plbind.module:log_to_console:484 - val_f1_zero     0.7890737652778625
2021-06-11 19:51:45.958 | INFO     | slp.plbind.module:log_to_console:484 - val_mae         0.5786038041114807
2021-06-11 19:51:45.959 | INFO     | slp.plbind.module:log_to_console:484 - val_loss        0.5786038041114807
2021-06-11 19:51:45.959 | INFO     | slp.plbind.module:log_to_console:484 - best_score      0.5701560378074646
2021-06-11 19:51:45.960 | INFO     | slp.util.system:print_separator:81 - %%%%%%%%%%%%%%%%%%%%%%%%%%%%%%%%%%%%%%%%%%%%%%%%%%
2021-06-11 19:51:45.962 | INFO     | slp.plbind.helpers:_run_early_stopping_check:25 - Epoch 10 Early Stopping
2021-06-11 19:51:45.963 | INFO     | slp.util.system:print_separator:81 - --------------------------------------------------
2021-06-11 19:51:45.964 | INFO     | slp.plbind.helpers:_run_early_stopping_check:27 - best score      0.5701560378074646
2021-06-11 19:51:45.964 | INFO     | slp.plbind.helpers:_run_early_stopping_check:28 - patience left   8              
2021-06-11 19:51:45.965 | INFO     | slp.util.system:print_separator:81 - ##################################################
2021-06-11 19:52:19.856 | INFO     | slp.plbind.module:log_to_console:478 - Epoch 11 Training results
2021-06-11 19:52:19.857 | INFO     | slp.util.system:print_separator:81 - --------------------------------------------------
2021-06-11 19:52:19.858 | INFO     | slp.plbind.module:log_to_console:484 - train_acc2      0.8531066179275513
2021-06-11 19:52:19.858 | INFO     | slp.plbind.module:log_to_console:484 - train_acc2_zero 0.8153655529022217
2021-06-11 19:52:19.859 | INFO     | slp.plbind.module:log_to_console:484 - train_acc5      0.5626310110092163
2021-06-11 19:52:19.860 | INFO     | slp.plbind.module:log_to_console:484 - train_acc7      0.5415938496589661
2021-06-11 19:52:19.860 | INFO     | slp.plbind.module:log_to_console:484 - train_f1        0.85075443983078
2021-06-11 19:52:19.861 | INFO     | slp.plbind.module:log_to_console:484 - train_f1_zero   0.8188183903694153
2021-06-11 19:52:19.861 | INFO     | slp.plbind.module:log_to_console:484 - train_mae       0.5365830659866333
2021-06-11 19:52:19.862 | INFO     | slp.plbind.module:log_to_console:484 - train_loss      0.5365830659866333
2021-06-11 19:52:19.862 | INFO     | slp.util.system:print_separator:81 - %%%%%%%%%%%%%%%%%%%%%%%%%%%%%%%%%%%%%%%%%%%%%%%%%%
2021-06-11 19:52:21.817 | INFO     | slp.plbind.module:log_to_console:478 - Epoch 11 Validation results
2021-06-11 19:52:21.818 | INFO     | slp.util.system:print_separator:81 - --------------------------------------------------
2021-06-11 19:52:21.820 | INFO     | slp.plbind.module:log_to_console:484 - val_acc2        0.7813720703125
2021-06-11 19:52:21.822 | INFO     | slp.plbind.module:log_to_console:484 - val_acc2_zero   0.7566031217575073
2021-06-11 19:52:21.824 | INFO     | slp.plbind.module:log_to_console:484 - val_acc5        0.5355225801467896
2021-06-11 19:52:21.825 | INFO     | slp.plbind.module:log_to_console:484 - val_acc7        0.5069208741188049
2021-06-11 19:52:21.827 | INFO     | slp.plbind.module:log_to_console:484 - val_f1          0.7878179550170898
2021-06-11 19:52:21.829 | INFO     | slp.plbind.module:log_to_console:484 - val_f1_zero     0.7704748511314392
2021-06-11 19:52:21.830 | INFO     | slp.plbind.module:log_to_console:484 - val_mae         0.6405254602432251
2021-06-11 19:52:21.832 | INFO     | slp.plbind.module:log_to_console:484 - val_loss        0.6405254602432251
2021-06-11 19:52:21.833 | INFO     | slp.plbind.module:log_to_console:484 - best_score      0.5701560378074646
2021-06-11 19:52:21.834 | INFO     | slp.util.system:print_separator:81 - %%%%%%%%%%%%%%%%%%%%%%%%%%%%%%%%%%%%%%%%%%%%%%%%%%
2021-06-11 19:52:21.838 | INFO     | slp.plbind.helpers:_run_early_stopping_check:25 - Epoch 11 Early Stopping
2021-06-11 19:52:21.839 | INFO     | slp.util.system:print_separator:81 - --------------------------------------------------
2021-06-11 19:52:21.841 | INFO     | slp.plbind.helpers:_run_early_stopping_check:27 - best score      0.5701560378074646
2021-06-11 19:52:21.842 | INFO     | slp.plbind.helpers:_run_early_stopping_check:28 - patience left   7              
2021-06-11 19:52:21.843 | INFO     | slp.util.system:print_separator:81 - ##################################################
2021-06-11 19:52:56.229 | INFO     | slp.plbind.module:log_to_console:478 - Epoch 12 Training results
2021-06-11 19:52:56.229 | INFO     | slp.util.system:print_separator:81 - --------------------------------------------------
2021-06-11 19:52:56.230 | INFO     | slp.plbind.module:log_to_console:484 - train_acc2      0.8624020218849182
2021-06-11 19:52:56.231 | INFO     | slp.plbind.module:log_to_console:484 - train_acc2_zero 0.8217343091964722
2021-06-11 19:52:56.231 | INFO     | slp.plbind.module:log_to_console:484 - train_acc5      0.5909543037414551
2021-06-11 19:52:56.232 | INFO     | slp.plbind.module:log_to_console:484 - train_acc7      0.567715585231781
2021-06-11 19:52:56.232 | INFO     | slp.plbind.module:log_to_console:484 - train_f1        0.8614980578422546
2021-06-11 19:52:56.233 | INFO     | slp.plbind.module:log_to_console:484 - train_f1_zero   0.8266932368278503
2021-06-11 19:52:56.233 | INFO     | slp.plbind.module:log_to_console:484 - train_mae       0.5019333958625793
2021-06-11 19:52:56.234 | INFO     | slp.plbind.module:log_to_console:484 - train_loss      0.5019333958625793
2021-06-11 19:52:56.234 | INFO     | slp.util.system:print_separator:81 - %%%%%%%%%%%%%%%%%%%%%%%%%%%%%%%%%%%%%%%%%%%%%%%%%%
2021-06-11 19:52:58.137 | INFO     | slp.plbind.module:log_to_console:478 - Epoch 12 Validation results
2021-06-11 19:52:58.138 | INFO     | slp.util.system:print_separator:81 - --------------------------------------------------
2021-06-11 19:52:58.139 | INFO     | slp.plbind.module:log_to_console:484 - val_acc2        0.78995281457901
2021-06-11 19:52:58.140 | INFO     | slp.plbind.module:log_to_console:484 - val_acc2_zero   0.7979166507720947
2021-06-11 19:52:58.141 | INFO     | slp.plbind.module:log_to_console:484 - val_acc5        0.5457980036735535
2021-06-11 19:52:58.143 | INFO     | slp.plbind.module:log_to_console:484 - val_acc7        0.5352048277854919
2021-06-11 19:52:58.144 | INFO     | slp.plbind.module:log_to_console:484 - val_f1          0.7863863706588745
2021-06-11 19:52:58.145 | INFO     | slp.plbind.module:log_to_console:484 - val_f1_zero     0.8002726435661316
2021-06-11 19:52:58.146 | INFO     | slp.plbind.module:log_to_console:484 - val_mae         0.5752301216125488
2021-06-11 19:52:58.147 | INFO     | slp.plbind.module:log_to_console:484 - val_loss        0.5752301216125488
2021-06-11 19:52:58.149 | INFO     | slp.plbind.module:log_to_console:484 - best_score      0.5701560378074646
2021-06-11 19:52:58.150 | INFO     | slp.util.system:print_separator:81 - %%%%%%%%%%%%%%%%%%%%%%%%%%%%%%%%%%%%%%%%%%%%%%%%%%
2021-06-11 19:52:58.155 | INFO     | slp.plbind.helpers:_run_early_stopping_check:25 - Epoch 12 Early Stopping
2021-06-11 19:52:58.157 | INFO     | slp.util.system:print_separator:81 - --------------------------------------------------
2021-06-11 19:52:58.159 | INFO     | slp.plbind.helpers:_run_early_stopping_check:27 - best score      0.5701560378074646
2021-06-11 19:52:58.161 | INFO     | slp.plbind.helpers:_run_early_stopping_check:28 - patience left   6              
2021-06-11 19:52:58.162 | INFO     | slp.util.system:print_separator:81 - ##################################################
2021-06-11 19:53:32.139 | INFO     | slp.plbind.module:log_to_console:478 - Epoch 13 Training results
2021-06-11 19:53:32.139 | INFO     | slp.util.system:print_separator:81 - --------------------------------------------------
2021-06-11 19:53:32.140 | INFO     | slp.plbind.module:log_to_console:484 - train_acc2      0.8671059608459473
2021-06-11 19:53:32.141 | INFO     | slp.plbind.module:log_to_console:484 - train_acc2_zero 0.8279022574424744
2021-06-11 19:53:32.141 | INFO     | slp.plbind.module:log_to_console:484 - train_acc5      0.6023989915847778
2021-06-11 19:53:32.142 | INFO     | slp.plbind.module:log_to_console:484 - train_acc7      0.5775702595710754
2021-06-11 19:53:32.142 | INFO     | slp.plbind.module:log_to_console:484 - train_f1        0.8654683828353882
2021-06-11 19:53:32.143 | INFO     | slp.plbind.module:log_to_console:484 - train_f1_zero   0.8317102193832397
2021-06-11 19:53:32.143 | INFO     | slp.plbind.module:log_to_console:484 - train_mae       0.4901880919933319
2021-06-11 19:53:32.144 | INFO     | slp.plbind.module:log_to_console:484 - train_loss      0.4901880919933319
2021-06-11 19:53:32.144 | INFO     | slp.util.system:print_separator:81 - %%%%%%%%%%%%%%%%%%%%%%%%%%%%%%%%%%%%%%%%%%%%%%%%%%
2021-06-11 19:53:34.036 | INFO     | slp.plbind.module:log_to_console:478 - Epoch 13 Validation results
2021-06-11 19:53:34.037 | INFO     | slp.util.system:print_separator:81 - --------------------------------------------------
2021-06-11 19:53:34.039 | INFO     | slp.plbind.module:log_to_console:484 - val_acc2        0.7842607498168945
2021-06-11 19:53:34.040 | INFO     | slp.plbind.module:log_to_console:484 - val_acc2_zero   0.751694917678833
2021-06-11 19:53:34.042 | INFO     | slp.plbind.module:log_to_console:484 - val_acc5        0.5515536665916443
2021-06-11 19:53:34.043 | INFO     | slp.plbind.module:log_to_console:484 - val_acc7        0.5377824902534485
2021-06-11 19:53:34.044 | INFO     | slp.plbind.module:log_to_console:484 - val_f1          0.7888085246086121
2021-06-11 19:53:34.045 | INFO     | slp.plbind.module:log_to_console:484 - val_f1_zero     0.7652355432510376
2021-06-11 19:53:34.047 | INFO     | slp.plbind.module:log_to_console:484 - val_mae         0.5869792103767395
2021-06-11 19:53:34.048 | INFO     | slp.plbind.module:log_to_console:484 - val_loss        0.5869792103767395
2021-06-11 19:53:34.049 | INFO     | slp.plbind.module:log_to_console:484 - best_score      0.5701560378074646
2021-06-11 19:53:34.050 | INFO     | slp.util.system:print_separator:81 - %%%%%%%%%%%%%%%%%%%%%%%%%%%%%%%%%%%%%%%%%%%%%%%%%%
2021-06-11 19:53:34.053 | INFO     | slp.plbind.helpers:_run_early_stopping_check:25 - Epoch 13 Early Stopping
2021-06-11 19:53:34.054 | INFO     | slp.util.system:print_separator:81 - --------------------------------------------------
2021-06-11 19:53:34.055 | INFO     | slp.plbind.helpers:_run_early_stopping_check:27 - best score      0.5701560378074646
2021-06-11 19:53:34.056 | INFO     | slp.plbind.helpers:_run_early_stopping_check:28 - patience left   5              
2021-06-11 19:53:34.057 | INFO     | slp.util.system:print_separator:81 - ##################################################
2021-06-11 19:54:08.431 | INFO     | slp.plbind.module:log_to_console:478 - Epoch 14 Training results
2021-06-11 19:54:08.432 | INFO     | slp.util.system:print_separator:81 - --------------------------------------------------
2021-06-11 19:54:08.433 | INFO     | slp.plbind.module:log_to_console:484 - train_acc2      0.872186541557312
2021-06-11 19:54:08.433 | INFO     | slp.plbind.module:log_to_console:484 - train_acc2_zero 0.8297718167304993
2021-06-11 19:54:08.434 | INFO     | slp.plbind.module:log_to_console:484 - train_acc5      0.6098249554634094
2021-06-11 19:54:08.434 | INFO     | slp.plbind.module:log_to_console:484 - train_acc7      0.5869531035423279
2021-06-11 19:54:08.435 | INFO     | slp.plbind.module:log_to_console:484 - train_f1        0.8712319731712341
2021-06-11 19:54:08.435 | INFO     | slp.plbind.module:log_to_console:484 - train_f1_zero   0.8344284296035767
2021-06-11 19:54:08.436 | INFO     | slp.plbind.module:log_to_console:484 - train_mae       0.47797152400016785
2021-06-11 19:54:08.436 | INFO     | slp.plbind.module:log_to_console:484 - train_loss      0.47797152400016785
2021-06-11 19:54:08.437 | INFO     | slp.util.system:print_separator:81 - %%%%%%%%%%%%%%%%%%%%%%%%%%%%%%%%%%%%%%%%%%%%%%%%%%
2021-06-11 19:54:10.291 | INFO     | slp.plbind.module:log_to_console:478 - Epoch 14 Validation results
2021-06-11 19:54:10.294 | INFO     | slp.util.system:print_separator:81 - --------------------------------------------------
2021-06-11 19:54:10.296 | INFO     | slp.plbind.module:log_to_console:484 - val_acc2        0.7898942232131958
2021-06-11 19:54:10.298 | INFO     | slp.plbind.module:log_to_console:484 - val_acc2_zero   0.7686440348625183
2021-06-11 19:54:10.300 | INFO     | slp.plbind.module:log_to_console:484 - val_acc5        0.5468573570251465
2021-06-11 19:54:10.302 | INFO     | slp.plbind.module:log_to_console:484 - val_acc7        0.5357344746589661
2021-06-11 19:54:10.304 | INFO     | slp.plbind.module:log_to_console:484 - val_f1          0.788972020149231
2021-06-11 19:54:10.305 | INFO     | slp.plbind.module:log_to_console:484 - val_f1_zero     0.7769261002540588
2021-06-11 19:54:10.307 | INFO     | slp.plbind.module:log_to_console:484 - val_mae         0.5753137469291687
2021-06-11 19:54:10.308 | INFO     | slp.plbind.module:log_to_console:484 - val_loss        0.5753137469291687
2021-06-11 19:54:10.310 | INFO     | slp.plbind.module:log_to_console:484 - best_score      0.5701560378074646
2021-06-11 19:54:10.311 | INFO     | slp.util.system:print_separator:81 - %%%%%%%%%%%%%%%%%%%%%%%%%%%%%%%%%%%%%%%%%%%%%%%%%%
2021-06-11 19:54:10.315 | INFO     | slp.plbind.helpers:_run_early_stopping_check:25 - Epoch 14 Early Stopping
2021-06-11 19:54:10.316 | INFO     | slp.util.system:print_separator:81 - --------------------------------------------------
2021-06-11 19:54:10.317 | INFO     | slp.plbind.helpers:_run_early_stopping_check:27 - best score      0.5701560378074646
2021-06-11 19:54:10.318 | INFO     | slp.plbind.helpers:_run_early_stopping_check:28 - patience left   4              
2021-06-11 19:54:10.319 | INFO     | slp.util.system:print_separator:81 - ##################################################
2021-06-11 19:54:44.362 | INFO     | slp.plbind.module:log_to_console:478 - Epoch 15 Training results
2021-06-11 19:54:44.363 | INFO     | slp.util.system:print_separator:81 - --------------------------------------------------
2021-06-11 19:54:44.364 | INFO     | slp.plbind.module:log_to_console:484 - train_acc2      0.8737963438034058
2021-06-11 19:54:44.364 | INFO     | slp.plbind.module:log_to_console:484 - train_acc2_zero 0.8314841389656067
2021-06-11 19:54:44.365 | INFO     | slp.plbind.module:log_to_console:484 - train_acc5      0.6184826493263245
2021-06-11 19:54:44.366 | INFO     | slp.plbind.module:log_to_console:484 - train_acc7      0.5942654609680176
2021-06-11 19:54:44.366 | INFO     | slp.plbind.module:log_to_console:484 - train_f1        0.8724767565727234
2021-06-11 19:54:44.367 | INFO     | slp.plbind.module:log_to_console:484 - train_f1_zero   0.8355251550674438
2021-06-11 19:54:44.367 | INFO     | slp.plbind.module:log_to_console:484 - train_mae       0.4680905044078827
2021-06-11 19:54:44.368 | INFO     | slp.plbind.module:log_to_console:484 - train_loss      0.4680905044078827
2021-06-11 19:54:44.368 | INFO     | slp.util.system:print_separator:81 - %%%%%%%%%%%%%%%%%%%%%%%%%%%%%%%%%%%%%%%%%%%%%%%%%%
2021-06-11 19:54:46.357 | INFO     | slp.plbind.module:log_to_console:478 - Epoch 15 Validation results
2021-06-11 19:54:46.358 | INFO     | slp.util.system:print_separator:81 - --------------------------------------------------
2021-06-11 19:54:46.359 | INFO     | slp.plbind.module:log_to_console:484 - val_acc2        0.7891695499420166
2021-06-11 19:54:46.360 | INFO     | slp.plbind.module:log_to_console:484 - val_acc2_zero   0.7566031217575073
2021-06-11 19:54:46.361 | INFO     | slp.plbind.module:log_to_console:484 - val_acc5        0.5431497097015381
2021-06-11 19:54:46.361 | INFO     | slp.plbind.module:log_to_console:484 - val_acc7        0.5293785333633423
2021-06-11 19:54:46.362 | INFO     | slp.plbind.module:log_to_console:484 - val_f1          0.7941160202026367
2021-06-11 19:54:46.363 | INFO     | slp.plbind.module:log_to_console:484 - val_f1_zero     0.7707815170288086
2021-06-11 19:54:46.364 | INFO     | slp.plbind.module:log_to_console:484 - val_mae         0.5891546607017517
2021-06-11 19:54:46.365 | INFO     | slp.plbind.module:log_to_console:484 - val_loss        0.5891546607017517
2021-06-11 19:54:46.366 | INFO     | slp.plbind.module:log_to_console:484 - best_score      0.5701560378074646
2021-06-11 19:54:46.366 | INFO     | slp.util.system:print_separator:81 - %%%%%%%%%%%%%%%%%%%%%%%%%%%%%%%%%%%%%%%%%%%%%%%%%%
2021-06-11 19:54:46.369 | INFO     | slp.plbind.helpers:_run_early_stopping_check:25 - Epoch 15 Early Stopping
2021-06-11 19:54:46.370 | INFO     | slp.util.system:print_separator:81 - --------------------------------------------------
2021-06-11 19:54:46.371 | INFO     | slp.plbind.helpers:_run_early_stopping_check:27 - best score      0.5701560378074646
2021-06-11 19:54:46.371 | INFO     | slp.plbind.helpers:_run_early_stopping_check:28 - patience left   3              
2021-06-11 19:54:46.372 | INFO     | slp.util.system:print_separator:81 - ##################################################
2021-06-11 19:55:20.895 | INFO     | slp.plbind.module:log_to_console:478 - Epoch 16 Training results
2021-06-11 19:55:20.896 | INFO     | slp.util.system:print_separator:81 - --------------------------------------------------
2021-06-11 19:55:20.896 | INFO     | slp.plbind.module:log_to_console:484 - train_acc2      0.8781723976135254
2021-06-11 19:55:20.897 | INFO     | slp.plbind.module:log_to_console:484 - train_acc2_zero 0.8346030116081238
2021-06-11 19:55:20.897 | INFO     | slp.plbind.module:log_to_console:484 - train_acc5      0.6267036199569702
2021-06-11 19:55:20.898 | INFO     | slp.plbind.module:log_to_console:484 - train_acc7      0.6021806001663208
2021-06-11 19:55:20.898 | INFO     | slp.plbind.module:log_to_console:484 - train_f1        0.8772475123405457
2021-06-11 19:55:20.899 | INFO     | slp.plbind.module:log_to_console:484 - train_f1_zero   0.8389567732810974
2021-06-11 19:55:20.899 | INFO     | slp.plbind.module:log_to_console:484 - train_mae       0.4552074670791626
2021-06-11 19:55:20.899 | INFO     | slp.plbind.module:log_to_console:484 - train_loss      0.4552074670791626
2021-06-11 19:55:20.900 | INFO     | slp.util.system:print_separator:81 - %%%%%%%%%%%%%%%%%%%%%%%%%%%%%%%%%%%%%%%%%%%%%%%%%%
2021-06-11 19:55:22.878 | INFO     | slp.plbind.module:log_to_console:478 - Epoch 16 Validation results
2021-06-11 19:55:22.880 | INFO     | slp.util.system:print_separator:81 - --------------------------------------------------
2021-06-11 19:55:22.881 | INFO     | slp.plbind.module:log_to_console:484 - val_acc2        0.79691082239151
2021-06-11 19:55:22.883 | INFO     | slp.plbind.module:log_to_console:484 - val_acc2_zero   0.7942090630531311
2021-06-11 19:55:22.884 | INFO     | slp.plbind.module:log_to_console:484 - val_acc5        0.5367231965065002
2021-06-11 19:55:22.885 | INFO     | slp.plbind.module:log_to_console:484 - val_acc7        0.5240113139152527
2021-06-11 19:55:22.887 | INFO     | slp.plbind.module:log_to_console:484 - val_f1          0.7979575991630554
2021-06-11 19:55:22.887 | INFO     | slp.plbind.module:log_to_console:484 - val_f1_zero     0.8012834787368774
2021-06-11 19:55:22.888 | INFO     | slp.plbind.module:log_to_console:484 - val_mae         0.582289457321167
2021-06-11 19:55:22.889 | INFO     | slp.plbind.module:log_to_console:484 - val_loss        0.582289457321167
2021-06-11 19:55:22.889 | INFO     | slp.plbind.module:log_to_console:484 - best_score      0.5701560378074646
2021-06-11 19:55:22.890 | INFO     | slp.util.system:print_separator:81 - %%%%%%%%%%%%%%%%%%%%%%%%%%%%%%%%%%%%%%%%%%%%%%%%%%
2021-06-11 19:55:22.892 | INFO     | slp.plbind.helpers:_run_early_stopping_check:25 - Epoch 16 Early Stopping
2021-06-11 19:55:22.893 | INFO     | slp.util.system:print_separator:81 - --------------------------------------------------
2021-06-11 19:55:22.894 | INFO     | slp.plbind.helpers:_run_early_stopping_check:27 - best score      0.5701560378074646
2021-06-11 19:55:22.894 | INFO     | slp.plbind.helpers:_run_early_stopping_check:28 - patience left   2              
2021-06-11 19:55:22.895 | INFO     | slp.util.system:print_separator:81 - ##################################################
2021-06-11 19:55:56.625 | INFO     | slp.plbind.module:log_to_console:478 - Epoch 17 Training results
2021-06-11 19:55:56.627 | INFO     | slp.util.system:print_separator:81 - --------------------------------------------------
2021-06-11 19:55:56.628 | INFO     | slp.plbind.module:log_to_console:484 - train_acc2      0.8856520652770996
2021-06-11 19:55:56.630 | INFO     | slp.plbind.module:log_to_console:484 - train_acc2_zero 0.8396526575088501
2021-06-11 19:55:56.631 | INFO     | slp.plbind.module:log_to_console:484 - train_acc5      0.6439142227172852
2021-06-11 19:55:56.633 | INFO     | slp.plbind.module:log_to_console:484 - train_acc7      0.6204308271408081
2021-06-11 19:55:56.634 | INFO     | slp.plbind.module:log_to_console:484 - train_f1        0.8843889236450195
2021-06-11 19:55:56.636 | INFO     | slp.plbind.module:log_to_console:484 - train_f1_zero   0.8436987400054932
2021-06-11 19:55:56.637 | INFO     | slp.plbind.module:log_to_console:484 - train_mae       0.4350285828113556
2021-06-11 19:55:56.638 | INFO     | slp.plbind.module:log_to_console:484 - train_loss      0.4350285828113556
2021-06-11 19:55:56.639 | INFO     | slp.util.system:print_separator:81 - %%%%%%%%%%%%%%%%%%%%%%%%%%%%%%%%%%%%%%%%%%%%%%%%%%
2021-06-11 19:55:58.514 | INFO     | slp.plbind.module:log_to_console:478 - Epoch 17 Validation results
2021-06-11 19:55:58.516 | INFO     | slp.util.system:print_separator:81 - --------------------------------------------------
2021-06-11 19:55:58.519 | INFO     | slp.plbind.module:log_to_console:484 - val_acc2        0.78604656457901
2021-06-11 19:55:58.521 | INFO     | slp.plbind.module:log_to_console:484 - val_acc2_zero   0.7803672552108765
2021-06-11 19:55:58.523 | INFO     | slp.plbind.module:log_to_console:484 - val_acc5        0.5367231965065002
2021-06-11 19:55:58.524 | INFO     | slp.plbind.module:log_to_console:484 - val_acc7        0.5287782549858093
2021-06-11 19:55:58.526 | INFO     | slp.plbind.module:log_to_console:484 - val_f1          0.7880988717079163
2021-06-11 19:55:58.527 | INFO     | slp.plbind.module:log_to_console:484 - val_f1_zero     0.7892080545425415
2021-06-11 19:55:58.528 | INFO     | slp.plbind.module:log_to_console:484 - val_mae         0.57926344871521
2021-06-11 19:55:58.544 | INFO     | slp.plbind.module:log_to_console:484 - val_loss        0.57926344871521
2021-06-11 19:55:58.553 | INFO     | slp.plbind.module:log_to_console:484 - best_score      0.5701560378074646
2021-06-11 19:55:58.554 | INFO     | slp.util.system:print_separator:81 - %%%%%%%%%%%%%%%%%%%%%%%%%%%%%%%%%%%%%%%%%%%%%%%%%%
2021-06-11 19:55:58.558 | INFO     | slp.plbind.helpers:_run_early_stopping_check:25 - Epoch 17 Early Stopping
2021-06-11 19:55:58.560 | INFO     | slp.util.system:print_separator:81 - --------------------------------------------------
2021-06-11 19:55:58.561 | INFO     | slp.plbind.helpers:_run_early_stopping_check:27 - best score      0.5701560378074646
2021-06-11 19:55:58.562 | INFO     | slp.plbind.helpers:_run_early_stopping_check:28 - patience left   1              
2021-06-11 19:55:58.563 | INFO     | slp.util.system:print_separator:81 - ##################################################
2021-06-11 19:56:32.542 | INFO     | slp.plbind.module:log_to_console:478 - Epoch 18 Training results
2021-06-11 19:56:32.543 | INFO     | slp.util.system:print_separator:81 - --------------------------------------------------
2021-06-11 19:56:32.543 | INFO     | slp.plbind.module:log_to_console:484 - train_acc2      0.888581395149231
2021-06-11 19:56:32.544 | INFO     | slp.plbind.module:log_to_console:484 - train_acc2_zero 0.8396788239479065
2021-06-11 19:56:32.544 | INFO     | slp.plbind.module:log_to_console:484 - train_acc5      0.6533669829368591
2021-06-11 19:56:32.545 | INFO     | slp.plbind.module:log_to_console:484 - train_acc7      0.6309232711791992
2021-06-11 19:56:32.545 | INFO     | slp.plbind.module:log_to_console:484 - train_f1        0.8875499367713928
2021-06-11 19:56:32.546 | INFO     | slp.plbind.module:log_to_console:484 - train_f1_zero   0.8442636132240295
2021-06-11 19:56:32.546 | INFO     | slp.plbind.module:log_to_console:484 - train_mae       0.42291343212127686
2021-06-11 19:56:32.547 | INFO     | slp.plbind.module:log_to_console:484 - train_loss      0.42291343212127686
2021-06-11 19:56:32.547 | INFO     | slp.util.system:print_separator:81 - %%%%%%%%%%%%%%%%%%%%%%%%%%%%%%%%%%%%%%%%%%%%%%%%%%
2021-06-11 19:56:34.575 | INFO     | slp.plbind.module:log_to_console:478 - Epoch 18 Validation results
2021-06-11 19:56:34.576 | INFO     | slp.util.system:print_separator:81 - --------------------------------------------------
2021-06-11 19:56:34.577 | INFO     | slp.plbind.module:log_to_console:484 - val_acc2        0.7924830317497253
2021-06-11 19:56:34.577 | INFO     | slp.plbind.module:log_to_console:484 - val_acc2_zero   0.7618997097015381
2021-06-11 19:56:34.578 | INFO     | slp.plbind.module:log_to_console:484 - val_acc5        0.5388418436050415
2021-06-11 19:56:34.579 | INFO     | slp.plbind.module:log_to_console:484 - val_acc7        0.5245409607887268
2021-06-11 19:56:34.580 | INFO     | slp.plbind.module:log_to_console:484 - val_f1          0.7958723306655884
2021-06-11 19:56:34.580 | INFO     | slp.plbind.module:log_to_console:484 - val_f1_zero     0.7729091048240662
2021-06-11 19:56:34.581 | INFO     | slp.plbind.module:log_to_console:484 - val_mae         0.5909447073936462
2021-06-11 19:56:34.582 | INFO     | slp.plbind.module:log_to_console:484 - val_loss        0.5909447073936462
2021-06-11 19:56:34.582 | INFO     | slp.plbind.module:log_to_console:484 - best_score      0.5701560378074646
2021-06-11 19:56:34.583 | INFO     | slp.util.system:print_separator:81 - %%%%%%%%%%%%%%%%%%%%%%%%%%%%%%%%%%%%%%%%%%%%%%%%%%
2021-06-11 19:56:34.585 | INFO     | slp.plbind.helpers:_run_early_stopping_check:25 - Epoch 18 Early Stopping
2021-06-11 19:56:34.586 | INFO     | slp.util.system:print_separator:81 - --------------------------------------------------
2021-06-11 19:56:34.587 | INFO     | slp.plbind.helpers:_run_early_stopping_check:27 - best score      0.5701560378074646
2021-06-11 19:56:34.587 | INFO     | slp.plbind.helpers:_run_early_stopping_check:28 - patience left   0              
2021-06-11 19:56:34.588 | INFO     | slp.plbind.helpers:_run_early_stopping_check:33 - Stopping due to early stopping
2021-06-11 19:56:34.589 | INFO     | slp.util.system:print_separator:81 - ##################################################
2021-06-11 19:56:34.676 | INFO     | pytorch_lightning.profiler.profilers:describe:96 - 

Profiler Report

Action                             	|  Mean duration (s)	|Num calls      	|  Total time (s) 	|  Percentage %   	|
------------------------------------------------------------------------------------------------------------------------------------
Total                              	|  -              	|_              	|  653.27         	|  100 %          	|
------------------------------------------------------------------------------------------------------------------------------------
run_training_epoch                 	|  36.091         	|18             	|  649.63         	|  99.442         	|
run_training_batch                 	|  0.06437        	|9198           	|  592.07         	|  90.632         	|
optimizer_step_and_closure_0       	|  0.061896       	|9198           	|  569.32         	|  87.148         	|
training_step_and_backward         	|  0.052025       	|9198           	|  478.53         	|  73.251         	|
model_forward                      	|  0.029735       	|9198           	|  273.5          	|  41.866         	|
training_step                      	|  0.029492       	|9198           	|  271.27         	|  41.525         	|
model_backward                     	|  0.022038       	|9198           	|  202.71         	|  31.029         	|
evaluation_step_and_end            	|  0.027016       	|1064           	|  28.745         	|  4.4001         	|
validation_step                    	|  0.026866       	|1064           	|  28.586         	|  4.3758         	|
get_train_batch                    	|  0.00046226     	|9198           	|  4.2519         	|  0.65086        	|
on_train_batch_end                 	|  0.00014514     	|9198           	|  1.335          	|  0.20435        	|
on_train_batch_start               	|  0.00012409     	|9198           	|  1.1413         	|  0.17471        	|
cache_result                       	|  1.8025e-05     	|49389          	|  0.89022        	|  0.13627        	|
on_validation_end                  	|  0.033797       	|19             	|  0.64214        	|  0.098296       	|
on_after_backward                  	|  3.392e-05      	|9198           	|  0.312          	|  0.047759       	|
on_before_zero_grad                	|  2.9218e-05     	|9198           	|  0.26875        	|  0.041138       	|
on_batch_start                     	|  2.6542e-05     	|9198           	|  0.24413        	|  0.03737        	|
on_batch_end                       	|  2.0127e-05     	|9198           	|  0.18513        	|  0.028339       	|
training_step_end                  	|  1.0525e-05     	|9198           	|  0.096807       	|  0.014819       	|
on_validation_batch_end            	|  8.9862e-05     	|1064           	|  0.095613       	|  0.014636       	|
on_train_end                       	|  0.036275       	|1              	|  0.036275       	|  0.0055528      	|
on_validation_batch_start          	|  1.5215e-05     	|1064           	|  0.016189       	|  0.0024781      	|
on_validation_start                	|  0.00065579     	|19             	|  0.01246        	|  0.0019073      	|
on_epoch_start                     	|  0.00067539     	|18             	|  0.012157       	|  0.0018609      	|
validation_step_end                	|  1.1038e-05     	|1064           	|  0.011745       	|  0.0017978      	|
on_train_start                     	|  0.0019764      	|1              	|  0.0019764      	|  0.00030254     	|
on_train_epoch_end                 	|  2.929e-05      	|18             	|  0.00052722     	|  8.0704e-05     	|
on_validation_epoch_end            	|  2.7355e-05     	|19             	|  0.00051974     	|  7.9559e-05     	|
on_epoch_end                       	|  1.1462e-05     	|37             	|  0.0004241      	|  6.4919e-05     	|
on_validation_epoch_start          	|  1.8335e-05     	|19             	|  0.00034836     	|  5.3326e-05     	|
on_train_epoch_start               	|  1.4281e-05     	|18             	|  0.00025706     	|  3.935e-05      	|
on_fit_start                       	|  2.4754e-05     	|1              	|  2.4754e-05     	|  3.7892e-06     	|
on_before_accelerator_backend_setup	|  8.149e-06      	|1              	|  8.149e-06      	|  1.2474e-06     	|

