2021-06-11 15:49:07.256 | INFO     | slp.util.log:configure_logging:84 - Log file will be saved in logs/table1-run2.20210611-154907.log
2021-06-11 15:49:08.103 | INFO     | slp.plbind.dm:setup:159 - Using provided validation set
2021-06-11 15:49:08.103 | INFO     | slp.plbind.dm:setup:162 - Using provided test set
2021-06-11 15:49:08.103 | INFO     | slp.plbind.dm:setup:212 - Using 16327 samples for training
2021-06-11 15:49:08.104 | INFO     | slp.plbind.dm:setup:213 - Using 1871 samples for validation
2021-06-11 15:49:08.104 | INFO     | slp.plbind.dm:setup:216 - Using 4662 samples for testing
2021-06-11 15:49:08.123 | INFO     | slp.plbind.trainer:make_trainer:428 - Logs will be saved in rnn-m3-0.2/table1-run2
2021-06-11 15:49:08.124 | INFO     | slp.plbind.trainer:make_trainer:429 - Logs will be saved in rnn-m3-0.2/table1-run2/20210611-154908/checkpoints
2021-06-11 15:49:08.159 | INFO     | slp.plbind.trainer:make_trainer:461 - Configured wandb and CSV loggers.
2021-06-11 15:49:08.160 | INFO     | slp.plbind.trainer:make_trainer:462 - Wandb configured to run table1-run2/20210611-154908 in project table1-run2
2021-06-11 15:49:08.160 | INFO     | slp.plbind.trainer:make_trainer:467 - Results will be stored online.
2021-06-11 15:49:08.161 | INFO     | slp.plbind.trainer:make_trainer:475 - Experiment verbose description:
MOSEI RNN-baseline with M3

Tags:['mosei', 'rnn-baseline', 'm3', 'regularization']
2021-06-11 15:49:08.164 | INFO     | slp.plbind.trainer:make_trainer:496 - Configured Early stopping and Model checkpointing to track val_loss
2021-06-11 15:49:08.180 | INFO     | pytorch_lightning.utilities.distributed:_info:54 - GPU available: True, used: True
2021-06-11 15:49:08.180 | INFO     | pytorch_lightning.utilities.distributed:_info:54 - TPU available: None, using: 0 TPU cores
2021-06-11 15:49:08.924 | INFO     | slp.plbind.trainer:watch_model:613 - Tracking model weights & gradients in wandb.
2021-06-11 15:49:08.925 | INFO     | pytorch_lightning.accelerators.gpu:set_nvidia_flags:40 - LOCAL_RANK: 0 - CUDA_VISIBLE_DEVICES: [3]
2021-06-11 15:49:11.391 | INFO     | pytorch_lightning.core.lightning:summarize:1457 - 
  | Name          | Type                            | Params
------------------------------------------------------------------
0 | model         | AudioVisualTextMaskedClassifier | 1.6 M 
1 | criterion     | L1Loss                          | 0     
2 | train_metrics | ModuleDict                      | 0     
3 | val_metrics   | ModuleDict                      | 0     
4 | test_metrics  | ModuleDict                      | 0     
------------------------------------------------------------------
1.6 M     Trainable params
0         Non-trainable params
1.6 M     Total params
6.535     Total estimated model params size (MB)
2021-06-11 15:49:11.617 | INFO     | slp.plbind.module:log_to_console:478 - Epoch 1 Validation results
2021-06-11 15:49:11.618 | INFO     | slp.util.system:print_separator:81 - --------------------------------------------------
2021-06-11 15:49:11.619 | INFO     | slp.plbind.module:log_to_console:484 - val_acc2        0.45075756311416626
2021-06-11 15:49:11.619 | INFO     | slp.plbind.module:log_to_console:484 - val_acc2_zero   0.40625        
2021-06-11 15:49:11.620 | INFO     | slp.plbind.module:log_to_console:484 - val_acc5        0.09375        
2021-06-11 15:49:11.620 | INFO     | slp.plbind.module:log_to_console:484 - val_acc7        0.046875       
2021-06-11 15:49:11.621 | INFO     | slp.plbind.module:log_to_console:484 - val_f1          0.3950534760951996
2021-06-11 15:49:11.621 | INFO     | slp.plbind.module:log_to_console:484 - val_f1_zero     0.37340617179870605
2021-06-11 15:49:11.622 | INFO     | slp.plbind.module:log_to_console:484 - val_mae         4.287086486816406
2021-06-11 15:49:11.622 | INFO     | slp.plbind.module:log_to_console:484 - val_loss        4.287086486816406
2021-06-11 15:49:11.623 | INFO     | slp.plbind.module:log_to_console:484 - best_score      inf            
2021-06-11 15:49:11.623 | INFO     | slp.util.system:print_separator:81 - %%%%%%%%%%%%%%%%%%%%%%%%%%%%%%%%%%%%%%%%%%%%%%%%%%
2021-06-11 15:49:45.704 | INFO     | slp.plbind.module:log_to_console:478 - Epoch 1 Training results
2021-06-11 15:49:45.705 | INFO     | slp.util.system:print_separator:81 - --------------------------------------------------
2021-06-11 15:49:45.706 | INFO     | slp.plbind.module:log_to_console:484 - train_acc2      0.6852841973304749
2021-06-11 15:49:45.706 | INFO     | slp.plbind.module:log_to_console:484 - train_acc2_zero 0.666908323764801
2021-06-11 15:49:45.707 | INFO     | slp.plbind.module:log_to_console:484 - train_acc5      0.38201531767845154
2021-06-11 15:49:45.707 | INFO     | slp.plbind.module:log_to_console:484 - train_acc7      0.37553292512893677
2021-06-11 15:49:45.708 | INFO     | slp.plbind.module:log_to_console:484 - train_f1        0.6679654121398926
2021-06-11 15:49:45.708 | INFO     | slp.plbind.module:log_to_console:484 - train_f1_zero   0.6600465774536133
2021-06-11 15:49:45.709 | INFO     | slp.plbind.module:log_to_console:484 - train_mae       1.0272470712661743
2021-06-11 15:49:45.709 | INFO     | slp.plbind.module:log_to_console:484 - train_loss      1.0272470712661743
2021-06-11 15:49:45.710 | INFO     | slp.util.system:print_separator:81 - %%%%%%%%%%%%%%%%%%%%%%%%%%%%%%%%%%%%%%%%%%%%%%%%%%
2021-06-11 15:49:47.554 | INFO     | slp.plbind.module:log_to_console:478 - Epoch 1 Validation results
2021-06-11 15:49:47.555 | INFO     | slp.util.system:print_separator:81 - --------------------------------------------------
2021-06-11 15:49:47.556 | INFO     | slp.plbind.module:log_to_console:484 - val_acc2        0.7613080739974976
2021-06-11 15:49:47.557 | INFO     | slp.plbind.module:log_to_console:484 - val_acc2_zero   0.7109816670417786
2021-06-11 15:49:47.557 | INFO     | slp.plbind.module:log_to_console:484 - val_acc5        0.47824859619140625
2021-06-11 15:49:47.558 | INFO     | slp.plbind.module:log_to_console:484 - val_acc7        0.4729519784450531
2021-06-11 15:49:47.559 | INFO     | slp.plbind.module:log_to_console:484 - val_f1          0.7618433833122253
2021-06-11 15:49:47.560 | INFO     | slp.plbind.module:log_to_console:484 - val_f1_zero     0.722488284111023
2021-06-11 15:49:47.560 | INFO     | slp.plbind.module:log_to_console:484 - val_mae         0.6599962115287781
2021-06-11 15:49:47.561 | INFO     | slp.plbind.module:log_to_console:484 - val_loss        0.6599962115287781
2021-06-11 15:49:47.562 | INFO     | slp.plbind.module:log_to_console:484 - best_score      inf            
2021-06-11 15:49:47.563 | INFO     | slp.util.system:print_separator:81 - %%%%%%%%%%%%%%%%%%%%%%%%%%%%%%%%%%%%%%%%%%%%%%%%%%
2021-06-11 15:49:47.565 | INFO     | slp.plbind.helpers:_run_early_stopping_check:25 - Epoch 1 Early Stopping
2021-06-11 15:49:47.565 | INFO     | slp.util.system:print_separator:81 - --------------------------------------------------
2021-06-11 15:49:47.566 | INFO     | slp.plbind.helpers:_run_early_stopping_check:27 - best score      0.6599962115287781
2021-06-11 15:49:47.567 | INFO     | slp.plbind.helpers:_run_early_stopping_check:28 - patience left   10             
2021-06-11 15:49:47.567 | INFO     | slp.util.system:print_separator:81 - ##################################################
2021-06-11 15:50:21.710 | INFO     | slp.plbind.module:log_to_console:478 - Epoch 2 Training results
2021-06-11 15:50:21.710 | INFO     | slp.util.system:print_separator:81 - --------------------------------------------------
2021-06-11 15:50:21.711 | INFO     | slp.plbind.module:log_to_console:484 - train_acc2      0.760732889175415
2021-06-11 15:50:21.712 | INFO     | slp.plbind.module:log_to_console:484 - train_acc2_zero 0.7366333603858948
2021-06-11 15:50:21.712 | INFO     | slp.plbind.module:log_to_console:484 - train_acc5      0.45542702078819275
2021-06-11 15:50:21.713 | INFO     | slp.plbind.module:log_to_console:484 - train_acc7      0.4466819167137146
2021-06-11 15:50:21.713 | INFO     | slp.plbind.module:log_to_console:484 - train_f1        0.7515600323677063
2021-06-11 15:50:21.714 | INFO     | slp.plbind.module:log_to_console:484 - train_f1_zero   0.7351375818252563
2021-06-11 15:50:21.715 | INFO     | slp.plbind.module:log_to_console:484 - train_mae       0.7204363942146301
2021-06-11 15:50:21.716 | INFO     | slp.plbind.module:log_to_console:484 - train_loss      0.7204363942146301
2021-06-11 15:50:21.717 | INFO     | slp.util.system:print_separator:81 - %%%%%%%%%%%%%%%%%%%%%%%%%%%%%%%%%%%%%%%%%%%%%%%%%%
2021-06-11 15:50:23.742 | INFO     | slp.plbind.module:log_to_console:478 - Epoch 2 Validation results
2021-06-11 15:50:23.743 | INFO     | slp.util.system:print_separator:81 - --------------------------------------------------
2021-06-11 15:50:23.745 | INFO     | slp.plbind.module:log_to_console:484 - val_acc2        0.7510345578193665
2021-06-11 15:50:23.746 | INFO     | slp.plbind.module:log_to_console:484 - val_acc2_zero   0.7874647378921509
2021-06-11 15:50:23.747 | INFO     | slp.plbind.module:log_to_console:484 - val_acc5        0.4646892845630646
2021-06-11 15:50:23.748 | INFO     | slp.plbind.module:log_to_console:484 - val_acc7        0.4615113139152527
2021-06-11 15:50:23.750 | INFO     | slp.plbind.module:log_to_console:484 - val_f1          0.7109262347221375
2021-06-11 15:50:23.751 | INFO     | slp.plbind.module:log_to_console:484 - val_f1_zero     0.7553338408470154
2021-06-11 15:50:23.753 | INFO     | slp.plbind.module:log_to_console:484 - val_mae         0.6615278124809265
2021-06-11 15:50:23.754 | INFO     | slp.plbind.module:log_to_console:484 - val_loss        0.6615278124809265
2021-06-11 15:50:23.756 | INFO     | slp.plbind.module:log_to_console:484 - best_score      0.6599962115287781
2021-06-11 15:50:23.758 | INFO     | slp.util.system:print_separator:81 - %%%%%%%%%%%%%%%%%%%%%%%%%%%%%%%%%%%%%%%%%%%%%%%%%%
2021-06-11 15:50:23.763 | INFO     | slp.plbind.helpers:_run_early_stopping_check:25 - Epoch 2 Early Stopping
2021-06-11 15:50:23.764 | INFO     | slp.util.system:print_separator:81 - --------------------------------------------------
2021-06-11 15:50:23.766 | INFO     | slp.plbind.helpers:_run_early_stopping_check:27 - best score      0.6599962115287781
2021-06-11 15:50:23.767 | INFO     | slp.plbind.helpers:_run_early_stopping_check:28 - patience left   9              
2021-06-11 15:50:23.769 | INFO     | slp.util.system:print_separator:81 - ##################################################
2021-06-11 15:50:57.811 | INFO     | slp.plbind.module:log_to_console:478 - Epoch 3 Training results
2021-06-11 15:50:57.811 | INFO     | slp.util.system:print_separator:81 - --------------------------------------------------
2021-06-11 15:50:57.812 | INFO     | slp.plbind.module:log_to_console:484 - train_acc2      0.7974010705947876
2021-06-11 15:50:57.813 | INFO     | slp.plbind.module:log_to_console:484 - train_acc2_zero 0.7712817788124084
2021-06-11 15:50:57.813 | INFO     | slp.plbind.module:log_to_console:484 - train_acc5      0.4870789051055908
2021-06-11 15:50:57.814 | INFO     | slp.plbind.module:log_to_console:484 - train_acc7      0.47454220056533813
2021-06-11 15:50:57.814 | INFO     | slp.plbind.module:log_to_console:484 - train_f1        0.7923073768615723
2021-06-11 15:50:57.815 | INFO     | slp.plbind.module:log_to_console:484 - train_f1_zero   0.7731762528419495
2021-06-11 15:50:57.815 | INFO     | slp.plbind.module:log_to_console:484 - train_mae       0.6529444456100464
2021-06-11 15:50:57.816 | INFO     | slp.plbind.module:log_to_console:484 - train_loss      0.6529444456100464
2021-06-11 15:50:57.816 | INFO     | slp.util.system:print_separator:81 - %%%%%%%%%%%%%%%%%%%%%%%%%%%%%%%%%%%%%%%%%%%%%%%%%%
2021-06-11 15:50:59.658 | INFO     | slp.plbind.module:log_to_console:478 - Epoch 3 Validation results
2021-06-11 15:50:59.659 | INFO     | slp.util.system:print_separator:81 - --------------------------------------------------
2021-06-11 15:50:59.660 | INFO     | slp.plbind.module:log_to_console:484 - val_acc2        0.7902842164039612
2021-06-11 15:50:59.660 | INFO     | slp.plbind.module:log_to_console:484 - val_acc2_zero   0.7969986200332642
2021-06-11 15:50:59.661 | INFO     | slp.plbind.module:log_to_console:484 - val_acc5        0.49774011969566345
2021-06-11 15:50:59.662 | INFO     | slp.plbind.module:log_to_console:484 - val_acc7        0.49085453152656555
2021-06-11 15:50:59.663 | INFO     | slp.plbind.module:log_to_console:484 - val_f1          0.7752812504768372
2021-06-11 15:50:59.663 | INFO     | slp.plbind.module:log_to_console:484 - val_f1_zero     0.7900861501693726
2021-06-11 15:50:59.664 | INFO     | slp.plbind.module:log_to_console:484 - val_mae         0.6106742024421692
2021-06-11 15:50:59.665 | INFO     | slp.plbind.module:log_to_console:484 - val_loss        0.6106742024421692
2021-06-11 15:50:59.665 | INFO     | slp.plbind.module:log_to_console:484 - best_score      0.6599962115287781
2021-06-11 15:50:59.666 | INFO     | slp.util.system:print_separator:81 - %%%%%%%%%%%%%%%%%%%%%%%%%%%%%%%%%%%%%%%%%%%%%%%%%%
2021-06-11 15:50:59.668 | INFO     | slp.plbind.helpers:_run_early_stopping_check:25 - Epoch 3 Early Stopping
2021-06-11 15:50:59.669 | INFO     | slp.util.system:print_separator:81 - --------------------------------------------------
2021-06-11 15:50:59.670 | INFO     | slp.plbind.helpers:_run_early_stopping_check:27 - best score      0.6106742024421692
2021-06-11 15:50:59.670 | INFO     | slp.plbind.helpers:_run_early_stopping_check:28 - patience left   10             
2021-06-11 15:50:59.671 | INFO     | slp.util.system:print_separator:81 - ##################################################
2021-06-11 15:51:33.575 | INFO     | slp.plbind.module:log_to_console:478 - Epoch 4 Training results
2021-06-11 15:51:33.576 | INFO     | slp.util.system:print_separator:81 - --------------------------------------------------
2021-06-11 15:51:33.576 | INFO     | slp.plbind.module:log_to_console:484 - train_acc2      0.8084113001823425
2021-06-11 15:51:33.577 | INFO     | slp.plbind.module:log_to_console:484 - train_acc2_zero 0.7810578346252441
2021-06-11 15:51:33.578 | INFO     | slp.plbind.module:log_to_console:484 - train_acc5      0.4923032224178314
2021-06-11 15:51:33.578 | INFO     | slp.plbind.module:log_to_console:484 - train_acc7      0.4781765341758728
2021-06-11 15:51:33.579 | INFO     | slp.plbind.module:log_to_console:484 - train_f1        0.8026334047317505
2021-06-11 15:51:33.579 | INFO     | slp.plbind.module:log_to_console:484 - train_f1_zero   0.7820965051651001
2021-06-11 15:51:33.580 | INFO     | slp.plbind.module:log_to_console:484 - train_mae       0.6365359425544739
2021-06-11 15:51:33.580 | INFO     | slp.plbind.module:log_to_console:484 - train_loss      0.6365359425544739
2021-06-11 15:51:33.581 | INFO     | slp.util.system:print_separator:81 - %%%%%%%%%%%%%%%%%%%%%%%%%%%%%%%%%%%%%%%%%%%%%%%%%%
2021-06-11 15:51:35.501 | INFO     | slp.plbind.module:log_to_console:478 - Epoch 4 Validation results
2021-06-11 15:51:35.503 | INFO     | slp.util.system:print_separator:81 - --------------------------------------------------
2021-06-11 15:51:35.506 | INFO     | slp.plbind.module:log_to_console:484 - val_acc2        0.7913533449172974
2021-06-11 15:51:35.508 | INFO     | slp.plbind.module:log_to_console:484 - val_acc2_zero   0.7906426787376404
2021-06-11 15:51:35.510 | INFO     | slp.plbind.module:log_to_console:484 - val_acc5        0.5199858546257019
2021-06-11 15:51:35.511 | INFO     | slp.plbind.module:log_to_console:484 - val_acc7        0.5072740316390991
2021-06-11 15:51:35.513 | INFO     | slp.plbind.module:log_to_console:484 - val_f1          0.7888767719268799
2021-06-11 15:51:35.515 | INFO     | slp.plbind.module:log_to_console:484 - val_f1_zero     0.7943840026855469
2021-06-11 15:51:35.516 | INFO     | slp.plbind.module:log_to_console:484 - val_mae         0.6106941103935242
2021-06-11 15:51:35.518 | INFO     | slp.plbind.module:log_to_console:484 - val_loss        0.6106941103935242
2021-06-11 15:51:35.519 | INFO     | slp.plbind.module:log_to_console:484 - best_score      0.6106742024421692
2021-06-11 15:51:35.520 | INFO     | slp.util.system:print_separator:81 - %%%%%%%%%%%%%%%%%%%%%%%%%%%%%%%%%%%%%%%%%%%%%%%%%%
2021-06-11 15:51:35.523 | INFO     | slp.plbind.helpers:_run_early_stopping_check:25 - Epoch 4 Early Stopping
2021-06-11 15:51:35.524 | INFO     | slp.util.system:print_separator:81 - --------------------------------------------------
2021-06-11 15:51:35.525 | INFO     | slp.plbind.helpers:_run_early_stopping_check:27 - best score      0.6106742024421692
2021-06-11 15:51:35.526 | INFO     | slp.plbind.helpers:_run_early_stopping_check:28 - patience left   9              
2021-06-11 15:51:35.527 | INFO     | slp.util.system:print_separator:81 - ##################################################
2021-06-11 15:52:09.068 | INFO     | slp.plbind.module:log_to_console:478 - Epoch 5 Training results
2021-06-11 15:52:09.069 | INFO     | slp.util.system:print_separator:81 - --------------------------------------------------
2021-06-11 15:52:09.069 | INFO     | slp.plbind.module:log_to_console:484 - train_acc2      0.8194361329078674
2021-06-11 15:52:09.070 | INFO     | slp.plbind.module:log_to_console:484 - train_acc2_zero 0.7880905866622925
2021-06-11 15:52:09.070 | INFO     | slp.plbind.module:log_to_console:484 - train_acc5      0.5198665261268616
2021-06-11 15:52:09.071 | INFO     | slp.plbind.module:log_to_console:484 - train_acc7      0.5048836469650269
2021-06-11 15:52:09.072 | INFO     | slp.plbind.module:log_to_console:484 - train_f1        0.816067636013031
2021-06-11 15:52:09.072 | INFO     | slp.plbind.module:log_to_console:484 - train_f1_zero   0.7913966178894043
2021-06-11 15:52:09.073 | INFO     | slp.plbind.module:log_to_console:484 - train_mae       0.609477698802948
2021-06-11 15:52:09.073 | INFO     | slp.plbind.module:log_to_console:484 - train_loss      0.609477698802948
2021-06-11 15:52:09.074 | INFO     | slp.util.system:print_separator:81 - %%%%%%%%%%%%%%%%%%%%%%%%%%%%%%%%%%%%%%%%%%%%%%%%%%
2021-06-11 15:52:10.919 | INFO     | slp.plbind.module:log_to_console:478 - Epoch 5 Validation results
2021-06-11 15:52:10.920 | INFO     | slp.util.system:print_separator:81 - --------------------------------------------------
2021-06-11 15:52:10.921 | INFO     | slp.plbind.module:log_to_console:484 - val_acc2        0.79819655418396
2021-06-11 15:52:10.921 | INFO     | slp.plbind.module:log_to_console:484 - val_acc2_zero   0.7689265608787537
2021-06-11 15:52:10.922 | INFO     | slp.plbind.module:log_to_console:484 - val_acc5        0.5458686351776123
2021-06-11 15:52:10.923 | INFO     | slp.plbind.module:log_to_console:484 - val_acc7        0.5315678119659424
2021-06-11 15:52:10.923 | INFO     | slp.plbind.module:log_to_console:484 - val_f1          0.7924500703811646
2021-06-11 15:52:10.924 | INFO     | slp.plbind.module:log_to_console:484 - val_f1_zero     0.7727928757667542
2021-06-11 15:52:10.925 | INFO     | slp.plbind.module:log_to_console:484 - val_mae         0.5858726501464844
2021-06-11 15:52:10.926 | INFO     | slp.plbind.module:log_to_console:484 - val_loss        0.5858726501464844
2021-06-11 15:52:10.926 | INFO     | slp.plbind.module:log_to_console:484 - best_score      0.6106742024421692
2021-06-11 15:52:10.927 | INFO     | slp.util.system:print_separator:81 - %%%%%%%%%%%%%%%%%%%%%%%%%%%%%%%%%%%%%%%%%%%%%%%%%%
2021-06-11 15:52:10.929 | INFO     | slp.plbind.helpers:_run_early_stopping_check:25 - Epoch 5 Early Stopping
2021-06-11 15:52:10.930 | INFO     | slp.util.system:print_separator:81 - --------------------------------------------------
2021-06-11 15:52:10.930 | INFO     | slp.plbind.helpers:_run_early_stopping_check:27 - best score      0.5858726501464844
2021-06-11 15:52:10.931 | INFO     | slp.plbind.helpers:_run_early_stopping_check:28 - patience left   10             
2021-06-11 15:52:10.932 | INFO     | slp.util.system:print_separator:81 - ##################################################
2021-06-11 15:52:44.875 | INFO     | slp.plbind.module:log_to_console:478 - Epoch 6 Training results
2021-06-11 15:52:44.876 | INFO     | slp.util.system:print_separator:81 - --------------------------------------------------
2021-06-11 15:52:44.876 | INFO     | slp.plbind.module:log_to_console:484 - train_acc2      0.8251305222511292
2021-06-11 15:52:44.877 | INFO     | slp.plbind.module:log_to_console:484 - train_acc2_zero 0.7933498620986938
2021-06-11 15:52:44.878 | INFO     | slp.plbind.module:log_to_console:484 - train_acc5      0.5247588753700256
2021-06-11 15:52:44.878 | INFO     | slp.plbind.module:log_to_console:484 - train_acc7      0.5083082914352417
2021-06-11 15:52:44.879 | INFO     | slp.plbind.module:log_to_console:484 - train_f1        0.8225306868553162
2021-06-11 15:52:44.879 | INFO     | slp.plbind.module:log_to_console:484 - train_f1_zero   0.7974453568458557
2021-06-11 15:52:44.880 | INFO     | slp.plbind.module:log_to_console:484 - train_mae       0.5959461331367493
2021-06-11 15:52:44.880 | INFO     | slp.plbind.module:log_to_console:484 - train_loss      0.5959461331367493
2021-06-11 15:52:44.881 | INFO     | slp.util.system:print_separator:81 - %%%%%%%%%%%%%%%%%%%%%%%%%%%%%%%%%%%%%%%%%%%%%%%%%%
2021-06-11 15:52:46.836 | INFO     | slp.plbind.module:log_to_console:478 - Epoch 6 Validation results
2021-06-11 15:52:46.838 | INFO     | slp.util.system:print_separator:81 - --------------------------------------------------
2021-06-11 15:52:46.840 | INFO     | slp.plbind.module:log_to_console:484 - val_acc2        0.7829490303993225
2021-06-11 15:52:46.842 | INFO     | slp.plbind.module:log_to_console:484 - val_acc2_zero   0.7332274317741394
2021-06-11 15:52:46.843 | INFO     | slp.plbind.module:log_to_console:484 - val_acc5        0.527189314365387
2021-06-11 15:52:46.845 | INFO     | slp.plbind.module:log_to_console:484 - val_acc7        0.5171257257461548
2021-06-11 15:52:46.847 | INFO     | slp.plbind.module:log_to_console:484 - val_f1          0.7897886037826538
2021-06-11 15:52:46.848 | INFO     | slp.plbind.module:log_to_console:484 - val_f1_zero     0.7496570944786072
2021-06-11 15:52:46.850 | INFO     | slp.plbind.module:log_to_console:484 - val_mae         0.5992738604545593
2021-06-11 15:52:46.852 | INFO     | slp.plbind.module:log_to_console:484 - val_loss        0.5992738604545593
2021-06-11 15:52:46.853 | INFO     | slp.plbind.module:log_to_console:484 - best_score      0.5858726501464844
2021-06-11 15:52:46.854 | INFO     | slp.util.system:print_separator:81 - %%%%%%%%%%%%%%%%%%%%%%%%%%%%%%%%%%%%%%%%%%%%%%%%%%
2021-06-11 15:52:46.857 | INFO     | slp.plbind.helpers:_run_early_stopping_check:25 - Epoch 6 Early Stopping
2021-06-11 15:52:46.858 | INFO     | slp.util.system:print_separator:81 - --------------------------------------------------
2021-06-11 15:52:46.860 | INFO     | slp.plbind.helpers:_run_early_stopping_check:27 - best score      0.5858726501464844
2021-06-11 15:52:46.861 | INFO     | slp.plbind.helpers:_run_early_stopping_check:28 - patience left   9              
2021-06-11 15:52:46.862 | INFO     | slp.util.system:print_separator:81 - ##################################################
2021-06-11 15:53:20.886 | INFO     | slp.plbind.module:log_to_console:478 - Epoch 7 Training results
2021-06-11 15:53:20.886 | INFO     | slp.util.system:print_separator:81 - --------------------------------------------------
2021-06-11 15:53:20.887 | INFO     | slp.plbind.module:log_to_console:484 - train_acc2      0.8336824178695679
2021-06-11 15:53:20.888 | INFO     | slp.plbind.module:log_to_console:484 - train_acc2_zero 0.7961105704307556
2021-06-11 15:53:20.888 | INFO     | slp.plbind.module:log_to_console:484 - train_acc5      0.536465585231781
2021-06-11 15:53:20.889 | INFO     | slp.plbind.module:log_to_console:484 - train_acc7      0.517568826675415
2021-06-11 15:53:20.889 | INFO     | slp.plbind.module:log_to_console:484 - train_f1        0.8315626978874207
2021-06-11 15:53:20.890 | INFO     | slp.plbind.module:log_to_console:484 - train_f1_zero   0.8006018400192261
2021-06-11 15:53:20.890 | INFO     | slp.plbind.module:log_to_console:484 - train_mae       0.5808433294296265
2021-06-11 15:53:20.891 | INFO     | slp.plbind.module:log_to_console:484 - train_loss      0.5808433294296265
2021-06-11 15:53:20.891 | INFO     | slp.util.system:print_separator:81 - %%%%%%%%%%%%%%%%%%%%%%%%%%%%%%%%%%%%%%%%%%%%%%%%%%
2021-06-11 15:53:22.826 | INFO     | slp.plbind.module:log_to_console:478 - Epoch 7 Validation results
2021-06-11 15:53:22.827 | INFO     | slp.util.system:print_separator:81 - --------------------------------------------------
2021-06-11 15:53:22.829 | INFO     | slp.plbind.module:log_to_console:484 - val_acc2        0.7986136078834534
2021-06-11 15:53:22.829 | INFO     | slp.plbind.module:log_to_console:484 - val_acc2_zero   0.7878531217575073
2021-06-11 15:53:22.830 | INFO     | slp.plbind.module:log_to_console:484 - val_acc5        0.5351341962814331
2021-06-11 15:53:22.831 | INFO     | slp.plbind.module:log_to_console:484 - val_acc7        0.5234816670417786
2021-06-11 15:53:22.832 | INFO     | slp.plbind.module:log_to_console:484 - val_f1          0.7848128080368042
2021-06-11 15:53:22.833 | INFO     | slp.plbind.module:log_to_console:484 - val_f1_zero     0.7829093337059021
2021-06-11 15:53:22.833 | INFO     | slp.plbind.module:log_to_console:484 - val_mae         0.5782485008239746
2021-06-11 15:53:22.834 | INFO     | slp.plbind.module:log_to_console:484 - val_loss        0.5782485008239746
2021-06-11 15:53:22.835 | INFO     | slp.plbind.module:log_to_console:484 - best_score      0.5858726501464844
2021-06-11 15:53:22.836 | INFO     | slp.util.system:print_separator:81 - %%%%%%%%%%%%%%%%%%%%%%%%%%%%%%%%%%%%%%%%%%%%%%%%%%
2021-06-11 15:53:22.838 | INFO     | slp.plbind.helpers:_run_early_stopping_check:25 - Epoch 7 Early Stopping
2021-06-11 15:53:22.839 | INFO     | slp.util.system:print_separator:81 - --------------------------------------------------
2021-06-11 15:53:22.840 | INFO     | slp.plbind.helpers:_run_early_stopping_check:27 - best score      0.5782485008239746
2021-06-11 15:53:22.840 | INFO     | slp.plbind.helpers:_run_early_stopping_check:28 - patience left   10             
2021-06-11 15:53:22.841 | INFO     | slp.util.system:print_separator:81 - ##################################################
2021-06-11 15:53:56.832 | INFO     | slp.plbind.module:log_to_console:478 - Epoch 8 Training results
2021-06-11 15:53:56.833 | INFO     | slp.util.system:print_separator:81 - --------------------------------------------------
2021-06-11 15:53:56.833 | INFO     | slp.plbind.module:log_to_console:484 - train_acc2      0.8414380550384521
2021-06-11 15:53:56.834 | INFO     | slp.plbind.module:log_to_console:484 - train_acc2_zero 0.8081842064857483
2021-06-11 15:53:56.834 | INFO     | slp.plbind.module:log_to_console:484 - train_acc5      0.5443544983863831
2021-06-11 15:53:56.835 | INFO     | slp.plbind.module:log_to_console:484 - train_acc7      0.5255800485610962
2021-06-11 15:53:56.835 | INFO     | slp.plbind.module:log_to_console:484 - train_f1        0.8388588428497314
2021-06-11 15:53:56.836 | INFO     | slp.plbind.module:log_to_console:484 - train_f1_zero   0.8113728761672974
2021-06-11 15:53:56.837 | INFO     | slp.plbind.module:log_to_console:484 - train_mae       0.5652958750724792
2021-06-11 15:53:56.837 | INFO     | slp.plbind.module:log_to_console:484 - train_loss      0.5652958750724792
2021-06-11 15:53:56.837 | INFO     | slp.util.system:print_separator:81 - %%%%%%%%%%%%%%%%%%%%%%%%%%%%%%%%%%%%%%%%%%%%%%%%%%
2021-06-11 15:53:58.724 | INFO     | slp.plbind.module:log_to_console:478 - Epoch 8 Validation results
2021-06-11 15:53:58.726 | INFO     | slp.util.system:print_separator:81 - --------------------------------------------------
2021-06-11 15:53:58.729 | INFO     | slp.plbind.module:log_to_console:484 - val_acc2        0.795440137386322
2021-06-11 15:53:58.731 | INFO     | slp.plbind.module:log_to_console:484 - val_acc2_zero   0.7953389883041382
2021-06-11 15:53:58.733 | INFO     | slp.plbind.module:log_to_console:484 - val_acc5        0.5361935496330261
2021-06-11 15:53:58.735 | INFO     | slp.plbind.module:log_to_console:484 - val_acc7        0.5150070786476135
2021-06-11 15:53:58.737 | INFO     | slp.plbind.module:log_to_console:484 - val_f1          0.7884770035743713
2021-06-11 15:53:58.739 | INFO     | slp.plbind.module:log_to_console:484 - val_f1_zero     0.795827329158783
2021-06-11 15:53:58.741 | INFO     | slp.plbind.module:log_to_console:484 - val_mae         0.6040887236595154
2021-06-11 15:53:58.743 | INFO     | slp.plbind.module:log_to_console:484 - val_loss        0.6040887236595154
2021-06-11 15:53:58.745 | INFO     | slp.plbind.module:log_to_console:484 - best_score      0.5782485008239746
2021-06-11 15:53:58.746 | INFO     | slp.util.system:print_separator:81 - %%%%%%%%%%%%%%%%%%%%%%%%%%%%%%%%%%%%%%%%%%%%%%%%%%
2021-06-11 15:53:58.750 | INFO     | slp.plbind.helpers:_run_early_stopping_check:25 - Epoch 8 Early Stopping
2021-06-11 15:53:58.751 | INFO     | slp.util.system:print_separator:81 - --------------------------------------------------
2021-06-11 15:53:58.753 | INFO     | slp.plbind.helpers:_run_early_stopping_check:27 - best score      0.5782485008239746
2021-06-11 15:53:58.754 | INFO     | slp.plbind.helpers:_run_early_stopping_check:28 - patience left   9              
2021-06-11 15:53:58.755 | INFO     | slp.util.system:print_separator:81 - ##################################################
2021-06-11 15:54:32.950 | INFO     | slp.plbind.module:log_to_console:478 - Epoch 9 Training results
2021-06-11 15:54:32.950 | INFO     | slp.util.system:print_separator:81 - --------------------------------------------------
2021-06-11 15:54:32.951 | INFO     | slp.plbind.module:log_to_console:484 - train_acc2      0.8396619558334351
2021-06-11 15:54:32.951 | INFO     | slp.plbind.module:log_to_console:484 - train_acc2_zero 0.8064718842506409
2021-06-11 15:54:32.952 | INFO     | slp.plbind.module:log_to_console:484 - train_acc5      0.5518765449523926
2021-06-11 15:54:32.953 | INFO     | slp.plbind.module:log_to_console:484 - train_acc7      0.5325517058372498
2021-06-11 15:54:32.953 | INFO     | slp.plbind.module:log_to_console:484 - train_f1        0.8371233940124512
2021-06-11 15:54:32.954 | INFO     | slp.plbind.module:log_to_console:484 - train_f1_zero   0.8100772500038147
2021-06-11 15:54:32.954 | INFO     | slp.plbind.module:log_to_console:484 - train_mae       0.5551793575286865
2021-06-11 15:54:32.955 | INFO     | slp.plbind.module:log_to_console:484 - train_loss      0.5551793575286865
2021-06-11 15:54:32.955 | INFO     | slp.util.system:print_separator:81 - %%%%%%%%%%%%%%%%%%%%%%%%%%%%%%%%%%%%%%%%%%%%%%%%%%
2021-06-11 15:54:34.912 | INFO     | slp.plbind.module:log_to_console:478 - Epoch 9 Validation results
2021-06-11 15:54:34.914 | INFO     | slp.util.system:print_separator:81 - --------------------------------------------------
2021-06-11 15:54:34.916 | INFO     | slp.plbind.module:log_to_console:484 - val_acc2        0.7918150424957275
2021-06-11 15:54:34.918 | INFO     | slp.plbind.module:log_to_console:484 - val_acc2_zero   0.8102401494979858
2021-06-11 15:54:34.921 | INFO     | slp.plbind.module:log_to_console:484 - val_acc5        0.5313559174537659
2021-06-11 15:54:34.923 | INFO     | slp.plbind.module:log_to_console:484 - val_acc7        0.5202330350875854
2021-06-11 15:54:34.926 | INFO     | slp.plbind.module:log_to_console:484 - val_f1          0.7714117765426636
2021-06-11 15:54:34.928 | INFO     | slp.plbind.module:log_to_console:484 - val_f1_zero     0.7970885038375854
2021-06-11 15:54:34.930 | INFO     | slp.plbind.module:log_to_console:484 - val_mae         0.5803199410438538
2021-06-11 15:54:34.932 | INFO     | slp.plbind.module:log_to_console:484 - val_loss        0.5803199410438538
2021-06-11 15:54:34.933 | INFO     | slp.plbind.module:log_to_console:484 - best_score      0.5782485008239746
2021-06-11 15:54:34.935 | INFO     | slp.util.system:print_separator:81 - %%%%%%%%%%%%%%%%%%%%%%%%%%%%%%%%%%%%%%%%%%%%%%%%%%
2021-06-11 15:54:34.939 | INFO     | slp.plbind.helpers:_run_early_stopping_check:25 - Epoch 9 Early Stopping
2021-06-11 15:54:34.941 | INFO     | slp.util.system:print_separator:81 - --------------------------------------------------
2021-06-11 15:54:34.942 | INFO     | slp.plbind.helpers:_run_early_stopping_check:27 - best score      0.5782485008239746
2021-06-11 15:54:34.943 | INFO     | slp.plbind.helpers:_run_early_stopping_check:28 - patience left   8              
2021-06-11 15:54:34.944 | INFO     | slp.util.system:print_separator:81 - ##################################################
2021-06-11 15:55:09.112 | INFO     | slp.plbind.module:log_to_console:478 - Epoch 10 Training results
2021-06-11 15:55:09.113 | INFO     | slp.util.system:print_separator:81 - --------------------------------------------------
2021-06-11 15:55:09.113 | INFO     | slp.plbind.module:log_to_console:484 - train_acc2      0.8454732894897461
2021-06-11 15:55:09.114 | INFO     | slp.plbind.module:log_to_console:484 - train_acc2_zero 0.8086123466491699
2021-06-11 15:55:09.115 | INFO     | slp.plbind.module:log_to_console:484 - train_acc5      0.564177393913269
2021-06-11 15:55:09.115 | INFO     | slp.plbind.module:log_to_console:484 - train_acc7      0.5435071587562561
2021-06-11 15:55:09.116 | INFO     | slp.plbind.module:log_to_console:484 - train_f1        0.8435831069946289
2021-06-11 15:55:09.116 | INFO     | slp.plbind.module:log_to_console:484 - train_f1_zero   0.8125917315483093
2021-06-11 15:55:09.117 | INFO     | slp.plbind.module:log_to_console:484 - train_mae       0.5382773280143738
2021-06-11 15:55:09.117 | INFO     | slp.plbind.module:log_to_console:484 - train_loss      0.5382773280143738
2021-06-11 15:55:09.118 | INFO     | slp.util.system:print_separator:81 - %%%%%%%%%%%%%%%%%%%%%%%%%%%%%%%%%%%%%%%%%%%%%%%%%%
2021-06-11 15:55:11.092 | INFO     | slp.plbind.module:log_to_console:478 - Epoch 10 Validation results
2021-06-11 15:55:11.094 | INFO     | slp.util.system:print_separator:81 - --------------------------------------------------
2021-06-11 15:55:11.096 | INFO     | slp.plbind.module:log_to_console:484 - val_acc2        0.7926912307739258
2021-06-11 15:55:11.098 | INFO     | slp.plbind.module:log_to_console:484 - val_acc2_zero   0.787994384765625
2021-06-11 15:55:11.100 | INFO     | slp.plbind.module:log_to_console:484 - val_acc5        0.5462570786476135
2021-06-11 15:55:11.102 | INFO     | slp.plbind.module:log_to_console:484 - val_acc7        0.5308969020843506
2021-06-11 15:55:11.104 | INFO     | slp.plbind.module:log_to_console:484 - val_f1          0.7851812839508057
2021-06-11 15:55:11.106 | INFO     | slp.plbind.module:log_to_console:484 - val_f1_zero     0.7875815033912659
2021-06-11 15:55:11.108 | INFO     | slp.plbind.module:log_to_console:484 - val_mae         0.5741384625434875
2021-06-11 15:55:11.110 | INFO     | slp.plbind.module:log_to_console:484 - val_loss        0.5741384625434875
2021-06-11 15:55:11.112 | INFO     | slp.plbind.module:log_to_console:484 - best_score      0.5782485008239746
2021-06-11 15:55:11.147 | INFO     | slp.util.system:print_separator:81 - %%%%%%%%%%%%%%%%%%%%%%%%%%%%%%%%%%%%%%%%%%%%%%%%%%
2021-06-11 15:55:11.151 | INFO     | slp.plbind.helpers:_run_early_stopping_check:25 - Epoch 10 Early Stopping
2021-06-11 15:55:11.152 | INFO     | slp.util.system:print_separator:81 - --------------------------------------------------
2021-06-11 15:55:11.153 | INFO     | slp.plbind.helpers:_run_early_stopping_check:27 - best score      0.5741384625434875
2021-06-11 15:55:11.154 | INFO     | slp.plbind.helpers:_run_early_stopping_check:28 - patience left   10             
2021-06-11 15:55:11.154 | INFO     | slp.util.system:print_separator:81 - ##################################################
2021-06-11 15:55:45.029 | INFO     | slp.plbind.module:log_to_console:478 - Epoch 11 Training results
2021-06-11 15:55:45.029 | INFO     | slp.util.system:print_separator:81 - --------------------------------------------------
2021-06-11 15:55:45.030 | INFO     | slp.plbind.module:log_to_console:484 - train_acc2      0.85440593957901
2021-06-11 15:55:45.031 | INFO     | slp.plbind.module:log_to_console:484 - train_acc2_zero 0.8180301189422607
2021-06-11 15:55:45.031 | INFO     | slp.plbind.module:log_to_console:484 - train_acc5      0.5743202567100525
2021-06-11 15:55:45.031 | INFO     | slp.plbind.module:log_to_console:484 - train_acc7      0.5524269342422485
2021-06-11 15:55:45.032 | INFO     | slp.plbind.module:log_to_console:484 - train_f1        0.8524561524391174
2021-06-11 15:55:45.032 | INFO     | slp.plbind.module:log_to_console:484 - train_f1_zero   0.8216292858123779
2021-06-11 15:55:45.032 | INFO     | slp.plbind.module:log_to_console:484 - train_mae       0.529721736907959
2021-06-11 15:55:45.033 | INFO     | slp.plbind.module:log_to_console:484 - train_loss      0.529721736907959
2021-06-11 15:55:45.033 | INFO     | slp.util.system:print_separator:81 - %%%%%%%%%%%%%%%%%%%%%%%%%%%%%%%%%%%%%%%%%%%%%%%%%%
2021-06-11 15:55:46.877 | INFO     | slp.plbind.module:log_to_console:478 - Epoch 11 Validation results
2021-06-11 15:55:46.879 | INFO     | slp.util.system:print_separator:81 - --------------------------------------------------
2021-06-11 15:55:46.881 | INFO     | slp.plbind.module:log_to_console:484 - val_acc2        0.7745195031166077
2021-06-11 15:55:46.883 | INFO     | slp.plbind.module:log_to_console:484 - val_acc2_zero   0.7383827567100525
2021-06-11 15:55:46.885 | INFO     | slp.plbind.module:log_to_console:484 - val_acc5        0.5361229181289673
2021-06-11 15:55:46.887 | INFO     | slp.plbind.module:log_to_console:484 - val_acc7        0.5287076234817505
2021-06-11 15:55:46.888 | INFO     | slp.plbind.module:log_to_console:484 - val_f1          0.7823286652565002
2021-06-11 15:55:46.890 | INFO     | slp.plbind.module:log_to_console:484 - val_f1_zero     0.7559134364128113
2021-06-11 15:55:46.891 | INFO     | slp.plbind.module:log_to_console:484 - val_mae         0.5923737287521362
2021-06-11 15:55:46.893 | INFO     | slp.plbind.module:log_to_console:484 - val_loss        0.5923737287521362
2021-06-11 15:55:46.895 | INFO     | slp.plbind.module:log_to_console:484 - best_score      0.5741384029388428
2021-06-11 15:55:46.896 | INFO     | slp.util.system:print_separator:81 - %%%%%%%%%%%%%%%%%%%%%%%%%%%%%%%%%%%%%%%%%%%%%%%%%%
2021-06-11 15:55:46.899 | INFO     | slp.plbind.helpers:_run_early_stopping_check:25 - Epoch 11 Early Stopping
2021-06-11 15:55:46.901 | INFO     | slp.util.system:print_separator:81 - --------------------------------------------------
2021-06-11 15:55:46.902 | INFO     | slp.plbind.helpers:_run_early_stopping_check:27 - best score      0.5741384625434875
2021-06-11 15:55:46.903 | INFO     | slp.plbind.helpers:_run_early_stopping_check:28 - patience left   9              
2021-06-11 15:55:46.904 | INFO     | slp.util.system:print_separator:81 - ##################################################
2021-06-11 15:56:20.745 | INFO     | slp.plbind.module:log_to_console:478 - Epoch 12 Training results
2021-06-11 15:56:20.746 | INFO     | slp.util.system:print_separator:81 - --------------------------------------------------
2021-06-11 15:56:20.746 | INFO     | slp.plbind.module:log_to_console:484 - train_acc2      0.8540183305740356
2021-06-11 15:56:20.747 | INFO     | slp.plbind.module:log_to_console:484 - train_acc2_zero 0.8161605596542358
2021-06-11 15:56:20.747 | INFO     | slp.plbind.module:log_to_console:484 - train_acc5      0.5751502513885498
2021-06-11 15:56:20.748 | INFO     | slp.plbind.module:log_to_console:484 - train_acc7      0.5526453852653503
2021-06-11 15:56:20.749 | INFO     | slp.plbind.module:log_to_console:484 - train_f1        0.852224588394165
2021-06-11 15:56:20.749 | INFO     | slp.plbind.module:log_to_console:484 - train_f1_zero   0.8200660943984985
2021-06-11 15:56:20.750 | INFO     | slp.plbind.module:log_to_console:484 - train_mae       0.5225942134857178
2021-06-11 15:56:20.750 | INFO     | slp.plbind.module:log_to_console:484 - train_loss      0.5225942134857178
2021-06-11 15:56:20.751 | INFO     | slp.util.system:print_separator:81 - %%%%%%%%%%%%%%%%%%%%%%%%%%%%%%%%%%%%%%%%%%%%%%%%%%
2021-06-11 15:56:22.691 | INFO     | slp.plbind.module:log_to_console:478 - Epoch 12 Validation results
2021-06-11 15:56:22.692 | INFO     | slp.util.system:print_separator:81 - --------------------------------------------------
2021-06-11 15:56:22.693 | INFO     | slp.plbind.module:log_to_console:484 - val_acc2        0.7489001154899597
2021-06-11 15:56:22.694 | INFO     | slp.plbind.module:log_to_console:484 - val_acc2_zero   0.7050141096115112
2021-06-11 15:56:22.695 | INFO     | slp.plbind.module:log_to_console:484 - val_acc5        0.5302966237068176
2021-06-11 15:56:22.696 | INFO     | slp.plbind.module:log_to_console:484 - val_acc7        0.5191737413406372
2021-06-11 15:56:22.697 | INFO     | slp.plbind.module:log_to_console:484 - val_f1          0.7549943923950195
2021-06-11 15:56:22.698 | INFO     | slp.plbind.module:log_to_console:484 - val_f1_zero     0.7227577567100525
2021-06-11 15:56:22.698 | INFO     | slp.plbind.module:log_to_console:484 - val_mae         0.6051880717277527
2021-06-11 15:56:22.700 | INFO     | slp.plbind.module:log_to_console:484 - val_loss        0.6051880717277527
2021-06-11 15:56:22.701 | INFO     | slp.plbind.module:log_to_console:484 - best_score      0.5741384029388428
2021-06-11 15:56:22.701 | INFO     | slp.util.system:print_separator:81 - %%%%%%%%%%%%%%%%%%%%%%%%%%%%%%%%%%%%%%%%%%%%%%%%%%
2021-06-11 15:56:22.704 | INFO     | slp.plbind.helpers:_run_early_stopping_check:25 - Epoch 12 Early Stopping
2021-06-11 15:56:22.705 | INFO     | slp.util.system:print_separator:81 - --------------------------------------------------
2021-06-11 15:56:22.706 | INFO     | slp.plbind.helpers:_run_early_stopping_check:27 - best score      0.5741384625434875
2021-06-11 15:56:22.707 | INFO     | slp.plbind.helpers:_run_early_stopping_check:28 - patience left   8              
2021-06-11 15:56:22.708 | INFO     | slp.util.system:print_separator:81 - ##################################################
2021-06-11 15:56:56.351 | INFO     | slp.plbind.module:log_to_console:478 - Epoch 13 Training results
2021-06-11 15:56:56.351 | INFO     | slp.util.system:print_separator:81 - --------------------------------------------------
2021-06-11 15:56:56.352 | INFO     | slp.plbind.module:log_to_console:484 - train_acc2      0.8561741709709167
2021-06-11 15:56:56.353 | INFO     | slp.plbind.module:log_to_console:484 - train_acc2_zero 0.8207820653915405
2021-06-11 15:56:56.353 | INFO     | slp.plbind.module:log_to_console:484 - train_acc5      0.5840089917182922
2021-06-11 15:56:56.354 | INFO     | slp.plbind.module:log_to_console:484 - train_acc7      0.5622990727424622
2021-06-11 15:56:56.355 | INFO     | slp.plbind.module:log_to_console:484 - train_f1        0.8527560830116272
2021-06-11 15:56:56.355 | INFO     | slp.plbind.module:log_to_console:484 - train_f1_zero   0.8228825330734253
2021-06-11 15:56:56.356 | INFO     | slp.plbind.module:log_to_console:484 - train_mae       0.5092390179634094
2021-06-11 15:56:56.356 | INFO     | slp.plbind.module:log_to_console:484 - train_loss      0.5092390179634094
2021-06-11 15:56:56.357 | INFO     | slp.util.system:print_separator:81 - %%%%%%%%%%%%%%%%%%%%%%%%%%%%%%%%%%%%%%%%%%%%%%%%%%
2021-06-11 15:56:58.405 | INFO     | slp.plbind.module:log_to_console:478 - Epoch 13 Validation results
2021-06-11 15:56:58.407 | INFO     | slp.util.system:print_separator:81 - --------------------------------------------------
2021-06-11 15:56:58.410 | INFO     | slp.plbind.module:log_to_console:484 - val_acc2        0.7948136329650879
2021-06-11 15:56:58.412 | INFO     | slp.plbind.module:log_to_console:484 - val_acc2_zero   0.7728813290596008
2021-06-11 15:56:58.414 | INFO     | slp.plbind.module:log_to_console:484 - val_acc5        0.5355932116508484
2021-06-11 15:56:58.416 | INFO     | slp.plbind.module:log_to_console:484 - val_acc7        0.5276483297348022
2021-06-11 15:56:58.418 | INFO     | slp.plbind.module:log_to_console:484 - val_f1          0.7980514764785767
2021-06-11 15:56:58.419 | INFO     | slp.plbind.module:log_to_console:484 - val_f1_zero     0.7842546701431274
2021-06-11 15:56:58.421 | INFO     | slp.plbind.module:log_to_console:484 - val_mae         0.5759170651435852
2021-06-11 15:56:58.422 | INFO     | slp.plbind.module:log_to_console:484 - val_loss        0.5759170651435852
2021-06-11 15:56:58.424 | INFO     | slp.plbind.module:log_to_console:484 - best_score      0.5741384029388428
2021-06-11 15:56:58.425 | INFO     | slp.util.system:print_separator:81 - %%%%%%%%%%%%%%%%%%%%%%%%%%%%%%%%%%%%%%%%%%%%%%%%%%
2021-06-11 15:56:58.429 | INFO     | slp.plbind.helpers:_run_early_stopping_check:25 - Epoch 13 Early Stopping
2021-06-11 15:56:58.430 | INFO     | slp.util.system:print_separator:81 - --------------------------------------------------
2021-06-11 15:56:58.432 | INFO     | slp.plbind.helpers:_run_early_stopping_check:27 - best score      0.5741384625434875
2021-06-11 15:56:58.433 | INFO     | slp.plbind.helpers:_run_early_stopping_check:28 - patience left   7              
2021-06-11 15:56:58.434 | INFO     | slp.util.system:print_separator:81 - ##################################################
2021-06-11 15:57:32.267 | INFO     | slp.plbind.module:log_to_console:478 - Epoch 14 Training results
2021-06-11 15:57:32.268 | INFO     | slp.util.system:print_separator:81 - --------------------------------------------------
2021-06-11 15:57:32.269 | INFO     | slp.plbind.module:log_to_console:484 - train_acc2      0.871070921421051
2021-06-11 15:57:32.269 | INFO     | slp.plbind.module:log_to_console:484 - train_acc2_zero 0.8294311165809631
2021-06-11 15:57:32.270 | INFO     | slp.plbind.module:log_to_console:484 - train_acc5      0.6175565719604492
2021-06-11 15:57:32.270 | INFO     | slp.plbind.module:log_to_console:484 - train_acc7      0.5931558609008789
2021-06-11 15:57:32.271 | INFO     | slp.plbind.module:log_to_console:484 - train_f1        0.8695449233055115
2021-06-11 15:57:32.271 | INFO     | slp.plbind.module:log_to_console:484 - train_f1_zero   0.8334527611732483
2021-06-11 15:57:32.272 | INFO     | slp.plbind.module:log_to_console:484 - train_mae       0.46690747141838074
2021-06-11 15:57:32.272 | INFO     | slp.plbind.module:log_to_console:484 - train_loss      0.46690747141838074
2021-06-11 15:57:32.273 | INFO     | slp.util.system:print_separator:81 - %%%%%%%%%%%%%%%%%%%%%%%%%%%%%%%%%%%%%%%%%%%%%%%%%%
2021-06-11 15:57:34.119 | INFO     | slp.plbind.module:log_to_console:478 - Epoch 14 Validation results
2021-06-11 15:57:34.121 | INFO     | slp.util.system:print_separator:81 - --------------------------------------------------
2021-06-11 15:57:34.123 | INFO     | slp.plbind.module:log_to_console:484 - val_acc2        0.7904202938079834
2021-06-11 15:57:34.125 | INFO     | slp.plbind.module:log_to_console:484 - val_acc2_zero   0.793079137802124
2021-06-11 15:57:34.127 | INFO     | slp.plbind.module:log_to_console:484 - val_acc5        0.5340749025344849
2021-06-11 15:57:34.129 | INFO     | slp.plbind.module:log_to_console:484 - val_acc7        0.5224223136901855
2021-06-11 15:57:34.130 | INFO     | slp.plbind.module:log_to_console:484 - val_f1          0.789120614528656
2021-06-11 15:57:34.132 | INFO     | slp.plbind.module:log_to_console:484 - val_f1_zero     0.7979783415794373
2021-06-11 15:57:34.133 | INFO     | slp.plbind.module:log_to_console:484 - val_mae         0.5796697735786438
2021-06-11 15:57:34.134 | INFO     | slp.plbind.module:log_to_console:484 - val_loss        0.5796697735786438
2021-06-11 15:57:34.136 | INFO     | slp.plbind.module:log_to_console:484 - best_score      0.5741384029388428
2021-06-11 15:57:34.137 | INFO     | slp.util.system:print_separator:81 - %%%%%%%%%%%%%%%%%%%%%%%%%%%%%%%%%%%%%%%%%%%%%%%%%%
2021-06-11 15:57:34.140 | INFO     | slp.plbind.helpers:_run_early_stopping_check:25 - Epoch 14 Early Stopping
2021-06-11 15:57:34.141 | INFO     | slp.util.system:print_separator:81 - --------------------------------------------------
2021-06-11 15:57:34.142 | INFO     | slp.plbind.helpers:_run_early_stopping_check:27 - best score      0.5741384625434875
2021-06-11 15:57:34.143 | INFO     | slp.plbind.helpers:_run_early_stopping_check:28 - patience left   6              
2021-06-11 15:57:34.145 | INFO     | slp.util.system:print_separator:81 - ##################################################
2021-06-11 15:58:07.417 | INFO     | slp.plbind.module:log_to_console:478 - Epoch 15 Training results
2021-06-11 15:58:07.418 | INFO     | slp.util.system:print_separator:81 - --------------------------------------------------
2021-06-11 15:58:07.419 | INFO     | slp.plbind.module:log_to_console:484 - train_acc2      0.8769700527191162
2021-06-11 15:58:07.419 | INFO     | slp.plbind.module:log_to_console:484 - train_acc2_zero 0.8370841145515442
2021-06-11 15:58:07.420 | INFO     | slp.plbind.module:log_to_console:484 - train_acc5      0.6316571235656738
2021-06-11 15:58:07.420 | INFO     | slp.plbind.module:log_to_console:484 - train_acc7      0.6076233983039856
2021-06-11 15:58:07.421 | INFO     | slp.plbind.module:log_to_console:484 - train_f1        0.875392735004425
2021-06-11 15:58:07.422 | INFO     | slp.plbind.module:log_to_console:484 - train_f1_zero   0.8407400250434875
2021-06-11 15:58:07.422 | INFO     | slp.plbind.module:log_to_console:484 - train_mae       0.456045925617218
2021-06-11 15:58:07.423 | INFO     | slp.plbind.module:log_to_console:484 - train_loss      0.456045925617218
2021-06-11 15:58:07.423 | INFO     | slp.util.system:print_separator:81 - %%%%%%%%%%%%%%%%%%%%%%%%%%%%%%%%%%%%%%%%%%%%%%%%%%
2021-06-11 15:58:09.360 | INFO     | slp.plbind.module:log_to_console:478 - Epoch 15 Validation results
2021-06-11 15:58:09.362 | INFO     | slp.util.system:print_separator:81 - --------------------------------------------------
2021-06-11 15:58:09.364 | INFO     | slp.plbind.module:log_to_console:484 - val_acc2        0.7764586210250854
2021-06-11 15:58:09.366 | INFO     | slp.plbind.module:log_to_console:484 - val_acc2_zero   0.7379236817359924
2021-06-11 15:58:09.368 | INFO     | slp.plbind.module:log_to_console:484 - val_acc5        0.5355225801467896
2021-06-11 15:58:09.370 | INFO     | slp.plbind.module:log_to_console:484 - val_acc7        0.5201624035835266
2021-06-11 15:58:09.373 | INFO     | slp.plbind.module:log_to_console:484 - val_f1          0.7820215821266174
2021-06-11 15:58:09.375 | INFO     | slp.plbind.module:log_to_console:484 - val_f1_zero     0.7529383301734924
2021-06-11 15:58:09.377 | INFO     | slp.plbind.module:log_to_console:484 - val_mae         0.594379723072052
2021-06-11 15:58:09.379 | INFO     | slp.plbind.module:log_to_console:484 - val_loss        0.594379723072052
2021-06-11 15:58:09.381 | INFO     | slp.plbind.module:log_to_console:484 - best_score      0.5741384029388428
2021-06-11 15:58:09.382 | INFO     | slp.util.system:print_separator:81 - %%%%%%%%%%%%%%%%%%%%%%%%%%%%%%%%%%%%%%%%%%%%%%%%%%
2021-06-11 15:58:09.387 | INFO     | slp.plbind.helpers:_run_early_stopping_check:25 - Epoch 15 Early Stopping
2021-06-11 15:58:09.388 | INFO     | slp.util.system:print_separator:81 - --------------------------------------------------
2021-06-11 15:58:09.390 | INFO     | slp.plbind.helpers:_run_early_stopping_check:27 - best score      0.5741384625434875
2021-06-11 15:58:09.391 | INFO     | slp.plbind.helpers:_run_early_stopping_check:28 - patience left   5              
2021-06-11 15:58:09.393 | INFO     | slp.util.system:print_separator:81 - ##################################################
2021-06-11 15:58:43.502 | INFO     | slp.plbind.module:log_to_console:478 - Epoch 16 Training results
2021-06-11 15:58:43.502 | INFO     | slp.util.system:print_separator:81 - --------------------------------------------------
2021-06-11 15:58:43.503 | INFO     | slp.plbind.module:log_to_console:484 - train_acc2      0.8760691285133362
2021-06-11 15:58:43.503 | INFO     | slp.plbind.module:log_to_console:484 - train_acc2_zero 0.8308114409446716
2021-06-11 15:58:43.504 | INFO     | slp.plbind.module:log_to_console:484 - train_acc5      0.6337101459503174
2021-06-11 15:58:43.505 | INFO     | slp.plbind.module:log_to_console:484 - train_acc7      0.6099821925163269
2021-06-11 15:58:43.505 | INFO     | slp.plbind.module:log_to_console:484 - train_f1        0.874843180179596
2021-06-11 15:58:43.506 | INFO     | slp.plbind.module:log_to_console:484 - train_f1_zero   0.8349162936210632
2021-06-11 15:58:43.506 | INFO     | slp.plbind.module:log_to_console:484 - train_mae       0.4459187984466553
2021-06-11 15:58:43.507 | INFO     | slp.plbind.module:log_to_console:484 - train_loss      0.4459187984466553
2021-06-11 15:58:43.507 | INFO     | slp.util.system:print_separator:81 - %%%%%%%%%%%%%%%%%%%%%%%%%%%%%%%%%%%%%%%%%%%%%%%%%%
2021-06-11 15:58:45.561 | INFO     | slp.plbind.module:log_to_console:478 - Epoch 16 Validation results
2021-06-11 15:58:45.562 | INFO     | slp.util.system:print_separator:81 - --------------------------------------------------
2021-06-11 15:58:45.563 | INFO     | slp.plbind.module:log_to_console:484 - val_acc2        0.7764126062393188
2021-06-11 15:58:45.564 | INFO     | slp.plbind.module:log_to_console:484 - val_acc2_zero   0.7840749025344849
2021-06-11 15:58:45.565 | INFO     | slp.plbind.module:log_to_console:484 - val_acc5        0.5387712121009827
2021-06-11 15:58:45.565 | INFO     | slp.plbind.module:log_to_console:484 - val_acc7        0.5250000357627869
2021-06-11 15:58:45.566 | INFO     | slp.plbind.module:log_to_console:484 - val_f1          0.7723221778869629
2021-06-11 15:58:45.567 | INFO     | slp.plbind.module:log_to_console:484 - val_f1_zero     0.7855933308601379
2021-06-11 15:58:45.568 | INFO     | slp.plbind.module:log_to_console:484 - val_mae         0.5844674110412598
2021-06-11 15:58:45.569 | INFO     | slp.plbind.module:log_to_console:484 - val_loss        0.5844674110412598
2021-06-11 15:58:45.570 | INFO     | slp.plbind.module:log_to_console:484 - best_score      0.5741384029388428
2021-06-11 15:58:45.571 | INFO     | slp.util.system:print_separator:81 - %%%%%%%%%%%%%%%%%%%%%%%%%%%%%%%%%%%%%%%%%%%%%%%%%%
2021-06-11 15:58:45.574 | INFO     | slp.plbind.helpers:_run_early_stopping_check:25 - Epoch 16 Early Stopping
2021-06-11 15:58:45.575 | INFO     | slp.util.system:print_separator:81 - --------------------------------------------------
2021-06-11 15:58:45.576 | INFO     | slp.plbind.helpers:_run_early_stopping_check:27 - best score      0.5741384625434875
2021-06-11 15:58:45.577 | INFO     | slp.plbind.helpers:_run_early_stopping_check:28 - patience left   4              
2021-06-11 15:58:45.577 | INFO     | slp.util.system:print_separator:81 - ##################################################
2021-06-11 15:59:19.257 | INFO     | slp.plbind.module:log_to_console:478 - Epoch 17 Training results
2021-06-11 15:59:19.257 | INFO     | slp.util.system:print_separator:81 - --------------------------------------------------
2021-06-11 15:59:19.258 | INFO     | slp.plbind.module:log_to_console:484 - train_acc2      0.87687748670578
2021-06-11 15:59:19.259 | INFO     | slp.plbind.module:log_to_console:484 - train_acc2_zero 0.8328906893730164
2021-06-11 15:59:19.259 | INFO     | slp.plbind.module:log_to_console:484 - train_acc5      0.6387423276901245
2021-06-11 15:59:19.260 | INFO     | slp.plbind.module:log_to_console:484 - train_acc7      0.6127166152000427
2021-06-11 15:59:19.260 | INFO     | slp.plbind.module:log_to_console:484 - train_f1        0.8756392002105713
2021-06-11 15:59:19.261 | INFO     | slp.plbind.module:log_to_console:484 - train_f1_zero   0.8371767401695251
2021-06-11 15:59:19.261 | INFO     | slp.plbind.module:log_to_console:484 - train_mae       0.43531331419944763
2021-06-11 15:59:19.262 | INFO     | slp.plbind.module:log_to_console:484 - train_loss      0.43531331419944763
2021-06-11 15:59:19.262 | INFO     | slp.util.system:print_separator:81 - %%%%%%%%%%%%%%%%%%%%%%%%%%%%%%%%%%%%%%%%%%%%%%%%%%
2021-06-11 15:59:21.134 | INFO     | slp.plbind.module:log_to_console:478 - Epoch 17 Validation results
2021-06-11 15:59:21.136 | INFO     | slp.util.system:print_separator:81 - --------------------------------------------------
2021-06-11 15:59:21.138 | INFO     | slp.plbind.module:log_to_console:484 - val_acc2        0.789800226688385
2021-06-11 15:59:21.140 | INFO     | slp.plbind.module:log_to_console:484 - val_acc2_zero   0.7787782549858093
2021-06-11 15:59:21.140 | INFO     | slp.plbind.module:log_to_console:484 - val_acc5        0.5393008589744568
2021-06-11 15:59:21.141 | INFO     | slp.plbind.module:log_to_console:484 - val_acc7        0.5250000357627869
2021-06-11 15:59:21.142 | INFO     | slp.plbind.module:log_to_console:484 - val_f1          0.792296290397644
2021-06-11 15:59:21.143 | INFO     | slp.plbind.module:log_to_console:484 - val_f1_zero     0.7881345748901367
2021-06-11 15:59:21.144 | INFO     | slp.plbind.module:log_to_console:484 - val_mae         0.5815945863723755
2021-06-11 15:59:21.144 | INFO     | slp.plbind.module:log_to_console:484 - val_loss        0.5815945863723755
2021-06-11 15:59:21.145 | INFO     | slp.plbind.module:log_to_console:484 - best_score      0.5741384029388428
2021-06-11 15:59:21.146 | INFO     | slp.util.system:print_separator:81 - %%%%%%%%%%%%%%%%%%%%%%%%%%%%%%%%%%%%%%%%%%%%%%%%%%
2021-06-11 15:59:21.147 | INFO     | slp.plbind.helpers:_run_early_stopping_check:25 - Epoch 17 Early Stopping
2021-06-11 15:59:21.148 | INFO     | slp.util.system:print_separator:81 - --------------------------------------------------
2021-06-11 15:59:21.149 | INFO     | slp.plbind.helpers:_run_early_stopping_check:27 - best score      0.5741384625434875
2021-06-11 15:59:21.150 | INFO     | slp.plbind.helpers:_run_early_stopping_check:28 - patience left   3              
2021-06-11 15:59:21.150 | INFO     | slp.util.system:print_separator:81 - ##################################################
2021-06-11 15:59:54.497 | INFO     | slp.plbind.module:log_to_console:478 - Epoch 18 Training results
2021-06-11 15:59:54.498 | INFO     | slp.util.system:print_separator:81 - --------------------------------------------------
2021-06-11 15:59:54.499 | INFO     | slp.plbind.module:log_to_console:484 - train_acc2      0.8819968104362488
2021-06-11 15:59:54.499 | INFO     | slp.plbind.module:log_to_console:484 - train_acc2_zero 0.8355814814567566
2021-06-11 15:59:54.500 | INFO     | slp.plbind.module:log_to_console:484 - train_acc5      0.6489288806915283
2021-06-11 15:59:54.500 | INFO     | slp.plbind.module:log_to_console:484 - train_acc7      0.6206754446029663
2021-06-11 15:59:54.501 | INFO     | slp.plbind.module:log_to_console:484 - train_f1        0.8806409239768982
2021-06-11 15:59:54.501 | INFO     | slp.plbind.module:log_to_console:484 - train_f1_zero   0.839666485786438
2021-06-11 15:59:54.502 | INFO     | slp.plbind.module:log_to_console:484 - train_mae       0.42771318554878235
2021-06-11 15:59:54.502 | INFO     | slp.plbind.module:log_to_console:484 - train_loss      0.42771318554878235
2021-06-11 15:59:54.503 | INFO     | slp.util.system:print_separator:81 - %%%%%%%%%%%%%%%%%%%%%%%%%%%%%%%%%%%%%%%%%%%%%%%%%%
2021-06-11 15:59:56.376 | INFO     | slp.plbind.module:log_to_console:478 - Epoch 18 Validation results
2021-06-11 15:59:56.379 | INFO     | slp.util.system:print_separator:81 - --------------------------------------------------
2021-06-11 15:59:56.381 | INFO     | slp.plbind.module:log_to_console:484 - val_acc2        0.7907364964485168
2021-06-11 15:59:56.383 | INFO     | slp.plbind.module:log_to_console:484 - val_acc2_zero   0.7974576354026794
2021-06-11 15:59:56.385 | INFO     | slp.plbind.module:log_to_console:484 - val_acc5        0.5218220353126526
2021-06-11 15:59:56.387 | INFO     | slp.plbind.module:log_to_console:484 - val_acc7        0.5069915056228638
2021-06-11 15:59:56.388 | INFO     | slp.plbind.module:log_to_console:484 - val_f1          0.7854821085929871
2021-06-11 15:59:56.390 | INFO     | slp.plbind.module:log_to_console:484 - val_f1_zero     0.7980531454086304
2021-06-11 15:59:56.391 | INFO     | slp.plbind.module:log_to_console:484 - val_mae         0.599050760269165
2021-06-11 15:59:56.393 | INFO     | slp.plbind.module:log_to_console:484 - val_loss        0.599050760269165
2021-06-11 15:59:56.394 | INFO     | slp.plbind.module:log_to_console:484 - best_score      0.5741384029388428
2021-06-11 15:59:56.396 | INFO     | slp.util.system:print_separator:81 - %%%%%%%%%%%%%%%%%%%%%%%%%%%%%%%%%%%%%%%%%%%%%%%%%%
2021-06-11 15:59:56.399 | INFO     | slp.plbind.helpers:_run_early_stopping_check:25 - Epoch 18 Early Stopping
2021-06-11 15:59:56.400 | INFO     | slp.util.system:print_separator:81 - --------------------------------------------------
2021-06-11 15:59:56.401 | INFO     | slp.plbind.helpers:_run_early_stopping_check:27 - best score      0.5741384625434875
2021-06-11 15:59:56.402 | INFO     | slp.plbind.helpers:_run_early_stopping_check:28 - patience left   2              
2021-06-11 15:59:56.403 | INFO     | slp.util.system:print_separator:81 - ##################################################
2021-06-11 16:00:30.538 | INFO     | slp.plbind.module:log_to_console:478 - Epoch 19 Training results
2021-06-11 16:00:30.538 | INFO     | slp.util.system:print_separator:81 - --------------------------------------------------
2021-06-11 16:00:30.539 | INFO     | slp.plbind.module:log_to_console:484 - train_acc2      0.8882825970649719
2021-06-11 16:00:30.540 | INFO     | slp.plbind.module:log_to_console:484 - train_acc2_zero 0.8402904272079468
2021-06-11 16:00:30.540 | INFO     | slp.plbind.module:log_to_console:484 - train_acc5      0.6672490835189819
2021-06-11 16:00:30.541 | INFO     | slp.plbind.module:log_to_console:484 - train_acc7      0.643031895160675
2021-06-11 16:00:30.541 | INFO     | slp.plbind.module:log_to_console:484 - train_f1        0.8866838812828064
2021-06-11 16:00:30.542 | INFO     | slp.plbind.module:log_to_console:484 - train_f1_zero   0.8446556329727173
2021-06-11 16:00:30.543 | INFO     | slp.plbind.module:log_to_console:484 - train_mae       0.40358465909957886
2021-06-11 16:00:30.543 | INFO     | slp.plbind.module:log_to_console:484 - train_loss      0.40358465909957886
2021-06-11 16:00:30.544 | INFO     | slp.util.system:print_separator:81 - %%%%%%%%%%%%%%%%%%%%%%%%%%%%%%%%%%%%%%%%%%%%%%%%%%
2021-06-11 16:00:32.539 | INFO     | slp.plbind.module:log_to_console:478 - Epoch 19 Validation results
2021-06-11 16:00:32.541 | INFO     | slp.util.system:print_separator:81 - --------------------------------------------------
2021-06-11 16:00:32.542 | INFO     | slp.plbind.module:log_to_console:484 - val_acc2        0.7794244289398193
2021-06-11 16:00:32.543 | INFO     | slp.plbind.module:log_to_console:484 - val_acc2_zero   0.7712217569351196
2021-06-11 16:00:32.544 | INFO     | slp.plbind.module:log_to_console:484 - val_acc5        0.5324152708053589
2021-06-11 16:00:32.546 | INFO     | slp.plbind.module:log_to_console:484 - val_acc7        0.5202330350875854
2021-06-11 16:00:32.547 | INFO     | slp.plbind.module:log_to_console:484 - val_f1          0.7841992378234863
2021-06-11 16:00:32.548 | INFO     | slp.plbind.module:log_to_console:484 - val_f1_zero     0.783070981502533
2021-06-11 16:00:32.548 | INFO     | slp.plbind.module:log_to_console:484 - val_mae         0.5845819115638733
2021-06-11 16:00:32.549 | INFO     | slp.plbind.module:log_to_console:484 - val_loss        0.5845819115638733
2021-06-11 16:00:32.550 | INFO     | slp.plbind.module:log_to_console:484 - best_score      0.5741384029388428
2021-06-11 16:00:32.551 | INFO     | slp.util.system:print_separator:81 - %%%%%%%%%%%%%%%%%%%%%%%%%%%%%%%%%%%%%%%%%%%%%%%%%%
2021-06-11 16:00:32.554 | INFO     | slp.plbind.helpers:_run_early_stopping_check:25 - Epoch 19 Early Stopping
2021-06-11 16:00:32.555 | INFO     | slp.util.system:print_separator:81 - --------------------------------------------------
2021-06-11 16:00:32.556 | INFO     | slp.plbind.helpers:_run_early_stopping_check:27 - best score      0.5741384625434875
2021-06-11 16:00:32.557 | INFO     | slp.plbind.helpers:_run_early_stopping_check:28 - patience left   1              
2021-06-11 16:00:32.559 | INFO     | slp.util.system:print_separator:81 - ##################################################
2021-06-11 16:01:06.238 | INFO     | slp.plbind.module:log_to_console:478 - Epoch 20 Training results
2021-06-11 16:01:06.239 | INFO     | slp.util.system:print_separator:81 - --------------------------------------------------
2021-06-11 16:01:06.240 | INFO     | slp.plbind.module:log_to_console:484 - train_acc2      0.8917736411094666
2021-06-11 16:01:06.240 | INFO     | slp.plbind.module:log_to_console:484 - train_acc2_zero 0.8392769694328308
2021-06-11 16:01:06.241 | INFO     | slp.plbind.module:log_to_console:484 - train_acc5      0.6746837496757507
2021-06-11 16:01:06.242 | INFO     | slp.plbind.module:log_to_console:484 - train_acc7      0.6494268774986267
2021-06-11 16:01:06.242 | INFO     | slp.plbind.module:log_to_console:484 - train_f1        0.8909941911697388
2021-06-11 16:01:06.243 | INFO     | slp.plbind.module:log_to_console:484 - train_f1_zero   0.844083309173584
2021-06-11 16:01:06.243 | INFO     | slp.plbind.module:log_to_console:484 - train_mae       0.3953116238117218
2021-06-11 16:01:06.244 | INFO     | slp.plbind.module:log_to_console:484 - train_loss      0.3953116238117218
2021-06-11 16:01:06.244 | INFO     | slp.util.system:print_separator:81 - %%%%%%%%%%%%%%%%%%%%%%%%%%%%%%%%%%%%%%%%%%%%%%%%%%
2021-06-11 16:01:08.194 | INFO     | slp.plbind.module:log_to_console:478 - Epoch 20 Validation results
2021-06-11 16:01:08.195 | INFO     | slp.util.system:print_separator:81 - --------------------------------------------------
2021-06-11 16:01:08.196 | INFO     | slp.plbind.module:log_to_console:484 - val_acc2        0.7728562355041504
2021-06-11 16:01:08.197 | INFO     | slp.plbind.module:log_to_console:484 - val_acc2_zero   0.7554025053977966
2021-06-11 16:01:08.198 | INFO     | slp.plbind.module:log_to_console:484 - val_acc5        0.522810697555542
2021-06-11 16:01:08.199 | INFO     | slp.plbind.module:log_to_console:484 - val_acc7        0.5111581683158875
2021-06-11 16:01:08.200 | INFO     | slp.plbind.module:log_to_console:484 - val_f1          0.7799060344696045
2021-06-11 16:01:08.200 | INFO     | slp.plbind.module:log_to_console:484 - val_f1_zero     0.7707906365394592
2021-06-11 16:01:08.201 | INFO     | slp.plbind.module:log_to_console:484 - val_mae         0.5891525745391846
2021-06-11 16:01:08.202 | INFO     | slp.plbind.module:log_to_console:484 - val_loss        0.5891525745391846
2021-06-11 16:01:08.203 | INFO     | slp.plbind.module:log_to_console:484 - best_score      0.5741384029388428
2021-06-11 16:01:08.204 | INFO     | slp.util.system:print_separator:81 - %%%%%%%%%%%%%%%%%%%%%%%%%%%%%%%%%%%%%%%%%%%%%%%%%%
2021-06-11 16:01:08.206 | INFO     | slp.plbind.helpers:_run_early_stopping_check:25 - Epoch 20 Early Stopping
2021-06-11 16:01:08.207 | INFO     | slp.util.system:print_separator:81 - --------------------------------------------------
2021-06-11 16:01:08.208 | INFO     | slp.plbind.helpers:_run_early_stopping_check:27 - best score      0.5741384625434875
2021-06-11 16:01:08.209 | INFO     | slp.plbind.helpers:_run_early_stopping_check:28 - patience left   0              
2021-06-11 16:01:08.209 | INFO     | slp.plbind.helpers:_run_early_stopping_check:33 - Stopping due to early stopping
2021-06-11 16:01:08.210 | INFO     | slp.util.system:print_separator:81 - ##################################################
2021-06-11 16:01:08.300 | INFO     | pytorch_lightning.profiler.profilers:describe:96 - 

Profiler Report

Action                             	|  Mean duration (s)	|Num calls      	|  Total time (s) 	|  Percentage %   	|
------------------------------------------------------------------------------------------------------------------------------------
Total                              	|  -              	|_              	|  720.08         	|  100 %          	|
------------------------------------------------------------------------------------------------------------------------------------
run_training_epoch                 	|  35.829         	|20             	|  716.57         	|  99.513         	|
run_training_batch                 	|  0.063878       	|10220          	|  652.84         	|  90.662         	|
optimizer_step_and_closure_0       	|  0.06146        	|10220          	|  628.12         	|  87.23          	|
training_step_and_backward         	|  0.051436       	|10220          	|  525.68         	|  73.002         	|
model_forward                      	|  0.029604       	|10220          	|  302.56         	|  42.017         	|
training_step                      	|  0.029369       	|10220          	|  300.15         	|  41.683         	|
model_backward                     	|  0.021582       	|10220          	|  220.57         	|  30.631         	|
evaluation_step_and_end            	|  0.027353       	|1182           	|  32.331         	|  4.4899         	|
validation_step                    	|  0.027209       	|1182           	|  32.161         	|  4.4663         	|
get_train_batch                    	|  0.00047996     	|10220          	|  4.9052         	|  0.6812         	|
on_train_batch_end                 	|  0.00014349     	|10220          	|  1.4665         	|  0.20366        	|
on_train_batch_start               	|  0.00012837     	|10220          	|  1.3119         	|  0.18219        	|
cache_result                       	|  1.8715e-05     	|54875          	|  1.027          	|  0.14262        	|
on_validation_end                  	|  0.016435       	|21             	|  0.34513        	|  0.04793        	|
on_after_backward                  	|  3.0896e-05     	|10220          	|  0.31576        	|  0.04385        	|
on_before_zero_grad                	|  2.741e-05      	|10220          	|  0.28013        	|  0.038903       	|
on_batch_start                     	|  2.4843e-05     	|10220          	|  0.2539         	|  0.03526        	|
on_batch_end                       	|  1.7737e-05     	|10220          	|  0.18127        	|  0.025174       	|
on_validation_batch_end            	|  8.786e-05      	|1182           	|  0.10385        	|  0.014422       	|
training_step_end                  	|  9.0845e-06     	|10220          	|  0.092844       	|  0.012893       	|
on_train_end                       	|  0.036175       	|1              	|  0.036175       	|  0.0050238      	|
on_validation_batch_start          	|  1.4256e-05     	|1182           	|  0.016851       	|  0.0023401      	|
on_epoch_start                     	|  0.00082118     	|20             	|  0.016424       	|  0.0022808      	|
validation_step_end                	|  1.2564e-05     	|1182           	|  0.014851       	|  0.0020624      	|
on_validation_start                	|  0.00064622     	|21             	|  0.013571       	|  0.0018846      	|
on_train_start                     	|  0.0020088      	|1              	|  0.0020088      	|  0.00027897     	|
on_epoch_end                       	|  1.4319e-05     	|41             	|  0.00058706     	|  8.1527e-05     	|
on_train_epoch_end                 	|  2.8333e-05     	|20             	|  0.00056667     	|  7.8695e-05     	|
on_validation_epoch_end            	|  2.372e-05      	|21             	|  0.00049813     	|  6.9177e-05     	|
on_validation_epoch_start          	|  1.7439e-05     	|21             	|  0.00036621     	|  5.0857e-05     	|
on_train_epoch_start               	|  1.7467e-05     	|20             	|  0.00034935     	|  4.8515e-05     	|
on_fit_start                       	|  2.2287e-05     	|1              	|  2.2287e-05     	|  3.0951e-06     	|
on_before_accelerator_backend_setup	|  8.758e-06      	|1              	|  8.758e-06      	|  1.2163e-06     	|

