2021-06-11 15:32:33.605 | INFO     | slp.util.log:configure_logging:84 - Log file will be saved in logs/table2-run2.20210611-153233.log
2021-06-11 15:32:34.446 | INFO     | slp.plbind.dm:setup:159 - Using provided validation set
2021-06-11 15:32:34.447 | INFO     | slp.plbind.dm:setup:162 - Using provided test set
2021-06-11 15:32:34.447 | INFO     | slp.plbind.dm:setup:212 - Using 16327 samples for training
2021-06-11 15:32:34.447 | INFO     | slp.plbind.dm:setup:213 - Using 1871 samples for validation
2021-06-11 15:32:34.447 | INFO     | slp.plbind.dm:setup:216 - Using 4662 samples for testing
2021-06-11 15:32:34.467 | INFO     | slp.plbind.trainer:make_trainer:428 - Logs will be saved in rnn-m3-0.25-text-0.6/table2-run2
2021-06-11 15:32:34.468 | INFO     | slp.plbind.trainer:make_trainer:429 - Logs will be saved in rnn-m3-0.25-text-0.6/table2-run2/20210611-153234/checkpoints
2021-06-11 15:32:34.501 | INFO     | slp.plbind.trainer:make_trainer:461 - Configured wandb and CSV loggers.
2021-06-11 15:32:34.502 | INFO     | slp.plbind.trainer:make_trainer:462 - Wandb configured to run table2-run2/20210611-153234 in project table2-run2
2021-06-11 15:32:34.502 | INFO     | slp.plbind.trainer:make_trainer:467 - Results will be stored online.
2021-06-11 15:32:34.503 | INFO     | slp.plbind.trainer:make_trainer:475 - Experiment verbose description:
MOSEI RNN-baseline with M3 and higher text drop probability

Tags:['mosei', 'rnn-baseline', 'm3', 'regularization']
2021-06-11 15:32:34.505 | INFO     | slp.plbind.trainer:make_trainer:496 - Configured Early stopping and Model checkpointing to track val_loss
2021-06-11 15:32:34.525 | INFO     | pytorch_lightning.utilities.distributed:_info:54 - GPU available: True, used: True
2021-06-11 15:32:34.525 | INFO     | pytorch_lightning.utilities.distributed:_info:54 - TPU available: None, using: 0 TPU cores
2021-06-11 15:32:35.350 | INFO     | slp.plbind.trainer:watch_model:613 - Tracking model weights & gradients in wandb.
2021-06-11 15:32:35.351 | INFO     | pytorch_lightning.accelerators.gpu:set_nvidia_flags:40 - LOCAL_RANK: 0 - CUDA_VISIBLE_DEVICES: [3]
2021-06-11 15:32:37.817 | INFO     | pytorch_lightning.core.lightning:summarize:1457 - 
  | Name          | Type                            | Params
------------------------------------------------------------------
0 | model         | AudioVisualTextMaskedClassifier | 1.6 M 
1 | criterion     | L1Loss                          | 0     
2 | train_metrics | ModuleDict                      | 0     
3 | val_metrics   | ModuleDict                      | 0     
4 | test_metrics  | ModuleDict                      | 0     
------------------------------------------------------------------
1.6 M     Trainable params
0         Non-trainable params
1.6 M     Total params
6.535     Total estimated model params size (MB)
2021-06-11 15:32:38.039 | INFO     | slp.plbind.module:log_to_console:478 - Epoch 1 Validation results
2021-06-11 15:32:38.040 | INFO     | slp.util.system:print_separator:81 - --------------------------------------------------
2021-06-11 15:32:38.042 | INFO     | slp.plbind.module:log_to_console:484 - val_acc2        0.4905303120613098
2021-06-11 15:32:38.044 | INFO     | slp.plbind.module:log_to_console:484 - val_acc2_zero   0.359375       
2021-06-11 15:32:38.045 | INFO     | slp.plbind.module:log_to_console:484 - val_acc5        0.078125       
2021-06-11 15:32:38.046 | INFO     | slp.plbind.module:log_to_console:484 - val_acc7        0.0            
2021-06-11 15:32:38.048 | INFO     | slp.plbind.module:log_to_console:484 - val_f1          0.35214078426361084
2021-06-11 15:32:38.049 | INFO     | slp.plbind.module:log_to_console:484 - val_f1_zero     0.21391648054122925
2021-06-11 15:32:38.050 | INFO     | slp.plbind.module:log_to_console:484 - val_mae         7.858741283416748
2021-06-11 15:32:38.051 | INFO     | slp.plbind.module:log_to_console:484 - val_loss        7.858741283416748
2021-06-11 15:32:38.052 | INFO     | slp.plbind.module:log_to_console:484 - best_score      inf            
2021-06-11 15:32:38.052 | INFO     | slp.util.system:print_separator:81 - %%%%%%%%%%%%%%%%%%%%%%%%%%%%%%%%%%%%%%%%%%%%%%%%%%
2021-06-11 15:33:11.776 | INFO     | slp.plbind.module:log_to_console:478 - Epoch 1 Training results
2021-06-11 15:33:11.777 | INFO     | slp.util.system:print_separator:81 - --------------------------------------------------
2021-06-11 15:33:11.777 | INFO     | slp.plbind.module:log_to_console:484 - train_acc2      0.6829817891120911
2021-06-11 15:33:11.778 | INFO     | slp.plbind.module:log_to_console:484 - train_acc2_zero 0.662479043006897
2021-06-11 15:33:11.779 | INFO     | slp.plbind.module:log_to_console:484 - train_acc5      0.3877900242805481
2021-06-11 15:33:11.779 | INFO     | slp.plbind.module:log_to_console:484 - train_acc7      0.3816134035587311
2021-06-11 15:33:11.780 | INFO     | slp.plbind.module:log_to_console:484 - train_f1        0.6645106077194214
2021-06-11 15:33:11.780 | INFO     | slp.plbind.module:log_to_console:484 - train_f1_zero   0.6545547246932983
2021-06-11 15:33:11.781 | INFO     | slp.plbind.module:log_to_console:484 - train_mae       0.9906688928604126
2021-06-11 15:33:11.781 | INFO     | slp.plbind.module:log_to_console:484 - train_loss      0.9906688928604126
2021-06-11 15:33:11.782 | INFO     | slp.util.system:print_separator:81 - %%%%%%%%%%%%%%%%%%%%%%%%%%%%%%%%%%%%%%%%%%%%%%%%%%
2021-06-11 15:33:13.592 | INFO     | slp.plbind.module:log_to_console:478 - Epoch 1 Validation results
2021-06-11 15:33:13.594 | INFO     | slp.util.system:print_separator:81 - --------------------------------------------------
2021-06-11 15:33:13.596 | INFO     | slp.plbind.module:log_to_console:484 - val_acc2        0.7745062708854675
2021-06-11 15:33:13.598 | INFO     | slp.plbind.module:log_to_console:484 - val_acc2_zero   0.7518361806869507
2021-06-11 15:33:13.600 | INFO     | slp.plbind.module:log_to_console:484 - val_acc5        0.46024012565612793
2021-06-11 15:33:13.602 | INFO     | slp.plbind.module:log_to_console:484 - val_acc7        0.4586511254310608
2021-06-11 15:33:13.603 | INFO     | slp.plbind.module:log_to_console:484 - val_f1          0.7647027373313904
2021-06-11 15:33:13.604 | INFO     | slp.plbind.module:log_to_console:484 - val_f1_zero     0.7523643374443054
2021-06-11 15:33:13.606 | INFO     | slp.plbind.module:log_to_console:484 - val_mae         0.6558473110198975
2021-06-11 15:33:13.607 | INFO     | slp.plbind.module:log_to_console:484 - val_loss        0.6558473110198975
2021-06-11 15:33:13.609 | INFO     | slp.plbind.module:log_to_console:484 - best_score      inf            
2021-06-11 15:33:13.610 | INFO     | slp.util.system:print_separator:81 - %%%%%%%%%%%%%%%%%%%%%%%%%%%%%%%%%%%%%%%%%%%%%%%%%%
2021-06-11 15:33:13.613 | INFO     | slp.plbind.helpers:_run_early_stopping_check:25 - Epoch 1 Early Stopping
2021-06-11 15:33:13.614 | INFO     | slp.util.system:print_separator:81 - --------------------------------------------------
2021-06-11 15:33:13.615 | INFO     | slp.plbind.helpers:_run_early_stopping_check:27 - best score      0.6558473110198975
2021-06-11 15:33:13.616 | INFO     | slp.plbind.helpers:_run_early_stopping_check:28 - patience left   10             
2021-06-11 15:33:13.617 | INFO     | slp.util.system:print_separator:81 - ##################################################
2021-06-11 15:33:47.403 | INFO     | slp.plbind.module:log_to_console:478 - Epoch 2 Training results
2021-06-11 15:33:47.404 | INFO     | slp.util.system:print_separator:81 - --------------------------------------------------
2021-06-11 15:33:47.405 | INFO     | slp.plbind.module:log_to_console:484 - train_acc2      0.7684410214424133
2021-06-11 15:33:47.405 | INFO     | slp.plbind.module:log_to_console:484 - train_acc2_zero 0.7437796592712402
2021-06-11 15:33:47.406 | INFO     | slp.plbind.module:log_to_console:484 - train_acc5      0.45965543389320374
2021-06-11 15:33:47.407 | INFO     | slp.plbind.module:log_to_console:484 - train_acc7      0.452622652053833
2021-06-11 15:33:47.407 | INFO     | slp.plbind.module:log_to_console:484 - train_f1        0.7616488337516785
2021-06-11 15:33:47.408 | INFO     | slp.plbind.module:log_to_console:484 - train_f1_zero   0.7446314096450806
2021-06-11 15:33:47.408 | INFO     | slp.plbind.module:log_to_console:484 - train_mae       0.7029634118080139
2021-06-11 15:33:47.409 | INFO     | slp.plbind.module:log_to_console:484 - train_loss      0.7029634118080139
2021-06-11 15:33:47.409 | INFO     | slp.util.system:print_separator:81 - %%%%%%%%%%%%%%%%%%%%%%%%%%%%%%%%%%%%%%%%%%%%%%%%%%
2021-06-11 15:33:49.333 | INFO     | slp.plbind.module:log_to_console:478 - Epoch 2 Validation results
2021-06-11 15:33:49.336 | INFO     | slp.util.system:print_separator:81 - --------------------------------------------------
2021-06-11 15:33:49.338 | INFO     | slp.plbind.module:log_to_console:484 - val_acc2        0.7785438895225525
2021-06-11 15:33:49.340 | INFO     | slp.plbind.module:log_to_console:484 - val_acc2_zero   0.7842161059379578
2021-06-11 15:33:49.342 | INFO     | slp.plbind.module:log_to_console:484 - val_acc5        0.4674082100391388
2021-06-11 15:33:49.344 | INFO     | slp.plbind.module:log_to_console:484 - val_acc7        0.46211159229278564
2021-06-11 15:33:49.346 | INFO     | slp.plbind.module:log_to_console:484 - val_f1          0.7650953531265259
2021-06-11 15:33:49.347 | INFO     | slp.plbind.module:log_to_console:484 - val_f1_zero     0.7794649600982666
2021-06-11 15:33:49.349 | INFO     | slp.plbind.module:log_to_console:484 - val_mae         0.6398224830627441
2021-06-11 15:33:49.351 | INFO     | slp.plbind.module:log_to_console:484 - val_loss        0.6398224830627441
2021-06-11 15:33:49.352 | INFO     | slp.plbind.module:log_to_console:484 - best_score      0.6558472514152527
2021-06-11 15:33:49.353 | INFO     | slp.util.system:print_separator:81 - %%%%%%%%%%%%%%%%%%%%%%%%%%%%%%%%%%%%%%%%%%%%%%%%%%
2021-06-11 15:33:49.357 | INFO     | slp.plbind.helpers:_run_early_stopping_check:25 - Epoch 2 Early Stopping
2021-06-11 15:33:49.358 | INFO     | slp.util.system:print_separator:81 - --------------------------------------------------
2021-06-11 15:33:49.360 | INFO     | slp.plbind.helpers:_run_early_stopping_check:27 - best score      0.6398224830627441
2021-06-11 15:33:49.361 | INFO     | slp.plbind.helpers:_run_early_stopping_check:28 - patience left   10             
2021-06-11 15:33:49.362 | INFO     | slp.util.system:print_separator:81 - ##################################################
2021-06-11 15:34:23.590 | INFO     | slp.plbind.module:log_to_console:478 - Epoch 3 Training results
2021-06-11 15:34:23.591 | INFO     | slp.util.system:print_separator:81 - --------------------------------------------------
2021-06-11 15:34:23.592 | INFO     | slp.plbind.module:log_to_console:484 - train_acc2      0.7917928099632263
2021-06-11 15:34:23.592 | INFO     | slp.plbind.module:log_to_console:484 - train_acc2_zero 0.7620300054550171
2021-06-11 15:34:23.593 | INFO     | slp.plbind.module:log_to_console:484 - train_acc5      0.47849103808403015
2021-06-11 15:34:23.593 | INFO     | slp.plbind.module:log_to_console:484 - train_acc7      0.4679113030433655
2021-06-11 15:34:23.594 | INFO     | slp.plbind.module:log_to_console:484 - train_f1        0.7849180102348328
2021-06-11 15:34:23.594 | INFO     | slp.plbind.module:log_to_console:484 - train_f1_zero   0.7624236345291138
2021-06-11 15:34:23.595 | INFO     | slp.plbind.module:log_to_console:484 - train_mae       0.6765064001083374
2021-06-11 15:34:23.595 | INFO     | slp.plbind.module:log_to_console:484 - train_loss      0.6765064001083374
2021-06-11 15:34:23.596 | INFO     | slp.util.system:print_separator:81 - %%%%%%%%%%%%%%%%%%%%%%%%%%%%%%%%%%%%%%%%%%%%%%%%%%
2021-06-11 15:34:25.497 | INFO     | slp.plbind.module:log_to_console:478 - Epoch 3 Validation results
2021-06-11 15:34:25.499 | INFO     | slp.util.system:print_separator:81 - --------------------------------------------------
2021-06-11 15:34:25.501 | INFO     | slp.plbind.module:log_to_console:484 - val_acc2        0.7603569626808167
2021-06-11 15:34:25.503 | INFO     | slp.plbind.module:log_to_console:484 - val_acc2_zero   0.7002471685409546
2021-06-11 15:34:25.505 | INFO     | slp.plbind.module:log_to_console:484 - val_acc5        0.5086511373519897
2021-06-11 15:34:25.507 | INFO     | slp.plbind.module:log_to_console:484 - val_acc7        0.48163843154907227
2021-06-11 15:34:25.509 | INFO     | slp.plbind.module:log_to_console:484 - val_f1          0.7661517262458801
2021-06-11 15:34:25.511 | INFO     | slp.plbind.module:log_to_console:484 - val_f1_zero     0.7162943482398987
2021-06-11 15:34:25.512 | INFO     | slp.plbind.module:log_to_console:484 - val_mae         0.7329881191253662
2021-06-11 15:34:25.514 | INFO     | slp.plbind.module:log_to_console:484 - val_loss        0.7329881191253662
2021-06-11 15:34:25.515 | INFO     | slp.plbind.module:log_to_console:484 - best_score      0.6398224830627441
2021-06-11 15:34:25.517 | INFO     | slp.util.system:print_separator:81 - %%%%%%%%%%%%%%%%%%%%%%%%%%%%%%%%%%%%%%%%%%%%%%%%%%
2021-06-11 15:34:25.521 | INFO     | slp.plbind.helpers:_run_early_stopping_check:25 - Epoch 3 Early Stopping
2021-06-11 15:34:25.522 | INFO     | slp.util.system:print_separator:81 - --------------------------------------------------
2021-06-11 15:34:25.523 | INFO     | slp.plbind.helpers:_run_early_stopping_check:27 - best score      0.6398224830627441
2021-06-11 15:34:25.524 | INFO     | slp.plbind.helpers:_run_early_stopping_check:28 - patience left   9              
2021-06-11 15:34:25.525 | INFO     | slp.util.system:print_separator:81 - ##################################################
2021-06-11 15:34:59.042 | INFO     | slp.plbind.module:log_to_console:478 - Epoch 4 Training results
2021-06-11 15:34:59.043 | INFO     | slp.util.system:print_separator:81 - --------------------------------------------------
2021-06-11 15:34:59.043 | INFO     | slp.plbind.module:log_to_console:484 - train_acc2      0.8057628273963928
2021-06-11 15:34:59.044 | INFO     | slp.plbind.module:log_to_console:484 - train_acc2_zero 0.7743657231330872
2021-06-11 15:34:59.045 | INFO     | slp.plbind.module:log_to_console:484 - train_acc5      0.4908442795276642
2021-06-11 15:34:59.045 | INFO     | slp.plbind.module:log_to_console:484 - train_acc7      0.47739025950431824
2021-06-11 15:34:59.046 | INFO     | slp.plbind.module:log_to_console:484 - train_f1        0.801642656326294
2021-06-11 15:34:59.046 | INFO     | slp.plbind.module:log_to_console:484 - train_f1_zero   0.7770673632621765
2021-06-11 15:34:59.047 | INFO     | slp.plbind.module:log_to_console:484 - train_mae       0.6425263285636902
2021-06-11 15:34:59.047 | INFO     | slp.plbind.module:log_to_console:484 - train_loss      0.6425263285636902
2021-06-11 15:34:59.048 | INFO     | slp.util.system:print_separator:81 - %%%%%%%%%%%%%%%%%%%%%%%%%%%%%%%%%%%%%%%%%%%%%%%%%%
2021-06-11 15:35:00.978 | INFO     | slp.plbind.module:log_to_console:478 - Epoch 4 Validation results
2021-06-11 15:35:00.979 | INFO     | slp.util.system:print_separator:81 - --------------------------------------------------
2021-06-11 15:35:00.980 | INFO     | slp.plbind.module:log_to_console:484 - val_acc2        0.7981775403022766
2021-06-11 15:35:00.981 | INFO     | slp.plbind.module:log_to_console:484 - val_acc2_zero   0.7969986200332642
2021-06-11 15:35:00.982 | INFO     | slp.plbind.module:log_to_console:484 - val_acc5        0.49170199036598206
2021-06-11 15:35:00.983 | INFO     | slp.plbind.module:log_to_console:484 - val_acc7        0.4731638729572296
2021-06-11 15:35:00.983 | INFO     | slp.plbind.module:log_to_console:484 - val_f1          0.7891284227371216
2021-06-11 15:35:00.984 | INFO     | slp.plbind.module:log_to_console:484 - val_f1_zero     0.7958212494850159
2021-06-11 15:35:00.985 | INFO     | slp.plbind.module:log_to_console:484 - val_mae         0.641219973564148
2021-06-11 15:35:00.985 | INFO     | slp.plbind.module:log_to_console:484 - val_loss        0.641219973564148
2021-06-11 15:35:00.986 | INFO     | slp.plbind.module:log_to_console:484 - best_score      0.6398224830627441
2021-06-11 15:35:00.987 | INFO     | slp.util.system:print_separator:81 - %%%%%%%%%%%%%%%%%%%%%%%%%%%%%%%%%%%%%%%%%%%%%%%%%%
2021-06-11 15:35:00.989 | INFO     | slp.plbind.helpers:_run_early_stopping_check:25 - Epoch 4 Early Stopping
2021-06-11 15:35:00.990 | INFO     | slp.util.system:print_separator:81 - --------------------------------------------------
2021-06-11 15:35:00.990 | INFO     | slp.plbind.helpers:_run_early_stopping_check:27 - best score      0.6398224830627441
2021-06-11 15:35:00.991 | INFO     | slp.plbind.helpers:_run_early_stopping_check:28 - patience left   8              
2021-06-11 15:35:00.992 | INFO     | slp.util.system:print_separator:81 - ##################################################
2021-06-11 15:35:34.567 | INFO     | slp.plbind.module:log_to_console:478 - Epoch 5 Training results
2021-06-11 15:35:34.568 | INFO     | slp.util.system:print_separator:81 - --------------------------------------------------
2021-06-11 15:35:34.569 | INFO     | slp.plbind.module:log_to_console:484 - train_acc2      0.8143619894981384
2021-06-11 15:35:34.569 | INFO     | slp.plbind.module:log_to_console:484 - train_acc2_zero 0.783696174621582
2021-06-11 15:35:34.570 | INFO     | slp.plbind.module:log_to_console:484 - train_acc5      0.5071725249290466
2021-06-11 15:35:34.570 | INFO     | slp.plbind.module:log_to_console:484 - train_acc7      0.49286237359046936
2021-06-11 15:35:34.571 | INFO     | slp.plbind.module:log_to_console:484 - train_f1        0.8102826476097107
2021-06-11 15:35:34.572 | INFO     | slp.plbind.module:log_to_console:484 - train_f1_zero   0.7862164378166199
2021-06-11 15:35:34.572 | INFO     | slp.plbind.module:log_to_console:484 - train_mae       0.6233513355255127
2021-06-11 15:35:34.573 | INFO     | slp.plbind.module:log_to_console:484 - train_loss      0.6233513355255127
2021-06-11 15:35:34.573 | INFO     | slp.util.system:print_separator:81 - %%%%%%%%%%%%%%%%%%%%%%%%%%%%%%%%%%%%%%%%%%%%%%%%%%
2021-06-11 15:35:36.397 | INFO     | slp.plbind.module:log_to_console:478 - Epoch 5 Validation results
2021-06-11 15:35:36.399 | INFO     | slp.util.system:print_separator:81 - --------------------------------------------------
2021-06-11 15:35:36.401 | INFO     | slp.plbind.module:log_to_console:484 - val_acc2        0.7824528217315674
2021-06-11 15:35:36.403 | INFO     | slp.plbind.module:log_to_console:484 - val_acc2_zero   0.7460805177688599
2021-06-11 15:35:36.405 | INFO     | slp.plbind.module:log_to_console:484 - val_acc5        0.5318149924278259
2021-06-11 15:35:36.407 | INFO     | slp.plbind.module:log_to_console:484 - val_acc7        0.5127471685409546
2021-06-11 15:35:36.409 | INFO     | slp.plbind.module:log_to_console:484 - val_f1          0.7847428321838379
2021-06-11 15:35:36.411 | INFO     | slp.plbind.module:log_to_console:484 - val_f1_zero     0.7579507231712341
2021-06-11 15:35:36.412 | INFO     | slp.plbind.module:log_to_console:484 - val_mae         0.6447980403900146
2021-06-11 15:35:36.413 | INFO     | slp.plbind.module:log_to_console:484 - val_loss        0.6447980403900146
2021-06-11 15:35:36.415 | INFO     | slp.plbind.module:log_to_console:484 - best_score      0.6398224830627441
2021-06-11 15:35:36.416 | INFO     | slp.util.system:print_separator:81 - %%%%%%%%%%%%%%%%%%%%%%%%%%%%%%%%%%%%%%%%%%%%%%%%%%
2021-06-11 15:35:36.419 | INFO     | slp.plbind.helpers:_run_early_stopping_check:25 - Epoch 5 Early Stopping
2021-06-11 15:35:36.421 | INFO     | slp.util.system:print_separator:81 - --------------------------------------------------
2021-06-11 15:35:36.422 | INFO     | slp.plbind.helpers:_run_early_stopping_check:27 - best score      0.6398224830627441
2021-06-11 15:35:36.422 | INFO     | slp.plbind.helpers:_run_early_stopping_check:28 - patience left   7              
2021-06-11 15:35:36.423 | INFO     | slp.util.system:print_separator:81 - ##################################################
2021-06-11 15:36:09.815 | INFO     | slp.plbind.module:log_to_console:478 - Epoch 6 Training results
2021-06-11 15:36:09.816 | INFO     | slp.util.system:print_separator:81 - --------------------------------------------------
2021-06-11 15:36:09.816 | INFO     | slp.plbind.module:log_to_console:484 - train_acc2      0.831746518611908
2021-06-11 15:36:09.817 | INFO     | slp.plbind.module:log_to_console:484 - train_acc2_zero 0.7940575480461121
2021-06-11 15:36:09.818 | INFO     | slp.plbind.module:log_to_console:484 - train_acc5      0.5336699485778809
2021-06-11 15:36:09.818 | INFO     | slp.plbind.module:log_to_console:484 - train_acc7      0.5151401162147522
2021-06-11 15:36:09.819 | INFO     | slp.plbind.module:log_to_console:484 - train_f1        0.8305812478065491
2021-06-11 15:36:09.819 | INFO     | slp.plbind.module:log_to_console:484 - train_f1_zero   0.7997326850891113
2021-06-11 15:36:09.820 | INFO     | slp.plbind.module:log_to_console:484 - train_mae       0.5851470232009888
2021-06-11 15:36:09.820 | INFO     | slp.plbind.module:log_to_console:484 - train_loss      0.5851470232009888
2021-06-11 15:36:09.821 | INFO     | slp.util.system:print_separator:81 - %%%%%%%%%%%%%%%%%%%%%%%%%%%%%%%%%%%%%%%%%%%%%%%%%%
2021-06-11 15:36:11.828 | INFO     | slp.plbind.module:log_to_console:478 - Epoch 6 Validation results
2021-06-11 15:36:11.830 | INFO     | slp.util.system:print_separator:81 - --------------------------------------------------
2021-06-11 15:36:11.833 | INFO     | slp.plbind.module:log_to_console:484 - val_acc2        0.7944357991218567
2021-06-11 15:36:11.835 | INFO     | slp.plbind.module:log_to_console:484 - val_acc2_zero   0.7749999761581421
2021-06-11 15:36:11.837 | INFO     | slp.plbind.module:log_to_console:484 - val_acc5        0.5388418436050415
2021-06-11 15:36:11.839 | INFO     | slp.plbind.module:log_to_console:484 - val_acc7        0.5287782549858093
2021-06-11 15:36:11.841 | INFO     | slp.plbind.module:log_to_console:484 - val_f1          0.7968400716781616
2021-06-11 15:36:11.843 | INFO     | slp.plbind.module:log_to_console:484 - val_f1_zero     0.7852994203567505
2021-06-11 15:36:11.845 | INFO     | slp.plbind.module:log_to_console:484 - val_mae         0.5772559642791748
2021-06-11 15:36:11.846 | INFO     | slp.plbind.module:log_to_console:484 - val_loss        0.5772559642791748
2021-06-11 15:36:11.848 | INFO     | slp.plbind.module:log_to_console:484 - best_score      0.6398224830627441
2021-06-11 15:36:11.850 | INFO     | slp.util.system:print_separator:81 - %%%%%%%%%%%%%%%%%%%%%%%%%%%%%%%%%%%%%%%%%%%%%%%%%%
2021-06-11 15:36:11.854 | INFO     | slp.plbind.helpers:_run_early_stopping_check:25 - Epoch 6 Early Stopping
2021-06-11 15:36:11.855 | INFO     | slp.util.system:print_separator:81 - --------------------------------------------------
2021-06-11 15:36:11.857 | INFO     | slp.plbind.helpers:_run_early_stopping_check:27 - best score      0.5772559642791748
2021-06-11 15:36:11.858 | INFO     | slp.plbind.helpers:_run_early_stopping_check:28 - patience left   10             
2021-06-11 15:36:11.860 | INFO     | slp.util.system:print_separator:81 - ##################################################
2021-06-11 15:36:45.784 | INFO     | slp.plbind.module:log_to_console:478 - Epoch 7 Training results
2021-06-11 15:36:45.785 | INFO     | slp.util.system:print_separator:81 - --------------------------------------------------
2021-06-11 15:36:45.786 | INFO     | slp.plbind.module:log_to_console:484 - train_acc2      0.8339555859565735
2021-06-11 15:36:45.786 | INFO     | slp.plbind.module:log_to_console:484 - train_acc2_zero 0.7961979508399963
2021-06-11 15:36:45.787 | INFO     | slp.plbind.module:log_to_console:484 - train_acc5      0.5392438173294067
2021-06-11 15:36:45.788 | INFO     | slp.plbind.module:log_to_console:484 - train_acc7      0.5210809111595154
2021-06-11 15:36:45.788 | INFO     | slp.plbind.module:log_to_console:484 - train_f1        0.8324354290962219
2021-06-11 15:36:45.789 | INFO     | slp.plbind.module:log_to_console:484 - train_f1_zero   0.8015255928039551
2021-06-11 15:36:45.789 | INFO     | slp.plbind.module:log_to_console:484 - train_mae       0.571527898311615
2021-06-11 15:36:45.790 | INFO     | slp.plbind.module:log_to_console:484 - train_loss      0.571527898311615
2021-06-11 15:36:45.790 | INFO     | slp.util.system:print_separator:81 - %%%%%%%%%%%%%%%%%%%%%%%%%%%%%%%%%%%%%%%%%%%%%%%%%%
2021-06-11 15:36:47.719 | INFO     | slp.plbind.module:log_to_console:478 - Epoch 7 Validation results
2021-06-11 15:36:47.719 | INFO     | slp.util.system:print_separator:81 - --------------------------------------------------
2021-06-11 15:36:47.720 | INFO     | slp.plbind.module:log_to_console:484 - val_acc2        0.7676293253898621
2021-06-11 15:36:47.721 | INFO     | slp.plbind.module:log_to_console:484 - val_acc2_zero   0.7188559174537659
2021-06-11 15:36:47.722 | INFO     | slp.plbind.module:log_to_console:484 - val_acc5        0.5303672552108765
2021-06-11 15:36:47.723 | INFO     | slp.plbind.module:log_to_console:484 - val_acc7        0.5203036665916443
2021-06-11 15:36:47.724 | INFO     | slp.plbind.module:log_to_console:484 - val_f1          0.7699702382087708
2021-06-11 15:36:47.725 | INFO     | slp.plbind.module:log_to_console:484 - val_f1_zero     0.7310254573822021
2021-06-11 15:36:47.726 | INFO     | slp.plbind.module:log_to_console:484 - val_mae         0.596440851688385
2021-06-11 15:36:47.727 | INFO     | slp.plbind.module:log_to_console:484 - val_loss        0.596440851688385
2021-06-11 15:36:47.728 | INFO     | slp.plbind.module:log_to_console:484 - best_score      0.57725590467453
2021-06-11 15:36:47.728 | INFO     | slp.util.system:print_separator:81 - %%%%%%%%%%%%%%%%%%%%%%%%%%%%%%%%%%%%%%%%%%%%%%%%%%
2021-06-11 15:36:47.731 | INFO     | slp.plbind.helpers:_run_early_stopping_check:25 - Epoch 7 Early Stopping
2021-06-11 15:36:47.732 | INFO     | slp.util.system:print_separator:81 - --------------------------------------------------
2021-06-11 15:36:47.732 | INFO     | slp.plbind.helpers:_run_early_stopping_check:27 - best score      0.5772559642791748
2021-06-11 15:36:47.733 | INFO     | slp.plbind.helpers:_run_early_stopping_check:28 - patience left   9              
2021-06-11 15:36:47.734 | INFO     | slp.util.system:print_separator:81 - ##################################################
2021-06-11 15:37:21.561 | INFO     | slp.plbind.module:log_to_console:478 - Epoch 8 Training results
2021-06-11 15:37:21.563 | INFO     | slp.util.system:print_separator:81 - --------------------------------------------------
2021-06-11 15:37:21.565 | INFO     | slp.plbind.module:log_to_console:484 - train_acc2      0.8421269655227661
2021-06-11 15:37:21.566 | INFO     | slp.plbind.module:log_to_console:484 - train_acc2_zero 0.804820716381073
2021-06-11 15:37:21.567 | INFO     | slp.plbind.module:log_to_console:484 - train_acc5      0.5488799810409546
2021-06-11 15:37:21.568 | INFO     | slp.plbind.module:log_to_console:484 - train_acc7      0.5304375290870667
2021-06-11 15:37:21.569 | INFO     | slp.plbind.module:log_to_console:484 - train_f1        0.8401981592178345
2021-06-11 15:37:21.570 | INFO     | slp.plbind.module:log_to_console:484 - train_f1_zero   0.8093988299369812
2021-06-11 15:37:21.571 | INFO     | slp.plbind.module:log_to_console:484 - train_mae       0.5631881356239319
2021-06-11 15:37:21.571 | INFO     | slp.plbind.module:log_to_console:484 - train_loss      0.5631881356239319
2021-06-11 15:37:21.572 | INFO     | slp.util.system:print_separator:81 - %%%%%%%%%%%%%%%%%%%%%%%%%%%%%%%%%%%%%%%%%%%%%%%%%%
2021-06-11 15:37:23.454 | INFO     | slp.plbind.module:log_to_console:478 - Epoch 8 Validation results
2021-06-11 15:37:23.455 | INFO     | slp.util.system:print_separator:81 - --------------------------------------------------
2021-06-11 15:37:23.456 | INFO     | slp.plbind.module:log_to_console:484 - val_acc2        0.785655677318573
2021-06-11 15:37:23.457 | INFO     | slp.plbind.module:log_to_console:484 - val_acc2_zero   0.7770479917526245
2021-06-11 15:37:23.457 | INFO     | slp.plbind.module:log_to_console:484 - val_acc5        0.5445974469184875
2021-06-11 15:37:23.458 | INFO     | slp.plbind.module:log_to_console:484 - val_acc7        0.5350635647773743
2021-06-11 15:37:23.459 | INFO     | slp.plbind.module:log_to_console:484 - val_f1          0.7798710465431213
2021-06-11 15:37:23.460 | INFO     | slp.plbind.module:log_to_console:484 - val_f1_zero     0.7803307175636292
2021-06-11 15:37:23.460 | INFO     | slp.plbind.module:log_to_console:484 - val_mae         0.5718818306922913
2021-06-11 15:37:23.461 | INFO     | slp.plbind.module:log_to_console:484 - val_loss        0.5718818306922913
2021-06-11 15:37:23.462 | INFO     | slp.plbind.module:log_to_console:484 - best_score      0.57725590467453
2021-06-11 15:37:23.463 | INFO     | slp.util.system:print_separator:81 - %%%%%%%%%%%%%%%%%%%%%%%%%%%%%%%%%%%%%%%%%%%%%%%%%%
2021-06-11 15:37:23.465 | INFO     | slp.plbind.helpers:_run_early_stopping_check:25 - Epoch 8 Early Stopping
2021-06-11 15:37:23.465 | INFO     | slp.util.system:print_separator:81 - --------------------------------------------------
2021-06-11 15:37:23.466 | INFO     | slp.plbind.helpers:_run_early_stopping_check:27 - best score      0.5718818306922913
2021-06-11 15:37:23.467 | INFO     | slp.plbind.helpers:_run_early_stopping_check:28 - patience left   10             
2021-06-11 15:37:23.468 | INFO     | slp.util.system:print_separator:81 - ##################################################
2021-06-11 15:37:57.289 | INFO     | slp.plbind.module:log_to_console:478 - Epoch 9 Training results
2021-06-11 15:37:57.290 | INFO     | slp.util.system:print_separator:81 - --------------------------------------------------
2021-06-11 15:37:57.291 | INFO     | slp.plbind.module:log_to_console:484 - train_acc2      0.839892566204071
2021-06-11 15:37:57.291 | INFO     | slp.plbind.module:log_to_console:484 - train_acc2_zero 0.8019464612007141
2021-06-11 15:37:57.292 | INFO     | slp.plbind.module:log_to_console:484 - train_acc5      0.5606566667556763
2021-06-11 15:37:57.292 | INFO     | slp.plbind.module:log_to_console:484 - train_acc7      0.54114830493927
2021-06-11 15:37:57.293 | INFO     | slp.plbind.module:log_to_console:484 - train_f1        0.8386369943618774
2021-06-11 15:37:57.293 | INFO     | slp.plbind.module:log_to_console:484 - train_f1_zero   0.8069827556610107
2021-06-11 15:37:57.294 | INFO     | slp.plbind.module:log_to_console:484 - train_mae       0.5512487292289734
2021-06-11 15:37:57.294 | INFO     | slp.plbind.module:log_to_console:484 - train_loss      0.5512487292289734
2021-06-11 15:37:57.295 | INFO     | slp.util.system:print_separator:81 - %%%%%%%%%%%%%%%%%%%%%%%%%%%%%%%%%%%%%%%%%%%%%%%%%%
2021-06-11 15:37:59.119 | INFO     | slp.plbind.module:log_to_console:478 - Epoch 9 Validation results
2021-06-11 15:37:59.122 | INFO     | slp.util.system:print_separator:81 - --------------------------------------------------
2021-06-11 15:37:59.124 | INFO     | slp.plbind.module:log_to_console:484 - val_acc2        0.7908803224563599
2021-06-11 15:37:59.126 | INFO     | slp.plbind.module:log_to_console:484 - val_acc2_zero   0.773410975933075
2021-06-11 15:37:59.128 | INFO     | slp.plbind.module:log_to_console:484 - val_acc5        0.5505650043487549
2021-06-11 15:37:59.130 | INFO     | slp.plbind.module:log_to_console:484 - val_acc7        0.5394421219825745
2021-06-11 15:37:59.131 | INFO     | slp.plbind.module:log_to_console:484 - val_f1          0.7870697975158691
2021-06-11 15:37:59.133 | INFO     | slp.plbind.module:log_to_console:484 - val_f1_zero     0.7778149247169495
2021-06-11 15:37:59.134 | INFO     | slp.plbind.module:log_to_console:484 - val_mae         0.5622605681419373
2021-06-11 15:37:59.136 | INFO     | slp.plbind.module:log_to_console:484 - val_loss        0.5622605681419373
2021-06-11 15:37:59.137 | INFO     | slp.plbind.module:log_to_console:484 - best_score      0.571881890296936
2021-06-11 15:37:59.138 | INFO     | slp.util.system:print_separator:81 - %%%%%%%%%%%%%%%%%%%%%%%%%%%%%%%%%%%%%%%%%%%%%%%%%%
2021-06-11 15:37:59.140 | INFO     | slp.plbind.helpers:_run_early_stopping_check:25 - Epoch 9 Early Stopping
2021-06-11 15:37:59.141 | INFO     | slp.util.system:print_separator:81 - --------------------------------------------------
2021-06-11 15:37:59.142 | INFO     | slp.plbind.helpers:_run_early_stopping_check:27 - best score      0.5622605681419373
2021-06-11 15:37:59.142 | INFO     | slp.plbind.helpers:_run_early_stopping_check:28 - patience left   10             
2021-06-11 15:37:59.143 | INFO     | slp.util.system:print_separator:81 - ##################################################
2021-06-11 15:38:32.832 | INFO     | slp.plbind.module:log_to_console:478 - Epoch 10 Training results
2021-06-11 15:38:32.833 | INFO     | slp.util.system:print_separator:81 - --------------------------------------------------
2021-06-11 15:38:32.834 | INFO     | slp.plbind.module:log_to_console:484 - train_acc2      0.8469277620315552
2021-06-11 15:38:32.834 | INFO     | slp.plbind.module:log_to_console:484 - train_acc2_zero 0.8113905191421509
2021-06-11 15:38:32.835 | INFO     | slp.plbind.module:log_to_console:484 - train_acc5      0.5648413300514221
2021-06-11 15:38:32.836 | INFO     | slp.plbind.module:log_to_console:484 - train_acc7      0.5445379614830017
2021-06-11 15:38:32.836 | INFO     | slp.plbind.module:log_to_console:484 - train_f1        0.8447778224945068
2021-06-11 15:38:32.837 | INFO     | slp.plbind.module:log_to_console:484 - train_f1_zero   0.8153032064437866
2021-06-11 15:38:32.837 | INFO     | slp.plbind.module:log_to_console:484 - train_mae       0.5426555275917053
2021-06-11 15:38:32.838 | INFO     | slp.plbind.module:log_to_console:484 - train_loss      0.5426555275917053
2021-06-11 15:38:32.838 | INFO     | slp.util.system:print_separator:81 - %%%%%%%%%%%%%%%%%%%%%%%%%%%%%%%%%%%%%%%%%%%%%%%%%%
2021-06-11 15:38:34.619 | INFO     | slp.plbind.module:log_to_console:478 - Epoch 10 Validation results
2021-06-11 15:38:34.620 | INFO     | slp.util.system:print_separator:81 - --------------------------------------------------
2021-06-11 15:38:34.622 | INFO     | slp.plbind.module:log_to_console:484 - val_acc2        0.7616332769393921
2021-06-11 15:38:34.624 | INFO     | slp.plbind.module:log_to_console:484 - val_acc2_zero   0.7330155372619629
2021-06-11 15:38:34.625 | INFO     | slp.plbind.module:log_to_console:484 - val_acc5        0.525529682636261
2021-06-11 15:38:34.627 | INFO     | slp.plbind.module:log_to_console:484 - val_acc7        0.5165254473686218
2021-06-11 15:38:34.628 | INFO     | slp.plbind.module:log_to_console:484 - val_f1          0.7665801644325256
2021-06-11 15:38:34.630 | INFO     | slp.plbind.module:log_to_console:484 - val_f1_zero     0.7479795217514038
2021-06-11 15:38:34.631 | INFO     | slp.plbind.module:log_to_console:484 - val_mae         0.5898209810256958
2021-06-11 15:38:34.632 | INFO     | slp.plbind.module:log_to_console:484 - val_loss        0.5898209810256958
2021-06-11 15:38:34.634 | INFO     | slp.plbind.module:log_to_console:484 - best_score      0.5622605681419373
2021-06-11 15:38:34.635 | INFO     | slp.util.system:print_separator:81 - %%%%%%%%%%%%%%%%%%%%%%%%%%%%%%%%%%%%%%%%%%%%%%%%%%
2021-06-11 15:38:34.638 | INFO     | slp.plbind.helpers:_run_early_stopping_check:25 - Epoch 10 Early Stopping
2021-06-11 15:38:34.640 | INFO     | slp.util.system:print_separator:81 - --------------------------------------------------
2021-06-11 15:38:34.641 | INFO     | slp.plbind.helpers:_run_early_stopping_check:27 - best score      0.5622605681419373
2021-06-11 15:38:34.642 | INFO     | slp.plbind.helpers:_run_early_stopping_check:28 - patience left   9              
2021-06-11 15:38:34.643 | INFO     | slp.util.system:print_separator:81 - ##################################################
2021-06-11 15:39:09.279 | INFO     | slp.plbind.module:log_to_console:478 - Epoch 11 Training results
2021-06-11 15:39:09.280 | INFO     | slp.util.system:print_separator:81 - --------------------------------------------------
2021-06-11 15:39:09.281 | INFO     | slp.plbind.module:log_to_console:484 - train_acc2      0.851559042930603
2021-06-11 15:39:09.281 | INFO     | slp.plbind.module:log_to_console:484 - train_acc2_zero 0.8147015571594238
2021-06-11 15:39:09.282 | INFO     | slp.plbind.module:log_to_console:484 - train_acc5      0.5714809894561768
2021-06-11 15:39:09.282 | INFO     | slp.plbind.module:log_to_console:484 - train_acc7      0.5503215193748474
2021-06-11 15:39:09.283 | INFO     | slp.plbind.module:log_to_console:484 - train_f1        0.8496212959289551
2021-06-11 15:39:09.283 | INFO     | slp.plbind.module:log_to_console:484 - train_f1_zero   0.818534255027771
2021-06-11 15:39:09.284 | INFO     | slp.plbind.module:log_to_console:484 - train_mae       0.5307180285453796
2021-06-11 15:39:09.284 | INFO     | slp.plbind.module:log_to_console:484 - train_loss      0.5307180285453796
2021-06-11 15:39:09.285 | INFO     | slp.util.system:print_separator:81 - %%%%%%%%%%%%%%%%%%%%%%%%%%%%%%%%%%%%%%%%%%%%%%%%%%
2021-06-11 15:39:11.143 | INFO     | slp.plbind.module:log_to_console:478 - Epoch 11 Validation results
2021-06-11 15:39:11.144 | INFO     | slp.util.system:print_separator:81 - --------------------------------------------------
2021-06-11 15:39:11.145 | INFO     | slp.plbind.module:log_to_console:484 - val_acc2        0.7896028161048889
2021-06-11 15:39:11.145 | INFO     | slp.plbind.module:log_to_console:484 - val_acc2_zero   0.7922316789627075
2021-06-11 15:39:11.146 | INFO     | slp.plbind.module:log_to_console:484 - val_acc5        0.5224929451942444
2021-06-11 15:39:11.147 | INFO     | slp.plbind.module:log_to_console:484 - val_acc7        0.5097810626029968
2021-06-11 15:39:11.148 | INFO     | slp.plbind.module:log_to_console:484 - val_f1          0.7795933485031128
2021-06-11 15:39:11.148 | INFO     | slp.plbind.module:log_to_console:484 - val_f1_zero     0.7903062701225281
2021-06-11 15:39:11.149 | INFO     | slp.plbind.module:log_to_console:484 - val_mae         0.5831702351570129
2021-06-11 15:39:11.183 | INFO     | slp.plbind.module:log_to_console:484 - val_loss        0.5831702351570129
2021-06-11 15:39:11.184 | INFO     | slp.plbind.module:log_to_console:484 - best_score      0.5622605681419373
2021-06-11 15:39:11.185 | INFO     | slp.util.system:print_separator:81 - %%%%%%%%%%%%%%%%%%%%%%%%%%%%%%%%%%%%%%%%%%%%%%%%%%
2021-06-11 15:39:11.189 | INFO     | slp.plbind.helpers:_run_early_stopping_check:25 - Epoch 11 Early Stopping
2021-06-11 15:39:11.190 | INFO     | slp.util.system:print_separator:81 - --------------------------------------------------
2021-06-11 15:39:11.192 | INFO     | slp.plbind.helpers:_run_early_stopping_check:27 - best score      0.5622605681419373
2021-06-11 15:39:11.193 | INFO     | slp.plbind.helpers:_run_early_stopping_check:28 - patience left   8              
2021-06-11 15:39:11.194 | INFO     | slp.util.system:print_separator:81 - ##################################################
2021-06-11 15:39:44.733 | INFO     | slp.plbind.module:log_to_console:478 - Epoch 12 Training results
2021-06-11 15:39:44.734 | INFO     | slp.util.system:print_separator:81 - --------------------------------------------------
2021-06-11 15:39:44.735 | INFO     | slp.plbind.module:log_to_console:484 - train_acc2      0.8561450242996216
2021-06-11 15:39:44.736 | INFO     | slp.plbind.module:log_to_console:484 - train_acc2_zero 0.8157674074172974
2021-06-11 15:39:44.736 | INFO     | slp.plbind.module:log_to_console:484 - train_acc5      0.5759190917015076
2021-06-11 15:39:44.737 | INFO     | slp.plbind.module:log_to_console:484 - train_acc7      0.5556157231330872
2021-06-11 15:39:44.737 | INFO     | slp.plbind.module:log_to_console:484 - train_f1        0.8543708324432373
2021-06-11 15:39:44.738 | INFO     | slp.plbind.module:log_to_console:484 - train_f1_zero   0.8202723860740662
2021-06-11 15:39:44.738 | INFO     | slp.plbind.module:log_to_console:484 - train_mae       0.5240119099617004
2021-06-11 15:39:44.739 | INFO     | slp.plbind.module:log_to_console:484 - train_loss      0.5240119099617004
2021-06-11 15:39:44.739 | INFO     | slp.util.system:print_separator:81 - %%%%%%%%%%%%%%%%%%%%%%%%%%%%%%%%%%%%%%%%%%%%%%%%%%
2021-06-11 15:39:46.620 | INFO     | slp.plbind.module:log_to_console:478 - Epoch 12 Validation results
2021-06-11 15:39:46.622 | INFO     | slp.util.system:print_separator:81 - --------------------------------------------------
2021-06-11 15:39:46.625 | INFO     | slp.plbind.module:log_to_console:484 - val_acc2        0.7901173233985901
2021-06-11 15:39:46.626 | INFO     | slp.plbind.module:log_to_console:484 - val_acc2_zero   0.7895833849906921
2021-06-11 15:39:46.628 | INFO     | slp.plbind.module:log_to_console:484 - val_acc5        0.5419491529464722
2021-06-11 15:39:46.630 | INFO     | slp.plbind.module:log_to_console:484 - val_acc7        0.5281779766082764
2021-06-11 15:39:46.632 | INFO     | slp.plbind.module:log_to_console:484 - val_f1          0.7853148579597473
2021-06-11 15:39:46.634 | INFO     | slp.plbind.module:log_to_console:484 - val_f1_zero     0.7925170660018921
2021-06-11 15:39:46.635 | INFO     | slp.plbind.module:log_to_console:484 - val_mae         0.5802134871482849
2021-06-11 15:39:46.636 | INFO     | slp.plbind.module:log_to_console:484 - val_loss        0.5802134871482849
2021-06-11 15:39:46.638 | INFO     | slp.plbind.module:log_to_console:484 - best_score      0.5622605681419373
2021-06-11 15:39:46.639 | INFO     | slp.util.system:print_separator:81 - %%%%%%%%%%%%%%%%%%%%%%%%%%%%%%%%%%%%%%%%%%%%%%%%%%
2021-06-11 15:39:46.643 | INFO     | slp.plbind.helpers:_run_early_stopping_check:25 - Epoch 12 Early Stopping
2021-06-11 15:39:46.644 | INFO     | slp.util.system:print_separator:81 - --------------------------------------------------
2021-06-11 15:39:46.645 | INFO     | slp.plbind.helpers:_run_early_stopping_check:27 - best score      0.5622605681419373
2021-06-11 15:39:46.646 | INFO     | slp.plbind.helpers:_run_early_stopping_check:28 - patience left   7              
2021-06-11 15:39:46.647 | INFO     | slp.util.system:print_separator:81 - ##################################################
2021-06-11 15:40:20.190 | INFO     | slp.plbind.module:log_to_console:478 - Epoch 13 Training results
2021-06-11 15:40:20.191 | INFO     | slp.util.system:print_separator:81 - --------------------------------------------------
2021-06-11 15:40:20.192 | INFO     | slp.plbind.module:log_to_console:484 - train_acc2      0.8643969297409058
2021-06-11 15:40:20.193 | INFO     | slp.plbind.module:log_to_console:484 - train_acc2_zero 0.8226516842842102
2021-06-11 15:40:20.193 | INFO     | slp.plbind.module:log_to_console:484 - train_acc5      0.5906223654747009
2021-06-11 15:40:20.194 | INFO     | slp.plbind.module:log_to_console:484 - train_acc7      0.5682048201560974
2021-06-11 15:40:20.194 | INFO     | slp.plbind.module:log_to_console:484 - train_f1        0.8631221652030945
2021-06-11 15:40:20.195 | INFO     | slp.plbind.module:log_to_console:484 - train_f1_zero   0.8273710608482361
2021-06-11 15:40:20.195 | INFO     | slp.plbind.module:log_to_console:484 - train_mae       0.49960270524024963
2021-06-11 15:40:20.196 | INFO     | slp.plbind.module:log_to_console:484 - train_loss      0.49960270524024963
2021-06-11 15:40:20.196 | INFO     | slp.util.system:print_separator:81 - %%%%%%%%%%%%%%%%%%%%%%%%%%%%%%%%%%%%%%%%%%%%%%%%%%
2021-06-11 15:40:22.156 | INFO     | slp.plbind.module:log_to_console:478 - Epoch 13 Validation results
2021-06-11 15:40:22.159 | INFO     | slp.util.system:print_separator:81 - --------------------------------------------------
2021-06-11 15:40:22.161 | INFO     | slp.plbind.module:log_to_console:484 - val_acc2        0.7937490344047546
2021-06-11 15:40:22.163 | INFO     | slp.plbind.module:log_to_console:484 - val_acc2_zero   0.7713630199432373
2021-06-11 15:40:22.165 | INFO     | slp.plbind.module:log_to_console:484 - val_acc5        0.5451977849006653
2021-06-11 15:40:22.166 | INFO     | slp.plbind.module:log_to_console:484 - val_acc7        0.533545196056366
2021-06-11 15:40:22.168 | INFO     | slp.plbind.module:log_to_console:484 - val_f1          0.792095422744751
2021-06-11 15:40:22.170 | INFO     | slp.plbind.module:log_to_console:484 - val_f1_zero     0.7797787189483643
2021-06-11 15:40:22.171 | INFO     | slp.plbind.module:log_to_console:484 - val_mae         0.5705816149711609
2021-06-11 15:40:22.173 | INFO     | slp.plbind.module:log_to_console:484 - val_loss        0.5705816149711609
2021-06-11 15:40:22.174 | INFO     | slp.plbind.module:log_to_console:484 - best_score      0.5622605681419373
2021-06-11 15:40:22.175 | INFO     | slp.util.system:print_separator:81 - %%%%%%%%%%%%%%%%%%%%%%%%%%%%%%%%%%%%%%%%%%%%%%%%%%
2021-06-11 15:40:22.178 | INFO     | slp.plbind.helpers:_run_early_stopping_check:25 - Epoch 13 Early Stopping
2021-06-11 15:40:22.180 | INFO     | slp.util.system:print_separator:81 - --------------------------------------------------
2021-06-11 15:40:22.181 | INFO     | slp.plbind.helpers:_run_early_stopping_check:27 - best score      0.5622605681419373
2021-06-11 15:40:22.182 | INFO     | slp.plbind.helpers:_run_early_stopping_check:28 - patience left   6              
2021-06-11 15:40:22.183 | INFO     | slp.util.system:print_separator:81 - ##################################################
2021-06-11 15:40:55.534 | INFO     | slp.plbind.module:log_to_console:478 - Epoch 14 Training results
2021-06-11 15:40:55.534 | INFO     | slp.util.system:print_separator:81 - --------------------------------------------------
2021-06-11 15:40:55.535 | INFO     | slp.plbind.module:log_to_console:484 - train_acc2      0.8623319268226624
2021-06-11 15:40:55.536 | INFO     | slp.plbind.module:log_to_console:484 - train_acc2_zero 0.8190085887908936
2021-06-11 15:40:55.536 | INFO     | slp.plbind.module:log_to_console:484 - train_acc5      0.6005818843841553
2021-06-11 15:40:55.537 | INFO     | slp.plbind.module:log_to_console:484 - train_acc7      0.5785661935806274
2021-06-11 15:40:55.537 | INFO     | slp.plbind.module:log_to_console:484 - train_f1        0.8605872392654419
2021-06-11 15:40:55.538 | INFO     | slp.plbind.module:log_to_console:484 - train_f1_zero   0.8231236338615417
2021-06-11 15:40:55.538 | INFO     | slp.plbind.module:log_to_console:484 - train_mae       0.489057332277298
2021-06-11 15:40:55.539 | INFO     | slp.plbind.module:log_to_console:484 - train_loss      0.489057332277298
2021-06-11 15:40:55.539 | INFO     | slp.util.system:print_separator:81 - %%%%%%%%%%%%%%%%%%%%%%%%%%%%%%%%%%%%%%%%%%%%%%%%%%
2021-06-11 15:40:57.407 | INFO     | slp.plbind.module:log_to_console:478 - Epoch 14 Validation results
2021-06-11 15:40:57.408 | INFO     | slp.util.system:print_separator:81 - --------------------------------------------------
2021-06-11 15:40:57.408 | INFO     | slp.plbind.module:log_to_console:484 - val_acc2        0.7862900495529175
2021-06-11 15:40:57.409 | INFO     | slp.plbind.module:log_to_console:484 - val_acc2_zero   0.7703742980957031
2021-06-11 15:40:57.410 | INFO     | slp.plbind.module:log_to_console:484 - val_acc5        0.5478460788726807
2021-06-11 15:40:57.410 | INFO     | slp.plbind.module:log_to_console:484 - val_acc7        0.5351341962814331
2021-06-11 15:40:57.411 | INFO     | slp.plbind.module:log_to_console:484 - val_f1          0.784343421459198
2021-06-11 15:40:57.412 | INFO     | slp.plbind.module:log_to_console:484 - val_f1_zero     0.7766555547714233
2021-06-11 15:40:57.413 | INFO     | slp.plbind.module:log_to_console:484 - val_mae         0.56968754529953
2021-06-11 15:40:57.414 | INFO     | slp.plbind.module:log_to_console:484 - val_loss        0.56968754529953
2021-06-11 15:40:57.414 | INFO     | slp.plbind.module:log_to_console:484 - best_score      0.5622605681419373
2021-06-11 15:40:57.415 | INFO     | slp.util.system:print_separator:81 - %%%%%%%%%%%%%%%%%%%%%%%%%%%%%%%%%%%%%%%%%%%%%%%%%%
2021-06-11 15:40:57.417 | INFO     | slp.plbind.helpers:_run_early_stopping_check:25 - Epoch 14 Early Stopping
2021-06-11 15:40:57.418 | INFO     | slp.util.system:print_separator:81 - --------------------------------------------------
2021-06-11 15:40:57.419 | INFO     | slp.plbind.helpers:_run_early_stopping_check:27 - best score      0.5622605681419373
2021-06-11 15:40:57.419 | INFO     | slp.plbind.helpers:_run_early_stopping_check:28 - patience left   5              
2021-06-11 15:40:57.420 | INFO     | slp.util.system:print_separator:81 - ##################################################
2021-06-11 15:41:31.713 | INFO     | slp.plbind.module:log_to_console:478 - Epoch 15 Training results
2021-06-11 15:41:31.713 | INFO     | slp.util.system:print_separator:81 - --------------------------------------------------
2021-06-11 15:41:31.714 | INFO     | slp.plbind.module:log_to_console:484 - train_acc2      0.8707488775253296
2021-06-11 15:41:31.715 | INFO     | slp.plbind.module:log_to_console:484 - train_acc2_zero 0.8260937333106995
2021-06-11 15:41:31.715 | INFO     | slp.plbind.module:log_to_console:484 - train_acc5      0.6089076399803162
2021-06-11 15:41:31.716 | INFO     | slp.plbind.module:log_to_console:484 - train_acc7      0.5862804055213928
2021-06-11 15:41:31.716 | INFO     | slp.plbind.module:log_to_console:484 - train_f1        0.869640588760376
2021-06-11 15:41:31.717 | INFO     | slp.plbind.module:log_to_console:484 - train_f1_zero   0.830793559551239
2021-06-11 15:41:31.717 | INFO     | slp.plbind.module:log_to_console:484 - train_mae       0.48051849007606506
2021-06-11 15:41:31.717 | INFO     | slp.plbind.module:log_to_console:484 - train_loss      0.48051849007606506
2021-06-11 15:41:31.718 | INFO     | slp.util.system:print_separator:81 - %%%%%%%%%%%%%%%%%%%%%%%%%%%%%%%%%%%%%%%%%%%%%%%%%%
2021-06-11 15:41:33.671 | INFO     | slp.plbind.module:log_to_console:478 - Epoch 15 Validation results
2021-06-11 15:41:33.674 | INFO     | slp.util.system:print_separator:81 - --------------------------------------------------
2021-06-11 15:41:33.676 | INFO     | slp.plbind.module:log_to_console:484 - val_acc2        0.7911664843559265
2021-06-11 15:41:33.678 | INFO     | slp.plbind.module:log_to_console:484 - val_acc2_zero   0.7677260041236877
2021-06-11 15:41:33.680 | INFO     | slp.plbind.module:log_to_console:484 - val_acc5        0.5483757257461548
2021-06-11 15:41:33.681 | INFO     | slp.plbind.module:log_to_console:484 - val_acc7        0.5372528433799744
2021-06-11 15:41:33.683 | INFO     | slp.plbind.module:log_to_console:484 - val_f1          0.7903419137001038
2021-06-11 15:41:33.684 | INFO     | slp.plbind.module:log_to_console:484 - val_f1_zero     0.7770873308181763
2021-06-11 15:41:33.686 | INFO     | slp.plbind.module:log_to_console:484 - val_mae         0.5706795454025269
2021-06-11 15:41:33.688 | INFO     | slp.plbind.module:log_to_console:484 - val_loss        0.5706795454025269
2021-06-11 15:41:33.689 | INFO     | slp.plbind.module:log_to_console:484 - best_score      0.5622605681419373
2021-06-11 15:41:33.690 | INFO     | slp.util.system:print_separator:81 - %%%%%%%%%%%%%%%%%%%%%%%%%%%%%%%%%%%%%%%%%%%%%%%%%%
2021-06-11 15:41:33.693 | INFO     | slp.plbind.helpers:_run_early_stopping_check:25 - Epoch 15 Early Stopping
2021-06-11 15:41:33.694 | INFO     | slp.util.system:print_separator:81 - --------------------------------------------------
2021-06-11 15:41:33.695 | INFO     | slp.plbind.helpers:_run_early_stopping_check:27 - best score      0.5622605681419373
2021-06-11 15:41:33.697 | INFO     | slp.plbind.helpers:_run_early_stopping_check:28 - patience left   4              
2021-06-11 15:41:33.698 | INFO     | slp.util.system:print_separator:81 - ##################################################
2021-06-11 15:42:07.706 | INFO     | slp.plbind.module:log_to_console:478 - Epoch 16 Training results
2021-06-11 15:42:07.706 | INFO     | slp.util.system:print_separator:81 - --------------------------------------------------
2021-06-11 15:42:07.707 | INFO     | slp.plbind.module:log_to_console:484 - train_acc2      0.8695746660232544
2021-06-11 15:42:07.708 | INFO     | slp.plbind.module:log_to_console:484 - train_acc2_zero 0.822407066822052
2021-06-11 15:42:07.708 | INFO     | slp.plbind.module:log_to_console:484 - train_acc5      0.6100345849990845
2021-06-11 15:42:07.709 | INFO     | slp.plbind.module:log_to_console:484 - train_acc7      0.586612343788147
2021-06-11 15:42:07.709 | INFO     | slp.plbind.module:log_to_console:484 - train_f1        0.868580162525177
2021-06-11 15:42:07.710 | INFO     | slp.plbind.module:log_to_console:484 - train_f1_zero   0.8273570537567139
2021-06-11 15:42:07.710 | INFO     | slp.plbind.module:log_to_console:484 - train_mae       0.47681790590286255
2021-06-11 15:42:07.711 | INFO     | slp.plbind.module:log_to_console:484 - train_loss      0.47681790590286255
2021-06-11 15:42:07.711 | INFO     | slp.util.system:print_separator:81 - %%%%%%%%%%%%%%%%%%%%%%%%%%%%%%%%%%%%%%%%%%%%%%%%%%
2021-06-11 15:42:09.517 | INFO     | slp.plbind.module:log_to_console:478 - Epoch 16 Validation results
2021-06-11 15:42:09.519 | INFO     | slp.util.system:print_separator:81 - --------------------------------------------------
2021-06-11 15:42:09.521 | INFO     | slp.plbind.module:log_to_console:484 - val_acc2        0.794596791267395
2021-06-11 15:42:09.524 | INFO     | slp.plbind.module:log_to_console:484 - val_acc2_zero   0.7808969020843506
2021-06-11 15:42:09.526 | INFO     | slp.plbind.module:log_to_console:484 - val_acc5        0.540360152721405
2021-06-11 15:42:09.527 | INFO     | slp.plbind.module:log_to_console:484 - val_acc7        0.5281779766082764
2021-06-11 15:42:09.528 | INFO     | slp.plbind.module:log_to_console:484 - val_f1          0.7910307049751282
2021-06-11 15:42:09.528 | INFO     | slp.plbind.module:log_to_console:484 - val_f1_zero     0.7870945334434509
2021-06-11 15:42:09.529 | INFO     | slp.plbind.module:log_to_console:484 - val_mae         0.5819764733314514
2021-06-11 15:42:09.530 | INFO     | slp.plbind.module:log_to_console:484 - val_loss        0.5819764733314514
2021-06-11 15:42:09.531 | INFO     | slp.plbind.module:log_to_console:484 - best_score      0.5622605681419373
2021-06-11 15:42:09.532 | INFO     | slp.util.system:print_separator:81 - %%%%%%%%%%%%%%%%%%%%%%%%%%%%%%%%%%%%%%%%%%%%%%%%%%
2021-06-11 15:42:09.534 | INFO     | slp.plbind.helpers:_run_early_stopping_check:25 - Epoch 16 Early Stopping
2021-06-11 15:42:09.535 | INFO     | slp.util.system:print_separator:81 - --------------------------------------------------
2021-06-11 15:42:09.536 | INFO     | slp.plbind.helpers:_run_early_stopping_check:27 - best score      0.5622605681419373
2021-06-11 15:42:09.537 | INFO     | slp.plbind.helpers:_run_early_stopping_check:28 - patience left   3              
2021-06-11 15:42:09.538 | INFO     | slp.util.system:print_separator:81 - ##################################################
2021-06-11 15:42:43.170 | INFO     | slp.plbind.module:log_to_console:478 - Epoch 17 Training results
2021-06-11 15:42:43.171 | INFO     | slp.util.system:print_separator:81 - --------------------------------------------------
2021-06-11 15:42:43.171 | INFO     | slp.plbind.module:log_to_console:484 - train_acc2      0.8729910254478455
2021-06-11 15:42:43.172 | INFO     | slp.plbind.module:log_to_console:484 - train_acc2_zero 0.8268364071846008
2021-06-11 15:42:43.173 | INFO     | slp.plbind.module:log_to_console:484 - train_acc5      0.6166917085647583
2021-06-11 15:42:43.173 | INFO     | slp.plbind.module:log_to_console:484 - train_acc7      0.5935752391815186
2021-06-11 15:42:43.174 | INFO     | slp.plbind.module:log_to_console:484 - train_f1        0.871673583984375
2021-06-11 15:42:43.174 | INFO     | slp.plbind.module:log_to_console:484 - train_f1_zero   0.8312840461730957
2021-06-11 15:42:43.175 | INFO     | slp.plbind.module:log_to_console:484 - train_mae       0.4687238931655884
2021-06-11 15:42:43.175 | INFO     | slp.plbind.module:log_to_console:484 - train_loss      0.4687238931655884
2021-06-11 15:42:43.176 | INFO     | slp.util.system:print_separator:81 - %%%%%%%%%%%%%%%%%%%%%%%%%%%%%%%%%%%%%%%%%%%%%%%%%%
2021-06-11 15:42:45.029 | INFO     | slp.plbind.module:log_to_console:478 - Epoch 17 Validation results
2021-06-11 15:42:45.031 | INFO     | slp.util.system:print_separator:81 - --------------------------------------------------
2021-06-11 15:42:45.032 | INFO     | slp.plbind.module:log_to_console:484 - val_acc2        0.7912895083427429
2021-06-11 15:42:45.034 | INFO     | slp.plbind.module:log_to_console:484 - val_acc2_zero   0.7847457528114319
2021-06-11 15:42:45.035 | INFO     | slp.plbind.module:log_to_console:484 - val_acc5        0.5399011373519897
2021-06-11 15:42:45.036 | INFO     | slp.plbind.module:log_to_console:484 - val_acc7        0.5277189612388611
2021-06-11 15:42:45.037 | INFO     | slp.plbind.module:log_to_console:484 - val_f1          0.7846676111221313
2021-06-11 15:42:45.038 | INFO     | slp.plbind.module:log_to_console:484 - val_f1_zero     0.7870972156524658
2021-06-11 15:42:45.039 | INFO     | slp.plbind.module:log_to_console:484 - val_mae         0.5764644145965576
2021-06-11 15:42:45.040 | INFO     | slp.plbind.module:log_to_console:484 - val_loss        0.5764644145965576
2021-06-11 15:42:45.040 | INFO     | slp.plbind.module:log_to_console:484 - best_score      0.5622605681419373
2021-06-11 15:42:45.041 | INFO     | slp.util.system:print_separator:81 - %%%%%%%%%%%%%%%%%%%%%%%%%%%%%%%%%%%%%%%%%%%%%%%%%%
2021-06-11 15:42:45.043 | INFO     | slp.plbind.helpers:_run_early_stopping_check:25 - Epoch 17 Early Stopping
2021-06-11 15:42:45.044 | INFO     | slp.util.system:print_separator:81 - --------------------------------------------------
2021-06-11 15:42:45.045 | INFO     | slp.plbind.helpers:_run_early_stopping_check:27 - best score      0.5622605681419373
2021-06-11 15:42:45.047 | INFO     | slp.plbind.helpers:_run_early_stopping_check:28 - patience left   2              
2021-06-11 15:42:45.049 | INFO     | slp.util.system:print_separator:81 - ##################################################
2021-06-11 15:43:18.561 | INFO     | slp.plbind.module:log_to_console:478 - Epoch 18 Training results
2021-06-11 15:43:18.562 | INFO     | slp.util.system:print_separator:81 - --------------------------------------------------
2021-06-11 15:43:18.562 | INFO     | slp.plbind.module:log_to_console:484 - train_acc2      0.8783524632453918
2021-06-11 15:43:18.563 | INFO     | slp.plbind.module:log_to_console:484 - train_acc2_zero 0.831082284450531
2021-06-11 15:43:18.564 | INFO     | slp.plbind.module:log_to_console:484 - train_acc5      0.6258648633956909
2021-06-11 15:43:18.564 | INFO     | slp.plbind.module:log_to_console:484 - train_acc7      0.6037880778312683
2021-06-11 15:43:18.570 | INFO     | slp.plbind.module:log_to_console:484 - train_f1        0.8767367005348206
2021-06-11 15:43:18.586 | INFO     | slp.plbind.module:log_to_console:484 - train_f1_zero   0.8355095386505127
2021-06-11 15:43:18.587 | INFO     | slp.plbind.module:log_to_console:484 - train_mae       0.4529951512813568
2021-06-11 15:43:18.589 | INFO     | slp.plbind.module:log_to_console:484 - train_loss      0.4529951512813568
2021-06-11 15:43:18.590 | INFO     | slp.util.system:print_separator:81 - %%%%%%%%%%%%%%%%%%%%%%%%%%%%%%%%%%%%%%%%%%%%%%%%%%
2021-06-11 15:43:20.449 | INFO     | slp.plbind.module:log_to_console:478 - Epoch 18 Validation results
2021-06-11 15:43:20.450 | INFO     | slp.util.system:print_separator:81 - --------------------------------------------------
2021-06-11 15:43:20.451 | INFO     | slp.plbind.module:log_to_console:484 - val_acc2        0.789840042591095
2021-06-11 15:43:20.452 | INFO     | slp.plbind.module:log_to_console:484 - val_acc2_zero   0.7857344746589661
2021-06-11 15:43:20.453 | INFO     | slp.plbind.module:log_to_console:484 - val_acc5        0.5425494313240051
2021-06-11 15:43:20.453 | INFO     | slp.plbind.module:log_to_console:484 - val_acc7        0.5298376083374023
2021-06-11 15:43:20.454 | INFO     | slp.plbind.module:log_to_console:484 - val_f1          0.7830113768577576
2021-06-11 15:43:20.454 | INFO     | slp.plbind.module:log_to_console:484 - val_f1_zero     0.7878653407096863
2021-06-11 15:43:20.455 | INFO     | slp.plbind.module:log_to_console:484 - val_mae         0.5806635022163391
2021-06-11 15:43:20.456 | INFO     | slp.plbind.module:log_to_console:484 - val_loss        0.5806635022163391
2021-06-11 15:43:20.456 | INFO     | slp.plbind.module:log_to_console:484 - best_score      0.5622605681419373
2021-06-11 15:43:20.457 | INFO     | slp.util.system:print_separator:81 - %%%%%%%%%%%%%%%%%%%%%%%%%%%%%%%%%%%%%%%%%%%%%%%%%%
2021-06-11 15:43:20.459 | INFO     | slp.plbind.helpers:_run_early_stopping_check:25 - Epoch 18 Early Stopping
2021-06-11 15:43:20.460 | INFO     | slp.util.system:print_separator:81 - --------------------------------------------------
2021-06-11 15:43:20.461 | INFO     | slp.plbind.helpers:_run_early_stopping_check:27 - best score      0.5622605681419373
2021-06-11 15:43:20.462 | INFO     | slp.plbind.helpers:_run_early_stopping_check:28 - patience left   1              
2021-06-11 15:43:20.462 | INFO     | slp.util.system:print_separator:81 - ##################################################
2021-06-11 15:43:54.355 | INFO     | slp.plbind.module:log_to_console:478 - Epoch 19 Training results
2021-06-11 15:43:54.356 | INFO     | slp.util.system:print_separator:81 - --------------------------------------------------
2021-06-11 15:43:54.356 | INFO     | slp.plbind.module:log_to_console:484 - train_acc2      0.8823193311691284
2021-06-11 15:43:54.357 | INFO     | slp.plbind.module:log_to_console:484 - train_acc2_zero 0.8327072262763977
2021-06-11 15:43:54.358 | INFO     | slp.plbind.module:log_to_console:484 - train_acc5      0.6354137063026428
2021-06-11 15:43:54.358 | INFO     | slp.plbind.module:log_to_console:484 - train_acc7      0.6122361421585083
2021-06-11 15:43:54.359 | INFO     | slp.plbind.module:log_to_console:484 - train_f1        0.8811426758766174
2021-06-11 15:43:54.359 | INFO     | slp.plbind.module:log_to_console:484 - train_f1_zero   0.8374710083007812
2021-06-11 15:43:54.360 | INFO     | slp.plbind.module:log_to_console:484 - train_mae       0.44589048624038696
2021-06-11 15:43:54.360 | INFO     | slp.plbind.module:log_to_console:484 - train_loss      0.44589048624038696
2021-06-11 15:43:54.361 | INFO     | slp.util.system:print_separator:81 - %%%%%%%%%%%%%%%%%%%%%%%%%%%%%%%%%%%%%%%%%%%%%%%%%%
2021-06-11 15:43:56.268 | INFO     | slp.plbind.module:log_to_console:478 - Epoch 19 Validation results
2021-06-11 15:43:56.270 | INFO     | slp.util.system:print_separator:81 - --------------------------------------------------
2021-06-11 15:43:56.272 | INFO     | slp.plbind.module:log_to_console:484 - val_acc2        0.7933071851730347
2021-06-11 15:43:56.274 | INFO     | slp.plbind.module:log_to_console:484 - val_acc2_zero   0.7745409607887268
2021-06-11 15:43:56.276 | INFO     | slp.plbind.module:log_to_console:484 - val_acc5        0.5418785214424133
2021-06-11 15:43:56.277 | INFO     | slp.plbind.module:log_to_console:484 - val_acc7        0.5286369919776917
2021-06-11 15:43:56.279 | INFO     | slp.plbind.module:log_to_console:484 - val_f1          0.7927760481834412
2021-06-11 15:43:56.281 | INFO     | slp.plbind.module:log_to_console:484 - val_f1_zero     0.783208966255188
2021-06-11 15:43:56.282 | INFO     | slp.plbind.module:log_to_console:484 - val_mae         0.5852287411689758
2021-06-11 15:43:56.284 | INFO     | slp.plbind.module:log_to_console:484 - val_loss        0.5852287411689758
2021-06-11 15:43:56.286 | INFO     | slp.plbind.module:log_to_console:484 - best_score      0.5622605681419373
2021-06-11 15:43:56.288 | INFO     | slp.util.system:print_separator:81 - %%%%%%%%%%%%%%%%%%%%%%%%%%%%%%%%%%%%%%%%%%%%%%%%%%
2021-06-11 15:43:56.291 | INFO     | slp.plbind.helpers:_run_early_stopping_check:25 - Epoch 19 Early Stopping
2021-06-11 15:43:56.293 | INFO     | slp.util.system:print_separator:81 - --------------------------------------------------
2021-06-11 15:43:56.294 | INFO     | slp.plbind.helpers:_run_early_stopping_check:27 - best score      0.5622605681419373
2021-06-11 15:43:56.295 | INFO     | slp.plbind.helpers:_run_early_stopping_check:28 - patience left   0              
2021-06-11 15:43:56.297 | INFO     | slp.plbind.helpers:_run_early_stopping_check:33 - Stopping due to early stopping
2021-06-11 15:43:56.298 | INFO     | slp.util.system:print_separator:81 - ##################################################
2021-06-11 15:43:56.390 | INFO     | pytorch_lightning.profiler.profilers:describe:96 - 

Profiler Report

Action                             	|  Mean duration (s)	|Num calls      	|  Total time (s) 	|  Percentage %   	|
------------------------------------------------------------------------------------------------------------------------------------
Total                              	|  -              	|_              	|  681.83         	|  100 %          	|
------------------------------------------------------------------------------------------------------------------------------------
run_training_epoch                 	|  35.696         	|19             	|  678.23         	|  99.472         	|
run_training_batch                 	|  0.063729       	|9709           	|  618.74         	|  90.748         	|
optimizer_step_and_closure_0       	|  0.06128        	|9709           	|  594.97         	|  87.261         	|
training_step_and_backward         	|  0.051353       	|9709           	|  498.59         	|  73.125         	|
model_forward                      	|  0.029488       	|9709           	|  286.3          	|  41.99          	|
training_step                      	|  0.029257       	|9709           	|  284.06         	|  41.661         	|
model_backward                     	|  0.021613       	|9709           	|  209.84         	|  30.776         	|
evaluation_step_and_end            	|  0.026885       	|1123           	|  30.192         	|  4.4281         	|
validation_step                    	|  0.026742       	|1123           	|  30.031         	|  4.4045         	|
get_train_batch                    	|  0.00043126     	|9709           	|  4.1871         	|  0.6141         	|
on_train_batch_end                 	|  0.00014252     	|9709           	|  1.3838         	|  0.20295        	|
on_train_batch_start               	|  0.00012786     	|9709           	|  1.2414         	|  0.18207        	|
cache_result                       	|  1.7548e-05     	|52132          	|  0.91483        	|  0.13417        	|
on_validation_end                  	|  0.01975        	|20             	|  0.39499        	|  0.057931       	|
on_after_backward                  	|  3.1295e-05     	|9709           	|  0.30384        	|  0.044562       	|
on_before_zero_grad                	|  3.014e-05      	|9709           	|  0.29263        	|  0.042918       	|
on_batch_start                     	|  2.4634e-05     	|9709           	|  0.23917        	|  0.035078       	|
on_batch_end                       	|  1.7203e-05     	|9709           	|  0.16703        	|  0.024497       	|
on_validation_batch_end            	|  8.837e-05      	|1123           	|  0.099239       	|  0.014555       	|
training_step_end                  	|  9.2914e-06     	|9709           	|  0.09021        	|  0.013231       	|
on_train_end                       	|  0.036881       	|1              	|  0.036881       	|  0.0054092      	|
on_epoch_start                     	|  0.0012099      	|19             	|  0.022989       	|  0.0033717      	|
on_validation_batch_start          	|  1.5255e-05     	|1123           	|  0.017131       	|  0.0025125      	|
validation_step_end                	|  1.0623e-05     	|1123           	|  0.01193        	|  0.0017497      	|
on_validation_start                	|  0.00053386     	|20             	|  0.010677       	|  0.001566       	|
on_train_start                     	|  0.0022918      	|1              	|  0.0022918      	|  0.00033612     	|
on_train_epoch_end                 	|  2.9018e-05     	|19             	|  0.00055134     	|  8.0863e-05     	|
on_validation_epoch_end            	|  2.4399e-05     	|20             	|  0.00048798     	|  7.157e-05      	|
on_epoch_end                       	|  1.2122e-05     	|39             	|  0.00047275     	|  6.9336e-05     	|
on_validation_epoch_start          	|  1.5109e-05     	|20             	|  0.00030218     	|  4.4319e-05     	|
on_train_epoch_start               	|  1.5867e-05     	|19             	|  0.00030147     	|  4.4215e-05     	|
on_fit_start                       	|  2.4412e-05     	|1              	|  2.4412e-05     	|  3.5804e-06     	|
on_before_accelerator_backend_setup	|  7.528e-06      	|1              	|  7.528e-06      	|  1.1041e-06     	|

