2021-06-11 20:24:46.205 | INFO     | slp.util.log:configure_logging:84 - Log file will be saved in logs/table2-run2.20210611-202446.log
2021-06-11 20:24:47.085 | INFO     | slp.plbind.dm:setup:159 - Using provided validation set
2021-06-11 20:24:47.086 | INFO     | slp.plbind.dm:setup:162 - Using provided test set
2021-06-11 20:24:47.086 | INFO     | slp.plbind.dm:setup:212 - Using 16327 samples for training
2021-06-11 20:24:47.086 | INFO     | slp.plbind.dm:setup:213 - Using 1871 samples for validation
2021-06-11 20:24:47.086 | INFO     | slp.plbind.dm:setup:216 - Using 4662 samples for testing
2021-06-11 20:24:47.107 | INFO     | slp.plbind.trainer:make_trainer:428 - Logs will be saved in rnn-m3-0.25-text-0.6/table2-run2
2021-06-11 20:24:47.107 | INFO     | slp.plbind.trainer:make_trainer:429 - Logs will be saved in rnn-m3-0.25-text-0.6/table2-run2/20210611-202447/checkpoints
2021-06-11 20:24:47.143 | INFO     | slp.plbind.trainer:make_trainer:461 - Configured wandb and CSV loggers.
2021-06-11 20:24:47.143 | INFO     | slp.plbind.trainer:make_trainer:462 - Wandb configured to run table2-run2/20210611-202447 in project table2-run2
2021-06-11 20:24:47.144 | INFO     | slp.plbind.trainer:make_trainer:467 - Results will be stored online.
2021-06-11 20:24:47.144 | INFO     | slp.plbind.trainer:make_trainer:475 - Experiment verbose description:
MOSEI RNN-baseline with M3 and higher text drop probability

Tags:['mosei', 'rnn-baseline', 'm3', 'regularization']
2021-06-11 20:24:47.147 | INFO     | slp.plbind.trainer:make_trainer:496 - Configured Early stopping and Model checkpointing to track val_loss
2021-06-11 20:24:47.171 | INFO     | pytorch_lightning.utilities.distributed:_info:54 - GPU available: True, used: True
2021-06-11 20:24:47.172 | INFO     | pytorch_lightning.utilities.distributed:_info:54 - TPU available: None, using: 0 TPU cores
2021-06-11 20:24:48.067 | INFO     | slp.plbind.trainer:watch_model:613 - Tracking model weights & gradients in wandb.
2021-06-11 20:24:48.069 | INFO     | pytorch_lightning.accelerators.gpu:set_nvidia_flags:40 - LOCAL_RANK: 0 - CUDA_VISIBLE_DEVICES: [3]
2021-06-11 20:24:50.565 | INFO     | pytorch_lightning.core.lightning:summarize:1457 - 
  | Name          | Type                            | Params
------------------------------------------------------------------
0 | model         | AudioVisualTextMaskedClassifier | 1.6 M 
1 | criterion     | L1Loss                          | 0     
2 | train_metrics | ModuleDict                      | 0     
3 | val_metrics   | ModuleDict                      | 0     
4 | test_metrics  | ModuleDict                      | 0     
------------------------------------------------------------------
1.6 M     Trainable params
0         Non-trainable params
1.6 M     Total params
6.535     Total estimated model params size (MB)
2021-06-11 20:24:50.857 | INFO     | slp.plbind.module:log_to_console:478 - Epoch 1 Validation results
2021-06-11 20:24:50.858 | INFO     | slp.util.system:print_separator:81 - --------------------------------------------------
2021-06-11 20:24:50.859 | INFO     | slp.plbind.module:log_to_console:484 - val_acc2        0.4905303120613098
2021-06-11 20:24:50.860 | INFO     | slp.plbind.module:log_to_console:484 - val_acc2_zero   0.359375       
2021-06-11 20:24:50.860 | INFO     | slp.plbind.module:log_to_console:484 - val_acc5        0.0625         
2021-06-11 20:24:50.861 | INFO     | slp.plbind.module:log_to_console:484 - val_acc7        0.0            
2021-06-11 20:24:50.861 | INFO     | slp.plbind.module:log_to_console:484 - val_f1          0.35214078426361084
2021-06-11 20:24:50.862 | INFO     | slp.plbind.module:log_to_console:484 - val_f1_zero     0.21391648054122925
2021-06-11 20:24:50.862 | INFO     | slp.plbind.module:log_to_console:484 - val_mae         5.411296367645264
2021-06-11 20:24:50.863 | INFO     | slp.plbind.module:log_to_console:484 - val_loss        5.411296367645264
2021-06-11 20:24:50.863 | INFO     | slp.plbind.module:log_to_console:484 - best_score      inf            
2021-06-11 20:24:50.863 | INFO     | slp.util.system:print_separator:81 - %%%%%%%%%%%%%%%%%%%%%%%%%%%%%%%%%%%%%%%%%%%%%%%%%%
2021-06-11 20:25:23.934 | INFO     | slp.plbind.module:log_to_console:478 - Epoch 1 Training results
2021-06-11 20:25:23.935 | INFO     | slp.util.system:print_separator:81 - --------------------------------------------------
2021-06-11 20:25:23.936 | INFO     | slp.plbind.module:log_to_console:484 - train_acc2      0.678534209728241
2021-06-11 20:25:23.936 | INFO     | slp.plbind.module:log_to_console:484 - train_acc2_zero 0.6596397161483765
2021-06-11 20:25:23.937 | INFO     | slp.plbind.module:log_to_console:484 - train_acc5      0.3828364908695221
2021-06-11 20:25:23.938 | INFO     | slp.plbind.module:log_to_console:484 - train_acc7      0.376721054315567
2021-06-11 20:25:23.938 | INFO     | slp.plbind.module:log_to_console:484 - train_f1        0.6572102904319763
2021-06-11 20:25:23.939 | INFO     | slp.plbind.module:log_to_console:484 - train_f1_zero   0.6488710641860962
2021-06-11 20:25:23.939 | INFO     | slp.plbind.module:log_to_console:484 - train_mae       0.9876124858856201
2021-06-11 20:25:23.940 | INFO     | slp.plbind.module:log_to_console:484 - train_loss      0.9876124858856201
2021-06-11 20:25:23.940 | INFO     | slp.util.system:print_separator:81 - %%%%%%%%%%%%%%%%%%%%%%%%%%%%%%%%%%%%%%%%%%%%%%%%%%
2021-06-11 20:25:25.809 | INFO     | slp.plbind.module:log_to_console:478 - Epoch 1 Validation results
2021-06-11 20:25:25.811 | INFO     | slp.util.system:print_separator:81 - --------------------------------------------------
2021-06-11 20:25:25.812 | INFO     | slp.plbind.module:log_to_console:484 - val_acc2        0.7543351650238037
2021-06-11 20:25:25.812 | INFO     | slp.plbind.module:log_to_console:484 - val_acc2_zero   0.77951979637146
2021-06-11 20:25:25.813 | INFO     | slp.plbind.module:log_to_console:484 - val_acc5        0.39509183168411255
2021-06-11 20:25:25.814 | INFO     | slp.plbind.module:log_to_console:484 - val_acc7        0.386087566614151
2021-06-11 20:25:25.815 | INFO     | slp.plbind.module:log_to_console:484 - val_f1          0.7218192219734192
2021-06-11 20:25:25.815 | INFO     | slp.plbind.module:log_to_console:484 - val_f1_zero     0.7560203075408936
2021-06-11 20:25:25.816 | INFO     | slp.plbind.module:log_to_console:484 - val_mae         0.767011821269989
2021-06-11 20:25:25.817 | INFO     | slp.plbind.module:log_to_console:484 - val_loss        0.767011821269989
2021-06-11 20:25:25.817 | INFO     | slp.plbind.module:log_to_console:484 - best_score      inf            
2021-06-11 20:25:25.818 | INFO     | slp.util.system:print_separator:81 - %%%%%%%%%%%%%%%%%%%%%%%%%%%%%%%%%%%%%%%%%%%%%%%%%%
2021-06-11 20:25:25.820 | INFO     | slp.plbind.helpers:_run_early_stopping_check:25 - Epoch 1 Early Stopping
2021-06-11 20:25:25.821 | INFO     | slp.util.system:print_separator:81 - --------------------------------------------------
2021-06-11 20:25:25.821 | INFO     | slp.plbind.helpers:_run_early_stopping_check:27 - best score      0.767011821269989
2021-06-11 20:25:25.822 | INFO     | slp.plbind.helpers:_run_early_stopping_check:28 - patience left   10             
2021-06-11 20:25:25.823 | INFO     | slp.util.system:print_separator:81 - ##################################################
2021-06-11 20:25:59.946 | INFO     | slp.plbind.module:log_to_console:478 - Epoch 2 Training results
2021-06-11 20:25:59.947 | INFO     | slp.util.system:print_separator:81 - --------------------------------------------------
2021-06-11 20:25:59.947 | INFO     | slp.plbind.module:log_to_console:484 - train_acc2      0.7792425155639648
2021-06-11 20:25:59.948 | INFO     | slp.plbind.module:log_to_console:484 - train_acc2_zero 0.7505678534507751
2021-06-11 20:25:59.948 | INFO     | slp.plbind.module:log_to_console:484 - train_acc5      0.4610357880592346
2021-06-11 20:25:59.949 | INFO     | slp.plbind.module:log_to_console:484 - train_acc7      0.4529895782470703
2021-06-11 20:25:59.949 | INFO     | slp.plbind.module:log_to_console:484 - train_f1        0.7740544080734253
2021-06-11 20:25:59.950 | INFO     | slp.plbind.module:log_to_console:484 - train_f1_zero   0.7531651258468628
2021-06-11 20:25:59.950 | INFO     | slp.plbind.module:log_to_console:484 - train_mae       0.6988470554351807
2021-06-11 20:25:59.950 | INFO     | slp.plbind.module:log_to_console:484 - train_loss      0.6988470554351807
2021-06-11 20:25:59.951 | INFO     | slp.util.system:print_separator:81 - %%%%%%%%%%%%%%%%%%%%%%%%%%%%%%%%%%%%%%%%%%%%%%%%%%
2021-06-11 20:26:02.056 | INFO     | slp.plbind.module:log_to_console:478 - Epoch 2 Validation results
2021-06-11 20:26:02.057 | INFO     | slp.util.system:print_separator:81 - --------------------------------------------------
2021-06-11 20:26:02.059 | INFO     | slp.plbind.module:log_to_console:484 - val_acc2        0.7875375151634216
2021-06-11 20:26:02.060 | INFO     | slp.plbind.module:log_to_console:484 - val_acc2_zero   0.8012359142303467
2021-06-11 20:26:02.062 | INFO     | slp.plbind.module:log_to_console:484 - val_acc5        0.4529661238193512
2021-06-11 20:26:02.063 | INFO     | slp.plbind.module:log_to_console:484 - val_acc7        0.44131356477737427
2021-06-11 20:26:02.064 | INFO     | slp.plbind.module:log_to_console:484 - val_f1          0.7707290649414062
2021-06-11 20:26:02.066 | INFO     | slp.plbind.module:log_to_console:484 - val_f1_zero     0.7905871272087097
2021-06-11 20:26:02.067 | INFO     | slp.plbind.module:log_to_console:484 - val_mae         0.6805673837661743
2021-06-11 20:26:02.068 | INFO     | slp.plbind.module:log_to_console:484 - val_loss        0.6805673837661743
2021-06-11 20:26:02.069 | INFO     | slp.plbind.module:log_to_console:484 - best_score      0.7670118808746338
2021-06-11 20:26:02.070 | INFO     | slp.util.system:print_separator:81 - %%%%%%%%%%%%%%%%%%%%%%%%%%%%%%%%%%%%%%%%%%%%%%%%%%
2021-06-11 20:26:02.072 | INFO     | slp.plbind.helpers:_run_early_stopping_check:25 - Epoch 2 Early Stopping
2021-06-11 20:26:02.073 | INFO     | slp.util.system:print_separator:81 - --------------------------------------------------
2021-06-11 20:26:02.075 | INFO     | slp.plbind.helpers:_run_early_stopping_check:27 - best score      0.6805673837661743
2021-06-11 20:26:02.075 | INFO     | slp.plbind.helpers:_run_early_stopping_check:28 - patience left   10             
2021-06-11 20:26:02.076 | INFO     | slp.util.system:print_separator:81 - ##################################################
2021-06-11 20:26:35.660 | INFO     | slp.plbind.module:log_to_console:478 - Epoch 3 Training results
2021-06-11 20:26:35.661 | INFO     | slp.util.system:print_separator:81 - --------------------------------------------------
2021-06-11 20:26:35.661 | INFO     | slp.plbind.module:log_to_console:484 - train_acc2      0.7992640733718872
2021-06-11 20:26:35.662 | INFO     | slp.plbind.module:log_to_console:484 - train_acc2_zero 0.7720418572425842
2021-06-11 20:26:35.663 | INFO     | slp.plbind.module:log_to_console:484 - train_acc5      0.48570728302001953
2021-06-11 20:26:35.663 | INFO     | slp.plbind.module:log_to_console:484 - train_acc7      0.4727425277233124
2021-06-11 20:26:35.664 | INFO     | slp.plbind.module:log_to_console:484 - train_f1        0.7942234873771667
2021-06-11 20:26:35.664 | INFO     | slp.plbind.module:log_to_console:484 - train_f1_zero   0.7739511132240295
2021-06-11 20:26:35.665 | INFO     | slp.plbind.module:log_to_console:484 - train_mae       0.6543219685554504
2021-06-11 20:26:35.665 | INFO     | slp.plbind.module:log_to_console:484 - train_loss      0.6543219685554504
2021-06-11 20:26:35.666 | INFO     | slp.util.system:print_separator:81 - %%%%%%%%%%%%%%%%%%%%%%%%%%%%%%%%%%%%%%%%%%%%%%%%%%
2021-06-11 20:26:37.661 | INFO     | slp.plbind.module:log_to_console:478 - Epoch 3 Validation results
2021-06-11 20:26:37.663 | INFO     | slp.util.system:print_separator:81 - --------------------------------------------------
2021-06-11 20:26:37.666 | INFO     | slp.plbind.module:log_to_console:484 - val_acc2        0.7800408005714417
2021-06-11 20:26:37.668 | INFO     | slp.plbind.module:log_to_console:484 - val_acc2_zero   0.8049435615539551
2021-06-11 20:26:37.670 | INFO     | slp.plbind.module:log_to_console:484 - val_acc5        0.4959392845630646
2021-06-11 20:26:37.672 | INFO     | slp.plbind.module:log_to_console:484 - val_acc7        0.4874647259712219
2021-06-11 20:26:37.673 | INFO     | slp.plbind.module:log_to_console:484 - val_f1          0.7511210441589355
2021-06-11 20:26:37.675 | INFO     | slp.plbind.module:log_to_console:484 - val_f1_zero     0.78400057554245
2021-06-11 20:26:37.677 | INFO     | slp.plbind.module:log_to_console:484 - val_mae         0.6291112303733826
2021-06-11 20:26:37.678 | INFO     | slp.plbind.module:log_to_console:484 - val_loss        0.6291112303733826
2021-06-11 20:26:37.680 | INFO     | slp.plbind.module:log_to_console:484 - best_score      0.6805673241615295
2021-06-11 20:26:37.681 | INFO     | slp.util.system:print_separator:81 - %%%%%%%%%%%%%%%%%%%%%%%%%%%%%%%%%%%%%%%%%%%%%%%%%%
2021-06-11 20:26:37.684 | INFO     | slp.plbind.helpers:_run_early_stopping_check:25 - Epoch 3 Early Stopping
2021-06-11 20:26:37.686 | INFO     | slp.util.system:print_separator:81 - --------------------------------------------------
2021-06-11 20:26:37.687 | INFO     | slp.plbind.helpers:_run_early_stopping_check:27 - best score      0.6291112303733826
2021-06-11 20:26:37.688 | INFO     | slp.plbind.helpers:_run_early_stopping_check:28 - patience left   10             
2021-06-11 20:26:37.689 | INFO     | slp.util.system:print_separator:81 - ##################################################
2021-06-11 20:27:11.710 | INFO     | slp.plbind.module:log_to_console:478 - Epoch 4 Training results
2021-06-11 20:27:11.711 | INFO     | slp.util.system:print_separator:81 - --------------------------------------------------
2021-06-11 20:27:11.711 | INFO     | slp.plbind.module:log_to_console:484 - train_acc2      0.8134169578552246
2021-06-11 20:27:11.712 | INFO     | slp.plbind.module:log_to_console:484 - train_acc2_zero 0.7811276912689209
2021-06-11 20:27:11.713 | INFO     | slp.plbind.module:log_to_console:484 - train_acc5      0.49882060289382935
2021-06-11 20:27:11.713 | INFO     | slp.plbind.module:log_to_console:484 - train_acc7      0.4853665828704834
2021-06-11 20:27:11.714 | INFO     | slp.plbind.module:log_to_console:484 - train_f1        0.8103746175765991
2021-06-11 20:27:11.714 | INFO     | slp.plbind.module:log_to_console:484 - train_f1_zero   0.7846460938453674
2021-06-11 20:27:11.715 | INFO     | slp.plbind.module:log_to_console:484 - train_mae       0.6290794610977173
2021-06-11 20:27:11.715 | INFO     | slp.plbind.module:log_to_console:484 - train_loss      0.6290794610977173
2021-06-11 20:27:11.716 | INFO     | slp.util.system:print_separator:81 - %%%%%%%%%%%%%%%%%%%%%%%%%%%%%%%%%%%%%%%%%%%%%%%%%%
2021-06-11 20:27:13.664 | INFO     | slp.plbind.module:log_to_console:478 - Epoch 4 Validation results
2021-06-11 20:27:13.666 | INFO     | slp.util.system:print_separator:81 - --------------------------------------------------
2021-06-11 20:27:13.667 | INFO     | slp.plbind.module:log_to_console:484 - val_acc2        0.7765227556228638
2021-06-11 20:27:13.668 | INFO     | slp.plbind.module:log_to_console:484 - val_acc2_zero   0.7328389883041382
2021-06-11 20:27:13.669 | INFO     | slp.plbind.module:log_to_console:484 - val_acc5        0.5271186232566833
2021-06-11 20:27:13.669 | INFO     | slp.plbind.module:log_to_console:484 - val_acc7        0.5112287998199463
2021-06-11 20:27:13.670 | INFO     | slp.plbind.module:log_to_console:484 - val_f1          0.7795949578285217
2021-06-11 20:27:13.671 | INFO     | slp.plbind.module:log_to_console:484 - val_f1_zero     0.74478679895401
2021-06-11 20:27:13.672 | INFO     | slp.plbind.module:log_to_console:484 - val_mae         0.6347805261611938
2021-06-11 20:27:13.672 | INFO     | slp.plbind.module:log_to_console:484 - val_loss        0.6347805261611938
2021-06-11 20:27:13.673 | INFO     | slp.plbind.module:log_to_console:484 - best_score      0.6291112303733826
2021-06-11 20:27:13.674 | INFO     | slp.util.system:print_separator:81 - %%%%%%%%%%%%%%%%%%%%%%%%%%%%%%%%%%%%%%%%%%%%%%%%%%
2021-06-11 20:27:13.676 | INFO     | slp.plbind.helpers:_run_early_stopping_check:25 - Epoch 4 Early Stopping
2021-06-11 20:27:13.677 | INFO     | slp.util.system:print_separator:81 - --------------------------------------------------
2021-06-11 20:27:13.677 | INFO     | slp.plbind.helpers:_run_early_stopping_check:27 - best score      0.6291112303733826
2021-06-11 20:27:13.678 | INFO     | slp.plbind.helpers:_run_early_stopping_check:28 - patience left   9              
2021-06-11 20:27:13.679 | INFO     | slp.util.system:print_separator:81 - ##################################################
2021-06-11 20:27:47.331 | INFO     | slp.plbind.module:log_to_console:478 - Epoch 5 Training results
2021-06-11 20:27:47.332 | INFO     | slp.util.system:print_separator:81 - --------------------------------------------------
2021-06-11 20:27:47.333 | INFO     | slp.plbind.module:log_to_console:484 - train_acc2      0.8236005306243896
2021-06-11 20:27:47.333 | INFO     | slp.plbind.module:log_to_console:484 - train_acc2_zero 0.791917085647583
2021-06-11 20:27:47.334 | INFO     | slp.plbind.module:log_to_console:484 - train_acc5      0.5175426602363586
2021-06-11 20:27:47.334 | INFO     | slp.plbind.module:log_to_console:484 - train_acc7      0.5018870830535889
2021-06-11 20:27:47.334 | INFO     | slp.plbind.module:log_to_console:484 - train_f1        0.8209755420684814
2021-06-11 20:27:47.335 | INFO     | slp.plbind.module:log_to_console:484 - train_f1_zero   0.7957671880722046
2021-06-11 20:27:47.335 | INFO     | slp.plbind.module:log_to_console:484 - train_mae       0.6070900559425354
2021-06-11 20:27:47.336 | INFO     | slp.plbind.module:log_to_console:484 - train_loss      0.6070900559425354
2021-06-11 20:27:47.336 | INFO     | slp.util.system:print_separator:81 - %%%%%%%%%%%%%%%%%%%%%%%%%%%%%%%%%%%%%%%%%%%%%%%%%%
2021-06-11 20:27:49.287 | INFO     | slp.plbind.module:log_to_console:478 - Epoch 5 Validation results
2021-06-11 20:27:49.288 | INFO     | slp.util.system:print_separator:81 - --------------------------------------------------
2021-06-11 20:27:49.289 | INFO     | slp.plbind.module:log_to_console:484 - val_acc2        0.78481525182724
2021-06-11 20:27:49.290 | INFO     | slp.plbind.module:log_to_console:484 - val_acc2_zero   0.7560734748840332
2021-06-11 20:27:49.291 | INFO     | slp.plbind.module:log_to_console:484 - val_acc5        0.5436793565750122
2021-06-11 20:27:49.292 | INFO     | slp.plbind.module:log_to_console:484 - val_acc7        0.5299081802368164
2021-06-11 20:27:49.292 | INFO     | slp.plbind.module:log_to_console:484 - val_f1          0.7900880575180054
2021-06-11 20:27:49.293 | INFO     | slp.plbind.module:log_to_console:484 - val_f1_zero     0.7699172496795654
2021-06-11 20:27:49.294 | INFO     | slp.plbind.module:log_to_console:484 - val_mae         0.5834698677062988
2021-06-11 20:27:49.294 | INFO     | slp.plbind.module:log_to_console:484 - val_loss        0.5834698677062988
2021-06-11 20:27:49.295 | INFO     | slp.plbind.module:log_to_console:484 - best_score      0.6291112303733826
2021-06-11 20:27:49.296 | INFO     | slp.util.system:print_separator:81 - %%%%%%%%%%%%%%%%%%%%%%%%%%%%%%%%%%%%%%%%%%%%%%%%%%
2021-06-11 20:27:49.298 | INFO     | slp.plbind.helpers:_run_early_stopping_check:25 - Epoch 5 Early Stopping
2021-06-11 20:27:49.299 | INFO     | slp.util.system:print_separator:81 - --------------------------------------------------
2021-06-11 20:27:49.299 | INFO     | slp.plbind.helpers:_run_early_stopping_check:27 - best score      0.5834698677062988
2021-06-11 20:27:49.300 | INFO     | slp.plbind.helpers:_run_early_stopping_check:28 - patience left   10             
2021-06-11 20:27:49.301 | INFO     | slp.util.system:print_separator:81 - ##################################################
2021-06-11 20:28:23.402 | INFO     | slp.plbind.module:log_to_console:478 - Epoch 6 Training results
2021-06-11 20:28:23.403 | INFO     | slp.util.system:print_separator:81 - --------------------------------------------------
2021-06-11 20:28:23.403 | INFO     | slp.plbind.module:log_to_console:484 - train_acc2      0.8328642249107361
2021-06-11 20:28:23.404 | INFO     | slp.plbind.module:log_to_console:484 - train_acc2_zero 0.7972113490104675
2021-06-11 20:28:23.405 | INFO     | slp.plbind.module:log_to_console:484 - train_acc5      0.5258509516716003
2021-06-11 20:28:23.405 | INFO     | slp.plbind.module:log_to_console:484 - train_acc7      0.5096449851989746
2021-06-11 20:28:23.406 | INFO     | slp.plbind.module:log_to_console:484 - train_f1        0.8307582139968872
2021-06-11 20:28:23.406 | INFO     | slp.plbind.module:log_to_console:484 - train_f1_zero   0.8014333844184875
2021-06-11 20:28:23.407 | INFO     | slp.plbind.module:log_to_console:484 - train_mae       0.5932724475860596
2021-06-11 20:28:23.408 | INFO     | slp.plbind.module:log_to_console:484 - train_loss      0.5932724475860596
2021-06-11 20:28:23.408 | INFO     | slp.util.system:print_separator:81 - %%%%%%%%%%%%%%%%%%%%%%%%%%%%%%%%%%%%%%%%%%%%%%%%%%
2021-06-11 20:28:25.383 | INFO     | slp.plbind.module:log_to_console:478 - Epoch 6 Validation results
2021-06-11 20:28:25.386 | INFO     | slp.util.system:print_separator:81 - --------------------------------------------------
2021-06-11 20:28:25.388 | INFO     | slp.plbind.module:log_to_console:484 - val_acc2        0.8030365109443665
2021-06-11 20:28:25.391 | INFO     | slp.plbind.module:log_to_console:484 - val_acc2_zero   0.7895833849906921
2021-06-11 20:28:25.393 | INFO     | slp.plbind.module:log_to_console:484 - val_acc5        0.5452683568000793
2021-06-11 20:28:25.395 | INFO     | slp.plbind.module:log_to_console:484 - val_acc7        0.5288488864898682
2021-06-11 20:28:25.397 | INFO     | slp.plbind.module:log_to_console:484 - val_f1          0.797322690486908
2021-06-11 20:28:25.399 | INFO     | slp.plbind.module:log_to_console:484 - val_f1_zero     0.7916771769523621
2021-06-11 20:28:25.401 | INFO     | slp.plbind.module:log_to_console:484 - val_mae         0.5812138319015503
2021-06-11 20:28:25.403 | INFO     | slp.plbind.module:log_to_console:484 - val_loss        0.5812138319015503
2021-06-11 20:28:25.404 | INFO     | slp.plbind.module:log_to_console:484 - best_score      0.5834699273109436
2021-06-11 20:28:25.406 | INFO     | slp.util.system:print_separator:81 - %%%%%%%%%%%%%%%%%%%%%%%%%%%%%%%%%%%%%%%%%%%%%%%%%%
2021-06-11 20:28:25.409 | INFO     | slp.plbind.helpers:_run_early_stopping_check:25 - Epoch 6 Early Stopping
2021-06-11 20:28:25.411 | INFO     | slp.util.system:print_separator:81 - --------------------------------------------------
2021-06-11 20:28:25.413 | INFO     | slp.plbind.helpers:_run_early_stopping_check:27 - best score      0.5812138319015503
2021-06-11 20:28:25.414 | INFO     | slp.plbind.helpers:_run_early_stopping_check:28 - patience left   10             
2021-06-11 20:28:25.415 | INFO     | slp.util.system:print_separator:81 - ##################################################
2021-06-11 20:28:59.698 | INFO     | slp.plbind.module:log_to_console:478 - Epoch 7 Training results
2021-06-11 20:28:59.699 | INFO     | slp.util.system:print_separator:81 - --------------------------------------------------
2021-06-11 20:28:59.699 | INFO     | slp.plbind.module:log_to_console:484 - train_acc2      0.8307631015777588
2021-06-11 20:28:59.700 | INFO     | slp.plbind.module:log_to_console:484 - train_acc2_zero 0.7992556691169739
2021-06-11 20:28:59.700 | INFO     | slp.plbind.module:log_to_console:484 - train_acc5      0.5308306217193604
2021-06-11 20:28:59.701 | INFO     | slp.plbind.module:log_to_console:484 - train_acc7      0.5125454068183899
2021-06-11 20:28:59.701 | INFO     | slp.plbind.module:log_to_console:484 - train_f1        0.827045738697052
2021-06-11 20:28:59.702 | INFO     | slp.plbind.module:log_to_console:484 - train_f1_zero   0.8014996647834778
2021-06-11 20:28:59.702 | INFO     | slp.plbind.module:log_to_console:484 - train_mae       0.5903515219688416
2021-06-11 20:28:59.702 | INFO     | slp.plbind.module:log_to_console:484 - train_loss      0.5903515219688416
2021-06-11 20:28:59.703 | INFO     | slp.util.system:print_separator:81 - %%%%%%%%%%%%%%%%%%%%%%%%%%%%%%%%%%%%%%%%%%%%%%%%%%
2021-06-11 20:29:01.603 | INFO     | slp.plbind.module:log_to_console:478 - Epoch 7 Validation results
2021-06-11 20:29:01.606 | INFO     | slp.util.system:print_separator:81 - --------------------------------------------------
2021-06-11 20:29:01.608 | INFO     | slp.plbind.module:log_to_console:484 - val_acc2        0.7977438569068909
2021-06-11 20:29:01.610 | INFO     | slp.plbind.module:log_to_console:484 - val_acc2_zero   0.7869350910186768
2021-06-11 20:29:01.613 | INFO     | slp.plbind.module:log_to_console:484 - val_acc5        0.5383827686309814
2021-06-11 20:29:01.615 | INFO     | slp.plbind.module:log_to_console:484 - val_acc7        0.5299081802368164
2021-06-11 20:29:01.617 | INFO     | slp.plbind.module:log_to_console:484 - val_f1          0.7891653180122375
2021-06-11 20:29:01.618 | INFO     | slp.plbind.module:log_to_console:484 - val_f1_zero     0.7871347665786743
2021-06-11 20:29:01.620 | INFO     | slp.plbind.module:log_to_console:484 - val_mae         0.573381781578064
2021-06-11 20:29:01.621 | INFO     | slp.plbind.module:log_to_console:484 - val_loss        0.573381781578064
2021-06-11 20:29:01.623 | INFO     | slp.plbind.module:log_to_console:484 - best_score      0.5812138915061951
2021-06-11 20:29:01.624 | INFO     | slp.util.system:print_separator:81 - %%%%%%%%%%%%%%%%%%%%%%%%%%%%%%%%%%%%%%%%%%%%%%%%%%
2021-06-11 20:29:01.628 | INFO     | slp.plbind.helpers:_run_early_stopping_check:25 - Epoch 7 Early Stopping
2021-06-11 20:29:01.629 | INFO     | slp.util.system:print_separator:81 - --------------------------------------------------
2021-06-11 20:29:01.630 | INFO     | slp.plbind.helpers:_run_early_stopping_check:27 - best score      0.573381781578064
2021-06-11 20:29:01.631 | INFO     | slp.plbind.helpers:_run_early_stopping_check:28 - patience left   10             
2021-06-11 20:29:01.632 | INFO     | slp.util.system:print_separator:81 - ##################################################
2021-06-11 20:29:35.657 | INFO     | slp.plbind.module:log_to_console:478 - Epoch 8 Training results
2021-06-11 20:29:35.658 | INFO     | slp.util.system:print_separator:81 - --------------------------------------------------
2021-06-11 20:29:35.659 | INFO     | slp.plbind.module:log_to_console:484 - train_acc2      0.8410748243331909
2021-06-11 20:29:35.659 | INFO     | slp.plbind.module:log_to_console:484 - train_acc2_zero 0.8076076507568359
2021-06-11 20:29:35.660 | INFO     | slp.plbind.module:log_to_console:484 - train_acc5      0.5458833575248718
2021-06-11 20:29:35.660 | INFO     | slp.plbind.module:log_to_console:484 - train_acc7      0.527108907699585
2021-06-11 20:29:35.661 | INFO     | slp.plbind.module:log_to_console:484 - train_f1        0.8384357690811157
2021-06-11 20:29:35.661 | INFO     | slp.plbind.module:log_to_console:484 - train_f1_zero   0.8110918998718262
2021-06-11 20:29:35.662 | INFO     | slp.plbind.module:log_to_console:484 - train_mae       0.5664007067680359
2021-06-11 20:29:35.662 | INFO     | slp.plbind.module:log_to_console:484 - train_loss      0.5664007067680359
2021-06-11 20:29:35.663 | INFO     | slp.util.system:print_separator:81 - %%%%%%%%%%%%%%%%%%%%%%%%%%%%%%%%%%%%%%%%%%%%%%%%%%
2021-06-11 20:29:37.564 | INFO     | slp.plbind.module:log_to_console:478 - Epoch 8 Validation results
2021-06-11 20:29:37.567 | INFO     | slp.util.system:print_separator:81 - --------------------------------------------------
2021-06-11 20:29:37.569 | INFO     | slp.plbind.module:log_to_console:484 - val_acc2        0.8025306463241577
2021-06-11 20:29:37.572 | INFO     | slp.plbind.module:log_to_console:484 - val_acc2_zero   0.8022952079772949
2021-06-11 20:29:37.574 | INFO     | slp.plbind.module:log_to_console:484 - val_acc5        0.5197740197181702
2021-06-11 20:29:37.575 | INFO     | slp.plbind.module:log_to_console:484 - val_acc7        0.5150070786476135
2021-06-11 20:29:37.577 | INFO     | slp.plbind.module:log_to_console:484 - val_f1          0.7940961718559265
2021-06-11 20:29:37.579 | INFO     | slp.plbind.module:log_to_console:484 - val_f1_zero     0.800219714641571
2021-06-11 20:29:37.580 | INFO     | slp.plbind.module:log_to_console:484 - val_mae         0.587290346622467
2021-06-11 20:29:37.582 | INFO     | slp.plbind.module:log_to_console:484 - val_loss        0.587290346622467
2021-06-11 20:29:37.583 | INFO     | slp.plbind.module:log_to_console:484 - best_score      0.573381781578064
2021-06-11 20:29:37.585 | INFO     | slp.util.system:print_separator:81 - %%%%%%%%%%%%%%%%%%%%%%%%%%%%%%%%%%%%%%%%%%%%%%%%%%
2021-06-11 20:29:37.588 | INFO     | slp.plbind.helpers:_run_early_stopping_check:25 - Epoch 8 Early Stopping
2021-06-11 20:29:37.589 | INFO     | slp.util.system:print_separator:81 - --------------------------------------------------
2021-06-11 20:29:37.590 | INFO     | slp.plbind.helpers:_run_early_stopping_check:27 - best score      0.573381781578064
2021-06-11 20:29:37.591 | INFO     | slp.plbind.helpers:_run_early_stopping_check:28 - patience left   9              
2021-06-11 20:29:37.592 | INFO     | slp.util.system:print_separator:81 - ##################################################
2021-06-11 20:30:11.974 | INFO     | slp.plbind.module:log_to_console:478 - Epoch 9 Training results
2021-06-11 20:30:11.975 | INFO     | slp.util.system:print_separator:81 - --------------------------------------------------
2021-06-11 20:30:11.976 | INFO     | slp.plbind.module:log_to_console:484 - train_acc2      0.8425723910331726
2021-06-11 20:30:11.976 | INFO     | slp.plbind.module:log_to_console:484 - train_acc2_zero 0.8098354339599609
2021-06-11 20:30:11.977 | INFO     | slp.plbind.module:log_to_console:484 - train_acc5      0.5482072830200195
2021-06-11 20:30:11.977 | INFO     | slp.plbind.module:log_to_console:484 - train_acc7      0.5286377668380737
2021-06-11 20:30:11.978 | INFO     | slp.plbind.module:log_to_console:484 - train_f1        0.8397865891456604
2021-06-11 20:30:11.978 | INFO     | slp.plbind.module:log_to_console:484 - train_f1_zero   0.8134552836418152
2021-06-11 20:30:11.979 | INFO     | slp.plbind.module:log_to_console:484 - train_mae       0.556020200252533
2021-06-11 20:30:11.979 | INFO     | slp.plbind.module:log_to_console:484 - train_loss      0.556020200252533
2021-06-11 20:30:11.980 | INFO     | slp.util.system:print_separator:81 - %%%%%%%%%%%%%%%%%%%%%%%%%%%%%%%%%%%%%%%%%%%%%%%%%%
2021-06-11 20:30:13.952 | INFO     | slp.plbind.module:log_to_console:478 - Epoch 9 Validation results
2021-06-11 20:30:13.953 | INFO     | slp.util.system:print_separator:81 - --------------------------------------------------
2021-06-11 20:30:13.954 | INFO     | slp.plbind.module:log_to_console:484 - val_acc2        0.7949991226196289
2021-06-11 20:30:13.955 | INFO     | slp.plbind.module:log_to_console:484 - val_acc2_zero   0.8069915175437927
2021-06-11 20:30:13.956 | INFO     | slp.plbind.module:log_to_console:484 - val_acc5        0.5303672552108765
2021-06-11 20:30:13.957 | INFO     | slp.plbind.module:log_to_console:484 - val_acc7        0.5128884315490723
2021-06-11 20:30:13.957 | INFO     | slp.plbind.module:log_to_console:484 - val_f1          0.7876284718513489
2021-06-11 20:30:13.958 | INFO     | slp.plbind.module:log_to_console:484 - val_f1_zero     0.8048553466796875
2021-06-11 20:30:13.959 | INFO     | slp.plbind.module:log_to_console:484 - val_mae         0.5964441895484924
2021-06-11 20:30:13.960 | INFO     | slp.plbind.module:log_to_console:484 - val_loss        0.5964441895484924
2021-06-11 20:30:13.961 | INFO     | slp.plbind.module:log_to_console:484 - best_score      0.573381781578064
2021-06-11 20:30:13.962 | INFO     | slp.util.system:print_separator:81 - %%%%%%%%%%%%%%%%%%%%%%%%%%%%%%%%%%%%%%%%%%%%%%%%%%
2021-06-11 20:30:13.964 | INFO     | slp.plbind.helpers:_run_early_stopping_check:25 - Epoch 9 Early Stopping
2021-06-11 20:30:13.965 | INFO     | slp.util.system:print_separator:81 - --------------------------------------------------
2021-06-11 20:30:13.965 | INFO     | slp.plbind.helpers:_run_early_stopping_check:27 - best score      0.573381781578064
2021-06-11 20:30:13.966 | INFO     | slp.plbind.helpers:_run_early_stopping_check:28 - patience left   8              
2021-06-11 20:30:13.967 | INFO     | slp.util.system:print_separator:81 - ##################################################
2021-06-11 20:30:48.087 | INFO     | slp.plbind.module:log_to_console:478 - Epoch 10 Training results
2021-06-11 20:30:48.088 | INFO     | slp.util.system:print_separator:81 - --------------------------------------------------
2021-06-11 20:30:48.088 | INFO     | slp.plbind.module:log_to_console:484 - train_acc2      0.8513256311416626
2021-06-11 20:30:48.089 | INFO     | slp.plbind.module:log_to_console:484 - train_acc2_zero 0.816501259803772
2021-06-11 20:30:48.090 | INFO     | slp.plbind.module:log_to_console:484 - train_acc5      0.562735915184021
2021-06-11 20:30:48.090 | INFO     | slp.plbind.module:log_to_console:484 - train_acc7      0.5419433116912842
2021-06-11 20:30:48.091 | INFO     | slp.plbind.module:log_to_console:484 - train_f1        0.8489531874656677
2021-06-11 20:30:48.091 | INFO     | slp.plbind.module:log_to_console:484 - train_f1_zero   0.8196132183074951
2021-06-11 20:30:48.092 | INFO     | slp.plbind.module:log_to_console:484 - train_mae       0.5435910224914551
2021-06-11 20:30:48.092 | INFO     | slp.plbind.module:log_to_console:484 - train_loss      0.5435910224914551
2021-06-11 20:30:48.093 | INFO     | slp.util.system:print_separator:81 - %%%%%%%%%%%%%%%%%%%%%%%%%%%%%%%%%%%%%%%%%%%%%%%%%%
2021-06-11 20:30:50.013 | INFO     | slp.plbind.module:log_to_console:478 - Epoch 10 Validation results
2021-06-11 20:30:50.014 | INFO     | slp.util.system:print_separator:81 - --------------------------------------------------
2021-06-11 20:30:50.015 | INFO     | slp.plbind.module:log_to_console:484 - val_acc2        0.7939774990081787
2021-06-11 20:30:50.016 | INFO     | slp.plbind.module:log_to_console:484 - val_acc2_zero   0.7837570905685425
2021-06-11 20:30:50.017 | INFO     | slp.plbind.module:log_to_console:484 - val_acc5        0.533545196056366
2021-06-11 20:30:50.018 | INFO     | slp.plbind.module:log_to_console:484 - val_acc7        0.5240113139152527
2021-06-11 20:30:50.021 | INFO     | slp.plbind.module:log_to_console:484 - val_f1          0.7839744091033936
2021-06-11 20:30:50.022 | INFO     | slp.plbind.module:log_to_console:484 - val_f1_zero     0.7818977236747742
2021-06-11 20:30:50.023 | INFO     | slp.plbind.module:log_to_console:484 - val_mae         0.5724980235099792
2021-06-11 20:30:50.023 | INFO     | slp.plbind.module:log_to_console:484 - val_loss        0.5724980235099792
2021-06-11 20:30:50.024 | INFO     | slp.plbind.module:log_to_console:484 - best_score      0.573381781578064
2021-06-11 20:30:50.025 | INFO     | slp.util.system:print_separator:81 - %%%%%%%%%%%%%%%%%%%%%%%%%%%%%%%%%%%%%%%%%%%%%%%%%%
2021-06-11 20:30:50.027 | INFO     | slp.plbind.helpers:_run_early_stopping_check:25 - Epoch 10 Early Stopping
2021-06-11 20:30:50.028 | INFO     | slp.util.system:print_separator:81 - --------------------------------------------------
2021-06-11 20:30:50.029 | INFO     | slp.plbind.helpers:_run_early_stopping_check:27 - best score      0.5724980235099792
2021-06-11 20:30:50.029 | INFO     | slp.plbind.helpers:_run_early_stopping_check:28 - patience left   10             
2021-06-11 20:30:50.030 | INFO     | slp.util.system:print_separator:81 - ##################################################
2021-06-11 20:31:23.813 | INFO     | slp.plbind.module:log_to_console:478 - Epoch 11 Training results
2021-06-11 20:31:23.814 | INFO     | slp.util.system:print_separator:81 - --------------------------------------------------
2021-06-11 20:31:23.814 | INFO     | slp.plbind.module:log_to_console:484 - train_acc2      0.8524900674819946
2021-06-11 20:31:23.815 | INFO     | slp.plbind.module:log_to_console:484 - train_acc2_zero 0.8157674074172974
2021-06-11 20:31:23.815 | INFO     | slp.plbind.module:log_to_console:484 - train_acc5      0.5707384347915649
2021-06-11 20:31:23.816 | INFO     | slp.plbind.module:log_to_console:484 - train_acc7      0.5500070452690125
2021-06-11 20:31:23.816 | INFO     | slp.plbind.module:log_to_console:484 - train_f1        0.8502364754676819
2021-06-11 20:31:23.817 | INFO     | slp.plbind.module:log_to_console:484 - train_f1_zero   0.8192943334579468
2021-06-11 20:31:23.817 | INFO     | slp.plbind.module:log_to_console:484 - train_mae       0.5296753644943237
2021-06-11 20:31:23.818 | INFO     | slp.plbind.module:log_to_console:484 - train_loss      0.5296753644943237
2021-06-11 20:31:23.818 | INFO     | slp.util.system:print_separator:81 - %%%%%%%%%%%%%%%%%%%%%%%%%%%%%%%%%%%%%%%%%%%%%%%%%%
2021-06-11 20:31:25.703 | INFO     | slp.plbind.module:log_to_console:478 - Epoch 11 Validation results
2021-06-11 20:31:25.704 | INFO     | slp.util.system:print_separator:81 - --------------------------------------------------
2021-06-11 20:31:25.705 | INFO     | slp.plbind.module:log_to_console:484 - val_acc2        0.7584494948387146
2021-06-11 20:31:25.706 | INFO     | slp.plbind.module:log_to_console:484 - val_acc2_zero   0.7177965641021729
2021-06-11 20:31:25.707 | INFO     | slp.plbind.module:log_to_console:484 - val_acc5        0.5090395212173462
2021-06-11 20:31:25.708 | INFO     | slp.plbind.module:log_to_console:484 - val_acc7        0.49103108048439026
2021-06-11 20:31:25.708 | INFO     | slp.plbind.module:log_to_console:484 - val_f1          0.7662670612335205
2021-06-11 20:31:25.709 | INFO     | slp.plbind.module:log_to_console:484 - val_f1_zero     0.7348291873931885
2021-06-11 20:31:25.710 | INFO     | slp.plbind.module:log_to_console:484 - val_mae         0.6486847996711731
2021-06-11 20:31:25.710 | INFO     | slp.plbind.module:log_to_console:484 - val_loss        0.6486847996711731
2021-06-11 20:31:25.711 | INFO     | slp.plbind.module:log_to_console:484 - best_score      0.572498083114624
2021-06-11 20:31:25.712 | INFO     | slp.util.system:print_separator:81 - %%%%%%%%%%%%%%%%%%%%%%%%%%%%%%%%%%%%%%%%%%%%%%%%%%
2021-06-11 20:31:25.714 | INFO     | slp.plbind.helpers:_run_early_stopping_check:25 - Epoch 11 Early Stopping
2021-06-11 20:31:25.715 | INFO     | slp.util.system:print_separator:81 - --------------------------------------------------
2021-06-11 20:31:25.715 | INFO     | slp.plbind.helpers:_run_early_stopping_check:27 - best score      0.5724980235099792
2021-06-11 20:31:25.716 | INFO     | slp.plbind.helpers:_run_early_stopping_check:28 - patience left   9              
2021-06-11 20:31:25.717 | INFO     | slp.util.system:print_separator:81 - ##################################################
2021-06-11 20:31:59.667 | INFO     | slp.plbind.module:log_to_console:478 - Epoch 12 Training results
2021-06-11 20:31:59.667 | INFO     | slp.util.system:print_separator:81 - --------------------------------------------------
2021-06-11 20:31:59.668 | INFO     | slp.plbind.module:log_to_console:484 - train_acc2      0.8579882383346558
2021-06-11 20:31:59.669 | INFO     | slp.plbind.module:log_to_console:484 - train_acc2_zero 0.8198647499084473
2021-06-11 20:31:59.669 | INFO     | slp.plbind.module:log_to_console:484 - train_acc5      0.5829518437385559
2021-06-11 20:31:59.670 | INFO     | slp.plbind.module:log_to_console:484 - train_acc7      0.560045063495636
2021-06-11 20:31:59.670 | INFO     | slp.plbind.module:log_to_console:484 - train_f1        0.8559795022010803
2021-06-11 20:31:59.671 | INFO     | slp.plbind.module:log_to_console:484 - train_f1_zero   0.8237979412078857
2021-06-11 20:31:59.671 | INFO     | slp.plbind.module:log_to_console:484 - train_mae       0.5154083371162415
2021-06-11 20:31:59.672 | INFO     | slp.plbind.module:log_to_console:484 - train_loss      0.5154083371162415
2021-06-11 20:31:59.672 | INFO     | slp.util.system:print_separator:81 - %%%%%%%%%%%%%%%%%%%%%%%%%%%%%%%%%%%%%%%%%%%%%%%%%%
2021-06-11 20:32:01.695 | INFO     | slp.plbind.module:log_to_console:478 - Epoch 12 Validation results
2021-06-11 20:32:01.696 | INFO     | slp.util.system:print_separator:81 - --------------------------------------------------
2021-06-11 20:32:01.697 | INFO     | slp.plbind.module:log_to_console:484 - val_acc2        0.7656021118164062
2021-06-11 20:32:01.698 | INFO     | slp.plbind.module:log_to_console:484 - val_acc2_zero   0.7171257138252258
2021-06-11 20:32:01.698 | INFO     | slp.plbind.module:log_to_console:484 - val_acc5        0.5330155491828918
2021-06-11 20:32:01.699 | INFO     | slp.plbind.module:log_to_console:484 - val_acc7        0.5091807842254639
2021-06-11 20:32:01.700 | INFO     | slp.plbind.module:log_to_console:484 - val_f1          0.7742592692375183
2021-06-11 20:32:01.701 | INFO     | slp.plbind.module:log_to_console:484 - val_f1_zero     0.7332891225814819
2021-06-11 20:32:01.701 | INFO     | slp.plbind.module:log_to_console:484 - val_mae         0.6264892816543579
2021-06-11 20:32:01.702 | INFO     | slp.plbind.module:log_to_console:484 - val_loss        0.6264892816543579
2021-06-11 20:32:01.703 | INFO     | slp.plbind.module:log_to_console:484 - best_score      0.572498083114624
2021-06-11 20:32:01.703 | INFO     | slp.util.system:print_separator:81 - %%%%%%%%%%%%%%%%%%%%%%%%%%%%%%%%%%%%%%%%%%%%%%%%%%
2021-06-11 20:32:01.705 | INFO     | slp.plbind.helpers:_run_early_stopping_check:25 - Epoch 12 Early Stopping
2021-06-11 20:32:01.706 | INFO     | slp.util.system:print_separator:81 - --------------------------------------------------
2021-06-11 20:32:01.707 | INFO     | slp.plbind.helpers:_run_early_stopping_check:27 - best score      0.5724980235099792
2021-06-11 20:32:01.707 | INFO     | slp.plbind.helpers:_run_early_stopping_check:28 - patience left   8              
2021-06-11 20:32:01.708 | INFO     | slp.util.system:print_separator:81 - ##################################################
2021-06-11 20:32:35.582 | INFO     | slp.plbind.module:log_to_console:478 - Epoch 13 Training results
2021-06-11 20:32:35.583 | INFO     | slp.util.system:print_separator:81 - --------------------------------------------------
2021-06-11 20:32:35.584 | INFO     | slp.plbind.module:log_to_console:484 - train_acc2      0.8592405319213867
2021-06-11 20:32:35.584 | INFO     | slp.plbind.module:log_to_console:484 - train_acc2_zero 0.8220663070678711
2021-06-11 20:32:35.585 | INFO     | slp.plbind.module:log_to_console:484 - train_acc5      0.5866473317146301
2021-06-11 20:32:35.585 | INFO     | slp.plbind.module:log_to_console:484 - train_acc7      0.563495934009552
2021-06-11 20:32:35.586 | INFO     | slp.plbind.module:log_to_console:484 - train_f1        0.8568108081817627
2021-06-11 20:32:35.586 | INFO     | slp.plbind.module:log_to_console:484 - train_f1_zero   0.825057864189148
2021-06-11 20:32:35.587 | INFO     | slp.plbind.module:log_to_console:484 - train_mae       0.5079676508903503
2021-06-11 20:32:35.587 | INFO     | slp.plbind.module:log_to_console:484 - train_loss      0.5079676508903503
2021-06-11 20:32:35.588 | INFO     | slp.util.system:print_separator:81 - %%%%%%%%%%%%%%%%%%%%%%%%%%%%%%%%%%%%%%%%%%%%%%%%%%
2021-06-11 20:32:37.558 | INFO     | slp.plbind.module:log_to_console:478 - Epoch 13 Validation results
2021-06-11 20:32:37.559 | INFO     | slp.util.system:print_separator:81 - --------------------------------------------------
2021-06-11 20:32:37.560 | INFO     | slp.plbind.module:log_to_console:484 - val_acc2        0.7949853539466858
2021-06-11 20:32:37.561 | INFO     | slp.plbind.module:log_to_console:484 - val_acc2_zero   0.7906426787376404
2021-06-11 20:32:37.562 | INFO     | slp.plbind.module:log_to_console:484 - val_acc5        0.5351341962814331
2021-06-11 20:32:37.562 | INFO     | slp.plbind.module:log_to_console:484 - val_acc7        0.5229520201683044
2021-06-11 20:32:37.563 | INFO     | slp.plbind.module:log_to_console:484 - val_f1          0.7890591621398926
2021-06-11 20:32:37.564 | INFO     | slp.plbind.module:log_to_console:484 - val_f1_zero     0.7915626168251038
2021-06-11 20:32:37.565 | INFO     | slp.plbind.module:log_to_console:484 - val_mae         0.5747683048248291
2021-06-11 20:32:37.565 | INFO     | slp.plbind.module:log_to_console:484 - val_loss        0.5747683048248291
2021-06-11 20:32:37.566 | INFO     | slp.plbind.module:log_to_console:484 - best_score      0.572498083114624
2021-06-11 20:32:37.567 | INFO     | slp.util.system:print_separator:81 - %%%%%%%%%%%%%%%%%%%%%%%%%%%%%%%%%%%%%%%%%%%%%%%%%%
2021-06-11 20:32:37.569 | INFO     | slp.plbind.helpers:_run_early_stopping_check:25 - Epoch 13 Early Stopping
2021-06-11 20:32:37.570 | INFO     | slp.util.system:print_separator:81 - --------------------------------------------------
2021-06-11 20:32:37.571 | INFO     | slp.plbind.helpers:_run_early_stopping_check:27 - best score      0.5724980235099792
2021-06-11 20:32:37.571 | INFO     | slp.plbind.helpers:_run_early_stopping_check:28 - patience left   7              
2021-06-11 20:32:37.572 | INFO     | slp.util.system:print_separator:81 - ##################################################
2021-06-11 20:33:08.619 | INFO     | slp.plbind.module:log_to_console:478 - Epoch 14 Training results
2021-06-11 20:33:08.620 | INFO     | slp.util.system:print_separator:81 - --------------------------------------------------
2021-06-11 20:33:08.621 | INFO     | slp.plbind.module:log_to_console:484 - train_acc2      0.8710739612579346
2021-06-11 20:33:08.621 | INFO     | slp.plbind.module:log_to_console:484 - train_acc2_zero 0.826626718044281
2021-06-11 20:33:08.622 | INFO     | slp.plbind.module:log_to_console:484 - train_acc5      0.6183865666389465
2021-06-11 20:33:08.623 | INFO     | slp.plbind.module:log_to_console:484 - train_acc7      0.593435525894165
2021-06-11 20:33:08.623 | INFO     | slp.plbind.module:log_to_console:484 - train_f1        0.8699291348457336
2021-06-11 20:33:08.624 | INFO     | slp.plbind.module:log_to_console:484 - train_f1_zero   0.831367015838623
2021-06-11 20:33:08.624 | INFO     | slp.plbind.module:log_to_console:484 - train_mae       0.4670438766479492
2021-06-11 20:33:08.625 | INFO     | slp.plbind.module:log_to_console:484 - train_loss      0.4670438766479492
2021-06-11 20:33:08.625 | INFO     | slp.util.system:print_separator:81 - %%%%%%%%%%%%%%%%%%%%%%%%%%%%%%%%%%%%%%%%%%%%%%%%%%
2021-06-11 20:33:10.207 | INFO     | slp.plbind.module:log_to_console:478 - Epoch 14 Validation results
2021-06-11 20:33:10.209 | INFO     | slp.util.system:print_separator:81 - --------------------------------------------------
2021-06-11 20:33:10.212 | INFO     | slp.plbind.module:log_to_console:484 - val_acc2        0.7891884446144104
2021-06-11 20:33:10.214 | INFO     | slp.plbind.module:log_to_console:484 - val_acc2_zero   0.7714335918426514
2021-06-11 20:33:10.216 | INFO     | slp.plbind.module:log_to_console:484 - val_acc5        0.5429378747940063
2021-06-11 20:33:10.218 | INFO     | slp.plbind.module:log_to_console:484 - val_acc7        0.5307556390762329
2021-06-11 20:33:10.219 | INFO     | slp.plbind.module:log_to_console:484 - val_f1          0.7947164177894592
2021-06-11 20:33:10.220 | INFO     | slp.plbind.module:log_to_console:484 - val_f1_zero     0.7847751975059509
2021-06-11 20:33:10.221 | INFO     | slp.plbind.module:log_to_console:484 - val_mae         0.5819799304008484
2021-06-11 20:33:10.222 | INFO     | slp.plbind.module:log_to_console:484 - val_loss        0.5819799304008484
2021-06-11 20:33:10.223 | INFO     | slp.plbind.module:log_to_console:484 - best_score      0.572498083114624
2021-06-11 20:33:10.224 | INFO     | slp.util.system:print_separator:81 - %%%%%%%%%%%%%%%%%%%%%%%%%%%%%%%%%%%%%%%%%%%%%%%%%%
2021-06-11 20:33:10.227 | INFO     | slp.plbind.helpers:_run_early_stopping_check:25 - Epoch 14 Early Stopping
2021-06-11 20:33:10.228 | INFO     | slp.util.system:print_separator:81 - --------------------------------------------------
2021-06-11 20:33:10.229 | INFO     | slp.plbind.helpers:_run_early_stopping_check:27 - best score      0.5724980235099792
2021-06-11 20:33:10.230 | INFO     | slp.plbind.helpers:_run_early_stopping_check:28 - patience left   6              
2021-06-11 20:33:10.231 | INFO     | slp.util.system:print_separator:81 - ##################################################
2021-06-11 20:33:40.837 | INFO     | slp.plbind.module:log_to_console:478 - Epoch 15 Training results
2021-06-11 20:33:40.837 | INFO     | slp.util.system:print_separator:81 - --------------------------------------------------
2021-06-11 20:33:40.838 | INFO     | slp.plbind.module:log_to_console:484 - train_acc2      0.8758474588394165
2021-06-11 20:33:40.839 | INFO     | slp.plbind.module:log_to_console:484 - train_acc2_zero 0.834629237651825
2021-06-11 20:33:40.839 | INFO     | slp.plbind.module:log_to_console:484 - train_acc5      0.6310892105102539
2021-06-11 20:33:40.840 | INFO     | slp.plbind.module:log_to_console:484 - train_acc7      0.606199324131012
2021-06-11 20:33:40.840 | INFO     | slp.plbind.module:log_to_console:484 - train_f1        0.8744032382965088
2021-06-11 20:33:40.841 | INFO     | slp.plbind.module:log_to_console:484 - train_f1_zero   0.8387704491615295
2021-06-11 20:33:40.841 | INFO     | slp.plbind.module:log_to_console:484 - train_mae       0.45323804020881653
2021-06-11 20:33:40.842 | INFO     | slp.plbind.module:log_to_console:484 - train_loss      0.45323804020881653
2021-06-11 20:33:40.843 | INFO     | slp.util.system:print_separator:81 - %%%%%%%%%%%%%%%%%%%%%%%%%%%%%%%%%%%%%%%%%%%%%%%%%%
2021-06-11 20:33:42.470 | INFO     | slp.plbind.module:log_to_console:478 - Epoch 15 Validation results
2021-06-11 20:33:42.471 | INFO     | slp.util.system:print_separator:81 - --------------------------------------------------
2021-06-11 20:33:42.472 | INFO     | slp.plbind.module:log_to_console:484 - val_acc2        0.7829918265342712
2021-06-11 20:33:42.473 | INFO     | slp.plbind.module:log_to_console:484 - val_acc2_zero   0.7468573451042175
2021-06-11 20:33:42.473 | INFO     | slp.plbind.module:log_to_console:484 - val_acc5        0.5334745645523071
2021-06-11 20:33:42.474 | INFO     | slp.plbind.module:log_to_console:484 - val_acc7        0.5250000357627869
2021-06-11 20:33:42.475 | INFO     | slp.plbind.module:log_to_console:484 - val_f1          0.7906281352043152
2021-06-11 20:33:42.475 | INFO     | slp.plbind.module:log_to_console:484 - val_f1_zero     0.7636075615882874
2021-06-11 20:33:42.476 | INFO     | slp.plbind.module:log_to_console:484 - val_mae         0.5790567398071289
2021-06-11 20:33:42.477 | INFO     | slp.plbind.module:log_to_console:484 - val_loss        0.5790567398071289
2021-06-11 20:33:42.478 | INFO     | slp.plbind.module:log_to_console:484 - best_score      0.572498083114624
2021-06-11 20:33:42.478 | INFO     | slp.util.system:print_separator:81 - %%%%%%%%%%%%%%%%%%%%%%%%%%%%%%%%%%%%%%%%%%%%%%%%%%
2021-06-11 20:33:42.480 | INFO     | slp.plbind.helpers:_run_early_stopping_check:25 - Epoch 15 Early Stopping
2021-06-11 20:33:42.481 | INFO     | slp.util.system:print_separator:81 - --------------------------------------------------
2021-06-11 20:33:42.482 | INFO     | slp.plbind.helpers:_run_early_stopping_check:27 - best score      0.5724980235099792
2021-06-11 20:33:42.482 | INFO     | slp.plbind.helpers:_run_early_stopping_check:28 - patience left   5              
2021-06-11 20:33:42.483 | INFO     | slp.util.system:print_separator:81 - ##################################################
2021-06-11 20:34:13.253 | INFO     | slp.plbind.module:log_to_console:478 - Epoch 16 Training results
2021-06-11 20:34:13.254 | INFO     | slp.util.system:print_separator:81 - --------------------------------------------------
2021-06-11 20:34:13.255 | INFO     | slp.plbind.module:log_to_console:484 - train_acc2      0.877312183380127
2021-06-11 20:34:13.255 | INFO     | slp.plbind.module:log_to_console:484 - train_acc2_zero 0.8308988213539124
2021-06-11 20:34:13.256 | INFO     | slp.plbind.module:log_to_console:484 - train_acc5      0.6347759962081909
2021-06-11 20:34:13.256 | INFO     | slp.plbind.module:log_to_console:484 - train_acc7      0.6093618273735046
2021-06-11 20:34:13.257 | INFO     | slp.plbind.module:log_to_console:484 - train_f1        0.875921368598938
2021-06-11 20:34:13.257 | INFO     | slp.plbind.module:log_to_console:484 - train_f1_zero   0.8350996971130371
2021-06-11 20:34:13.258 | INFO     | slp.plbind.module:log_to_console:484 - train_mae       0.4430234134197235
2021-06-11 20:34:13.259 | INFO     | slp.plbind.module:log_to_console:484 - train_loss      0.4430234134197235
2021-06-11 20:34:13.259 | INFO     | slp.util.system:print_separator:81 - %%%%%%%%%%%%%%%%%%%%%%%%%%%%%%%%%%%%%%%%%%%%%%%%%%
2021-06-11 20:34:14.916 | INFO     | slp.plbind.module:log_to_console:478 - Epoch 16 Validation results
2021-06-11 20:34:14.917 | INFO     | slp.util.system:print_separator:81 - --------------------------------------------------
2021-06-11 20:34:14.919 | INFO     | slp.plbind.module:log_to_console:484 - val_acc2        0.7851125597953796
2021-06-11 20:34:14.920 | INFO     | slp.plbind.module:log_to_console:484 - val_acc2_zero   0.7951270937919617
2021-06-11 20:34:14.921 | INFO     | slp.plbind.module:log_to_console:484 - val_acc5        0.524470329284668
2021-06-11 20:34:14.923 | INFO     | slp.plbind.module:log_to_console:484 - val_acc7        0.5117585062980652
2021-06-11 20:34:14.924 | INFO     | slp.plbind.module:log_to_console:484 - val_f1          0.7806572914123535
2021-06-11 20:34:14.925 | INFO     | slp.plbind.module:log_to_console:484 - val_f1_zero     0.7956658005714417
2021-06-11 20:34:14.926 | INFO     | slp.plbind.module:log_to_console:484 - val_mae         0.5929281115531921
2021-06-11 20:34:14.927 | INFO     | slp.plbind.module:log_to_console:484 - val_loss        0.5929281115531921
2021-06-11 20:34:14.928 | INFO     | slp.plbind.module:log_to_console:484 - best_score      0.572498083114624
2021-06-11 20:34:14.929 | INFO     | slp.util.system:print_separator:81 - %%%%%%%%%%%%%%%%%%%%%%%%%%%%%%%%%%%%%%%%%%%%%%%%%%
2021-06-11 20:34:14.932 | INFO     | slp.plbind.helpers:_run_early_stopping_check:25 - Epoch 16 Early Stopping
2021-06-11 20:34:14.933 | INFO     | slp.util.system:print_separator:81 - --------------------------------------------------
2021-06-11 20:34:14.934 | INFO     | slp.plbind.helpers:_run_early_stopping_check:27 - best score      0.5724980235099792
2021-06-11 20:34:14.935 | INFO     | slp.plbind.helpers:_run_early_stopping_check:28 - patience left   4              
2021-06-11 20:34:14.936 | INFO     | slp.util.system:print_separator:81 - ##################################################
2021-06-11 20:34:46.018 | INFO     | slp.plbind.module:log_to_console:478 - Epoch 17 Training results
2021-06-11 20:34:46.019 | INFO     | slp.util.system:print_separator:81 - --------------------------------------------------
2021-06-11 20:34:46.020 | INFO     | slp.plbind.module:log_to_console:484 - train_acc2      0.884278416633606
2021-06-11 20:34:46.020 | INFO     | slp.plbind.module:log_to_console:484 - train_acc2_zero 0.8371015787124634
2021-06-11 20:34:46.021 | INFO     | slp.plbind.module:log_to_console:484 - train_acc5      0.6459323167800903
2021-06-11 20:34:46.021 | INFO     | slp.plbind.module:log_to_console:484 - train_acc7      0.6203696727752686
2021-06-11 20:34:46.022 | INFO     | slp.plbind.module:log_to_console:484 - train_f1        0.8830297589302063
2021-06-11 20:34:46.023 | INFO     | slp.plbind.module:log_to_console:484 - train_f1_zero   0.8415146470069885
2021-06-11 20:34:46.023 | INFO     | slp.plbind.module:log_to_console:484 - train_mae       0.4317212998867035
2021-06-11 20:34:46.024 | INFO     | slp.plbind.module:log_to_console:484 - train_loss      0.4317212998867035
2021-06-11 20:34:46.024 | INFO     | slp.util.system:print_separator:81 - %%%%%%%%%%%%%%%%%%%%%%%%%%%%%%%%%%%%%%%%%%%%%%%%%%
2021-06-11 20:34:47.630 | INFO     | slp.plbind.module:log_to_console:478 - Epoch 17 Validation results
2021-06-11 20:34:47.631 | INFO     | slp.util.system:print_separator:81 - --------------------------------------------------
2021-06-11 20:34:47.632 | INFO     | slp.plbind.module:log_to_console:484 - val_acc2        0.8009735345840454
2021-06-11 20:34:47.633 | INFO     | slp.plbind.module:log_to_console:484 - val_acc2_zero   0.7867937684059143
2021-06-11 20:34:47.634 | INFO     | slp.plbind.module:log_to_console:484 - val_acc5        0.5334745645523071
2021-06-11 20:34:47.635 | INFO     | slp.plbind.module:log_to_console:484 - val_acc7        0.5218220353126526
2021-06-11 20:34:47.635 | INFO     | slp.plbind.module:log_to_console:484 - val_f1          0.8034220337867737
2021-06-11 20:34:47.636 | INFO     | slp.plbind.module:log_to_console:484 - val_f1_zero     0.7944756746292114
2021-06-11 20:34:47.637 | INFO     | slp.plbind.module:log_to_console:484 - val_mae         0.5716447830200195
2021-06-11 20:34:47.638 | INFO     | slp.plbind.module:log_to_console:484 - val_loss        0.5716447830200195
2021-06-11 20:34:47.638 | INFO     | slp.plbind.module:log_to_console:484 - best_score      0.572498083114624
2021-06-11 20:34:47.639 | INFO     | slp.util.system:print_separator:81 - %%%%%%%%%%%%%%%%%%%%%%%%%%%%%%%%%%%%%%%%%%%%%%%%%%
2021-06-11 20:34:47.641 | INFO     | slp.plbind.helpers:_run_early_stopping_check:25 - Epoch 17 Early Stopping
2021-06-11 20:34:47.642 | INFO     | slp.util.system:print_separator:81 - --------------------------------------------------
2021-06-11 20:34:47.642 | INFO     | slp.plbind.helpers:_run_early_stopping_check:27 - best score      0.5716447830200195
2021-06-11 20:34:47.643 | INFO     | slp.plbind.helpers:_run_early_stopping_check:28 - patience left   10             
2021-06-11 20:34:47.644 | INFO     | slp.util.system:print_separator:81 - ##################################################
2021-06-11 20:35:20.189 | INFO     | slp.plbind.module:log_to_console:478 - Epoch 18 Training results
2021-06-11 20:35:20.190 | INFO     | slp.util.system:print_separator:81 - --------------------------------------------------
2021-06-11 20:35:20.190 | INFO     | slp.plbind.module:log_to_console:484 - train_acc2      0.88560950756073
2021-06-11 20:35:20.191 | INFO     | slp.plbind.module:log_to_console:484 - train_acc2_zero 0.8394953608512878
2021-06-11 20:35:20.192 | INFO     | slp.plbind.module:log_to_console:484 - train_acc5      0.6544066667556763
2021-06-11 20:35:20.192 | INFO     | slp.plbind.module:log_to_console:484 - train_acc7      0.6290274858474731
2021-06-11 20:35:20.193 | INFO     | slp.plbind.module:log_to_console:484 - train_f1        0.8845695853233337
2021-06-11 20:35:20.193 | INFO     | slp.plbind.module:log_to_console:484 - train_f1_zero   0.8436599373817444
2021-06-11 20:35:20.194 | INFO     | slp.plbind.module:log_to_console:484 - train_mae       0.42313459515571594
2021-06-11 20:35:20.194 | INFO     | slp.plbind.module:log_to_console:484 - train_loss      0.42313459515571594
2021-06-11 20:35:20.195 | INFO     | slp.util.system:print_separator:81 - %%%%%%%%%%%%%%%%%%%%%%%%%%%%%%%%%%%%%%%%%%%%%%%%%%
2021-06-11 20:35:21.793 | INFO     | slp.plbind.module:log_to_console:478 - Epoch 18 Validation results
2021-06-11 20:35:21.796 | INFO     | slp.util.system:print_separator:81 - --------------------------------------------------
2021-06-11 20:35:21.798 | INFO     | slp.plbind.module:log_to_console:484 - val_acc2        0.7880720496177673
2021-06-11 20:35:21.800 | INFO     | slp.plbind.module:log_to_console:484 - val_acc2_zero   0.7612994313240051
2021-06-11 20:35:21.802 | INFO     | slp.plbind.module:log_to_console:484 - val_acc5        0.5297669768333435
2021-06-11 20:35:21.804 | INFO     | slp.plbind.module:log_to_console:484 - val_acc7        0.5159957408905029
2021-06-11 20:35:21.806 | INFO     | slp.plbind.module:log_to_console:484 - val_f1          0.7942714095115662
2021-06-11 20:35:21.808 | INFO     | slp.plbind.module:log_to_console:484 - val_f1_zero     0.7759695649147034
2021-06-11 20:35:21.809 | INFO     | slp.plbind.module:log_to_console:484 - val_mae         0.59914231300354
2021-06-11 20:35:21.811 | INFO     | slp.plbind.module:log_to_console:484 - val_loss        0.59914231300354
2021-06-11 20:35:21.812 | INFO     | slp.plbind.module:log_to_console:484 - best_score      0.5716448426246643
2021-06-11 20:35:21.814 | INFO     | slp.util.system:print_separator:81 - %%%%%%%%%%%%%%%%%%%%%%%%%%%%%%%%%%%%%%%%%%%%%%%%%%
2021-06-11 20:35:21.817 | INFO     | slp.plbind.helpers:_run_early_stopping_check:25 - Epoch 18 Early Stopping
2021-06-11 20:35:21.819 | INFO     | slp.util.system:print_separator:81 - --------------------------------------------------
2021-06-11 20:35:21.820 | INFO     | slp.plbind.helpers:_run_early_stopping_check:27 - best score      0.5716447830200195
2021-06-11 20:35:21.821 | INFO     | slp.plbind.helpers:_run_early_stopping_check:28 - patience left   9              
2021-06-11 20:35:21.822 | INFO     | slp.util.system:print_separator:81 - ##################################################
2021-06-11 20:35:56.489 | INFO     | slp.plbind.module:log_to_console:478 - Epoch 19 Training results
2021-06-11 20:35:56.490 | INFO     | slp.util.system:print_separator:81 - --------------------------------------------------
2021-06-11 20:35:56.491 | INFO     | slp.plbind.module:log_to_console:484 - train_acc2      0.8859903216362
2021-06-11 20:35:56.491 | INFO     | slp.plbind.module:log_to_console:484 - train_acc2_zero 0.8352057933807373
2021-06-11 20:35:56.492 | INFO     | slp.plbind.module:log_to_console:484 - train_acc5      0.6609763503074646
2021-06-11 20:35:56.492 | INFO     | slp.plbind.module:log_to_console:484 - train_acc7      0.6359640955924988
2021-06-11 20:35:56.493 | INFO     | slp.plbind.module:log_to_console:484 - train_f1        0.8851103186607361
2021-06-11 20:35:56.493 | INFO     | slp.plbind.module:log_to_console:484 - train_f1_zero   0.8403131365776062
2021-06-11 20:35:56.494 | INFO     | slp.plbind.module:log_to_console:484 - train_mae       0.4126601815223694
2021-06-11 20:35:56.494 | INFO     | slp.plbind.module:log_to_console:484 - train_loss      0.4126601815223694
2021-06-11 20:35:56.495 | INFO     | slp.util.system:print_separator:81 - %%%%%%%%%%%%%%%%%%%%%%%%%%%%%%%%%%%%%%%%%%%%%%%%%%
2021-06-11 20:35:58.320 | INFO     | slp.plbind.module:log_to_console:478 - Epoch 19 Validation results
2021-06-11 20:35:58.322 | INFO     | slp.util.system:print_separator:81 - --------------------------------------------------
2021-06-11 20:35:58.325 | INFO     | slp.plbind.module:log_to_console:484 - val_acc2        0.7885757088661194
2021-06-11 20:35:58.326 | INFO     | slp.plbind.module:log_to_console:484 - val_acc2_zero   0.7714335918426514
2021-06-11 20:35:58.329 | INFO     | slp.plbind.module:log_to_console:484 - val_acc5        0.534004271030426
2021-06-11 20:35:58.330 | INFO     | slp.plbind.module:log_to_console:484 - val_acc7        0.5218220353126526
2021-06-11 20:35:58.332 | INFO     | slp.plbind.module:log_to_console:484 - val_f1          0.7916784882545471
2021-06-11 20:35:58.334 | INFO     | slp.plbind.module:log_to_console:484 - val_f1_zero     0.7809749841690063
2021-06-11 20:35:58.335 | INFO     | slp.plbind.module:log_to_console:484 - val_mae         0.585137128829956
2021-06-11 20:35:58.337 | INFO     | slp.plbind.module:log_to_console:484 - val_loss        0.585137128829956
2021-06-11 20:35:58.339 | INFO     | slp.plbind.module:log_to_console:484 - best_score      0.5716448426246643
2021-06-11 20:35:58.340 | INFO     | slp.util.system:print_separator:81 - %%%%%%%%%%%%%%%%%%%%%%%%%%%%%%%%%%%%%%%%%%%%%%%%%%
2021-06-11 20:35:58.344 | INFO     | slp.plbind.helpers:_run_early_stopping_check:25 - Epoch 19 Early Stopping
2021-06-11 20:35:58.345 | INFO     | slp.util.system:print_separator:81 - --------------------------------------------------
2021-06-11 20:35:58.346 | INFO     | slp.plbind.helpers:_run_early_stopping_check:27 - best score      0.5716447830200195
2021-06-11 20:35:58.347 | INFO     | slp.plbind.helpers:_run_early_stopping_check:28 - patience left   8              
2021-06-11 20:35:58.348 | INFO     | slp.util.system:print_separator:81 - ##################################################
2021-06-11 20:36:32.866 | INFO     | slp.plbind.module:log_to_console:478 - Epoch 20 Training results
2021-06-11 20:36:32.867 | INFO     | slp.util.system:print_separator:81 - --------------------------------------------------
2021-06-11 20:36:32.868 | INFO     | slp.plbind.module:log_to_console:484 - train_acc2      0.8910701870918274
2021-06-11 20:36:32.868 | INFO     | slp.plbind.module:log_to_console:484 - train_acc2_zero 0.8420027494430542
2021-06-11 20:36:32.869 | INFO     | slp.plbind.module:log_to_console:484 - train_acc5      0.6692410111427307
2021-06-11 20:36:32.869 | INFO     | slp.plbind.module:log_to_console:484 - train_acc7      0.6424552798271179
2021-06-11 20:36:32.870 | INFO     | slp.plbind.module:log_to_console:484 - train_f1        0.8901829123497009
2021-06-11 20:36:32.871 | INFO     | slp.plbind.module:log_to_console:484 - train_f1_zero   0.8469184637069702
2021-06-11 20:36:32.871 | INFO     | slp.plbind.module:log_to_console:484 - train_mae       0.40585654973983765
2021-06-11 20:36:32.872 | INFO     | slp.plbind.module:log_to_console:484 - train_loss      0.40585654973983765
2021-06-11 20:36:32.872 | INFO     | slp.util.system:print_separator:81 - %%%%%%%%%%%%%%%%%%%%%%%%%%%%%%%%%%%%%%%%%%%%%%%%%%
2021-06-11 20:36:34.537 | INFO     | slp.plbind.module:log_to_console:478 - Epoch 20 Validation results
2021-06-11 20:36:34.539 | INFO     | slp.util.system:print_separator:81 - --------------------------------------------------
2021-06-11 20:36:34.542 | INFO     | slp.plbind.module:log_to_console:484 - val_acc2        0.7818756103515625
2021-06-11 20:36:34.544 | INFO     | slp.plbind.module:log_to_console:484 - val_acc2_zero   0.7553319334983826
2021-06-11 20:36:34.546 | INFO     | slp.plbind.module:log_to_console:484 - val_acc5        0.5191737413406372
2021-06-11 20:36:34.548 | INFO     | slp.plbind.module:log_to_console:484 - val_acc7        0.5032839179039001
2021-06-11 20:36:34.550 | INFO     | slp.plbind.module:log_to_console:484 - val_f1          0.7874493598937988
2021-06-11 20:36:34.552 | INFO     | slp.plbind.module:log_to_console:484 - val_f1_zero     0.7687340378761292
2021-06-11 20:36:34.553 | INFO     | slp.plbind.module:log_to_console:484 - val_mae         0.6162438988685608
2021-06-11 20:36:34.555 | INFO     | slp.plbind.module:log_to_console:484 - val_loss        0.6162438988685608
2021-06-11 20:36:34.557 | INFO     | slp.plbind.module:log_to_console:484 - best_score      0.5716448426246643
2021-06-11 20:36:34.558 | INFO     | slp.util.system:print_separator:81 - %%%%%%%%%%%%%%%%%%%%%%%%%%%%%%%%%%%%%%%%%%%%%%%%%%
2021-06-11 20:36:34.562 | INFO     | slp.plbind.helpers:_run_early_stopping_check:25 - Epoch 20 Early Stopping
2021-06-11 20:36:34.563 | INFO     | slp.util.system:print_separator:81 - --------------------------------------------------
2021-06-11 20:36:34.565 | INFO     | slp.plbind.helpers:_run_early_stopping_check:27 - best score      0.5716447830200195
2021-06-11 20:36:34.566 | INFO     | slp.plbind.helpers:_run_early_stopping_check:28 - patience left   7              
2021-06-11 20:36:34.567 | INFO     | slp.util.system:print_separator:81 - ##################################################
2021-06-11 20:37:08.986 | INFO     | slp.plbind.module:log_to_console:478 - Epoch 21 Training results
2021-06-11 20:37:08.987 | INFO     | slp.util.system:print_separator:81 - --------------------------------------------------
2021-06-11 20:37:08.988 | INFO     | slp.plbind.module:log_to_console:484 - train_acc2      0.8980022668838501
2021-06-11 20:37:08.988 | INFO     | slp.plbind.module:log_to_console:484 - train_acc2_zero 0.8433132171630859
2021-06-11 20:37:08.989 | INFO     | slp.plbind.module:log_to_console:484 - train_acc5      0.6868709921836853
2021-06-11 20:37:08.989 | INFO     | slp.plbind.module:log_to_console:484 - train_acc7      0.6621034145355225
2021-06-11 20:37:08.990 | INFO     | slp.plbind.module:log_to_console:484 - train_f1        0.8971306085586548
2021-06-11 20:37:08.990 | INFO     | slp.plbind.module:log_to_console:484 - train_f1_zero   0.8481130003929138
2021-06-11 20:37:08.991 | INFO     | slp.plbind.module:log_to_console:484 - train_mae       0.3812553286552429
2021-06-11 20:37:08.991 | INFO     | slp.plbind.module:log_to_console:484 - train_loss      0.3812553286552429
2021-06-11 20:37:08.991 | INFO     | slp.util.system:print_separator:81 - %%%%%%%%%%%%%%%%%%%%%%%%%%%%%%%%%%%%%%%%%%%%%%%%%%
2021-06-11 20:37:10.614 | INFO     | slp.plbind.module:log_to_console:478 - Epoch 21 Validation results
2021-06-11 20:37:10.615 | INFO     | slp.util.system:print_separator:81 - --------------------------------------------------
2021-06-11 20:37:10.616 | INFO     | slp.plbind.module:log_to_console:484 - val_acc2        0.7892519235610962
2021-06-11 20:37:10.617 | INFO     | slp.plbind.module:log_to_console:484 - val_acc2_zero   0.7701624035835266
2021-06-11 20:37:10.618 | INFO     | slp.plbind.module:log_to_console:484 - val_acc5        0.5361229181289673
2021-06-11 20:37:10.618 | INFO     | slp.plbind.module:log_to_console:484 - val_acc7        0.525529682636261
2021-06-11 20:37:10.619 | INFO     | slp.plbind.module:log_to_console:484 - val_f1          0.7913817167282104
2021-06-11 20:37:10.620 | INFO     | slp.plbind.module:log_to_console:484 - val_f1_zero     0.7803715467453003
2021-06-11 20:37:10.620 | INFO     | slp.plbind.module:log_to_console:484 - val_mae         0.5833012461662292
2021-06-11 20:37:10.621 | INFO     | slp.plbind.module:log_to_console:484 - val_loss        0.5833012461662292
2021-06-11 20:37:10.622 | INFO     | slp.plbind.module:log_to_console:484 - best_score      0.5716448426246643
2021-06-11 20:37:10.622 | INFO     | slp.util.system:print_separator:81 - %%%%%%%%%%%%%%%%%%%%%%%%%%%%%%%%%%%%%%%%%%%%%%%%%%
2021-06-11 20:37:10.624 | INFO     | slp.plbind.helpers:_run_early_stopping_check:25 - Epoch 21 Early Stopping
2021-06-11 20:37:10.625 | INFO     | slp.util.system:print_separator:81 - --------------------------------------------------
2021-06-11 20:37:10.626 | INFO     | slp.plbind.helpers:_run_early_stopping_check:27 - best score      0.5716447830200195
2021-06-11 20:37:10.626 | INFO     | slp.plbind.helpers:_run_early_stopping_check:28 - patience left   6              
2021-06-11 20:37:10.627 | INFO     | slp.util.system:print_separator:81 - ##################################################
2021-06-11 20:37:45.057 | INFO     | slp.plbind.module:log_to_console:478 - Epoch 22 Training results
2021-06-11 20:37:45.058 | INFO     | slp.util.system:print_separator:81 - --------------------------------------------------
2021-06-11 20:37:45.059 | INFO     | slp.plbind.module:log_to_console:484 - train_acc2      0.9010589122772217
2021-06-11 20:37:45.059 | INFO     | slp.plbind.module:log_to_console:484 - train_acc2_zero 0.844536304473877
2021-06-11 20:37:45.060 | INFO     | slp.plbind.module:log_to_console:484 - train_acc5      0.6946026682853699
2021-06-11 20:37:45.060 | INFO     | slp.plbind.module:log_to_console:484 - train_acc7      0.6697738766670227
2021-06-11 20:37:45.061 | INFO     | slp.plbind.module:log_to_console:484 - train_f1        0.8999822735786438
2021-06-11 20:37:45.061 | INFO     | slp.plbind.module:log_to_console:484 - train_f1_zero   0.8490695953369141
2021-06-11 20:37:45.062 | INFO     | slp.plbind.module:log_to_console:484 - train_mae       0.37210991978645325
2021-06-11 20:37:45.062 | INFO     | slp.plbind.module:log_to_console:484 - train_loss      0.37210991978645325
2021-06-11 20:37:45.063 | INFO     | slp.util.system:print_separator:81 - %%%%%%%%%%%%%%%%%%%%%%%%%%%%%%%%%%%%%%%%%%%%%%%%%%
2021-06-11 20:37:46.938 | INFO     | slp.plbind.module:log_to_console:478 - Epoch 22 Validation results
2021-06-11 20:37:46.940 | INFO     | slp.util.system:print_separator:81 - --------------------------------------------------
2021-06-11 20:37:46.942 | INFO     | slp.plbind.module:log_to_console:484 - val_acc2        0.7934285402297974
2021-06-11 20:37:46.944 | INFO     | slp.plbind.module:log_to_console:484 - val_acc2_zero   0.7798376083374023
2021-06-11 20:37:46.946 | INFO     | slp.plbind.module:log_to_console:484 - val_acc5        0.5287076234817505
2021-06-11 20:37:46.948 | INFO     | slp.plbind.module:log_to_console:484 - val_acc7        0.517055094242096
2021-06-11 20:37:46.950 | INFO     | slp.plbind.module:log_to_console:484 - val_f1          0.7924142479896545
2021-06-11 20:37:46.952 | INFO     | slp.plbind.module:log_to_console:484 - val_f1_zero     0.7873924970626831
2021-06-11 20:37:46.954 | INFO     | slp.plbind.module:log_to_console:484 - val_mae         0.5903357267379761
2021-06-11 20:37:46.955 | INFO     | slp.plbind.module:log_to_console:484 - val_loss        0.5903357267379761
2021-06-11 20:37:46.957 | INFO     | slp.plbind.module:log_to_console:484 - best_score      0.5716448426246643
2021-06-11 20:37:46.958 | INFO     | slp.util.system:print_separator:81 - %%%%%%%%%%%%%%%%%%%%%%%%%%%%%%%%%%%%%%%%%%%%%%%%%%
2021-06-11 20:37:46.962 | INFO     | slp.plbind.helpers:_run_early_stopping_check:25 - Epoch 22 Early Stopping
2021-06-11 20:37:46.963 | INFO     | slp.util.system:print_separator:81 - --------------------------------------------------
2021-06-11 20:37:46.965 | INFO     | slp.plbind.helpers:_run_early_stopping_check:27 - best score      0.5716447830200195
2021-06-11 20:37:46.967 | INFO     | slp.plbind.helpers:_run_early_stopping_check:28 - patience left   5              
2021-06-11 20:37:46.969 | INFO     | slp.util.system:print_separator:81 - ##################################################
2021-06-11 20:38:21.582 | INFO     | slp.plbind.module:log_to_console:478 - Epoch 23 Training results
2021-06-11 20:38:21.583 | INFO     | slp.util.system:print_separator:81 - --------------------------------------------------
2021-06-11 20:38:21.584 | INFO     | slp.plbind.module:log_to_console:484 - train_acc2      0.9004867672920227
2021-06-11 20:38:21.584 | INFO     | slp.plbind.module:log_to_console:484 - train_acc2_zero 0.8461000919342041
2021-06-11 20:38:21.585 | INFO     | slp.plbind.module:log_to_console:484 - train_acc5      0.6986475586891174
2021-06-11 20:38:21.585 | INFO     | slp.plbind.module:log_to_console:484 - train_acc7      0.6747012734413147
2021-06-11 20:38:21.586 | INFO     | slp.plbind.module:log_to_console:484 - train_f1        0.8998061418533325
2021-06-11 20:38:21.587 | INFO     | slp.plbind.module:log_to_console:484 - train_f1_zero   0.8508946895599365
2021-06-11 20:38:21.588 | INFO     | slp.plbind.module:log_to_console:484 - train_mae       0.3656589984893799
2021-06-11 20:38:21.589 | INFO     | slp.plbind.module:log_to_console:484 - train_loss      0.3656589984893799
2021-06-11 20:38:21.590 | INFO     | slp.util.system:print_separator:81 - %%%%%%%%%%%%%%%%%%%%%%%%%%%%%%%%%%%%%%%%%%%%%%%%%%
2021-06-11 20:38:23.225 | INFO     | slp.plbind.module:log_to_console:478 - Epoch 23 Validation results
2021-06-11 20:38:23.227 | INFO     | slp.util.system:print_separator:81 - --------------------------------------------------
2021-06-11 20:38:23.230 | INFO     | slp.plbind.module:log_to_console:484 - val_acc2        0.7933146953582764
2021-06-11 20:38:23.232 | INFO     | slp.plbind.module:log_to_console:484 - val_acc2_zero   0.7718220353126526
2021-06-11 20:38:23.234 | INFO     | slp.plbind.module:log_to_console:484 - val_acc5        0.5165960788726807
2021-06-11 20:38:23.236 | INFO     | slp.plbind.module:log_to_console:484 - val_acc7        0.5028249025344849
2021-06-11 20:38:23.238 | INFO     | slp.plbind.module:log_to_console:484 - val_f1          0.7960128784179688
2021-06-11 20:38:23.240 | INFO     | slp.plbind.module:log_to_console:484 - val_f1_zero     0.7832233905792236
2021-06-11 20:38:23.241 | INFO     | slp.plbind.module:log_to_console:484 - val_mae         0.6015180349349976
2021-06-11 20:38:23.243 | INFO     | slp.plbind.module:log_to_console:484 - val_loss        0.6015180349349976
2021-06-11 20:38:23.244 | INFO     | slp.plbind.module:log_to_console:484 - best_score      0.5716448426246643
2021-06-11 20:38:23.246 | INFO     | slp.util.system:print_separator:81 - %%%%%%%%%%%%%%%%%%%%%%%%%%%%%%%%%%%%%%%%%%%%%%%%%%
2021-06-11 20:38:23.250 | INFO     | slp.plbind.helpers:_run_early_stopping_check:25 - Epoch 23 Early Stopping
2021-06-11 20:38:23.251 | INFO     | slp.util.system:print_separator:81 - --------------------------------------------------
2021-06-11 20:38:23.253 | INFO     | slp.plbind.helpers:_run_early_stopping_check:27 - best score      0.5716447830200195
2021-06-11 20:38:23.254 | INFO     | slp.plbind.helpers:_run_early_stopping_check:28 - patience left   4              
2021-06-11 20:38:23.255 | INFO     | slp.util.system:print_separator:81 - ##################################################
2021-06-11 20:38:57.875 | INFO     | slp.plbind.module:log_to_console:478 - Epoch 24 Training results
2021-06-11 20:38:57.876 | INFO     | slp.util.system:print_separator:81 - --------------------------------------------------
2021-06-11 20:38:57.877 | INFO     | slp.plbind.module:log_to_console:484 - train_acc2      0.9040060043334961
2021-06-11 20:38:57.877 | INFO     | slp.plbind.module:log_to_console:484 - train_acc2_zero 0.8463796377182007
2021-06-11 20:38:57.878 | INFO     | slp.plbind.module:log_to_console:484 - train_acc5      0.7051038146018982
2021-06-11 20:38:57.878 | INFO     | slp.plbind.module:log_to_console:484 - train_acc7      0.6797857880592346
2021-06-11 20:38:57.879 | INFO     | slp.plbind.module:log_to_console:484 - train_f1        0.9034490585327148
2021-06-11 20:38:57.879 | INFO     | slp.plbind.module:log_to_console:484 - train_f1_zero   0.8511412143707275
2021-06-11 20:38:57.880 | INFO     | slp.plbind.module:log_to_console:484 - train_mae       0.35839828848838806
2021-06-11 20:38:57.881 | INFO     | slp.plbind.module:log_to_console:484 - train_loss      0.35839828848838806
2021-06-11 20:38:57.881 | INFO     | slp.util.system:print_separator:81 - %%%%%%%%%%%%%%%%%%%%%%%%%%%%%%%%%%%%%%%%%%%%%%%%%%
2021-06-11 20:38:59.561 | INFO     | slp.plbind.module:log_to_console:478 - Epoch 24 Validation results
2021-06-11 20:38:59.564 | INFO     | slp.util.system:print_separator:81 - --------------------------------------------------
2021-06-11 20:38:59.566 | INFO     | slp.plbind.module:log_to_console:484 - val_acc2        0.790941059589386
2021-06-11 20:38:59.568 | INFO     | slp.plbind.module:log_to_console:484 - val_acc2_zero   0.7640183568000793
2021-06-11 20:38:59.570 | INFO     | slp.plbind.module:log_to_console:484 - val_acc5        0.5197033882141113
2021-06-11 20:38:59.572 | INFO     | slp.plbind.module:log_to_console:484 - val_acc7        0.509110152721405
2021-06-11 20:38:59.574 | INFO     | slp.plbind.module:log_to_console:484 - val_f1          0.7935829162597656
2021-06-11 20:38:59.576 | INFO     | slp.plbind.module:log_to_console:484 - val_f1_zero     0.7743775248527527
2021-06-11 20:38:59.577 | INFO     | slp.plbind.module:log_to_console:484 - val_mae         0.6001086235046387
2021-06-11 20:38:59.579 | INFO     | slp.plbind.module:log_to_console:484 - val_loss        0.6001086235046387
2021-06-11 20:38:59.581 | INFO     | slp.plbind.module:log_to_console:484 - best_score      0.5716448426246643
2021-06-11 20:38:59.582 | INFO     | slp.util.system:print_separator:81 - %%%%%%%%%%%%%%%%%%%%%%%%%%%%%%%%%%%%%%%%%%%%%%%%%%
2021-06-11 20:38:59.586 | INFO     | slp.plbind.helpers:_run_early_stopping_check:25 - Epoch 24 Early Stopping
2021-06-11 20:38:59.587 | INFO     | slp.util.system:print_separator:81 - --------------------------------------------------
2021-06-11 20:38:59.589 | INFO     | slp.plbind.helpers:_run_early_stopping_check:27 - best score      0.5716447830200195
2021-06-11 20:38:59.590 | INFO     | slp.plbind.helpers:_run_early_stopping_check:28 - patience left   3              
2021-06-11 20:38:59.591 | INFO     | slp.util.system:print_separator:81 - ##################################################
2021-06-11 20:39:34.349 | INFO     | slp.plbind.module:log_to_console:478 - Epoch 25 Training results
2021-06-11 20:39:34.350 | INFO     | slp.util.system:print_separator:81 - --------------------------------------------------
2021-06-11 20:39:34.351 | INFO     | slp.plbind.module:log_to_console:484 - train_acc2      0.903735876083374
2021-06-11 20:39:34.352 | INFO     | slp.plbind.module:log_to_console:484 - train_acc2_zero 0.8450953960418701
2021-06-11 20:39:34.352 | INFO     | slp.plbind.module:log_to_console:484 - train_acc5      0.7079430818557739
2021-06-11 20:39:34.353 | INFO     | slp.plbind.module:log_to_console:484 - train_acc7      0.6835423707962036
2021-06-11 20:39:34.353 | INFO     | slp.plbind.module:log_to_console:484 - train_f1        0.9031583666801453
2021-06-11 20:39:34.354 | INFO     | slp.plbind.module:log_to_console:484 - train_f1_zero   0.8500115275382996
2021-06-11 20:39:34.354 | INFO     | slp.plbind.module:log_to_console:484 - train_mae       0.35426077246665955
2021-06-11 20:39:34.355 | INFO     | slp.plbind.module:log_to_console:484 - train_loss      0.35426077246665955
2021-06-11 20:39:34.355 | INFO     | slp.util.system:print_separator:81 - %%%%%%%%%%%%%%%%%%%%%%%%%%%%%%%%%%%%%%%%%%%%%%%%%%
2021-06-11 20:39:36.059 | INFO     | slp.plbind.module:log_to_console:478 - Epoch 25 Validation results
2021-06-11 20:39:36.060 | INFO     | slp.util.system:print_separator:81 - --------------------------------------------------
2021-06-11 20:39:36.061 | INFO     | slp.plbind.module:log_to_console:484 - val_acc2        0.7803154587745667
2021-06-11 20:39:36.062 | INFO     | slp.plbind.module:log_to_console:484 - val_acc2_zero   0.742160975933075
2021-06-11 20:39:36.063 | INFO     | slp.plbind.module:log_to_console:484 - val_acc5        0.5287782549858093
2021-06-11 20:39:36.064 | INFO     | slp.plbind.module:log_to_console:484 - val_acc7        0.5155367255210876
2021-06-11 20:39:36.064 | INFO     | slp.plbind.module:log_to_console:484 - val_f1          0.785973072052002
2021-06-11 20:39:36.065 | INFO     | slp.plbind.module:log_to_console:484 - val_f1_zero     0.7569006085395813
2021-06-11 20:39:36.066 | INFO     | slp.plbind.module:log_to_console:484 - val_mae         0.5891584753990173
2021-06-11 20:39:36.066 | INFO     | slp.plbind.module:log_to_console:484 - val_loss        0.5891584753990173
2021-06-11 20:39:36.067 | INFO     | slp.plbind.module:log_to_console:484 - best_score      0.5716448426246643
2021-06-11 20:39:36.068 | INFO     | slp.util.system:print_separator:81 - %%%%%%%%%%%%%%%%%%%%%%%%%%%%%%%%%%%%%%%%%%%%%%%%%%
2021-06-11 20:39:36.070 | INFO     | slp.plbind.helpers:_run_early_stopping_check:25 - Epoch 25 Early Stopping
2021-06-11 20:39:36.070 | INFO     | slp.util.system:print_separator:81 - --------------------------------------------------
2021-06-11 20:39:36.071 | INFO     | slp.plbind.helpers:_run_early_stopping_check:27 - best score      0.5716447830200195
2021-06-11 20:39:36.072 | INFO     | slp.plbind.helpers:_run_early_stopping_check:28 - patience left   2              
2021-06-11 20:39:36.073 | INFO     | slp.util.system:print_separator:81 - ##################################################
2021-06-11 20:40:10.596 | INFO     | slp.plbind.module:log_to_console:478 - Epoch 26 Training results
2021-06-11 20:40:10.597 | INFO     | slp.util.system:print_separator:81 - --------------------------------------------------
2021-06-11 20:40:10.598 | INFO     | slp.plbind.module:log_to_console:484 - train_acc2      0.907946765422821
2021-06-11 20:40:10.598 | INFO     | slp.plbind.module:log_to_console:484 - train_acc2_zero 0.8473843336105347
2021-06-11 20:40:10.599 | INFO     | slp.plbind.module:log_to_console:484 - train_acc5      0.7236074209213257
2021-06-11 20:40:10.599 | INFO     | slp.plbind.module:log_to_console:484 - train_acc7      0.6998794674873352
2021-06-11 20:40:10.600 | INFO     | slp.plbind.module:log_to_console:484 - train_f1        0.9073556065559387
2021-06-11 20:40:10.600 | INFO     | slp.plbind.module:log_to_console:484 - train_f1_zero   0.8524434566497803
2021-06-11 20:40:10.601 | INFO     | slp.plbind.module:log_to_console:484 - train_mae       0.3387347161769867
2021-06-11 20:40:10.601 | INFO     | slp.plbind.module:log_to_console:484 - train_loss      0.3387347161769867
2021-06-11 20:40:10.601 | INFO     | slp.util.system:print_separator:81 - %%%%%%%%%%%%%%%%%%%%%%%%%%%%%%%%%%%%%%%%%%%%%%%%%%
2021-06-11 20:40:12.129 | INFO     | slp.plbind.module:log_to_console:478 - Epoch 26 Validation results
2021-06-11 20:40:12.132 | INFO     | slp.util.system:print_separator:81 - --------------------------------------------------
2021-06-11 20:40:12.134 | INFO     | slp.plbind.module:log_to_console:484 - val_acc2        0.7949191331863403
2021-06-11 20:40:12.136 | INFO     | slp.plbind.module:log_to_console:484 - val_acc2_zero   0.7734816670417786
2021-06-11 20:40:12.138 | INFO     | slp.plbind.module:log_to_console:484 - val_acc5        0.5208333730697632
2021-06-11 20:40:12.140 | INFO     | slp.plbind.module:log_to_console:484 - val_acc7        0.5081214904785156
2021-06-11 20:40:12.141 | INFO     | slp.plbind.module:log_to_console:484 - val_f1          0.7982383370399475
2021-06-11 20:40:12.143 | INFO     | slp.plbind.module:log_to_console:484 - val_f1_zero     0.784757673740387
2021-06-11 20:40:12.144 | INFO     | slp.plbind.module:log_to_console:484 - val_mae         0.5897054672241211
2021-06-11 20:40:12.146 | INFO     | slp.plbind.module:log_to_console:484 - val_loss        0.5897054672241211
2021-06-11 20:40:12.148 | INFO     | slp.plbind.module:log_to_console:484 - best_score      0.5716448426246643
2021-06-11 20:40:12.149 | INFO     | slp.util.system:print_separator:81 - %%%%%%%%%%%%%%%%%%%%%%%%%%%%%%%%%%%%%%%%%%%%%%%%%%
2021-06-11 20:40:12.152 | INFO     | slp.plbind.helpers:_run_early_stopping_check:25 - Epoch 26 Early Stopping
2021-06-11 20:40:12.154 | INFO     | slp.util.system:print_separator:81 - --------------------------------------------------
2021-06-11 20:40:12.155 | INFO     | slp.plbind.helpers:_run_early_stopping_check:27 - best score      0.5716447830200195
2021-06-11 20:40:12.156 | INFO     | slp.plbind.helpers:_run_early_stopping_check:28 - patience left   1              
2021-06-11 20:40:12.157 | INFO     | slp.util.system:print_separator:81 - ##################################################
2021-06-11 20:40:46.977 | INFO     | slp.plbind.module:log_to_console:478 - Epoch 27 Training results
2021-06-11 20:40:46.977 | INFO     | slp.util.system:print_separator:81 - --------------------------------------------------
2021-06-11 20:40:46.978 | INFO     | slp.plbind.module:log_to_console:484 - train_acc2      0.9116924405097961
2021-06-11 20:40:46.979 | INFO     | slp.plbind.module:log_to_console:484 - train_acc2_zero 0.8488258123397827
2021-06-11 20:40:46.979 | INFO     | slp.plbind.module:log_to_console:484 - train_acc5      0.7273378372192383
2021-06-11 20:40:46.980 | INFO     | slp.plbind.module:log_to_console:484 - train_acc7      0.7037584185600281
2021-06-11 20:40:46.980 | INFO     | slp.plbind.module:log_to_console:484 - train_f1        0.9109981656074524
2021-06-11 20:40:46.981 | INFO     | slp.plbind.module:log_to_console:484 - train_f1_zero   0.8537253141403198
2021-06-11 20:40:46.981 | INFO     | slp.plbind.module:log_to_console:484 - train_mae       0.33633437752723694
2021-06-11 20:40:46.982 | INFO     | slp.plbind.module:log_to_console:484 - train_loss      0.33633437752723694
2021-06-11 20:40:46.982 | INFO     | slp.util.system:print_separator:81 - %%%%%%%%%%%%%%%%%%%%%%%%%%%%%%%%%%%%%%%%%%%%%%%%%%
2021-06-11 20:40:48.682 | INFO     | slp.plbind.module:log_to_console:478 - Epoch 27 Validation results
2021-06-11 20:40:48.683 | INFO     | slp.util.system:print_separator:81 - --------------------------------------------------
2021-06-11 20:40:48.684 | INFO     | slp.plbind.module:log_to_console:484 - val_acc2        0.7904818058013916
2021-06-11 20:40:48.685 | INFO     | slp.plbind.module:log_to_console:484 - val_acc2_zero   0.766525387763977
2021-06-11 20:40:48.686 | INFO     | slp.plbind.module:log_to_console:484 - val_acc5        0.5207627415657043
2021-06-11 20:40:48.686 | INFO     | slp.plbind.module:log_to_console:484 - val_acc7        0.510169506072998
2021-06-11 20:40:48.687 | INFO     | slp.plbind.module:log_to_console:484 - val_f1          0.7938218116760254
2021-06-11 20:40:48.687 | INFO     | slp.plbind.module:log_to_console:484 - val_f1_zero     0.7787308692932129
2021-06-11 20:40:48.688 | INFO     | slp.plbind.module:log_to_console:484 - val_mae         0.5915732383728027
2021-06-11 20:40:48.689 | INFO     | slp.plbind.module:log_to_console:484 - val_loss        0.5915732383728027
2021-06-11 20:40:48.690 | INFO     | slp.plbind.module:log_to_console:484 - best_score      0.5716448426246643
2021-06-11 20:40:48.691 | INFO     | slp.util.system:print_separator:81 - %%%%%%%%%%%%%%%%%%%%%%%%%%%%%%%%%%%%%%%%%%%%%%%%%%
2021-06-11 20:40:48.693 | INFO     | slp.plbind.helpers:_run_early_stopping_check:25 - Epoch 27 Early Stopping
2021-06-11 20:40:48.693 | INFO     | slp.util.system:print_separator:81 - --------------------------------------------------
2021-06-11 20:40:48.694 | INFO     | slp.plbind.helpers:_run_early_stopping_check:27 - best score      0.5716447830200195
2021-06-11 20:40:48.695 | INFO     | slp.plbind.helpers:_run_early_stopping_check:28 - patience left   0              
2021-06-11 20:40:48.695 | INFO     | slp.plbind.helpers:_run_early_stopping_check:33 - Stopping due to early stopping
2021-06-11 20:40:48.696 | INFO     | slp.util.system:print_separator:81 - ##################################################
2021-06-11 20:40:48.811 | INFO     | pytorch_lightning.profiler.profilers:describe:96 - 

Profiler Report

Action                             	|  Mean duration (s)	|Num calls      	|  Total time (s) 	|  Percentage %   	|
------------------------------------------------------------------------------------------------------------------------------------
Total                              	|  -              	|_              	|  961.58         	|  100 %          	|
------------------------------------------------------------------------------------------------------------------------------------
run_training_epoch                 	|  35.475         	|27             	|  957.82         	|  99.608         	|
run_training_batch                 	|  0.063278       	|13797          	|  873.05         	|  90.793         	|
optimizer_step_and_closure_0       	|  0.060804       	|13797          	|  838.91         	|  87.242         	|
training_step_and_backward         	|  0.050639       	|13797          	|  698.67         	|  72.658         	|
model_forward                      	|  0.027255       	|13797          	|  376.04         	|  39.106         	|
training_step                      	|  0.027009       	|13797          	|  372.64         	|  38.753         	|
model_backward                     	|  0.023128       	|13797          	|  319.09         	|  33.184         	|
evaluation_step_and_end            	|  0.024921       	|1595           	|  39.749         	|  4.1337         	|
validation_step                    	|  0.024777       	|1595           	|  39.519         	|  4.1098         	|
get_train_batch                    	|  0.00050707     	|13797          	|  6.996          	|  0.72755        	|
on_train_batch_end                 	|  0.00014483     	|13797          	|  1.9982         	|  0.2078         	|
on_train_batch_start               	|  0.00013244     	|13797          	|  1.8273         	|  0.19003        	|
cache_result                       	|  1.9116e-05     	|74076          	|  1.416          	|  0.14726        	|
on_validation_end                  	|  0.031673       	|28             	|  0.88684        	|  0.092227       	|
on_after_backward                  	|  3.0336e-05     	|13797          	|  0.41855        	|  0.043527       	|
on_before_zero_grad                	|  2.8943e-05     	|13797          	|  0.39933        	|  0.041528       	|
on_batch_start                     	|  2.7204e-05     	|13797          	|  0.37534        	|  0.039033       	|
on_batch_end                       	|  1.8918e-05     	|13797          	|  0.26102        	|  0.027144       	|
on_validation_batch_end            	|  9.0739e-05     	|1595           	|  0.14473        	|  0.015051       	|
training_step_end                  	|  9.5762e-06     	|13797          	|  0.13212        	|  0.01374        	|
on_train_end                       	|  0.04591        	|1              	|  0.04591        	|  0.0047745      	|
on_validation_batch_start          	|  1.5903e-05     	|1595           	|  0.025365       	|  0.0026378      	|
on_epoch_start                     	|  0.00068722     	|27             	|  0.018555       	|  0.0019296      	|
validation_step_end                	|  1.0835e-05     	|1595           	|  0.017282       	|  0.0017972      	|
on_validation_start                	|  0.00061217     	|28             	|  0.017141       	|  0.0017826      	|
on_train_start                     	|  0.0021162      	|1              	|  0.0021162      	|  0.00022008     	|
on_train_epoch_end                 	|  2.7186e-05     	|27             	|  0.00073401     	|  7.6333e-05     	|
on_epoch_end                       	|  1.1233e-05     	|55             	|  0.00061779     	|  6.4247e-05     	|
on_validation_epoch_end            	|  2.1266e-05     	|28             	|  0.00059544     	|  6.1923e-05     	|
on_validation_epoch_start          	|  1.7555e-05     	|28             	|  0.00049155     	|  5.1119e-05     	|
on_train_epoch_start               	|  1.4604e-05     	|27             	|  0.0003943      	|  4.1005e-05     	|
on_fit_start                       	|  2.3717e-05     	|1              	|  2.3717e-05     	|  2.4665e-06     	|
on_before_accelerator_backend_setup	|  2.216e-05      	|1              	|  2.216e-05      	|  2.3045e-06     	|

