2021-06-11 19:31:38.112 | INFO     | slp.util.log:configure_logging:84 - Log file will be saved in logs/table1-run2.20210611-193138.log
2021-06-11 19:31:38.939 | INFO     | slp.plbind.dm:setup:159 - Using provided validation set
2021-06-11 19:31:38.939 | INFO     | slp.plbind.dm:setup:162 - Using provided test set
2021-06-11 19:31:38.939 | INFO     | slp.plbind.dm:setup:212 - Using 16327 samples for training
2021-06-11 19:31:38.939 | INFO     | slp.plbind.dm:setup:213 - Using 1871 samples for validation
2021-06-11 19:31:38.940 | INFO     | slp.plbind.dm:setup:216 - Using 4662 samples for testing
2021-06-11 19:31:38.959 | INFO     | slp.plbind.trainer:make_trainer:428 - Logs will be saved in rnn-m3-0.2/table1-run2
2021-06-11 19:31:38.959 | INFO     | slp.plbind.trainer:make_trainer:429 - Logs will be saved in rnn-m3-0.2/table1-run2/20210611-193138/checkpoints
2021-06-11 19:31:38.994 | INFO     | slp.plbind.trainer:make_trainer:461 - Configured wandb and CSV loggers.
2021-06-11 19:31:38.995 | INFO     | slp.plbind.trainer:make_trainer:462 - Wandb configured to run table1-run2/20210611-193138 in project table1-run2
2021-06-11 19:31:38.996 | INFO     | slp.plbind.trainer:make_trainer:467 - Results will be stored online.
2021-06-11 19:31:38.996 | INFO     | slp.plbind.trainer:make_trainer:475 - Experiment verbose description:
MOSEI RNN-baseline with M3

Tags:['mosei', 'rnn-baseline', 'm3', 'regularization']
2021-06-11 19:31:38.999 | INFO     | slp.plbind.trainer:make_trainer:496 - Configured Early stopping and Model checkpointing to track val_loss
2021-06-11 19:31:39.035 | INFO     | pytorch_lightning.utilities.distributed:_info:54 - GPU available: True, used: True
2021-06-11 19:31:39.035 | INFO     | pytorch_lightning.utilities.distributed:_info:54 - TPU available: None, using: 0 TPU cores
2021-06-11 19:31:39.772 | INFO     | slp.plbind.trainer:watch_model:613 - Tracking model weights & gradients in wandb.
2021-06-11 19:31:39.773 | INFO     | pytorch_lightning.accelerators.gpu:set_nvidia_flags:40 - LOCAL_RANK: 0 - CUDA_VISIBLE_DEVICES: [3]
2021-06-11 19:31:41.932 | INFO     | pytorch_lightning.core.lightning:summarize:1457 - 
  | Name          | Type                            | Params
------------------------------------------------------------------
0 | model         | AudioVisualTextMaskedClassifier | 1.6 M 
1 | criterion     | L1Loss                          | 0     
2 | train_metrics | ModuleDict                      | 0     
3 | val_metrics   | ModuleDict                      | 0     
4 | test_metrics  | ModuleDict                      | 0     
------------------------------------------------------------------
1.6 M     Trainable params
0         Non-trainable params
1.6 M     Total params
6.535     Total estimated model params size (MB)
2021-06-11 19:31:42.181 | INFO     | slp.plbind.module:log_to_console:478 - Epoch 1 Validation results
2021-06-11 19:31:42.182 | INFO     | slp.util.system:print_separator:81 - --------------------------------------------------
2021-06-11 19:31:42.183 | INFO     | slp.plbind.module:log_to_console:484 - val_acc2        0.5094696879386902
2021-06-11 19:31:42.184 | INFO     | slp.plbind.module:log_to_console:484 - val_acc2_zero   0.640625       
2021-06-11 19:31:42.184 | INFO     | slp.plbind.module:log_to_console:484 - val_acc5        0.09375        
2021-06-11 19:31:42.185 | INFO     | slp.plbind.module:log_to_console:484 - val_acc7        0.03125        
2021-06-11 19:31:42.185 | INFO     | slp.plbind.module:log_to_console:484 - val_f1          0.37208032608032227
2021-06-11 19:31:42.186 | INFO     | slp.plbind.module:log_to_console:484 - val_f1_zero     0.5138251781463623
2021-06-11 19:31:42.186 | INFO     | slp.plbind.module:log_to_console:484 - val_mae         6.01235818862915
2021-06-11 19:31:42.187 | INFO     | slp.plbind.module:log_to_console:484 - val_loss        6.01235818862915
2021-06-11 19:31:42.187 | INFO     | slp.plbind.module:log_to_console:484 - best_score      inf            
2021-06-11 19:31:42.187 | INFO     | slp.util.system:print_separator:81 - %%%%%%%%%%%%%%%%%%%%%%%%%%%%%%%%%%%%%%%%%%%%%%%%%%
2021-06-11 19:32:15.178 | INFO     | slp.plbind.module:log_to_console:478 - Epoch 1 Training results
2021-06-11 19:32:15.179 | INFO     | slp.util.system:print_separator:81 - --------------------------------------------------
2021-06-11 19:32:15.179 | INFO     | slp.plbind.module:log_to_console:484 - train_acc2      0.6940885782241821
2021-06-11 19:32:15.180 | INFO     | slp.plbind.module:log_to_console:484 - train_acc2_zero 0.6738887429237366
2021-06-11 19:32:15.181 | INFO     | slp.plbind.module:log_to_console:484 - train_acc5      0.38809579610824585
2021-06-11 19:32:15.181 | INFO     | slp.plbind.module:log_to_console:484 - train_acc7      0.38216379284858704
2021-06-11 19:32:15.182 | INFO     | slp.plbind.module:log_to_console:484 - train_f1        0.6731537580490112
2021-06-11 19:32:15.182 | INFO     | slp.plbind.module:log_to_console:484 - train_f1_zero   0.6629354357719421
2021-06-11 19:32:15.183 | INFO     | slp.plbind.module:log_to_console:484 - train_mae       0.9806526899337769
2021-06-11 19:32:15.183 | INFO     | slp.plbind.module:log_to_console:484 - train_loss      0.9806526899337769
2021-06-11 19:32:15.183 | INFO     | slp.util.system:print_separator:81 - %%%%%%%%%%%%%%%%%%%%%%%%%%%%%%%%%%%%%%%%%%%%%%%%%%
2021-06-11 19:32:17.063 | INFO     | slp.plbind.module:log_to_console:478 - Epoch 1 Validation results
2021-06-11 19:32:17.065 | INFO     | slp.util.system:print_separator:81 - --------------------------------------------------
2021-06-11 19:32:17.067 | INFO     | slp.plbind.module:log_to_console:484 - val_acc2        0.6640034317970276
2021-06-11 19:32:17.069 | INFO     | slp.plbind.module:log_to_console:484 - val_acc2_zero   0.5718573927879333
2021-06-11 19:32:17.071 | INFO     | slp.plbind.module:log_to_console:484 - val_acc5        0.4527542293071747
2021-06-11 19:32:17.073 | INFO     | slp.plbind.module:log_to_console:484 - val_acc7        0.4432203471660614
2021-06-11 19:32:17.075 | INFO     | slp.plbind.module:log_to_console:484 - val_f1          0.6649426817893982
2021-06-11 19:32:17.077 | INFO     | slp.plbind.module:log_to_console:484 - val_f1_zero     0.5809817314147949
2021-06-11 19:32:17.078 | INFO     | slp.plbind.module:log_to_console:484 - val_mae         0.7719824910163879
2021-06-11 19:32:17.080 | INFO     | slp.plbind.module:log_to_console:484 - val_loss        0.7719824910163879
2021-06-11 19:32:17.081 | INFO     | slp.plbind.module:log_to_console:484 - best_score      inf            
2021-06-11 19:32:17.083 | INFO     | slp.util.system:print_separator:81 - %%%%%%%%%%%%%%%%%%%%%%%%%%%%%%%%%%%%%%%%%%%%%%%%%%
2021-06-11 19:32:17.087 | INFO     | slp.plbind.helpers:_run_early_stopping_check:25 - Epoch 1 Early Stopping
2021-06-11 19:32:17.088 | INFO     | slp.util.system:print_separator:81 - --------------------------------------------------
2021-06-11 19:32:17.089 | INFO     | slp.plbind.helpers:_run_early_stopping_check:27 - best score      0.7719824910163879
2021-06-11 19:32:17.090 | INFO     | slp.plbind.helpers:_run_early_stopping_check:28 - patience left   10             
2021-06-11 19:32:17.091 | INFO     | slp.util.system:print_separator:81 - ##################################################
2021-06-11 19:32:50.881 | INFO     | slp.plbind.module:log_to_console:478 - Epoch 2 Training results
2021-06-11 19:32:50.881 | INFO     | slp.util.system:print_separator:81 - --------------------------------------------------
2021-06-11 19:32:50.882 | INFO     | slp.plbind.module:log_to_console:484 - train_acc2      0.7684322595596313
2021-06-11 19:32:50.884 | INFO     | slp.plbind.module:log_to_console:484 - train_acc2_zero 0.7422857880592346
2021-06-11 19:32:50.886 | INFO     | slp.plbind.module:log_to_console:484 - train_acc5      0.4556104838848114
2021-06-11 19:32:50.887 | INFO     | slp.plbind.module:log_to_console:484 - train_acc7      0.44735461473464966
2021-06-11 19:32:50.888 | INFO     | slp.plbind.module:log_to_console:484 - train_f1        0.7596749663352966
2021-06-11 19:32:50.890 | INFO     | slp.plbind.module:log_to_console:484 - train_f1_zero   0.7414969205856323
2021-06-11 19:32:50.891 | INFO     | slp.plbind.module:log_to_console:484 - train_mae       0.7139304876327515
2021-06-11 19:32:50.893 | INFO     | slp.plbind.module:log_to_console:484 - train_loss      0.7139304876327515
2021-06-11 19:32:50.894 | INFO     | slp.util.system:print_separator:81 - %%%%%%%%%%%%%%%%%%%%%%%%%%%%%%%%%%%%%%%%%%%%%%%%%%
2021-06-11 19:32:52.875 | INFO     | slp.plbind.module:log_to_console:478 - Epoch 2 Validation results
2021-06-11 19:32:52.876 | INFO     | slp.util.system:print_separator:81 - --------------------------------------------------
2021-06-11 19:32:52.877 | INFO     | slp.plbind.module:log_to_console:484 - val_acc2        0.7352271676063538
2021-06-11 19:32:52.877 | INFO     | slp.plbind.module:log_to_console:484 - val_acc2_zero   0.6764124035835266
2021-06-11 19:32:52.878 | INFO     | slp.plbind.module:log_to_console:484 - val_acc5        0.502295196056366
2021-06-11 19:32:52.879 | INFO     | slp.plbind.module:log_to_console:484 - val_acc7        0.4927613139152527
2021-06-11 19:32:52.880 | INFO     | slp.plbind.module:log_to_console:484 - val_f1          0.7406675815582275
2021-06-11 19:32:52.880 | INFO     | slp.plbind.module:log_to_console:484 - val_f1_zero     0.6925109624862671
2021-06-11 19:32:52.881 | INFO     | slp.plbind.module:log_to_console:484 - val_mae         0.6559721231460571
2021-06-11 19:32:52.882 | INFO     | slp.plbind.module:log_to_console:484 - val_loss        0.6559721231460571
2021-06-11 19:32:52.882 | INFO     | slp.plbind.module:log_to_console:484 - best_score      0.7719824910163879
2021-06-11 19:32:52.883 | INFO     | slp.util.system:print_separator:81 - %%%%%%%%%%%%%%%%%%%%%%%%%%%%%%%%%%%%%%%%%%%%%%%%%%
2021-06-11 19:32:52.885 | INFO     | slp.plbind.helpers:_run_early_stopping_check:25 - Epoch 2 Early Stopping
2021-06-11 19:32:52.886 | INFO     | slp.util.system:print_separator:81 - --------------------------------------------------
2021-06-11 19:32:52.887 | INFO     | slp.plbind.helpers:_run_early_stopping_check:27 - best score      0.6559721231460571
2021-06-11 19:32:52.887 | INFO     | slp.plbind.helpers:_run_early_stopping_check:28 - patience left   10             
2021-06-11 19:32:52.888 | INFO     | slp.util.system:print_separator:81 - ##################################################
2021-06-11 19:33:27.144 | INFO     | slp.plbind.module:log_to_console:478 - Epoch 3 Training results
2021-06-11 19:33:27.144 | INFO     | slp.util.system:print_separator:81 - --------------------------------------------------
2021-06-11 19:33:27.145 | INFO     | slp.plbind.module:log_to_console:484 - train_acc2      0.7906815409660339
2021-06-11 19:33:27.146 | INFO     | slp.plbind.module:log_to_console:484 - train_acc2_zero 0.7618552446365356
2021-06-11 19:33:27.146 | INFO     | slp.plbind.module:log_to_console:484 - train_acc5      0.475704163312912
2021-06-11 19:33:27.147 | INFO     | slp.plbind.module:log_to_console:484 - train_acc7      0.46384015679359436
2021-06-11 19:33:27.147 | INFO     | slp.plbind.module:log_to_console:484 - train_f1        0.7829458713531494
2021-06-11 19:33:27.148 | INFO     | slp.plbind.module:log_to_console:484 - train_f1_zero   0.7616720199584961
2021-06-11 19:33:27.148 | INFO     | slp.plbind.module:log_to_console:484 - train_mae       0.6650747656822205
2021-06-11 19:33:27.149 | INFO     | slp.plbind.module:log_to_console:484 - train_loss      0.6650747656822205
2021-06-11 19:33:27.149 | INFO     | slp.util.system:print_separator:81 - %%%%%%%%%%%%%%%%%%%%%%%%%%%%%%%%%%%%%%%%%%%%%%%%%%
2021-06-11 19:33:29.015 | INFO     | slp.plbind.module:log_to_console:478 - Epoch 3 Validation results
2021-06-11 19:33:29.016 | INFO     | slp.util.system:print_separator:81 - --------------------------------------------------
2021-06-11 19:33:29.017 | INFO     | slp.plbind.module:log_to_console:484 - val_acc2        0.7910848259925842
2021-06-11 19:33:29.018 | INFO     | slp.plbind.module:log_to_console:484 - val_acc2_zero   0.7766596078872681
2021-06-11 19:33:29.018 | INFO     | slp.plbind.module:log_to_console:484 - val_acc5        0.47256356477737427
2021-06-11 19:33:29.019 | INFO     | slp.plbind.module:log_to_console:484 - val_acc7        0.47150424122810364
2021-06-11 19:33:29.020 | INFO     | slp.plbind.module:log_to_console:484 - val_f1          0.7876269817352295
2021-06-11 19:33:29.021 | INFO     | slp.plbind.module:log_to_console:484 - val_f1_zero     0.7821258902549744
2021-06-11 19:33:29.021 | INFO     | slp.plbind.module:log_to_console:484 - val_mae         0.6459119915962219
2021-06-11 19:33:29.022 | INFO     | slp.plbind.module:log_to_console:484 - val_loss        0.6459119915962219
2021-06-11 19:33:29.023 | INFO     | slp.plbind.module:log_to_console:484 - best_score      0.6559721231460571
2021-06-11 19:33:29.024 | INFO     | slp.util.system:print_separator:81 - %%%%%%%%%%%%%%%%%%%%%%%%%%%%%%%%%%%%%%%%%%%%%%%%%%
2021-06-11 19:33:29.026 | INFO     | slp.plbind.helpers:_run_early_stopping_check:25 - Epoch 3 Early Stopping
2021-06-11 19:33:29.027 | INFO     | slp.util.system:print_separator:81 - --------------------------------------------------
2021-06-11 19:33:29.027 | INFO     | slp.plbind.helpers:_run_early_stopping_check:27 - best score      0.6459119915962219
2021-06-11 19:33:29.028 | INFO     | slp.plbind.helpers:_run_early_stopping_check:28 - patience left   10             
2021-06-11 19:33:29.028 | INFO     | slp.util.system:print_separator:81 - ##################################################
2021-06-11 19:34:02.696 | INFO     | slp.plbind.module:log_to_console:478 - Epoch 4 Training results
2021-06-11 19:34:02.697 | INFO     | slp.util.system:print_separator:81 - --------------------------------------------------
2021-06-11 19:34:02.698 | INFO     | slp.plbind.module:log_to_console:484 - train_acc2      0.8095393776893616
2021-06-11 19:34:02.699 | INFO     | slp.plbind.module:log_to_console:484 - train_acc2_zero 0.777484655380249
2021-06-11 19:34:02.699 | INFO     | slp.plbind.module:log_to_console:484 - train_acc5      0.502918004989624
2021-06-11 19:34:02.700 | INFO     | slp.plbind.module:log_to_console:484 - train_acc7      0.49050357937812805
2021-06-11 19:34:02.700 | INFO     | slp.plbind.module:log_to_console:484 - train_f1        0.806693434715271
2021-06-11 19:34:02.701 | INFO     | slp.plbind.module:log_to_console:484 - train_f1_zero   0.7816239595413208
2021-06-11 19:34:02.701 | INFO     | slp.plbind.module:log_to_console:484 - train_mae       0.6268361806869507
2021-06-11 19:34:02.702 | INFO     | slp.plbind.module:log_to_console:484 - train_loss      0.6268361806869507
2021-06-11 19:34:02.702 | INFO     | slp.util.system:print_separator:81 - %%%%%%%%%%%%%%%%%%%%%%%%%%%%%%%%%%%%%%%%%%%%%%%%%%
2021-06-11 19:34:04.631 | INFO     | slp.plbind.module:log_to_console:478 - Epoch 4 Validation results
2021-06-11 19:34:04.633 | INFO     | slp.util.system:print_separator:81 - --------------------------------------------------
2021-06-11 19:34:04.636 | INFO     | slp.plbind.module:log_to_console:484 - val_acc2        0.7972724437713623
2021-06-11 19:34:04.638 | INFO     | slp.plbind.module:log_to_console:484 - val_acc2_zero   0.785275399684906
2021-06-11 19:34:04.640 | INFO     | slp.plbind.module:log_to_console:484 - val_acc5        0.5144774317741394
2021-06-11 19:34:04.641 | INFO     | slp.plbind.module:log_to_console:484 - val_acc7        0.5112994313240051
2021-06-11 19:34:04.643 | INFO     | slp.plbind.module:log_to_console:484 - val_f1          0.7951706051826477
2021-06-11 19:34:04.645 | INFO     | slp.plbind.module:log_to_console:484 - val_f1_zero     0.7903329133987427
2021-06-11 19:34:04.647 | INFO     | slp.plbind.module:log_to_console:484 - val_mae         0.6009724736213684
2021-06-11 19:34:04.648 | INFO     | slp.plbind.module:log_to_console:484 - val_loss        0.6009724736213684
2021-06-11 19:34:04.649 | INFO     | slp.plbind.module:log_to_console:484 - best_score      0.6459119915962219
2021-06-11 19:34:04.650 | INFO     | slp.util.system:print_separator:81 - %%%%%%%%%%%%%%%%%%%%%%%%%%%%%%%%%%%%%%%%%%%%%%%%%%
2021-06-11 19:34:04.654 | INFO     | slp.plbind.helpers:_run_early_stopping_check:25 - Epoch 4 Early Stopping
2021-06-11 19:34:04.656 | INFO     | slp.util.system:print_separator:81 - --------------------------------------------------
2021-06-11 19:34:04.658 | INFO     | slp.plbind.helpers:_run_early_stopping_check:27 - best score      0.6009724736213684
2021-06-11 19:34:04.660 | INFO     | slp.plbind.helpers:_run_early_stopping_check:28 - patience left   10             
2021-06-11 19:34:04.661 | INFO     | slp.util.system:print_separator:81 - ##################################################
2021-06-11 19:34:38.366 | INFO     | slp.plbind.module:log_to_console:478 - Epoch 5 Training results
2021-06-11 19:34:38.367 | INFO     | slp.util.system:print_separator:81 - --------------------------------------------------
2021-06-11 19:34:38.368 | INFO     | slp.plbind.module:log_to_console:484 - train_acc2      0.8169479370117188
2021-06-11 19:34:38.368 | INFO     | slp.plbind.module:log_to_console:484 - train_acc2_zero 0.7849717140197754
2021-06-11 19:34:38.369 | INFO     | slp.plbind.module:log_to_console:484 - train_acc5      0.5092867612838745
2021-06-11 19:34:38.369 | INFO     | slp.plbind.module:log_to_console:484 - train_acc7      0.49412044882774353
2021-06-11 19:34:38.370 | INFO     | slp.plbind.module:log_to_console:484 - train_f1        0.8131507635116577
2021-06-11 19:34:38.370 | INFO     | slp.plbind.module:log_to_console:484 - train_f1_zero   0.7877260446548462
2021-06-11 19:34:38.371 | INFO     | slp.plbind.module:log_to_console:484 - train_mae       0.6163954734802246
2021-06-11 19:34:38.371 | INFO     | slp.plbind.module:log_to_console:484 - train_loss      0.6163954734802246
2021-06-11 19:34:38.372 | INFO     | slp.util.system:print_separator:81 - %%%%%%%%%%%%%%%%%%%%%%%%%%%%%%%%%%%%%%%%%%%%%%%%%%
2021-06-11 19:34:40.306 | INFO     | slp.plbind.module:log_to_console:478 - Epoch 5 Validation results
2021-06-11 19:34:40.307 | INFO     | slp.util.system:print_separator:81 - --------------------------------------------------
2021-06-11 19:34:40.309 | INFO     | slp.plbind.module:log_to_console:484 - val_acc2        0.7990382313728333
2021-06-11 19:34:40.310 | INFO     | slp.plbind.module:log_to_console:484 - val_acc2_zero   0.7694562673568726
2021-06-11 19:34:40.310 | INFO     | slp.plbind.module:log_to_console:484 - val_acc5        0.5505650043487549
2021-06-11 19:34:40.311 | INFO     | slp.plbind.module:log_to_console:484 - val_acc7        0.5352048277854919
2021-06-11 19:34:40.312 | INFO     | slp.plbind.module:log_to_console:484 - val_f1          0.7958804368972778
2021-06-11 19:34:40.313 | INFO     | slp.plbind.module:log_to_console:484 - val_f1_zero     0.7754365801811218
2021-06-11 19:34:40.314 | INFO     | slp.plbind.module:log_to_console:484 - val_mae         0.5928041338920593
2021-06-11 19:34:40.315 | INFO     | slp.plbind.module:log_to_console:484 - val_loss        0.5928041338920593
2021-06-11 19:34:40.315 | INFO     | slp.plbind.module:log_to_console:484 - best_score      0.6009724140167236
2021-06-11 19:34:40.316 | INFO     | slp.util.system:print_separator:81 - %%%%%%%%%%%%%%%%%%%%%%%%%%%%%%%%%%%%%%%%%%%%%%%%%%
2021-06-11 19:34:40.318 | INFO     | slp.plbind.helpers:_run_early_stopping_check:25 - Epoch 5 Early Stopping
2021-06-11 19:34:40.319 | INFO     | slp.util.system:print_separator:81 - --------------------------------------------------
2021-06-11 19:34:40.320 | INFO     | slp.plbind.helpers:_run_early_stopping_check:27 - best score      0.5928041338920593
2021-06-11 19:34:40.321 | INFO     | slp.plbind.helpers:_run_early_stopping_check:28 - patience left   10             
2021-06-11 19:34:40.321 | INFO     | slp.util.system:print_separator:81 - ##################################################
2021-06-11 19:35:13.945 | INFO     | slp.plbind.module:log_to_console:478 - Epoch 6 Training results
2021-06-11 19:35:13.946 | INFO     | slp.util.system:print_separator:81 - --------------------------------------------------
2021-06-11 19:35:13.946 | INFO     | slp.plbind.module:log_to_console:484 - train_acc2      0.8287751078605652
2021-06-11 19:35:13.947 | INFO     | slp.plbind.module:log_to_console:484 - train_acc2_zero 0.7934460043907166
2021-06-11 19:35:13.948 | INFO     | slp.plbind.module:log_to_console:484 - train_acc5      0.5239551663398743
2021-06-11 19:35:13.948 | INFO     | slp.plbind.module:log_to_console:484 - train_acc7      0.5078103542327881
2021-06-11 19:35:13.949 | INFO     | slp.plbind.module:log_to_console:484 - train_f1        0.8265483379364014
2021-06-11 19:35:13.949 | INFO     | slp.plbind.module:log_to_console:484 - train_f1_zero   0.7973499894142151
2021-06-11 19:35:13.950 | INFO     | slp.plbind.module:log_to_console:484 - train_mae       0.5995540618896484
2021-06-11 19:35:13.950 | INFO     | slp.plbind.module:log_to_console:484 - train_loss      0.5995540618896484
2021-06-11 19:35:13.951 | INFO     | slp.util.system:print_separator:81 - %%%%%%%%%%%%%%%%%%%%%%%%%%%%%%%%%%%%%%%%%%%%%%%%%%
2021-06-11 19:35:15.889 | INFO     | slp.plbind.module:log_to_console:478 - Epoch 6 Validation results
2021-06-11 19:35:15.891 | INFO     | slp.util.system:print_separator:81 - --------------------------------------------------
2021-06-11 19:35:15.894 | INFO     | slp.plbind.module:log_to_console:484 - val_acc2        0.7729741930961609
2021-06-11 19:35:15.896 | INFO     | slp.plbind.module:log_to_console:484 - val_acc2_zero   0.7256708741188049
2021-06-11 19:35:15.898 | INFO     | slp.plbind.module:log_to_console:484 - val_acc5        0.5159957408905029
2021-06-11 19:35:15.900 | INFO     | slp.plbind.module:log_to_console:484 - val_acc7        0.5075212121009827
2021-06-11 19:35:15.902 | INFO     | slp.plbind.module:log_to_console:484 - val_f1          0.7762616872787476
2021-06-11 19:35:15.904 | INFO     | slp.plbind.module:log_to_console:484 - val_f1_zero     0.7390437126159668
2021-06-11 19:35:15.906 | INFO     | slp.plbind.module:log_to_console:484 - val_mae         0.6093953847885132
2021-06-11 19:35:15.908 | INFO     | slp.plbind.module:log_to_console:484 - val_loss        0.6093953847885132
2021-06-11 19:35:15.910 | INFO     | slp.plbind.module:log_to_console:484 - best_score      0.5928041934967041
2021-06-11 19:35:15.911 | INFO     | slp.util.system:print_separator:81 - %%%%%%%%%%%%%%%%%%%%%%%%%%%%%%%%%%%%%%%%%%%%%%%%%%
2021-06-11 19:35:15.913 | INFO     | slp.plbind.helpers:_run_early_stopping_check:25 - Epoch 6 Early Stopping
2021-06-11 19:35:15.914 | INFO     | slp.util.system:print_separator:81 - --------------------------------------------------
2021-06-11 19:35:15.915 | INFO     | slp.plbind.helpers:_run_early_stopping_check:27 - best score      0.5928041338920593
2021-06-11 19:35:15.915 | INFO     | slp.plbind.helpers:_run_early_stopping_check:28 - patience left   9              
2021-06-11 19:35:15.916 | INFO     | slp.util.system:print_separator:81 - ##################################################
2021-06-11 19:35:49.733 | INFO     | slp.plbind.module:log_to_console:478 - Epoch 7 Training results
2021-06-11 19:35:49.734 | INFO     | slp.util.system:print_separator:81 - --------------------------------------------------
2021-06-11 19:35:49.735 | INFO     | slp.plbind.module:log_to_console:484 - train_acc2      0.8378224968910217
2021-06-11 19:35:49.735 | INFO     | slp.plbind.module:log_to_console:484 - train_acc2_zero 0.8024094700813293
2021-06-11 19:35:49.736 | INFO     | slp.plbind.module:log_to_console:484 - train_acc5      0.5350328683853149
2021-06-11 19:35:49.736 | INFO     | slp.plbind.module:log_to_console:484 - train_acc7      0.5183376669883728
2021-06-11 19:35:49.737 | INFO     | slp.plbind.module:log_to_console:484 - train_f1        0.8351649641990662
2021-06-11 19:35:49.737 | INFO     | slp.plbind.module:log_to_console:484 - train_f1_zero   0.8060113191604614
2021-06-11 19:35:49.738 | INFO     | slp.plbind.module:log_to_console:484 - train_mae       0.5823414921760559
2021-06-11 19:35:49.738 | INFO     | slp.plbind.module:log_to_console:484 - train_loss      0.5823414921760559
2021-06-11 19:35:49.739 | INFO     | slp.util.system:print_separator:81 - %%%%%%%%%%%%%%%%%%%%%%%%%%%%%%%%%%%%%%%%%%%%%%%%%%
2021-06-11 19:35:51.637 | INFO     | slp.plbind.module:log_to_console:478 - Epoch 7 Validation results
2021-06-11 19:35:51.638 | INFO     | slp.util.system:print_separator:81 - --------------------------------------------------
2021-06-11 19:35:51.639 | INFO     | slp.plbind.module:log_to_console:484 - val_acc2        0.7606983780860901
2021-06-11 19:35:51.640 | INFO     | slp.plbind.module:log_to_console:484 - val_acc2_zero   0.7076624035835266
2021-06-11 19:35:51.641 | INFO     | slp.plbind.module:log_to_console:484 - val_acc5        0.49586865305900574
2021-06-11 19:35:51.641 | INFO     | slp.plbind.module:log_to_console:484 - val_acc7        0.49269068241119385
2021-06-11 19:35:51.642 | INFO     | slp.plbind.module:log_to_console:484 - val_f1          0.7666847109794617
2021-06-11 19:35:51.643 | INFO     | slp.plbind.module:log_to_console:484 - val_f1_zero     0.7241407632827759
2021-06-11 19:35:51.644 | INFO     | slp.plbind.module:log_to_console:484 - val_mae         0.6224355101585388
2021-06-11 19:35:51.646 | INFO     | slp.plbind.module:log_to_console:484 - val_loss        0.6224355101585388
2021-06-11 19:35:51.648 | INFO     | slp.plbind.module:log_to_console:484 - best_score      0.5928041934967041
2021-06-11 19:35:51.649 | INFO     | slp.util.system:print_separator:81 - %%%%%%%%%%%%%%%%%%%%%%%%%%%%%%%%%%%%%%%%%%%%%%%%%%
2021-06-11 19:35:51.652 | INFO     | slp.plbind.helpers:_run_early_stopping_check:25 - Epoch 7 Early Stopping
2021-06-11 19:35:51.653 | INFO     | slp.util.system:print_separator:81 - --------------------------------------------------
2021-06-11 19:35:51.654 | INFO     | slp.plbind.helpers:_run_early_stopping_check:27 - best score      0.5928041338920593
2021-06-11 19:35:51.654 | INFO     | slp.plbind.helpers:_run_early_stopping_check:28 - patience left   8              
2021-06-11 19:35:51.655 | INFO     | slp.util.system:print_separator:81 - ##################################################
2021-06-11 19:36:25.336 | INFO     | slp.plbind.module:log_to_console:478 - Epoch 8 Training results
2021-06-11 19:36:25.337 | INFO     | slp.util.system:print_separator:81 - --------------------------------------------------
2021-06-11 19:36:25.338 | INFO     | slp.plbind.module:log_to_console:484 - train_acc2      0.8384077548980713
2021-06-11 19:36:25.338 | INFO     | slp.plbind.module:log_to_console:484 - train_acc2_zero 0.8009417653083801
2021-06-11 19:36:25.339 | INFO     | slp.plbind.module:log_to_console:484 - train_acc5      0.5416812300682068
2021-06-11 19:36:25.339 | INFO     | slp.plbind.module:log_to_console:484 - train_acc7      0.522356390953064
2021-06-11 19:36:25.340 | INFO     | slp.plbind.module:log_to_console:484 - train_f1        0.8362061381340027
2021-06-11 19:36:25.340 | INFO     | slp.plbind.module:log_to_console:484 - train_f1_zero   0.8049822449684143
2021-06-11 19:36:25.341 | INFO     | slp.plbind.module:log_to_console:484 - train_mae       0.5724807381629944
2021-06-11 19:36:25.341 | INFO     | slp.plbind.module:log_to_console:484 - train_loss      0.5724807381629944
2021-06-11 19:36:25.342 | INFO     | slp.util.system:print_separator:81 - %%%%%%%%%%%%%%%%%%%%%%%%%%%%%%%%%%%%%%%%%%%%%%%%%%
2021-06-11 19:36:27.191 | INFO     | slp.plbind.module:log_to_console:478 - Epoch 8 Validation results
2021-06-11 19:36:27.193 | INFO     | slp.util.system:print_separator:81 - --------------------------------------------------
2021-06-11 19:36:27.195 | INFO     | slp.plbind.module:log_to_console:484 - val_acc2        0.7814567685127258
2021-06-11 19:36:27.198 | INFO     | slp.plbind.module:log_to_console:484 - val_acc2_zero   0.7511652112007141
2021-06-11 19:36:27.200 | INFO     | slp.plbind.module:log_to_console:484 - val_acc5        0.5461863875389099
2021-06-11 19:36:27.202 | INFO     | slp.plbind.module:log_to_console:484 - val_acc7        0.5318856239318848
2021-06-11 19:36:27.204 | INFO     | slp.plbind.module:log_to_console:484 - val_f1          0.7831084132194519
2021-06-11 19:36:27.205 | INFO     | slp.plbind.module:log_to_console:484 - val_f1_zero     0.7627583146095276
2021-06-11 19:36:27.207 | INFO     | slp.plbind.module:log_to_console:484 - val_mae         0.5910595655441284
2021-06-11 19:36:27.208 | INFO     | slp.plbind.module:log_to_console:484 - val_loss        0.5910595655441284
2021-06-11 19:36:27.210 | INFO     | slp.plbind.module:log_to_console:484 - best_score      0.5928041934967041
2021-06-11 19:36:27.212 | INFO     | slp.util.system:print_separator:81 - %%%%%%%%%%%%%%%%%%%%%%%%%%%%%%%%%%%%%%%%%%%%%%%%%%
2021-06-11 19:36:27.215 | INFO     | slp.plbind.helpers:_run_early_stopping_check:25 - Epoch 8 Early Stopping
2021-06-11 19:36:27.217 | INFO     | slp.util.system:print_separator:81 - --------------------------------------------------
2021-06-11 19:36:27.218 | INFO     | slp.plbind.helpers:_run_early_stopping_check:27 - best score      0.5910595655441284
2021-06-11 19:36:27.219 | INFO     | slp.plbind.helpers:_run_early_stopping_check:28 - patience left   10             
2021-06-11 19:36:27.220 | INFO     | slp.util.system:print_separator:81 - ##################################################
2021-06-11 19:37:00.829 | INFO     | slp.plbind.module:log_to_console:478 - Epoch 9 Training results
2021-06-11 19:37:00.830 | INFO     | slp.util.system:print_separator:81 - --------------------------------------------------
2021-06-11 19:37:00.830 | INFO     | slp.plbind.module:log_to_console:484 - train_acc2      0.8381784558296204
2021-06-11 19:37:00.831 | INFO     | slp.plbind.module:log_to_console:484 - train_acc2_zero 0.8023396134376526
2021-06-11 19:37:00.831 | INFO     | slp.plbind.module:log_to_console:484 - train_acc5      0.5517193675041199
2021-06-11 19:37:00.832 | INFO     | slp.plbind.module:log_to_console:484 - train_acc7      0.5317829251289368
2021-06-11 19:37:00.833 | INFO     | slp.plbind.module:log_to_console:484 - train_f1        0.8356173634529114
2021-06-11 19:37:00.833 | INFO     | slp.plbind.module:log_to_console:484 - train_f1_zero   0.806337833404541
2021-06-11 19:37:00.834 | INFO     | slp.plbind.module:log_to_console:484 - train_mae       0.5606206655502319
2021-06-11 19:37:00.834 | INFO     | slp.plbind.module:log_to_console:484 - train_loss      0.5606206655502319
2021-06-11 19:37:00.835 | INFO     | slp.util.system:print_separator:81 - %%%%%%%%%%%%%%%%%%%%%%%%%%%%%%%%%%%%%%%%%%%%%%%%%%
2021-06-11 19:37:02.801 | INFO     | slp.plbind.module:log_to_console:478 - Epoch 9 Validation results
2021-06-11 19:37:02.803 | INFO     | slp.util.system:print_separator:81 - --------------------------------------------------
2021-06-11 19:37:02.805 | INFO     | slp.plbind.module:log_to_console:484 - val_acc2        0.788060188293457
2021-06-11 19:37:02.807 | INFO     | slp.plbind.module:log_to_console:484 - val_acc2_zero   0.7569208741188049
2021-06-11 19:37:02.809 | INFO     | slp.plbind.module:log_to_console:484 - val_acc5        0.5399011373519897
2021-06-11 19:37:02.811 | INFO     | slp.plbind.module:log_to_console:484 - val_acc7        0.5197740197181702
2021-06-11 19:37:02.813 | INFO     | slp.plbind.module:log_to_console:484 - val_f1          0.7923745512962341
2021-06-11 19:37:02.815 | INFO     | slp.plbind.module:log_to_console:484 - val_f1_zero     0.7693780660629272
2021-06-11 19:37:02.816 | INFO     | slp.plbind.module:log_to_console:484 - val_mae         0.6012763381004333
2021-06-11 19:37:02.817 | INFO     | slp.plbind.module:log_to_console:484 - val_loss        0.6012763381004333
2021-06-11 19:37:02.818 | INFO     | slp.plbind.module:log_to_console:484 - best_score      0.5910596251487732
2021-06-11 19:37:02.819 | INFO     | slp.util.system:print_separator:81 - %%%%%%%%%%%%%%%%%%%%%%%%%%%%%%%%%%%%%%%%%%%%%%%%%%
2021-06-11 19:37:02.822 | INFO     | slp.plbind.helpers:_run_early_stopping_check:25 - Epoch 9 Early Stopping
2021-06-11 19:37:02.823 | INFO     | slp.util.system:print_separator:81 - --------------------------------------------------
2021-06-11 19:37:02.824 | INFO     | slp.plbind.helpers:_run_early_stopping_check:27 - best score      0.5910595655441284
2021-06-11 19:37:02.825 | INFO     | slp.plbind.helpers:_run_early_stopping_check:28 - patience left   9              
2021-06-11 19:37:02.826 | INFO     | slp.util.system:print_separator:81 - ##################################################
2021-06-11 19:37:36.602 | INFO     | slp.plbind.module:log_to_console:478 - Epoch 10 Training results
2021-06-11 19:37:36.602 | INFO     | slp.util.system:print_separator:81 - --------------------------------------------------
2021-06-11 19:37:36.603 | INFO     | slp.plbind.module:log_to_console:484 - train_acc2      0.8452970385551453
2021-06-11 19:37:36.604 | INFO     | slp.plbind.module:log_to_console:484 - train_acc2_zero 0.8117923736572266
2021-06-11 19:37:36.604 | INFO     | slp.plbind.module:log_to_console:484 - train_acc5      0.5620893239974976
2021-06-11 19:37:36.605 | INFO     | slp.plbind.module:log_to_console:484 - train_acc7      0.5419694781303406
2021-06-11 19:37:36.605 | INFO     | slp.plbind.module:log_to_console:484 - train_f1        0.8432287573814392
2021-06-11 19:37:36.605 | INFO     | slp.plbind.module:log_to_console:484 - train_f1_zero   0.815470278263092
2021-06-11 19:37:36.606 | INFO     | slp.plbind.module:log_to_console:484 - train_mae       0.5447087287902832
2021-06-11 19:37:36.606 | INFO     | slp.plbind.module:log_to_console:484 - train_loss      0.5447087287902832
2021-06-11 19:37:36.607 | INFO     | slp.util.system:print_separator:81 - %%%%%%%%%%%%%%%%%%%%%%%%%%%%%%%%%%%%%%%%%%%%%%%%%%
2021-06-11 19:37:38.617 | INFO     | slp.plbind.module:log_to_console:478 - Epoch 10 Validation results
2021-06-11 19:37:38.619 | INFO     | slp.util.system:print_separator:81 - --------------------------------------------------
2021-06-11 19:37:38.621 | INFO     | slp.plbind.module:log_to_console:484 - val_acc2        0.7942319512367249
2021-06-11 19:37:38.623 | INFO     | slp.plbind.module:log_to_console:484 - val_acc2_zero   0.7681143879890442
2021-06-11 19:37:38.625 | INFO     | slp.plbind.module:log_to_console:484 - val_acc5        0.5436793565750122
2021-06-11 19:37:38.627 | INFO     | slp.plbind.module:log_to_console:484 - val_acc7        0.527259886264801
2021-06-11 19:37:38.629 | INFO     | slp.plbind.module:log_to_console:484 - val_f1          0.7930402755737305
2021-06-11 19:37:38.631 | INFO     | slp.plbind.module:log_to_console:484 - val_f1_zero     0.7746145129203796
2021-06-11 19:37:38.632 | INFO     | slp.plbind.module:log_to_console:484 - val_mae         0.5792114734649658
2021-06-11 19:37:38.634 | INFO     | slp.plbind.module:log_to_console:484 - val_loss        0.5792114734649658
2021-06-11 19:37:38.635 | INFO     | slp.plbind.module:log_to_console:484 - best_score      0.5910596251487732
2021-06-11 19:37:38.637 | INFO     | slp.util.system:print_separator:81 - %%%%%%%%%%%%%%%%%%%%%%%%%%%%%%%%%%%%%%%%%%%%%%%%%%
2021-06-11 19:37:38.640 | INFO     | slp.plbind.helpers:_run_early_stopping_check:25 - Epoch 10 Early Stopping
2021-06-11 19:37:38.641 | INFO     | slp.util.system:print_separator:81 - --------------------------------------------------
2021-06-11 19:37:38.643 | INFO     | slp.plbind.helpers:_run_early_stopping_check:27 - best score      0.5792114734649658
2021-06-11 19:37:38.644 | INFO     | slp.plbind.helpers:_run_early_stopping_check:28 - patience left   10             
2021-06-11 19:37:38.645 | INFO     | slp.util.system:print_separator:81 - ##################################################
2021-06-11 19:38:12.618 | INFO     | slp.plbind.module:log_to_console:478 - Epoch 11 Training results
2021-06-11 19:38:12.619 | INFO     | slp.util.system:print_separator:81 - --------------------------------------------------
2021-06-11 19:38:12.619 | INFO     | slp.plbind.module:log_to_console:484 - train_acc2      0.8530970215797424
2021-06-11 19:38:12.620 | INFO     | slp.plbind.module:log_to_console:484 - train_acc2_zero 0.8157936334609985
2021-06-11 19:38:12.621 | INFO     | slp.plbind.module:log_to_console:484 - train_acc5      0.5720226764678955
2021-06-11 19:38:12.621 | INFO     | slp.plbind.module:log_to_console:484 - train_acc7      0.5506446957588196
2021-06-11 19:38:12.622 | INFO     | slp.plbind.module:log_to_console:484 - train_f1        0.8511688709259033
2021-06-11 19:38:12.622 | INFO     | slp.plbind.module:log_to_console:484 - train_f1_zero   0.8197162747383118
2021-06-11 19:38:12.623 | INFO     | slp.plbind.module:log_to_console:484 - train_mae       0.530256450176239
2021-06-11 19:38:12.623 | INFO     | slp.plbind.module:log_to_console:484 - train_loss      0.530256450176239
2021-06-11 19:38:12.624 | INFO     | slp.util.system:print_separator:81 - %%%%%%%%%%%%%%%%%%%%%%%%%%%%%%%%%%%%%%%%%%%%%%%%%%
2021-06-11 19:38:14.515 | INFO     | slp.plbind.module:log_to_console:478 - Epoch 11 Validation results
2021-06-11 19:38:14.518 | INFO     | slp.util.system:print_separator:81 - --------------------------------------------------
2021-06-11 19:38:14.519 | INFO     | slp.plbind.module:log_to_console:484 - val_acc2        0.793503999710083
2021-06-11 19:38:14.520 | INFO     | slp.plbind.module:log_to_console:484 - val_acc2_zero   0.7914194464683533
2021-06-11 19:38:14.521 | INFO     | slp.plbind.module:log_to_console:484 - val_acc5        0.533545196056366
2021-06-11 19:38:14.521 | INFO     | slp.plbind.module:log_to_console:484 - val_acc7        0.5250706672668457
2021-06-11 19:38:14.522 | INFO     | slp.plbind.module:log_to_console:484 - val_f1          0.7832577228546143
2021-06-11 19:38:14.523 | INFO     | slp.plbind.module:log_to_console:484 - val_f1_zero     0.7890452742576599
2021-06-11 19:38:14.524 | INFO     | slp.plbind.module:log_to_console:484 - val_mae         0.589705765247345
2021-06-11 19:38:14.524 | INFO     | slp.plbind.module:log_to_console:484 - val_loss        0.589705765247345
2021-06-11 19:38:14.525 | INFO     | slp.plbind.module:log_to_console:484 - best_score      0.5792115330696106
2021-06-11 19:38:14.526 | INFO     | slp.util.system:print_separator:81 - %%%%%%%%%%%%%%%%%%%%%%%%%%%%%%%%%%%%%%%%%%%%%%%%%%
2021-06-11 19:38:14.528 | INFO     | slp.plbind.helpers:_run_early_stopping_check:25 - Epoch 11 Early Stopping
2021-06-11 19:38:14.529 | INFO     | slp.util.system:print_separator:81 - --------------------------------------------------
2021-06-11 19:38:14.530 | INFO     | slp.plbind.helpers:_run_early_stopping_check:27 - best score      0.5792114734649658
2021-06-11 19:38:14.530 | INFO     | slp.plbind.helpers:_run_early_stopping_check:28 - patience left   9              
2021-06-11 19:38:14.531 | INFO     | slp.util.system:print_separator:81 - ##################################################
2021-06-11 19:38:48.670 | INFO     | slp.plbind.module:log_to_console:478 - Epoch 12 Training results
2021-06-11 19:38:48.670 | INFO     | slp.util.system:print_separator:81 - --------------------------------------------------
2021-06-11 19:38:48.671 | INFO     | slp.plbind.module:log_to_console:484 - train_acc2      0.8589527606964111
2021-06-11 19:38:48.672 | INFO     | slp.plbind.module:log_to_console:484 - train_acc2_zero 0.8186154365539551
2021-06-11 19:38:48.672 | INFO     | slp.plbind.module:log_to_console:484 - train_acc5      0.5850223302841187
2021-06-11 19:38:48.673 | INFO     | slp.plbind.module:log_to_console:484 - train_acc7      0.5619670152664185
2021-06-11 19:38:48.673 | INFO     | slp.plbind.module:log_to_console:484 - train_f1        0.8571175336837769
2021-06-11 19:38:48.674 | INFO     | slp.plbind.module:log_to_console:484 - train_f1_zero   0.8224086165428162
2021-06-11 19:38:48.674 | INFO     | slp.plbind.module:log_to_console:484 - train_mae       0.5153934955596924
2021-06-11 19:38:48.675 | INFO     | slp.plbind.module:log_to_console:484 - train_loss      0.5153934955596924
2021-06-11 19:38:48.675 | INFO     | slp.util.system:print_separator:81 - %%%%%%%%%%%%%%%%%%%%%%%%%%%%%%%%%%%%%%%%%%%%%%%%%%
2021-06-11 19:38:50.699 | INFO     | slp.plbind.module:log_to_console:478 - Epoch 12 Validation results
2021-06-11 19:38:50.700 | INFO     | slp.util.system:print_separator:81 - --------------------------------------------------
2021-06-11 19:38:50.701 | INFO     | slp.plbind.module:log_to_console:484 - val_acc2        0.7861223220825195
2021-06-11 19:38:50.702 | INFO     | slp.plbind.module:log_to_console:484 - val_acc2_zero   0.7528954744338989
2021-06-11 19:38:50.703 | INFO     | slp.plbind.module:log_to_console:484 - val_acc5        0.538629949092865
2021-06-11 19:38:50.703 | INFO     | slp.plbind.module:log_to_console:484 - val_acc7        0.523269772529602
2021-06-11 19:38:50.704 | INFO     | slp.plbind.module:log_to_console:484 - val_f1          0.7862418293952942
2021-06-11 19:38:50.705 | INFO     | slp.plbind.module:log_to_console:484 - val_f1_zero     0.761867344379425
2021-06-11 19:38:50.706 | INFO     | slp.plbind.module:log_to_console:484 - val_mae         0.5808117389678955
2021-06-11 19:38:50.706 | INFO     | slp.plbind.module:log_to_console:484 - val_loss        0.5808117389678955
2021-06-11 19:38:50.707 | INFO     | slp.plbind.module:log_to_console:484 - best_score      0.5792115330696106
2021-06-11 19:38:50.708 | INFO     | slp.util.system:print_separator:81 - %%%%%%%%%%%%%%%%%%%%%%%%%%%%%%%%%%%%%%%%%%%%%%%%%%
2021-06-11 19:38:50.710 | INFO     | slp.plbind.helpers:_run_early_stopping_check:25 - Epoch 12 Early Stopping
2021-06-11 19:38:50.710 | INFO     | slp.util.system:print_separator:81 - --------------------------------------------------
2021-06-11 19:38:50.711 | INFO     | slp.plbind.helpers:_run_early_stopping_check:27 - best score      0.5792114734649658
2021-06-11 19:38:50.712 | INFO     | slp.plbind.helpers:_run_early_stopping_check:28 - patience left   8              
2021-06-11 19:38:50.712 | INFO     | slp.util.system:print_separator:81 - ##################################################
2021-06-11 19:39:25.189 | INFO     | slp.plbind.module:log_to_console:478 - Epoch 13 Training results
2021-06-11 19:39:25.190 | INFO     | slp.util.system:print_separator:81 - --------------------------------------------------
2021-06-11 19:39:25.191 | INFO     | slp.plbind.module:log_to_console:484 - train_acc2      0.8619459867477417
2021-06-11 19:39:25.191 | INFO     | slp.plbind.module:log_to_console:484 - train_acc2_zero 0.8201967477798462
2021-06-11 19:39:25.192 | INFO     | slp.plbind.module:log_to_console:484 - train_acc5      0.5886915922164917
2021-06-11 19:39:25.192 | INFO     | slp.plbind.module:log_to_console:484 - train_acc7      0.5685717463493347
2021-06-11 19:39:25.193 | INFO     | slp.plbind.module:log_to_console:484 - train_f1        0.860466718673706
2021-06-11 19:39:25.193 | INFO     | slp.plbind.module:log_to_console:484 - train_f1_zero   0.8243773579597473
2021-06-11 19:39:25.194 | INFO     | slp.plbind.module:log_to_console:484 - train_mae       0.503459095954895
2021-06-11 19:39:25.194 | INFO     | slp.plbind.module:log_to_console:484 - train_loss      0.503459095954895
2021-06-11 19:39:25.194 | INFO     | slp.util.system:print_separator:81 - %%%%%%%%%%%%%%%%%%%%%%%%%%%%%%%%%%%%%%%%%%%%%%%%%%
2021-06-11 19:39:27.233 | INFO     | slp.plbind.module:log_to_console:478 - Epoch 13 Validation results
2021-06-11 19:39:27.235 | INFO     | slp.util.system:print_separator:81 - --------------------------------------------------
2021-06-11 19:39:27.237 | INFO     | slp.plbind.module:log_to_console:484 - val_acc2        0.7961053252220154
2021-06-11 19:39:27.239 | INFO     | slp.plbind.module:log_to_console:484 - val_acc2_zero   0.7905720472335815
2021-06-11 19:39:27.241 | INFO     | slp.plbind.module:log_to_console:484 - val_acc5        0.5296963453292847
2021-06-11 19:39:27.242 | INFO     | slp.plbind.module:log_to_console:484 - val_acc7        0.5169844627380371
2021-06-11 19:39:27.243 | INFO     | slp.plbind.module:log_to_console:484 - val_f1          0.7946459650993347
2021-06-11 19:39:27.245 | INFO     | slp.plbind.module:log_to_console:484 - val_f1_zero     0.7964665293693542
2021-06-11 19:39:27.246 | INFO     | slp.plbind.module:log_to_console:484 - val_mae         0.57504802942276
2021-06-11 19:39:27.247 | INFO     | slp.plbind.module:log_to_console:484 - val_loss        0.57504802942276
2021-06-11 19:39:27.248 | INFO     | slp.plbind.module:log_to_console:484 - best_score      0.5792115330696106
2021-06-11 19:39:27.248 | INFO     | slp.util.system:print_separator:81 - %%%%%%%%%%%%%%%%%%%%%%%%%%%%%%%%%%%%%%%%%%%%%%%%%%
2021-06-11 19:39:27.250 | INFO     | slp.plbind.helpers:_run_early_stopping_check:25 - Epoch 13 Early Stopping
2021-06-11 19:39:27.251 | INFO     | slp.util.system:print_separator:81 - --------------------------------------------------
2021-06-11 19:39:27.252 | INFO     | slp.plbind.helpers:_run_early_stopping_check:27 - best score      0.57504802942276
2021-06-11 19:39:27.253 | INFO     | slp.plbind.helpers:_run_early_stopping_check:28 - patience left   10             
2021-06-11 19:39:27.254 | INFO     | slp.util.system:print_separator:81 - ##################################################
2021-06-11 19:40:01.073 | INFO     | slp.plbind.module:log_to_console:478 - Epoch 14 Training results
2021-06-11 19:40:01.073 | INFO     | slp.util.system:print_separator:81 - --------------------------------------------------
2021-06-11 19:40:01.074 | INFO     | slp.plbind.module:log_to_console:484 - train_acc2      0.8678085803985596
2021-06-11 19:40:01.074 | INFO     | slp.plbind.module:log_to_console:484 - train_acc2_zero 0.8277537226676941
2021-06-11 19:40:01.075 | INFO     | slp.plbind.module:log_to_console:484 - train_acc5      0.6020233035087585
2021-06-11 19:40:01.075 | INFO     | slp.plbind.module:log_to_console:484 - train_acc7      0.5792126655578613
2021-06-11 19:40:01.076 | INFO     | slp.plbind.module:log_to_console:484 - train_f1        0.8663221597671509
2021-06-11 19:40:01.076 | INFO     | slp.plbind.module:log_to_console:484 - train_f1_zero   0.8317993879318237
2021-06-11 19:40:01.077 | INFO     | slp.plbind.module:log_to_console:484 - train_mae       0.49264809489250183
2021-06-11 19:40:01.077 | INFO     | slp.plbind.module:log_to_console:484 - train_loss      0.49264809489250183
2021-06-11 19:40:01.078 | INFO     | slp.util.system:print_separator:81 - %%%%%%%%%%%%%%%%%%%%%%%%%%%%%%%%%%%%%%%%%%%%%%%%%%
2021-06-11 19:40:03.044 | INFO     | slp.plbind.module:log_to_console:478 - Epoch 14 Validation results
2021-06-11 19:40:03.045 | INFO     | slp.util.system:print_separator:81 - --------------------------------------------------
2021-06-11 19:40:03.047 | INFO     | slp.plbind.module:log_to_console:484 - val_acc2        0.7962667346000671
2021-06-11 19:40:03.048 | INFO     | slp.plbind.module:log_to_console:484 - val_acc2_zero   0.7884534001350403
2021-06-11 19:40:03.050 | INFO     | slp.plbind.module:log_to_console:484 - val_acc5        0.5366525650024414
2021-06-11 19:40:03.051 | INFO     | slp.plbind.module:log_to_console:484 - val_acc7        0.5234110355377197
2021-06-11 19:40:03.053 | INFO     | slp.plbind.module:log_to_console:484 - val_f1          0.7951219081878662
2021-06-11 19:40:03.054 | INFO     | slp.plbind.module:log_to_console:484 - val_f1_zero     0.7936273813247681
2021-06-11 19:40:03.055 | INFO     | slp.plbind.module:log_to_console:484 - val_mae         0.5759956240653992
2021-06-11 19:40:03.056 | INFO     | slp.plbind.module:log_to_console:484 - val_loss        0.5759956240653992
2021-06-11 19:40:03.057 | INFO     | slp.plbind.module:log_to_console:484 - best_score      0.5750480890274048
2021-06-11 19:40:03.058 | INFO     | slp.util.system:print_separator:81 - %%%%%%%%%%%%%%%%%%%%%%%%%%%%%%%%%%%%%%%%%%%%%%%%%%
2021-06-11 19:40:03.061 | INFO     | slp.plbind.helpers:_run_early_stopping_check:25 - Epoch 14 Early Stopping
2021-06-11 19:40:03.063 | INFO     | slp.util.system:print_separator:81 - --------------------------------------------------
2021-06-11 19:40:03.064 | INFO     | slp.plbind.helpers:_run_early_stopping_check:27 - best score      0.57504802942276
2021-06-11 19:40:03.065 | INFO     | slp.plbind.helpers:_run_early_stopping_check:28 - patience left   9              
2021-06-11 19:40:03.065 | INFO     | slp.util.system:print_separator:81 - ##################################################
2021-06-11 19:40:36.639 | INFO     | slp.plbind.module:log_to_console:478 - Epoch 15 Training results
2021-06-11 19:40:36.640 | INFO     | slp.util.system:print_separator:81 - --------------------------------------------------
2021-06-11 19:40:36.641 | INFO     | slp.plbind.module:log_to_console:484 - train_acc2      0.8708104491233826
2021-06-11 19:40:36.641 | INFO     | slp.plbind.module:log_to_console:484 - train_acc2_zero 0.831396758556366
2021-06-11 19:40:36.642 | INFO     | slp.plbind.module:log_to_console:484 - train_acc5      0.6100608110427856
2021-06-11 19:40:36.643 | INFO     | slp.plbind.module:log_to_console:484 - train_acc7      0.5854155421257019
2021-06-11 19:40:36.643 | INFO     | slp.plbind.module:log_to_console:484 - train_f1        0.8693546652793884
2021-06-11 19:40:36.644 | INFO     | slp.plbind.module:log_to_console:484 - train_f1_zero   0.8352156281471252
2021-06-11 19:40:36.644 | INFO     | slp.plbind.module:log_to_console:484 - train_mae       0.47919681668281555
2021-06-11 19:40:36.645 | INFO     | slp.plbind.module:log_to_console:484 - train_loss      0.47919681668281555
2021-06-11 19:40:36.645 | INFO     | slp.util.system:print_separator:81 - %%%%%%%%%%%%%%%%%%%%%%%%%%%%%%%%%%%%%%%%%%%%%%%%%%
2021-06-11 19:40:38.742 | INFO     | slp.plbind.module:log_to_console:478 - Epoch 15 Validation results
2021-06-11 19:40:38.743 | INFO     | slp.util.system:print_separator:81 - --------------------------------------------------
2021-06-11 19:40:38.744 | INFO     | slp.plbind.module:log_to_console:484 - val_acc2        0.7814733386039734
2021-06-11 19:40:38.745 | INFO     | slp.plbind.module:log_to_console:484 - val_acc2_zero   0.7549435496330261
2021-06-11 19:40:38.745 | INFO     | slp.plbind.module:log_to_console:484 - val_acc5        0.5378531217575073
2021-06-11 19:40:38.746 | INFO     | slp.plbind.module:log_to_console:484 - val_acc7        0.5235522389411926
2021-06-11 19:40:38.747 | INFO     | slp.plbind.module:log_to_console:484 - val_f1          0.7847722172737122
2021-06-11 19:40:38.748 | INFO     | slp.plbind.module:log_to_console:484 - val_f1_zero     0.7663087844848633
2021-06-11 19:40:38.748 | INFO     | slp.plbind.module:log_to_console:484 - val_mae         0.5898815393447876
2021-06-11 19:40:38.749 | INFO     | slp.plbind.module:log_to_console:484 - val_loss        0.5898815393447876
2021-06-11 19:40:38.750 | INFO     | slp.plbind.module:log_to_console:484 - best_score      0.5750480890274048
2021-06-11 19:40:38.750 | INFO     | slp.util.system:print_separator:81 - %%%%%%%%%%%%%%%%%%%%%%%%%%%%%%%%%%%%%%%%%%%%%%%%%%
2021-06-11 19:40:38.753 | INFO     | slp.plbind.helpers:_run_early_stopping_check:25 - Epoch 15 Early Stopping
2021-06-11 19:40:38.753 | INFO     | slp.util.system:print_separator:81 - --------------------------------------------------
2021-06-11 19:40:38.754 | INFO     | slp.plbind.helpers:_run_early_stopping_check:27 - best score      0.57504802942276
2021-06-11 19:40:38.755 | INFO     | slp.plbind.helpers:_run_early_stopping_check:28 - patience left   8              
2021-06-11 19:40:38.756 | INFO     | slp.util.system:print_separator:81 - ##################################################
2021-06-11 19:41:12.617 | INFO     | slp.plbind.module:log_to_console:478 - Epoch 16 Training results
2021-06-11 19:41:12.618 | INFO     | slp.util.system:print_separator:81 - --------------------------------------------------
2021-06-11 19:41:12.618 | INFO     | slp.plbind.module:log_to_console:484 - train_acc2      0.8705515265464783
2021-06-11 19:41:12.619 | INFO     | slp.plbind.module:log_to_console:484 - train_acc2_zero 0.8279983401298523
2021-06-11 19:41:12.619 | INFO     | slp.plbind.module:log_to_console:484 - train_acc5      0.6171547770500183
2021-06-11 19:41:12.620 | INFO     | slp.plbind.module:log_to_console:484 - train_acc7      0.5931821465492249
2021-06-11 19:41:12.621 | INFO     | slp.plbind.module:log_to_console:484 - train_f1        0.8689870238304138
2021-06-11 19:41:12.621 | INFO     | slp.plbind.module:log_to_console:484 - train_f1_zero   0.8317975401878357
2021-06-11 19:41:12.622 | INFO     | slp.plbind.module:log_to_console:484 - train_mae       0.4670480489730835
2021-06-11 19:41:12.622 | INFO     | slp.plbind.module:log_to_console:484 - train_loss      0.4670480489730835
2021-06-11 19:41:12.623 | INFO     | slp.util.system:print_separator:81 - %%%%%%%%%%%%%%%%%%%%%%%%%%%%%%%%%%%%%%%%%%%%%%%%%%
2021-06-11 19:41:14.545 | INFO     | slp.plbind.module:log_to_console:478 - Epoch 16 Validation results
2021-06-11 19:41:14.547 | INFO     | slp.util.system:print_separator:81 - --------------------------------------------------
2021-06-11 19:41:14.550 | INFO     | slp.plbind.module:log_to_console:484 - val_acc2        0.7901577949523926
2021-06-11 19:41:14.552 | INFO     | slp.plbind.module:log_to_console:484 - val_acc2_zero   0.7840042114257812
2021-06-11 19:41:14.554 | INFO     | slp.plbind.module:log_to_console:484 - val_acc5        0.5243996977806091
2021-06-11 19:41:14.555 | INFO     | slp.plbind.module:log_to_console:484 - val_acc7        0.5159251093864441
2021-06-11 19:41:14.557 | INFO     | slp.plbind.module:log_to_console:484 - val_f1          0.7868478894233704
2021-06-11 19:41:14.558 | INFO     | slp.plbind.module:log_to_console:484 - val_f1_zero     0.7881295084953308
2021-06-11 19:41:14.560 | INFO     | slp.plbind.module:log_to_console:484 - val_mae         0.5858858823776245
2021-06-11 19:41:14.561 | INFO     | slp.plbind.module:log_to_console:484 - val_loss        0.5858858823776245
2021-06-11 19:41:14.562 | INFO     | slp.plbind.module:log_to_console:484 - best_score      0.5750480890274048
2021-06-11 19:41:14.564 | INFO     | slp.util.system:print_separator:81 - %%%%%%%%%%%%%%%%%%%%%%%%%%%%%%%%%%%%%%%%%%%%%%%%%%
2021-06-11 19:41:14.569 | INFO     | slp.plbind.helpers:_run_early_stopping_check:25 - Epoch 16 Early Stopping
2021-06-11 19:41:14.571 | INFO     | slp.util.system:print_separator:81 - --------------------------------------------------
2021-06-11 19:41:14.573 | INFO     | slp.plbind.helpers:_run_early_stopping_check:27 - best score      0.57504802942276
2021-06-11 19:41:14.575 | INFO     | slp.plbind.helpers:_run_early_stopping_check:28 - patience left   7              
2021-06-11 19:41:14.576 | INFO     | slp.util.system:print_separator:81 - ##################################################
2021-06-11 19:41:48.615 | INFO     | slp.plbind.module:log_to_console:478 - Epoch 17 Training results
2021-06-11 19:41:48.615 | INFO     | slp.util.system:print_separator:81 - --------------------------------------------------
2021-06-11 19:41:48.616 | INFO     | slp.plbind.module:log_to_console:484 - train_acc2      0.8863784670829773
2021-06-11 19:41:48.617 | INFO     | slp.plbind.module:log_to_console:484 - train_acc2_zero 0.8397138118743896
2021-06-11 19:41:48.617 | INFO     | slp.plbind.module:log_to_console:484 - train_acc5      0.6441413760185242
2021-06-11 19:41:48.618 | INFO     | slp.plbind.module:log_to_console:484 - train_acc7      0.6183953285217285
2021-06-11 19:41:48.619 | INFO     | slp.plbind.module:log_to_console:484 - train_f1        0.8851674199104309
2021-06-11 19:41:48.620 | INFO     | slp.plbind.module:log_to_console:484 - train_f1_zero   0.8438910841941833
2021-06-11 19:41:48.621 | INFO     | slp.plbind.module:log_to_console:484 - train_mae       0.4296565651893616
2021-06-11 19:41:48.623 | INFO     | slp.plbind.module:log_to_console:484 - train_loss      0.4296565651893616
2021-06-11 19:41:48.624 | INFO     | slp.util.system:print_separator:81 - %%%%%%%%%%%%%%%%%%%%%%%%%%%%%%%%%%%%%%%%%%%%%%%%%%
2021-06-11 19:41:50.558 | INFO     | slp.plbind.module:log_to_console:478 - Epoch 17 Validation results
2021-06-11 19:41:50.559 | INFO     | slp.util.system:print_separator:81 - --------------------------------------------------
2021-06-11 19:41:50.560 | INFO     | slp.plbind.module:log_to_console:484 - val_acc2        0.8014346361160278
2021-06-11 19:41:50.561 | INFO     | slp.plbind.module:log_to_console:484 - val_acc2_zero   0.8144774436950684
2021-06-11 19:41:50.562 | INFO     | slp.plbind.module:log_to_console:484 - val_acc5        0.5355932116508484
2021-06-11 19:41:50.563 | INFO     | slp.plbind.module:log_to_console:484 - val_acc7        0.5250000357627869
2021-06-11 19:41:50.563 | INFO     | slp.plbind.module:log_to_console:484 - val_f1          0.7908239960670471
2021-06-11 19:41:50.564 | INFO     | slp.plbind.module:log_to_console:484 - val_f1_zero     0.8088050484657288
2021-06-11 19:41:50.565 | INFO     | slp.plbind.module:log_to_console:484 - val_mae         0.5837933421134949
2021-06-11 19:41:50.566 | INFO     | slp.plbind.module:log_to_console:484 - val_loss        0.5837933421134949
2021-06-11 19:41:50.566 | INFO     | slp.plbind.module:log_to_console:484 - best_score      0.5750480890274048
2021-06-11 19:41:50.567 | INFO     | slp.util.system:print_separator:81 - %%%%%%%%%%%%%%%%%%%%%%%%%%%%%%%%%%%%%%%%%%%%%%%%%%
2021-06-11 19:41:50.569 | INFO     | slp.plbind.helpers:_run_early_stopping_check:25 - Epoch 17 Early Stopping
2021-06-11 19:41:50.570 | INFO     | slp.util.system:print_separator:81 - --------------------------------------------------
2021-06-11 19:41:50.571 | INFO     | slp.plbind.helpers:_run_early_stopping_check:27 - best score      0.57504802942276
2021-06-11 19:41:50.571 | INFO     | slp.plbind.helpers:_run_early_stopping_check:28 - patience left   6              
2021-06-11 19:41:50.572 | INFO     | slp.util.system:print_separator:81 - ##################################################
2021-06-11 19:42:24.875 | INFO     | slp.plbind.module:log_to_console:478 - Epoch 18 Training results
2021-06-11 19:42:24.876 | INFO     | slp.util.system:print_separator:81 - --------------------------------------------------
2021-06-11 19:42:24.876 | INFO     | slp.plbind.module:log_to_console:484 - train_acc2      0.8909921050071716
2021-06-11 19:42:24.877 | INFO     | slp.plbind.module:log_to_console:484 - train_acc2_zero 0.8439247608184814
2021-06-11 19:42:24.878 | INFO     | slp.plbind.module:log_to_console:484 - train_acc5      0.658469021320343
2021-06-11 19:42:24.878 | INFO     | slp.plbind.module:log_to_console:484 - train_acc7      0.6333956122398376
2021-06-11 19:42:24.879 | INFO     | slp.plbind.module:log_to_console:484 - train_f1        0.8898230791091919
2021-06-11 19:42:24.879 | INFO     | slp.plbind.module:log_to_console:484 - train_f1_zero   0.8478491306304932
2021-06-11 19:42:24.880 | INFO     | slp.plbind.module:log_to_console:484 - train_mae       0.4137105643749237
2021-06-11 19:42:24.881 | INFO     | slp.plbind.module:log_to_console:484 - train_loss      0.4137105643749237
2021-06-11 19:42:24.881 | INFO     | slp.util.system:print_separator:81 - %%%%%%%%%%%%%%%%%%%%%%%%%%%%%%%%%%%%%%%%%%%%%%%%%%
2021-06-11 19:42:26.827 | INFO     | slp.plbind.module:log_to_console:478 - Epoch 18 Validation results
2021-06-11 19:42:26.827 | INFO     | slp.util.system:print_separator:81 - --------------------------------------------------
2021-06-11 19:42:26.829 | INFO     | slp.plbind.module:log_to_console:484 - val_acc2        0.7831065058708191
2021-06-11 19:42:26.829 | INFO     | slp.plbind.module:log_to_console:484 - val_acc2_zero   0.7622880935668945
2021-06-11 19:42:26.830 | INFO     | slp.plbind.module:log_to_console:484 - val_acc5        0.5381708741188049
2021-06-11 19:42:26.832 | INFO     | slp.plbind.module:log_to_console:484 - val_acc7        0.523870050907135
2021-06-11 19:42:26.834 | INFO     | slp.plbind.module:log_to_console:484 - val_f1          0.7860592603683472
2021-06-11 19:42:26.836 | INFO     | slp.plbind.module:log_to_console:484 - val_f1_zero     0.7736254930496216
2021-06-11 19:42:26.838 | INFO     | slp.plbind.module:log_to_console:484 - val_mae         0.5906407237052917
2021-06-11 19:42:26.840 | INFO     | slp.plbind.module:log_to_console:484 - val_loss        0.5906407237052917
2021-06-11 19:42:26.842 | INFO     | slp.plbind.module:log_to_console:484 - best_score      0.5750480890274048
2021-06-11 19:42:26.843 | INFO     | slp.util.system:print_separator:81 - %%%%%%%%%%%%%%%%%%%%%%%%%%%%%%%%%%%%%%%%%%%%%%%%%%
2021-06-11 19:42:26.847 | INFO     | slp.plbind.helpers:_run_early_stopping_check:25 - Epoch 18 Early Stopping
2021-06-11 19:42:26.848 | INFO     | slp.util.system:print_separator:81 - --------------------------------------------------
2021-06-11 19:42:26.849 | INFO     | slp.plbind.helpers:_run_early_stopping_check:27 - best score      0.57504802942276
2021-06-11 19:42:26.851 | INFO     | slp.plbind.helpers:_run_early_stopping_check:28 - patience left   5              
2021-06-11 19:42:26.852 | INFO     | slp.util.system:print_separator:81 - ##################################################
2021-06-11 19:43:01.119 | INFO     | slp.plbind.module:log_to_console:478 - Epoch 19 Training results
2021-06-11 19:43:01.120 | INFO     | slp.util.system:print_separator:81 - --------------------------------------------------
2021-06-11 19:43:01.121 | INFO     | slp.plbind.module:log_to_console:484 - train_acc2      0.8946435451507568
2021-06-11 19:43:01.121 | INFO     | slp.plbind.module:log_to_console:484 - train_acc2_zero 0.8418192863464355
2021-06-11 19:43:01.122 | INFO     | slp.plbind.module:log_to_console:484 - train_acc5      0.6664278507232666
2021-06-11 19:43:01.124 | INFO     | slp.plbind.module:log_to_console:484 - train_acc7      0.6409264206886292
2021-06-11 19:43:01.125 | INFO     | slp.plbind.module:log_to_console:484 - train_f1        0.8935489058494568
2021-06-11 19:43:01.127 | INFO     | slp.plbind.module:log_to_console:484 - train_f1_zero   0.8462088108062744
2021-06-11 19:43:01.128 | INFO     | slp.plbind.module:log_to_console:484 - train_mae       0.40571367740631104
2021-06-11 19:43:01.129 | INFO     | slp.plbind.module:log_to_console:484 - train_loss      0.40571367740631104
2021-06-11 19:43:01.131 | INFO     | slp.util.system:print_separator:81 - %%%%%%%%%%%%%%%%%%%%%%%%%%%%%%%%%%%%%%%%%%%%%%%%%%
2021-06-11 19:43:03.126 | INFO     | slp.plbind.module:log_to_console:478 - Epoch 19 Validation results
2021-06-11 19:43:03.127 | INFO     | slp.util.system:print_separator:81 - --------------------------------------------------
2021-06-11 19:43:03.129 | INFO     | slp.plbind.module:log_to_console:484 - val_acc2        0.7911680936813354
2021-06-11 19:43:03.129 | INFO     | slp.plbind.module:log_to_console:484 - val_acc2_zero   0.7762005925178528
2021-06-11 19:43:03.131 | INFO     | slp.plbind.module:log_to_console:484 - val_acc5        0.5367231965065002
2021-06-11 19:43:03.132 | INFO     | slp.plbind.module:log_to_console:484 - val_acc7        0.5224223136901855
2021-06-11 19:43:03.132 | INFO     | slp.plbind.module:log_to_console:484 - val_f1          0.7892547249794006
2021-06-11 19:43:03.133 | INFO     | slp.plbind.module:log_to_console:484 - val_f1_zero     0.7831262350082397
2021-06-11 19:43:03.134 | INFO     | slp.plbind.module:log_to_console:484 - val_mae         0.5982511639595032
2021-06-11 19:43:03.135 | INFO     | slp.plbind.module:log_to_console:484 - val_loss        0.5982511639595032
2021-06-11 19:43:03.136 | INFO     | slp.plbind.module:log_to_console:484 - best_score      0.5750480890274048
2021-06-11 19:43:03.137 | INFO     | slp.util.system:print_separator:81 - %%%%%%%%%%%%%%%%%%%%%%%%%%%%%%%%%%%%%%%%%%%%%%%%%%
2021-06-11 19:43:03.141 | INFO     | slp.plbind.helpers:_run_early_stopping_check:25 - Epoch 19 Early Stopping
2021-06-11 19:43:03.143 | INFO     | slp.util.system:print_separator:81 - --------------------------------------------------
2021-06-11 19:43:03.145 | INFO     | slp.plbind.helpers:_run_early_stopping_check:27 - best score      0.57504802942276
2021-06-11 19:43:03.147 | INFO     | slp.plbind.helpers:_run_early_stopping_check:28 - patience left   4              
2021-06-11 19:43:03.149 | INFO     | slp.util.system:print_separator:81 - ##################################################
2021-06-11 19:43:37.099 | INFO     | slp.plbind.module:log_to_console:478 - Epoch 20 Training results
2021-06-11 19:43:37.099 | INFO     | slp.util.system:print_separator:81 - --------------------------------------------------
2021-06-11 19:43:37.100 | INFO     | slp.plbind.module:log_to_console:484 - train_acc2      0.8956983685493469
2021-06-11 19:43:37.101 | INFO     | slp.plbind.module:log_to_console:484 - train_acc2_zero 0.8451827764511108
2021-06-11 19:43:37.101 | INFO     | slp.plbind.module:log_to_console:484 - train_acc5      0.6742119789123535
2021-06-11 19:43:37.102 | INFO     | slp.plbind.module:log_to_console:484 - train_acc7      0.6479766964912415
2021-06-11 19:43:37.102 | INFO     | slp.plbind.module:log_to_console:484 - train_f1        0.8947150111198425
2021-06-11 19:43:37.103 | INFO     | slp.plbind.module:log_to_console:484 - train_f1_zero   0.8492762446403503
2021-06-11 19:43:37.103 | INFO     | slp.plbind.module:log_to_console:484 - train_mae       0.39534792304039
2021-06-11 19:43:37.104 | INFO     | slp.plbind.module:log_to_console:484 - train_loss      0.39534792304039
2021-06-11 19:43:37.104 | INFO     | slp.util.system:print_separator:81 - %%%%%%%%%%%%%%%%%%%%%%%%%%%%%%%%%%%%%%%%%%%%%%%%%%
2021-06-11 19:43:39.070 | INFO     | slp.plbind.module:log_to_console:478 - Epoch 20 Validation results
2021-06-11 19:43:39.072 | INFO     | slp.util.system:print_separator:81 - --------------------------------------------------
2021-06-11 19:43:39.075 | INFO     | slp.plbind.module:log_to_console:484 - val_acc2        0.7936344742774963
2021-06-11 19:43:39.077 | INFO     | slp.plbind.module:log_to_console:484 - val_acc2_zero   0.777189314365387
2021-06-11 19:43:39.079 | INFO     | slp.plbind.module:log_to_console:484 - val_acc5        0.5318149924278259
2021-06-11 19:43:39.081 | INFO     | slp.plbind.module:log_to_console:484 - val_acc7        0.5175141096115112
2021-06-11 19:43:39.083 | INFO     | slp.plbind.module:log_to_console:484 - val_f1          0.7928231954574585
2021-06-11 19:43:39.085 | INFO     | slp.plbind.module:log_to_console:484 - val_f1_zero     0.7843460440635681
2021-06-11 19:43:39.086 | INFO     | slp.plbind.module:log_to_console:484 - val_mae         0.5974744558334351
2021-06-11 19:43:39.088 | INFO     | slp.plbind.module:log_to_console:484 - val_loss        0.5974744558334351
2021-06-11 19:43:39.090 | INFO     | slp.plbind.module:log_to_console:484 - best_score      0.5750480890274048
2021-06-11 19:43:39.091 | INFO     | slp.util.system:print_separator:81 - %%%%%%%%%%%%%%%%%%%%%%%%%%%%%%%%%%%%%%%%%%%%%%%%%%
2021-06-11 19:43:39.095 | INFO     | slp.plbind.helpers:_run_early_stopping_check:25 - Epoch 20 Early Stopping
2021-06-11 19:43:39.096 | INFO     | slp.util.system:print_separator:81 - --------------------------------------------------
2021-06-11 19:43:39.098 | INFO     | slp.plbind.helpers:_run_early_stopping_check:27 - best score      0.57504802942276
2021-06-11 19:43:39.099 | INFO     | slp.plbind.helpers:_run_early_stopping_check:28 - patience left   3              
2021-06-11 19:43:39.100 | INFO     | slp.util.system:print_separator:81 - ##################################################
2021-06-11 19:44:12.934 | INFO     | slp.plbind.module:log_to_console:478 - Epoch 21 Training results
2021-06-11 19:44:12.935 | INFO     | slp.util.system:print_separator:81 - --------------------------------------------------
2021-06-11 19:44:12.936 | INFO     | slp.plbind.module:log_to_console:484 - train_acc2      0.8992040753364563
2021-06-11 19:44:12.936 | INFO     | slp.plbind.module:log_to_console:484 - train_acc2_zero 0.8453662395477295
2021-06-11 19:44:12.937 | INFO     | slp.plbind.module:log_to_console:484 - train_acc5      0.6855343580245972
2021-06-11 19:44:12.937 | INFO     | slp.plbind.module:log_to_console:484 - train_acc7      0.6610724925994873
2021-06-11 19:44:12.938 | INFO     | slp.plbind.module:log_to_console:484 - train_f1        0.8984423279762268
2021-06-11 19:44:12.938 | INFO     | slp.plbind.module:log_to_console:484 - train_f1_zero   0.8497468829154968
2021-06-11 19:44:12.939 | INFO     | slp.plbind.module:log_to_console:484 - train_mae       0.382484495639801
2021-06-11 19:44:12.939 | INFO     | slp.plbind.module:log_to_console:484 - train_loss      0.382484495639801
2021-06-11 19:44:12.940 | INFO     | slp.util.system:print_separator:81 - %%%%%%%%%%%%%%%%%%%%%%%%%%%%%%%%%%%%%%%%%%%%%%%%%%
2021-06-11 19:44:14.886 | INFO     | slp.plbind.module:log_to_console:478 - Epoch 21 Validation results
2021-06-11 19:44:14.888 | INFO     | slp.util.system:print_separator:81 - --------------------------------------------------
2021-06-11 19:44:14.891 | INFO     | slp.plbind.module:log_to_console:484 - val_acc2        0.7908698916435242
2021-06-11 19:44:14.893 | INFO     | slp.plbind.module:log_to_console:484 - val_acc2_zero   0.7808969020843506
2021-06-11 19:44:14.895 | INFO     | slp.plbind.module:log_to_console:484 - val_acc5        0.5281779766082764
2021-06-11 19:44:14.896 | INFO     | slp.plbind.module:log_to_console:484 - val_acc7        0.5186440944671631
2021-06-11 19:44:14.898 | INFO     | slp.plbind.module:log_to_console:484 - val_f1          0.7916433215141296
2021-06-11 19:44:14.900 | INFO     | slp.plbind.module:log_to_console:484 - val_f1_zero     0.7892581224441528
2021-06-11 19:44:14.901 | INFO     | slp.plbind.module:log_to_console:484 - val_mae         0.5862807631492615
2021-06-11 19:44:14.903 | INFO     | slp.plbind.module:log_to_console:484 - val_loss        0.5862807631492615
2021-06-11 19:44:14.904 | INFO     | slp.plbind.module:log_to_console:484 - best_score      0.5750480890274048
2021-06-11 19:44:14.906 | INFO     | slp.util.system:print_separator:81 - %%%%%%%%%%%%%%%%%%%%%%%%%%%%%%%%%%%%%%%%%%%%%%%%%%
2021-06-11 19:44:14.909 | INFO     | slp.plbind.helpers:_run_early_stopping_check:25 - Epoch 21 Early Stopping
2021-06-11 19:44:14.911 | INFO     | slp.util.system:print_separator:81 - --------------------------------------------------
2021-06-11 19:44:14.913 | INFO     | slp.plbind.helpers:_run_early_stopping_check:27 - best score      0.57504802942276
2021-06-11 19:44:14.915 | INFO     | slp.plbind.helpers:_run_early_stopping_check:28 - patience left   2              
2021-06-11 19:44:14.917 | INFO     | slp.util.system:print_separator:81 - ##################################################
2021-06-11 19:44:48.404 | INFO     | slp.plbind.module:log_to_console:478 - Epoch 22 Training results
2021-06-11 19:44:48.405 | INFO     | slp.util.system:print_separator:81 - --------------------------------------------------
2021-06-11 19:44:48.406 | INFO     | slp.plbind.module:log_to_console:484 - train_acc2      0.905348539352417
2021-06-11 19:44:48.406 | INFO     | slp.plbind.module:log_to_console:484 - train_acc2_zero 0.8476289510726929
2021-06-11 19:44:48.407 | INFO     | slp.plbind.module:log_to_console:484 - train_acc5      0.6999406218528748
2021-06-11 19:44:48.407 | INFO     | slp.plbind.module:log_to_console:484 - train_acc7      0.6753564476966858
2021-06-11 19:44:48.408 | INFO     | slp.plbind.module:log_to_console:484 - train_f1        0.9048899412155151
2021-06-11 19:44:48.409 | INFO     | slp.plbind.module:log_to_console:484 - train_f1_zero   0.8526275753974915
2021-06-11 19:44:48.409 | INFO     | slp.plbind.module:log_to_console:484 - train_mae       0.3640773892402649
2021-06-11 19:44:48.410 | INFO     | slp.plbind.module:log_to_console:484 - train_loss      0.3640773892402649
2021-06-11 19:44:48.410 | INFO     | slp.util.system:print_separator:81 - %%%%%%%%%%%%%%%%%%%%%%%%%%%%%%%%%%%%%%%%%%%%%%%%%%
2021-06-11 19:44:50.441 | INFO     | slp.plbind.module:log_to_console:478 - Epoch 22 Validation results
2021-06-11 19:44:50.443 | INFO     | slp.util.system:print_separator:81 - --------------------------------------------------
2021-06-11 19:44:50.445 | INFO     | slp.plbind.module:log_to_console:484 - val_acc2        0.7910258173942566
2021-06-11 19:44:50.447 | INFO     | slp.plbind.module:log_to_console:484 - val_acc2_zero   0.769244372844696
2021-06-11 19:44:50.449 | INFO     | slp.plbind.module:log_to_console:484 - val_acc5        0.5361229181289673
2021-06-11 19:44:50.451 | INFO     | slp.plbind.module:log_to_console:484 - val_acc7        0.5228813886642456
2021-06-11 19:44:50.453 | INFO     | slp.plbind.module:log_to_console:484 - val_f1          0.7932805418968201
2021-06-11 19:44:50.455 | INFO     | slp.plbind.module:log_to_console:484 - val_f1_zero     0.7800862789154053
2021-06-11 19:44:50.457 | INFO     | slp.plbind.module:log_to_console:484 - val_mae         0.5928460955619812
2021-06-11 19:44:50.459 | INFO     | slp.plbind.module:log_to_console:484 - val_loss        0.5928460955619812
2021-06-11 19:44:50.461 | INFO     | slp.plbind.module:log_to_console:484 - best_score      0.5750480890274048
2021-06-11 19:44:50.463 | INFO     | slp.util.system:print_separator:81 - %%%%%%%%%%%%%%%%%%%%%%%%%%%%%%%%%%%%%%%%%%%%%%%%%%
2021-06-11 19:44:50.468 | INFO     | slp.plbind.helpers:_run_early_stopping_check:25 - Epoch 22 Early Stopping
2021-06-11 19:44:50.469 | INFO     | slp.util.system:print_separator:81 - --------------------------------------------------
2021-06-11 19:44:50.471 | INFO     | slp.plbind.helpers:_run_early_stopping_check:27 - best score      0.57504802942276
2021-06-11 19:44:50.472 | INFO     | slp.plbind.helpers:_run_early_stopping_check:28 - patience left   1              
2021-06-11 19:44:50.474 | INFO     | slp.util.system:print_separator:81 - ##################################################
2021-06-11 19:45:24.391 | INFO     | slp.plbind.module:log_to_console:478 - Epoch 23 Training results
2021-06-11 19:45:24.391 | INFO     | slp.util.system:print_separator:81 - --------------------------------------------------
2021-06-11 19:45:24.392 | INFO     | slp.plbind.module:log_to_console:484 - train_acc2      0.9048401713371277
2021-06-11 19:45:24.393 | INFO     | slp.plbind.module:log_to_console:484 - train_acc2_zero 0.8503808975219727
2021-06-11 19:45:24.393 | INFO     | slp.plbind.module:log_to_console:484 - train_acc5      0.7093759179115295
2021-06-11 19:45:24.394 | INFO     | slp.plbind.module:log_to_console:484 - train_acc7      0.6842413544654846
2021-06-11 19:45:24.394 | INFO     | slp.plbind.module:log_to_console:484 - train_f1        0.9040870070457458
2021-06-11 19:45:24.395 | INFO     | slp.plbind.module:log_to_console:484 - train_f1_zero   0.8548217415809631
2021-06-11 19:45:24.395 | INFO     | slp.plbind.module:log_to_console:484 - train_mae       0.353502482175827
2021-06-11 19:45:24.396 | INFO     | slp.plbind.module:log_to_console:484 - train_loss      0.353502482175827
2021-06-11 19:45:24.397 | INFO     | slp.util.system:print_separator:81 - %%%%%%%%%%%%%%%%%%%%%%%%%%%%%%%%%%%%%%%%%%%%%%%%%%
2021-06-11 19:45:26.359 | INFO     | slp.plbind.module:log_to_console:478 - Epoch 23 Validation results
2021-06-11 19:45:26.360 | INFO     | slp.util.system:print_separator:81 - --------------------------------------------------
2021-06-11 19:45:26.362 | INFO     | slp.plbind.module:log_to_console:484 - val_acc2        0.795136034488678
2021-06-11 19:45:26.363 | INFO     | slp.plbind.module:log_to_console:484 - val_acc2_zero   0.7687147259712219
2021-06-11 19:45:26.364 | INFO     | slp.plbind.module:log_to_console:484 - val_acc5        0.5324152708053589
2021-06-11 19:45:26.365 | INFO     | slp.plbind.module:log_to_console:484 - val_acc7        0.5202330350875854
2021-06-11 19:45:26.382 | INFO     | slp.plbind.module:log_to_console:484 - val_f1          0.7972747683525085
2021-06-11 19:45:26.404 | INFO     | slp.plbind.module:log_to_console:484 - val_f1_zero     0.780314564704895
2021-06-11 19:45:26.406 | INFO     | slp.plbind.module:log_to_console:484 - val_mae         0.5972943902015686
2021-06-11 19:45:26.408 | INFO     | slp.plbind.module:log_to_console:484 - val_loss        0.5972943902015686
2021-06-11 19:45:26.410 | INFO     | slp.plbind.module:log_to_console:484 - best_score      0.5750480890274048
2021-06-11 19:45:26.412 | INFO     | slp.util.system:print_separator:81 - %%%%%%%%%%%%%%%%%%%%%%%%%%%%%%%%%%%%%%%%%%%%%%%%%%
2021-06-11 19:45:26.417 | INFO     | slp.plbind.helpers:_run_early_stopping_check:25 - Epoch 23 Early Stopping
2021-06-11 19:45:26.420 | INFO     | slp.util.system:print_separator:81 - --------------------------------------------------
2021-06-11 19:45:26.421 | INFO     | slp.plbind.helpers:_run_early_stopping_check:27 - best score      0.57504802942276
2021-06-11 19:45:26.423 | INFO     | slp.plbind.helpers:_run_early_stopping_check:28 - patience left   0              
2021-06-11 19:45:26.424 | INFO     | slp.plbind.helpers:_run_early_stopping_check:33 - Stopping due to early stopping
2021-06-11 19:45:26.426 | INFO     | slp.util.system:print_separator:81 - ##################################################
2021-06-11 19:45:26.534 | INFO     | pytorch_lightning.profiler.profilers:describe:96 - 

Profiler Report

Action                             	|  Mean duration (s)	|Num calls      	|  Total time (s) 	|  Percentage %   	|
------------------------------------------------------------------------------------------------------------------------------------
Total                              	|  -              	|_              	|  827.45         	|  100 %          	|
------------------------------------------------------------------------------------------------------------------------------------
run_training_epoch                 	|  35.836         	|23             	|  824.23         	|  99.611         	|
run_training_batch                 	|  0.063746       	|11753          	|  749.21         	|  90.545         	|
optimizer_step_and_closure_0       	|  0.061353       	|11753          	|  721.08         	|  87.145         	|
training_step_and_backward         	|  0.051367       	|11753          	|  603.71         	|  72.96          	|
model_forward                      	|  0.029507       	|11753          	|  346.79         	|  41.911         	|
training_step                      	|  0.029269       	|11753          	|  344.0          	|  41.573         	|
model_backward                     	|  0.021609       	|11753          	|  253.97         	|  30.693         	|
evaluation_step_and_end            	|  0.027314       	|1359           	|  37.119         	|  4.486          	|
validation_step                    	|  0.027158       	|1359           	|  36.908         	|  4.4605         	|
get_train_batch                    	|  0.00051788     	|11753          	|  6.0867         	|  0.7356         	|
on_train_batch_end                 	|  0.00014259     	|11753          	|  1.6759         	|  0.20254        	|
on_train_batch_start               	|  0.00012718     	|11753          	|  1.4948         	|  0.18065        	|
cache_result                       	|  1.805e-05      	|63104          	|  1.139          	|  0.13765        	|
on_validation_end                  	|  0.030228       	|24             	|  0.72547        	|  0.087675       	|
on_after_backward                  	|  3.1774e-05     	|11753          	|  0.37344        	|  0.045131       	|
on_before_zero_grad                	|  2.8233e-05     	|11753          	|  0.33182        	|  0.040101       	|
on_batch_start                     	|  2.6632e-05     	|11753          	|  0.31301        	|  0.037828       	|
on_batch_end                       	|  1.7796e-05     	|11753          	|  0.20916        	|  0.025278       	|
on_validation_batch_end            	|  9.009e-05      	|1359           	|  0.12243        	|  0.014796       	|
training_step_end                  	|  9.8056e-06     	|11753          	|  0.11525        	|  0.013928       	|
on_train_end                       	|  0.037267       	|1              	|  0.037267       	|  0.0045038      	|
on_validation_batch_start          	|  1.5544e-05     	|1359           	|  0.021125       	|  0.002553       	|
on_epoch_start                     	|  0.00077668     	|23             	|  0.017864       	|  0.0021589      	|
validation_step_end                	|  1.1397e-05     	|1359           	|  0.015488       	|  0.0018718      	|
on_validation_start                	|  0.00063615     	|24             	|  0.015268       	|  0.0018451      	|
on_train_start                     	|  0.0024208      	|1              	|  0.0024208      	|  0.00029256     	|
on_train_epoch_end                 	|  2.7791e-05     	|23             	|  0.0006392      	|  7.7249e-05     	|
on_validation_epoch_end            	|  2.6445e-05     	|24             	|  0.00063468     	|  7.6703e-05     	|
on_epoch_end                       	|  1.2427e-05     	|47             	|  0.00058406     	|  7.0586e-05     	|
on_validation_epoch_start          	|  1.8374e-05     	|24             	|  0.00044097     	|  5.3292e-05     	|
on_train_epoch_start               	|  1.8289e-05     	|23             	|  0.00042064     	|  5.0835e-05     	|
on_fit_start                       	|  2.293e-05      	|1              	|  2.293e-05      	|  2.7712e-06     	|
on_before_accelerator_backend_setup	|  1.187e-05      	|1              	|  1.187e-05      	|  1.4345e-06     	|

