2021-06-11 19:56:44.604 | INFO     | slp.util.log:configure_logging:84 - Log file will be saved in logs/table2-run2.20210611-195644.log
2021-06-11 19:56:45.467 | INFO     | slp.plbind.dm:setup:159 - Using provided validation set
2021-06-11 19:56:45.468 | INFO     | slp.plbind.dm:setup:162 - Using provided test set
2021-06-11 19:56:45.468 | INFO     | slp.plbind.dm:setup:212 - Using 16327 samples for training
2021-06-11 19:56:45.468 | INFO     | slp.plbind.dm:setup:213 - Using 1871 samples for validation
2021-06-11 19:56:45.468 | INFO     | slp.plbind.dm:setup:216 - Using 4662 samples for testing
2021-06-11 19:56:45.489 | INFO     | slp.plbind.trainer:make_trainer:428 - Logs will be saved in rnn-m3-0.25-text-0.6/table2-run2
2021-06-11 19:56:45.489 | INFO     | slp.plbind.trainer:make_trainer:429 - Logs will be saved in rnn-m3-0.25-text-0.6/table2-run2/20210611-195645/checkpoints
2021-06-11 19:56:45.526 | INFO     | slp.plbind.trainer:make_trainer:461 - Configured wandb and CSV loggers.
2021-06-11 19:56:45.527 | INFO     | slp.plbind.trainer:make_trainer:462 - Wandb configured to run table2-run2/20210611-195645 in project table2-run2
2021-06-11 19:56:45.527 | INFO     | slp.plbind.trainer:make_trainer:467 - Results will be stored online.
2021-06-11 19:56:45.528 | INFO     | slp.plbind.trainer:make_trainer:475 - Experiment verbose description:
MOSEI RNN-baseline with M3 and higher text drop probability

Tags:['mosei', 'rnn-baseline', 'm3', 'regularization']
2021-06-11 19:56:45.530 | INFO     | slp.plbind.trainer:make_trainer:496 - Configured Early stopping and Model checkpointing to track val_loss
2021-06-11 19:56:45.551 | INFO     | pytorch_lightning.utilities.distributed:_info:54 - GPU available: True, used: True
2021-06-11 19:56:45.552 | INFO     | pytorch_lightning.utilities.distributed:_info:54 - TPU available: None, using: 0 TPU cores
2021-06-11 19:56:46.423 | INFO     | slp.plbind.trainer:watch_model:613 - Tracking model weights & gradients in wandb.
2021-06-11 19:56:46.425 | INFO     | pytorch_lightning.accelerators.gpu:set_nvidia_flags:40 - LOCAL_RANK: 0 - CUDA_VISIBLE_DEVICES: [3]
2021-06-11 19:56:48.967 | INFO     | pytorch_lightning.core.lightning:summarize:1457 - 
  | Name          | Type                            | Params
------------------------------------------------------------------
0 | model         | AudioVisualTextMaskedClassifier | 1.6 M 
1 | criterion     | L1Loss                          | 0     
2 | train_metrics | ModuleDict                      | 0     
3 | val_metrics   | ModuleDict                      | 0     
4 | test_metrics  | ModuleDict                      | 0     
------------------------------------------------------------------
1.6 M     Trainable params
0         Non-trainable params
1.6 M     Total params
6.535     Total estimated model params size (MB)
2021-06-11 19:56:49.216 | INFO     | slp.plbind.module:log_to_console:478 - Epoch 1 Validation results
2021-06-11 19:56:49.218 | INFO     | slp.util.system:print_separator:81 - --------------------------------------------------
2021-06-11 19:56:49.220 | INFO     | slp.plbind.module:log_to_console:484 - val_acc2        0.48106062412261963
2021-06-11 19:56:49.221 | INFO     | slp.plbind.module:log_to_console:484 - val_acc2_zero   0.5            
2021-06-11 19:56:49.223 | INFO     | slp.plbind.module:log_to_console:484 - val_acc5        0.28125        
2021-06-11 19:56:49.224 | INFO     | slp.plbind.module:log_to_console:484 - val_acc7        0.25           
2021-06-11 19:56:49.225 | INFO     | slp.plbind.module:log_to_console:484 - val_f1          0.5022186040878296
2021-06-11 19:56:49.226 | INFO     | slp.plbind.module:log_to_console:484 - val_f1_zero     0.515625       
2021-06-11 19:56:49.227 | INFO     | slp.plbind.module:log_to_console:484 - val_mae         1.9153308868408203
2021-06-11 19:56:49.228 | INFO     | slp.plbind.module:log_to_console:484 - val_loss        1.9153308868408203
2021-06-11 19:56:49.228 | INFO     | slp.plbind.module:log_to_console:484 - best_score      inf            
2021-06-11 19:56:49.229 | INFO     | slp.util.system:print_separator:81 - %%%%%%%%%%%%%%%%%%%%%%%%%%%%%%%%%%%%%%%%%%%%%%%%%%
2021-06-11 19:57:22.825 | INFO     | slp.plbind.module:log_to_console:478 - Epoch 1 Training results
2021-06-11 19:57:22.825 | INFO     | slp.util.system:print_separator:81 - --------------------------------------------------
2021-06-11 19:57:22.826 | INFO     | slp.plbind.module:log_to_console:484 - train_acc2      0.681912899017334
2021-06-11 19:57:22.827 | INFO     | slp.plbind.module:log_to_console:484 - train_acc2_zero 0.6615355014801025
2021-06-11 19:57:22.827 | INFO     | slp.plbind.module:log_to_console:484 - train_acc5      0.38262686133384705
2021-06-11 19:57:22.828 | INFO     | slp.plbind.module:log_to_console:484 - train_acc7      0.3762667775154114
2021-06-11 19:57:22.828 | INFO     | slp.plbind.module:log_to_console:484 - train_f1        0.6588911414146423
2021-06-11 19:57:22.829 | INFO     | slp.plbind.module:log_to_console:484 - train_f1_zero   0.6494078636169434
2021-06-11 19:57:22.829 | INFO     | slp.plbind.module:log_to_console:484 - train_mae       0.9858760237693787
2021-06-11 19:57:22.830 | INFO     | slp.plbind.module:log_to_console:484 - train_loss      0.9858760237693787
2021-06-11 19:57:22.830 | INFO     | slp.util.system:print_separator:81 - %%%%%%%%%%%%%%%%%%%%%%%%%%%%%%%%%%%%%%%%%%%%%%%%%%
2021-06-11 19:57:24.748 | INFO     | slp.plbind.module:log_to_console:478 - Epoch 1 Validation results
2021-06-11 19:57:24.750 | INFO     | slp.util.system:print_separator:81 - --------------------------------------------------
2021-06-11 19:57:24.752 | INFO     | slp.plbind.module:log_to_console:484 - val_acc2        0.7750792503356934
2021-06-11 19:57:24.754 | INFO     | slp.plbind.module:log_to_console:484 - val_acc2_zero   0.7777895331382751
2021-06-11 19:57:24.756 | INFO     | slp.plbind.module:log_to_console:484 - val_acc5        0.46144068241119385
2021-06-11 19:57:24.758 | INFO     | slp.plbind.module:log_to_console:484 - val_acc7        0.4603813588619232
2021-06-11 19:57:24.759 | INFO     | slp.plbind.module:log_to_console:484 - val_f1          0.7673128247261047
2021-06-11 19:57:24.760 | INFO     | slp.plbind.module:log_to_console:484 - val_f1_zero     0.777734637260437
2021-06-11 19:57:24.761 | INFO     | slp.plbind.module:log_to_console:484 - val_mae         0.6688043475151062
2021-06-11 19:57:24.762 | INFO     | slp.plbind.module:log_to_console:484 - val_loss        0.6688043475151062
2021-06-11 19:57:24.763 | INFO     | slp.plbind.module:log_to_console:484 - best_score      inf            
2021-06-11 19:57:24.764 | INFO     | slp.util.system:print_separator:81 - %%%%%%%%%%%%%%%%%%%%%%%%%%%%%%%%%%%%%%%%%%%%%%%%%%
2021-06-11 19:57:24.766 | INFO     | slp.plbind.helpers:_run_early_stopping_check:25 - Epoch 1 Early Stopping
2021-06-11 19:57:24.767 | INFO     | slp.util.system:print_separator:81 - --------------------------------------------------
2021-06-11 19:57:24.768 | INFO     | slp.plbind.helpers:_run_early_stopping_check:27 - best score      0.6688043475151062
2021-06-11 19:57:24.769 | INFO     | slp.plbind.helpers:_run_early_stopping_check:28 - patience left   10             
2021-06-11 19:57:24.819 | INFO     | slp.util.system:print_separator:81 - ##################################################
2021-06-11 19:57:58.885 | INFO     | slp.plbind.module:log_to_console:478 - Epoch 2 Training results
2021-06-11 19:57:58.886 | INFO     | slp.util.system:print_separator:81 - --------------------------------------------------
2021-06-11 19:57:58.886 | INFO     | slp.plbind.module:log_to_console:484 - train_acc2      0.7777575850486755
2021-06-11 19:57:58.887 | INFO     | slp.plbind.module:log_to_console:484 - train_acc2_zero 0.7501136064529419
2021-06-11 19:57:58.888 | INFO     | slp.plbind.module:log_to_console:484 - train_acc5      0.4656660556793213
2021-06-11 19:57:58.888 | INFO     | slp.plbind.module:log_to_console:484 - train_acc7      0.4579605758190155
2021-06-11 19:57:58.889 | INFO     | slp.plbind.module:log_to_console:484 - train_f1        0.7731141448020935
2021-06-11 19:57:58.889 | INFO     | slp.plbind.module:log_to_console:484 - train_f1_zero   0.7533709406852722
2021-06-11 19:57:58.890 | INFO     | slp.plbind.module:log_to_console:484 - train_mae       0.6958539485931396
2021-06-11 19:57:58.890 | INFO     | slp.plbind.module:log_to_console:484 - train_loss      0.6958539485931396
2021-06-11 19:57:58.891 | INFO     | slp.util.system:print_separator:81 - %%%%%%%%%%%%%%%%%%%%%%%%%%%%%%%%%%%%%%%%%%%%%%%%%%
2021-06-11 19:58:00.766 | INFO     | slp.plbind.module:log_to_console:478 - Epoch 2 Validation results
2021-06-11 19:58:00.767 | INFO     | slp.util.system:print_separator:81 - --------------------------------------------------
2021-06-11 19:58:00.768 | INFO     | slp.plbind.module:log_to_console:484 - val_acc2        0.7798792719841003
2021-06-11 19:58:00.769 | INFO     | slp.plbind.module:log_to_console:484 - val_acc2_zero   0.7783898115158081
2021-06-11 19:58:00.770 | INFO     | slp.plbind.module:log_to_console:484 - val_acc5        0.4864054024219513
2021-06-11 19:58:00.771 | INFO     | slp.plbind.module:log_to_console:484 - val_acc7        0.48110878467559814
2021-06-11 19:58:00.771 | INFO     | slp.plbind.module:log_to_console:484 - val_f1          0.7721779942512512
2021-06-11 19:58:00.772 | INFO     | slp.plbind.module:log_to_console:484 - val_f1_zero     0.7785422205924988
2021-06-11 19:58:00.773 | INFO     | slp.plbind.module:log_to_console:484 - val_mae         0.634598970413208
2021-06-11 19:58:00.774 | INFO     | slp.plbind.module:log_to_console:484 - val_loss        0.634598970413208
2021-06-11 19:58:00.774 | INFO     | slp.plbind.module:log_to_console:484 - best_score      0.6688042283058167
2021-06-11 19:58:00.775 | INFO     | slp.util.system:print_separator:81 - %%%%%%%%%%%%%%%%%%%%%%%%%%%%%%%%%%%%%%%%%%%%%%%%%%
2021-06-11 19:58:00.777 | INFO     | slp.plbind.helpers:_run_early_stopping_check:25 - Epoch 2 Early Stopping
2021-06-11 19:58:00.778 | INFO     | slp.util.system:print_separator:81 - --------------------------------------------------
2021-06-11 19:58:00.779 | INFO     | slp.plbind.helpers:_run_early_stopping_check:27 - best score      0.634598970413208
2021-06-11 19:58:00.779 | INFO     | slp.plbind.helpers:_run_early_stopping_check:28 - patience left   10             
2021-06-11 19:58:00.780 | INFO     | slp.util.system:print_separator:81 - ##################################################
2021-06-11 19:58:34.969 | INFO     | slp.plbind.module:log_to_console:478 - Epoch 3 Training results
2021-06-11 19:58:34.970 | INFO     | slp.util.system:print_separator:81 - --------------------------------------------------
2021-06-11 19:58:34.971 | INFO     | slp.plbind.module:log_to_console:484 - train_acc2      0.7975039482116699
2021-06-11 19:58:34.971 | INFO     | slp.plbind.module:log_to_console:484 - train_acc2_zero 0.7630783319473267
2021-06-11 19:58:34.972 | INFO     | slp.plbind.module:log_to_console:484 - train_acc5      0.4852530062198639
2021-06-11 19:58:34.973 | INFO     | slp.plbind.module:log_to_console:484 - train_acc7      0.47326672077178955
2021-06-11 19:58:34.973 | INFO     | slp.plbind.module:log_to_console:484 - train_f1        0.7935703992843628
2021-06-11 19:58:34.974 | INFO     | slp.plbind.module:log_to_console:484 - train_f1_zero   0.7667612433433533
2021-06-11 19:58:34.974 | INFO     | slp.plbind.module:log_to_console:484 - train_mae       0.6586802005767822
2021-06-11 19:58:34.975 | INFO     | slp.plbind.module:log_to_console:484 - train_loss      0.6586802005767822
2021-06-11 19:58:34.975 | INFO     | slp.util.system:print_separator:81 - %%%%%%%%%%%%%%%%%%%%%%%%%%%%%%%%%%%%%%%%%%%%%%%%%%
2021-06-11 19:58:36.918 | INFO     | slp.plbind.module:log_to_console:478 - Epoch 3 Validation results
2021-06-11 19:58:36.919 | INFO     | slp.util.system:print_separator:81 - --------------------------------------------------
2021-06-11 19:58:36.920 | INFO     | slp.plbind.module:log_to_console:484 - val_acc2        0.7739561200141907
2021-06-11 19:58:36.921 | INFO     | slp.plbind.module:log_to_console:484 - val_acc2_zero   0.7456215023994446
2021-06-11 19:58:36.922 | INFO     | slp.plbind.module:log_to_console:484 - val_acc5        0.5160664319992065
2021-06-11 19:58:36.923 | INFO     | slp.plbind.module:log_to_console:484 - val_acc7        0.5007062554359436
2021-06-11 19:58:36.923 | INFO     | slp.plbind.module:log_to_console:484 - val_f1          0.7679082751274109
2021-06-11 19:58:36.924 | INFO     | slp.plbind.module:log_to_console:484 - val_f1_zero     0.749034583568573
2021-06-11 19:58:36.925 | INFO     | slp.plbind.module:log_to_console:484 - val_mae         0.642293393611908
2021-06-11 19:58:36.925 | INFO     | slp.plbind.module:log_to_console:484 - val_loss        0.642293393611908
2021-06-11 19:58:36.926 | INFO     | slp.plbind.module:log_to_console:484 - best_score      0.634598970413208
2021-06-11 19:58:36.927 | INFO     | slp.util.system:print_separator:81 - %%%%%%%%%%%%%%%%%%%%%%%%%%%%%%%%%%%%%%%%%%%%%%%%%%
2021-06-11 19:58:36.929 | INFO     | slp.plbind.helpers:_run_early_stopping_check:25 - Epoch 3 Early Stopping
2021-06-11 19:58:36.930 | INFO     | slp.util.system:print_separator:81 - --------------------------------------------------
2021-06-11 19:58:36.931 | INFO     | slp.plbind.helpers:_run_early_stopping_check:27 - best score      0.634598970413208
2021-06-11 19:58:36.931 | INFO     | slp.plbind.helpers:_run_early_stopping_check:28 - patience left   9              
2021-06-11 19:58:36.932 | INFO     | slp.util.system:print_separator:81 - ##################################################
2021-06-11 19:59:11.105 | INFO     | slp.plbind.module:log_to_console:478 - Epoch 4 Training results
2021-06-11 19:59:11.106 | INFO     | slp.util.system:print_separator:81 - --------------------------------------------------
2021-06-11 19:59:11.106 | INFO     | slp.plbind.module:log_to_console:484 - train_acc2      0.8099509477615356
2021-06-11 19:59:11.107 | INFO     | slp.plbind.module:log_to_console:484 - train_acc2_zero 0.778803825378418
2021-06-11 19:59:11.108 | INFO     | slp.plbind.module:log_to_console:484 - train_acc5      0.49696847796440125
2021-06-11 19:59:11.108 | INFO     | slp.plbind.module:log_to_console:484 - train_acc7      0.4816186726093292
2021-06-11 19:59:11.109 | INFO     | slp.plbind.module:log_to_console:484 - train_f1        0.8062291741371155
2021-06-11 19:59:11.110 | INFO     | slp.plbind.module:log_to_console:484 - train_f1_zero   0.7818610668182373
2021-06-11 19:59:11.110 | INFO     | slp.plbind.module:log_to_console:484 - train_mae       0.6352940797805786
2021-06-11 19:59:11.111 | INFO     | slp.plbind.module:log_to_console:484 - train_loss      0.6352940797805786
2021-06-11 19:59:11.111 | INFO     | slp.util.system:print_separator:81 - %%%%%%%%%%%%%%%%%%%%%%%%%%%%%%%%%%%%%%%%%%%%%%%%%%
2021-06-11 19:59:13.082 | INFO     | slp.plbind.module:log_to_console:478 - Epoch 4 Validation results
2021-06-11 19:59:13.083 | INFO     | slp.util.system:print_separator:81 - --------------------------------------------------
2021-06-11 19:59:13.084 | INFO     | slp.plbind.module:log_to_console:484 - val_acc2        0.8007069230079651
2021-06-11 19:59:13.085 | INFO     | slp.plbind.module:log_to_console:484 - val_acc2_zero   0.8070622086524963
2021-06-11 19:59:13.086 | INFO     | slp.plbind.module:log_to_console:484 - val_acc5        0.5012359023094177
2021-06-11 19:59:13.087 | INFO     | slp.plbind.module:log_to_console:484 - val_acc7        0.49540963768959045
2021-06-11 19:59:13.087 | INFO     | slp.plbind.module:log_to_console:484 - val_f1          0.7902902960777283
2021-06-11 19:59:13.088 | INFO     | slp.plbind.module:log_to_console:484 - val_f1_zero     0.8032116889953613
2021-06-11 19:59:13.089 | INFO     | slp.plbind.module:log_to_console:484 - val_mae         0.6091228723526001
2021-06-11 19:59:13.090 | INFO     | slp.plbind.module:log_to_console:484 - val_loss        0.6091228723526001
2021-06-11 19:59:13.091 | INFO     | slp.plbind.module:log_to_console:484 - best_score      0.634598970413208
2021-06-11 19:59:13.091 | INFO     | slp.util.system:print_separator:81 - %%%%%%%%%%%%%%%%%%%%%%%%%%%%%%%%%%%%%%%%%%%%%%%%%%
2021-06-11 19:59:13.093 | INFO     | slp.plbind.helpers:_run_early_stopping_check:25 - Epoch 4 Early Stopping
2021-06-11 19:59:13.094 | INFO     | slp.util.system:print_separator:81 - --------------------------------------------------
2021-06-11 19:59:13.095 | INFO     | slp.plbind.helpers:_run_early_stopping_check:27 - best score      0.6091228723526001
2021-06-11 19:59:13.096 | INFO     | slp.plbind.helpers:_run_early_stopping_check:28 - patience left   10             
2021-06-11 19:59:13.097 | INFO     | slp.util.system:print_separator:81 - ##################################################
2021-06-11 19:59:47.084 | INFO     | slp.plbind.module:log_to_console:478 - Epoch 5 Training results
2021-06-11 19:59:47.085 | INFO     | slp.util.system:print_separator:81 - --------------------------------------------------
2021-06-11 19:59:47.086 | INFO     | slp.plbind.module:log_to_console:484 - train_acc2      0.8136582374572754
2021-06-11 19:59:47.086 | INFO     | slp.plbind.module:log_to_console:484 - train_acc2_zero 0.7817654609680176
2021-06-11 19:59:47.087 | INFO     | slp.plbind.module:log_to_console:484 - train_acc5      0.511357307434082
2021-06-11 19:59:47.087 | INFO     | slp.plbind.module:log_to_console:484 - train_acc7      0.49557939171791077
2021-06-11 19:59:47.088 | INFO     | slp.plbind.module:log_to_console:484 - train_f1        0.8101640343666077
2021-06-11 19:59:47.088 | INFO     | slp.plbind.module:log_to_console:484 - train_f1_zero   0.785075843334198
2021-06-11 19:59:47.089 | INFO     | slp.plbind.module:log_to_console:484 - train_mae       0.6195944547653198
2021-06-11 19:59:47.089 | INFO     | slp.plbind.module:log_to_console:484 - train_loss      0.6195944547653198
2021-06-11 19:59:47.090 | INFO     | slp.util.system:print_separator:81 - %%%%%%%%%%%%%%%%%%%%%%%%%%%%%%%%%%%%%%%%%%%%%%%%%%
2021-06-11 19:59:48.937 | INFO     | slp.plbind.module:log_to_console:478 - Epoch 5 Validation results
2021-06-11 19:59:48.938 | INFO     | slp.util.system:print_separator:81 - --------------------------------------------------
2021-06-11 19:59:48.940 | INFO     | slp.plbind.module:log_to_console:484 - val_acc2        0.79583340883255
2021-06-11 19:59:48.941 | INFO     | slp.plbind.module:log_to_console:484 - val_acc2_zero   0.7885240316390991
2021-06-11 19:59:48.942 | INFO     | slp.plbind.module:log_to_console:484 - val_acc5        0.5315678119659424
2021-06-11 19:59:48.943 | INFO     | slp.plbind.module:log_to_console:484 - val_acc7        0.520444929599762
2021-06-11 19:59:48.944 | INFO     | slp.plbind.module:log_to_console:484 - val_f1          0.784869372844696
2021-06-11 19:59:48.945 | INFO     | slp.plbind.module:log_to_console:484 - val_f1_zero     0.7863234281539917
2021-06-11 19:59:48.946 | INFO     | slp.plbind.module:log_to_console:484 - val_mae         0.588718593120575
2021-06-11 19:59:48.947 | INFO     | slp.plbind.module:log_to_console:484 - val_loss        0.588718593120575
2021-06-11 19:59:48.948 | INFO     | slp.plbind.module:log_to_console:484 - best_score      0.6091227531433105
2021-06-11 19:59:48.949 | INFO     | slp.util.system:print_separator:81 - %%%%%%%%%%%%%%%%%%%%%%%%%%%%%%%%%%%%%%%%%%%%%%%%%%
2021-06-11 19:59:48.951 | INFO     | slp.plbind.helpers:_run_early_stopping_check:25 - Epoch 5 Early Stopping
2021-06-11 19:59:48.952 | INFO     | slp.util.system:print_separator:81 - --------------------------------------------------
2021-06-11 19:59:48.953 | INFO     | slp.plbind.helpers:_run_early_stopping_check:27 - best score      0.588718593120575
2021-06-11 19:59:48.954 | INFO     | slp.plbind.helpers:_run_early_stopping_check:28 - patience left   10             
2021-06-11 19:59:48.955 | INFO     | slp.util.system:print_separator:81 - ##################################################
2021-06-11 20:00:22.859 | INFO     | slp.plbind.module:log_to_console:478 - Epoch 6 Training results
2021-06-11 20:00:22.859 | INFO     | slp.util.system:print_separator:81 - --------------------------------------------------
2021-06-11 20:00:22.860 | INFO     | slp.plbind.module:log_to_console:484 - train_acc2      0.8304083347320557
2021-06-11 20:00:22.861 | INFO     | slp.plbind.module:log_to_console:484 - train_acc2_zero 0.7957436442375183
2021-06-11 20:00:22.861 | INFO     | slp.plbind.module:log_to_console:484 - train_acc5      0.5264449715614319
2021-06-11 20:00:22.862 | INFO     | slp.plbind.module:log_to_console:484 - train_acc7      0.5096274614334106
2021-06-11 20:00:22.862 | INFO     | slp.plbind.module:log_to_console:484 - train_f1        0.8288507461547852
2021-06-11 20:00:22.863 | INFO     | slp.plbind.module:log_to_console:484 - train_f1_zero   0.8005367517471313
2021-06-11 20:00:22.863 | INFO     | slp.plbind.module:log_to_console:484 - train_mae       0.5998771786689758
2021-06-11 20:00:22.864 | INFO     | slp.plbind.module:log_to_console:484 - train_loss      0.5998771786689758
2021-06-11 20:00:22.864 | INFO     | slp.util.system:print_separator:81 - %%%%%%%%%%%%%%%%%%%%%%%%%%%%%%%%%%%%%%%%%%%%%%%%%%
2021-06-11 20:00:24.797 | INFO     | slp.plbind.module:log_to_console:478 - Epoch 6 Validation results
2021-06-11 20:00:24.799 | INFO     | slp.util.system:print_separator:81 - --------------------------------------------------
2021-06-11 20:00:24.800 | INFO     | slp.plbind.module:log_to_console:484 - val_acc2        0.7895054221153259
2021-06-11 20:00:24.801 | INFO     | slp.plbind.module:log_to_console:484 - val_acc2_zero   0.819244384765625
2021-06-11 20:00:24.801 | INFO     | slp.plbind.module:log_to_console:484 - val_acc5        0.46514829993247986
2021-06-11 20:00:24.802 | INFO     | slp.plbind.module:log_to_console:484 - val_acc7        0.45455509424209595
2021-06-11 20:00:24.803 | INFO     | slp.plbind.module:log_to_console:484 - val_f1          0.7588883638381958
2021-06-11 20:00:24.804 | INFO     | slp.plbind.module:log_to_console:484 - val_f1_zero     0.7957282066345215
2021-06-11 20:00:24.804 | INFO     | slp.plbind.module:log_to_console:484 - val_mae         0.6511507034301758
2021-06-11 20:00:24.805 | INFO     | slp.plbind.module:log_to_console:484 - val_loss        0.6511507034301758
2021-06-11 20:00:24.806 | INFO     | slp.plbind.module:log_to_console:484 - best_score      0.5887186527252197
2021-06-11 20:00:24.807 | INFO     | slp.util.system:print_separator:81 - %%%%%%%%%%%%%%%%%%%%%%%%%%%%%%%%%%%%%%%%%%%%%%%%%%
2021-06-11 20:00:24.809 | INFO     | slp.plbind.helpers:_run_early_stopping_check:25 - Epoch 6 Early Stopping
2021-06-11 20:00:24.810 | INFO     | slp.util.system:print_separator:81 - --------------------------------------------------
2021-06-11 20:00:24.811 | INFO     | slp.plbind.helpers:_run_early_stopping_check:27 - best score      0.588718593120575
2021-06-11 20:00:24.811 | INFO     | slp.plbind.helpers:_run_early_stopping_check:28 - patience left   9              
2021-06-11 20:00:24.812 | INFO     | slp.util.system:print_separator:81 - ##################################################
2021-06-11 20:00:59.024 | INFO     | slp.plbind.module:log_to_console:478 - Epoch 7 Training results
2021-06-11 20:00:59.024 | INFO     | slp.util.system:print_separator:81 - --------------------------------------------------
2021-06-11 20:00:59.025 | INFO     | slp.plbind.module:log_to_console:484 - train_acc2      0.8345173001289368
2021-06-11 20:00:59.025 | INFO     | slp.plbind.module:log_to_console:484 - train_acc2_zero 0.7998672127723694
2021-06-11 20:00:59.026 | INFO     | slp.plbind.module:log_to_console:484 - train_acc5      0.5288475155830383
2021-06-11 20:00:59.027 | INFO     | slp.plbind.module:log_to_console:484 - train_acc7      0.5103788375854492
2021-06-11 20:00:59.027 | INFO     | slp.plbind.module:log_to_console:484 - train_f1        0.8317325115203857
2021-06-11 20:00:59.027 | INFO     | slp.plbind.module:log_to_console:484 - train_f1_zero   0.8035419583320618
2021-06-11 20:00:59.028 | INFO     | slp.plbind.module:log_to_console:484 - train_mae       0.5861663818359375
2021-06-11 20:00:59.029 | INFO     | slp.plbind.module:log_to_console:484 - train_loss      0.5861663818359375
2021-06-11 20:00:59.029 | INFO     | slp.util.system:print_separator:81 - %%%%%%%%%%%%%%%%%%%%%%%%%%%%%%%%%%%%%%%%%%%%%%%%%%
2021-06-11 20:01:00.951 | INFO     | slp.plbind.module:log_to_console:478 - Epoch 7 Validation results
2021-06-11 20:01:00.953 | INFO     | slp.util.system:print_separator:81 - --------------------------------------------------
2021-06-11 20:01:00.955 | INFO     | slp.plbind.module:log_to_console:484 - val_acc2        0.7761061787605286
2021-06-11 20:01:00.957 | INFO     | slp.plbind.module:log_to_console:484 - val_acc2_zero   0.727860152721405
2021-06-11 20:01:00.959 | INFO     | slp.plbind.module:log_to_console:484 - val_acc5        0.5383121967315674
2021-06-11 20:01:00.961 | INFO     | slp.plbind.module:log_to_console:484 - val_acc7        0.5303672552108765
2021-06-11 20:01:00.964 | INFO     | slp.plbind.module:log_to_console:484 - val_f1          0.7779589891433716
2021-06-11 20:01:00.966 | INFO     | slp.plbind.module:log_to_console:484 - val_f1_zero     0.7387887239456177
2021-06-11 20:01:00.968 | INFO     | slp.plbind.module:log_to_console:484 - val_mae         0.5883046984672546
2021-06-11 20:01:00.969 | INFO     | slp.plbind.module:log_to_console:484 - val_loss        0.5883046984672546
2021-06-11 20:01:00.971 | INFO     | slp.plbind.module:log_to_console:484 - best_score      0.5887186527252197
2021-06-11 20:01:00.972 | INFO     | slp.util.system:print_separator:81 - %%%%%%%%%%%%%%%%%%%%%%%%%%%%%%%%%%%%%%%%%%%%%%%%%%
2021-06-11 20:01:00.975 | INFO     | slp.plbind.helpers:_run_early_stopping_check:25 - Epoch 7 Early Stopping
2021-06-11 20:01:00.976 | INFO     | slp.util.system:print_separator:81 - --------------------------------------------------
2021-06-11 20:01:00.978 | INFO     | slp.plbind.helpers:_run_early_stopping_check:27 - best score      0.5883046984672546
2021-06-11 20:01:00.979 | INFO     | slp.plbind.helpers:_run_early_stopping_check:28 - patience left   10             
2021-06-11 20:01:00.981 | INFO     | slp.util.system:print_separator:81 - ##################################################
2021-06-11 20:01:34.574 | INFO     | slp.plbind.module:log_to_console:478 - Epoch 8 Training results
2021-06-11 20:01:34.574 | INFO     | slp.util.system:print_separator:81 - --------------------------------------------------
2021-06-11 20:01:34.575 | INFO     | slp.plbind.module:log_to_console:484 - train_acc2      0.8405128121376038
2021-06-11 20:01:34.575 | INFO     | slp.plbind.module:log_to_console:484 - train_acc2_zero 0.8029161691665649
2021-06-11 20:01:34.576 | INFO     | slp.plbind.module:log_to_console:484 - train_acc5      0.539925217628479
2021-06-11 20:01:34.577 | INFO     | slp.plbind.module:log_to_console:484 - train_acc7      0.5218234658241272
2021-06-11 20:01:34.577 | INFO     | slp.plbind.module:log_to_console:484 - train_f1        0.8390083909034729
2021-06-11 20:01:34.578 | INFO     | slp.plbind.module:log_to_console:484 - train_f1_zero   0.8076317310333252
2021-06-11 20:01:34.578 | INFO     | slp.plbind.module:log_to_console:484 - train_mae       0.5701899528503418
2021-06-11 20:01:34.579 | INFO     | slp.plbind.module:log_to_console:484 - train_loss      0.5701899528503418
2021-06-11 20:01:34.579 | INFO     | slp.util.system:print_separator:81 - %%%%%%%%%%%%%%%%%%%%%%%%%%%%%%%%%%%%%%%%%%%%%%%%%%
2021-06-11 20:01:36.482 | INFO     | slp.plbind.module:log_to_console:478 - Epoch 8 Validation results
2021-06-11 20:01:36.483 | INFO     | slp.util.system:print_separator:81 - --------------------------------------------------
2021-06-11 20:01:36.484 | INFO     | slp.plbind.module:log_to_console:484 - val_acc2        0.7978600263595581
2021-06-11 20:01:36.485 | INFO     | slp.plbind.module:log_to_console:484 - val_acc2_zero   0.7789194583892822
2021-06-11 20:01:36.487 | INFO     | slp.plbind.module:log_to_console:484 - val_acc5        0.5267302393913269
2021-06-11 20:01:36.489 | INFO     | slp.plbind.module:log_to_console:484 - val_acc7        0.5193150043487549
2021-06-11 20:01:36.491 | INFO     | slp.plbind.module:log_to_console:484 - val_f1          0.7946406006813049
2021-06-11 20:01:36.492 | INFO     | slp.plbind.module:log_to_console:484 - val_f1_zero     0.7840437293052673
2021-06-11 20:01:36.494 | INFO     | slp.plbind.module:log_to_console:484 - val_mae         0.5837786793708801
2021-06-11 20:01:36.496 | INFO     | slp.plbind.module:log_to_console:484 - val_loss        0.5837786793708801
2021-06-11 20:01:36.498 | INFO     | slp.plbind.module:log_to_console:484 - best_score      0.5883047580718994
2021-06-11 20:01:36.499 | INFO     | slp.util.system:print_separator:81 - %%%%%%%%%%%%%%%%%%%%%%%%%%%%%%%%%%%%%%%%%%%%%%%%%%
2021-06-11 20:01:36.503 | INFO     | slp.plbind.helpers:_run_early_stopping_check:25 - Epoch 8 Early Stopping
2021-06-11 20:01:36.505 | INFO     | slp.util.system:print_separator:81 - --------------------------------------------------
2021-06-11 20:01:36.506 | INFO     | slp.plbind.helpers:_run_early_stopping_check:27 - best score      0.5837786793708801
2021-06-11 20:01:36.507 | INFO     | slp.plbind.helpers:_run_early_stopping_check:28 - patience left   10             
2021-06-11 20:01:36.509 | INFO     | slp.util.system:print_separator:81 - ##################################################
2021-06-11 20:02:10.272 | INFO     | slp.plbind.module:log_to_console:478 - Epoch 9 Training results
2021-06-11 20:02:10.273 | INFO     | slp.util.system:print_separator:81 - --------------------------------------------------
2021-06-11 20:02:10.274 | INFO     | slp.plbind.module:log_to_console:484 - train_acc2      0.8418386578559875
2021-06-11 20:02:10.275 | INFO     | slp.plbind.module:log_to_console:484 - train_acc2_zero 0.8062010407447815
2021-06-11 20:02:10.275 | INFO     | slp.plbind.module:log_to_console:484 - train_acc5      0.5494303703308105
2021-06-11 20:02:10.276 | INFO     | slp.plbind.module:log_to_console:484 - train_acc7      0.5307170152664185
2021-06-11 20:02:10.276 | INFO     | slp.plbind.module:log_to_console:484 - train_f1        0.8389138579368591
2021-06-11 20:02:10.277 | INFO     | slp.plbind.module:log_to_console:484 - train_f1_zero   0.8091984987258911
2021-06-11 20:02:10.278 | INFO     | slp.plbind.module:log_to_console:484 - train_mae       0.5632347464561462
2021-06-11 20:02:10.278 | INFO     | slp.plbind.module:log_to_console:484 - train_loss      0.5632347464561462
2021-06-11 20:02:10.279 | INFO     | slp.util.system:print_separator:81 - %%%%%%%%%%%%%%%%%%%%%%%%%%%%%%%%%%%%%%%%%%%%%%%%%%
2021-06-11 20:02:12.298 | INFO     | slp.plbind.module:log_to_console:478 - Epoch 9 Validation results
2021-06-11 20:02:12.299 | INFO     | slp.util.system:print_separator:81 - --------------------------------------------------
2021-06-11 20:02:12.299 | INFO     | slp.plbind.module:log_to_console:484 - val_acc2        0.7890127897262573
2021-06-11 20:02:12.300 | INFO     | slp.plbind.module:log_to_console:484 - val_acc2_zero   0.8064618706703186
2021-06-11 20:02:12.301 | INFO     | slp.plbind.module:log_to_console:484 - val_acc5        0.5436793565750122
2021-06-11 20:02:12.302 | INFO     | slp.plbind.module:log_to_console:484 - val_acc7        0.534675121307373
2021-06-11 20:02:12.302 | INFO     | slp.plbind.module:log_to_console:484 - val_f1          0.7753364443778992
2021-06-11 20:02:12.303 | INFO     | slp.plbind.module:log_to_console:484 - val_f1_zero     0.7986746430397034
2021-06-11 20:02:12.304 | INFO     | slp.plbind.module:log_to_console:484 - val_mae         0.5795412063598633
2021-06-11 20:02:12.305 | INFO     | slp.plbind.module:log_to_console:484 - val_loss        0.5795412063598633
2021-06-11 20:02:12.305 | INFO     | slp.plbind.module:log_to_console:484 - best_score      0.5837786197662354
2021-06-11 20:02:12.306 | INFO     | slp.util.system:print_separator:81 - %%%%%%%%%%%%%%%%%%%%%%%%%%%%%%%%%%%%%%%%%%%%%%%%%%
2021-06-11 20:02:12.308 | INFO     | slp.plbind.helpers:_run_early_stopping_check:25 - Epoch 9 Early Stopping
2021-06-11 20:02:12.309 | INFO     | slp.util.system:print_separator:81 - --------------------------------------------------
2021-06-11 20:02:12.309 | INFO     | slp.plbind.helpers:_run_early_stopping_check:27 - best score      0.5795412063598633
2021-06-11 20:02:12.310 | INFO     | slp.plbind.helpers:_run_early_stopping_check:28 - patience left   10             
2021-06-11 20:02:12.311 | INFO     | slp.util.system:print_separator:81 - ##################################################
2021-06-11 20:02:46.452 | INFO     | slp.plbind.module:log_to_console:478 - Epoch 10 Training results
2021-06-11 20:02:46.453 | INFO     | slp.util.system:print_separator:81 - --------------------------------------------------
2021-06-11 20:02:46.453 | INFO     | slp.plbind.module:log_to_console:484 - train_acc2      0.8469305038452148
2021-06-11 20:02:46.454 | INFO     | slp.plbind.module:log_to_console:484 - train_acc2_zero 0.8125873804092407
2021-06-11 20:02:46.455 | INFO     | slp.plbind.module:log_to_console:484 - train_acc5      0.5570921897888184
2021-06-11 20:02:46.455 | INFO     | slp.plbind.module:log_to_console:484 - train_acc7      0.5373392105102539
2021-06-11 20:02:46.456 | INFO     | slp.plbind.module:log_to_console:484 - train_f1        0.845176100730896
2021-06-11 20:02:46.456 | INFO     | slp.plbind.module:log_to_console:484 - train_f1_zero   0.8168149590492249
2021-06-11 20:02:46.457 | INFO     | slp.plbind.module:log_to_console:484 - train_mae       0.5443592667579651
2021-06-11 20:02:46.457 | INFO     | slp.plbind.module:log_to_console:484 - train_loss      0.5443592667579651
2021-06-11 20:02:46.458 | INFO     | slp.util.system:print_separator:81 - %%%%%%%%%%%%%%%%%%%%%%%%%%%%%%%%%%%%%%%%%%%%%%%%%%
2021-06-11 20:02:48.445 | INFO     | slp.plbind.module:log_to_console:478 - Epoch 10 Validation results
2021-06-11 20:02:48.447 | INFO     | slp.util.system:print_separator:81 - --------------------------------------------------
2021-06-11 20:02:48.449 | INFO     | slp.plbind.module:log_to_console:484 - val_acc2        0.7891988754272461
2021-06-11 20:02:48.451 | INFO     | slp.plbind.module:log_to_console:484 - val_acc2_zero   0.7571327686309814
2021-06-11 20:02:48.453 | INFO     | slp.plbind.module:log_to_console:484 - val_acc5        0.5399011373519897
2021-06-11 20:02:48.455 | INFO     | slp.plbind.module:log_to_console:484 - val_acc7        0.5287782549858093
2021-06-11 20:02:48.457 | INFO     | slp.plbind.module:log_to_console:484 - val_f1          0.7919672727584839
2021-06-11 20:02:48.458 | INFO     | slp.plbind.module:log_to_console:484 - val_f1_zero     0.768648087978363
2021-06-11 20:02:48.459 | INFO     | slp.plbind.module:log_to_console:484 - val_mae         0.5795028805732727
2021-06-11 20:02:48.460 | INFO     | slp.plbind.module:log_to_console:484 - val_loss        0.5795028805732727
2021-06-11 20:02:48.461 | INFO     | slp.plbind.module:log_to_console:484 - best_score      0.5795412659645081
2021-06-11 20:02:48.462 | INFO     | slp.util.system:print_separator:81 - %%%%%%%%%%%%%%%%%%%%%%%%%%%%%%%%%%%%%%%%%%%%%%%%%%
2021-06-11 20:02:48.464 | INFO     | slp.plbind.helpers:_run_early_stopping_check:25 - Epoch 10 Early Stopping
2021-06-11 20:02:48.465 | INFO     | slp.util.system:print_separator:81 - --------------------------------------------------
2021-06-11 20:02:48.466 | INFO     | slp.plbind.helpers:_run_early_stopping_check:27 - best score      0.5795028805732727
2021-06-11 20:02:48.467 | INFO     | slp.plbind.helpers:_run_early_stopping_check:28 - patience left   10             
2021-06-11 20:02:48.468 | INFO     | slp.util.system:print_separator:81 - ##################################################
2021-06-11 20:03:22.993 | INFO     | slp.plbind.module:log_to_console:478 - Epoch 11 Training results
2021-06-11 20:03:22.994 | INFO     | slp.util.system:print_separator:81 - --------------------------------------------------
2021-06-11 20:03:22.995 | INFO     | slp.plbind.module:log_to_console:484 - train_acc2      0.8525803685188293
2021-06-11 20:03:22.997 | INFO     | slp.plbind.module:log_to_console:484 - train_acc2_zero 0.8148151636123657
2021-06-11 20:03:22.999 | INFO     | slp.plbind.module:log_to_console:484 - train_acc5      0.5683621168136597
2021-06-11 20:03:23.000 | INFO     | slp.plbind.module:log_to_console:484 - train_acc7      0.5462502837181091
2021-06-11 20:03:23.001 | INFO     | slp.plbind.module:log_to_console:484 - train_f1        0.8513804078102112
2021-06-11 20:03:23.002 | INFO     | slp.plbind.module:log_to_console:484 - train_f1_zero   0.8193613886833191
2021-06-11 20:03:23.003 | INFO     | slp.plbind.module:log_to_console:484 - train_mae       0.5297775864601135
2021-06-11 20:03:23.003 | INFO     | slp.plbind.module:log_to_console:484 - train_loss      0.5297775864601135
2021-06-11 20:03:23.004 | INFO     | slp.util.system:print_separator:81 - %%%%%%%%%%%%%%%%%%%%%%%%%%%%%%%%%%%%%%%%%%%%%%%%%%
2021-06-11 20:03:24.943 | INFO     | slp.plbind.module:log_to_console:478 - Epoch 11 Validation results
2021-06-11 20:03:24.946 | INFO     | slp.util.system:print_separator:81 - --------------------------------------------------
2021-06-11 20:03:24.948 | INFO     | slp.plbind.module:log_to_console:484 - val_acc2        0.7887933850288391
2021-06-11 20:03:24.950 | INFO     | slp.plbind.module:log_to_console:484 - val_acc2_zero   0.7926906943321228
2021-06-11 20:03:24.952 | INFO     | slp.plbind.module:log_to_console:484 - val_acc5        0.5415607690811157
2021-06-11 20:03:24.954 | INFO     | slp.plbind.module:log_to_console:484 - val_acc7        0.5230225920677185
2021-06-11 20:03:24.956 | INFO     | slp.plbind.module:log_to_console:484 - val_f1          0.7847767472267151
2021-06-11 20:03:24.958 | INFO     | slp.plbind.module:log_to_console:484 - val_f1_zero     0.795194149017334
2021-06-11 20:03:24.959 | INFO     | slp.plbind.module:log_to_console:484 - val_mae         0.587413489818573
2021-06-11 20:03:24.961 | INFO     | slp.plbind.module:log_to_console:484 - val_loss        0.587413489818573
2021-06-11 20:03:24.962 | INFO     | slp.plbind.module:log_to_console:484 - best_score      0.5795028805732727
2021-06-11 20:03:24.964 | INFO     | slp.util.system:print_separator:81 - %%%%%%%%%%%%%%%%%%%%%%%%%%%%%%%%%%%%%%%%%%%%%%%%%%
2021-06-11 20:03:24.968 | INFO     | slp.plbind.helpers:_run_early_stopping_check:25 - Epoch 11 Early Stopping
2021-06-11 20:03:24.971 | INFO     | slp.util.system:print_separator:81 - --------------------------------------------------
2021-06-11 20:03:24.972 | INFO     | slp.plbind.helpers:_run_early_stopping_check:27 - best score      0.5795028805732727
2021-06-11 20:03:24.973 | INFO     | slp.plbind.helpers:_run_early_stopping_check:28 - patience left   9              
2021-06-11 20:03:24.974 | INFO     | slp.util.system:print_separator:81 - ##################################################
2021-06-11 20:03:59.100 | INFO     | slp.plbind.module:log_to_console:478 - Epoch 12 Training results
2021-06-11 20:03:59.101 | INFO     | slp.util.system:print_separator:81 - --------------------------------------------------
2021-06-11 20:03:59.101 | INFO     | slp.plbind.module:log_to_console:484 - train_acc2      0.8581353425979614
2021-06-11 20:03:59.102 | INFO     | slp.plbind.module:log_to_console:484 - train_acc2_zero 0.8180912733078003
2021-06-11 20:03:59.102 | INFO     | slp.plbind.module:log_to_console:484 - train_acc5      0.5808901190757751
2021-06-11 20:03:59.103 | INFO     | slp.plbind.module:log_to_console:484 - train_acc7      0.5589967370033264
2021-06-11 20:03:59.103 | INFO     | slp.plbind.module:log_to_console:484 - train_f1        0.8571712374687195
2021-06-11 20:03:59.104 | INFO     | slp.plbind.module:log_to_console:484 - train_f1_zero   0.8229560256004333
2021-06-11 20:03:59.104 | INFO     | slp.plbind.module:log_to_console:484 - train_mae       0.5150733590126038
2021-06-11 20:03:59.105 | INFO     | slp.plbind.module:log_to_console:484 - train_loss      0.5150733590126038
2021-06-11 20:03:59.105 | INFO     | slp.util.system:print_separator:81 - %%%%%%%%%%%%%%%%%%%%%%%%%%%%%%%%%%%%%%%%%%%%%%%%%%
2021-06-11 20:04:01.078 | INFO     | slp.plbind.module:log_to_console:478 - Epoch 12 Validation results
2021-06-11 20:04:01.080 | INFO     | slp.util.system:print_separator:81 - --------------------------------------------------
2021-06-11 20:04:01.082 | INFO     | slp.plbind.module:log_to_console:484 - val_acc2        0.7909151315689087
2021-06-11 20:04:01.083 | INFO     | slp.plbind.module:log_to_console:484 - val_acc2_zero   0.7527542114257812
2021-06-11 20:04:01.083 | INFO     | slp.plbind.module:log_to_console:484 - val_acc5        0.5372528433799744
2021-06-11 20:04:01.084 | INFO     | slp.plbind.module:log_to_console:484 - val_acc7        0.5187147259712219
2021-06-11 20:04:01.085 | INFO     | slp.plbind.module:log_to_console:484 - val_f1          0.7960691452026367
2021-06-11 20:04:01.086 | INFO     | slp.plbind.module:log_to_console:484 - val_f1_zero     0.7667959928512573
2021-06-11 20:04:01.087 | INFO     | slp.plbind.module:log_to_console:484 - val_mae         0.6073958277702332
2021-06-11 20:04:01.088 | INFO     | slp.plbind.module:log_to_console:484 - val_loss        0.6073958277702332
2021-06-11 20:04:01.089 | INFO     | slp.plbind.module:log_to_console:484 - best_score      0.5795028805732727
2021-06-11 20:04:01.090 | INFO     | slp.util.system:print_separator:81 - %%%%%%%%%%%%%%%%%%%%%%%%%%%%%%%%%%%%%%%%%%%%%%%%%%
2021-06-11 20:04:01.093 | INFO     | slp.plbind.helpers:_run_early_stopping_check:25 - Epoch 12 Early Stopping
2021-06-11 20:04:01.095 | INFO     | slp.util.system:print_separator:81 - --------------------------------------------------
2021-06-11 20:04:01.096 | INFO     | slp.plbind.helpers:_run_early_stopping_check:27 - best score      0.5795028805732727
2021-06-11 20:04:01.097 | INFO     | slp.plbind.helpers:_run_early_stopping_check:28 - patience left   8              
2021-06-11 20:04:01.098 | INFO     | slp.util.system:print_separator:81 - ##################################################
2021-06-11 20:04:34.776 | INFO     | slp.plbind.module:log_to_console:478 - Epoch 13 Training results
2021-06-11 20:04:34.777 | INFO     | slp.util.system:print_separator:81 - --------------------------------------------------
2021-06-11 20:04:34.778 | INFO     | slp.plbind.module:log_to_console:484 - train_acc2      0.8687573075294495
2021-06-11 20:04:34.778 | INFO     | slp.plbind.module:log_to_console:484 - train_acc2_zero 0.8270110487937927
2021-06-11 20:04:34.779 | INFO     | slp.plbind.module:log_to_console:484 - train_acc5      0.6036744713783264
2021-06-11 20:04:34.779 | INFO     | slp.plbind.module:log_to_console:484 - train_acc7      0.580619215965271
2021-06-11 20:04:34.780 | INFO     | slp.plbind.module:log_to_console:484 - train_f1        0.8674253225326538
2021-06-11 20:04:34.780 | INFO     | slp.plbind.module:log_to_console:484 - train_f1_zero   0.8311722278594971
2021-06-11 20:04:34.781 | INFO     | slp.plbind.module:log_to_console:484 - train_mae       0.4804108738899231
2021-06-11 20:04:34.781 | INFO     | slp.plbind.module:log_to_console:484 - train_loss      0.4804108738899231
2021-06-11 20:04:34.782 | INFO     | slp.util.system:print_separator:81 - %%%%%%%%%%%%%%%%%%%%%%%%%%%%%%%%%%%%%%%%%%%%%%%%%%
2021-06-11 20:04:36.617 | INFO     | slp.plbind.module:log_to_console:478 - Epoch 13 Validation results
2021-06-11 20:04:36.619 | INFO     | slp.util.system:print_separator:81 - --------------------------------------------------
2021-06-11 20:04:36.622 | INFO     | slp.plbind.module:log_to_console:484 - val_acc2        0.793573260307312
2021-06-11 20:04:36.624 | INFO     | slp.plbind.module:log_to_console:484 - val_acc2_zero   0.8042020201683044
2021-06-11 20:04:36.626 | INFO     | slp.plbind.module:log_to_console:484 - val_acc5        0.5405014157295227
2021-06-11 20:04:36.628 | INFO     | slp.plbind.module:log_to_console:484 - val_acc7        0.5304378867149353
2021-06-11 20:04:36.629 | INFO     | slp.plbind.module:log_to_console:484 - val_f1          0.7875648140907288
2021-06-11 20:04:36.631 | INFO     | slp.plbind.module:log_to_console:484 - val_f1_zero     0.804686963558197
2021-06-11 20:04:36.633 | INFO     | slp.plbind.module:log_to_console:484 - val_mae         0.5813064575195312
2021-06-11 20:04:36.634 | INFO     | slp.plbind.module:log_to_console:484 - val_loss        0.5813064575195312
2021-06-11 20:04:36.636 | INFO     | slp.plbind.module:log_to_console:484 - best_score      0.5795028805732727
2021-06-11 20:04:36.637 | INFO     | slp.util.system:print_separator:81 - %%%%%%%%%%%%%%%%%%%%%%%%%%%%%%%%%%%%%%%%%%%%%%%%%%
2021-06-11 20:04:36.640 | INFO     | slp.plbind.helpers:_run_early_stopping_check:25 - Epoch 13 Early Stopping
2021-06-11 20:04:36.642 | INFO     | slp.util.system:print_separator:81 - --------------------------------------------------
2021-06-11 20:04:36.643 | INFO     | slp.plbind.helpers:_run_early_stopping_check:27 - best score      0.5795028805732727
2021-06-11 20:04:36.644 | INFO     | slp.plbind.helpers:_run_early_stopping_check:28 - patience left   7              
2021-06-11 20:04:36.645 | INFO     | slp.util.system:print_separator:81 - ##################################################
2021-06-11 20:05:10.200 | INFO     | slp.plbind.module:log_to_console:478 - Epoch 14 Training results
2021-06-11 20:05:10.200 | INFO     | slp.util.system:print_separator:81 - --------------------------------------------------
2021-06-11 20:05:10.201 | INFO     | slp.plbind.module:log_to_console:484 - train_acc2      0.8753964304924011
2021-06-11 20:05:10.202 | INFO     | slp.plbind.module:log_to_console:484 - train_acc2_zero 0.8306891322135925
2021-06-11 20:05:10.203 | INFO     | slp.plbind.module:log_to_console:484 - train_acc5      0.6232439279556274
2021-06-11 20:05:10.204 | INFO     | slp.plbind.module:log_to_console:484 - train_acc7      0.6015340685844421
2021-06-11 20:05:10.204 | INFO     | slp.plbind.module:log_to_console:484 - train_f1        0.8737765550613403
2021-06-11 20:05:10.205 | INFO     | slp.plbind.module:log_to_console:484 - train_f1_zero   0.834771990776062
2021-06-11 20:05:10.205 | INFO     | slp.plbind.module:log_to_console:484 - train_mae       0.4657687246799469
2021-06-11 20:05:10.206 | INFO     | slp.plbind.module:log_to_console:484 - train_loss      0.4657687246799469
2021-06-11 20:05:10.206 | INFO     | slp.util.system:print_separator:81 - %%%%%%%%%%%%%%%%%%%%%%%%%%%%%%%%%%%%%%%%%%%%%%%%%%
2021-06-11 20:05:12.119 | INFO     | slp.plbind.module:log_to_console:478 - Epoch 14 Validation results
2021-06-11 20:05:12.120 | INFO     | slp.util.system:print_separator:81 - --------------------------------------------------
2021-06-11 20:05:12.121 | INFO     | slp.plbind.module:log_to_console:484 - val_acc2        0.7911943197250366
2021-06-11 20:05:12.121 | INFO     | slp.plbind.module:log_to_console:484 - val_acc2_zero   0.7932203412055969
2021-06-11 20:05:12.122 | INFO     | slp.plbind.module:log_to_console:484 - val_acc5        0.5351341962814331
2021-06-11 20:05:12.123 | INFO     | slp.plbind.module:log_to_console:484 - val_acc7        0.5197740197181702
2021-06-11 20:05:12.124 | INFO     | slp.plbind.module:log_to_console:484 - val_f1          0.7877830266952515
2021-06-11 20:05:12.124 | INFO     | slp.plbind.module:log_to_console:484 - val_f1_zero     0.7960176467895508
2021-06-11 20:05:12.125 | INFO     | slp.plbind.module:log_to_console:484 - val_mae         0.5904626250267029
2021-06-11 20:05:12.126 | INFO     | slp.plbind.module:log_to_console:484 - val_loss        0.5904626250267029
2021-06-11 20:05:12.127 | INFO     | slp.plbind.module:log_to_console:484 - best_score      0.5795028805732727
2021-06-11 20:05:12.127 | INFO     | slp.util.system:print_separator:81 - %%%%%%%%%%%%%%%%%%%%%%%%%%%%%%%%%%%%%%%%%%%%%%%%%%
2021-06-11 20:05:12.129 | INFO     | slp.plbind.helpers:_run_early_stopping_check:25 - Epoch 14 Early Stopping
2021-06-11 20:05:12.130 | INFO     | slp.util.system:print_separator:81 - --------------------------------------------------
2021-06-11 20:05:12.131 | INFO     | slp.plbind.helpers:_run_early_stopping_check:27 - best score      0.5795028805732727
2021-06-11 20:05:12.132 | INFO     | slp.plbind.helpers:_run_early_stopping_check:28 - patience left   6              
2021-06-11 20:05:12.132 | INFO     | slp.util.system:print_separator:81 - ##################################################
2021-06-11 20:05:46.207 | INFO     | slp.plbind.module:log_to_console:478 - Epoch 15 Training results
2021-06-11 20:05:46.208 | INFO     | slp.util.system:print_separator:81 - --------------------------------------------------
2021-06-11 20:05:46.208 | INFO     | slp.plbind.module:log_to_console:484 - train_acc2      0.8752222657203674
2021-06-11 20:05:46.209 | INFO     | slp.plbind.module:log_to_console:484 - train_acc2_zero 0.8301911354064941
2021-06-11 20:05:46.210 | INFO     | slp.plbind.module:log_to_console:484 - train_acc5      0.6287478804588318
2021-06-11 20:05:46.210 | INFO     | slp.plbind.module:log_to_console:484 - train_acc7      0.6049849987030029
2021-06-11 20:05:46.211 | INFO     | slp.plbind.module:log_to_console:484 - train_f1        0.874058723449707
2021-06-11 20:05:46.211 | INFO     | slp.plbind.module:log_to_console:484 - train_f1_zero   0.834661602973938
2021-06-11 20:05:46.212 | INFO     | slp.plbind.module:log_to_console:484 - train_mae       0.45488712191581726
2021-06-11 20:05:46.212 | INFO     | slp.plbind.module:log_to_console:484 - train_loss      0.45488712191581726
2021-06-11 20:05:46.213 | INFO     | slp.util.system:print_separator:81 - %%%%%%%%%%%%%%%%%%%%%%%%%%%%%%%%%%%%%%%%%%%%%%%%%%
2021-06-11 20:05:48.181 | INFO     | slp.plbind.module:log_to_console:478 - Epoch 15 Validation results
2021-06-11 20:05:48.184 | INFO     | slp.util.system:print_separator:81 - --------------------------------------------------
2021-06-11 20:05:48.186 | INFO     | slp.plbind.module:log_to_console:484 - val_acc2        0.7877565026283264
2021-06-11 20:05:48.188 | INFO     | slp.plbind.module:log_to_console:484 - val_acc2_zero   0.7884534001350403
2021-06-11 20:05:48.190 | INFO     | slp.plbind.module:log_to_console:484 - val_acc5        0.5367937684059143
2021-06-11 20:05:48.193 | INFO     | slp.plbind.module:log_to_console:484 - val_acc7        0.5246115922927856
2021-06-11 20:05:48.195 | INFO     | slp.plbind.module:log_to_console:484 - val_f1          0.7872690558433533
2021-06-11 20:05:48.196 | INFO     | slp.plbind.module:log_to_console:484 - val_f1_zero     0.793020486831665
2021-06-11 20:05:48.198 | INFO     | slp.plbind.module:log_to_console:484 - val_mae         0.5843895077705383
2021-06-11 20:05:48.200 | INFO     | slp.plbind.module:log_to_console:484 - val_loss        0.5843895077705383
2021-06-11 20:05:48.201 | INFO     | slp.plbind.module:log_to_console:484 - best_score      0.5795028805732727
2021-06-11 20:05:48.229 | INFO     | slp.util.system:print_separator:81 - %%%%%%%%%%%%%%%%%%%%%%%%%%%%%%%%%%%%%%%%%%%%%%%%%%
2021-06-11 20:05:48.273 | INFO     | slp.plbind.helpers:_run_early_stopping_check:25 - Epoch 15 Early Stopping
2021-06-11 20:05:48.275 | INFO     | slp.util.system:print_separator:81 - --------------------------------------------------
2021-06-11 20:05:48.276 | INFO     | slp.plbind.helpers:_run_early_stopping_check:27 - best score      0.5795028805732727
2021-06-11 20:05:48.277 | INFO     | slp.plbind.helpers:_run_early_stopping_check:28 - patience left   5              
2021-06-11 20:05:48.277 | INFO     | slp.util.system:print_separator:81 - ##################################################
2021-06-11 20:06:22.081 | INFO     | slp.plbind.module:log_to_console:478 - Epoch 16 Training results
2021-06-11 20:06:22.081 | INFO     | slp.util.system:print_separator:81 - --------------------------------------------------
2021-06-11 20:06:22.082 | INFO     | slp.plbind.module:log_to_console:484 - train_acc2      0.880693793296814
2021-06-11 20:06:22.084 | INFO     | slp.plbind.module:log_to_console:484 - train_acc2_zero 0.8328906893730164
2021-06-11 20:06:22.085 | INFO     | slp.plbind.module:log_to_console:484 - train_acc5      0.6373969316482544
2021-06-11 20:06:22.086 | INFO     | slp.plbind.module:log_to_console:484 - train_acc7      0.6126905083656311
2021-06-11 20:06:22.088 | INFO     | slp.plbind.module:log_to_console:484 - train_f1        0.8792516589164734
2021-06-11 20:06:22.089 | INFO     | slp.plbind.module:log_to_console:484 - train_f1_zero   0.8372589349746704
2021-06-11 20:06:22.091 | INFO     | slp.plbind.module:log_to_console:484 - train_mae       0.44272470474243164
2021-06-11 20:06:22.092 | INFO     | slp.plbind.module:log_to_console:484 - train_loss      0.44272470474243164
2021-06-11 20:06:22.093 | INFO     | slp.util.system:print_separator:81 - %%%%%%%%%%%%%%%%%%%%%%%%%%%%%%%%%%%%%%%%%%%%%%%%%%
2021-06-11 20:06:24.018 | INFO     | slp.plbind.module:log_to_console:478 - Epoch 16 Validation results
2021-06-11 20:06:24.019 | INFO     | slp.util.system:print_separator:81 - --------------------------------------------------
2021-06-11 20:06:24.020 | INFO     | slp.plbind.module:log_to_console:484 - val_acc2        0.795845091342926
2021-06-11 20:06:24.021 | INFO     | slp.plbind.module:log_to_console:484 - val_acc2_zero   0.7967867255210876
2021-06-11 20:06:24.021 | INFO     | slp.plbind.module:log_to_console:484 - val_acc5        0.5288488864898682
2021-06-11 20:06:24.022 | INFO     | slp.plbind.module:log_to_console:484 - val_acc7        0.5166666507720947
2021-06-11 20:06:24.022 | INFO     | slp.plbind.module:log_to_console:484 - val_f1          0.7961865663528442
2021-06-11 20:06:24.023 | INFO     | slp.plbind.module:log_to_console:484 - val_f1_zero     0.80254065990448
2021-06-11 20:06:24.024 | INFO     | slp.plbind.module:log_to_console:484 - val_mae         0.5794287919998169
2021-06-11 20:06:24.025 | INFO     | slp.plbind.module:log_to_console:484 - val_loss        0.5794287919998169
2021-06-11 20:06:24.026 | INFO     | slp.plbind.module:log_to_console:484 - best_score      0.5795028805732727
2021-06-11 20:06:24.026 | INFO     | slp.util.system:print_separator:81 - %%%%%%%%%%%%%%%%%%%%%%%%%%%%%%%%%%%%%%%%%%%%%%%%%%
2021-06-11 20:06:24.028 | INFO     | slp.plbind.helpers:_run_early_stopping_check:25 - Epoch 16 Early Stopping
2021-06-11 20:06:24.029 | INFO     | slp.util.system:print_separator:81 - --------------------------------------------------
2021-06-11 20:06:24.030 | INFO     | slp.plbind.helpers:_run_early_stopping_check:27 - best score      0.5794287919998169
2021-06-11 20:06:24.031 | INFO     | slp.plbind.helpers:_run_early_stopping_check:28 - patience left   10             
2021-06-11 20:06:24.031 | INFO     | slp.util.system:print_separator:81 - ##################################################
2021-06-11 20:06:58.032 | INFO     | slp.plbind.module:log_to_console:478 - Epoch 17 Training results
2021-06-11 20:06:58.032 | INFO     | slp.util.system:print_separator:81 - --------------------------------------------------
2021-06-11 20:06:58.033 | INFO     | slp.plbind.module:log_to_console:484 - train_acc2      0.8812295198440552
2021-06-11 20:06:58.034 | INFO     | slp.plbind.module:log_to_console:484 - train_acc2_zero 0.834865152835846
2021-06-11 20:06:58.034 | INFO     | slp.plbind.module:log_to_console:484 - train_acc5      0.6410399675369263
2021-06-11 20:06:58.035 | INFO     | slp.plbind.module:log_to_console:484 - train_acc7      0.6161500215530396
2021-06-11 20:06:58.035 | INFO     | slp.plbind.module:log_to_console:484 - train_f1        0.8801015019416809
2021-06-11 20:06:58.036 | INFO     | slp.plbind.module:log_to_console:484 - train_f1_zero   0.8392897248268127
2021-06-11 20:06:58.036 | INFO     | slp.plbind.module:log_to_console:484 - train_mae       0.4364103674888611
2021-06-11 20:06:58.037 | INFO     | slp.plbind.module:log_to_console:484 - train_loss      0.4364103674888611
2021-06-11 20:06:58.037 | INFO     | slp.util.system:print_separator:81 - %%%%%%%%%%%%%%%%%%%%%%%%%%%%%%%%%%%%%%%%%%%%%%%%%%
2021-06-11 20:06:59.985 | INFO     | slp.plbind.module:log_to_console:478 - Epoch 17 Validation results
2021-06-11 20:06:59.987 | INFO     | slp.util.system:print_separator:81 - --------------------------------------------------
2021-06-11 20:06:59.989 | INFO     | slp.plbind.module:log_to_console:484 - val_acc2        0.7808482050895691
2021-06-11 20:06:59.991 | INFO     | slp.plbind.module:log_to_console:484 - val_acc2_zero   0.75063556432724
2021-06-11 20:06:59.993 | INFO     | slp.plbind.module:log_to_console:484 - val_acc5        0.5267302393913269
2021-06-11 20:06:59.994 | INFO     | slp.plbind.module:log_to_console:484 - val_acc7        0.5140183568000793
2021-06-11 20:06:59.996 | INFO     | slp.plbind.module:log_to_console:484 - val_f1          0.7850798964500427
2021-06-11 20:06:59.998 | INFO     | slp.plbind.module:log_to_console:484 - val_f1_zero     0.7634778022766113
2021-06-11 20:07:00.000 | INFO     | slp.plbind.module:log_to_console:484 - val_mae         0.5896130204200745
2021-06-11 20:07:00.001 | INFO     | slp.plbind.module:log_to_console:484 - val_loss        0.5896130204200745
2021-06-11 20:07:00.002 | INFO     | slp.plbind.module:log_to_console:484 - best_score      0.5794287919998169
2021-06-11 20:07:00.004 | INFO     | slp.util.system:print_separator:81 - %%%%%%%%%%%%%%%%%%%%%%%%%%%%%%%%%%%%%%%%%%%%%%%%%%
2021-06-11 20:07:00.007 | INFO     | slp.plbind.helpers:_run_early_stopping_check:25 - Epoch 17 Early Stopping
2021-06-11 20:07:00.009 | INFO     | slp.util.system:print_separator:81 - --------------------------------------------------
2021-06-11 20:07:00.010 | INFO     | slp.plbind.helpers:_run_early_stopping_check:27 - best score      0.5794287919998169
2021-06-11 20:07:00.011 | INFO     | slp.plbind.helpers:_run_early_stopping_check:28 - patience left   9              
2021-06-11 20:07:00.012 | INFO     | slp.util.system:print_separator:81 - ##################################################
2021-06-11 20:07:33.950 | INFO     | slp.plbind.module:log_to_console:478 - Epoch 18 Training results
2021-06-11 20:07:33.950 | INFO     | slp.util.system:print_separator:81 - --------------------------------------------------
2021-06-11 20:07:33.951 | INFO     | slp.plbind.module:log_to_console:484 - train_acc2      0.887515127658844
2021-06-11 20:07:33.952 | INFO     | slp.plbind.module:log_to_console:484 - train_acc2_zero 0.8374510407447815
2021-06-11 20:07:33.952 | INFO     | slp.plbind.module:log_to_console:484 - train_acc5      0.6518730521202087
2021-06-11 20:07:33.953 | INFO     | slp.plbind.module:log_to_console:484 - train_acc7      0.6271928548812866
2021-06-11 20:07:33.953 | INFO     | slp.plbind.module:log_to_console:484 - train_f1        0.8865286707878113
2021-06-11 20:07:33.953 | INFO     | slp.plbind.module:log_to_console:484 - train_f1_zero   0.8420528173446655
2021-06-11 20:07:33.954 | INFO     | slp.plbind.module:log_to_console:484 - train_mae       0.42433151602745056
2021-06-11 20:07:33.954 | INFO     | slp.plbind.module:log_to_console:484 - train_loss      0.42433151602745056
2021-06-11 20:07:33.955 | INFO     | slp.util.system:print_separator:81 - %%%%%%%%%%%%%%%%%%%%%%%%%%%%%%%%%%%%%%%%%%%%%%%%%%
2021-06-11 20:07:35.975 | INFO     | slp.plbind.module:log_to_console:478 - Epoch 18 Validation results
2021-06-11 20:07:35.977 | INFO     | slp.util.system:print_separator:81 - --------------------------------------------------
2021-06-11 20:07:35.980 | INFO     | slp.plbind.module:log_to_console:484 - val_acc2        0.7826807498931885
2021-06-11 20:07:35.982 | INFO     | slp.plbind.module:log_to_console:484 - val_acc2_zero   0.7554025053977966
2021-06-11 20:07:35.984 | INFO     | slp.plbind.module:log_to_console:484 - val_acc5        0.5230225920677185
2021-06-11 20:07:35.986 | INFO     | slp.plbind.module:log_to_console:484 - val_acc7        0.5118997097015381
2021-06-11 20:07:35.987 | INFO     | slp.plbind.module:log_to_console:484 - val_f1          0.7878831624984741
2021-06-11 20:07:35.989 | INFO     | slp.plbind.module:log_to_console:484 - val_f1_zero     0.7683877944946289
2021-06-11 20:07:35.991 | INFO     | slp.plbind.module:log_to_console:484 - val_mae         0.5921128392219543
2021-06-11 20:07:35.993 | INFO     | slp.plbind.module:log_to_console:484 - val_loss        0.5921128392219543
2021-06-11 20:07:35.995 | INFO     | slp.plbind.module:log_to_console:484 - best_score      0.5794287919998169
2021-06-11 20:07:35.996 | INFO     | slp.util.system:print_separator:81 - %%%%%%%%%%%%%%%%%%%%%%%%%%%%%%%%%%%%%%%%%%%%%%%%%%
2021-06-11 20:07:36.000 | INFO     | slp.plbind.helpers:_run_early_stopping_check:25 - Epoch 18 Early Stopping
2021-06-11 20:07:36.001 | INFO     | slp.util.system:print_separator:81 - --------------------------------------------------
2021-06-11 20:07:36.003 | INFO     | slp.plbind.helpers:_run_early_stopping_check:27 - best score      0.5794287919998169
2021-06-11 20:07:36.004 | INFO     | slp.plbind.helpers:_run_early_stopping_check:28 - patience left   8              
2021-06-11 20:07:36.005 | INFO     | slp.util.system:print_separator:81 - ##################################################
2021-06-11 20:08:09.972 | INFO     | slp.plbind.module:log_to_console:478 - Epoch 19 Training results
2021-06-11 20:08:09.972 | INFO     | slp.util.system:print_separator:81 - --------------------------------------------------
2021-06-11 20:08:09.973 | INFO     | slp.plbind.module:log_to_console:484 - train_acc2      0.8862600922584534
2021-06-11 20:08:09.974 | INFO     | slp.plbind.module:log_to_console:484 - train_acc2_zero 0.8386741876602173
2021-06-11 20:08:09.974 | INFO     | slp.plbind.module:log_to_console:484 - train_acc5      0.6666899919509888
2021-06-11 20:08:09.975 | INFO     | slp.plbind.module:log_to_console:484 - train_acc7      0.6408739686012268
2021-06-11 20:08:09.975 | INFO     | slp.plbind.module:log_to_console:484 - train_f1        0.8854857087135315
2021-06-11 20:08:09.976 | INFO     | slp.plbind.module:log_to_console:484 - train_f1_zero   0.84332275390625
2021-06-11 20:08:09.976 | INFO     | slp.plbind.module:log_to_console:484 - train_mae       0.4122200906276703
2021-06-11 20:08:09.977 | INFO     | slp.plbind.module:log_to_console:484 - train_loss      0.4122200906276703
2021-06-11 20:08:09.977 | INFO     | slp.util.system:print_separator:81 - %%%%%%%%%%%%%%%%%%%%%%%%%%%%%%%%%%%%%%%%%%%%%%%%%%
2021-06-11 20:08:11.887 | INFO     | slp.plbind.module:log_to_console:478 - Epoch 19 Validation results
2021-06-11 20:08:11.888 | INFO     | slp.util.system:print_separator:81 - --------------------------------------------------
2021-06-11 20:08:11.889 | INFO     | slp.plbind.module:log_to_console:484 - val_acc2        0.784658670425415
2021-06-11 20:08:11.890 | INFO     | slp.plbind.module:log_to_console:484 - val_acc2_zero   0.7480579614639282
2021-06-11 20:08:11.890 | INFO     | slp.plbind.module:log_to_console:484 - val_acc5        0.5065324902534485
2021-06-11 20:08:11.891 | INFO     | slp.plbind.module:log_to_console:484 - val_acc7        0.4895833432674408
2021-06-11 20:08:11.892 | INFO     | slp.plbind.module:log_to_console:484 - val_f1          0.7871679067611694
2021-06-11 20:08:11.893 | INFO     | slp.plbind.module:log_to_console:484 - val_f1_zero     0.7599422931671143
2021-06-11 20:08:11.893 | INFO     | slp.plbind.module:log_to_console:484 - val_mae         0.6352537274360657
2021-06-11 20:08:11.894 | INFO     | slp.plbind.module:log_to_console:484 - val_loss        0.6352537274360657
2021-06-11 20:08:11.895 | INFO     | slp.plbind.module:log_to_console:484 - best_score      0.5794287919998169
2021-06-11 20:08:11.896 | INFO     | slp.util.system:print_separator:81 - %%%%%%%%%%%%%%%%%%%%%%%%%%%%%%%%%%%%%%%%%%%%%%%%%%
2021-06-11 20:08:11.898 | INFO     | slp.plbind.helpers:_run_early_stopping_check:25 - Epoch 19 Early Stopping
2021-06-11 20:08:11.899 | INFO     | slp.util.system:print_separator:81 - --------------------------------------------------
2021-06-11 20:08:11.899 | INFO     | slp.plbind.helpers:_run_early_stopping_check:27 - best score      0.5794287919998169
2021-06-11 20:08:11.900 | INFO     | slp.plbind.helpers:_run_early_stopping_check:28 - patience left   7              
2021-06-11 20:08:11.901 | INFO     | slp.util.system:print_separator:81 - ##################################################
2021-06-11 20:08:45.823 | INFO     | slp.plbind.module:log_to_console:478 - Epoch 20 Training results
2021-06-11 20:08:45.824 | INFO     | slp.util.system:print_separator:81 - --------------------------------------------------
2021-06-11 20:08:45.825 | INFO     | slp.plbind.module:log_to_console:484 - train_acc2      0.8938341736793518
2021-06-11 20:08:45.825 | INFO     | slp.plbind.module:log_to_console:484 - train_acc2_zero 0.8385518789291382
2021-06-11 20:08:45.826 | INFO     | slp.plbind.module:log_to_console:484 - train_acc5      0.6796634793281555
2021-06-11 20:08:45.826 | INFO     | slp.plbind.module:log_to_console:484 - train_acc7      0.6553500890731812
2021-06-11 20:08:45.827 | INFO     | slp.plbind.module:log_to_console:484 - train_f1        0.89286869764328
2021-06-11 20:08:45.828 | INFO     | slp.plbind.module:log_to_console:484 - train_f1_zero   0.8432400822639465
2021-06-11 20:08:45.828 | INFO     | slp.plbind.module:log_to_console:484 - train_mae       0.3896438479423523
2021-06-11 20:08:45.829 | INFO     | slp.plbind.module:log_to_console:484 - train_loss      0.3896438479423523
2021-06-11 20:08:45.829 | INFO     | slp.util.system:print_separator:81 - %%%%%%%%%%%%%%%%%%%%%%%%%%%%%%%%%%%%%%%%%%%%%%%%%%
2021-06-11 20:08:47.431 | INFO     | slp.plbind.module:log_to_console:478 - Epoch 20 Validation results
2021-06-11 20:08:47.433 | INFO     | slp.util.system:print_separator:81 - --------------------------------------------------
2021-06-11 20:08:47.436 | INFO     | slp.plbind.module:log_to_console:484 - val_acc2        0.7894202470779419
2021-06-11 20:08:47.438 | INFO     | slp.plbind.module:log_to_console:484 - val_acc2_zero   0.7836158275604248
2021-06-11 20:08:47.440 | INFO     | slp.plbind.module:log_to_console:484 - val_acc5        0.5150777101516724
2021-06-11 20:08:47.441 | INFO     | slp.plbind.module:log_to_console:484 - val_acc7        0.5018361806869507
2021-06-11 20:08:47.443 | INFO     | slp.plbind.module:log_to_console:484 - val_f1          0.7873026132583618
2021-06-11 20:08:47.444 | INFO     | slp.plbind.module:log_to_console:484 - val_f1_zero     0.7875679731369019
2021-06-11 20:08:47.446 | INFO     | slp.plbind.module:log_to_console:484 - val_mae         0.6159592270851135
2021-06-11 20:08:47.447 | INFO     | slp.plbind.module:log_to_console:484 - val_loss        0.6159592270851135
2021-06-11 20:08:47.449 | INFO     | slp.plbind.module:log_to_console:484 - best_score      0.5794287919998169
2021-06-11 20:08:47.450 | INFO     | slp.util.system:print_separator:81 - %%%%%%%%%%%%%%%%%%%%%%%%%%%%%%%%%%%%%%%%%%%%%%%%%%
2021-06-11 20:08:47.453 | INFO     | slp.plbind.helpers:_run_early_stopping_check:25 - Epoch 20 Early Stopping
2021-06-11 20:08:47.454 | INFO     | slp.util.system:print_separator:81 - --------------------------------------------------
2021-06-11 20:08:47.456 | INFO     | slp.plbind.helpers:_run_early_stopping_check:27 - best score      0.5794287919998169
2021-06-11 20:08:47.457 | INFO     | slp.plbind.helpers:_run_early_stopping_check:28 - patience left   6              
2021-06-11 20:08:47.458 | INFO     | slp.util.system:print_separator:81 - ##################################################
2021-06-11 20:09:21.140 | INFO     | slp.plbind.module:log_to_console:478 - Epoch 21 Training results
2021-06-11 20:09:21.141 | INFO     | slp.util.system:print_separator:81 - --------------------------------------------------
2021-06-11 20:09:21.141 | INFO     | slp.plbind.module:log_to_console:484 - train_acc2      0.8977693319320679
2021-06-11 20:09:21.142 | INFO     | slp.plbind.module:log_to_console:484 - train_acc2_zero 0.8413300514221191
2021-06-11 20:09:21.142 | INFO     | slp.plbind.module:log_to_console:484 - train_acc5      0.6907674074172974
2021-06-11 20:09:21.143 | INFO     | slp.plbind.module:log_to_console:484 - train_acc7      0.6682013869285583
2021-06-11 20:09:21.143 | INFO     | slp.plbind.module:log_to_console:484 - train_f1        0.8970040678977966
2021-06-11 20:09:21.144 | INFO     | slp.plbind.module:log_to_console:484 - train_f1_zero   0.8462079167366028
2021-06-11 20:09:21.144 | INFO     | slp.plbind.module:log_to_console:484 - train_mae       0.37962958216667175
2021-06-11 20:09:21.144 | INFO     | slp.plbind.module:log_to_console:484 - train_loss      0.37962958216667175
2021-06-11 20:09:21.145 | INFO     | slp.util.system:print_separator:81 - %%%%%%%%%%%%%%%%%%%%%%%%%%%%%%%%%%%%%%%%%%%%%%%%%%
2021-06-11 20:09:23.093 | INFO     | slp.plbind.module:log_to_console:478 - Epoch 21 Validation results
2021-06-11 20:09:23.096 | INFO     | slp.util.system:print_separator:81 - --------------------------------------------------
2021-06-11 20:09:23.098 | INFO     | slp.plbind.module:log_to_console:484 - val_acc2        0.78188157081604
2021-06-11 20:09:23.100 | INFO     | slp.plbind.module:log_to_console:484 - val_acc2_zero   0.766525387763977
2021-06-11 20:09:23.102 | INFO     | slp.plbind.module:log_to_console:484 - val_acc5        0.5203742980957031
2021-06-11 20:09:23.104 | INFO     | slp.plbind.module:log_to_console:484 - val_acc7        0.5076624155044556
2021-06-11 20:09:23.105 | INFO     | slp.plbind.module:log_to_console:484 - val_f1          0.7864733934402466
2021-06-11 20:09:23.107 | INFO     | slp.plbind.module:log_to_console:484 - val_f1_zero     0.7785446643829346
2021-06-11 20:09:23.108 | INFO     | slp.plbind.module:log_to_console:484 - val_mae         0.6000176072120667
2021-06-11 20:09:23.110 | INFO     | slp.plbind.module:log_to_console:484 - val_loss        0.6000176072120667
2021-06-11 20:09:23.112 | INFO     | slp.plbind.module:log_to_console:484 - best_score      0.5794287919998169
2021-06-11 20:09:23.113 | INFO     | slp.util.system:print_separator:81 - %%%%%%%%%%%%%%%%%%%%%%%%%%%%%%%%%%%%%%%%%%%%%%%%%%
2021-06-11 20:09:23.116 | INFO     | slp.plbind.helpers:_run_early_stopping_check:25 - Epoch 21 Early Stopping
2021-06-11 20:09:23.118 | INFO     | slp.util.system:print_separator:81 - --------------------------------------------------
2021-06-11 20:09:23.120 | INFO     | slp.plbind.helpers:_run_early_stopping_check:27 - best score      0.5794287919998169
2021-06-11 20:09:23.122 | INFO     | slp.plbind.helpers:_run_early_stopping_check:28 - patience left   5              
2021-06-11 20:09:23.124 | INFO     | slp.util.system:print_separator:81 - ##################################################
2021-06-11 20:09:57.292 | INFO     | slp.plbind.module:log_to_console:478 - Epoch 22 Training results
2021-06-11 20:09:57.293 | INFO     | slp.util.system:print_separator:81 - --------------------------------------------------
2021-06-11 20:09:57.294 | INFO     | slp.plbind.module:log_to_console:484 - train_acc2      0.9013617038726807
2021-06-11 20:09:57.294 | INFO     | slp.plbind.module:log_to_console:484 - train_acc2_zero 0.8442305326461792
2021-06-11 20:09:57.295 | INFO     | slp.plbind.module:log_to_console:484 - train_acc5      0.6916584968566895
2021-06-11 20:09:57.296 | INFO     | slp.plbind.module:log_to_console:484 - train_acc7      0.667930543422699
2021-06-11 20:09:57.296 | INFO     | slp.plbind.module:log_to_console:484 - train_f1        0.9007906317710876
2021-06-11 20:09:57.297 | INFO     | slp.plbind.module:log_to_console:484 - train_f1_zero   0.8493157625198364
2021-06-11 20:09:57.297 | INFO     | slp.plbind.module:log_to_console:484 - train_mae       0.3732670843601227
2021-06-11 20:09:57.298 | INFO     | slp.plbind.module:log_to_console:484 - train_loss      0.3732670843601227
2021-06-11 20:09:57.298 | INFO     | slp.util.system:print_separator:81 - %%%%%%%%%%%%%%%%%%%%%%%%%%%%%%%%%%%%%%%%%%%%%%%%%%
2021-06-11 20:09:59.187 | INFO     | slp.plbind.module:log_to_console:478 - Epoch 22 Validation results
2021-06-11 20:09:59.189 | INFO     | slp.util.system:print_separator:81 - --------------------------------------------------
2021-06-11 20:09:59.192 | INFO     | slp.plbind.module:log_to_console:484 - val_acc2        0.782810389995575
2021-06-11 20:09:59.194 | INFO     | slp.plbind.module:log_to_console:484 - val_acc2_zero   0.776129961013794
2021-06-11 20:09:59.196 | INFO     | slp.plbind.module:log_to_console:484 - val_acc5        0.5066031217575073
2021-06-11 20:09:59.198 | INFO     | slp.plbind.module:log_to_console:484 - val_acc7        0.49283191561698914
2021-06-11 20:09:59.200 | INFO     | slp.plbind.module:log_to_console:484 - val_f1          0.784850537776947
2021-06-11 20:09:59.201 | INFO     | slp.plbind.module:log_to_console:484 - val_f1_zero     0.7848947644233704
2021-06-11 20:09:59.203 | INFO     | slp.plbind.module:log_to_console:484 - val_mae         0.6198316812515259
2021-06-11 20:09:59.205 | INFO     | slp.plbind.module:log_to_console:484 - val_loss        0.6198316812515259
2021-06-11 20:09:59.207 | INFO     | slp.plbind.module:log_to_console:484 - best_score      0.5794287919998169
2021-06-11 20:09:59.208 | INFO     | slp.util.system:print_separator:81 - %%%%%%%%%%%%%%%%%%%%%%%%%%%%%%%%%%%%%%%%%%%%%%%%%%
2021-06-11 20:09:59.211 | INFO     | slp.plbind.helpers:_run_early_stopping_check:25 - Epoch 22 Early Stopping
2021-06-11 20:09:59.213 | INFO     | slp.util.system:print_separator:81 - --------------------------------------------------
2021-06-11 20:09:59.214 | INFO     | slp.plbind.helpers:_run_early_stopping_check:27 - best score      0.5794287919998169
2021-06-11 20:09:59.215 | INFO     | slp.plbind.helpers:_run_early_stopping_check:28 - patience left   4              
2021-06-11 20:09:59.216 | INFO     | slp.util.system:print_separator:81 - ##################################################
2021-06-11 20:10:33.571 | INFO     | slp.plbind.module:log_to_console:478 - Epoch 23 Training results
2021-06-11 20:10:33.572 | INFO     | slp.util.system:print_separator:81 - --------------------------------------------------
2021-06-11 20:10:33.573 | INFO     | slp.plbind.module:log_to_console:484 - train_acc2      0.9015660881996155
2021-06-11 20:10:33.573 | INFO     | slp.plbind.module:log_to_console:484 - train_acc2_zero 0.8445100784301758
2021-06-11 20:10:33.574 | INFO     | slp.plbind.module:log_to_console:484 - train_acc5      0.7039680480957031
2021-06-11 20:10:33.575 | INFO     | slp.plbind.module:log_to_console:484 - train_acc7      0.6788334846496582
2021-06-11 20:10:33.575 | INFO     | slp.plbind.module:log_to_console:484 - train_f1        0.9009608030319214
2021-06-11 20:10:33.576 | INFO     | slp.plbind.module:log_to_console:484 - train_f1_zero   0.8495526313781738
2021-06-11 20:10:33.576 | INFO     | slp.plbind.module:log_to_console:484 - train_mae       0.3676256537437439
2021-06-11 20:10:33.577 | INFO     | slp.plbind.module:log_to_console:484 - train_loss      0.3676256537437439
2021-06-11 20:10:33.577 | INFO     | slp.util.system:print_separator:81 - %%%%%%%%%%%%%%%%%%%%%%%%%%%%%%%%%%%%%%%%%%%%%%%%%%
2021-06-11 20:10:35.558 | INFO     | slp.plbind.module:log_to_console:478 - Epoch 23 Validation results
2021-06-11 20:10:35.559 | INFO     | slp.util.system:print_separator:81 - --------------------------------------------------
2021-06-11 20:10:35.560 | INFO     | slp.plbind.module:log_to_console:484 - val_acc2        0.7768839001655579
2021-06-11 20:10:35.561 | INFO     | slp.plbind.module:log_to_console:484 - val_acc2_zero   0.7517655491828918
2021-06-11 20:10:35.561 | INFO     | slp.plbind.module:log_to_console:484 - val_acc5        0.5214335918426514
2021-06-11 20:10:35.562 | INFO     | slp.plbind.module:log_to_console:484 - val_acc7        0.5108404159545898
2021-06-11 20:10:35.563 | INFO     | slp.plbind.module:log_to_console:484 - val_f1          0.78078693151474
2021-06-11 20:10:35.564 | INFO     | slp.plbind.module:log_to_console:484 - val_f1_zero     0.7646155953407288
2021-06-11 20:10:35.565 | INFO     | slp.plbind.module:log_to_console:484 - val_mae         0.5891697406768799
2021-06-11 20:10:35.565 | INFO     | slp.plbind.module:log_to_console:484 - val_loss        0.5891697406768799
2021-06-11 20:10:35.566 | INFO     | slp.plbind.module:log_to_console:484 - best_score      0.5794287919998169
2021-06-11 20:10:35.571 | INFO     | slp.util.system:print_separator:81 - %%%%%%%%%%%%%%%%%%%%%%%%%%%%%%%%%%%%%%%%%%%%%%%%%%
2021-06-11 20:10:35.576 | INFO     | slp.plbind.helpers:_run_early_stopping_check:25 - Epoch 23 Early Stopping
2021-06-11 20:10:35.578 | INFO     | slp.util.system:print_separator:81 - --------------------------------------------------
2021-06-11 20:10:35.579 | INFO     | slp.plbind.helpers:_run_early_stopping_check:27 - best score      0.5794287919998169
2021-06-11 20:10:35.581 | INFO     | slp.plbind.helpers:_run_early_stopping_check:28 - patience left   3              
2021-06-11 20:10:35.582 | INFO     | slp.util.system:print_separator:81 - ##################################################
2021-06-11 20:11:10.327 | INFO     | slp.plbind.module:log_to_console:478 - Epoch 24 Training results
2021-06-11 20:11:10.327 | INFO     | slp.util.system:print_separator:81 - --------------------------------------------------
2021-06-11 20:11:10.328 | INFO     | slp.plbind.module:log_to_console:484 - train_acc2      0.8999199271202087
2021-06-11 20:11:10.329 | INFO     | slp.plbind.module:log_to_console:484 - train_acc2_zero 0.8414785265922546
2021-06-11 20:11:10.330 | INFO     | slp.plbind.module:log_to_console:484 - train_acc5      0.7046145796775818
2021-06-11 20:11:10.331 | INFO     | slp.plbind.module:log_to_console:484 - train_acc7      0.6803973317146301
2021-06-11 20:11:10.331 | INFO     | slp.plbind.module:log_to_console:484 - train_f1        0.8994026184082031
2021-06-11 20:11:10.332 | INFO     | slp.plbind.module:log_to_console:484 - train_f1_zero   0.8464342951774597
2021-06-11 20:11:10.332 | INFO     | slp.plbind.module:log_to_console:484 - train_mae       0.3634087145328522
2021-06-11 20:11:10.333 | INFO     | slp.plbind.module:log_to_console:484 - train_loss      0.3634087145328522
2021-06-11 20:11:10.333 | INFO     | slp.util.system:print_separator:81 - %%%%%%%%%%%%%%%%%%%%%%%%%%%%%%%%%%%%%%%%%%%%%%%%%%
2021-06-11 20:11:12.268 | INFO     | slp.plbind.module:log_to_console:478 - Epoch 24 Validation results
2021-06-11 20:11:12.269 | INFO     | slp.util.system:print_separator:81 - --------------------------------------------------
2021-06-11 20:11:12.270 | INFO     | slp.plbind.module:log_to_console:484 - val_acc2        0.7840972542762756
2021-06-11 20:11:12.270 | INFO     | slp.plbind.module:log_to_console:484 - val_acc2_zero   0.7538841962814331
2021-06-11 20:11:12.271 | INFO     | slp.plbind.module:log_to_console:484 - val_acc5        0.5039548277854919
2021-06-11 20:11:12.272 | INFO     | slp.plbind.module:log_to_console:484 - val_acc7        0.4917725920677185
2021-06-11 20:11:12.273 | INFO     | slp.plbind.module:log_to_console:484 - val_f1          0.7876357436180115
2021-06-11 20:11:12.274 | INFO     | slp.plbind.module:log_to_console:484 - val_f1_zero     0.7662951350212097
2021-06-11 20:11:12.274 | INFO     | slp.plbind.module:log_to_console:484 - val_mae         0.6101996302604675
2021-06-11 20:11:12.275 | INFO     | slp.plbind.module:log_to_console:484 - val_loss        0.6101996302604675
2021-06-11 20:11:12.276 | INFO     | slp.plbind.module:log_to_console:484 - best_score      0.5794287919998169
2021-06-11 20:11:12.276 | INFO     | slp.util.system:print_separator:81 - %%%%%%%%%%%%%%%%%%%%%%%%%%%%%%%%%%%%%%%%%%%%%%%%%%
2021-06-11 20:11:12.278 | INFO     | slp.plbind.helpers:_run_early_stopping_check:25 - Epoch 24 Early Stopping
2021-06-11 20:11:12.279 | INFO     | slp.util.system:print_separator:81 - --------------------------------------------------
2021-06-11 20:11:12.280 | INFO     | slp.plbind.helpers:_run_early_stopping_check:27 - best score      0.5794287919998169
2021-06-11 20:11:12.281 | INFO     | slp.plbind.helpers:_run_early_stopping_check:28 - patience left   2              
2021-06-11 20:11:12.281 | INFO     | slp.util.system:print_separator:81 - ##################################################
2021-06-11 20:11:46.135 | INFO     | slp.plbind.module:log_to_console:478 - Epoch 25 Training results
2021-06-11 20:11:46.136 | INFO     | slp.util.system:print_separator:81 - --------------------------------------------------
2021-06-11 20:11:46.136 | INFO     | slp.plbind.module:log_to_console:484 - train_acc2      0.9078487157821655
2021-06-11 20:11:46.137 | INFO     | slp.plbind.module:log_to_console:484 - train_acc2_zero 0.8488782644271851
2021-06-11 20:11:46.137 | INFO     | slp.plbind.module:log_to_console:484 - train_acc5      0.719745934009552
2021-06-11 20:11:46.138 | INFO     | slp.plbind.module:log_to_console:484 - train_acc7      0.6968129277229309
2021-06-11 20:11:46.138 | INFO     | slp.plbind.module:log_to_console:484 - train_f1        0.9070884585380554
2021-06-11 20:11:46.139 | INFO     | slp.plbind.module:log_to_console:484 - train_f1_zero   0.8536496758460999
2021-06-11 20:11:46.139 | INFO     | slp.plbind.module:log_to_console:484 - train_mae       0.34656551480293274
2021-06-11 20:11:46.140 | INFO     | slp.plbind.module:log_to_console:484 - train_loss      0.34656551480293274
2021-06-11 20:11:46.140 | INFO     | slp.util.system:print_separator:81 - %%%%%%%%%%%%%%%%%%%%%%%%%%%%%%%%%%%%%%%%%%%%%%%%%%
2021-06-11 20:11:48.076 | INFO     | slp.plbind.module:log_to_console:478 - Epoch 25 Validation results
2021-06-11 20:11:48.077 | INFO     | slp.util.system:print_separator:81 - --------------------------------------------------
2021-06-11 20:11:48.078 | INFO     | slp.plbind.module:log_to_console:484 - val_acc2        0.78242027759552
2021-06-11 20:11:48.078 | INFO     | slp.plbind.module:log_to_console:484 - val_acc2_zero   0.7681850790977478
2021-06-11 20:11:48.079 | INFO     | slp.plbind.module:log_to_console:484 - val_acc5        0.518785297870636
2021-06-11 20:11:48.080 | INFO     | slp.plbind.module:log_to_console:484 - val_acc7        0.5076624155044556
2021-06-11 20:11:48.080 | INFO     | slp.plbind.module:log_to_console:484 - val_f1          0.7829286456108093
2021-06-11 20:11:48.081 | INFO     | slp.plbind.module:log_to_console:484 - val_f1_zero     0.777366578578949
2021-06-11 20:11:48.082 | INFO     | slp.plbind.module:log_to_console:484 - val_mae         0.6033075451850891
2021-06-11 20:11:48.083 | INFO     | slp.plbind.module:log_to_console:484 - val_loss        0.6033075451850891
2021-06-11 20:11:48.083 | INFO     | slp.plbind.module:log_to_console:484 - best_score      0.5794287919998169
2021-06-11 20:11:48.084 | INFO     | slp.util.system:print_separator:81 - %%%%%%%%%%%%%%%%%%%%%%%%%%%%%%%%%%%%%%%%%%%%%%%%%%
2021-06-11 20:11:48.087 | INFO     | slp.plbind.helpers:_run_early_stopping_check:25 - Epoch 25 Early Stopping
2021-06-11 20:11:48.088 | INFO     | slp.util.system:print_separator:81 - --------------------------------------------------
2021-06-11 20:11:48.089 | INFO     | slp.plbind.helpers:_run_early_stopping_check:27 - best score      0.5794287919998169
2021-06-11 20:11:48.089 | INFO     | slp.plbind.helpers:_run_early_stopping_check:28 - patience left   1              
2021-06-11 20:11:48.090 | INFO     | slp.util.system:print_separator:81 - ##################################################
2021-06-11 20:12:21.958 | INFO     | slp.plbind.module:log_to_console:478 - Epoch 26 Training results
2021-06-11 20:12:21.959 | INFO     | slp.util.system:print_separator:81 - --------------------------------------------------
2021-06-11 20:12:21.959 | INFO     | slp.plbind.module:log_to_console:484 - train_acc2      0.9068968892097473
2021-06-11 20:12:21.960 | INFO     | slp.plbind.module:log_to_console:484 - train_acc2_zero 0.8475677967071533
2021-06-11 20:12:21.960 | INFO     | slp.plbind.module:log_to_console:484 - train_acc5      0.7246994376182556
2021-06-11 20:12:21.961 | INFO     | slp.plbind.module:log_to_console:484 - train_acc7      0.7021333575248718
2021-06-11 20:12:21.961 | INFO     | slp.plbind.module:log_to_console:484 - train_f1        0.9063666462898254
2021-06-11 20:12:21.962 | INFO     | slp.plbind.module:log_to_console:484 - train_f1_zero   0.852441668510437
2021-06-11 20:12:21.963 | INFO     | slp.plbind.module:log_to_console:484 - train_mae       0.3407764732837677
2021-06-11 20:12:21.963 | INFO     | slp.plbind.module:log_to_console:484 - train_loss      0.3407764732837677
2021-06-11 20:12:21.964 | INFO     | slp.util.system:print_separator:81 - %%%%%%%%%%%%%%%%%%%%%%%%%%%%%%%%%%%%%%%%%%%%%%%%%%
2021-06-11 20:12:23.860 | INFO     | slp.plbind.module:log_to_console:478 - Epoch 26 Validation results
2021-06-11 20:12:23.862 | INFO     | slp.util.system:print_separator:81 - --------------------------------------------------
2021-06-11 20:12:23.863 | INFO     | slp.plbind.module:log_to_console:484 - val_acc2        0.7850747108459473
2021-06-11 20:12:23.864 | INFO     | slp.plbind.module:log_to_console:484 - val_acc2_zero   0.7569915056228638
2021-06-11 20:12:23.865 | INFO     | slp.plbind.module:log_to_console:484 - val_acc5        0.511829137802124
2021-06-11 20:12:23.866 | INFO     | slp.plbind.module:log_to_console:484 - val_acc7        0.49911725521087646
2021-06-11 20:12:23.867 | INFO     | slp.plbind.module:log_to_console:484 - val_f1          0.787492573261261
2021-06-11 20:12:23.868 | INFO     | slp.plbind.module:log_to_console:484 - val_f1_zero     0.768452525138855
2021-06-11 20:12:23.869 | INFO     | slp.plbind.module:log_to_console:484 - val_mae         0.608772337436676
2021-06-11 20:12:23.870 | INFO     | slp.plbind.module:log_to_console:484 - val_loss        0.608772337436676
2021-06-11 20:12:23.871 | INFO     | slp.plbind.module:log_to_console:484 - best_score      0.5794287919998169
2021-06-11 20:12:23.872 | INFO     | slp.util.system:print_separator:81 - %%%%%%%%%%%%%%%%%%%%%%%%%%%%%%%%%%%%%%%%%%%%%%%%%%
2021-06-11 20:12:23.875 | INFO     | slp.plbind.helpers:_run_early_stopping_check:25 - Epoch 26 Early Stopping
2021-06-11 20:12:23.875 | INFO     | slp.util.system:print_separator:81 - --------------------------------------------------
2021-06-11 20:12:23.876 | INFO     | slp.plbind.helpers:_run_early_stopping_check:27 - best score      0.5794287919998169
2021-06-11 20:12:23.877 | INFO     | slp.plbind.helpers:_run_early_stopping_check:28 - patience left   0              
2021-06-11 20:12:23.878 | INFO     | slp.plbind.helpers:_run_early_stopping_check:33 - Stopping due to early stopping
2021-06-11 20:12:23.879 | INFO     | slp.util.system:print_separator:81 - ##################################################
2021-06-11 20:12:24.059 | INFO     | pytorch_lightning.profiler.profilers:describe:96 - 

Profiler Report

Action                             	|  Mean duration (s)	|Num calls      	|  Total time (s) 	|  Percentage %   	|
------------------------------------------------------------------------------------------------------------------------------------
Total                              	|  -              	|_              	|  938.44         	|  100 %          	|
------------------------------------------------------------------------------------------------------------------------------------
run_training_epoch                 	|  35.947         	|26             	|  934.63         	|  99.594         	|
run_training_batch                 	|  0.064011       	|13286          	|  850.45         	|  90.623         	|
optimizer_step_and_closure_0       	|  0.061558       	|13286          	|  817.86         	|  87.151         	|
training_step_and_backward         	|  0.051477       	|13286          	|  683.92         	|  72.878         	|
model_forward                      	|  0.029595       	|13286          	|  393.21         	|  41.9           	|
training_step                      	|  0.029356       	|13286          	|  390.02         	|  41.56          	|
model_backward                     	|  0.021622       	|13286          	|  287.28         	|  30.612         	|
evaluation_step_and_end            	|  0.027164       	|1536           	|  41.724         	|  4.4461         	|
validation_step                    	|  0.027014       	|1536           	|  41.494         	|  4.4216         	|
get_train_batch                    	|  0.00047955     	|13286          	|  6.3713         	|  0.67893        	|
on_train_batch_end                 	|  0.00014574     	|13286          	|  1.9363         	|  0.20633        	|
on_train_batch_start               	|  0.00013258     	|13286          	|  1.7614         	|  0.1877         	|
cache_result                       	|  1.8556e-05     	|71333          	|  1.3237         	|  0.14105        	|
on_validation_end                  	|  0.026639       	|27             	|  0.71925        	|  0.076644       	|
on_after_backward                  	|  3.3052e-05     	|13286          	|  0.43912        	|  0.046793       	|
on_before_zero_grad                	|  2.8165e-05     	|13286          	|  0.3742         	|  0.039874       	|
on_batch_start                     	|  2.6297e-05     	|13286          	|  0.34938        	|  0.03723        	|
on_batch_end                       	|  1.8744e-05     	|13286          	|  0.24903        	|  0.026537       	|
on_validation_batch_end            	|  9.1396e-05     	|1536           	|  0.14038        	|  0.014959       	|
training_step_end                  	|  9.3743e-06     	|13286          	|  0.12455        	|  0.013272       	|
on_train_end                       	|  0.089789       	|1              	|  0.089789       	|  0.0095679      	|
on_epoch_start                     	|  0.00088431     	|26             	|  0.022992       	|  0.00245        	|
on_validation_batch_start          	|  1.4903e-05     	|1536           	|  0.022891       	|  0.0024393      	|
validation_step_end                	|  1.0221e-05     	|1536           	|  0.015699       	|  0.0016729      	|
on_validation_start                	|  0.00057265     	|27             	|  0.015462       	|  0.0016476      	|
on_train_start                     	|  0.0024252      	|1              	|  0.0024252      	|  0.00025843     	|
on_epoch_end                       	|  1.3117e-05     	|53             	|  0.00069518     	|  7.4079e-05     	|
on_validation_epoch_end            	|  2.4411e-05     	|27             	|  0.0006591      	|  7.0234e-05     	|
on_train_epoch_end                 	|  2.4546e-05     	|26             	|  0.00063819     	|  6.8006e-05     	|
on_validation_epoch_start          	|  1.7532e-05     	|27             	|  0.00047335     	|  5.0441e-05     	|
on_train_epoch_start               	|  1.599e-05      	|26             	|  0.00041573     	|  4.43e-05       	|
on_fit_start                       	|  2.1743e-05     	|1              	|  2.1743e-05     	|  2.3169e-06     	|
on_before_accelerator_backend_setup	|  2.0292e-05     	|1              	|  2.0292e-05     	|  2.1623e-06     	|

